<!DOCTYPE html>
<html>
  <head>
    <meta charset="utf-8"/>
    <title id="head-title">edge_report_2026_02_23.html</title>
      <style type="text/css">body {
  font-family: Helvetica, Arial, sans-serif;
  font-size: 12px;
  /* do not increase min-width as some may use split screens */
  min-width: 800px;
  color: #999;
}

h1 {
  font-size: 24px;
  color: black;
}

h2 {
  font-size: 16px;
  color: black;
}

p {
  color: black;
}

a {
  color: #999;
}

table {
  border-collapse: collapse;
}

/******************************
 * SUMMARY INFORMATION
 ******************************/
#environment td {
  padding: 5px;
  border: 1px solid #e6e6e6;
  vertical-align: top;
}
#environment tr:nth-child(odd) {
  background-color: #f6f6f6;
}
#environment ul {
  margin: 0;
  padding: 0 20px;
}

/******************************
 * TEST RESULT COLORS
 ******************************/
span.passed,
.passed .col-result {
  color: green;
}

span.skipped,
span.xfailed,
span.rerun,
.skipped .col-result,
.xfailed .col-result,
.rerun .col-result {
  color: orange;
}

span.error,
span.failed,
span.xpassed,
.error .col-result,
.failed .col-result,
.xpassed .col-result {
  color: red;
}

.col-links__extra {
  margin-right: 3px;
}

/******************************
 * RESULTS TABLE
 *
 * 1. Table Layout
 * 2. Extra
 * 3. Sorting items
 *
 ******************************/
/*------------------
 * 1. Table Layout
 *------------------*/
#results-table {
  border: 1px solid #e6e6e6;
  color: #999;
  font-size: 12px;
  width: 100%;
}
#results-table th,
#results-table td {
  padding: 5px;
  border: 1px solid #e6e6e6;
  text-align: left;
}
#results-table th {
  font-weight: bold;
}

/*------------------
 * 2. Extra
 *------------------*/
.logwrapper {
  max-height: 230px;
  overflow-y: scroll;
  background-color: #e6e6e6;
}
.logwrapper.expanded {
  max-height: none;
}
.logwrapper.expanded .logexpander:after {
  content: "collapse [-]";
}
.logwrapper .logexpander {
  z-index: 1;
  position: sticky;
  top: 10px;
  width: max-content;
  border: 1px solid;
  border-radius: 3px;
  padding: 5px 7px;
  margin: 10px 0 10px calc(100% - 80px);
  cursor: pointer;
  background-color: #e6e6e6;
}
.logwrapper .logexpander:after {
  content: "expand [+]";
}
.logwrapper .logexpander:hover {
  color: #000;
  border-color: #000;
}
.logwrapper .log {
  min-height: 40px;
  position: relative;
  top: -50px;
  height: calc(100% + 50px);
  border: 1px solid #e6e6e6;
  color: black;
  display: block;
  font-family: "Courier New", Courier, monospace;
  padding: 5px;
  padding-right: 80px;
  white-space: pre-wrap;
}

div.media {
  border: 1px solid #e6e6e6;
  float: right;
  height: 240px;
  margin: 0 5px;
  overflow: hidden;
  width: 320px;
}

.media-container {
  display: grid;
  grid-template-columns: 25px auto 25px;
  align-items: center;
  flex: 1 1;
  overflow: hidden;
  height: 200px;
}

.media-container--fullscreen {
  grid-template-columns: 0px auto 0px;
}

.media-container__nav--right,
.media-container__nav--left {
  text-align: center;
  cursor: pointer;
}

.media-container__viewport {
  cursor: pointer;
  text-align: center;
  height: inherit;
}
.media-container__viewport img,
.media-container__viewport video {
  object-fit: cover;
  width: 100%;
  max-height: 100%;
}

.media__name,
.media__counter {
  display: flex;
  flex-direction: row;
  justify-content: space-around;
  flex: 0 0 25px;
  align-items: center;
}

.collapsible td:not(.col-links) {
  cursor: pointer;
}
.collapsible td:not(.col-links):hover::after {
  color: #bbb;
  font-style: italic;
  cursor: pointer;
}

.col-result {
  width: 130px;
}
.col-result:hover::after {
  content: " (hide details)";
}

.col-result.collapsed:hover::after {
  content: " (show details)";
}

#environment-header h2:hover::after {
  content: " (hide details)";
  color: #bbb;
  font-style: italic;
  cursor: pointer;
  font-size: 12px;
}

#environment-header.collapsed h2:hover::after {
  content: " (show details)";
  color: #bbb;
  font-style: italic;
  cursor: pointer;
  font-size: 12px;
}

/*------------------
 * 3. Sorting items
 *------------------*/
.sortable {
  cursor: pointer;
}
.sortable.desc:after {
  content: " ";
  position: relative;
  left: 5px;
  bottom: -12.5px;
  border: 10px solid #4caf50;
  border-bottom: 0;
  border-left-color: transparent;
  border-right-color: transparent;
}
.sortable.asc:after {
  content: " ";
  position: relative;
  left: 5px;
  bottom: 12.5px;
  border: 10px solid #4caf50;
  border-top: 0;
  border-left-color: transparent;
  border-right-color: transparent;
}

.hidden, .summary__reload__button.hidden {
  display: none;
}

.summary__data {
  flex: 0 0 550px;
}
.summary__reload {
  flex: 1 1;
  display: flex;
  justify-content: center;
}
.summary__reload__button {
  flex: 0 0 300px;
  display: flex;
  color: white;
  font-weight: bold;
  background-color: #4caf50;
  text-align: center;
  justify-content: center;
  align-items: center;
  border-radius: 3px;
  cursor: pointer;
}
.summary__reload__button:hover {
  background-color: #46a049;
}
.summary__spacer {
  flex: 0 0 550px;
}

.controls {
  display: flex;
  justify-content: space-between;
}

.filters,
.collapse {
  display: flex;
  align-items: center;
}
.filters button,
.collapse button {
  color: #999;
  border: none;
  background: none;
  cursor: pointer;
  text-decoration: underline;
}
.filters button:hover,
.collapse button:hover {
  color: #ccc;
}

.filter__label {
  margin-right: 10px;
}

      </style>
    
  </head>
  <body>
    <h1 id="title">edge_report_2026_02_23.html</h1>
    <p>Report generated on 23-Feb-2026 at 11:03:54 by <a href="https://pypi.python.org/pypi/pytest-html">pytest-html</a>
        v4.2.0</p>
    <div id="environment-header">
      <h2>Environment</h2>
    </div>
    <table id="environment"></table>
    <!-- TEMPLATES -->
      <template id="template_environment_row">
      <tr>
        <td></td>
        <td></td>
      </tr>
    </template>
    <template id="template_results-table__body--empty">
      <tbody class="results-table-row">
        <tr id="not-found-message">
          <td colspan="4">No results found. Check the filters.</td>
        </tr>
      </tbody>
    </template>
    <template id="template_results-table__tbody">
      <tbody class="results-table-row">
        <tr class="collapsible">
        </tr>
        <tr class="extras-row">
          <td class="extra" colspan="4">
            <div class="extraHTML"></div>
            <div class="media">
              <div class="media-container">
                  <div class="media-container__nav--left">&lt;</div>
                  <div class="media-container__viewport">
                    <img src="" />
                    <video controls>
                      <source src="" type="video/mp4">
                    </video>
                  </div>
                  <div class="media-container__nav--right">&gt;</div>
                </div>
                <div class="media__name"></div>
                <div class="media__counter"></div>
            </div>
            <div class="logwrapper">
              <div class="logexpander"></div>
              <div class="log"></div>
            </div>
          </td>
        </tr>
      </tbody>
    </template>
    <!-- END TEMPLATES -->
    <div class="summary">
      <div class="summary__data">
        <h2>Summary</h2>
        <div class="additional-summary prefix">
        </div>
        <p class="run-count">22 tests took 00:08:48.</p>
        <p class="filter">(Un)check the boxes to filter the results.</p>
        <div class="summary__reload">
          <div class="summary__reload__button hidden" onclick="location.reload()">
            <div>There are still tests running. <br />Reload this page to get the latest results!</div>
          </div>
        </div>
        <div class="summary__spacer"></div>
        <div class="controls">
          <div class="filters">
            <input checked="true" class="filter" name="filter_checkbox" type="checkbox" data-test-result="failed" >
            <span class="failed">1 Failed,</span>
            <input checked="true" class="filter" name="filter_checkbox" type="checkbox" data-test-result="passed" >
            <span class="passed">21 Passed,</span>
            <input checked="true" class="filter" name="filter_checkbox" type="checkbox" data-test-result="skipped" disabled>
            <span class="skipped">0 Skipped,</span>
            <input checked="true" class="filter" name="filter_checkbox" type="checkbox" data-test-result="xfailed" disabled>
            <span class="xfailed">0 Expected failures,</span>
            <input checked="true" class="filter" name="filter_checkbox" type="checkbox" data-test-result="xpassed" disabled>
            <span class="xpassed">0 Unexpected passes,</span>
            <input checked="true" class="filter" name="filter_checkbox" type="checkbox" data-test-result="error" disabled>
            <span class="error">0 Errors,</span>
            <input checked="true" class="filter" name="filter_checkbox" type="checkbox" data-test-result="rerun" disabled>
            <span class="rerun">0 Reruns</span>
            <input checked="true" class="filter" name="filter_checkbox" type="checkbox" data-test-result="retried" disabled>
            <span class="retried">0 Retried,</span>
          </div>
          <div class="collapse">
            <button id="show_all_details">Show all details</button>&nbsp;/&nbsp;<button id="hide_all_details">Hide all details</button>
          </div>
        </div>
      </div>
      <div class="additional-summary summary">
      </div>
      <div class="additional-summary postfix">
      </div>
    </div>
    <table id="results-table">
      <thead id="results-table-head">
        <tr>
          <th class="sortable" data-column-type="result">Result</th>
          <th class="sortable" data-column-type="testId">Test</th>
          <th class="sortable" data-column-type="duration">Duration</th>
          <th>Links</th>
        </tr>
      </thead>
    </table>
  <footer>
    <div id="data-container" data-jsonblob="{&#34;environment&#34;: {&#34;Python&#34;: &#34;3.13.0&#34;, &#34;Platform&#34;: &#34;Windows-11-10.0.26100-SP0&#34;, &#34;Packages&#34;: {&#34;pytest&#34;: &#34;9.0.2&#34;, &#34;pluggy&#34;: &#34;1.6.0&#34;}, &#34;Plugins&#34;: {&#34;anyio&#34;: &#34;4.6.2.post1&#34;, &#34;html&#34;: &#34;4.2.0&#34;, &#34;metadata&#34;: &#34;3.1.1&#34;, &#34;order&#34;: &#34;1.3.0&#34;, &#34;xdist&#34;: &#34;3.8.0&#34;}}, &#34;tests&#34;: {&#34;tests/test_registration.py::test_user_registration[data0]&#34;: [{&#34;extras&#34;: [], &#34;result&#34;: &#34;Failed&#34;, &#34;testId&#34;: &#34;tests/test_registration.py::test_user_registration[data0]&#34;, &#34;duration&#34;: &#34;00:00:46&#34;, &#34;resultsTableRow&#34;: [&#34;&lt;td class=\&#34;col-result\&#34;&gt;Failed&lt;/td&gt;&#34;, &#34;&lt;td class=\&#34;col-testId\&#34;&gt;tests/test_registration.py::test_user_registration[data0]&lt;/td&gt;&#34;, &#34;&lt;td class=\&#34;col-duration\&#34;&gt;00:00:46&lt;/td&gt;&#34;, &#34;&lt;td class=\&#34;col-links\&#34;&gt;&lt;/td&gt;&#34;], &#34;log&#34;: &#34;setup = &amp;lt;selenium.webdriver.edge.webdriver.WebDriver (session=&amp;quot;3afafdd0777a6bf05ba0c180bff2d758&amp;quot;)&amp;gt;\ndata = {&amp;#x27;email&amp;#x27;: &amp;#x27;Neeraja43@gmail.com&amp;#x27;, &amp;#x27;password&amp;#x27;: &amp;#x27;Neeraja123@AP&amp;#x27;}\n\n    @pytest.mark.order(1)\n    @pytest.mark.parametrize(&amp;quot;data&amp;quot;, registration_test_data)\n    def test_user_registration(setup,data):\n        logger.info(&amp;quot;========== STARTING USER REGISTRATION TEST ==========&amp;quot;)\n        driver = setup\n        registration = RegistrationPage(driver)\n    \n        # Step 1: Click Sign In\n        logger.info(&amp;quot;Clicking on Sign Up / My Account link&amp;quot;)\n        registration.click_sign_up()\n        logger.info(&amp;quot;Verifying registration page is loaded&amp;quot;)\n        assert registration.is_registration_page_loaded(), &amp;quot;Registration page did not load&amp;quot;\n        # Step 2: Enter Email OR Username\n        logger.info(f&amp;quot;Entering email: {data[&amp;#x27;email&amp;#x27;]}&amp;quot;)\n        registration.enter_email(data[&amp;quot;email&amp;quot;])\n        email_value = driver.find_element(*registration.email_input).get_attribute(&amp;quot;value&amp;quot;)\n        assert email_value == data[&amp;quot;email&amp;quot;], f&amp;quot;Email input failed. Expected &amp;#x27;{data[&amp;#x27;email&amp;#x27;]}&amp;#x27;, got &amp;#x27;{email_value}&amp;#x27;&amp;quot;\n        logger.info(&amp;quot;Entering password&amp;quot;)\n&amp;gt;       registration.enter_password(data[&amp;quot;password&amp;quot;])\n\ntest_registration.py:52: \n_ _ _ _ _ _ _ _ _ _ _ _ _ _ _ _ _ _ _ _ _ _ _ _ _ _ _ _ _ _ _ _ _ _ _ _ _ _ _ _ _ _ _ _ _ _ _ _ _ _ _ _ _ _ _ _ _ _ _ _\n..\\pages\\Registration.py:46: in enter_password\n    self.wait.until(\n_ _ _ _ _ _ _ _ _ _ _ _ _ _ _ _ _ _ _ _ _ _ _ _ _ _ _ _ _ _ _ _ _ _ _ _ _ _ _ _ _ _ _ _ _ _ _ _ _ _ _ _ _ _ _ _ _ _ _ _\n\nself = &amp;lt;selenium.webdriver.support.wait.WebDriverWait (session=&amp;quot;3afafdd0777a6bf05ba0c180bff2d758&amp;quot;)&amp;gt;\nmethod = &amp;lt;function RegistrationPage.enter_password.&amp;lt;locals&amp;gt;.&amp;lt;lambda&amp;gt; at 0x0000025F22931080&amp;gt;, message = &amp;#x27;&amp;#x27;\n\n    def until(self, method: Callable[[D], Literal[False] | T], message: str = &amp;quot;&amp;quot;) -&amp;gt; T:\n        &amp;quot;&amp;quot;&amp;quot;Wait until the method returns a value that is not False.\n    \n        Calls the method provided with the driver as an argument until the\n        return value does not evaluate to ``False``.\n    \n        Args:\n            method: A callable object that takes a WebDriver instance as an\n                argument.\n            message: Optional message for TimeoutException.\n    \n        Returns:\n            The result of the last call to `method`.\n    \n        Raises:\n            TimeoutException: If &amp;#x27;method&amp;#x27; does not return a truthy value within\n                the WebDriverWait object&amp;#x27;s timeout.\n    \n        Example:\n            &amp;gt;&amp;gt;&amp;gt; from selenium.webdriver.common.by import By\n            &amp;gt;&amp;gt;&amp;gt; from selenium.webdriver.support.ui import WebDriverWait\n            &amp;gt;&amp;gt;&amp;gt; from selenium.webdriver.support import expected_conditions as EC\n            &amp;gt;&amp;gt;&amp;gt;\n            &amp;gt;&amp;gt;&amp;gt; # Wait until an element is visible on the page\n            &amp;gt;&amp;gt;&amp;gt; wait = WebDriverWait(driver, 10)\n            &amp;gt;&amp;gt;&amp;gt; element = wait.until(EC.visibility_of_element_located((By.ID, &amp;quot;exampleId&amp;quot;)))\n            &amp;gt;&amp;gt;&amp;gt; print(element.text)\n        &amp;quot;&amp;quot;&amp;quot;\n        screen = None\n        stacktrace = None\n    \n        end_time = time.monotonic() + self._timeout\n        while True:\n            try:\n                value = method(self._driver)\n                if value:\n                    return value\n            except self._ignored_exceptions as exc:\n                screen = getattr(exc, &amp;quot;screen&amp;quot;, None)\n                stacktrace = getattr(exc, &amp;quot;stacktrace&amp;quot;, None)\n            if time.monotonic() &amp;gt; end_time:\n                break\n            time.sleep(self._poll)\n&amp;gt;       raise TimeoutException(message, screen, stacktrace)\nE       selenium.common.exceptions.TimeoutException: Message:\n\n..\\..\\..\\..\\AppData\\Local\\Programs\\Python\\Python313\\Lib\\site-packages\\selenium\\webdriver\\support\\wait.py:121: TimeoutException\n\n---------------------------- Captured stderr setup -----------------------------\n2026-02-23 10:55:06,571 - INFO - ------ Test Started: test_user_registration[data0] ------\n2026-02-23 10:55:06,574 - INFO - Browser Setup Started: edge\n\n------------------------------ Captured log setup ------------------------------\nINFO     root:conftest.py:34 Browser Setup Started: edge\n\n----------------------------- Captured stderr call -----------------------------\n2026-02-23 10:55:36,867 - INFO - ========== STARTING USER REGISTRATION TEST ==========\n2026-02-23 10:55:36,867 - INFO - Clicking on Sign Up / My Account link\n2026-02-23 10:55:40,061 - INFO - Verifying registration page is loaded\n2026-02-23 10:55:40,092 - INFO - Entering email: Neeraja43@gmail.com\n2026-02-23 10:55:40,262 - INFO - Entering password\n\n------------------------------ Captured log call -------------------------------\nINFO     root:test_registration.py:37 ========== STARTING USER REGISTRATION TEST ==========\nINFO     root:test_registration.py:42 Clicking on Sign Up / My Account link\nINFO     root:test_registration.py:44 Verifying registration page is loaded\nINFO     root:test_registration.py:47 Entering email: Neeraja43@gmail.com\nINFO     root:test_registration.py:51 Entering password\n\n--------------------------- Captured stderr teardown ---------------------------\n2026-02-23 10:55:50,897 - ERROR - Test Failed: test_user_registration[data0]\n2026-02-23 10:55:50,898 - ERROR - Screenshot saved at: C:\\Users\\Neeraja\\Desktop\\Wipro_Practice\\Capstone_Project\\tests\\screenshots\\test_user_registration[data0]_20260223_105550.png\n2026-02-23 10:55:50,899 - INFO - Browser Teardown Started\n2026-02-23 10:55:53,244 - INFO - Browser Closed Successfully\n\n\n---------------------------- Captured log teardown -----------------------------\nINFO     root:conftest.py:43 Browser Teardown Started\nINFO     root:conftest.py:45 Browser Closed Successfully&#34;}], &#34;tests/test_login_page.py::test_login[data0]&#34;: [{&#34;extras&#34;: [], &#34;result&#34;: &#34;Passed&#34;, &#34;testId&#34;: &#34;tests/test_login_page.py::test_login[data0]&#34;, &#34;duration&#34;: &#34;00:00:17&#34;, &#34;resultsTableRow&#34;: [&#34;&lt;td class=\&#34;col-result\&#34;&gt;Passed&lt;/td&gt;&#34;, &#34;&lt;td class=\&#34;col-testId\&#34;&gt;tests/test_login_page.py::test_login[data0]&lt;/td&gt;&#34;, &#34;&lt;td class=\&#34;col-duration\&#34;&gt;00:00:17&lt;/td&gt;&#34;, &#34;&lt;td class=\&#34;col-links\&#34;&gt;&lt;/td&gt;&#34;], &#34;log&#34;: &#34;---------------------------- Captured stderr setup -----------------------------\n2026-02-23 10:55:53,252 - INFO - ------ Test Finished: test_user_registration[data0] ------\n\n2026-02-23 10:55:53,253 - INFO - ------ Test Started: test_login[data0] ------\n2026-02-23 10:55:53,257 - INFO - Browser Setup Started: edge\n\n------------------------------ Captured log setup ------------------------------\nINFO     root:conftest.py:34 Browser Setup Started: edge\n\n----------------------------- Captured stderr call -----------------------------\n2026-02-23 10:56:02,346 - INFO - ========== STARTING LOGIN TEST ==========\n2026-02-23 10:56:02,346 - INFO - Opening My Account page\n2026-02-23 10:56:03,993 - INFO - Entering email: Rani12@gmail.com\n2026-02-23 10:56:04,538 - INFO - Entering password\n2026-02-23 10:56:04,649 - INFO - Clicking checkbox\n2026-02-23 10:56:04,775 - INFO - Clicking login button\n2026-02-23 10:56:04,898 - INFO - Validating logged in username\n2026-02-23 10:56:07,941 - INFO - Valid login successful\n2026-02-23 10:56:07,942 - INFO - ========== LOGIN TEST PASSED ==========\n\n------------------------------ Captured log call -------------------------------\nINFO     root:test_login_page.py:35 ========== STARTING LOGIN TEST ==========\nINFO     root:test_login_page.py:38 Opening My Account page\nINFO     root:test_login_page.py:42 Entering email: Rani12@gmail.com\nINFO     root:test_login_page.py:46 Entering password\nINFO     root:test_login_page.py:50 Clicking checkbox\nINFO     root:test_login_page.py:54 Clicking login button\nINFO     root:test_login_page.py:56 Validating logged in username\nINFO     root:test_login_page.py:61 Valid login successful\nINFO     root:test_login_page.py:66 ========== LOGIN TEST PASSED ==========\n\n--------------------------- Captured stderr teardown ---------------------------\n2026-02-23 10:56:07,943 - INFO - Browser Teardown Started\n2026-02-23 10:56:10,264 - INFO - Browser Closed Successfully\n\n\n---------------------------- Captured log teardown -----------------------------\nINFO     root:conftest.py:43 Browser Teardown Started\nINFO     root:conftest.py:45 Browser Closed Successfully&#34;}], &#34;tests/test_login_page.py::test_login[data1]&#34;: [{&#34;extras&#34;: [], &#34;result&#34;: &#34;Passed&#34;, &#34;testId&#34;: &#34;tests/test_login_page.py::test_login[data1]&#34;, &#34;duration&#34;: &#34;00:00:28&#34;, &#34;resultsTableRow&#34;: [&#34;&lt;td class=\&#34;col-result\&#34;&gt;Passed&lt;/td&gt;&#34;, &#34;&lt;td class=\&#34;col-testId\&#34;&gt;tests/test_login_page.py::test_login[data1]&lt;/td&gt;&#34;, &#34;&lt;td class=\&#34;col-duration\&#34;&gt;00:00:28&lt;/td&gt;&#34;, &#34;&lt;td class=\&#34;col-links\&#34;&gt;&lt;/td&gt;&#34;], &#34;log&#34;: &#34;---------------------------- Captured stderr setup -----------------------------\n2026-02-23 10:56:10,266 - INFO - ------ Test Finished: test_login[data0] ------\n\n2026-02-23 10:56:10,267 - INFO - ------ Test Started: test_login[data1] ------\n2026-02-23 10:56:10,270 - INFO - Browser Setup Started: edge\n\n------------------------------ Captured log setup ------------------------------\nINFO     root:conftest.py:34 Browser Setup Started: edge\n\n----------------------------- Captured stderr call -----------------------------\n2026-02-23 10:56:21,029 - INFO - ========== STARTING LOGIN TEST ==========\n2026-02-23 10:56:21,029 - INFO - Opening My Account page\n2026-02-23 10:56:22,240 - INFO - Entering email: Rani16@gmail.com\n2026-02-23 10:56:22,438 - INFO - Entering password\n2026-02-23 10:56:22,546 - INFO - Clicking checkbox\n2026-02-23 10:56:22,855 - INFO - Clicking login button\n2026-02-23 10:56:25,723 - INFO - Validating logged in username\n2026-02-23 10:56:35,796 - INFO - Invalid login handled correctly\n2026-02-23 10:56:35,797 - INFO - ========== LOGIN TEST PASSED ==========\n\n------------------------------ Captured log call -------------------------------\nINFO     root:test_login_page.py:35 ========== STARTING LOGIN TEST ==========\nINFO     root:test_login_page.py:38 Opening My Account page\nINFO     root:test_login_page.py:42 Entering email: Rani16@gmail.com\nINFO     root:test_login_page.py:46 Entering password\nINFO     root:test_login_page.py:50 Clicking checkbox\nINFO     root:test_login_page.py:54 Clicking login button\nINFO     root:test_login_page.py:56 Validating logged in username\nINFO     root:test_login_page.py:63 Invalid login handled correctly\nINFO     root:test_login_page.py:66 ========== LOGIN TEST PASSED ==========\n\n--------------------------- Captured stderr teardown ---------------------------\n2026-02-23 10:56:35,799 - INFO - Browser Teardown Started\n2026-02-23 10:56:38,130 - INFO - Browser Closed Successfully\n\n\n---------------------------- Captured log teardown -----------------------------\nINFO     root:conftest.py:43 Browser Teardown Started\nINFO     root:conftest.py:45 Browser Closed Successfully&#34;}], &#34;tests/test_search_product.py::test_search_product[data0]&#34;: [{&#34;extras&#34;: [], &#34;result&#34;: &#34;Passed&#34;, &#34;testId&#34;: &#34;tests/test_search_product.py::test_search_product[data0]&#34;, &#34;duration&#34;: &#34;00:00:22&#34;, &#34;resultsTableRow&#34;: [&#34;&lt;td class=\&#34;col-result\&#34;&gt;Passed&lt;/td&gt;&#34;, &#34;&lt;td class=\&#34;col-testId\&#34;&gt;tests/test_search_product.py::test_search_product[data0]&lt;/td&gt;&#34;, &#34;&lt;td class=\&#34;col-duration\&#34;&gt;00:00:22&lt;/td&gt;&#34;, &#34;&lt;td class=\&#34;col-links\&#34;&gt;&lt;/td&gt;&#34;], &#34;log&#34;: &#34;---------------------------- Captured stderr setup -----------------------------\n2026-02-23 10:56:38,133 - INFO - ------ Test Finished: test_login[data1] ------\n\n2026-02-23 10:56:38,133 - INFO - ------ Test Started: test_search_product[data0] ------\n2026-02-23 10:56:38,137 - INFO - Browser Setup Started: edge\n\n------------------------------ Captured log setup ------------------------------\nINFO     root:conftest.py:34 Browser Setup Started: edge\n\n----------------------------- Captured stderr call -----------------------------\n2026-02-23 10:56:49,092 - INFO - ========== STARTING SEARCH PRODUCT TEST ==========\n2026-02-23 10:56:49,092 - INFO - Navigating to Shop page\n2026-02-23 10:56:53,539 - INFO - Current URL after navigation: https://practice.automationtesting.in/shop/\n2026-02-23 10:56:53,545 - INFO - Searching for product: Selenium Ruby\n2026-02-23 10:56:56,494 - INFO - Search submitted successfully\n2026-02-23 10:56:56,523 - INFO - Validating search results presence\n2026-02-23 10:56:56,550 - INFO - Search results found\n2026-02-23 10:56:57,859 - INFO - ========== SEARCH PRODUCT TEST COMPLETED ==========\n\n------------------------------ Captured log call -------------------------------\nINFO     root:test_search_product.py:36 ========== STARTING SEARCH PRODUCT TEST ==========\nINFO     root:test_search_product.py:42 Navigating to Shop page\nINFO     root:test_search_product.py:45 Current URL after navigation: https://practice.automationtesting.in/shop/\nINFO     root:test_search_product.py:52 Searching for product: Selenium Ruby\nINFO     root:test_search_product.py:56 Search submitted successfully\nINFO     root:test_search_product.py:70 Validating search results presence\nINFO     root:test_search_product.py:80 Search results found\nINFO     root:test_search_product.py:129 ========== SEARCH PRODUCT TEST COMPLETED ==========\n\n--------------------------- Captured stderr teardown ---------------------------\n2026-02-23 10:56:57,861 - INFO - Browser Teardown Started\n2026-02-23 10:57:00,225 - INFO - Browser Closed Successfully\n\n\n---------------------------- Captured log teardown -----------------------------\nINFO     root:conftest.py:43 Browser Teardown Started\nINFO     root:conftest.py:45 Browser Closed Successfully&#34;}], &#34;tests/test_search_product.py::test_search_product[data1]&#34;: [{&#34;extras&#34;: [], &#34;result&#34;: &#34;Passed&#34;, &#34;testId&#34;: &#34;tests/test_search_product.py::test_search_product[data1]&#34;, &#34;duration&#34;: &#34;00:00:29&#34;, &#34;resultsTableRow&#34;: [&#34;&lt;td class=\&#34;col-result\&#34;&gt;Passed&lt;/td&gt;&#34;, &#34;&lt;td class=\&#34;col-testId\&#34;&gt;tests/test_search_product.py::test_search_product[data1]&lt;/td&gt;&#34;, &#34;&lt;td class=\&#34;col-duration\&#34;&gt;00:00:29&lt;/td&gt;&#34;, &#34;&lt;td class=\&#34;col-links\&#34;&gt;&lt;/td&gt;&#34;], &#34;log&#34;: &#34;---------------------------- Captured stderr setup -----------------------------\n2026-02-23 10:57:00,227 - INFO - ------ Test Finished: test_search_product[data0] ------\n\n2026-02-23 10:57:00,228 - INFO - ------ Test Started: test_search_product[data1] ------\n2026-02-23 10:57:00,230 - INFO - Browser Setup Started: edge\n\n------------------------------ Captured log setup ------------------------------\nINFO     root:conftest.py:34 Browser Setup Started: edge\n\n----------------------------- Captured stderr call -----------------------------\n2026-02-23 10:57:10,921 - INFO - ========== STARTING SEARCH PRODUCT TEST ==========\n2026-02-23 10:57:10,921 - INFO - Navigating to Shop page\n2026-02-23 10:57:15,704 - INFO - Current URL after navigation: https://practice.automationtesting.in/shop/\n2026-02-23 10:57:15,711 - INFO - Searching for product: Robot\n2026-02-23 10:57:16,989 - INFO - Search submitted successfully\n2026-02-23 10:57:17,030 - INFO - Validating search results presence\n2026-02-23 10:57:27,190 - INFO - No products found - Validating negative scenario\n2026-02-23 10:57:27,225 - INFO - ========== SEARCH PRODUCT TEST COMPLETED ==========\n\n------------------------------ Captured log call -------------------------------\nINFO     root:test_search_product.py:36 ========== STARTING SEARCH PRODUCT TEST ==========\nINFO     root:test_search_product.py:42 Navigating to Shop page\nINFO     root:test_search_product.py:45 Current URL after navigation: https://practice.automationtesting.in/shop/\nINFO     root:test_search_product.py:52 Searching for product: Robot\nINFO     root:test_search_product.py:56 Search submitted successfully\nINFO     root:test_search_product.py:70 Validating search results presence\nINFO     root:test_search_product.py:113 No products found - Validating negative scenario\nINFO     root:test_search_product.py:129 ========== SEARCH PRODUCT TEST COMPLETED ==========\n\n--------------------------- Captured stderr teardown ---------------------------\n2026-02-23 10:57:27,227 - INFO - Browser Teardown Started\n2026-02-23 10:57:29,545 - INFO - Browser Closed Successfully\n\n\n---------------------------- Captured log teardown -----------------------------\nINFO     root:conftest.py:43 Browser Teardown Started\nINFO     root:conftest.py:45 Browser Closed Successfully&#34;}], &#34;tests/test_addproduct_page.py::test_add_product_to_cart&#34;: [{&#34;extras&#34;: [], &#34;result&#34;: &#34;Passed&#34;, &#34;testId&#34;: &#34;tests/test_addproduct_page.py::test_add_product_to_cart&#34;, &#34;duration&#34;: &#34;00:00:17&#34;, &#34;resultsTableRow&#34;: [&#34;&lt;td class=\&#34;col-result\&#34;&gt;Passed&lt;/td&gt;&#34;, &#34;&lt;td class=\&#34;col-testId\&#34;&gt;tests/test_addproduct_page.py::test_add_product_to_cart&lt;/td&gt;&#34;, &#34;&lt;td class=\&#34;col-duration\&#34;&gt;00:00:17&lt;/td&gt;&#34;, &#34;&lt;td class=\&#34;col-links\&#34;&gt;&lt;/td&gt;&#34;], &#34;log&#34;: &#34;---------------------------- Captured stderr setup -----------------------------\n2026-02-23 10:57:29,547 - INFO - ------ Test Finished: test_search_product[data1] ------\n\n2026-02-23 10:57:29,548 - INFO - ------ Test Started: test_add_product_to_cart ------\n2026-02-23 10:57:29,551 - INFO - Browser Setup Started: edge\n\n------------------------------ Captured log setup ------------------------------\nINFO     root:conftest.py:34 Browser Setup Started: edge\n\n----------------------------- Captured stderr call -----------------------------\n2026-02-23 10:57:40,527 - INFO - ========== STARTING ADD PRODUCT TO CART TEST ==========\n2026-02-23 10:57:40,527 - INFO - Navigating to Shop page\n2026-02-23 10:57:42,741 - INFO - Current URL after navigation: https://practice.automationtesting.in/shop/\n2026-02-23 10:57:42,741 - INFO - Adding product to basket\n2026-02-23 10:57:42,788 - INFO - Validating product added to basket (View Basket visible)\n2026-02-23 10:57:42,802 - INFO - View basket button clicked\n2026-02-23 10:57:44,024 - INFO - Validating basket page URL\n2026-02-23 10:57:44,041 - INFO - Validating page title\n2026-02-23 10:57:44,046 - INFO - Page title: Basket \u2013 Automation Practice Site\n2026-02-23 10:57:44,050 - INFO - ========== ADD PRODUCT TO CART TEST PASSED ==========\n\n------------------------------ Captured log call -------------------------------\nINFO     root:test_addproduct_page.py:8 ========== STARTING ADD PRODUCT TO CART TEST ==========\nINFO     root:test_addproduct_page.py:13 Navigating to Shop page\nINFO     root:test_addproduct_page.py:21 Current URL after navigation: https://practice.automationtesting.in/shop/\nINFO     root:test_addproduct_page.py:22 Adding product to basket\nINFO     root:test_addproduct_page.py:24 Validating product added to basket (View Basket visible)\nINFO     root:test_addproduct_page.py:27 View basket button clicked\nINFO     root:test_addproduct_page.py:32 Validating basket page URL\nINFO     root:test_addproduct_page.py:34 Validating page title\nINFO     root:test_addproduct_page.py:35 Page title: Basket \u2013 Automation Practice Site\nINFO     root:test_addproduct_page.py:37 ========== ADD PRODUCT TO CART TEST PASSED ==========\n\n--------------------------- Captured stderr teardown ---------------------------\n2026-02-23 10:57:44,052 - INFO - Browser Teardown Started\n2026-02-23 10:57:46,412 - INFO - Browser Closed Successfully\n\n\n---------------------------- Captured log teardown -----------------------------\nINFO     root:conftest.py:43 Browser Teardown Started\nINFO     root:conftest.py:45 Browser Closed Successfully&#34;}], &#34;tests/test_remove_product.py::test_remove_product&#34;: [{&#34;extras&#34;: [], &#34;result&#34;: &#34;Passed&#34;, &#34;testId&#34;: &#34;tests/test_remove_product.py::test_remove_product&#34;, &#34;duration&#34;: &#34;00:00:42&#34;, &#34;resultsTableRow&#34;: [&#34;&lt;td class=\&#34;col-result\&#34;&gt;Passed&lt;/td&gt;&#34;, &#34;&lt;td class=\&#34;col-testId\&#34;&gt;tests/test_remove_product.py::test_remove_product&lt;/td&gt;&#34;, &#34;&lt;td class=\&#34;col-duration\&#34;&gt;00:00:42&lt;/td&gt;&#34;, &#34;&lt;td class=\&#34;col-links\&#34;&gt;&lt;/td&gt;&#34;], &#34;log&#34;: &#34;---------------------------- Captured stderr setup -----------------------------\n2026-02-23 10:57:46,415 - INFO - ------ Test Finished: test_add_product_to_cart ------\n\n2026-02-23 10:57:46,415 - INFO - ------ Test Started: test_remove_product ------\n2026-02-23 10:57:46,418 - INFO - Browser Setup Started: edge\n\n------------------------------ Captured log setup ------------------------------\nINFO     root:conftest.py:34 Browser Setup Started: edge\n\n----------------------------- Captured stderr call -----------------------------\n2026-02-23 10:57:56,904 - INFO - ========== STARTING REMOVE PRODUCT TEST ==========\n2026-02-23 10:57:56,904 - INFO - Navigating to Shop page\n2026-02-23 10:58:01,029 - INFO - Current URL after navigation: https://practice.automationtesting.in/shop/\n2026-02-23 10:58:01,034 - INFO - Adding product to basket\n2026-02-23 10:58:01,077 - INFO - Validating View Basket button visibility\n2026-02-23 10:58:01,484 - INFO - Clicking View Basket button\n2026-02-23 10:58:04,858 - INFO - Current URL after clicking View Basket: https://practice.automationtesting.in/basket/\n2026-02-23 10:58:04,867 - INFO - Removing product from cart\n2026-02-23 10:58:16,155 - INFO - Remaining remove buttons count: 0\n2026-02-23 10:58:26,225 - INFO - Final URL after removal: https://practice.automationtesting.in/basket/\n2026-02-23 10:58:26,225 - INFO - ========== REMOVE PRODUCT TEST PASSED ==========\n\n------------------------------ Captured log call -------------------------------\nINFO     root:test_remove_product.py:8 ========== STARTING REMOVE PRODUCT TEST ==========\nINFO     root:test_remove_product.py:13 Navigating to Shop page\nINFO     root:test_remove_product.py:16 Current URL after navigation: https://practice.automationtesting.in/shop/\nINFO     root:test_remove_product.py:21 Adding product to basket\nINFO     root:test_remove_product.py:23 Validating View Basket button visibility\nINFO     root:test_remove_product.py:26 Clicking View Basket button\nINFO     root:test_remove_product.py:28 Current URL after clicking View Basket: https://practice.automationtesting.in/basket/\nINFO     root:test_remove_product.py:32 Removing product from cart\nINFO     root:test_remove_product.py:35 Remaining remove buttons count: 0\nINFO     root:test_remove_product.py:41 Final URL after removal: https://practice.automationtesting.in/basket/\nINFO     root:test_remove_product.py:42 ========== REMOVE PRODUCT TEST PASSED ==========\n\n--------------------------- Captured stderr teardown ---------------------------\n2026-02-23 10:58:26,227 - INFO - Browser Teardown Started\n2026-02-23 10:58:28,538 - INFO - Browser Closed Successfully\n\n\n---------------------------- Captured log teardown -----------------------------\nINFO     root:conftest.py:43 Browser Teardown Started\nINFO     root:conftest.py:45 Browser Closed Successfully&#34;}], &#34;tests/test_order_product.py::test_place_order_cod[data0]&#34;: [{&#34;extras&#34;: [], &#34;result&#34;: &#34;Passed&#34;, &#34;testId&#34;: &#34;tests/test_order_product.py::test_place_order_cod[data0]&#34;, &#34;duration&#34;: &#34;00:00:28&#34;, &#34;resultsTableRow&#34;: [&#34;&lt;td class=\&#34;col-result\&#34;&gt;Passed&lt;/td&gt;&#34;, &#34;&lt;td class=\&#34;col-testId\&#34;&gt;tests/test_order_product.py::test_place_order_cod[data0]&lt;/td&gt;&#34;, &#34;&lt;td class=\&#34;col-duration\&#34;&gt;00:00:28&lt;/td&gt;&#34;, &#34;&lt;td class=\&#34;col-links\&#34;&gt;&lt;/td&gt;&#34;], &#34;log&#34;: &#34;---------------------------- Captured stderr setup -----------------------------\n2026-02-23 10:58:28,541 - INFO - ------ Test Finished: test_remove_product ------\n\n2026-02-23 10:58:28,541 - INFO - ------ Test Started: test_place_order_cod[data0] ------\n2026-02-23 10:58:28,545 - INFO - Browser Setup Started: edge\n\n------------------------------ Captured log setup ------------------------------\nINFO     root:conftest.py:34 Browser Setup Started: edge\n\n----------------------------- Captured stderr call -----------------------------\n2026-02-23 10:58:40,568 - INFO - ========== PLACE ORDER LOGIN TEST ==========\n2026-02-23 10:58:40,569 - INFO - Navigating to Shop page\n2026-02-23 10:58:43,917 - INFO - Current URL after navigation: https://practice.automationtesting.in/shop/\n2026-02-23 10:58:43,917 - INFO - Adding product to basket\n2026-02-23 10:58:43,973 - INFO - Viewing basket\n2026-02-23 10:58:46,965 - INFO - Proceeding to checkout\n2026-02-23 10:58:50,179 - INFO - Filling billing details\n2026-02-23 10:58:50,909 - INFO - Selecting country: IN\n2026-02-23 10:58:50,918 - INFO - Entering address details\n2026-02-23 10:58:51,733 - INFO - Entering order notes\n2026-02-23 10:58:51,905 - INFO - Selecting payment method: cod\n2026-02-23 10:58:51,949 - INFO - Clicking Place Order button\n2026-02-23 10:58:53,796 - INFO - Verifying order success message\n2026-02-23 10:58:53,796 - INFO - Waiting for success message\n2026-02-23 10:58:53,828 - INFO - Success Message Received: Thank you. Your order has been received.\n2026-02-23 10:58:53,829 - INFO - ========== PLACE ORDER TEST PASSED ==========\n\n------------------------------ Captured log call -------------------------------\nINFO     root:test_order_product.py:41 ========== PLACE ORDER LOGIN TEST ==========\nINFO     root:test_order_product.py:46 Navigating to Shop page\nINFO     root:test_order_product.py:49 Current URL after navigation: https://practice.automationtesting.in/shop/\nINFO     root:test_order_product.py:52 Adding product to basket\nINFO     root:test_order_product.py:56 Viewing basket\nINFO     root:test_order_product.py:60 Proceeding to checkout\nINFO     root:test_order_product.py:64 Filling billing details\nINFO     root:test_order_product.py:72 Selecting country: IN\nINFO     root:test_order_product.py:76 Entering address details\nINFO     root:test_order_product.py:83 Entering order notes\nINFO     root:test_order_product.py:87 Selecting payment method: cod\nINFO     root:test_order_product.py:91 Clicking Place Order button\nINFO     root:test_order_product.py:95 Verifying order success message\nINFO     root:Order_product.py:181 Waiting for success message\nINFO     root:test_order_product.py:98 Success Message Received: Thank you. Your order has been received.\nINFO     root:test_order_product.py:103 ========== PLACE ORDER TEST PASSED ==========\n\n--------------------------- Captured stderr teardown ---------------------------\n2026-02-23 10:58:53,830 - INFO - Browser Teardown Started\n2026-02-23 10:58:56,187 - INFO - Browser Closed Successfully\n\n\n---------------------------- Captured log teardown -----------------------------\nINFO     root:conftest.py:43 Browser Teardown Started\nINFO     root:conftest.py:45 Browser Closed Successfully&#34;}], &#34;tests/test_order_product.py::test_place_order_cod[data1]&#34;: [{&#34;extras&#34;: [], &#34;result&#34;: &#34;Passed&#34;, &#34;testId&#34;: &#34;tests/test_order_product.py::test_place_order_cod[data1]&#34;, &#34;duration&#34;: &#34;00:00:26&#34;, &#34;resultsTableRow&#34;: [&#34;&lt;td class=\&#34;col-result\&#34;&gt;Passed&lt;/td&gt;&#34;, &#34;&lt;td class=\&#34;col-testId\&#34;&gt;tests/test_order_product.py::test_place_order_cod[data1]&lt;/td&gt;&#34;, &#34;&lt;td class=\&#34;col-duration\&#34;&gt;00:00:26&lt;/td&gt;&#34;, &#34;&lt;td class=\&#34;col-links\&#34;&gt;&lt;/td&gt;&#34;], &#34;log&#34;: &#34;---------------------------- Captured stderr setup -----------------------------\n2026-02-23 10:58:56,189 - INFO - ------ Test Finished: test_place_order_cod[data0] ------\n\n2026-02-23 10:58:56,190 - INFO - ------ Test Started: test_place_order_cod[data1] ------\n2026-02-23 10:58:56,192 - INFO - Browser Setup Started: edge\n\n------------------------------ Captured log setup ------------------------------\nINFO     root:conftest.py:34 Browser Setup Started: edge\n\n----------------------------- Captured stderr call -----------------------------\n2026-02-23 10:59:06,779 - INFO - ========== PLACE ORDER LOGIN TEST ==========\n2026-02-23 10:59:06,780 - INFO - Navigating to Shop page\n2026-02-23 10:59:10,336 - INFO - Current URL after navigation: https://practice.automationtesting.in/shop/\n2026-02-23 10:59:10,336 - INFO - Adding product to basket\n2026-02-23 10:59:10,388 - INFO - Viewing basket\n2026-02-23 10:59:13,396 - INFO - Proceeding to checkout\n2026-02-23 10:59:16,177 - INFO - Filling billing details\n2026-02-23 10:59:16,877 - INFO - Selecting country: IN\n2026-02-23 10:59:16,937 - INFO - Entering address details\n2026-02-23 10:59:17,658 - INFO - Entering order notes\n2026-02-23 10:59:17,859 - INFO - Selecting payment method: bacs\n2026-02-23 10:59:17,902 - INFO - Clicking Place Order button\n2026-02-23 10:59:19,824 - INFO - Verifying order success message\n2026-02-23 10:59:19,824 - INFO - Waiting for success message\n2026-02-23 10:59:19,859 - INFO - Success Message Received: Thank you. Your order has been received.\n2026-02-23 10:59:19,859 - INFO - ========== PLACE ORDER TEST PASSED ==========\n\n------------------------------ Captured log call -------------------------------\nINFO     root:test_order_product.py:41 ========== PLACE ORDER LOGIN TEST ==========\nINFO     root:test_order_product.py:46 Navigating to Shop page\nINFO     root:test_order_product.py:49 Current URL after navigation: https://practice.automationtesting.in/shop/\nINFO     root:test_order_product.py:52 Adding product to basket\nINFO     root:test_order_product.py:56 Viewing basket\nINFO     root:test_order_product.py:60 Proceeding to checkout\nINFO     root:test_order_product.py:64 Filling billing details\nINFO     root:test_order_product.py:72 Selecting country: IN\nINFO     root:test_order_product.py:76 Entering address details\nINFO     root:test_order_product.py:83 Entering order notes\nINFO     root:test_order_product.py:87 Selecting payment method: bacs\nINFO     root:test_order_product.py:91 Clicking Place Order button\nINFO     root:test_order_product.py:95 Verifying order success message\nINFO     root:Order_product.py:181 Waiting for success message\nINFO     root:test_order_product.py:98 Success Message Received: Thank you. Your order has been received.\nINFO     root:test_order_product.py:103 ========== PLACE ORDER TEST PASSED ==========\n\n--------------------------- Captured stderr teardown ---------------------------\n2026-02-23 10:59:19,861 - INFO - Browser Teardown Started\n2026-02-23 10:59:22,258 - INFO - Browser Closed Successfully\n\n\n---------------------------- Captured log teardown -----------------------------\nINFO     root:conftest.py:43 Browser Teardown Started\nINFO     root:conftest.py:45 Browser Closed Successfully&#34;}], &#34;tests/test_sort_product.py::test_sort_products[data0]&#34;: [{&#34;extras&#34;: [], &#34;result&#34;: &#34;Passed&#34;, &#34;testId&#34;: &#34;tests/test_sort_product.py::test_sort_products[data0]&#34;, &#34;duration&#34;: &#34;00:00:18&#34;, &#34;resultsTableRow&#34;: [&#34;&lt;td class=\&#34;col-result\&#34;&gt;Passed&lt;/td&gt;&#34;, &#34;&lt;td class=\&#34;col-testId\&#34;&gt;tests/test_sort_product.py::test_sort_products[data0]&lt;/td&gt;&#34;, &#34;&lt;td class=\&#34;col-duration\&#34;&gt;00:00:18&lt;/td&gt;&#34;, &#34;&lt;td class=\&#34;col-links\&#34;&gt;&lt;/td&gt;&#34;], &#34;log&#34;: &#34;---------------------------- Captured stderr setup -----------------------------\n2026-02-23 10:59:22,262 - INFO - ------ Test Finished: test_place_order_cod[data1] ------\n\n2026-02-23 10:59:22,263 - INFO - ------ Test Started: test_sort_products[data0] ------\n2026-02-23 10:59:22,269 - INFO - Browser Setup Started: edge\n\n------------------------------ Captured log setup ------------------------------\nINFO     root:conftest.py:34 Browser Setup Started: edge\n\n----------------------------- Captured stderr call -----------------------------\n2026-02-23 10:59:33,969 - INFO - ========== STARTING SORT PRODUCTS TEST ==========\n2026-02-23 10:59:33,969 - INFO - Navigating to Shop page\n2026-02-23 10:59:37,590 - INFO - Current URL after navigation: https://practice.automationtesting.in/shop/\n2026-02-23 10:59:37,596 - INFO - Selecting sort option: menu_order\n2026-02-23 10:59:37,655 - INFO - Current URL after sorting: https://practice.automationtesting.in/shop/\n2026-02-23 10:59:37,655 - INFO - Validating default sorting (no orderby parameter expected)\n2026-02-23 10:59:37,655 - INFO - ========== SORT PRODUCTS TEST PASSED ==========\n\n------------------------------ Captured log call -------------------------------\nINFO     root:test_sort_product.py:36 ========== STARTING SORT PRODUCTS TEST ==========\nINFO     root:test_sort_product.py:44 Navigating to Shop page\nINFO     root:test_sort_product.py:47 Current URL after navigation: https://practice.automationtesting.in/shop/\nINFO     root:test_sort_product.py:55 Selecting sort option: menu_order\nINFO     root:test_sort_product.py:62 Current URL after sorting: https://practice.automationtesting.in/shop/\nINFO     root:test_sort_product.py:67 Validating default sorting (no orderby parameter expected)\nINFO     root:test_sort_product.py:74 ========== SORT PRODUCTS TEST PASSED ==========\n\n--------------------------- Captured stderr teardown ---------------------------\n2026-02-23 10:59:37,657 - INFO - Browser Teardown Started\n2026-02-23 10:59:39,968 - INFO - Browser Closed Successfully\n\n\n---------------------------- Captured log teardown -----------------------------\nINFO     root:conftest.py:43 Browser Teardown Started\nINFO     root:conftest.py:45 Browser Closed Successfully&#34;}], &#34;tests/test_sort_product.py::test_sort_products[data1]&#34;: [{&#34;extras&#34;: [], &#34;result&#34;: &#34;Passed&#34;, &#34;testId&#34;: &#34;tests/test_sort_product.py::test_sort_products[data1]&#34;, &#34;duration&#34;: &#34;00:00:17&#34;, &#34;resultsTableRow&#34;: [&#34;&lt;td class=\&#34;col-result\&#34;&gt;Passed&lt;/td&gt;&#34;, &#34;&lt;td class=\&#34;col-testId\&#34;&gt;tests/test_sort_product.py::test_sort_products[data1]&lt;/td&gt;&#34;, &#34;&lt;td class=\&#34;col-duration\&#34;&gt;00:00:17&lt;/td&gt;&#34;, &#34;&lt;td class=\&#34;col-links\&#34;&gt;&lt;/td&gt;&#34;], &#34;log&#34;: &#34;---------------------------- Captured stderr setup -----------------------------\n2026-02-23 10:59:39,969 - INFO - ------ Test Finished: test_sort_products[data0] ------\n\n2026-02-23 10:59:39,969 - INFO - ------ Test Started: test_sort_products[data1] ------\n2026-02-23 10:59:39,971 - INFO - Browser Setup Started: edge\n\n------------------------------ Captured log setup ------------------------------\nINFO     root:conftest.py:34 Browser Setup Started: edge\n\n----------------------------- Captured stderr call -----------------------------\n2026-02-23 10:59:50,359 - INFO - ========== STARTING SORT PRODUCTS TEST ==========\n2026-02-23 10:59:50,359 - INFO - Navigating to Shop page\n2026-02-23 10:59:52,174 - INFO - Current URL after navigation: https://practice.automationtesting.in/shop/\n2026-02-23 10:59:52,180 - INFO - Selecting sort option: popularity\n2026-02-23 10:59:55,144 - INFO - Current URL after sorting: https://practice.automationtesting.in/shop/?orderby=popularity\n2026-02-23 10:59:55,144 - INFO - Validating URL contains parameter: orderby=popularity\n2026-02-23 10:59:55,145 - INFO - ========== SORT PRODUCTS TEST PASSED ==========\n\n------------------------------ Captured log call -------------------------------\nINFO     root:test_sort_product.py:36 ========== STARTING SORT PRODUCTS TEST ==========\nINFO     root:test_sort_product.py:44 Navigating to Shop page\nINFO     root:test_sort_product.py:47 Current URL after navigation: https://practice.automationtesting.in/shop/\nINFO     root:test_sort_product.py:55 Selecting sort option: popularity\nINFO     root:test_sort_product.py:62 Current URL after sorting: https://practice.automationtesting.in/shop/?orderby=popularity\nINFO     root:test_sort_product.py:72 Validating URL contains parameter: orderby=popularity\nINFO     root:test_sort_product.py:74 ========== SORT PRODUCTS TEST PASSED ==========\n\n--------------------------- Captured stderr teardown ---------------------------\n2026-02-23 10:59:55,146 - INFO - Browser Teardown Started\n2026-02-23 10:59:57,461 - INFO - Browser Closed Successfully\n\n\n---------------------------- Captured log teardown -----------------------------\nINFO     root:conftest.py:43 Browser Teardown Started\nINFO     root:conftest.py:45 Browser Closed Successfully&#34;}], &#34;tests/test_sort_product.py::test_sort_products[data2]&#34;: [{&#34;extras&#34;: [], &#34;result&#34;: &#34;Passed&#34;, &#34;testId&#34;: &#34;tests/test_sort_product.py::test_sort_products[data2]&#34;, &#34;duration&#34;: &#34;00:00:21&#34;, &#34;resultsTableRow&#34;: [&#34;&lt;td class=\&#34;col-result\&#34;&gt;Passed&lt;/td&gt;&#34;, &#34;&lt;td class=\&#34;col-testId\&#34;&gt;tests/test_sort_product.py::test_sort_products[data2]&lt;/td&gt;&#34;, &#34;&lt;td class=\&#34;col-duration\&#34;&gt;00:00:21&lt;/td&gt;&#34;, &#34;&lt;td class=\&#34;col-links\&#34;&gt;&lt;/td&gt;&#34;], &#34;log&#34;: &#34;---------------------------- Captured stderr setup -----------------------------\n2026-02-23 10:59:57,463 - INFO - ------ Test Finished: test_sort_products[data1] ------\n\n2026-02-23 10:59:57,464 - INFO - ------ Test Started: test_sort_products[data2] ------\n2026-02-23 10:59:57,467 - INFO - Browser Setup Started: edge\n\n------------------------------ Captured log setup ------------------------------\nINFO     root:conftest.py:34 Browser Setup Started: edge\n\n----------------------------- Captured stderr call -----------------------------\n2026-02-23 11:00:07,591 - INFO - ========== STARTING SORT PRODUCTS TEST ==========\n2026-02-23 11:00:07,591 - INFO - Navigating to Shop page\n2026-02-23 11:00:12,933 - INFO - Current URL after navigation: https://practice.automationtesting.in/shop/\n2026-02-23 11:00:12,939 - INFO - Selecting sort option: rating\n2026-02-23 11:00:16,032 - INFO - Current URL after sorting: https://practice.automationtesting.in/shop/?orderby=rating\n2026-02-23 11:00:16,032 - INFO - Validating URL contains parameter: orderby=rating\n2026-02-23 11:00:16,032 - INFO - ========== SORT PRODUCTS TEST PASSED ==========\n\n------------------------------ Captured log call -------------------------------\nINFO     root:test_sort_product.py:36 ========== STARTING SORT PRODUCTS TEST ==========\nINFO     root:test_sort_product.py:44 Navigating to Shop page\nINFO     root:test_sort_product.py:47 Current URL after navigation: https://practice.automationtesting.in/shop/\nINFO     root:test_sort_product.py:55 Selecting sort option: rating\nINFO     root:test_sort_product.py:62 Current URL after sorting: https://practice.automationtesting.in/shop/?orderby=rating\nINFO     root:test_sort_product.py:72 Validating URL contains parameter: orderby=rating\nINFO     root:test_sort_product.py:74 ========== SORT PRODUCTS TEST PASSED ==========\n\n--------------------------- Captured stderr teardown ---------------------------\n2026-02-23 11:00:16,034 - INFO - Browser Teardown Started\n2026-02-23 11:00:18,319 - INFO - Browser Closed Successfully\n\n\n---------------------------- Captured log teardown -----------------------------\nINFO     root:conftest.py:43 Browser Teardown Started\nINFO     root:conftest.py:45 Browser Closed Successfully&#34;}], &#34;tests/test_sort_product.py::test_sort_products[data3]&#34;: [{&#34;extras&#34;: [], &#34;result&#34;: &#34;Passed&#34;, &#34;testId&#34;: &#34;tests/test_sort_product.py::test_sort_products[data3]&#34;, &#34;duration&#34;: &#34;00:00:18&#34;, &#34;resultsTableRow&#34;: [&#34;&lt;td class=\&#34;col-result\&#34;&gt;Passed&lt;/td&gt;&#34;, &#34;&lt;td class=\&#34;col-testId\&#34;&gt;tests/test_sort_product.py::test_sort_products[data3]&lt;/td&gt;&#34;, &#34;&lt;td class=\&#34;col-duration\&#34;&gt;00:00:18&lt;/td&gt;&#34;, &#34;&lt;td class=\&#34;col-links\&#34;&gt;&lt;/td&gt;&#34;], &#34;log&#34;: &#34;---------------------------- Captured stderr setup -----------------------------\n2026-02-23 11:00:18,321 - INFO - ------ Test Finished: test_sort_products[data2] ------\n\n2026-02-23 11:00:18,321 - INFO - ------ Test Started: test_sort_products[data3] ------\n2026-02-23 11:00:18,324 - INFO - Browser Setup Started: edge\n\n------------------------------ Captured log setup ------------------------------\nINFO     root:conftest.py:34 Browser Setup Started: edge\n\n----------------------------- Captured stderr call -----------------------------\n2026-02-23 11:00:30,109 - INFO - ========== STARTING SORT PRODUCTS TEST ==========\n2026-02-23 11:00:30,109 - INFO - Navigating to Shop page\n2026-02-23 11:00:33,047 - INFO - Current URL after navigation: https://practice.automationtesting.in/shop/\n2026-02-23 11:00:33,053 - INFO - Selecting sort option: date\n2026-02-23 11:00:34,379 - INFO - Current URL after sorting: https://practice.automationtesting.in/shop/?orderby=date\n2026-02-23 11:00:34,379 - INFO - Validating URL contains parameter: orderby=date\n2026-02-23 11:00:34,379 - INFO - ========== SORT PRODUCTS TEST PASSED ==========\n\n------------------------------ Captured log call -------------------------------\nINFO     root:test_sort_product.py:36 ========== STARTING SORT PRODUCTS TEST ==========\nINFO     root:test_sort_product.py:44 Navigating to Shop page\nINFO     root:test_sort_product.py:47 Current URL after navigation: https://practice.automationtesting.in/shop/\nINFO     root:test_sort_product.py:55 Selecting sort option: date\nINFO     root:test_sort_product.py:62 Current URL after sorting: https://practice.automationtesting.in/shop/?orderby=date\nINFO     root:test_sort_product.py:72 Validating URL contains parameter: orderby=date\nINFO     root:test_sort_product.py:74 ========== SORT PRODUCTS TEST PASSED ==========\n\n--------------------------- Captured stderr teardown ---------------------------\n2026-02-23 11:00:34,381 - INFO - Browser Teardown Started\n2026-02-23 11:00:36,731 - INFO - Browser Closed Successfully\n\n\n---------------------------- Captured log teardown -----------------------------\nINFO     root:conftest.py:43 Browser Teardown Started\nINFO     root:conftest.py:45 Browser Closed Successfully&#34;}], &#34;tests/test_sort_product.py::test_sort_products[data4]&#34;: [{&#34;extras&#34;: [], &#34;result&#34;: &#34;Passed&#34;, &#34;testId&#34;: &#34;tests/test_sort_product.py::test_sort_products[data4]&#34;, &#34;duration&#34;: &#34;00:00:26&#34;, &#34;resultsTableRow&#34;: [&#34;&lt;td class=\&#34;col-result\&#34;&gt;Passed&lt;/td&gt;&#34;, &#34;&lt;td class=\&#34;col-testId\&#34;&gt;tests/test_sort_product.py::test_sort_products[data4]&lt;/td&gt;&#34;, &#34;&lt;td class=\&#34;col-duration\&#34;&gt;00:00:26&lt;/td&gt;&#34;, &#34;&lt;td class=\&#34;col-links\&#34;&gt;&lt;/td&gt;&#34;], &#34;log&#34;: &#34;---------------------------- Captured stderr setup -----------------------------\n2026-02-23 11:00:36,733 - INFO - ------ Test Finished: test_sort_products[data3] ------\n\n2026-02-23 11:00:36,734 - INFO - ------ Test Started: test_sort_products[data4] ------\n2026-02-23 11:00:36,736 - INFO - Browser Setup Started: edge\n\n------------------------------ Captured log setup ------------------------------\nINFO     root:conftest.py:34 Browser Setup Started: edge\n\n----------------------------- Captured stderr call -----------------------------\n2026-02-23 11:00:53,441 - INFO - ========== STARTING SORT PRODUCTS TEST ==========\n2026-02-23 11:00:53,441 - INFO - Navigating to Shop page\n2026-02-23 11:00:56,970 - INFO - Current URL after navigation: https://practice.automationtesting.in/shop/\n2026-02-23 11:00:56,976 - INFO - Selecting sort option: price\n2026-02-23 11:01:00,291 - INFO - Current URL after sorting: https://practice.automationtesting.in/shop/?orderby=price\n2026-02-23 11:01:00,291 - INFO - Validating URL contains parameter: orderby=price\n2026-02-23 11:01:00,292 - INFO - ========== SORT PRODUCTS TEST PASSED ==========\n\n------------------------------ Captured log call -------------------------------\nINFO     root:test_sort_product.py:36 ========== STARTING SORT PRODUCTS TEST ==========\nINFO     root:test_sort_product.py:44 Navigating to Shop page\nINFO     root:test_sort_product.py:47 Current URL after navigation: https://practice.automationtesting.in/shop/\nINFO     root:test_sort_product.py:55 Selecting sort option: price\nINFO     root:test_sort_product.py:62 Current URL after sorting: https://practice.automationtesting.in/shop/?orderby=price\nINFO     root:test_sort_product.py:72 Validating URL contains parameter: orderby=price\nINFO     root:test_sort_product.py:74 ========== SORT PRODUCTS TEST PASSED ==========\n\n--------------------------- Captured stderr teardown ---------------------------\n2026-02-23 11:01:00,293 - INFO - Browser Teardown Started\n2026-02-23 11:01:02,579 - INFO - Browser Closed Successfully\n\n\n---------------------------- Captured log teardown -----------------------------\nINFO     root:conftest.py:43 Browser Teardown Started\nINFO     root:conftest.py:45 Browser Closed Successfully&#34;}], &#34;tests/test_sort_product.py::test_sort_products[data5]&#34;: [{&#34;extras&#34;: [], &#34;result&#34;: &#34;Passed&#34;, &#34;testId&#34;: &#34;tests/test_sort_product.py::test_sort_products[data5]&#34;, &#34;duration&#34;: &#34;00:00:20&#34;, &#34;resultsTableRow&#34;: [&#34;&lt;td class=\&#34;col-result\&#34;&gt;Passed&lt;/td&gt;&#34;, &#34;&lt;td class=\&#34;col-testId\&#34;&gt;tests/test_sort_product.py::test_sort_products[data5]&lt;/td&gt;&#34;, &#34;&lt;td class=\&#34;col-duration\&#34;&gt;00:00:20&lt;/td&gt;&#34;, &#34;&lt;td class=\&#34;col-links\&#34;&gt;&lt;/td&gt;&#34;], &#34;log&#34;: &#34;---------------------------- Captured stderr setup -----------------------------\n2026-02-23 11:01:02,581 - INFO - ------ Test Finished: test_sort_products[data4] ------\n\n2026-02-23 11:01:02,582 - INFO - ------ Test Started: test_sort_products[data5] ------\n2026-02-23 11:01:02,586 - INFO - Browser Setup Started: edge\n\n------------------------------ Captured log setup ------------------------------\nINFO     root:conftest.py:34 Browser Setup Started: edge\n\n----------------------------- Captured stderr call -----------------------------\n2026-02-23 11:01:13,819 - INFO - ========== STARTING SORT PRODUCTS TEST ==========\n2026-02-23 11:01:13,820 - INFO - Navigating to Shop page\n2026-02-23 11:01:17,358 - INFO - Current URL after navigation: https://practice.automationtesting.in/shop/\n2026-02-23 11:01:17,365 - INFO - Selecting sort option: price-desc\n2026-02-23 11:01:20,231 - INFO - Current URL after sorting: https://practice.automationtesting.in/shop/?orderby=price-desc\n2026-02-23 11:01:20,232 - INFO - Validating URL contains parameter: orderby=price-desc\n2026-02-23 11:01:20,232 - INFO - ========== SORT PRODUCTS TEST PASSED ==========\n\n------------------------------ Captured log call -------------------------------\nINFO     root:test_sort_product.py:36 ========== STARTING SORT PRODUCTS TEST ==========\nINFO     root:test_sort_product.py:44 Navigating to Shop page\nINFO     root:test_sort_product.py:47 Current URL after navigation: https://practice.automationtesting.in/shop/\nINFO     root:test_sort_product.py:55 Selecting sort option: price-desc\nINFO     root:test_sort_product.py:62 Current URL after sorting: https://practice.automationtesting.in/shop/?orderby=price-desc\nINFO     root:test_sort_product.py:72 Validating URL contains parameter: orderby=price-desc\nINFO     root:test_sort_product.py:74 ========== SORT PRODUCTS TEST PASSED ==========\n\n--------------------------- Captured stderr teardown ---------------------------\n2026-02-23 11:01:20,233 - INFO - Browser Teardown Started\n2026-02-23 11:01:22,574 - INFO - Browser Closed Successfully\n\n\n---------------------------- Captured log teardown -----------------------------\nINFO     root:conftest.py:43 Browser Teardown Started\nINFO     root:conftest.py:45 Browser Closed Successfully&#34;}], &#34;tests/test_findorders_byuser.py::test_findOrdersByUser[data0]&#34;: [{&#34;extras&#34;: [], &#34;result&#34;: &#34;Passed&#34;, &#34;testId&#34;: &#34;tests/test_findorders_byuser.py::test_findOrdersByUser[data0]&#34;, &#34;duration&#34;: &#34;00:00:23&#34;, &#34;resultsTableRow&#34;: [&#34;&lt;td class=\&#34;col-result\&#34;&gt;Passed&lt;/td&gt;&#34;, &#34;&lt;td class=\&#34;col-testId\&#34;&gt;tests/test_findorders_byuser.py::test_findOrdersByUser[data0]&lt;/td&gt;&#34;, &#34;&lt;td class=\&#34;col-duration\&#34;&gt;00:00:23&lt;/td&gt;&#34;, &#34;&lt;td class=\&#34;col-links\&#34;&gt;&lt;/td&gt;&#34;], &#34;log&#34;: &#34;---------------------------- Captured stderr setup -----------------------------\n2026-02-23 11:01:22,575 - INFO - ------ Test Finished: test_sort_products[data5] ------\n\n2026-02-23 11:01:22,576 - INFO - ------ Test Started: test_findOrdersByUser[data0] ------\n2026-02-23 11:01:22,578 - INFO - Browser Setup Started: edge\n\n------------------------------ Captured log setup ------------------------------\nINFO     root:conftest.py:34 Browser Setup Started: edge\n\n----------------------------- Captured stderr call -----------------------------\n2026-02-23 11:01:33,967 - INFO - ========== STARTING FILTER ORDERS BY USER TEST ==========\n2026-02-23 11:01:33,967 - INFO - Clicking on Login/My Account link\n2026-02-23 11:01:37,244 - INFO - Current URL after clicking login: https://practice.automationtesting.in/my-account/\n2026-02-23 11:01:37,252 - INFO - Entering Email: Rani12@gmail.com\n2026-02-23 11:01:37,409 - INFO - Email entered in field: Rani12@gmail.com\n2026-02-23 11:01:37,409 - INFO - Entering Password\n2026-02-23 11:01:37,513 - INFO - Password entered successfully\n2026-02-23 11:01:37,513 - INFO - Selecting Remember Me checkbox\n2026-02-23 11:01:37,693 - INFO - Checkbox selected status: True\n2026-02-23 11:01:37,693 - INFO - Clicking Login button\n2026-02-23 11:01:40,671 - INFO - URL after login: https://practice.automationtesting.in/my-account/\n2026-02-23 11:01:40,676 - INFO - Checking if Orders table is displayed\n2026-02-23 11:01:40,676 - INFO - Checking if Orders table is displayed\n2026-02-23 11:01:43,679 - INFO - Orders table is visible\n2026-02-23 11:01:43,679 - INFO - ========== FILTER ORDERS BY USER TEST PASSED ==========\n\n------------------------------ Captured log call -------------------------------\nINFO     root:test_findorders_byuser.py:37 ========== STARTING FILTER ORDERS BY USER TEST ==========\nINFO     root:test_findorders_byuser.py:42 Clicking on Login/My Account link\nINFO     root:test_findorders_byuser.py:45 Current URL after clicking login: https://practice.automationtesting.in/my-account/\nINFO     root:test_findorders_byuser.py:50 Entering Email: Rani12@gmail.com\nINFO     root:test_findorders_byuser.py:53 Email entered in field: Rani12@gmail.com\nINFO     root:test_findorders_byuser.py:57 Entering Password\nINFO     root:test_findorders_byuser.py:60 Password entered successfully\nINFO     root:test_findorders_byuser.py:63 Selecting Remember Me checkbox\nINFO     root:test_findorders_byuser.py:66 Checkbox selected status: True\nINFO     root:test_findorders_byuser.py:68 Clicking Login button\nINFO     root:test_findorders_byuser.py:71 URL after login: https://practice.automationtesting.in/my-account/\nINFO     root:test_findorders_byuser.py:75 Checking if Orders table is displayed\nINFO     root:test_findorders_byuser.py:78 Checking if Orders table is displayed\nINFO     root:test_findorders_byuser.py:81 Orders table is visible\nINFO     root:test_findorders_byuser.py:85 ========== FILTER ORDERS BY USER TEST PASSED ==========\n\n--------------------------- Captured stderr teardown ---------------------------\n2026-02-23 11:01:43,681 - INFO - Browser Teardown Started\n2026-02-23 11:01:46,013 - INFO - Browser Closed Successfully\n\n\n---------------------------- Captured log teardown -----------------------------\nINFO     root:conftest.py:43 Browser Teardown Started\nINFO     root:conftest.py:45 Browser Closed Successfully&#34;}], &#34;tests/test_findorders_byuser.py::test_findOrdersByUser[data1]&#34;: [{&#34;extras&#34;: [], &#34;result&#34;: &#34;Passed&#34;, &#34;testId&#34;: &#34;tests/test_findorders_byuser.py::test_findOrdersByUser[data1]&#34;, &#34;duration&#34;: &#34;00:00:29&#34;, &#34;resultsTableRow&#34;: [&#34;&lt;td class=\&#34;col-result\&#34;&gt;Passed&lt;/td&gt;&#34;, &#34;&lt;td class=\&#34;col-testId\&#34;&gt;tests/test_findorders_byuser.py::test_findOrdersByUser[data1]&lt;/td&gt;&#34;, &#34;&lt;td class=\&#34;col-duration\&#34;&gt;00:00:29&lt;/td&gt;&#34;, &#34;&lt;td class=\&#34;col-links\&#34;&gt;&lt;/td&gt;&#34;], &#34;log&#34;: &#34;---------------------------- Captured stderr setup -----------------------------\n2026-02-23 11:01:46,015 - INFO - ------ Test Finished: test_findOrdersByUser[data0] ------\n\n2026-02-23 11:01:46,015 - INFO - ------ Test Started: test_findOrdersByUser[data1] ------\n2026-02-23 11:01:46,017 - INFO - Browser Setup Started: edge\n\n------------------------------ Captured log setup ------------------------------\nINFO     root:conftest.py:34 Browser Setup Started: edge\n\n----------------------------- Captured stderr call -----------------------------\n2026-02-23 11:01:56,752 - INFO - ========== STARTING FILTER ORDERS BY USER TEST ==========\n2026-02-23 11:01:56,752 - INFO - Clicking on Login/My Account link\n2026-02-23 11:01:59,836 - INFO - Current URL after clicking login: https://practice.automationtesting.in/my-account/\n2026-02-23 11:01:59,841 - INFO - Entering Email: Rani13@gmail.com\n2026-02-23 11:02:00,032 - INFO - Email entered in field: Rani13@gmail.com\n2026-02-23 11:02:00,033 - INFO - Entering Password\n2026-02-23 11:02:00,132 - INFO - Password entered successfully\n2026-02-23 11:02:00,132 - INFO - Selecting Remember Me checkbox\n2026-02-23 11:02:00,233 - INFO - Checkbox selected status: True\n2026-02-23 11:02:00,233 - INFO - Clicking Login button\n2026-02-23 11:02:01,790 - INFO - URL after login: https://practice.automationtesting.in/my-account/\n2026-02-23 11:02:01,794 - INFO - Checking if Orders table is displayed\n2026-02-23 11:02:01,794 - INFO - Checking if Orders table is displayed\n2026-02-23 11:02:13,137 - INFO - No orders / Invalid login - Negative case handled\n2026-02-23 11:02:13,138 - INFO - ========== FILTER ORDERS BY USER TEST PASSED ==========\n\n------------------------------ Captured log call -------------------------------\nINFO     root:test_findorders_byuser.py:37 ========== STARTING FILTER ORDERS BY USER TEST ==========\nINFO     root:test_findorders_byuser.py:42 Clicking on Login/My Account link\nINFO     root:test_findorders_byuser.py:45 Current URL after clicking login: https://practice.automationtesting.in/my-account/\nINFO     root:test_findorders_byuser.py:50 Entering Email: Rani13@gmail.com\nINFO     root:test_findorders_byuser.py:53 Email entered in field: Rani13@gmail.com\nINFO     root:test_findorders_byuser.py:57 Entering Password\nINFO     root:test_findorders_byuser.py:60 Password entered successfully\nINFO     root:test_findorders_byuser.py:63 Selecting Remember Me checkbox\nINFO     root:test_findorders_byuser.py:66 Checkbox selected status: True\nINFO     root:test_findorders_byuser.py:68 Clicking Login button\nINFO     root:test_findorders_byuser.py:71 URL after login: https://practice.automationtesting.in/my-account/\nINFO     root:test_findorders_byuser.py:75 Checking if Orders table is displayed\nINFO     root:test_findorders_byuser.py:78 Checking if Orders table is displayed\nINFO     root:test_findorders_byuser.py:83 No orders / Invalid login - Negative case handled\nINFO     root:test_findorders_byuser.py:85 ========== FILTER ORDERS BY USER TEST PASSED ==========\n\n--------------------------- Captured stderr teardown ---------------------------\n2026-02-23 11:02:13,140 - INFO - Browser Teardown Started\n2026-02-23 11:02:15,494 - INFO - Browser Closed Successfully\n\n\n---------------------------- Captured log teardown -----------------------------\nINFO     root:conftest.py:43 Browser Teardown Started\nINFO     root:conftest.py:45 Browser Closed Successfully&#34;}], &#34;tests/test_filterproduct_byprice.py::test_filter_product[data0]&#34;: [{&#34;extras&#34;: [], &#34;result&#34;: &#34;Passed&#34;, &#34;testId&#34;: &#34;tests/test_filterproduct_byprice.py::test_filter_product[data0]&#34;, &#34;duration&#34;: &#34;00:00:20&#34;, &#34;resultsTableRow&#34;: [&#34;&lt;td class=\&#34;col-result\&#34;&gt;Passed&lt;/td&gt;&#34;, &#34;&lt;td class=\&#34;col-testId\&#34;&gt;tests/test_filterproduct_byprice.py::test_filter_product[data0]&lt;/td&gt;&#34;, &#34;&lt;td class=\&#34;col-duration\&#34;&gt;00:00:20&lt;/td&gt;&#34;, &#34;&lt;td class=\&#34;col-links\&#34;&gt;&lt;/td&gt;&#34;], &#34;log&#34;: &#34;---------------------------- Captured stderr setup -----------------------------\n2026-02-23 11:02:15,496 - INFO - ------ Test Finished: test_findOrdersByUser[data1] ------\n\n2026-02-23 11:02:15,497 - INFO - ------ Test Started: test_filter_product[data0] ------\n2026-02-23 11:02:15,502 - INFO - Browser Setup Started: edge\n\n------------------------------ Captured log setup ------------------------------\nINFO     root:conftest.py:34 Browser Setup Started: edge\n\n----------------------------- Captured stderr call -----------------------------\n2026-02-23 11:02:25,266 - INFO - ========== STARTING FILTER PRODUCT BY PRICE TEST ==========\n2026-02-23 11:02:25,267 - INFO - Navigating to Shop page\n2026-02-23 11:02:30,379 - INFO - Current URL after navigation: https://practice.automationtesting.in/shop/\n2026-02-23 11:02:30,387 - INFO - Applying price filter -&amp;gt; Min: 150.0, Max: 300.0\n2026-02-23 11:02:30,537 - INFO - Price filter applied successfully\n2026-02-23 11:02:33,631 - INFO - Number of products displayed after filtering: 4\n2026-02-23 11:02:33,637 - INFO - URL after filtering: https://practice.automationtesting.in/shop/?min_price=150.0&amp;amp;max_price=300.0\n2026-02-23 11:02:33,642 - INFO - ========== FILTER PRODUCT TEST PASSED ==========\n\n------------------------------ Captured log call -------------------------------\nINFO     root:test_filterproduct_byprice.py:38 ========== STARTING FILTER PRODUCT BY PRICE TEST ==========\nINFO     root:test_filterproduct_byprice.py:42 Navigating to Shop page\nINFO     root:test_filterproduct_byprice.py:45 Current URL after navigation: https://practice.automationtesting.in/shop/\nINFO     root:test_filterproduct_byprice.py:53 Applying price filter -&amp;gt; Min: 150.0, Max: 300.0\nINFO     root:test_filterproduct_byprice.py:55 Price filter applied successfully\nINFO     root:test_filterproduct_byprice.py:60 Number of products displayed after filtering: 4\nINFO     root:test_filterproduct_byprice.py:69 URL after filtering: https://practice.automationtesting.in/shop/?min_price=150.0&amp;amp;max_price=300.0\nINFO     root:test_filterproduct_byprice.py:73 ========== FILTER PRODUCT TEST PASSED ==========\n\n--------------------------- Captured stderr teardown ---------------------------\n2026-02-23 11:02:33,644 - INFO - Browser Teardown Started\n2026-02-23 11:02:35,948 - INFO - Browser Closed Successfully\n\n\n---------------------------- Captured log teardown -----------------------------\nINFO     root:conftest.py:43 Browser Teardown Started\nINFO     root:conftest.py:45 Browser Closed Successfully&#34;}], &#34;tests/test_filterproduct_byprice.py::test_filter_product[data1]&#34;: [{&#34;extras&#34;: [], &#34;result&#34;: &#34;Passed&#34;, &#34;testId&#34;: &#34;tests/test_filterproduct_byprice.py::test_filter_product[data1]&#34;, &#34;duration&#34;: &#34;00:00:22&#34;, &#34;resultsTableRow&#34;: [&#34;&lt;td class=\&#34;col-result\&#34;&gt;Passed&lt;/td&gt;&#34;, &#34;&lt;td class=\&#34;col-testId\&#34;&gt;tests/test_filterproduct_byprice.py::test_filter_product[data1]&lt;/td&gt;&#34;, &#34;&lt;td class=\&#34;col-duration\&#34;&gt;00:00:22&lt;/td&gt;&#34;, &#34;&lt;td class=\&#34;col-links\&#34;&gt;&lt;/td&gt;&#34;], &#34;log&#34;: &#34;---------------------------- Captured stderr setup -----------------------------\n2026-02-23 11:02:35,951 - INFO - ------ Test Finished: test_filter_product[data0] ------\n\n2026-02-23 11:02:35,952 - INFO - ------ Test Started: test_filter_product[data1] ------\n2026-02-23 11:02:35,955 - INFO - Browser Setup Started: edge\n\n------------------------------ Captured log setup ------------------------------\nINFO     root:conftest.py:34 Browser Setup Started: edge\n\n----------------------------- Captured stderr call -----------------------------\n2026-02-23 11:02:48,466 - INFO - ========== STARTING FILTER PRODUCT BY PRICE TEST ==========\n2026-02-23 11:02:48,466 - INFO - Navigating to Shop page\n2026-02-23 11:02:52,454 - INFO - Current URL after navigation: https://practice.automationtesting.in/shop/\n2026-02-23 11:02:52,458 - INFO - Applying price filter -&amp;gt; Min: 200.0, Max: 400.0\n2026-02-23 11:02:55,736 - INFO - Price filter applied successfully\n2026-02-23 11:02:55,750 - INFO - Number of products displayed after filtering: 4\n2026-02-23 11:02:55,756 - INFO - URL after filtering: https://practice.automationtesting.in/shop/?min_price=200.0&amp;amp;max_price=400.0\n2026-02-23 11:02:55,761 - INFO - ========== FILTER PRODUCT TEST PASSED ==========\n\n------------------------------ Captured log call -------------------------------\nINFO     root:test_filterproduct_byprice.py:38 ========== STARTING FILTER PRODUCT BY PRICE TEST ==========\nINFO     root:test_filterproduct_byprice.py:42 Navigating to Shop page\nINFO     root:test_filterproduct_byprice.py:45 Current URL after navigation: https://practice.automationtesting.in/shop/\nINFO     root:test_filterproduct_byprice.py:53 Applying price filter -&amp;gt; Min: 200.0, Max: 400.0\nINFO     root:test_filterproduct_byprice.py:55 Price filter applied successfully\nINFO     root:test_filterproduct_byprice.py:60 Number of products displayed after filtering: 4\nINFO     root:test_filterproduct_byprice.py:69 URL after filtering: https://practice.automationtesting.in/shop/?min_price=200.0&amp;amp;max_price=400.0\nINFO     root:test_filterproduct_byprice.py:73 ========== FILTER PRODUCT TEST PASSED ==========\n\n--------------------------- Captured stderr teardown ---------------------------\n2026-02-23 11:02:55,763 - INFO - Browser Teardown Started\n2026-02-23 11:02:58,077 - INFO - Browser Closed Successfully\n\n\n---------------------------- Captured log teardown -----------------------------\nINFO     root:conftest.py:43 Browser Teardown Started\nINFO     root:conftest.py:45 Browser Closed Successfully&#34;}], &#34;tests/test_filterproduct_byprice.py::test_filter_product[data2]&#34;: [{&#34;extras&#34;: [], &#34;result&#34;: &#34;Passed&#34;, &#34;testId&#34;: &#34;tests/test_filterproduct_byprice.py::test_filter_product[data2]&#34;, &#34;duration&#34;: &#34;00:00:19&#34;, &#34;resultsTableRow&#34;: [&#34;&lt;td class=\&#34;col-result\&#34;&gt;Passed&lt;/td&gt;&#34;, &#34;&lt;td class=\&#34;col-testId\&#34;&gt;tests/test_filterproduct_byprice.py::test_filter_product[data2]&lt;/td&gt;&#34;, &#34;&lt;td class=\&#34;col-duration\&#34;&gt;00:00:19&lt;/td&gt;&#34;, &#34;&lt;td class=\&#34;col-links\&#34;&gt;&lt;/td&gt;&#34;], &#34;log&#34;: &#34;---------------------------- Captured stderr setup -----------------------------\n2026-02-23 11:02:58,079 - INFO - ------ Test Finished: test_filter_product[data1] ------\n\n2026-02-23 11:02:58,080 - INFO - ------ Test Started: test_filter_product[data2] ------\n2026-02-23 11:02:58,082 - INFO - Browser Setup Started: edge\n\n------------------------------ Captured log setup ------------------------------\nINFO     root:conftest.py:34 Browser Setup Started: edge\n\n----------------------------- Captured stderr call -----------------------------\n2026-02-23 11:03:09,537 - INFO - ========== STARTING FILTER PRODUCT BY PRICE TEST ==========\n2026-02-23 11:03:09,537 - INFO - Navigating to Shop page\n2026-02-23 11:03:13,866 - INFO - Current URL after navigation: https://practice.automationtesting.in/shop/\n2026-02-23 11:03:13,872 - INFO - Applying price filter -&amp;gt; Min: 250.0, Max: 500.0\n2026-02-23 11:03:15,183 - INFO - Price filter applied successfully\n2026-02-23 11:03:15,224 - INFO - Number of products displayed after filtering: 6\n2026-02-23 11:03:15,230 - INFO - URL after filtering: https://practice.automationtesting.in/shop/?min_price=250.0&amp;amp;max_price=500.0\n2026-02-23 11:03:15,235 - INFO - ========== FILTER PRODUCT TEST PASSED ==========\n\n------------------------------ Captured log call -------------------------------\nINFO     root:test_filterproduct_byprice.py:38 ========== STARTING FILTER PRODUCT BY PRICE TEST ==========\nINFO     root:test_filterproduct_byprice.py:42 Navigating to Shop page\nINFO     root:test_filterproduct_byprice.py:45 Current URL after navigation: https://practice.automationtesting.in/shop/\nINFO     root:test_filterproduct_byprice.py:53 Applying price filter -&amp;gt; Min: 250.0, Max: 500.0\nINFO     root:test_filterproduct_byprice.py:55 Price filter applied successfully\nINFO     root:test_filterproduct_byprice.py:60 Number of products displayed after filtering: 6\nINFO     root:test_filterproduct_byprice.py:69 URL after filtering: https://practice.automationtesting.in/shop/?min_price=250.0&amp;amp;max_price=500.0\nINFO     root:test_filterproduct_byprice.py:73 ========== FILTER PRODUCT TEST PASSED ==========\n\n--------------------------- Captured stderr teardown ---------------------------\n2026-02-23 11:03:15,237 - INFO - Browser Teardown Started\n2026-02-23 11:03:17,532 - INFO - Browser Closed Successfully\n\n\n---------------------------- Captured log teardown -----------------------------\nINFO     root:conftest.py:43 Browser Teardown Started\nINFO     root:conftest.py:45 Browser Closed Successfully&#34;}], &#34;tests/test_login_page.py::test_logout[data0]&#34;: [{&#34;extras&#34;: [], &#34;result&#34;: &#34;Passed&#34;, &#34;testId&#34;: &#34;tests/test_login_page.py::test_logout[data0]&#34;, &#34;duration&#34;: &#34;00:00:23&#34;, &#34;resultsTableRow&#34;: [&#34;&lt;td class=\&#34;col-result\&#34;&gt;Passed&lt;/td&gt;&#34;, &#34;&lt;td class=\&#34;col-testId\&#34;&gt;tests/test_login_page.py::test_logout[data0]&lt;/td&gt;&#34;, &#34;&lt;td class=\&#34;col-duration\&#34;&gt;00:00:23&lt;/td&gt;&#34;, &#34;&lt;td class=\&#34;col-links\&#34;&gt;&lt;/td&gt;&#34;], &#34;log&#34;: &#34;---------------------------- Captured stderr setup -----------------------------\n2026-02-23 11:03:17,534 - INFO - ------ Test Finished: test_filter_product[data2] ------\n\n2026-02-23 11:03:17,535 - INFO - ------ Test Started: test_logout[data0] ------\n2026-02-23 11:03:17,538 - INFO - Browser Setup Started: edge\n\n------------------------------ Captured log setup ------------------------------\nINFO     root:conftest.py:34 Browser Setup Started: edge\n\n----------------------------- Captured stderr call -----------------------------\n2026-02-23 11:03:29,009 - INFO - ========== STARTING LOGOUT TEST ==========\n2026-02-23 11:03:29,010 - INFO - Opening My Account page\n2026-02-23 11:03:30,483 - INFO - Performing login before logout\n2026-02-23 11:03:34,767 - INFO - Clicking sign out\n2026-02-23 11:03:38,235 - INFO - ========== LOGOUT TEST PASSED ==========\n\n------------------------------ Captured log call -------------------------------\nINFO     root:test_login_page.py:70 ========== STARTING LOGOUT TEST ==========\nINFO     root:test_login_page.py:73 Opening My Account page\nINFO     root:test_login_page.py:77 Performing login before logout\nINFO     root:test_login_page.py:94 Clicking sign out\nINFO     root:test_login_page.py:98 ========== LOGOUT TEST PASSED ==========\n\n--------------------------- Captured stderr teardown ---------------------------\n2026-02-23 11:03:38,237 - INFO - Browser Teardown Started\n2026-02-23 11:03:40,615 - INFO - Browser Closed Successfully\n\n\n---------------------------- Captured log teardown -----------------------------\nINFO     root:conftest.py:43 Browser Teardown Started\nINFO     root:conftest.py:45 Browser Closed Successfully&#34;}], &#34;tests/test_home_page.py::test_open_homepage&#34;: [{&#34;extras&#34;: [], &#34;result&#34;: &#34;Passed&#34;, &#34;testId&#34;: &#34;tests/test_home_page.py::test_open_homepage&#34;, &#34;duration&#34;: &#34;00:00:14&#34;, &#34;resultsTableRow&#34;: [&#34;&lt;td class=\&#34;col-result\&#34;&gt;Passed&lt;/td&gt;&#34;, &#34;&lt;td class=\&#34;col-testId\&#34;&gt;tests/test_home_page.py::test_open_homepage&lt;/td&gt;&#34;, &#34;&lt;td class=\&#34;col-duration\&#34;&gt;00:00:14&lt;/td&gt;&#34;, &#34;&lt;td class=\&#34;col-links\&#34;&gt;&lt;/td&gt;&#34;], &#34;log&#34;: &#34;---------------------------- Captured stderr setup -----------------------------\n2026-02-23 11:03:40,617 - INFO - ------ Test Finished: test_logout[data0] ------\n\n2026-02-23 11:03:40,618 - INFO - ------ Test Started: test_open_homepage ------\n2026-02-23 11:03:40,622 - INFO - Browser Setup Started: edge\n\n------------------------------ Captured log setup ------------------------------\nINFO     root:conftest.py:34 Browser Setup Started: edge\n--------------------------- Captured stderr teardown ---------------------------\n2026-02-23 11:03:52,025 - INFO - Browser Teardown Started\n2026-02-23 11:03:54,331 - INFO - Browser Closed Successfully\n\n\n---------------------------- Captured log teardown -----------------------------\nINFO     root:conftest.py:43 Browser Teardown Started\nINFO     root:conftest.py:45 Browser Closed Successfully&#34;}]}, &#34;renderCollapsed&#34;: [&#34;passed&#34;], &#34;initialSort&#34;: &#34;result&#34;, &#34;title&#34;: &#34;edge_report_2026_02_23.html&#34;}"></div>
    <script>
      (function(){function r(e,n,t){function o(i,f){if(!n[i]){if(!e[i]){var c="function"==typeof require&&require;if(!f&&c)return c(i,!0);if(u)return u(i,!0);var a=new Error("Cannot find module '"+i+"'");throw a.code="MODULE_NOT_FOUND",a}var p=n[i]={exports:{}};e[i][0].call(p.exports,function(r){var n=e[i][1][r];return o(n||r)},p,p.exports,r,e,n,t)}return n[i].exports}for(var u="function"==typeof require&&require,i=0;i<t.length;i++)o(t[i]);return o}return r})()({1:[function(require,module,exports){
const { getCollapsedCategory, setCollapsedIds } = require('./storage.js')

class DataManager {
    setManager(data) {
        const collapsedCategories = [...getCollapsedCategory(data.renderCollapsed)]
        const collapsedIds = []
        const tests = Object.values(data.tests).flat().map((test, index) => {
            const collapsed = collapsedCategories.includes(test.result.toLowerCase())
            const id = `test_${index}`
            if (collapsed) {
                collapsedIds.push(id)
            }
            return {
                ...test,
                id,
                collapsed,
            }
        })
        const dataBlob = { ...data, tests }
        this.data = { ...dataBlob }
        this.renderData = { ...dataBlob }
        setCollapsedIds(collapsedIds)
    }

    get allData() {
        return { ...this.data }
    }

    resetRender() {
        this.renderData = { ...this.data }
    }

    setRender(data) {
        this.renderData.tests = [...data]
    }

    toggleCollapsedItem(id) {
        this.renderData.tests = this.renderData.tests.map((test) =>
            test.id === id ? { ...test, collapsed: !test.collapsed } : test,
        )
    }

    set allCollapsed(collapsed) {
        this.renderData = { ...this.renderData, tests: [...this.renderData.tests.map((test) => (
            { ...test, collapsed }
        ))] }
    }

    get testSubset() {
        return [...this.renderData.tests]
    }

    get environment() {
        return this.renderData.environment
    }

    get initialSort() {
        return this.data.initialSort
    }
}

module.exports = {
    manager: new DataManager(),
}

},{"./storage.js":8}],2:[function(require,module,exports){
const mediaViewer = require('./mediaviewer.js')
const templateEnvRow = document.getElementById('template_environment_row')
const templateResult = document.getElementById('template_results-table__tbody')

function htmlToElements(html) {
    const temp = document.createElement('template')
    temp.innerHTML = html
    return temp.content.childNodes
}

const find = (selector, elem) => {
    if (!elem) {
        elem = document
    }
    return elem.querySelector(selector)
}

const findAll = (selector, elem) => {
    if (!elem) {
        elem = document
    }
    return [...elem.querySelectorAll(selector)]
}

const dom = {
    getStaticRow: (key, value) => {
        const envRow = templateEnvRow.content.cloneNode(true)
        const isObj = typeof value === 'object' && value !== null
        const values = isObj ? Object.keys(value).map((k) => `${k}: ${value[k]}`) : null

        const valuesElement = htmlToElements(
            values ? `<ul>${values.map((val) => `<li>${val}</li>`).join('')}<ul>` : `<div>${value}</div>`)[0]
        const td = findAll('td', envRow)
        td[0].textContent = key
        td[1].appendChild(valuesElement)

        return envRow
    },
    getResultTBody: ({ testId, id, log, extras, resultsTableRow, tableHtml, result, collapsed }) => {
        const resultBody = templateResult.content.cloneNode(true)
        resultBody.querySelector('tbody').classList.add(result.toLowerCase())
        resultBody.querySelector('tbody').id = testId
        resultBody.querySelector('.collapsible').dataset.id = id

        resultsTableRow.forEach((html) => {
            const t = document.createElement('template')
            t.innerHTML = html
            resultBody.querySelector('.collapsible').appendChild(t.content)
        })

        if (log) {
            // Wrap lines starting with "E" with span.error to color those lines red
            const wrappedLog = log.replace(/^E.*$/gm, (match) => `<span class="error">${match}</span>`)
            resultBody.querySelector('.log').innerHTML = wrappedLog
        } else {
            resultBody.querySelector('.log').remove()
        }

        if (collapsed) {
            resultBody.querySelector('.collapsible > .col-result')?.classList.add('collapsed')
            resultBody.querySelector('.extras-row').classList.add('hidden')
        } else {
            resultBody.querySelector('.collapsible > .col-result')?.classList.remove('collapsed')
        }

        const media = []
        extras?.forEach(({ name, format_type, content }) => {
            if (['image', 'video'].includes(format_type)) {
                media.push({ path: content, name, format_type })
            }

            if (format_type === 'html') {
                resultBody.querySelector('.extraHTML').insertAdjacentHTML('beforeend', `<div>${content}</div>`)
            }
        })
        mediaViewer.setup(resultBody, media)

        // Add custom html from the pytest_html_results_table_html hook
        tableHtml?.forEach((item) => {
            resultBody.querySelector('td[class="extra"]').insertAdjacentHTML('beforeend', item)
        })

        return resultBody
    },
}

module.exports = {
    dom,
    htmlToElements,
    find,
    findAll,
}

},{"./mediaviewer.js":6}],3:[function(require,module,exports){
const { manager } = require('./datamanager.js')
const { doSort } = require('./sort.js')
const storageModule = require('./storage.js')

const getFilteredSubSet = (filter) =>
    manager.allData.tests.filter(({ result }) => filter.includes(result.toLowerCase()))

const doInitFilter = () => {
    const currentFilter = storageModule.getVisible()
    const filteredSubset = getFilteredSubSet(currentFilter)
    manager.setRender(filteredSubset)
}

const doFilter = (type, show) => {
    if (show) {
        storageModule.showCategory(type)
    } else {
        storageModule.hideCategory(type)
    }

    const currentFilter = storageModule.getVisible()
    const filteredSubset = getFilteredSubSet(currentFilter)
    manager.setRender(filteredSubset)

    const sortColumn = storageModule.getSort()
    doSort(sortColumn, true)
}

module.exports = {
    doFilter,
    doInitFilter,
}

},{"./datamanager.js":1,"./sort.js":7,"./storage.js":8}],4:[function(require,module,exports){
const { redraw, bindEvents, renderStatic } = require('./main.js')
const { doInitFilter } = require('./filter.js')
const { doInitSort } = require('./sort.js')
const { manager } = require('./datamanager.js')
const data = JSON.parse(document.getElementById('data-container').dataset.jsonblob)

function init() {
    manager.setManager(data)
    doInitFilter()
    doInitSort()
    renderStatic()
    redraw()
    bindEvents()
}

init()

},{"./datamanager.js":1,"./filter.js":3,"./main.js":5,"./sort.js":7}],5:[function(require,module,exports){
const { dom, find, findAll } = require('./dom.js')
const { manager } = require('./datamanager.js')
const { doSort } = require('./sort.js')
const { doFilter } = require('./filter.js')
const {
    getVisible,
    getCollapsedIds,
    setCollapsedIds,
    getSort,
    getSortDirection,
    possibleFilters,
} = require('./storage.js')

const removeChildren = (node) => {
    while (node.firstChild) {
        node.removeChild(node.firstChild)
    }
}

const renderStatic = () => {
    const renderEnvironmentTable = () => {
        const environment = manager.environment
        const rows = Object.keys(environment).map((key) => dom.getStaticRow(key, environment[key]))
        const table = document.getElementById('environment')
        removeChildren(table)
        rows.forEach((row) => table.appendChild(row))
    }
    renderEnvironmentTable()
}

const addItemToggleListener = (elem) => {
    elem.addEventListener('click', ({ target }) => {
        const id = target.parentElement.dataset.id
        manager.toggleCollapsedItem(id)

        const collapsedIds = getCollapsedIds()
        if (collapsedIds.includes(id)) {
            const updated = collapsedIds.filter((item) => item !== id)
            setCollapsedIds(updated)
        } else {
            collapsedIds.push(id)
            setCollapsedIds(collapsedIds)
        }
        redraw()
    })
}

const renderContent = (tests) => {
    const sortAttr = getSort(manager.initialSort)
    const sortAsc = JSON.parse(getSortDirection())
    const rows = tests.map(dom.getResultTBody)
    const table = document.getElementById('results-table')
    const tableHeader = document.getElementById('results-table-head')

    const newTable = document.createElement('table')
    newTable.id = 'results-table'

    // remove all sorting classes and set the relevant
    findAll('.sortable', tableHeader).forEach((elem) => elem.classList.remove('asc', 'desc'))
    tableHeader.querySelector(`.sortable[data-column-type="${sortAttr}"]`)?.classList.add(sortAsc ? 'desc' : 'asc')
    newTable.appendChild(tableHeader)

    if (!rows.length) {
        const emptyTable = document.getElementById('template_results-table__body--empty').content.cloneNode(true)
        newTable.appendChild(emptyTable)
    } else {
        rows.forEach((row) => {
            if (!!row) {
                findAll('.collapsible td:not(.col-links', row).forEach(addItemToggleListener)
                find('.logexpander', row).addEventListener('click',
                    (evt) => evt.target.parentNode.classList.toggle('expanded'),
                )
                newTable.appendChild(row)
            }
        })
    }

    table.replaceWith(newTable)
}

const renderDerived = () => {
    const currentFilter = getVisible()
    possibleFilters.forEach((result) => {
        const input = document.querySelector(`input[data-test-result="${result}"]`)
        input.checked = currentFilter.includes(result)
    })
}

const bindEvents = () => {
    const filterColumn = (evt) => {
        const { target: element } = evt
        const { testResult } = element.dataset

        doFilter(testResult, element.checked)
        const collapsedIds = getCollapsedIds()
        const updated = manager.renderData.tests.map((test) => {
            return {
                ...test,
                collapsed: collapsedIds.includes(test.id),
            }
        })
        manager.setRender(updated)
        redraw()
    }

    const header = document.getElementById('environment-header')
    header.addEventListener('click', () => {
        const table = document.getElementById('environment')
        table.classList.toggle('hidden')
        header.classList.toggle('collapsed')
    })

    findAll('input[name="filter_checkbox"]').forEach((elem) => {
        elem.addEventListener('click', filterColumn)
    })

    findAll('.sortable').forEach((elem) => {
        elem.addEventListener('click', (evt) => {
            const { target: element } = evt
            const { columnType } = element.dataset
            doSort(columnType)
            redraw()
        })
    })

    document.getElementById('show_all_details').addEventListener('click', () => {
        manager.allCollapsed = false
        setCollapsedIds([])
        redraw()
    })
    document.getElementById('hide_all_details').addEventListener('click', () => {
        manager.allCollapsed = true
        const allIds = manager.renderData.tests.map((test) => test.id)
        setCollapsedIds(allIds)
        redraw()
    })
}

const redraw = () => {
    const { testSubset } = manager

    renderContent(testSubset)
    renderDerived()
}

module.exports = {
    redraw,
    bindEvents,
    renderStatic,
}

},{"./datamanager.js":1,"./dom.js":2,"./filter.js":3,"./sort.js":7,"./storage.js":8}],6:[function(require,module,exports){
class MediaViewer {
    constructor(assets) {
        this.assets = assets
        this.index = 0
    }

    nextActive() {
        this.index = this.index === this.assets.length - 1 ? 0 : this.index + 1
        return [this.activeFile, this.index]
    }

    prevActive() {
        this.index = this.index === 0 ? this.assets.length - 1 : this.index -1
        return [this.activeFile, this.index]
    }

    get currentIndex() {
        return this.index
    }

    get activeFile() {
        return this.assets[this.index]
    }
}


const setup = (resultBody, assets) => {
    if (!assets.length) {
        resultBody.querySelector('.media').classList.add('hidden')
        return
    }

    const mediaViewer = new MediaViewer(assets)
    const container = resultBody.querySelector('.media-container')
    const leftArrow = resultBody.querySelector('.media-container__nav--left')
    const rightArrow = resultBody.querySelector('.media-container__nav--right')
    const mediaName = resultBody.querySelector('.media__name')
    const counter = resultBody.querySelector('.media__counter')
    const imageEl = resultBody.querySelector('img')
    const sourceEl = resultBody.querySelector('source')
    const videoEl = resultBody.querySelector('video')

    const setImg = (media, index) => {
        if (media?.format_type === 'image') {
            imageEl.src = media.path

            imageEl.classList.remove('hidden')
            videoEl.classList.add('hidden')
        } else if (media?.format_type === 'video') {
            sourceEl.src = media.path

            videoEl.classList.remove('hidden')
            imageEl.classList.add('hidden')
        }

        mediaName.innerText = media?.name
        counter.innerText = `${index + 1} / ${assets.length}`
    }
    setImg(mediaViewer.activeFile, mediaViewer.currentIndex)

    const moveLeft = () => {
        const [media, index] = mediaViewer.prevActive()
        setImg(media, index)
    }
    const doRight = () => {
        const [media, index] = mediaViewer.nextActive()
        setImg(media, index)
    }
    const openImg = () => {
        window.open(mediaViewer.activeFile.path, '_blank')
    }
    if (assets.length === 1) {
        container.classList.add('media-container--fullscreen')
    } else {
        leftArrow.addEventListener('click', moveLeft)
        rightArrow.addEventListener('click', doRight)
    }
    imageEl.addEventListener('click', openImg)
}

module.exports = {
    setup,
}

},{}],7:[function(require,module,exports){
const { manager } = require('./datamanager.js')
const storageModule = require('./storage.js')

const genericSort = (list, key, ascending, customOrder) => {
    let sorted
    if (customOrder) {
        sorted = list.sort((a, b) => {
            const aValue = a.result.toLowerCase()
            const bValue = b.result.toLowerCase()

            const aIndex = customOrder.findIndex((item) => item.toLowerCase() === aValue)
            const bIndex = customOrder.findIndex((item) => item.toLowerCase() === bValue)

            // Compare the indices to determine the sort order
            return aIndex - bIndex
        })
    } else {
        sorted = list.sort((a, b) => a[key] === b[key] ? 0 : a[key] > b[key] ? 1 : -1)
    }

    if (ascending) {
        sorted.reverse()
    }
    return sorted
}

const durationSort = (list, ascending) => {
    const parseDuration = (duration) => {
        if (duration.includes(':')) {
            // If it's in the format "HH:mm:ss"
            const [hours, minutes, seconds] = duration.split(':').map(Number)
            return (hours * 3600 + minutes * 60 + seconds) * 1000
        } else {
            // If it's in the format "nnn ms"
            return parseInt(duration)
        }
    }
    const sorted = list.sort((a, b) => parseDuration(a['duration']) - parseDuration(b['duration']))
    if (ascending) {
        sorted.reverse()
    }
    return sorted
}

const doInitSort = () => {
    const type = storageModule.getSort(manager.initialSort)
    const ascending = storageModule.getSortDirection()
    const list = manager.testSubset
    const initialOrder = ['Error', 'Failed', 'Rerun', 'XFailed', 'XPassed', 'Skipped', 'Passed']

    storageModule.setSort(type)
    storageModule.setSortDirection(ascending)

    if (type?.toLowerCase() === 'original') {
        manager.setRender(list)
    } else {
        let sortedList
        switch (type) {
        case 'duration':
            sortedList = durationSort(list, ascending)
            break
        case 'result':
            sortedList = genericSort(list, type, ascending, initialOrder)
            break
        default:
            sortedList = genericSort(list, type, ascending)
            break
        }
        manager.setRender(sortedList)
    }
}

const doSort = (type, skipDirection) => {
    const newSortType = storageModule.getSort(manager.initialSort) !== type
    const currentAsc = storageModule.getSortDirection()
    let ascending
    if (skipDirection) {
        ascending = currentAsc
    } else {
        ascending = newSortType ? false : !currentAsc
    }
    storageModule.setSort(type)
    storageModule.setSortDirection(ascending)

    const list = manager.testSubset
    const sortedList = type === 'duration' ? durationSort(list, ascending) : genericSort(list, type, ascending)
    manager.setRender(sortedList)
}

module.exports = {
    doInitSort,
    doSort,
}

},{"./datamanager.js":1,"./storage.js":8}],8:[function(require,module,exports){
const possibleFilters = [
    'passed',
    'skipped',
    'failed',
    'error',
    'xfailed',
    'xpassed',
    'rerun',
]

const getVisible = () => {
    const url = new URL(window.location.href)
    const settings = new URLSearchParams(url.search).get('visible')
    const lower = (item) => {
        const lowerItem = item.toLowerCase()
        if (possibleFilters.includes(lowerItem)) {
            return lowerItem
        }
        return null
    }
    return settings === null ?
        possibleFilters :
        [...new Set(settings?.split(',').map(lower).filter((item) => item))]
}

const hideCategory = (categoryToHide) => {
    const url = new URL(window.location.href)
    const visibleParams = new URLSearchParams(url.search).get('visible')
    const currentVisible = visibleParams ? visibleParams.split(',') : [...possibleFilters]
    const settings = [...new Set(currentVisible)].filter((f) => f !== categoryToHide).join(',')

    url.searchParams.set('visible', settings)
    window.history.pushState({}, null, unescape(url.href))
}

const showCategory = (categoryToShow) => {
    if (typeof window === 'undefined') {
        return
    }
    const url = new URL(window.location.href)
    const currentVisible = new URLSearchParams(url.search).get('visible')?.split(',').filter(Boolean) ||
        [...possibleFilters]
    const settings = [...new Set([categoryToShow, ...currentVisible])]
    const noFilter = possibleFilters.length === settings.length || !settings.length

    noFilter ? url.searchParams.delete('visible') : url.searchParams.set('visible', settings.join(','))
    window.history.pushState({}, null, unescape(url.href))
}

const getSort = (initialSort) => {
    const url = new URL(window.location.href)
    let sort = new URLSearchParams(url.search).get('sort')
    if (!sort) {
        sort = initialSort || 'result'
    }
    return sort
}

const setSort = (type) => {
    const url = new URL(window.location.href)
    url.searchParams.set('sort', type)
    window.history.pushState({}, null, unescape(url.href))
}

const getCollapsedCategory = (renderCollapsed) => {
    let categories
    if (typeof window !== 'undefined') {
        const url = new URL(window.location.href)
        const collapsedItems = new URLSearchParams(url.search).get('collapsed')
        switch (true) {
        case !renderCollapsed && collapsedItems === null:
            categories = ['passed']
            break
        case collapsedItems?.length === 0 || /^["']{2}$/.test(collapsedItems):
            categories = []
            break
        case /^all$/.test(collapsedItems) || collapsedItems === null && /^all$/.test(renderCollapsed):
            categories = [...possibleFilters]
            break
        default:
            categories = collapsedItems?.split(',').map((item) => item.toLowerCase()) || renderCollapsed
            break
        }
    } else {
        categories = []
    }
    return categories
}

const getSortDirection = () => JSON.parse(sessionStorage.getItem('sortAsc')) || false
const setSortDirection = (ascending) => sessionStorage.setItem('sortAsc', ascending)

const getCollapsedIds = () => JSON.parse(sessionStorage.getItem('collapsedIds')) || []
const setCollapsedIds = (list) => sessionStorage.setItem('collapsedIds', JSON.stringify(list))

module.exports = {
    getVisible,
    hideCategory,
    showCategory,
    getCollapsedIds,
    setCollapsedIds,
    getSort,
    setSort,
    getSortDirection,
    setSortDirection,
    getCollapsedCategory,
    possibleFilters,
}

},{}]},{},[4]);
    </script>
  </footer>
  </body>
</html>