<!DOCTYPE html>
<html>
  <head>
    <meta charset="utf-8"/>
    <title id="head-title">firefox_report.html</title>
      <style type="text/css">body {
  font-family: Helvetica, Arial, sans-serif;
  font-size: 12px;
  /* do not increase min-width as some may use split screens */
  min-width: 800px;
  color: #999;
}

h1 {
  font-size: 24px;
  color: black;
}

h2 {
  font-size: 16px;
  color: black;
}

p {
  color: black;
}

a {
  color: #999;
}

table {
  border-collapse: collapse;
}

/******************************
 * SUMMARY INFORMATION
 ******************************/
#environment td {
  padding: 5px;
  border: 1px solid #e6e6e6;
  vertical-align: top;
}
#environment tr:nth-child(odd) {
  background-color: #f6f6f6;
}
#environment ul {
  margin: 0;
  padding: 0 20px;
}

/******************************
 * TEST RESULT COLORS
 ******************************/
span.passed,
.passed .col-result {
  color: green;
}

span.skipped,
span.xfailed,
span.rerun,
.skipped .col-result,
.xfailed .col-result,
.rerun .col-result {
  color: orange;
}

span.error,
span.failed,
span.xpassed,
.error .col-result,
.failed .col-result,
.xpassed .col-result {
  color: red;
}

.col-links__extra {
  margin-right: 3px;
}

/******************************
 * RESULTS TABLE
 *
 * 1. Table Layout
 * 2. Extra
 * 3. Sorting items
 *
 ******************************/
/*------------------
 * 1. Table Layout
 *------------------*/
#results-table {
  border: 1px solid #e6e6e6;
  color: #999;
  font-size: 12px;
  width: 100%;
}
#results-table th,
#results-table td {
  padding: 5px;
  border: 1px solid #e6e6e6;
  text-align: left;
}
#results-table th {
  font-weight: bold;
}

/*------------------
 * 2. Extra
 *------------------*/
.logwrapper {
  max-height: 230px;
  overflow-y: scroll;
  background-color: #e6e6e6;
}
.logwrapper.expanded {
  max-height: none;
}
.logwrapper.expanded .logexpander:after {
  content: "collapse [-]";
}
.logwrapper .logexpander {
  z-index: 1;
  position: sticky;
  top: 10px;
  width: max-content;
  border: 1px solid;
  border-radius: 3px;
  padding: 5px 7px;
  margin: 10px 0 10px calc(100% - 80px);
  cursor: pointer;
  background-color: #e6e6e6;
}
.logwrapper .logexpander:after {
  content: "expand [+]";
}
.logwrapper .logexpander:hover {
  color: #000;
  border-color: #000;
}
.logwrapper .log {
  min-height: 40px;
  position: relative;
  top: -50px;
  height: calc(100% + 50px);
  border: 1px solid #e6e6e6;
  color: black;
  display: block;
  font-family: "Courier New", Courier, monospace;
  padding: 5px;
  padding-right: 80px;
  white-space: pre-wrap;
}

div.media {
  border: 1px solid #e6e6e6;
  float: right;
  height: 240px;
  margin: 0 5px;
  overflow: hidden;
  width: 320px;
}

.media-container {
  display: grid;
  grid-template-columns: 25px auto 25px;
  align-items: center;
  flex: 1 1;
  overflow: hidden;
  height: 200px;
}

.media-container--fullscreen {
  grid-template-columns: 0px auto 0px;
}

.media-container__nav--right,
.media-container__nav--left {
  text-align: center;
  cursor: pointer;
}

.media-container__viewport {
  cursor: pointer;
  text-align: center;
  height: inherit;
}
.media-container__viewport img,
.media-container__viewport video {
  object-fit: cover;
  width: 100%;
  max-height: 100%;
}

.media__name,
.media__counter {
  display: flex;
  flex-direction: row;
  justify-content: space-around;
  flex: 0 0 25px;
  align-items: center;
}

.collapsible td:not(.col-links) {
  cursor: pointer;
}
.collapsible td:not(.col-links):hover::after {
  color: #bbb;
  font-style: italic;
  cursor: pointer;
}

.col-result {
  width: 130px;
}
.col-result:hover::after {
  content: " (hide details)";
}

.col-result.collapsed:hover::after {
  content: " (show details)";
}

#environment-header h2:hover::after {
  content: " (hide details)";
  color: #bbb;
  font-style: italic;
  cursor: pointer;
  font-size: 12px;
}

#environment-header.collapsed h2:hover::after {
  content: " (show details)";
  color: #bbb;
  font-style: italic;
  cursor: pointer;
  font-size: 12px;
}

/*------------------
 * 3. Sorting items
 *------------------*/
.sortable {
  cursor: pointer;
}
.sortable.desc:after {
  content: " ";
  position: relative;
  left: 5px;
  bottom: -12.5px;
  border: 10px solid #4caf50;
  border-bottom: 0;
  border-left-color: transparent;
  border-right-color: transparent;
}
.sortable.asc:after {
  content: " ";
  position: relative;
  left: 5px;
  bottom: 12.5px;
  border: 10px solid #4caf50;
  border-top: 0;
  border-left-color: transparent;
  border-right-color: transparent;
}

.hidden, .summary__reload__button.hidden {
  display: none;
}

.summary__data {
  flex: 0 0 550px;
}
.summary__reload {
  flex: 1 1;
  display: flex;
  justify-content: center;
}
.summary__reload__button {
  flex: 0 0 300px;
  display: flex;
  color: white;
  font-weight: bold;
  background-color: #4caf50;
  text-align: center;
  justify-content: center;
  align-items: center;
  border-radius: 3px;
  cursor: pointer;
}
.summary__reload__button:hover {
  background-color: #46a049;
}
.summary__spacer {
  flex: 0 0 550px;
}

.controls {
  display: flex;
  justify-content: space-between;
}

.filters,
.collapse {
  display: flex;
  align-items: center;
}
.filters button,
.collapse button {
  color: #999;
  border: none;
  background: none;
  cursor: pointer;
  text-decoration: underline;
}
.filters button:hover,
.collapse button:hover {
  color: #ccc;
}

.filter__label {
  margin-right: 10px;
}

      </style>
    
  </head>
  <body>
    <h1 id="title">firefox_report.html</h1>
    <p>Report generated on 22-Feb-2026 at 18:23:06 by <a href="https://pypi.python.org/pypi/pytest-html">pytest-html</a>
        v4.2.0</p>
    <div id="environment-header">
      <h2>Environment</h2>
    </div>
    <table id="environment"></table>
    <!-- TEMPLATES -->
      <template id="template_environment_row">
      <tr>
        <td></td>
        <td></td>
      </tr>
    </template>
    <template id="template_results-table__body--empty">
      <tbody class="results-table-row">
        <tr id="not-found-message">
          <td colspan="4">No results found. Check the filters.</td>
        </tr>
      </tbody>
    </template>
    <template id="template_results-table__tbody">
      <tbody class="results-table-row">
        <tr class="collapsible">
        </tr>
        <tr class="extras-row">
          <td class="extra" colspan="4">
            <div class="extraHTML"></div>
            <div class="media">
              <div class="media-container">
                  <div class="media-container__nav--left">&lt;</div>
                  <div class="media-container__viewport">
                    <img src="" />
                    <video controls>
                      <source src="" type="video/mp4">
                    </video>
                  </div>
                  <div class="media-container__nav--right">&gt;</div>
                </div>
                <div class="media__name"></div>
                <div class="media__counter"></div>
            </div>
            <div class="logwrapper">
              <div class="logexpander"></div>
              <div class="log"></div>
            </div>
          </td>
        </tr>
      </tbody>
    </template>
    <!-- END TEMPLATES -->
    <div class="summary">
      <div class="summary__data">
        <h2>Summary</h2>
        <div class="additional-summary prefix">
        </div>
        <p class="run-count">22 tests took 00:16:06.</p>
        <p class="filter">(Un)check the boxes to filter the results.</p>
        <div class="summary__reload">
          <div class="summary__reload__button hidden" onclick="location.reload()">
            <div>There are still tests running. <br />Reload this page to get the latest results!</div>
          </div>
        </div>
        <div class="summary__spacer"></div>
        <div class="controls">
          <div class="filters">
            <input checked="true" class="filter" name="filter_checkbox" type="checkbox" data-test-result="failed" >
            <span class="failed">4 Failed,</span>
            <input checked="true" class="filter" name="filter_checkbox" type="checkbox" data-test-result="passed" >
            <span class="passed">18 Passed,</span>
            <input checked="true" class="filter" name="filter_checkbox" type="checkbox" data-test-result="skipped" disabled>
            <span class="skipped">0 Skipped,</span>
            <input checked="true" class="filter" name="filter_checkbox" type="checkbox" data-test-result="xfailed" disabled>
            <span class="xfailed">0 Expected failures,</span>
            <input checked="true" class="filter" name="filter_checkbox" type="checkbox" data-test-result="xpassed" disabled>
            <span class="xpassed">0 Unexpected passes,</span>
            <input checked="true" class="filter" name="filter_checkbox" type="checkbox" data-test-result="error" disabled>
            <span class="error">0 Errors,</span>
            <input checked="true" class="filter" name="filter_checkbox" type="checkbox" data-test-result="rerun" disabled>
            <span class="rerun">0 Reruns</span>
            <input checked="true" class="filter" name="filter_checkbox" type="checkbox" data-test-result="retried" disabled>
            <span class="retried">0 Retried,</span>
          </div>
          <div class="collapse">
            <button id="show_all_details">Show all details</button>&nbsp;/&nbsp;<button id="hide_all_details">Hide all details</button>
          </div>
        </div>
      </div>
      <div class="additional-summary summary">
      </div>
      <div class="additional-summary postfix">
      </div>
    </div>
    <table id="results-table">
      <thead id="results-table-head">
        <tr>
          <th class="sortable" data-column-type="result">Result</th>
          <th class="sortable" data-column-type="testId">Test</th>
          <th class="sortable" data-column-type="duration">Duration</th>
          <th>Links</th>
        </tr>
      </thead>
    </table>
  <footer>
    <div id="data-container" data-jsonblob="{&#34;environment&#34;: {&#34;Python&#34;: &#34;3.13.0&#34;, &#34;Platform&#34;: &#34;Windows-11-10.0.26100-SP0&#34;, &#34;Packages&#34;: {&#34;pytest&#34;: &#34;9.0.2&#34;, &#34;pluggy&#34;: &#34;1.6.0&#34;}, &#34;Plugins&#34;: {&#34;anyio&#34;: &#34;4.6.2.post1&#34;, &#34;html&#34;: &#34;4.2.0&#34;, &#34;metadata&#34;: &#34;3.1.1&#34;, &#34;order&#34;: &#34;1.3.0&#34;, &#34;xdist&#34;: &#34;3.8.0&#34;}}, &#34;tests&#34;: {&#34;tests/test_registration.py::test_user_registration[data0]&#34;: [{&#34;extras&#34;: [], &#34;result&#34;: &#34;Failed&#34;, &#34;testId&#34;: &#34;tests/test_registration.py::test_user_registration[data0]&#34;, &#34;duration&#34;: &#34;00:00:50&#34;, &#34;resultsTableRow&#34;: [&#34;&lt;td class=\&#34;col-result\&#34;&gt;Failed&lt;/td&gt;&#34;, &#34;&lt;td class=\&#34;col-testId\&#34;&gt;tests/test_registration.py::test_user_registration[data0]&lt;/td&gt;&#34;, &#34;&lt;td class=\&#34;col-duration\&#34;&gt;00:00:50&lt;/td&gt;&#34;, &#34;&lt;td class=\&#34;col-links\&#34;&gt;&lt;/td&gt;&#34;], &#34;log&#34;: &#34;setup = &amp;lt;selenium.webdriver.firefox.webdriver.WebDriver (session=&amp;quot;638e4981-982d-47ef-9b9b-2d3faa5636ca&amp;quot;)&amp;gt;\ndata = {&amp;#x27;email&amp;#x27;: &amp;#x27;Neeraja43@gmail.com&amp;#x27;, &amp;#x27;password&amp;#x27;: &amp;#x27;Neeraja123@AP&amp;#x27;}\n\n    @pytest.mark.order(1)\n    @pytest.mark.parametrize(&amp;quot;data&amp;quot;, registration_test_data)\n    def test_user_registration(setup,data):\n        logger.info(&amp;quot;========== STARTING USER REGISTRATION TEST ==========&amp;quot;)\n        driver = setup\n        registration = RegistrationPage(driver)\n    \n        # Step 1: Click Sign In\n        logger.info(&amp;quot;Clicking on Sign Up / My Account link&amp;quot;)\n        registration.click_sign_up()\n        logger.info(&amp;quot;Verifying registration page is loaded&amp;quot;)\n        assert registration.is_registration_page_loaded(), &amp;quot;Registration page did not load&amp;quot;\n        # Step 2: Enter Email OR Username\n        logger.info(f&amp;quot;Entering email: {data[&amp;#x27;email&amp;#x27;]}&amp;quot;)\n        registration.enter_email(data[&amp;quot;email&amp;quot;])\n        email_value = driver.find_element(*registration.email_input).get_attribute(&amp;quot;value&amp;quot;)\n        assert email_value == data[&amp;quot;email&amp;quot;], f&amp;quot;Email input failed. Expected &amp;#x27;{data[&amp;#x27;email&amp;#x27;]}&amp;#x27;, got &amp;#x27;{email_value}&amp;#x27;&amp;quot;\n        logger.info(&amp;quot;Entering password&amp;quot;)\n&amp;gt;       registration.enter_password(data[&amp;quot;password&amp;quot;])\n\ntest_registration.py:52: \n_ _ _ _ _ _ _ _ _ _ _ _ _ _ _ _ _ _ _ _ _ _ _ _ _ _ _ _ _ _ _ _ _ _ _ _ _ _ _ _ _ _ _ _ _ _ _ _ _ _ _ _ _ _ _ _ _ _ _ _\n..\\pages\\Registration.py:46: in enter_password\n    self.wait.until(\n_ _ _ _ _ _ _ _ _ _ _ _ _ _ _ _ _ _ _ _ _ _ _ _ _ _ _ _ _ _ _ _ _ _ _ _ _ _ _ _ _ _ _ _ _ _ _ _ _ _ _ _ _ _ _ _ _ _ _ _\n\nself = &amp;lt;selenium.webdriver.support.wait.WebDriverWait (session=&amp;quot;638e4981-982d-47ef-9b9b-2d3faa5636ca&amp;quot;)&amp;gt;\nmethod = &amp;lt;function RegistrationPage.enter_password.&amp;lt;locals&amp;gt;.&amp;lt;lambda&amp;gt; at 0x000002601652AFC0&amp;gt;, message = &amp;#x27;&amp;#x27;\n\n    def until(self, method: Callable[[D], Literal[False] | T], message: str = &amp;quot;&amp;quot;) -&amp;gt; T:\n        &amp;quot;&amp;quot;&amp;quot;Wait until the method returns a value that is not False.\n    \n        Calls the method provided with the driver as an argument until the\n        return value does not evaluate to ``False``.\n    \n        Args:\n            method: A callable object that takes a WebDriver instance as an\n                argument.\n            message: Optional message for TimeoutException.\n    \n        Returns:\n            The result of the last call to `method`.\n    \n        Raises:\n            TimeoutException: If &amp;#x27;method&amp;#x27; does not return a truthy value within\n                the WebDriverWait object&amp;#x27;s timeout.\n    \n        Example:\n            &amp;gt;&amp;gt;&amp;gt; from selenium.webdriver.common.by import By\n            &amp;gt;&amp;gt;&amp;gt; from selenium.webdriver.support.ui import WebDriverWait\n            &amp;gt;&amp;gt;&amp;gt; from selenium.webdriver.support import expected_conditions as EC\n            &amp;gt;&amp;gt;&amp;gt;\n            &amp;gt;&amp;gt;&amp;gt; # Wait until an element is visible on the page\n            &amp;gt;&amp;gt;&amp;gt; wait = WebDriverWait(driver, 10)\n            &amp;gt;&amp;gt;&amp;gt; element = wait.until(EC.visibility_of_element_located((By.ID, &amp;quot;exampleId&amp;quot;)))\n            &amp;gt;&amp;gt;&amp;gt; print(element.text)\n        &amp;quot;&amp;quot;&amp;quot;\n        screen = None\n        stacktrace = None\n    \n        end_time = time.monotonic() + self._timeout\n        while True:\n            try:\n                value = method(self._driver)\n                if value:\n                    return value\n            except self._ignored_exceptions as exc:\n                screen = getattr(exc, &amp;quot;screen&amp;quot;, None)\n                stacktrace = getattr(exc, &amp;quot;stacktrace&amp;quot;, None)\n            if time.monotonic() &amp;gt; end_time:\n                break\n            time.sleep(self._poll)\n&amp;gt;       raise TimeoutException(message, screen, stacktrace)\nE       selenium.common.exceptions.TimeoutException: Message:\n\n..\\..\\..\\..\\AppData\\Local\\Programs\\Python\\Python313\\Lib\\site-packages\\selenium\\webdriver\\support\\wait.py:121: TimeoutException\n\n---------------------------- Captured stderr setup -----------------------------\n2026-02-22 18:07:01,744 - INFO - ------ Test Started: test_user_registration[data0] ------\n2026-02-22 18:07:01,747 - INFO - Browser Setup Started: firefox\n2026-02-22 18:07:01,748 - INFO - ====== WebDriver manager ======\n2026-02-22 18:07:06,529 - INFO - Get LATEST geckodriver version for 147.0 firefox\n2026-02-22 18:07:07,970 - INFO - Get LATEST geckodriver version for 147.0 firefox\n2026-02-22 18:07:08,086 - INFO - Driver [C:\\Users\\Neeraja\\.wdm\\drivers\\geckodriver\\win64\\v0.36.0\\geckodriver.exe] found in cache\n\n------------------------------ Captured log setup ------------------------------\nINFO     root:conftest.py:34 Browser Setup Started: firefox\nINFO     WDM:logger.py:11 ====== WebDriver manager ======\nINFO     WDM:logger.py:11 Get LATEST geckodriver version for 147.0 firefox\nINFO     WDM:logger.py:11 Get LATEST geckodriver version for 147.0 firefox\nINFO     WDM:logger.py:11 Driver [C:\\Users\\Neeraja\\.wdm\\drivers\\geckodriver\\win64\\v0.36.0\\geckodriver.exe] found in cache\n\n----------------------------- Captured stderr call -----------------------------\n2026-02-22 18:07:36,816 - INFO - ========== STARTING USER REGISTRATION TEST ==========\n2026-02-22 18:07:36,817 - INFO - Clicking on Sign Up / My Account link\n2026-02-22 18:07:38,552 - INFO - Verifying registration page is loaded\n2026-02-22 18:07:38,646 - INFO - Entering email: Neeraja43@gmail.com\n2026-02-22 18:07:38,700 - INFO - Entering password\n\n------------------------------ Captured log call -------------------------------\nINFO     root:test_registration.py:37 ========== STARTING USER REGISTRATION TEST ==========\nINFO     root:test_registration.py:42 Clicking on Sign Up / My Account link\nINFO     root:test_registration.py:44 Verifying registration page is loaded\nINFO     root:test_registration.py:47 Entering email: Neeraja43@gmail.com\nINFO     root:test_registration.py:51 Entering password\n\n--------------------------- Captured stderr teardown ---------------------------\n2026-02-22 18:07:49,313 - ERROR - Test Failed: test_user_registration[data0]\n2026-02-22 18:07:49,313 - ERROR - Screenshot saved at: C:\\Users\\Neeraja\\Desktop\\Wipro_Practice\\Capstone_Project\\tests\\screenshots\\test_user_registration[data0]_20260222_180749.png\n2026-02-22 18:07:49,315 - INFO - Browser Teardown Started\n2026-02-22 18:07:52,543 - INFO - Browser Closed Successfully\n\n\n---------------------------- Captured log teardown -----------------------------\nINFO     root:conftest.py:43 Browser Teardown Started\nINFO     root:conftest.py:45 Browser Closed Successfully&#34;}], &#34;tests/test_login_page.py::test_login[data0]&#34;: [{&#34;extras&#34;: [], &#34;result&#34;: &#34;Passed&#34;, &#34;testId&#34;: &#34;tests/test_login_page.py::test_login[data0]&#34;, &#34;duration&#34;: &#34;00:00:37&#34;, &#34;resultsTableRow&#34;: [&#34;&lt;td class=\&#34;col-result\&#34;&gt;Passed&lt;/td&gt;&#34;, &#34;&lt;td class=\&#34;col-testId\&#34;&gt;tests/test_login_page.py::test_login[data0]&lt;/td&gt;&#34;, &#34;&lt;td class=\&#34;col-duration\&#34;&gt;00:00:37&lt;/td&gt;&#34;, &#34;&lt;td class=\&#34;col-links\&#34;&gt;&lt;/td&gt;&#34;], &#34;log&#34;: &#34;---------------------------- Captured stderr setup -----------------------------\n2026-02-22 18:07:52,545 - INFO - ------ Test Finished: test_user_registration[data0] ------\n\n2026-02-22 18:07:52,546 - INFO - ------ Test Started: test_login[data0] ------\n2026-02-22 18:07:52,551 - INFO - Browser Setup Started: firefox\n2026-02-22 18:07:52,552 - INFO - ====== WebDriver manager ======\n2026-02-22 18:07:57,355 - INFO - Get LATEST geckodriver version for 147.0 firefox\n2026-02-22 18:07:57,711 - INFO - Get LATEST geckodriver version for 147.0 firefox\n2026-02-22 18:07:58,282 - INFO - Driver [C:\\Users\\Neeraja\\.wdm\\drivers\\geckodriver\\win64\\v0.36.0\\geckodriver.exe] found in cache\n\n------------------------------ Captured log setup ------------------------------\nINFO     root:conftest.py:34 Browser Setup Started: firefox\nINFO     WDM:logger.py:11 ====== WebDriver manager ======\nINFO     WDM:logger.py:11 Get LATEST geckodriver version for 147.0 firefox\nINFO     WDM:logger.py:11 Get LATEST geckodriver version for 147.0 firefox\nINFO     WDM:logger.py:11 Driver [C:\\Users\\Neeraja\\.wdm\\drivers\\geckodriver\\win64\\v0.36.0\\geckodriver.exe] found in cache\n\n----------------------------- Captured stderr call -----------------------------\n2026-02-22 18:08:17,898 - INFO - ========== STARTING LOGIN TEST ==========\n2026-02-22 18:08:17,899 - INFO - Opening My Account page\n2026-02-22 18:08:20,018 - INFO - Entering email: Rani12@gmail.com\n2026-02-22 18:08:20,105 - INFO - Entering password\n2026-02-22 18:08:20,182 - INFO - Clicking checkbox\n2026-02-22 18:08:20,298 - INFO - Clicking login button\n2026-02-22 18:08:26,143 - INFO - Validating logged in username\n2026-02-22 18:08:26,166 - INFO - Valid login successful\n2026-02-22 18:08:26,166 - INFO - ========== LOGIN TEST PASSED ==========\n\n------------------------------ Captured log call -------------------------------\nINFO     root:test_login_page.py:35 ========== STARTING LOGIN TEST ==========\nINFO     root:test_login_page.py:38 Opening My Account page\nINFO     root:test_login_page.py:42 Entering email: Rani12@gmail.com\nINFO     root:test_login_page.py:46 Entering password\nINFO     root:test_login_page.py:50 Clicking checkbox\nINFO     root:test_login_page.py:54 Clicking login button\nINFO     root:test_login_page.py:56 Validating logged in username\nINFO     root:test_login_page.py:61 Valid login successful\nINFO     root:test_login_page.py:66 ========== LOGIN TEST PASSED ==========\n\n--------------------------- Captured stderr teardown ---------------------------\n2026-02-22 18:08:26,168 - INFO - Browser Teardown Started\n2026-02-22 18:08:29,531 - INFO - Browser Closed Successfully\n\n\n---------------------------- Captured log teardown -----------------------------\nINFO     root:conftest.py:43 Browser Teardown Started\nINFO     root:conftest.py:45 Browser Closed Successfully&#34;}], &#34;tests/test_login_page.py::test_login[data1]&#34;: [{&#34;extras&#34;: [], &#34;result&#34;: &#34;Passed&#34;, &#34;testId&#34;: &#34;tests/test_login_page.py::test_login[data1]&#34;, &#34;duration&#34;: &#34;00:00:58&#34;, &#34;resultsTableRow&#34;: [&#34;&lt;td class=\&#34;col-result\&#34;&gt;Passed&lt;/td&gt;&#34;, &#34;&lt;td class=\&#34;col-testId\&#34;&gt;tests/test_login_page.py::test_login[data1]&lt;/td&gt;&#34;, &#34;&lt;td class=\&#34;col-duration\&#34;&gt;00:00:58&lt;/td&gt;&#34;, &#34;&lt;td class=\&#34;col-links\&#34;&gt;&lt;/td&gt;&#34;], &#34;log&#34;: &#34;---------------------------- Captured stderr setup -----------------------------\n2026-02-22 18:08:29,532 - INFO - ------ Test Finished: test_login[data0] ------\n\n2026-02-22 18:08:29,532 - INFO - ------ Test Started: test_login[data1] ------\n2026-02-22 18:08:29,533 - INFO - Browser Setup Started: firefox\n2026-02-22 18:08:29,534 - INFO - ====== WebDriver manager ======\n2026-02-22 18:08:34,239 - INFO - Get LATEST geckodriver version for 147.0 firefox\n2026-02-22 18:08:34,679 - INFO - Get LATEST geckodriver version for 147.0 firefox\n2026-02-22 18:08:34,802 - INFO - Driver [C:\\Users\\Neeraja\\.wdm\\drivers\\geckodriver\\win64\\v0.36.0\\geckodriver.exe] found in cache\n\n------------------------------ Captured log setup ------------------------------\nINFO     root:conftest.py:34 Browser Setup Started: firefox\nINFO     WDM:logger.py:11 ====== WebDriver manager ======\nINFO     WDM:logger.py:11 Get LATEST geckodriver version for 147.0 firefox\nINFO     WDM:logger.py:11 Get LATEST geckodriver version for 147.0 firefox\nINFO     WDM:logger.py:11 Driver [C:\\Users\\Neeraja\\.wdm\\drivers\\geckodriver\\win64\\v0.36.0\\geckodriver.exe] found in cache\n\n----------------------------- Captured stderr call -----------------------------\n2026-02-22 18:09:09,494 - INFO - ========== STARTING LOGIN TEST ==========\n2026-02-22 18:09:09,494 - INFO - Opening My Account page\n2026-02-22 18:09:12,512 - INFO - Entering email: Rani16@gmail.com\n2026-02-22 18:09:12,626 - INFO - Entering password\n2026-02-22 18:09:12,664 - INFO - Clicking checkbox\n2026-02-22 18:09:12,751 - INFO - Clicking login button\n2026-02-22 18:09:14,528 - INFO - Validating logged in username\n2026-02-22 18:09:24,673 - INFO - Invalid login handled correctly\n2026-02-22 18:09:24,674 - INFO - ========== LOGIN TEST PASSED ==========\n\n------------------------------ Captured log call -------------------------------\nINFO     root:test_login_page.py:35 ========== STARTING LOGIN TEST ==========\nINFO     root:test_login_page.py:38 Opening My Account page\nINFO     root:test_login_page.py:42 Entering email: Rani16@gmail.com\nINFO     root:test_login_page.py:46 Entering password\nINFO     root:test_login_page.py:50 Clicking checkbox\nINFO     root:test_login_page.py:54 Clicking login button\nINFO     root:test_login_page.py:56 Validating logged in username\nINFO     root:test_login_page.py:63 Invalid login handled correctly\nINFO     root:test_login_page.py:66 ========== LOGIN TEST PASSED ==========\n\n--------------------------- Captured stderr teardown ---------------------------\n2026-02-22 18:09:24,678 - INFO - Browser Teardown Started\n2026-02-22 18:09:27,801 - INFO - Browser Closed Successfully\n\n\n---------------------------- Captured log teardown -----------------------------\nINFO     root:conftest.py:43 Browser Teardown Started\nINFO     root:conftest.py:45 Browser Closed Successfully&#34;}], &#34;tests/test_search_product.py::test_search_product[data0]&#34;: [{&#34;extras&#34;: [], &#34;result&#34;: &#34;Passed&#34;, &#34;testId&#34;: &#34;tests/test_search_product.py::test_search_product[data0]&#34;, &#34;duration&#34;: &#34;00:00:37&#34;, &#34;resultsTableRow&#34;: [&#34;&lt;td class=\&#34;col-result\&#34;&gt;Passed&lt;/td&gt;&#34;, &#34;&lt;td class=\&#34;col-testId\&#34;&gt;tests/test_search_product.py::test_search_product[data0]&lt;/td&gt;&#34;, &#34;&lt;td class=\&#34;col-duration\&#34;&gt;00:00:37&lt;/td&gt;&#34;, &#34;&lt;td class=\&#34;col-links\&#34;&gt;&lt;/td&gt;&#34;], &#34;log&#34;: &#34;---------------------------- Captured stderr setup -----------------------------\n2026-02-22 18:09:27,802 - INFO - ------ Test Finished: test_login[data1] ------\n\n2026-02-22 18:09:27,802 - INFO - ------ Test Started: test_search_product[data0] ------\n2026-02-22 18:09:27,804 - INFO - Browser Setup Started: firefox\n2026-02-22 18:09:27,805 - INFO - ====== WebDriver manager ======\n2026-02-22 18:09:31,990 - INFO - Get LATEST geckodriver version for 147.0 firefox\n2026-02-22 18:09:32,125 - INFO - Get LATEST geckodriver version for 147.0 firefox\n2026-02-22 18:09:32,308 - INFO - Driver [C:\\Users\\Neeraja\\.wdm\\drivers\\geckodriver\\win64\\v0.36.0\\geckodriver.exe] found in cache\n\n------------------------------ Captured log setup ------------------------------\nINFO     root:conftest.py:34 Browser Setup Started: firefox\nINFO     WDM:logger.py:11 ====== WebDriver manager ======\nINFO     WDM:logger.py:11 Get LATEST geckodriver version for 147.0 firefox\nINFO     WDM:logger.py:11 Get LATEST geckodriver version for 147.0 firefox\nINFO     WDM:logger.py:11 Driver [C:\\Users\\Neeraja\\.wdm\\drivers\\geckodriver\\win64\\v0.36.0\\geckodriver.exe] found in cache\n\n----------------------------- Captured stderr call -----------------------------\n2026-02-22 18:09:50,949 - INFO - ========== STARTING SEARCH PRODUCT TEST ==========\n2026-02-22 18:09:50,950 - INFO - Navigating to Shop page\n2026-02-22 18:09:58,012 - INFO - Current URL after navigation: https://practice.automationtesting.in/shop/\n2026-02-22 18:09:58,015 - INFO - Searching for product: Selenium Ruby\n2026-02-22 18:09:58,082 - INFO - Search submitted successfully\n2026-02-22 18:09:58,099 - INFO - Validating search results presence\n2026-02-22 18:09:58,893 - INFO - Search results found\n2026-02-22 18:10:01,695 - INFO - ========== SEARCH PRODUCT TEST COMPLETED ==========\n\n------------------------------ Captured log call -------------------------------\nINFO     root:test_search_product.py:36 ========== STARTING SEARCH PRODUCT TEST ==========\nINFO     root:test_search_product.py:42 Navigating to Shop page\nINFO     root:test_search_product.py:45 Current URL after navigation: https://practice.automationtesting.in/shop/\nINFO     root:test_search_product.py:52 Searching for product: Selenium Ruby\nINFO     root:test_search_product.py:56 Search submitted successfully\nINFO     root:test_search_product.py:70 Validating search results presence\nINFO     root:test_search_product.py:80 Search results found\nINFO     root:test_search_product.py:129 ========== SEARCH PRODUCT TEST COMPLETED ==========\n\n--------------------------- Captured stderr teardown ---------------------------\n2026-02-22 18:10:01,697 - INFO - Browser Teardown Started\n2026-02-22 18:10:04,884 - INFO - Browser Closed Successfully\n\n\n---------------------------- Captured log teardown -----------------------------\nINFO     root:conftest.py:43 Browser Teardown Started\nINFO     root:conftest.py:45 Browser Closed Successfully&#34;}], &#34;tests/test_search_product.py::test_search_product[data1]&#34;: [{&#34;extras&#34;: [], &#34;result&#34;: &#34;Passed&#34;, &#34;testId&#34;: &#34;tests/test_search_product.py::test_search_product[data1]&#34;, &#34;duration&#34;: &#34;00:00:39&#34;, &#34;resultsTableRow&#34;: [&#34;&lt;td class=\&#34;col-result\&#34;&gt;Passed&lt;/td&gt;&#34;, &#34;&lt;td class=\&#34;col-testId\&#34;&gt;tests/test_search_product.py::test_search_product[data1]&lt;/td&gt;&#34;, &#34;&lt;td class=\&#34;col-duration\&#34;&gt;00:00:39&lt;/td&gt;&#34;, &#34;&lt;td class=\&#34;col-links\&#34;&gt;&lt;/td&gt;&#34;], &#34;log&#34;: &#34;---------------------------- Captured stderr setup -----------------------------\n2026-02-22 18:10:04,885 - INFO - ------ Test Finished: test_search_product[data0] ------\n\n2026-02-22 18:10:04,885 - INFO - ------ Test Started: test_search_product[data1] ------\n2026-02-22 18:10:04,886 - INFO - Browser Setup Started: firefox\n2026-02-22 18:10:04,887 - INFO - ====== WebDriver manager ======\n2026-02-22 18:10:09,112 - INFO - Get LATEST geckodriver version for 147.0 firefox\n2026-02-22 18:10:09,268 - INFO - Get LATEST geckodriver version for 147.0 firefox\n2026-02-22 18:10:09,389 - INFO - Driver [C:\\Users\\Neeraja\\.wdm\\drivers\\geckodriver\\win64\\v0.36.0\\geckodriver.exe] found in cache\n\n------------------------------ Captured log setup ------------------------------\nINFO     root:conftest.py:34 Browser Setup Started: firefox\nINFO     WDM:logger.py:11 ====== WebDriver manager ======\nINFO     WDM:logger.py:11 Get LATEST geckodriver version for 147.0 firefox\nINFO     WDM:logger.py:11 Get LATEST geckodriver version for 147.0 firefox\nINFO     WDM:logger.py:11 Driver [C:\\Users\\Neeraja\\.wdm\\drivers\\geckodriver\\win64\\v0.36.0\\geckodriver.exe] found in cache\n\n----------------------------- Captured stderr call -----------------------------\n2026-02-22 18:10:26,816 - INFO - ========== STARTING SEARCH PRODUCT TEST ==========\n2026-02-22 18:10:26,816 - INFO - Navigating to Shop page\n2026-02-22 18:10:29,954 - INFO - Current URL after navigation: https://practice.automationtesting.in/shop/\n2026-02-22 18:10:29,961 - INFO - Searching for product: Robot\n2026-02-22 18:10:30,018 - INFO - Search submitted successfully\n2026-02-22 18:10:30,032 - INFO - Validating search results presence\n2026-02-22 18:10:40,647 - INFO - No products found - Validating negative scenario\n2026-02-22 18:10:40,669 - INFO - ========== SEARCH PRODUCT TEST COMPLETED ==========\n\n------------------------------ Captured log call -------------------------------\nINFO     root:test_search_product.py:36 ========== STARTING SEARCH PRODUCT TEST ==========\nINFO     root:test_search_product.py:42 Navigating to Shop page\nINFO     root:test_search_product.py:45 Current URL after navigation: https://practice.automationtesting.in/shop/\nINFO     root:test_search_product.py:52 Searching for product: Robot\nINFO     root:test_search_product.py:56 Search submitted successfully\nINFO     root:test_search_product.py:70 Validating search results presence\nINFO     root:test_search_product.py:113 No products found - Validating negative scenario\nINFO     root:test_search_product.py:129 ========== SEARCH PRODUCT TEST COMPLETED ==========\n\n--------------------------- Captured stderr teardown ---------------------------\n2026-02-22 18:10:40,671 - INFO - Browser Teardown Started\n2026-02-22 18:10:43,855 - INFO - Browser Closed Successfully\n\n\n---------------------------- Captured log teardown -----------------------------\nINFO     root:conftest.py:43 Browser Teardown Started\nINFO     root:conftest.py:45 Browser Closed Successfully&#34;}], &#34;tests/test_addproduct_page.py::test_add_product_to_cart&#34;: [{&#34;extras&#34;: [], &#34;result&#34;: &#34;Passed&#34;, &#34;testId&#34;: &#34;tests/test_addproduct_page.py::test_add_product_to_cart&#34;, &#34;duration&#34;: &#34;00:00:41&#34;, &#34;resultsTableRow&#34;: [&#34;&lt;td class=\&#34;col-result\&#34;&gt;Passed&lt;/td&gt;&#34;, &#34;&lt;td class=\&#34;col-testId\&#34;&gt;tests/test_addproduct_page.py::test_add_product_to_cart&lt;/td&gt;&#34;, &#34;&lt;td class=\&#34;col-duration\&#34;&gt;00:00:41&lt;/td&gt;&#34;, &#34;&lt;td class=\&#34;col-links\&#34;&gt;&lt;/td&gt;&#34;], &#34;log&#34;: &#34;---------------------------- Captured stderr setup -----------------------------\n2026-02-22 18:10:43,857 - INFO - ------ Test Finished: test_search_product[data1] ------\n\n2026-02-22 18:10:43,857 - INFO - ------ Test Started: test_add_product_to_cart ------\n2026-02-22 18:10:43,862 - INFO - Browser Setup Started: firefox\n2026-02-22 18:10:43,864 - INFO - ====== WebDriver manager ======\n2026-02-22 18:10:48,308 - INFO - Get LATEST geckodriver version for 147.0 firefox\n2026-02-22 18:10:49,544 - INFO - Get LATEST geckodriver version for 147.0 firefox\n2026-02-22 18:10:49,674 - INFO - Driver [C:\\Users\\Neeraja\\.wdm\\drivers\\geckodriver\\win64\\v0.36.0\\geckodriver.exe] found in cache\n\n------------------------------ Captured log setup ------------------------------\nINFO     root:conftest.py:34 Browser Setup Started: firefox\nINFO     WDM:logger.py:11 ====== WebDriver manager ======\nINFO     WDM:logger.py:11 Get LATEST geckodriver version for 147.0 firefox\nINFO     WDM:logger.py:11 Get LATEST geckodriver version for 147.0 firefox\nINFO     WDM:logger.py:11 Driver [C:\\Users\\Neeraja\\.wdm\\drivers\\geckodriver\\win64\\v0.36.0\\geckodriver.exe] found in cache\n\n----------------------------- Captured stderr call -----------------------------\n2026-02-22 18:11:15,367 - INFO - ========== STARTING ADD PRODUCT TO CART TEST ==========\n2026-02-22 18:11:15,367 - INFO - Navigating to Shop page\n2026-02-22 18:11:20,123 - INFO - Current URL after navigation: https://practice.automationtesting.in/shop/\n2026-02-22 18:11:20,123 - INFO - Adding product to basket\n2026-02-22 18:11:20,376 - INFO - Validating product added to basket (View Basket visible)\n2026-02-22 18:11:20,381 - INFO - View basket button clicked\n2026-02-22 18:11:22,031 - INFO - Validating basket page URL\n2026-02-22 18:11:22,033 - INFO - Validating page title\n2026-02-22 18:11:22,035 - INFO - Page title: Basket \u2013 Automation Practice Site\n2026-02-22 18:11:22,039 - INFO - ========== ADD PRODUCT TO CART TEST PASSED ==========\n\n------------------------------ Captured log call -------------------------------\nINFO     root:test_addproduct_page.py:8 ========== STARTING ADD PRODUCT TO CART TEST ==========\nINFO     root:test_addproduct_page.py:13 Navigating to Shop page\nINFO     root:test_addproduct_page.py:21 Current URL after navigation: https://practice.automationtesting.in/shop/\nINFO     root:test_addproduct_page.py:22 Adding product to basket\nINFO     root:test_addproduct_page.py:24 Validating product added to basket (View Basket visible)\nINFO     root:test_addproduct_page.py:27 View basket button clicked\nINFO     root:test_addproduct_page.py:32 Validating basket page URL\nINFO     root:test_addproduct_page.py:34 Validating page title\nINFO     root:test_addproduct_page.py:35 Page title: Basket \u2013 Automation Practice Site\nINFO     root:test_addproduct_page.py:37 ========== ADD PRODUCT TO CART TEST PASSED ==========\n\n--------------------------- Captured stderr teardown ---------------------------\n2026-02-22 18:11:22,040 - INFO - Browser Teardown Started\n2026-02-22 18:11:25,223 - INFO - Browser Closed Successfully\n\n\n---------------------------- Captured log teardown -----------------------------\nINFO     root:conftest.py:43 Browser Teardown Started\nINFO     root:conftest.py:45 Browser Closed Successfully&#34;}], &#34;tests/test_remove_product.py::test_remove_product&#34;: [{&#34;extras&#34;: [], &#34;result&#34;: &#34;Passed&#34;, &#34;testId&#34;: &#34;tests/test_remove_product.py::test_remove_product&#34;, &#34;duration&#34;: &#34;00:01:12&#34;, &#34;resultsTableRow&#34;: [&#34;&lt;td class=\&#34;col-result\&#34;&gt;Passed&lt;/td&gt;&#34;, &#34;&lt;td class=\&#34;col-testId\&#34;&gt;tests/test_remove_product.py::test_remove_product&lt;/td&gt;&#34;, &#34;&lt;td class=\&#34;col-duration\&#34;&gt;00:01:12&lt;/td&gt;&#34;, &#34;&lt;td class=\&#34;col-links\&#34;&gt;&lt;/td&gt;&#34;], &#34;log&#34;: &#34;---------------------------- Captured stderr setup -----------------------------\n2026-02-22 18:11:25,225 - INFO - ------ Test Finished: test_add_product_to_cart ------\n\n2026-02-22 18:11:25,226 - INFO - ------ Test Started: test_remove_product ------\n2026-02-22 18:11:25,229 - INFO - Browser Setup Started: firefox\n2026-02-22 18:11:25,229 - INFO - ====== WebDriver manager ======\n2026-02-22 18:11:29,463 - INFO - Get LATEST geckodriver version for 147.0 firefox\n2026-02-22 18:11:29,846 - INFO - Get LATEST geckodriver version for 147.0 firefox\n2026-02-22 18:11:29,955 - INFO - Driver [C:\\Users\\Neeraja\\.wdm\\drivers\\geckodriver\\win64\\v0.36.0\\geckodriver.exe] found in cache\n\n------------------------------ Captured log setup ------------------------------\nINFO     root:conftest.py:34 Browser Setup Started: firefox\nINFO     WDM:logger.py:11 ====== WebDriver manager ======\nINFO     WDM:logger.py:11 Get LATEST geckodriver version for 147.0 firefox\nINFO     WDM:logger.py:11 Get LATEST geckodriver version for 147.0 firefox\nINFO     WDM:logger.py:11 Driver [C:\\Users\\Neeraja\\.wdm\\drivers\\geckodriver\\win64\\v0.36.0\\geckodriver.exe] found in cache\n\n----------------------------- Captured stderr call -----------------------------\n2026-02-22 18:12:02,171 - INFO - ========== STARTING REMOVE PRODUCT TEST ==========\n2026-02-22 18:12:02,172 - INFO - Navigating to Shop page\n2026-02-22 18:12:06,929 - INFO - Current URL after navigation: https://practice.automationtesting.in/shop/\n2026-02-22 18:12:06,932 - INFO - Adding product to basket\n2026-02-22 18:12:07,016 - INFO - Validating View Basket button visibility\n2026-02-22 18:12:07,373 - INFO - Clicking View Basket button\n2026-02-22 18:12:12,824 - INFO - Current URL after clicking View Basket: https://practice.automationtesting.in/basket/\n2026-02-22 18:12:12,826 - INFO - Removing product from cart\n2026-02-22 18:12:23,959 - INFO - Remaining remove buttons count: 0\n2026-02-22 18:12:33,981 - INFO - Final URL after removal: https://practice.automationtesting.in/basket/\n2026-02-22 18:12:33,982 - INFO - ========== REMOVE PRODUCT TEST PASSED ==========\n\n------------------------------ Captured log call -------------------------------\nINFO     root:test_remove_product.py:8 ========== STARTING REMOVE PRODUCT TEST ==========\nINFO     root:test_remove_product.py:13 Navigating to Shop page\nINFO     root:test_remove_product.py:16 Current URL after navigation: https://practice.automationtesting.in/shop/\nINFO     root:test_remove_product.py:21 Adding product to basket\nINFO     root:test_remove_product.py:23 Validating View Basket button visibility\nINFO     root:test_remove_product.py:26 Clicking View Basket button\nINFO     root:test_remove_product.py:28 Current URL after clicking View Basket: https://practice.automationtesting.in/basket/\nINFO     root:test_remove_product.py:32 Removing product from cart\nINFO     root:test_remove_product.py:35 Remaining remove buttons count: 0\nINFO     root:test_remove_product.py:41 Final URL after removal: https://practice.automationtesting.in/basket/\nINFO     root:test_remove_product.py:42 ========== REMOVE PRODUCT TEST PASSED ==========\n\n--------------------------- Captured stderr teardown ---------------------------\n2026-02-22 18:12:33,983 - INFO - Browser Teardown Started\n2026-02-22 18:12:37,337 - INFO - Browser Closed Successfully\n\n\n---------------------------- Captured log teardown -----------------------------\nINFO     root:conftest.py:43 Browser Teardown Started\nINFO     root:conftest.py:45 Browser Closed Successfully&#34;}], &#34;tests/test_order_product.py::test_place_order_cod[data0]&#34;: [{&#34;extras&#34;: [], &#34;result&#34;: &#34;Passed&#34;, &#34;testId&#34;: &#34;tests/test_order_product.py::test_place_order_cod[data0]&#34;, &#34;duration&#34;: &#34;00:01:02&#34;, &#34;resultsTableRow&#34;: [&#34;&lt;td class=\&#34;col-result\&#34;&gt;Passed&lt;/td&gt;&#34;, &#34;&lt;td class=\&#34;col-testId\&#34;&gt;tests/test_order_product.py::test_place_order_cod[data0]&lt;/td&gt;&#34;, &#34;&lt;td class=\&#34;col-duration\&#34;&gt;00:01:02&lt;/td&gt;&#34;, &#34;&lt;td class=\&#34;col-links\&#34;&gt;&lt;/td&gt;&#34;], &#34;log&#34;: &#34;---------------------------- Captured stderr setup -----------------------------\n2026-02-22 18:12:37,338 - INFO - ------ Test Finished: test_remove_product ------\n\n2026-02-22 18:12:37,338 - INFO - ------ Test Started: test_place_order_cod[data0] ------\n2026-02-22 18:12:37,340 - INFO - Browser Setup Started: firefox\n2026-02-22 18:12:37,340 - INFO - ====== WebDriver manager ======\n2026-02-22 18:12:42,197 - INFO - Get LATEST geckodriver version for 147.0 firefox\n2026-02-22 18:12:42,687 - INFO - Get LATEST geckodriver version for 147.0 firefox\n2026-02-22 18:12:42,897 - INFO - Driver [C:\\Users\\Neeraja\\.wdm\\drivers\\geckodriver\\win64\\v0.36.0\\geckodriver.exe] found in cache\n\n------------------------------ Captured log setup ------------------------------\nINFO     root:conftest.py:34 Browser Setup Started: firefox\nINFO     WDM:logger.py:11 ====== WebDriver manager ======\nINFO     WDM:logger.py:11 Get LATEST geckodriver version for 147.0 firefox\nINFO     WDM:logger.py:11 Get LATEST geckodriver version for 147.0 firefox\nINFO     WDM:logger.py:11 Driver [C:\\Users\\Neeraja\\.wdm\\drivers\\geckodriver\\win64\\v0.36.0\\geckodriver.exe] found in cache\n\n----------------------------- Captured stderr call -----------------------------\n2026-02-22 18:13:25,827 - INFO - ========== PLACE ORDER LOGIN TEST ==========\n2026-02-22 18:13:25,828 - INFO - Navigating to Shop page\n2026-02-22 18:13:29,640 - INFO - Current URL after navigation: https://practice.automationtesting.in/shop/\n2026-02-22 18:13:29,640 - INFO - Adding product to basket\n2026-02-22 18:13:29,673 - INFO - Viewing basket\n2026-02-22 18:13:31,423 - INFO - Proceeding to checkout\n2026-02-22 18:13:31,592 - INFO - Filling billing details\n2026-02-22 18:13:32,556 - INFO - Selecting country: IN\n2026-02-22 18:13:32,559 - INFO - Entering address details\n2026-02-22 18:13:34,821 - INFO - Entering order notes\n2026-02-22 18:13:34,892 - INFO - Selecting payment method: cod\n2026-02-22 18:13:34,978 - INFO - Clicking Place Order button\n2026-02-22 18:13:36,069 - INFO - Verifying order success message\n2026-02-22 18:13:36,070 - INFO - Waiting for success message\n2026-02-22 18:13:36,229 - INFO - Success Message Received: Thank you. Your order has been received.\n2026-02-22 18:13:36,229 - INFO - ========== PLACE ORDER TEST PASSED ==========\n\n------------------------------ Captured log call -------------------------------\nINFO     root:test_order_product.py:41 ========== PLACE ORDER LOGIN TEST ==========\nINFO     root:test_order_product.py:46 Navigating to Shop page\nINFO     root:test_order_product.py:49 Current URL after navigation: https://practice.automationtesting.in/shop/\nINFO     root:test_order_product.py:52 Adding product to basket\nINFO     root:test_order_product.py:56 Viewing basket\nINFO     root:test_order_product.py:60 Proceeding to checkout\nINFO     root:test_order_product.py:64 Filling billing details\nINFO     root:test_order_product.py:72 Selecting country: IN\nINFO     root:test_order_product.py:76 Entering address details\nINFO     root:test_order_product.py:83 Entering order notes\nINFO     root:test_order_product.py:87 Selecting payment method: cod\nINFO     root:test_order_product.py:91 Clicking Place Order button\nINFO     root:test_order_product.py:95 Verifying order success message\nINFO     root:Order_product.py:181 Waiting for success message\nINFO     root:test_order_product.py:98 Success Message Received: Thank you. Your order has been received.\nINFO     root:test_order_product.py:103 ========== PLACE ORDER TEST PASSED ==========\n\n--------------------------- Captured stderr teardown ---------------------------\n2026-02-22 18:13:36,232 - INFO - Browser Teardown Started\n2026-02-22 18:13:39,689 - INFO - Browser Closed Successfully\n\n\n---------------------------- Captured log teardown -----------------------------\nINFO     root:conftest.py:43 Browser Teardown Started\nINFO     root:conftest.py:45 Browser Closed Successfully&#34;}], &#34;tests/test_order_product.py::test_place_order_cod[data1]&#34;: [{&#34;extras&#34;: [], &#34;result&#34;: &#34;Failed&#34;, &#34;testId&#34;: &#34;tests/test_order_product.py::test_place_order_cod[data1]&#34;, &#34;duration&#34;: &#34;00:00:55&#34;, &#34;resultsTableRow&#34;: [&#34;&lt;td class=\&#34;col-result\&#34;&gt;Failed&lt;/td&gt;&#34;, &#34;&lt;td class=\&#34;col-testId\&#34;&gt;tests/test_order_product.py::test_place_order_cod[data1]&lt;/td&gt;&#34;, &#34;&lt;td class=\&#34;col-duration\&#34;&gt;00:00:55&lt;/td&gt;&#34;, &#34;&lt;td class=\&#34;col-links\&#34;&gt;&lt;/td&gt;&#34;], &#34;log&#34;: &#34;setup = &amp;lt;selenium.webdriver.firefox.webdriver.WebDriver (session=&amp;quot;48970866-8a42-4c8f-843d-d085169ebbbc&amp;quot;)&amp;gt;\ndata = {&amp;#x27;address&amp;#x27;: &amp;#x27;Madhapur&amp;#x27;, &amp;#x27;city&amp;#x27;: &amp;#x27;Hyderabad&amp;#x27;, &amp;#x27;company&amp;#x27;: &amp;#x27;XYZ Ltd&amp;#x27;, &amp;#x27;country&amp;#x27;: &amp;#x27;IN&amp;#x27;, ...}\n\n    @pytest.mark.order(6)\n    @pytest.mark.parametrize(&amp;quot;data&amp;quot;, order_test_data)\n    def test_place_order_cod(setup, data):\n        logger.info(&amp;quot;========== PLACE ORDER LOGIN TEST ==========&amp;quot;)\n        driver = setup\n        order = OrderProduct(driver)\n    \n        # Step 1: Go to Shop\n        logger.info(&amp;quot;Navigating to Shop page&amp;quot;)\n        order.go_to_shop()\n        current_url = driver.current_url\n        logger.info(f&amp;quot;Current URL after navigation: {current_url}&amp;quot;)\n    \n        # Step 2: Add product to basket\n        logger.info(&amp;quot;Adding product to basket&amp;quot;)\n        order.add_product_to_basket()\n    \n        # Step 3: View basket\n        logger.info(&amp;quot;Viewing basket&amp;quot;)\n        order.click_view_basket()\n    \n        # Step 4: Proceed to checkout\n        logger.info(&amp;quot;Proceeding to checkout&amp;quot;)\n        order.click_proceed_to_checkout()\n    \n        # Step 5: Fill billing details\n        logger.info(&amp;quot;Filling billing details&amp;quot;)\n        order.enter_first_name(data[&amp;quot;first_name&amp;quot;])\n        order.enter_last_name(data[&amp;quot;last_name&amp;quot;])\n        order.enter_company_name(data[&amp;quot;company&amp;quot;])\n        order.enter_email(data[&amp;quot;email&amp;quot;])\n        order.enter_phone(data[&amp;quot;phone&amp;quot;])\n    \n        # Step 6: Select country\n        logger.info(f&amp;quot;Selecting country: {data[&amp;#x27;country&amp;#x27;]}&amp;quot;)\n        order.select_country_using_search(data[&amp;quot;country&amp;quot;])\n    \n        # Step 7: Address details\n        logger.info(&amp;quot;Entering address details&amp;quot;)\n        order.enter_address(data[&amp;quot;address&amp;quot;])\n        order.enter_city(data[&amp;quot;city&amp;quot;])\n&amp;gt;       order.select_state(data[&amp;quot;state&amp;quot;])\n\ntest_order_product.py:79: \n_ _ _ _ _ _ _ _ _ _ _ _ _ _ _ _ _ _ _ _ _ _ _ _ _ _ _ _ _ _ _ _ _ _ _ _ _ _ _ _ _ _ _ _ _ _ _ _ _ _ _ _ _ _ _ _ _ _ _ _\n..\\pages\\Order_product.py:146: in select_state\n    element = self.wait.until(EC.visibility_of_element_located(state_option))\n              ^^^^^^^^^^^^^^^^^^^^^^^^^^^^^^^^^^^^^^^^^^^^^^^^^^^^^^^^^^^^^^^\n_ _ _ _ _ _ _ _ _ _ _ _ _ _ _ _ _ _ _ _ _ _ _ _ _ _ _ _ _ _ _ _ _ _ _ _ _ _ _ _ _ _ _ _ _ _ _ _ _ _ _ _ _ _ _ _ _ _ _ _\n\nself = &amp;lt;selenium.webdriver.support.wait.WebDriverWait (session=&amp;quot;48970866-8a42-4c8f-843d-d085169ebbbc&amp;quot;)&amp;gt;\nmethod = &amp;lt;function visibility_of_element_located.&amp;lt;locals&amp;gt;._predicate at 0x0000026016662C00&amp;gt;, message = &amp;#x27;&amp;#x27;\n\n    def until(self, method: Callable[[D], Literal[False] | T], message: str = &amp;quot;&amp;quot;) -&amp;gt; T:\n        &amp;quot;&amp;quot;&amp;quot;Wait until the method returns a value that is not False.\n    \n        Calls the method provided with the driver as an argument until the\n        return value does not evaluate to ``False``.\n    \n        Args:\n            method: A callable object that takes a WebDriver instance as an\n                argument.\n            message: Optional message for TimeoutException.\n    \n        Returns:\n            The result of the last call to `method`.\n    \n        Raises:\n            TimeoutException: If &amp;#x27;method&amp;#x27; does not return a truthy value within\n                the WebDriverWait object&amp;#x27;s timeout.\n    \n        Example:\n            &amp;gt;&amp;gt;&amp;gt; from selenium.webdriver.common.by import By\n            &amp;gt;&amp;gt;&amp;gt; from selenium.webdriver.support.ui import WebDriverWait\n            &amp;gt;&amp;gt;&amp;gt; from selenium.webdriver.support import expected_conditions as EC\n            &amp;gt;&amp;gt;&amp;gt;\n            &amp;gt;&amp;gt;&amp;gt; # Wait until an element is visible on the page\n            &amp;gt;&amp;gt;&amp;gt; wait = WebDriverWait(driver, 10)\n            &amp;gt;&amp;gt;&amp;gt; element = wait.until(EC.visibility_of_element_located((By.ID, &amp;quot;exampleId&amp;quot;)))\n            &amp;gt;&amp;gt;&amp;gt; print(element.text)\n        &amp;quot;&amp;quot;&amp;quot;\n        screen = None\n        stacktrace = None\n    \n        end_time = time.monotonic() + self._timeout\n        while True:\n            try:\n                value = method(self._driver)\n                if value:\n                    return value\n            except self._ignored_exceptions as exc:\n                screen = getattr(exc, &amp;quot;screen&amp;quot;, None)\n                stacktrace = getattr(exc, &amp;quot;stacktrace&amp;quot;, None)\n            if time.monotonic() &amp;gt; end_time:\n                break\n            time.sleep(self._poll)\n&amp;gt;       raise TimeoutException(message, screen, stacktrace)\nE       selenium.common.exceptions.TimeoutException: Message: \nE       Stacktrace:\nE       RemoteError@chrome://remote/content/shared/RemoteError.sys.mjs:8:8\nE       WebDriverError@chrome://remote/content/shared/webdriver/Errors.sys.mjs:202:5\nE       NoSuchElementError@chrome://remote/content/shared/webdriver/Errors.sys.mjs:555:5\nE       dom.find/&amp;lt;/&amp;lt;@chrome://remote/content/shared/DOM.sys.mjs:136:16\n\n..\\..\\..\\..\\AppData\\Local\\Programs\\Python\\Python313\\Lib\\site-packages\\selenium\\webdriver\\support\\wait.py:121: TimeoutException\n\n---------------------------- Captured stderr setup -----------------------------\n2026-02-22 18:13:39,690 - INFO - ------ Test Finished: test_place_order_cod[data0] ------\n\n2026-02-22 18:13:39,690 - INFO - ------ Test Started: test_place_order_cod[data1] ------\n2026-02-22 18:13:39,692 - INFO - Browser Setup Started: firefox\n2026-02-22 18:13:39,693 - INFO - ====== WebDriver manager ======\n2026-02-22 18:13:44,309 - INFO - Get LATEST geckodriver version for 147.0 firefox\n2026-02-22 18:13:44,720 - INFO - Get LATEST geckodriver version for 147.0 firefox\n2026-02-22 18:13:44,827 - INFO - Driver [C:\\Users\\Neeraja\\.wdm\\drivers\\geckodriver\\win64\\v0.36.0\\geckodriver.exe] found in cache\n\n------------------------------ Captured log setup ------------------------------\nINFO     root:conftest.py:34 Browser Setup Started: firefox\nINFO     WDM:logger.py:11 ====== WebDriver manager ======\nINFO     WDM:logger.py:11 Get LATEST geckodriver version for 147.0 firefox\nINFO     WDM:logger.py:11 Get LATEST geckodriver version for 147.0 firefox\nINFO     WDM:logger.py:11 Driver [C:\\Users\\Neeraja\\.wdm\\drivers\\geckodriver\\win64\\v0.36.0\\geckodriver.exe] found in cache\n\n----------------------------- Captured stderr call -----------------------------\n2026-02-22 18:14:13,680 - INFO - ========== PLACE ORDER LOGIN TEST ==========\n2026-02-22 18:14:13,680 - INFO - Navigating to Shop page\n2026-02-22 18:14:16,959 - INFO - Current URL after navigation: https://practice.automationtesting.in/shop/\n2026-02-22 18:14:16,959 - INFO - Adding product to basket\n2026-02-22 18:14:17,360 - INFO - Viewing basket\n2026-02-22 18:14:19,435 - INFO - Proceeding to checkout\n2026-02-22 18:14:19,664 - INFO - Filling billing details\n2026-02-22 18:14:20,634 - INFO - Selecting country: IN\n2026-02-22 18:14:20,644 - INFO - Entering address details\n\n------------------------------ Captured log call -------------------------------\nINFO     root:test_order_product.py:41 ========== PLACE ORDER LOGIN TEST ==========\nINFO     root:test_order_product.py:46 Navigating to Shop page\nINFO     root:test_order_product.py:49 Current URL after navigation: https://practice.automationtesting.in/shop/\nINFO     root:test_order_product.py:52 Adding product to basket\nINFO     root:test_order_product.py:56 Viewing basket\nINFO     root:test_order_product.py:60 Proceeding to checkout\nINFO     root:test_order_product.py:64 Filling billing details\nINFO     root:test_order_product.py:72 Selecting country: IN\nINFO     root:test_order_product.py:76 Entering address details\n\n--------------------------- Captured stderr teardown ---------------------------\n2026-02-22 18:14:31,500 - ERROR - Test Failed: test_place_order_cod[data1]\n2026-02-22 18:14:31,500 - ERROR - Screenshot saved at: C:\\Users\\Neeraja\\Desktop\\Wipro_Practice\\Capstone_Project\\tests\\screenshots\\test_place_order_cod[data1]_20260222_181431.png\n2026-02-22 18:14:31,501 - INFO - Browser Teardown Started\n2026-02-22 18:14:34,849 - INFO - Browser Closed Successfully\n\n\n---------------------------- Captured log teardown -----------------------------\nINFO     root:conftest.py:43 Browser Teardown Started\nINFO     root:conftest.py:45 Browser Closed Successfully&#34;}], &#34;tests/test_sort_product.py::test_sort_products[data0]&#34;: [{&#34;extras&#34;: [], &#34;result&#34;: &#34;Passed&#34;, &#34;testId&#34;: &#34;tests/test_sort_product.py::test_sort_products[data0]&#34;, &#34;duration&#34;: &#34;00:00:35&#34;, &#34;resultsTableRow&#34;: [&#34;&lt;td class=\&#34;col-result\&#34;&gt;Passed&lt;/td&gt;&#34;, &#34;&lt;td class=\&#34;col-testId\&#34;&gt;tests/test_sort_product.py::test_sort_products[data0]&lt;/td&gt;&#34;, &#34;&lt;td class=\&#34;col-duration\&#34;&gt;00:00:35&lt;/td&gt;&#34;, &#34;&lt;td class=\&#34;col-links\&#34;&gt;&lt;/td&gt;&#34;], &#34;log&#34;: &#34;---------------------------- Captured stderr setup -----------------------------\n2026-02-22 18:14:34,853 - INFO - ------ Test Finished: test_place_order_cod[data1] ------\n\n2026-02-22 18:14:34,853 - INFO - ------ Test Started: test_sort_products[data0] ------\n2026-02-22 18:14:34,854 - INFO - Browser Setup Started: firefox\n2026-02-22 18:14:34,855 - INFO - ====== WebDriver manager ======\n2026-02-22 18:14:40,521 - INFO - Get LATEST geckodriver version for 147.0 firefox\n2026-02-22 18:14:40,889 - INFO - Get LATEST geckodriver version for 147.0 firefox\n2026-02-22 18:14:41,709 - INFO - Driver [C:\\Users\\Neeraja\\.wdm\\drivers\\geckodriver\\win64\\v0.36.0\\geckodriver.exe] found in cache\n\n------------------------------ Captured log setup ------------------------------\nINFO     root:conftest.py:34 Browser Setup Started: firefox\nINFO     WDM:logger.py:11 ====== WebDriver manager ======\nINFO     WDM:logger.py:11 Get LATEST geckodriver version for 147.0 firefox\nINFO     WDM:logger.py:11 Get LATEST geckodriver version for 147.0 firefox\nINFO     WDM:logger.py:11 Driver [C:\\Users\\Neeraja\\.wdm\\drivers\\geckodriver\\win64\\v0.36.0\\geckodriver.exe] found in cache\n\n----------------------------- Captured stderr call -----------------------------\n2026-02-22 18:15:03,863 - INFO - ========== STARTING SORT PRODUCTS TEST ==========\n2026-02-22 18:15:03,863 - INFO - Navigating to Shop page\n2026-02-22 18:15:06,571 - INFO - Current URL after navigation: https://practice.automationtesting.in/shop/\n2026-02-22 18:15:06,573 - INFO - Selecting sort option: menu_order\n2026-02-22 18:15:06,791 - INFO - Current URL after sorting: https://practice.automationtesting.in/shop/\n2026-02-22 18:15:06,791 - INFO - Validating default sorting (no orderby parameter expected)\n2026-02-22 18:15:06,791 - INFO - ========== SORT PRODUCTS TEST PASSED ==========\n\n------------------------------ Captured log call -------------------------------\nINFO     root:test_sort_product.py:36 ========== STARTING SORT PRODUCTS TEST ==========\nINFO     root:test_sort_product.py:44 Navigating to Shop page\nINFO     root:test_sort_product.py:47 Current URL after navigation: https://practice.automationtesting.in/shop/\nINFO     root:test_sort_product.py:55 Selecting sort option: menu_order\nINFO     root:test_sort_product.py:62 Current URL after sorting: https://practice.automationtesting.in/shop/\nINFO     root:test_sort_product.py:67 Validating default sorting (no orderby parameter expected)\nINFO     root:test_sort_product.py:74 ========== SORT PRODUCTS TEST PASSED ==========\n\n--------------------------- Captured stderr teardown ---------------------------\n2026-02-22 18:15:06,793 - INFO - Browser Teardown Started\n2026-02-22 18:15:10,046 - INFO - Browser Closed Successfully\n\n\n---------------------------- Captured log teardown -----------------------------\nINFO     root:conftest.py:43 Browser Teardown Started\nINFO     root:conftest.py:45 Browser Closed Successfully&#34;}], &#34;tests/test_sort_product.py::test_sort_products[data1]&#34;: [{&#34;extras&#34;: [], &#34;result&#34;: &#34;Passed&#34;, &#34;testId&#34;: &#34;tests/test_sort_product.py::test_sort_products[data1]&#34;, &#34;duration&#34;: &#34;00:00:39&#34;, &#34;resultsTableRow&#34;: [&#34;&lt;td class=\&#34;col-result\&#34;&gt;Passed&lt;/td&gt;&#34;, &#34;&lt;td class=\&#34;col-testId\&#34;&gt;tests/test_sort_product.py::test_sort_products[data1]&lt;/td&gt;&#34;, &#34;&lt;td class=\&#34;col-duration\&#34;&gt;00:00:39&lt;/td&gt;&#34;, &#34;&lt;td class=\&#34;col-links\&#34;&gt;&lt;/td&gt;&#34;], &#34;log&#34;: &#34;---------------------------- Captured stderr setup -----------------------------\n2026-02-22 18:15:10,047 - INFO - ------ Test Finished: test_sort_products[data0] ------\n\n2026-02-22 18:15:10,048 - INFO - ------ Test Started: test_sort_products[data1] ------\n2026-02-22 18:15:10,049 - INFO - Browser Setup Started: firefox\n2026-02-22 18:15:10,049 - INFO - ====== WebDriver manager ======\n2026-02-22 18:15:14,679 - INFO - Get LATEST geckodriver version for 147.0 firefox\n2026-02-22 18:15:15,075 - INFO - Get LATEST geckodriver version for 147.0 firefox\n2026-02-22 18:15:15,195 - INFO - Driver [C:\\Users\\Neeraja\\.wdm\\drivers\\geckodriver\\win64\\v0.36.0\\geckodriver.exe] found in cache\n\n------------------------------ Captured log setup ------------------------------\nINFO     root:conftest.py:34 Browser Setup Started: firefox\nINFO     WDM:logger.py:11 ====== WebDriver manager ======\nINFO     WDM:logger.py:11 Get LATEST geckodriver version for 147.0 firefox\nINFO     WDM:logger.py:11 Get LATEST geckodriver version for 147.0 firefox\nINFO     WDM:logger.py:11 Driver [C:\\Users\\Neeraja\\.wdm\\drivers\\geckodriver\\win64\\v0.36.0\\geckodriver.exe] found in cache\n\n----------------------------- Captured stderr call -----------------------------\n2026-02-22 18:15:38,647 - INFO - ========== STARTING SORT PRODUCTS TEST ==========\n2026-02-22 18:15:38,647 - INFO - Navigating to Shop page\n2026-02-22 18:15:41,627 - INFO - Current URL after navigation: https://practice.automationtesting.in/shop/\n2026-02-22 18:15:41,630 - INFO - Selecting sort option: popularity\n2026-02-22 18:15:45,810 - INFO - Current URL after sorting: https://practice.automationtesting.in/shop/?orderby=popularity\n2026-02-22 18:15:45,810 - INFO - Validating URL contains parameter: orderby=popularity\n2026-02-22 18:15:45,810 - INFO - ========== SORT PRODUCTS TEST PASSED ==========\n\n------------------------------ Captured log call -------------------------------\nINFO     root:test_sort_product.py:36 ========== STARTING SORT PRODUCTS TEST ==========\nINFO     root:test_sort_product.py:44 Navigating to Shop page\nINFO     root:test_sort_product.py:47 Current URL after navigation: https://practice.automationtesting.in/shop/\nINFO     root:test_sort_product.py:55 Selecting sort option: popularity\nINFO     root:test_sort_product.py:62 Current URL after sorting: https://practice.automationtesting.in/shop/?orderby=popularity\nINFO     root:test_sort_product.py:72 Validating URL contains parameter: orderby=popularity\nINFO     root:test_sort_product.py:74 ========== SORT PRODUCTS TEST PASSED ==========\n\n--------------------------- Captured stderr teardown ---------------------------\n2026-02-22 18:15:45,812 - INFO - Browser Teardown Started\n2026-02-22 18:15:49,341 - INFO - Browser Closed Successfully\n\n\n---------------------------- Captured log teardown -----------------------------\nINFO     root:conftest.py:43 Browser Teardown Started\nINFO     root:conftest.py:45 Browser Closed Successfully&#34;}], &#34;tests/test_sort_product.py::test_sort_products[data2]&#34;: [{&#34;extras&#34;: [], &#34;result&#34;: &#34;Passed&#34;, &#34;testId&#34;: &#34;tests/test_sort_product.py::test_sort_products[data2]&#34;, &#34;duration&#34;: &#34;00:00:34&#34;, &#34;resultsTableRow&#34;: [&#34;&lt;td class=\&#34;col-result\&#34;&gt;Passed&lt;/td&gt;&#34;, &#34;&lt;td class=\&#34;col-testId\&#34;&gt;tests/test_sort_product.py::test_sort_products[data2]&lt;/td&gt;&#34;, &#34;&lt;td class=\&#34;col-duration\&#34;&gt;00:00:34&lt;/td&gt;&#34;, &#34;&lt;td class=\&#34;col-links\&#34;&gt;&lt;/td&gt;&#34;], &#34;log&#34;: &#34;---------------------------- Captured stderr setup -----------------------------\n2026-02-22 18:15:49,342 - INFO - ------ Test Finished: test_sort_products[data1] ------\n\n2026-02-22 18:15:49,342 - INFO - ------ Test Started: test_sort_products[data2] ------\n2026-02-22 18:15:49,344 - INFO - Browser Setup Started: firefox\n2026-02-22 18:15:49,345 - INFO - ====== WebDriver manager ======\n2026-02-22 18:15:53,865 - INFO - Get LATEST geckodriver version for 147.0 firefox\n2026-02-22 18:15:54,238 - INFO - Get LATEST geckodriver version for 147.0 firefox\n2026-02-22 18:15:54,353 - INFO - Driver [C:\\Users\\Neeraja\\.wdm\\drivers\\geckodriver\\win64\\v0.36.0\\geckodriver.exe] found in cache\n\n------------------------------ Captured log setup ------------------------------\nINFO     root:conftest.py:34 Browser Setup Started: firefox\nINFO     WDM:logger.py:11 ====== WebDriver manager ======\nINFO     WDM:logger.py:11 Get LATEST geckodriver version for 147.0 firefox\nINFO     WDM:logger.py:11 Get LATEST geckodriver version for 147.0 firefox\nINFO     WDM:logger.py:11 Driver [C:\\Users\\Neeraja\\.wdm\\drivers\\geckodriver\\win64\\v0.36.0\\geckodriver.exe] found in cache\n\n----------------------------- Captured stderr call -----------------------------\n2026-02-22 18:16:15,821 - INFO - ========== STARTING SORT PRODUCTS TEST ==========\n2026-02-22 18:16:15,821 - INFO - Navigating to Shop page\n2026-02-22 18:16:18,311 - INFO - Current URL after navigation: https://practice.automationtesting.in/shop/\n2026-02-22 18:16:18,313 - INFO - Selecting sort option: rating\n2026-02-22 18:16:20,213 - INFO - Current URL after sorting: https://practice.automationtesting.in/shop/?orderby=rating\n2026-02-22 18:16:20,214 - INFO - Validating URL contains parameter: orderby=rating\n2026-02-22 18:16:20,214 - INFO - ========== SORT PRODUCTS TEST PASSED ==========\n\n------------------------------ Captured log call -------------------------------\nINFO     root:test_sort_product.py:36 ========== STARTING SORT PRODUCTS TEST ==========\nINFO     root:test_sort_product.py:44 Navigating to Shop page\nINFO     root:test_sort_product.py:47 Current URL after navigation: https://practice.automationtesting.in/shop/\nINFO     root:test_sort_product.py:55 Selecting sort option: rating\nINFO     root:test_sort_product.py:62 Current URL after sorting: https://practice.automationtesting.in/shop/?orderby=rating\nINFO     root:test_sort_product.py:72 Validating URL contains parameter: orderby=rating\nINFO     root:test_sort_product.py:74 ========== SORT PRODUCTS TEST PASSED ==========\n\n--------------------------- Captured stderr teardown ---------------------------\n2026-02-22 18:16:20,215 - INFO - Browser Teardown Started\n2026-02-22 18:16:23,546 - INFO - Browser Closed Successfully\n\n\n---------------------------- Captured log teardown -----------------------------\nINFO     root:conftest.py:43 Browser Teardown Started\nINFO     root:conftest.py:45 Browser Closed Successfully&#34;}], &#34;tests/test_sort_product.py::test_sort_products[data3]&#34;: [{&#34;extras&#34;: [], &#34;result&#34;: &#34;Passed&#34;, &#34;testId&#34;: &#34;tests/test_sort_product.py::test_sort_products[data3]&#34;, &#34;duration&#34;: &#34;00:00:33&#34;, &#34;resultsTableRow&#34;: [&#34;&lt;td class=\&#34;col-result\&#34;&gt;Passed&lt;/td&gt;&#34;, &#34;&lt;td class=\&#34;col-testId\&#34;&gt;tests/test_sort_product.py::test_sort_products[data3]&lt;/td&gt;&#34;, &#34;&lt;td class=\&#34;col-duration\&#34;&gt;00:00:33&lt;/td&gt;&#34;, &#34;&lt;td class=\&#34;col-links\&#34;&gt;&lt;/td&gt;&#34;], &#34;log&#34;: &#34;---------------------------- Captured stderr setup -----------------------------\n2026-02-22 18:16:23,547 - INFO - ------ Test Finished: test_sort_products[data2] ------\n\n2026-02-22 18:16:23,547 - INFO - ------ Test Started: test_sort_products[data3] ------\n2026-02-22 18:16:23,549 - INFO - Browser Setup Started: firefox\n2026-02-22 18:16:23,549 - INFO - ====== WebDriver manager ======\n2026-02-22 18:16:28,296 - INFO - Get LATEST geckodriver version for 147.0 firefox\n2026-02-22 18:16:28,699 - INFO - Get LATEST geckodriver version for 147.0 firefox\n2026-02-22 18:16:28,818 - INFO - Driver [C:\\Users\\Neeraja\\.wdm\\drivers\\geckodriver\\win64\\v0.36.0\\geckodriver.exe] found in cache\n\n------------------------------ Captured log setup ------------------------------\nINFO     root:conftest.py:34 Browser Setup Started: firefox\nINFO     WDM:logger.py:11 ====== WebDriver manager ======\nINFO     WDM:logger.py:11 Get LATEST geckodriver version for 147.0 firefox\nINFO     WDM:logger.py:11 Get LATEST geckodriver version for 147.0 firefox\nINFO     WDM:logger.py:11 Driver [C:\\Users\\Neeraja\\.wdm\\drivers\\geckodriver\\win64\\v0.36.0\\geckodriver.exe] found in cache\n\n----------------------------- Captured stderr call -----------------------------\n2026-02-22 18:16:45,176 - INFO - ========== STARTING SORT PRODUCTS TEST ==========\n2026-02-22 18:16:45,177 - INFO - Navigating to Shop page\n2026-02-22 18:16:49,218 - INFO - Current URL after navigation: https://practice.automationtesting.in/shop/\n2026-02-22 18:16:49,221 - INFO - Selecting sort option: date\n2026-02-22 18:16:53,035 - INFO - Current URL after sorting: https://practice.automationtesting.in/shop/?orderby=date\n2026-02-22 18:16:53,035 - INFO - Validating URL contains parameter: orderby=date\n2026-02-22 18:16:53,035 - INFO - ========== SORT PRODUCTS TEST PASSED ==========\n\n------------------------------ Captured log call -------------------------------\nINFO     root:test_sort_product.py:36 ========== STARTING SORT PRODUCTS TEST ==========\nINFO     root:test_sort_product.py:44 Navigating to Shop page\nINFO     root:test_sort_product.py:47 Current URL after navigation: https://practice.automationtesting.in/shop/\nINFO     root:test_sort_product.py:55 Selecting sort option: date\nINFO     root:test_sort_product.py:62 Current URL after sorting: https://practice.automationtesting.in/shop/?orderby=date\nINFO     root:test_sort_product.py:72 Validating URL contains parameter: orderby=date\nINFO     root:test_sort_product.py:74 ========== SORT PRODUCTS TEST PASSED ==========\n\n--------------------------- Captured stderr teardown ---------------------------\n2026-02-22 18:16:53,038 - INFO - Browser Teardown Started\n2026-02-22 18:16:56,793 - INFO - Browser Closed Successfully\n\n\n---------------------------- Captured log teardown -----------------------------\nINFO     root:conftest.py:43 Browser Teardown Started\nINFO     root:conftest.py:45 Browser Closed Successfully&#34;}], &#34;tests/test_sort_product.py::test_sort_products[data4]&#34;: [{&#34;extras&#34;: [], &#34;result&#34;: &#34;Failed&#34;, &#34;testId&#34;: &#34;tests/test_sort_product.py::test_sort_products[data4]&#34;, &#34;duration&#34;: &#34;00:00:35&#34;, &#34;resultsTableRow&#34;: [&#34;&lt;td class=\&#34;col-result\&#34;&gt;Failed&lt;/td&gt;&#34;, &#34;&lt;td class=\&#34;col-testId\&#34;&gt;tests/test_sort_product.py::test_sort_products[data4]&lt;/td&gt;&#34;, &#34;&lt;td class=\&#34;col-duration\&#34;&gt;00:00:35&lt;/td&gt;&#34;, &#34;&lt;td class=\&#34;col-links\&#34;&gt;&lt;/td&gt;&#34;], &#34;log&#34;: &#34;setup = &amp;lt;selenium.webdriver.firefox.webdriver.WebDriver (session=&amp;quot;083b2f12-756b-40b9-8a2b-bcae1571fff5&amp;quot;)&amp;gt;\ndata = {&amp;#x27;sort_by&amp;#x27;: &amp;#x27;price&amp;#x27;}\n\n    @pytest.mark.order(7)\n    @pytest.mark.parametrize(&amp;quot;data&amp;quot;, sort_test_data)\n    def test_sort_products(setup, data):\n        logger.info(&amp;quot;========== STARTING SORT PRODUCTS TEST ==========&amp;quot;)\n        &amp;quot;&amp;quot;&amp;quot;\n        Test sorting products based on user interest from CSV\n        &amp;quot;&amp;quot;&amp;quot;\n        driver = setup\n        sort_page = SortProducts(driver)\n    \n        # Go to shop page (assuming base URL already handled in setup)\n        logger.info(&amp;quot;Navigating to Shop page&amp;quot;)\n        sort_page.go_to_shop()\n        current_url = driver.current_url\n        logger.info(f&amp;quot;Current URL after navigation: {current_url}&amp;quot;)\n        assert &amp;quot;shop&amp;quot; in driver.current_url.lower(), (\n            f&amp;quot;Shop page did not open.\\n&amp;quot;\n            f&amp;quot;Current URL: {driver.current_url}&amp;quot;\n        )\n    \n        # Select sorting option from CSV\n        sort_option = data[&amp;quot;sort_by&amp;quot;]\n        logger.info(f&amp;quot;Selecting sort option: {sort_option}&amp;quot;)\n&amp;gt;       sort_page.select_sort_option(data[&amp;quot;sort_by&amp;quot;])\n\ntest_sort_product.py:56: \n_ _ _ _ _ _ _ _ _ _ _ _ _ _ _ _ _ _ _ _ _ _ _ _ _ _ _ _ _ _ _ _ _ _ _ _ _ _ _ _ _ _ _ _ _ _ _ _ _ _ _ _ _ _ _ _ _ _ _ _\n..\\pages\\Sort_Products.py:28: in select_sort_option\n    select.select_by_value(value)\n..\\..\\..\\..\\AppData\\Local\\Programs\\Python\\Python313\\Lib\\site-packages\\selenium\\webdriver\\support\\select.py:80: in select_by_value\n    self._set_selected(opt)\n..\\..\\..\\..\\AppData\\Local\\Programs\\Python\\Python313\\Lib\\site-packages\\selenium\\webdriver\\support\\select.py:229: in _set_selected\n    option.click()\n..\\..\\..\\..\\AppData\\Local\\Programs\\Python\\Python313\\Lib\\site-packages\\selenium\\webdriver\\remote\\webelement.py:114: in click\n    self._execute(Command.CLICK_ELEMENT)\n..\\..\\..\\..\\AppData\\Local\\Programs\\Python\\Python313\\Lib\\site-packages\\selenium\\webdriver\\remote\\webelement.py:508: in _execute\n    return self._parent.execute(command, params)\n           ^^^^^^^^^^^^^^^^^^^^^^^^^^^^^^^^^^^^^\n..\\..\\..\\..\\AppData\\Local\\Programs\\Python\\Python313\\Lib\\site-packages\\selenium\\webdriver\\remote\\webdriver.py:432: in execute\n    self.error_handler.check_response(response)\n_ _ _ _ _ _ _ _ _ _ _ _ _ _ _ _ _ _ _ _ _ _ _ _ _ _ _ _ _ _ _ _ _ _ _ _ _ _ _ _ _ _ _ _ _ _ _ _ _ _ _ _ _ _ _ _ _ _ _ _\n\nself = &amp;lt;selenium.webdriver.remote.errorhandler.ErrorHandler object at 0x0000026016536DD0&amp;gt;\nresponse = {&amp;#x27;status&amp;#x27;: 400, &amp;#x27;value&amp;#x27;: &amp;#x27;{&amp;quot;value&amp;quot;:{&amp;quot;error&amp;quot;:&amp;quot;element click intercepted&amp;quot;,&amp;quot;message&amp;quot;:&amp;quot;Element &amp;lt;select class=\\\\&amp;quot;orderby\\\\&amp;quot;...49&amp;amp;vis=1&amp;amp;rsz=%7C%7CEe%7C&amp;amp;abl=CS&amp;amp;pfx=0&amp;amp;fu=128&amp;amp;bc=31&amp;amp;bz=1.01&amp;amp;pgls=CAEaBTYuMi4y~CAA.&amp;amp;ifi=1&amp;amp;uci=a!1&amp;amp;fsb=1&amp;amp;dtd=100\\\\&amp;quot;&amp;gt;&amp;quot;}}}&amp;#x27;}\n\n    def check_response(self, response: dict[str, Any]) -&amp;gt; None:\n        &amp;quot;&amp;quot;&amp;quot;Check that a JSON response from the WebDriver does not have an error.\n    \n        Args:\n            response: The JSON response from the WebDriver server as a dictionary\n                object.\n    \n        Raises:\n            WebDriverException: If the response contains an error message.\n        &amp;quot;&amp;quot;&amp;quot;\n        status = response.get(&amp;quot;status&amp;quot;, None)\n        if not status or status == ErrorCode.SUCCESS:\n            return\n        value = None\n        message = response.get(&amp;quot;message&amp;quot;, &amp;quot;&amp;quot;)\n        screen: str = response.get(&amp;quot;screen&amp;quot;, &amp;quot;&amp;quot;)\n        stacktrace = None\n        if isinstance(status, int):\n            value_json = response.get(&amp;quot;value&amp;quot;, None)\n            if value_json and isinstance(value_json, str):\n                try:\n                    value = json.loads(value_json)\n                    if isinstance(value, dict):\n                        if len(value) == 1:\n                            value = value[&amp;quot;value&amp;quot;]\n                        status = value.get(&amp;quot;error&amp;quot;, None)\n                        if not status:\n                            status = value.get(&amp;quot;status&amp;quot;, ErrorCode.UNKNOWN_ERROR)\n                            message = value.get(&amp;quot;value&amp;quot;) or value.get(&amp;quot;message&amp;quot;)\n                            if not isinstance(message, str):\n                                value = message\n                                message = message.get(&amp;quot;message&amp;quot;) if isinstance(message, dict) else None\n                        else:\n                            message = value.get(&amp;quot;message&amp;quot;, None)\n                except ValueError:\n                    pass\n    \n        exception_class: type[WebDriverException]\n        e = ErrorCode()\n        error_codes = [item for item in dir(e) if not item.startswith(&amp;quot;__&amp;quot;)]\n        for error_code in error_codes:\n            error_info = getattr(ErrorCode, error_code)\n            if isinstance(error_info, list) and status in error_info:\n                exception_class = getattr(ExceptionMapping, error_code, WebDriverException)\n                break\n        else:\n            exception_class = WebDriverException\n    \n        if not value:\n            value = response[&amp;quot;value&amp;quot;]\n        if isinstance(value, str):\n            raise exception_class(value)\n        if message == &amp;quot;&amp;quot; and &amp;quot;message&amp;quot; in value:\n            message = value[&amp;quot;message&amp;quot;]\n    \n        screen = None  # type: ignore[assignment]\n        if &amp;quot;screen&amp;quot; in value:\n            screen = value[&amp;quot;screen&amp;quot;]\n    \n        stacktrace = None\n        st_value = value.get(&amp;quot;stackTrace&amp;quot;) or value.get(&amp;quot;stacktrace&amp;quot;)\n        if st_value:\n            if isinstance(st_value, str):\n                stacktrace = st_value.split(&amp;quot;\\n&amp;quot;)\n            else:\n                stacktrace = []\n                try:\n                    for frame in st_value:\n                        line = frame.get(&amp;quot;lineNumber&amp;quot;, &amp;quot;&amp;quot;)\n                        file = frame.get(&amp;quot;fileName&amp;quot;, &amp;quot;&amp;lt;anonymous&amp;gt;&amp;quot;)\n                        if line:\n                            file = f&amp;quot;{file}:{line}&amp;quot;\n                        meth = frame.get(&amp;quot;methodName&amp;quot;, &amp;quot;&amp;lt;anonymous&amp;gt;&amp;quot;)\n                        if &amp;quot;className&amp;quot; in frame:\n                            meth = f&amp;quot;{frame[&amp;#x27;className&amp;#x27;]}.{meth}&amp;quot;\n                        msg = &amp;quot;    at %s (%s)&amp;quot;\n                        msg = msg % (meth, file)\n                        stacktrace.append(msg)\n                except TypeError:\n                    pass\n        if exception_class == UnexpectedAlertPresentException:\n            alert_text = None\n            if &amp;quot;data&amp;quot; in value:\n                alert_text = value[&amp;quot;data&amp;quot;].get(&amp;quot;text&amp;quot;)\n            elif &amp;quot;alert&amp;quot; in value:\n                alert_text = value[&amp;quot;alert&amp;quot;].get(&amp;quot;text&amp;quot;)\n            raise exception_class(message, screen, stacktrace, alert_text)  # type: ignore[call-arg]  # mypy is not smart enough here\n&amp;gt;       raise exception_class(message, screen, stacktrace)\nE       selenium.common.exceptions.ElementClickInterceptedException: Message: Element &amp;lt;select class=&amp;quot;orderby&amp;quot; name=&amp;quot;orderby&amp;quot;&amp;gt; is not clickable at point (1105,323) because another element &amp;lt;iframe id=&amp;quot;aswift_0&amp;quot; name=&amp;quot;aswift_0&amp;quot; src=&amp;quot;https://googleads.g.doubleclick.net/pagead/ads?client=ca-pub-9173866185064071&amp;amp;output=html&amp;amp;h=280&amp;amp;slotname=6638633547&amp;amp;adk=1737766308&amp;amp;adf=3465804702&amp;amp;pi=t.ma~as.6638633547&amp;amp;w=916&amp;amp;fwrn=4&amp;amp;fwrnh=100&amp;amp;lmt=1771764446&amp;amp;rafmt=1&amp;amp;format=916x280&amp;amp;url=https%3A%2F%2Fpractice.automationtesting.in%2Fshop%2F&amp;amp;fwr=0&amp;amp;rpe=1&amp;amp;resp_fmts=3&amp;amp;aieuf=1&amp;amp;aicrs=1&amp;amp;abgtt=13&amp;amp;dt=1771764446903&amp;amp;bpp=1&amp;amp;bdt=1093&amp;amp;idt=88&amp;amp;shv=r20260218&amp;amp;mjsv=m202602170101&amp;amp;ptt=9&amp;amp;saldr=aa&amp;amp;abxe=1&amp;amp;cookie=ID%3D068f7dac23cb8bd4%3AT%3D1771764434%3ART%3D1771764434%3AS%3DALNI_MZtUYbRtyBl2aJstK6-AWLoYity4A&amp;amp;gpic=UID%3D00001207763c7de2%3AT%3D1771764434%3ART%3D1771764434%3AS%3DALNI_MbeFU_gzWec3_HJU1e-8kjqyYCtKQ&amp;amp;eo_id_str=ID%3D3bdc44214718458d%3AT%3D1771764434%3ART%3D1771764434%3AS%3DAA-AfjZHaESw06oJVZGurxJ972O1&amp;amp;correlator=5639336485118&amp;amp;frm=20&amp;amp;pv=2&amp;amp;u_tz=330&amp;amp;u_his=2&amp;amp;u_h=864&amp;amp;u_w=1536&amp;amp;u_ah=816&amp;amp;u_aw=1536&amp;amp;u_cd=24&amp;amp;u_sd=1.25&amp;amp;adx=304&amp;amp;ady=238&amp;amp;biw=1280&amp;amp;bih=649&amp;amp;scr_x=0&amp;amp;scr_y=0&amp;amp;eid=95378425%2C95381490%2C95383056%2C95381975%2C95383668&amp;amp;oid=2&amp;amp;pvsid=7379838889382026&amp;amp;tmod=2060453056&amp;amp;uas=0&amp;amp;nvt=1&amp;amp;ref=https%3A%2F%2Fpractice.automationtesting.in%2F&amp;amp;fc=896&amp;amp;brdim=3%2C3%2C3%2C3%2C1536%2C0%2C1294%2C741%2C1280%2C649&amp;amp;vis=1&amp;amp;rsz=%7C%7CEe%7C&amp;amp;abl=CS&amp;amp;pfx=0&amp;amp;fu=128&amp;amp;bc=31&amp;amp;bz=1.01&amp;amp;pgls=CAEaBTYuMi4y~CAA.&amp;amp;ifi=1&amp;amp;uci=a!1&amp;amp;fsb=1&amp;amp;dtd=100&amp;quot;&amp;gt; obscures it; For documentation on this error, please visit: https://www.selenium.dev/documentation/webdriver/troubleshooting/errors#elementclickinterceptedexception\nE       Stacktrace:\nE       RemoteError@chrome://remote/content/shared/RemoteError.sys.mjs:8:8\nE       WebDriverError@chrome://remote/content/shared/webdriver/Errors.sys.mjs:202:5\nE       ElementClickInterceptedError@chrome://remote/content/shared/webdriver/Errors.sys.mjs:354:5\nE       webdriverClickElement@chrome://remote/content/marionette/interaction.sys.mjs:175:11\nE       interaction.clickElement@chrome://remote/content/marionette/interaction.sys.mjs:134:11\nE       clickElement@chrome://remote/content/marionette/actors/MarionetteCommandsChild.sys.mjs:328:29\nE       receiveMessage@chrome://remote/content/marionette/actors/MarionetteCommandsChild.sys.mjs:210:31\n\n..\\..\\..\\..\\AppData\\Local\\Programs\\Python\\Python313\\Lib\\site-packages\\selenium\\webdriver\\remote\\errorhandler.py:232: ElementClickInterceptedException\n\n---------------------------- Captured stderr setup -----------------------------\n2026-02-22 18:16:56,794 - INFO - ------ Test Finished: test_sort_products[data3] ------\n\n2026-02-22 18:16:56,794 - INFO - ------ Test Started: test_sort_products[data4] ------\n2026-02-22 18:16:56,796 - INFO - Browser Setup Started: firefox\n2026-02-22 18:16:56,796 - INFO - ====== WebDriver manager ======\n2026-02-22 18:17:01,436 - INFO - Get LATEST geckodriver version for 147.0 firefox\n2026-02-22 18:17:02,005 - INFO - Get LATEST geckodriver version for 147.0 firefox\n2026-02-22 18:17:02,140 - INFO - Driver [C:\\Users\\Neeraja\\.wdm\\drivers\\geckodriver\\win64\\v0.36.0\\geckodriver.exe] found in cache\n\n------------------------------ Captured log setup ------------------------------\nINFO     root:conftest.py:34 Browser Setup Started: firefox\nINFO     WDM:logger.py:11 ====== WebDriver manager ======\nINFO     WDM:logger.py:11 Get LATEST geckodriver version for 147.0 firefox\nINFO     WDM:logger.py:11 Get LATEST geckodriver version for 147.0 firefox\nINFO     WDM:logger.py:11 Driver [C:\\Users\\Neeraja\\.wdm\\drivers\\geckodriver\\win64\\v0.36.0\\geckodriver.exe] found in cache\n\n----------------------------- Captured stderr call -----------------------------\n2026-02-22 18:17:25,462 - INFO - ========== STARTING SORT PRODUCTS TEST ==========\n2026-02-22 18:17:25,463 - INFO - Navigating to Shop page\n2026-02-22 18:17:27,651 - INFO - Current URL after navigation: https://practice.automationtesting.in/shop/\n2026-02-22 18:17:27,653 - INFO - Selecting sort option: price\n\n------------------------------ Captured log call -------------------------------\nINFO     root:test_sort_product.py:36 ========== STARTING SORT PRODUCTS TEST ==========\nINFO     root:test_sort_product.py:44 Navigating to Shop page\nINFO     root:test_sort_product.py:47 Current URL after navigation: https://practice.automationtesting.in/shop/\nINFO     root:test_sort_product.py:55 Selecting sort option: price\n\n--------------------------- Captured stderr teardown ---------------------------\n2026-02-22 18:17:28,178 - ERROR - Test Failed: test_sort_products[data4]\n2026-02-22 18:17:28,178 - ERROR - Screenshot saved at: C:\\Users\\Neeraja\\Desktop\\Wipro_Practice\\Capstone_Project\\tests\\screenshots\\test_sort_products[data4]_20260222_181728.png\n2026-02-22 18:17:28,180 - INFO - Browser Teardown Started\n2026-02-22 18:17:31,767 - INFO - Browser Closed Successfully\n\n\n---------------------------- Captured log teardown -----------------------------\nINFO     root:conftest.py:43 Browser Teardown Started\nINFO     root:conftest.py:45 Browser Closed Successfully&#34;}], &#34;tests/test_sort_product.py::test_sort_products[data5]&#34;: [{&#34;extras&#34;: [], &#34;result&#34;: &#34;Failed&#34;, &#34;testId&#34;: &#34;tests/test_sort_product.py::test_sort_products[data5]&#34;, &#34;duration&#34;: &#34;00:00:43&#34;, &#34;resultsTableRow&#34;: [&#34;&lt;td class=\&#34;col-result\&#34;&gt;Failed&lt;/td&gt;&#34;, &#34;&lt;td class=\&#34;col-testId\&#34;&gt;tests/test_sort_product.py::test_sort_products[data5]&lt;/td&gt;&#34;, &#34;&lt;td class=\&#34;col-duration\&#34;&gt;00:00:43&lt;/td&gt;&#34;, &#34;&lt;td class=\&#34;col-links\&#34;&gt;&lt;/td&gt;&#34;], &#34;log&#34;: &#34;setup = &amp;lt;selenium.webdriver.firefox.webdriver.WebDriver (session=&amp;quot;a1025f13-fe68-4dc7-be05-ab6ee65b0be7&amp;quot;)&amp;gt;\ndata = {&amp;#x27;sort_by&amp;#x27;: &amp;#x27;price-desc&amp;#x27;}\n\n    @pytest.mark.order(7)\n    @pytest.mark.parametrize(&amp;quot;data&amp;quot;, sort_test_data)\n    def test_sort_products(setup, data):\n        logger.info(&amp;quot;========== STARTING SORT PRODUCTS TEST ==========&amp;quot;)\n        &amp;quot;&amp;quot;&amp;quot;\n        Test sorting products based on user interest from CSV\n        &amp;quot;&amp;quot;&amp;quot;\n        driver = setup\n        sort_page = SortProducts(driver)\n    \n        # Go to shop page (assuming base URL already handled in setup)\n        logger.info(&amp;quot;Navigating to Shop page&amp;quot;)\n        sort_page.go_to_shop()\n        current_url = driver.current_url\n        logger.info(f&amp;quot;Current URL after navigation: {current_url}&amp;quot;)\n        assert &amp;quot;shop&amp;quot; in driver.current_url.lower(), (\n            f&amp;quot;Shop page did not open.\\n&amp;quot;\n            f&amp;quot;Current URL: {driver.current_url}&amp;quot;\n        )\n    \n        # Select sorting option from CSV\n        sort_option = data[&amp;quot;sort_by&amp;quot;]\n        logger.info(f&amp;quot;Selecting sort option: {sort_option}&amp;quot;)\n&amp;gt;       sort_page.select_sort_option(data[&amp;quot;sort_by&amp;quot;])\n\ntest_sort_product.py:56: \n_ _ _ _ _ _ _ _ _ _ _ _ _ _ _ _ _ _ _ _ _ _ _ _ _ _ _ _ _ _ _ _ _ _ _ _ _ _ _ _ _ _ _ _ _ _ _ _ _ _ _ _ _ _ _ _ _ _ _ _\n..\\pages\\Sort_Products.py:28: in select_sort_option\n    select.select_by_value(value)\n..\\..\\..\\..\\AppData\\Local\\Programs\\Python\\Python313\\Lib\\site-packages\\selenium\\webdriver\\support\\select.py:80: in select_by_value\n    self._set_selected(opt)\n..\\..\\..\\..\\AppData\\Local\\Programs\\Python\\Python313\\Lib\\site-packages\\selenium\\webdriver\\support\\select.py:229: in _set_selected\n    option.click()\n..\\..\\..\\..\\AppData\\Local\\Programs\\Python\\Python313\\Lib\\site-packages\\selenium\\webdriver\\remote\\webelement.py:114: in click\n    self._execute(Command.CLICK_ELEMENT)\n..\\..\\..\\..\\AppData\\Local\\Programs\\Python\\Python313\\Lib\\site-packages\\selenium\\webdriver\\remote\\webelement.py:508: in _execute\n    return self._parent.execute(command, params)\n           ^^^^^^^^^^^^^^^^^^^^^^^^^^^^^^^^^^^^^\n..\\..\\..\\..\\AppData\\Local\\Programs\\Python\\Python313\\Lib\\site-packages\\selenium\\webdriver\\remote\\webdriver.py:432: in execute\n    self.error_handler.check_response(response)\n_ _ _ _ _ _ _ _ _ _ _ _ _ _ _ _ _ _ _ _ _ _ _ _ _ _ _ _ _ _ _ _ _ _ _ _ _ _ _ _ _ _ _ _ _ _ _ _ _ _ _ _ _ _ _ _ _ _ _ _\n\nself = &amp;lt;selenium.webdriver.remote.errorhandler.ErrorHandler object at 0x000002601651A410&amp;gt;\nresponse = {&amp;#x27;status&amp;#x27;: 400, &amp;#x27;value&amp;#x27;: &amp;#x27;{&amp;quot;value&amp;quot;:{&amp;quot;error&amp;quot;:&amp;quot;element click intercepted&amp;quot;,&amp;quot;message&amp;quot;:&amp;quot;Element &amp;lt;select class=\\\\&amp;quot;orderby\\\\&amp;quot;...49&amp;amp;vis=1&amp;amp;rsz=%7C%7CEe%7C&amp;amp;abl=CS&amp;amp;pfx=0&amp;amp;fu=128&amp;amp;bc=31&amp;amp;bz=1.01&amp;amp;pgls=CAEaBTYuMi4y~CAA.&amp;amp;ifi=1&amp;amp;uci=a!1&amp;amp;fsb=1&amp;amp;dtd=150\\\\&amp;quot;&amp;gt;&amp;quot;}}}&amp;#x27;}\n\n    def check_response(self, response: dict[str, Any]) -&amp;gt; None:\n        &amp;quot;&amp;quot;&amp;quot;Check that a JSON response from the WebDriver does not have an error.\n    \n        Args:\n            response: The JSON response from the WebDriver server as a dictionary\n                object.\n    \n        Raises:\n            WebDriverException: If the response contains an error message.\n        &amp;quot;&amp;quot;&amp;quot;\n        status = response.get(&amp;quot;status&amp;quot;, None)\n        if not status or status == ErrorCode.SUCCESS:\n            return\n        value = None\n        message = response.get(&amp;quot;message&amp;quot;, &amp;quot;&amp;quot;)\n        screen: str = response.get(&amp;quot;screen&amp;quot;, &amp;quot;&amp;quot;)\n        stacktrace = None\n        if isinstance(status, int):\n            value_json = response.get(&amp;quot;value&amp;quot;, None)\n            if value_json and isinstance(value_json, str):\n                try:\n                    value = json.loads(value_json)\n                    if isinstance(value, dict):\n                        if len(value) == 1:\n                            value = value[&amp;quot;value&amp;quot;]\n                        status = value.get(&amp;quot;error&amp;quot;, None)\n                        if not status:\n                            status = value.get(&amp;quot;status&amp;quot;, ErrorCode.UNKNOWN_ERROR)\n                            message = value.get(&amp;quot;value&amp;quot;) or value.get(&amp;quot;message&amp;quot;)\n                            if not isinstance(message, str):\n                                value = message\n                                message = message.get(&amp;quot;message&amp;quot;) if isinstance(message, dict) else None\n                        else:\n                            message = value.get(&amp;quot;message&amp;quot;, None)\n                except ValueError:\n                    pass\n    \n        exception_class: type[WebDriverException]\n        e = ErrorCode()\n        error_codes = [item for item in dir(e) if not item.startswith(&amp;quot;__&amp;quot;)]\n        for error_code in error_codes:\n            error_info = getattr(ErrorCode, error_code)\n            if isinstance(error_info, list) and status in error_info:\n                exception_class = getattr(ExceptionMapping, error_code, WebDriverException)\n                break\n        else:\n            exception_class = WebDriverException\n    \n        if not value:\n            value = response[&amp;quot;value&amp;quot;]\n        if isinstance(value, str):\n            raise exception_class(value)\n        if message == &amp;quot;&amp;quot; and &amp;quot;message&amp;quot; in value:\n            message = value[&amp;quot;message&amp;quot;]\n    \n        screen = None  # type: ignore[assignment]\n        if &amp;quot;screen&amp;quot; in value:\n            screen = value[&amp;quot;screen&amp;quot;]\n    \n        stacktrace = None\n        st_value = value.get(&amp;quot;stackTrace&amp;quot;) or value.get(&amp;quot;stacktrace&amp;quot;)\n        if st_value:\n            if isinstance(st_value, str):\n                stacktrace = st_value.split(&amp;quot;\\n&amp;quot;)\n            else:\n                stacktrace = []\n                try:\n                    for frame in st_value:\n                        line = frame.get(&amp;quot;lineNumber&amp;quot;, &amp;quot;&amp;quot;)\n                        file = frame.get(&amp;quot;fileName&amp;quot;, &amp;quot;&amp;lt;anonymous&amp;gt;&amp;quot;)\n                        if line:\n                            file = f&amp;quot;{file}:{line}&amp;quot;\n                        meth = frame.get(&amp;quot;methodName&amp;quot;, &amp;quot;&amp;lt;anonymous&amp;gt;&amp;quot;)\n                        if &amp;quot;className&amp;quot; in frame:\n                            meth = f&amp;quot;{frame[&amp;#x27;className&amp;#x27;]}.{meth}&amp;quot;\n                        msg = &amp;quot;    at %s (%s)&amp;quot;\n                        msg = msg % (meth, file)\n                        stacktrace.append(msg)\n                except TypeError:\n                    pass\n        if exception_class == UnexpectedAlertPresentException:\n            alert_text = None\n            if &amp;quot;data&amp;quot; in value:\n                alert_text = value[&amp;quot;data&amp;quot;].get(&amp;quot;text&amp;quot;)\n            elif &amp;quot;alert&amp;quot; in value:\n                alert_text = value[&amp;quot;alert&amp;quot;].get(&amp;quot;text&amp;quot;)\n            raise exception_class(message, screen, stacktrace, alert_text)  # type: ignore[call-arg]  # mypy is not smart enough here\n&amp;gt;       raise exception_class(message, screen, stacktrace)\nE       selenium.common.exceptions.ElementClickInterceptedException: Message: Element &amp;lt;select class=&amp;quot;orderby&amp;quot; name=&amp;quot;orderby&amp;quot;&amp;gt; is not clickable at point (1105,323) because another element &amp;lt;iframe id=&amp;quot;aswift_0&amp;quot; name=&amp;quot;aswift_0&amp;quot; src=&amp;quot;https://googleads.g.doubleclick.net/pagead/ads?client=ca-pub-9173866185064071&amp;amp;output=html&amp;amp;h=280&amp;amp;slotname=6638633547&amp;amp;adk=1737766308&amp;amp;adf=3465804702&amp;amp;pi=t.ma~as.6638633547&amp;amp;w=916&amp;amp;fwrn=4&amp;amp;fwrnh=100&amp;amp;lmt=1771764489&amp;amp;rafmt=1&amp;amp;format=916x280&amp;amp;url=https%3A%2F%2Fpractice.automationtesting.in%2Fshop%2F&amp;amp;fwr=0&amp;amp;rpe=1&amp;amp;resp_fmts=3&amp;amp;aieuf=1&amp;amp;aicrs=1&amp;amp;abgtt=13&amp;amp;dt=1771764489241&amp;amp;bpp=2&amp;amp;bdt=2362&amp;amp;idt=138&amp;amp;shv=r20260218&amp;amp;mjsv=m202602180101&amp;amp;ptt=9&amp;amp;saldr=aa&amp;amp;abxe=1&amp;amp;cookie=ID%3D1ae0cfd20813d96c%3AT%3D1771764478%3ART%3D1771764478%3AS%3DALNI_MYrUGsaADH4X12J0PbykK2Psncu3A&amp;amp;gpic=UID%3D0000120775b19e7b%3AT%3D1771764478%3ART%3D1771764478%3AS%3DALNI_MYc5h_-P1k5hvPLJZKR42Jzvpifug&amp;amp;eo_id_str=ID%3De64b5f0dba732bbb%3AT%3D1771764478%3ART%3D1771764478%3AS%3DAA-AfjbGFG5WS__txUw69QEkuMuj&amp;amp;correlator=3927539055325&amp;amp;frm=20&amp;amp;pv=2&amp;amp;u_tz=330&amp;amp;u_his=2&amp;amp;u_h=864&amp;amp;u_w=1536&amp;amp;u_ah=816&amp;amp;u_aw=1536&amp;amp;u_cd=24&amp;amp;u_sd=1.25&amp;amp;adx=304&amp;amp;ady=238&amp;amp;biw=1280&amp;amp;bih=649&amp;amp;scr_x=0&amp;amp;scr_y=0&amp;amp;eid=95378425%2C31096863%2C95381976%2C95383667&amp;amp;oid=2&amp;amp;pvsid=75573272578480&amp;amp;tmod=55839689&amp;amp;uas=0&amp;amp;nvt=1&amp;amp;ref=https%3A%2F%2Fpractice.automationtesting.in%2F&amp;amp;fc=896&amp;amp;brdim=3%2C3%2C3%2C3%2C1536%2C0%2C1294%2C741%2C1280%2C649&amp;amp;vis=1&amp;amp;rsz=%7C%7CEe%7C&amp;amp;abl=CS&amp;amp;pfx=0&amp;amp;fu=128&amp;amp;bc=31&amp;amp;bz=1.01&amp;amp;pgls=CAEaBTYuMi4y~CAA.&amp;amp;ifi=1&amp;amp;uci=a!1&amp;amp;fsb=1&amp;amp;dtd=150&amp;quot;&amp;gt; obscures it; For documentation on this error, please visit: https://www.selenium.dev/documentation/webdriver/troubleshooting/errors#elementclickinterceptedexception\nE       Stacktrace:\nE       RemoteError@chrome://remote/content/shared/RemoteError.sys.mjs:8:8\nE       WebDriverError@chrome://remote/content/shared/webdriver/Errors.sys.mjs:202:5\nE       ElementClickInterceptedError@chrome://remote/content/shared/webdriver/Errors.sys.mjs:354:5\nE       webdriverClickElement@chrome://remote/content/marionette/interaction.sys.mjs:175:11\nE       interaction.clickElement@chrome://remote/content/marionette/interaction.sys.mjs:134:11\nE       clickElement@chrome://remote/content/marionette/actors/MarionetteCommandsChild.sys.mjs:328:29\nE       receiveMessage@chrome://remote/content/marionette/actors/MarionetteCommandsChild.sys.mjs:210:31\n\n..\\..\\..\\..\\AppData\\Local\\Programs\\Python\\Python313\\Lib\\site-packages\\selenium\\webdriver\\remote\\errorhandler.py:232: ElementClickInterceptedException\n\n---------------------------- Captured stderr setup -----------------------------\n2026-02-22 18:17:31,779 - INFO - ------ Test Finished: test_sort_products[data4] ------\n\n2026-02-22 18:17:31,780 - INFO - ------ Test Started: test_sort_products[data5] ------\n2026-02-22 18:17:31,784 - INFO - Browser Setup Started: firefox\n2026-02-22 18:17:31,786 - INFO - ====== WebDriver manager ======\n2026-02-22 18:17:36,876 - INFO - Get LATEST geckodriver version for 147.0 firefox\n2026-02-22 18:17:37,069 - INFO - Get LATEST geckodriver version for 147.0 firefox\n2026-02-22 18:17:37,197 - INFO - Driver [C:\\Users\\Neeraja\\.wdm\\drivers\\geckodriver\\win64\\v0.36.0\\geckodriver.exe] found in cache\n\n------------------------------ Captured log setup ------------------------------\nINFO     root:conftest.py:34 Browser Setup Started: firefox\nINFO     WDM:logger.py:11 ====== WebDriver manager ======\nINFO     WDM:logger.py:11 Get LATEST geckodriver version for 147.0 firefox\nINFO     WDM:logger.py:11 Get LATEST geckodriver version for 147.0 firefox\nINFO     WDM:logger.py:11 Driver [C:\\Users\\Neeraja\\.wdm\\drivers\\geckodriver\\win64\\v0.36.0\\geckodriver.exe] found in cache\n\n----------------------------- Captured stderr call -----------------------------\n2026-02-22 18:18:06,498 - INFO - ========== STARTING SORT PRODUCTS TEST ==========\n2026-02-22 18:18:06,498 - INFO - Navigating to Shop page\n2026-02-22 18:18:11,282 - INFO - Current URL after navigation: https://practice.automationtesting.in/shop/\n2026-02-22 18:18:11,288 - INFO - Selecting sort option: price-desc\n\n------------------------------ Captured log call -------------------------------\nINFO     root:test_sort_product.py:36 ========== STARTING SORT PRODUCTS TEST ==========\nINFO     root:test_sort_product.py:44 Navigating to Shop page\nINFO     root:test_sort_product.py:47 Current URL after navigation: https://practice.automationtesting.in/shop/\nINFO     root:test_sort_product.py:55 Selecting sort option: price-desc\n\n--------------------------- Captured stderr teardown ---------------------------\n2026-02-22 18:18:11,602 - ERROR - Test Failed: test_sort_products[data5]\n2026-02-22 18:18:11,603 - ERROR - Screenshot saved at: C:\\Users\\Neeraja\\Desktop\\Wipro_Practice\\Capstone_Project\\tests\\screenshots\\test_sort_products[data5]_20260222_181811.png\n2026-02-22 18:18:11,606 - INFO - Browser Teardown Started\n2026-02-22 18:18:15,249 - INFO - Browser Closed Successfully\n\n\n---------------------------- Captured log teardown -----------------------------\nINFO     root:conftest.py:43 Browser Teardown Started\nINFO     root:conftest.py:45 Browser Closed Successfully&#34;}], &#34;tests/test_findorders_byuser.py::test_findOrdersByUser[data0]&#34;: [{&#34;extras&#34;: [], &#34;result&#34;: &#34;Passed&#34;, &#34;testId&#34;: &#34;tests/test_findorders_byuser.py::test_findOrdersByUser[data0]&#34;, &#34;duration&#34;: &#34;00:00:40&#34;, &#34;resultsTableRow&#34;: [&#34;&lt;td class=\&#34;col-result\&#34;&gt;Passed&lt;/td&gt;&#34;, &#34;&lt;td class=\&#34;col-testId\&#34;&gt;tests/test_findorders_byuser.py::test_findOrdersByUser[data0]&lt;/td&gt;&#34;, &#34;&lt;td class=\&#34;col-duration\&#34;&gt;00:00:40&lt;/td&gt;&#34;, &#34;&lt;td class=\&#34;col-links\&#34;&gt;&lt;/td&gt;&#34;], &#34;log&#34;: &#34;---------------------------- Captured stderr setup -----------------------------\n2026-02-22 18:18:15,251 - INFO - ------ Test Finished: test_sort_products[data5] ------\n\n2026-02-22 18:18:15,252 - INFO - ------ Test Started: test_findOrdersByUser[data0] ------\n2026-02-22 18:18:15,253 - INFO - Browser Setup Started: firefox\n2026-02-22 18:18:15,254 - INFO - ====== WebDriver manager ======\n2026-02-22 18:18:20,017 - INFO - Get LATEST geckodriver version for 147.0 firefox\n2026-02-22 18:18:20,130 - INFO - Get LATEST geckodriver version for 147.0 firefox\n2026-02-22 18:18:20,246 - INFO - Driver [C:\\Users\\Neeraja\\.wdm\\drivers\\geckodriver\\win64\\v0.36.0\\geckodriver.exe] found in cache\n\n------------------------------ Captured log setup ------------------------------\nINFO     root:conftest.py:34 Browser Setup Started: firefox\nINFO     WDM:logger.py:11 ====== WebDriver manager ======\nINFO     WDM:logger.py:11 Get LATEST geckodriver version for 147.0 firefox\nINFO     WDM:logger.py:11 Get LATEST geckodriver version for 147.0 firefox\nINFO     WDM:logger.py:11 Driver [C:\\Users\\Neeraja\\.wdm\\drivers\\geckodriver\\win64\\v0.36.0\\geckodriver.exe] found in cache\n\n----------------------------- Captured stderr call -----------------------------\n2026-02-22 18:18:46,300 - INFO - ========== STARTING FILTER ORDERS BY USER TEST ==========\n2026-02-22 18:18:46,300 - INFO - Clicking on Login/My Account link\n2026-02-22 18:18:47,996 - INFO - Current URL after clicking login: https://practice.automationtesting.in/my-account/\n2026-02-22 18:18:47,999 - INFO - Entering Email: Rani12@gmail.com\n2026-02-22 18:18:48,109 - INFO - Email entered in field: Rani12@gmail.com\n2026-02-22 18:18:48,109 - INFO - Entering Password\n2026-02-22 18:18:48,149 - INFO - Password entered successfully\n2026-02-22 18:18:48,149 - INFO - Selecting Remember Me checkbox\n2026-02-22 18:18:48,227 - INFO - Checkbox selected status: True\n2026-02-22 18:18:48,227 - INFO - Clicking Login button\n2026-02-22 18:18:50,277 - INFO - URL after login: https://practice.automationtesting.in/my-account/\n2026-02-22 18:18:50,280 - INFO - Checking if Orders table is displayed\n2026-02-22 18:18:50,280 - INFO - Checking if Orders table is displayed\n2026-02-22 18:18:52,243 - INFO - Orders table is visible\n2026-02-22 18:18:52,243 - INFO - ========== FILTER ORDERS BY USER TEST PASSED ==========\n\n------------------------------ Captured log call -------------------------------\nINFO     root:test_findorders_byuser.py:37 ========== STARTING FILTER ORDERS BY USER TEST ==========\nINFO     root:test_findorders_byuser.py:42 Clicking on Login/My Account link\nINFO     root:test_findorders_byuser.py:45 Current URL after clicking login: https://practice.automationtesting.in/my-account/\nINFO     root:test_findorders_byuser.py:50 Entering Email: Rani12@gmail.com\nINFO     root:test_findorders_byuser.py:53 Email entered in field: Rani12@gmail.com\nINFO     root:test_findorders_byuser.py:57 Entering Password\nINFO     root:test_findorders_byuser.py:60 Password entered successfully\nINFO     root:test_findorders_byuser.py:63 Selecting Remember Me checkbox\nINFO     root:test_findorders_byuser.py:66 Checkbox selected status: True\nINFO     root:test_findorders_byuser.py:68 Clicking Login button\nINFO     root:test_findorders_byuser.py:71 URL after login: https://practice.automationtesting.in/my-account/\nINFO     root:test_findorders_byuser.py:75 Checking if Orders table is displayed\nINFO     root:test_findorders_byuser.py:78 Checking if Orders table is displayed\nINFO     root:test_findorders_byuser.py:81 Orders table is visible\nINFO     root:test_findorders_byuser.py:85 ========== FILTER ORDERS BY USER TEST PASSED ==========\n\n--------------------------- Captured stderr teardown ---------------------------\n2026-02-22 18:18:52,245 - INFO - Browser Teardown Started\n2026-02-22 18:18:55,651 - INFO - Browser Closed Successfully\n\n\n---------------------------- Captured log teardown -----------------------------\nINFO     root:conftest.py:43 Browser Teardown Started\nINFO     root:conftest.py:45 Browser Closed Successfully&#34;}], &#34;tests/test_findorders_byuser.py::test_findOrdersByUser[data1]&#34;: [{&#34;extras&#34;: [], &#34;result&#34;: &#34;Passed&#34;, &#34;testId&#34;: &#34;tests/test_findorders_byuser.py::test_findOrdersByUser[data1]&#34;, &#34;duration&#34;: &#34;00:00:48&#34;, &#34;resultsTableRow&#34;: [&#34;&lt;td class=\&#34;col-result\&#34;&gt;Passed&lt;/td&gt;&#34;, &#34;&lt;td class=\&#34;col-testId\&#34;&gt;tests/test_findorders_byuser.py::test_findOrdersByUser[data1]&lt;/td&gt;&#34;, &#34;&lt;td class=\&#34;col-duration\&#34;&gt;00:00:48&lt;/td&gt;&#34;, &#34;&lt;td class=\&#34;col-links\&#34;&gt;&lt;/td&gt;&#34;], &#34;log&#34;: &#34;---------------------------- Captured stderr setup -----------------------------\n2026-02-22 18:18:55,656 - INFO - ------ Test Finished: test_findOrdersByUser[data0] ------\n\n2026-02-22 18:18:55,656 - INFO - ------ Test Started: test_findOrdersByUser[data1] ------\n2026-02-22 18:18:55,658 - INFO - Browser Setup Started: firefox\n2026-02-22 18:18:55,659 - INFO - ====== WebDriver manager ======\n2026-02-22 18:19:01,324 - INFO - Get LATEST geckodriver version for 147.0 firefox\n2026-02-22 18:19:02,574 - INFO - Get LATEST geckodriver version for 147.0 firefox\n2026-02-22 18:19:02,948 - INFO - Driver [C:\\Users\\Neeraja\\.wdm\\drivers\\geckodriver\\win64\\v0.36.0\\geckodriver.exe] found in cache\n\n------------------------------ Captured log setup ------------------------------\nINFO     root:conftest.py:34 Browser Setup Started: firefox\nINFO     WDM:logger.py:11 ====== WebDriver manager ======\nINFO     WDM:logger.py:11 Get LATEST geckodriver version for 147.0 firefox\nINFO     WDM:logger.py:11 Get LATEST geckodriver version for 147.0 firefox\nINFO     WDM:logger.py:11 Driver [C:\\Users\\Neeraja\\.wdm\\drivers\\geckodriver\\win64\\v0.36.0\\geckodriver.exe] found in cache\n\n----------------------------- Captured stderr call -----------------------------\n2026-02-22 18:19:24,141 - INFO - ========== STARTING FILTER ORDERS BY USER TEST ==========\n2026-02-22 18:19:24,142 - INFO - Clicking on Login/My Account link\n2026-02-22 18:19:25,684 - INFO - Current URL after clicking login: https://practice.automationtesting.in/my-account/\n2026-02-22 18:19:25,686 - INFO - Entering Email: Rani13@gmail.com\n2026-02-22 18:19:25,803 - INFO - Email entered in field: Rani13@gmail.com\n2026-02-22 18:19:25,803 - INFO - Entering Password\n2026-02-22 18:19:25,846 - INFO - Password entered successfully\n2026-02-22 18:19:25,846 - INFO - Selecting Remember Me checkbox\n2026-02-22 18:19:25,929 - INFO - Checkbox selected status: True\n2026-02-22 18:19:25,929 - INFO - Clicking Login button\n2026-02-22 18:19:27,852 - INFO - URL after login: https://practice.automationtesting.in/my-account/\n2026-02-22 18:19:27,860 - INFO - Checking if Orders table is displayed\n2026-02-22 18:19:27,860 - INFO - Checking if Orders table is displayed\n2026-02-22 18:19:39,883 - INFO - No orders / Invalid login - Negative case handled\n2026-02-22 18:19:39,883 - INFO - ========== FILTER ORDERS BY USER TEST PASSED ==========\n\n------------------------------ Captured log call -------------------------------\nINFO     root:test_findorders_byuser.py:37 ========== STARTING FILTER ORDERS BY USER TEST ==========\nINFO     root:test_findorders_byuser.py:42 Clicking on Login/My Account link\nINFO     root:test_findorders_byuser.py:45 Current URL after clicking login: https://practice.automationtesting.in/my-account/\nINFO     root:test_findorders_byuser.py:50 Entering Email: Rani13@gmail.com\nINFO     root:test_findorders_byuser.py:53 Email entered in field: Rani13@gmail.com\nINFO     root:test_findorders_byuser.py:57 Entering Password\nINFO     root:test_findorders_byuser.py:60 Password entered successfully\nINFO     root:test_findorders_byuser.py:63 Selecting Remember Me checkbox\nINFO     root:test_findorders_byuser.py:66 Checkbox selected status: True\nINFO     root:test_findorders_byuser.py:68 Clicking Login button\nINFO     root:test_findorders_byuser.py:71 URL after login: https://practice.automationtesting.in/my-account/\nINFO     root:test_findorders_byuser.py:75 Checking if Orders table is displayed\nINFO     root:test_findorders_byuser.py:78 Checking if Orders table is displayed\nINFO     root:test_findorders_byuser.py:83 No orders / Invalid login - Negative case handled\nINFO     root:test_findorders_byuser.py:85 ========== FILTER ORDERS BY USER TEST PASSED ==========\n\n--------------------------- Captured stderr teardown ---------------------------\n2026-02-22 18:19:39,884 - INFO - Browser Teardown Started\n2026-02-22 18:19:43,181 - INFO - Browser Closed Successfully\n\n\n---------------------------- Captured log teardown -----------------------------\nINFO     root:conftest.py:43 Browser Teardown Started\nINFO     root:conftest.py:45 Browser Closed Successfully&#34;}], &#34;tests/test_filterproduct_byprice.py::test_filter_product[data0]&#34;: [{&#34;extras&#34;: [], &#34;result&#34;: &#34;Passed&#34;, &#34;testId&#34;: &#34;tests/test_filterproduct_byprice.py::test_filter_product[data0]&#34;, &#34;duration&#34;: &#34;00:00:52&#34;, &#34;resultsTableRow&#34;: [&#34;&lt;td class=\&#34;col-result\&#34;&gt;Passed&lt;/td&gt;&#34;, &#34;&lt;td class=\&#34;col-testId\&#34;&gt;tests/test_filterproduct_byprice.py::test_filter_product[data0]&lt;/td&gt;&#34;, &#34;&lt;td class=\&#34;col-duration\&#34;&gt;00:00:52&lt;/td&gt;&#34;, &#34;&lt;td class=\&#34;col-links\&#34;&gt;&lt;/td&gt;&#34;], &#34;log&#34;: &#34;---------------------------- Captured stderr setup -----------------------------\n2026-02-22 18:19:43,185 - INFO - ------ Test Finished: test_findOrdersByUser[data1] ------\n\n2026-02-22 18:19:43,187 - INFO - ------ Test Started: test_filter_product[data0] ------\n2026-02-22 18:19:43,191 - INFO - Browser Setup Started: firefox\n2026-02-22 18:19:43,193 - INFO - ====== WebDriver manager ======\n2026-02-22 18:19:47,805 - INFO - Get LATEST geckodriver version for 147.0 firefox\n2026-02-22 18:19:48,200 - INFO - Get LATEST geckodriver version for 147.0 firefox\n2026-02-22 18:19:48,311 - INFO - Driver [C:\\Users\\Neeraja\\.wdm\\drivers\\geckodriver\\win64\\v0.36.0\\geckodriver.exe] found in cache\n\n------------------------------ Captured log setup ------------------------------\nINFO     root:conftest.py:34 Browser Setup Started: firefox\nINFO     WDM:logger.py:11 ====== WebDriver manager ======\nINFO     WDM:logger.py:11 Get LATEST geckodriver version for 147.0 firefox\nINFO     WDM:logger.py:11 Get LATEST geckodriver version for 147.0 firefox\nINFO     WDM:logger.py:11 Driver [C:\\Users\\Neeraja\\.wdm\\drivers\\geckodriver\\win64\\v0.36.0\\geckodriver.exe] found in cache\n\n----------------------------- Captured stderr call -----------------------------\n2026-02-22 18:20:27,665 - INFO - ========== STARTING FILTER PRODUCT BY PRICE TEST ==========\n2026-02-22 18:20:27,666 - INFO - Navigating to Shop page\n2026-02-22 18:20:30,741 - INFO - Current URL after navigation: https://practice.automationtesting.in/shop/\n2026-02-22 18:20:30,743 - INFO - Applying price filter -&amp;gt; Min: 150.0, Max: 300.0\n2026-02-22 18:20:32,003 - INFO - Price filter applied successfully\n2026-02-22 18:20:32,024 - INFO - Number of products displayed after filtering: 4\n2026-02-22 18:20:32,025 - INFO - URL after filtering: https://practice.automationtesting.in/shop/?min_price=150.0&amp;amp;max_price=300.0\n2026-02-22 18:20:32,027 - INFO - ========== FILTER PRODUCT TEST PASSED ==========\n\n------------------------------ Captured log call -------------------------------\nINFO     root:test_filterproduct_byprice.py:38 ========== STARTING FILTER PRODUCT BY PRICE TEST ==========\nINFO     root:test_filterproduct_byprice.py:42 Navigating to Shop page\nINFO     root:test_filterproduct_byprice.py:45 Current URL after navigation: https://practice.automationtesting.in/shop/\nINFO     root:test_filterproduct_byprice.py:53 Applying price filter -&amp;gt; Min: 150.0, Max: 300.0\nINFO     root:test_filterproduct_byprice.py:55 Price filter applied successfully\nINFO     root:test_filterproduct_byprice.py:60 Number of products displayed after filtering: 4\nINFO     root:test_filterproduct_byprice.py:69 URL after filtering: https://practice.automationtesting.in/shop/?min_price=150.0&amp;amp;max_price=300.0\nINFO     root:test_filterproduct_byprice.py:73 ========== FILTER PRODUCT TEST PASSED ==========\n\n--------------------------- Captured stderr teardown ---------------------------\n2026-02-22 18:20:32,028 - INFO - Browser Teardown Started\n2026-02-22 18:20:35,257 - INFO - Browser Closed Successfully\n\n\n---------------------------- Captured log teardown -----------------------------\nINFO     root:conftest.py:43 Browser Teardown Started\nINFO     root:conftest.py:45 Browser Closed Successfully&#34;}], &#34;tests/test_filterproduct_byprice.py::test_filter_product[data1]&#34;: [{&#34;extras&#34;: [], &#34;result&#34;: &#34;Passed&#34;, &#34;testId&#34;: &#34;tests/test_filterproduct_byprice.py::test_filter_product[data1]&#34;, &#34;duration&#34;: &#34;00:00:28&#34;, &#34;resultsTableRow&#34;: [&#34;&lt;td class=\&#34;col-result\&#34;&gt;Passed&lt;/td&gt;&#34;, &#34;&lt;td class=\&#34;col-testId\&#34;&gt;tests/test_filterproduct_byprice.py::test_filter_product[data1]&lt;/td&gt;&#34;, &#34;&lt;td class=\&#34;col-duration\&#34;&gt;00:00:28&lt;/td&gt;&#34;, &#34;&lt;td class=\&#34;col-links\&#34;&gt;&lt;/td&gt;&#34;], &#34;log&#34;: &#34;---------------------------- Captured stderr setup -----------------------------\n2026-02-22 18:20:35,258 - INFO - ------ Test Finished: test_filter_product[data0] ------\n\n2026-02-22 18:20:35,258 - INFO - ------ Test Started: test_filter_product[data1] ------\n2026-02-22 18:20:35,260 - INFO - Browser Setup Started: firefox\n2026-02-22 18:20:35,261 - INFO - ====== WebDriver manager ======\n2026-02-22 18:20:39,596 - INFO - Get LATEST geckodriver version for 147.0 firefox\n2026-02-22 18:20:40,026 - INFO - Get LATEST geckodriver version for 147.0 firefox\n2026-02-22 18:20:40,138 - INFO - Driver [C:\\Users\\Neeraja\\.wdm\\drivers\\geckodriver\\win64\\v0.36.0\\geckodriver.exe] found in cache\n\n------------------------------ Captured log setup ------------------------------\nINFO     root:conftest.py:34 Browser Setup Started: firefox\nINFO     WDM:logger.py:11 ====== WebDriver manager ======\nINFO     WDM:logger.py:11 Get LATEST geckodriver version for 147.0 firefox\nINFO     WDM:logger.py:11 Get LATEST geckodriver version for 147.0 firefox\nINFO     WDM:logger.py:11 Driver [C:\\Users\\Neeraja\\.wdm\\drivers\\geckodriver\\win64\\v0.36.0\\geckodriver.exe] found in cache\n\n----------------------------- Captured stderr call -----------------------------\n2026-02-22 18:20:55,470 - INFO - ========== STARTING FILTER PRODUCT BY PRICE TEST ==========\n2026-02-22 18:20:55,470 - INFO - Navigating to Shop page\n2026-02-22 18:20:58,254 - INFO - Current URL after navigation: https://practice.automationtesting.in/shop/\n2026-02-22 18:20:58,256 - INFO - Applying price filter -&amp;gt; Min: 200.0, Max: 400.0\n2026-02-22 18:20:59,735 - INFO - Price filter applied successfully\n2026-02-22 18:20:59,903 - INFO - Number of products displayed after filtering: 4\n2026-02-22 18:20:59,919 - INFO - URL after filtering: https://practice.automationtesting.in/shop/?min_price=200.0&amp;amp;max_price=400.0\n2026-02-22 18:20:59,925 - INFO - ========== FILTER PRODUCT TEST PASSED ==========\n\n------------------------------ Captured log call -------------------------------\nINFO     root:test_filterproduct_byprice.py:38 ========== STARTING FILTER PRODUCT BY PRICE TEST ==========\nINFO     root:test_filterproduct_byprice.py:42 Navigating to Shop page\nINFO     root:test_filterproduct_byprice.py:45 Current URL after navigation: https://practice.automationtesting.in/shop/\nINFO     root:test_filterproduct_byprice.py:53 Applying price filter -&amp;gt; Min: 200.0, Max: 400.0\nINFO     root:test_filterproduct_byprice.py:55 Price filter applied successfully\nINFO     root:test_filterproduct_byprice.py:60 Number of products displayed after filtering: 4\nINFO     root:test_filterproduct_byprice.py:69 URL after filtering: https://practice.automationtesting.in/shop/?min_price=200.0&amp;amp;max_price=400.0\nINFO     root:test_filterproduct_byprice.py:73 ========== FILTER PRODUCT TEST PASSED ==========\n\n--------------------------- Captured stderr teardown ---------------------------\n2026-02-22 18:20:59,928 - INFO - Browser Teardown Started\n2026-02-22 18:21:03,332 - INFO - Browser Closed Successfully\n\n\n---------------------------- Captured log teardown -----------------------------\nINFO     root:conftest.py:43 Browser Teardown Started\nINFO     root:conftest.py:45 Browser Closed Successfully&#34;}], &#34;tests/test_filterproduct_byprice.py::test_filter_product[data2]&#34;: [{&#34;extras&#34;: [], &#34;result&#34;: &#34;Passed&#34;, &#34;testId&#34;: &#34;tests/test_filterproduct_byprice.py::test_filter_product[data2]&#34;, &#34;duration&#34;: &#34;00:00:36&#34;, &#34;resultsTableRow&#34;: [&#34;&lt;td class=\&#34;col-result\&#34;&gt;Passed&lt;/td&gt;&#34;, &#34;&lt;td class=\&#34;col-testId\&#34;&gt;tests/test_filterproduct_byprice.py::test_filter_product[data2]&lt;/td&gt;&#34;, &#34;&lt;td class=\&#34;col-duration\&#34;&gt;00:00:36&lt;/td&gt;&#34;, &#34;&lt;td class=\&#34;col-links\&#34;&gt;&lt;/td&gt;&#34;], &#34;log&#34;: &#34;---------------------------- Captured stderr setup -----------------------------\n2026-02-22 18:21:03,333 - INFO - ------ Test Finished: test_filter_product[data1] ------\n\n2026-02-22 18:21:03,333 - INFO - ------ Test Started: test_filter_product[data2] ------\n2026-02-22 18:21:03,335 - INFO - Browser Setup Started: firefox\n2026-02-22 18:21:03,335 - INFO - ====== WebDriver manager ======\n2026-02-22 18:21:07,718 - INFO - Get LATEST geckodriver version for 147.0 firefox\n2026-02-22 18:21:08,085 - INFO - Get LATEST geckodriver version for 147.0 firefox\n2026-02-22 18:21:08,192 - INFO - Driver [C:\\Users\\Neeraja\\.wdm\\drivers\\geckodriver\\win64\\v0.36.0\\geckodriver.exe] found in cache\n\n------------------------------ Captured log setup ------------------------------\nINFO     root:conftest.py:34 Browser Setup Started: firefox\nINFO     WDM:logger.py:11 ====== WebDriver manager ======\nINFO     WDM:logger.py:11 Get LATEST geckodriver version for 147.0 firefox\nINFO     WDM:logger.py:11 Get LATEST geckodriver version for 147.0 firefox\nINFO     WDM:logger.py:11 Driver [C:\\Users\\Neeraja\\.wdm\\drivers\\geckodriver\\win64\\v0.36.0\\geckodriver.exe] found in cache\n\n----------------------------- Captured stderr call -----------------------------\n2026-02-22 18:21:30,652 - INFO - ========== STARTING FILTER PRODUCT BY PRICE TEST ==========\n2026-02-22 18:21:30,652 - INFO - Navigating to Shop page\n2026-02-22 18:21:33,384 - INFO - Current URL after navigation: https://practice.automationtesting.in/shop/\n2026-02-22 18:21:33,386 - INFO - Applying price filter -&amp;gt; Min: 250.0, Max: 500.0\n2026-02-22 18:21:35,439 - INFO - Price filter applied successfully\n2026-02-22 18:21:35,670 - INFO - Number of products displayed after filtering: 6\n2026-02-22 18:21:35,671 - INFO - URL after filtering: https://practice.automationtesting.in/shop/?min_price=250.0&amp;amp;max_price=500.0\n2026-02-22 18:21:35,673 - INFO - ========== FILTER PRODUCT TEST PASSED ==========\n\n------------------------------ Captured log call -------------------------------\nINFO     root:test_filterproduct_byprice.py:38 ========== STARTING FILTER PRODUCT BY PRICE TEST ==========\nINFO     root:test_filterproduct_byprice.py:42 Navigating to Shop page\nINFO     root:test_filterproduct_byprice.py:45 Current URL after navigation: https://practice.automationtesting.in/shop/\nINFO     root:test_filterproduct_byprice.py:53 Applying price filter -&amp;gt; Min: 250.0, Max: 500.0\nINFO     root:test_filterproduct_byprice.py:55 Price filter applied successfully\nINFO     root:test_filterproduct_byprice.py:60 Number of products displayed after filtering: 6\nINFO     root:test_filterproduct_byprice.py:69 URL after filtering: https://practice.automationtesting.in/shop/?min_price=250.0&amp;amp;max_price=500.0\nINFO     root:test_filterproduct_byprice.py:73 ========== FILTER PRODUCT TEST PASSED ==========\n\n--------------------------- Captured stderr teardown ---------------------------\n2026-02-22 18:21:35,674 - INFO - Browser Teardown Started\n2026-02-22 18:21:39,025 - INFO - Browser Closed Successfully\n\n\n---------------------------- Captured log teardown -----------------------------\nINFO     root:conftest.py:43 Browser Teardown Started\nINFO     root:conftest.py:45 Browser Closed Successfully&#34;}], &#34;tests/test_login_page.py::test_logout[data0]&#34;: [{&#34;extras&#34;: [], &#34;result&#34;: &#34;Passed&#34;, &#34;testId&#34;: &#34;tests/test_login_page.py::test_logout[data0]&#34;, &#34;duration&#34;: &#34;00:00:40&#34;, &#34;resultsTableRow&#34;: [&#34;&lt;td class=\&#34;col-result\&#34;&gt;Passed&lt;/td&gt;&#34;, &#34;&lt;td class=\&#34;col-testId\&#34;&gt;tests/test_login_page.py::test_logout[data0]&lt;/td&gt;&#34;, &#34;&lt;td class=\&#34;col-duration\&#34;&gt;00:00:40&lt;/td&gt;&#34;, &#34;&lt;td class=\&#34;col-links\&#34;&gt;&lt;/td&gt;&#34;], &#34;log&#34;: &#34;---------------------------- Captured stderr setup -----------------------------\n2026-02-22 18:21:39,026 - INFO - ------ Test Finished: test_filter_product[data2] ------\n\n2026-02-22 18:21:39,026 - INFO - ------ Test Started: test_logout[data0] ------\n2026-02-22 18:21:39,028 - INFO - Browser Setup Started: firefox\n2026-02-22 18:21:39,028 - INFO - ====== WebDriver manager ======\n2026-02-22 18:21:43,419 - INFO - Get LATEST geckodriver version for 147.0 firefox\n2026-02-22 18:21:43,827 - INFO - Get LATEST geckodriver version for 147.0 firefox\n2026-02-22 18:21:43,933 - INFO - Driver [C:\\Users\\Neeraja\\.wdm\\drivers\\geckodriver\\win64\\v0.36.0\\geckodriver.exe] found in cache\n\n------------------------------ Captured log setup ------------------------------\nINFO     root:conftest.py:34 Browser Setup Started: firefox\nINFO     WDM:logger.py:11 ====== WebDriver manager ======\nINFO     WDM:logger.py:11 Get LATEST geckodriver version for 147.0 firefox\nINFO     WDM:logger.py:11 Get LATEST geckodriver version for 147.0 firefox\nINFO     WDM:logger.py:11 Driver [C:\\Users\\Neeraja\\.wdm\\drivers\\geckodriver\\win64\\v0.36.0\\geckodriver.exe] found in cache\n\n----------------------------- Captured stderr call -----------------------------\n2026-02-22 18:22:10,070 - INFO - ========== STARTING LOGOUT TEST ==========\n2026-02-22 18:22:10,070 - INFO - Opening My Account page\n2026-02-22 18:22:12,238 - INFO - Performing login before logout\n2026-02-22 18:22:14,120 - INFO - Clicking sign out\n2026-02-22 18:22:16,172 - INFO - ========== LOGOUT TEST PASSED ==========\n\n------------------------------ Captured log call -------------------------------\nINFO     root:test_login_page.py:70 ========== STARTING LOGOUT TEST ==========\nINFO     root:test_login_page.py:73 Opening My Account page\nINFO     root:test_login_page.py:77 Performing login before logout\nINFO     root:test_login_page.py:94 Clicking sign out\nINFO     root:test_login_page.py:98 ========== LOGOUT TEST PASSED ==========\n\n--------------------------- Captured stderr teardown ---------------------------\n2026-02-22 18:22:16,174 - INFO - Browser Teardown Started\n2026-02-22 18:22:19,359 - INFO - Browser Closed Successfully\n\n\n---------------------------- Captured log teardown -----------------------------\nINFO     root:conftest.py:43 Browser Teardown Started\nINFO     root:conftest.py:45 Browser Closed Successfully&#34;}], &#34;tests/test_home_page.py::test_open_homepage&#34;: [{&#34;extras&#34;: [], &#34;result&#34;: &#34;Passed&#34;, &#34;testId&#34;: &#34;tests/test_home_page.py::test_open_homepage&#34;, &#34;duration&#34;: &#34;00:00:47&#34;, &#34;resultsTableRow&#34;: [&#34;&lt;td class=\&#34;col-result\&#34;&gt;Passed&lt;/td&gt;&#34;, &#34;&lt;td class=\&#34;col-testId\&#34;&gt;tests/test_home_page.py::test_open_homepage&lt;/td&gt;&#34;, &#34;&lt;td class=\&#34;col-duration\&#34;&gt;00:00:47&lt;/td&gt;&#34;, &#34;&lt;td class=\&#34;col-links\&#34;&gt;&lt;/td&gt;&#34;], &#34;log&#34;: &#34;---------------------------- Captured stderr setup -----------------------------\n2026-02-22 18:22:19,360 - INFO - ------ Test Finished: test_logout[data0] ------\n\n2026-02-22 18:22:19,360 - INFO - ------ Test Started: test_open_homepage ------\n2026-02-22 18:22:19,362 - INFO - Browser Setup Started: firefox\n2026-02-22 18:22:19,363 - INFO - ====== WebDriver manager ======\n2026-02-22 18:22:23,731 - INFO - Get LATEST geckodriver version for 147.0 firefox\n2026-02-22 18:22:23,847 - INFO - Get LATEST geckodriver version for 147.0 firefox\n2026-02-22 18:22:23,956 - INFO - Driver [C:\\Users\\Neeraja\\.wdm\\drivers\\geckodriver\\win64\\v0.36.0\\geckodriver.exe] found in cache\n\n------------------------------ Captured log setup ------------------------------\nINFO     root:conftest.py:34 Browser Setup Started: firefox\nINFO     WDM:logger.py:11 ====== WebDriver manager ======\nINFO     WDM:logger.py:11 Get LATEST geckodriver version for 147.0 firefox\nINFO     WDM:logger.py:11 Get LATEST geckodriver version for 147.0 firefox\nINFO     WDM:logger.py:11 Driver [C:\\Users\\Neeraja\\.wdm\\drivers\\geckodriver\\win64\\v0.36.0\\geckodriver.exe] found in cache\n--------------------------- Captured stderr teardown ---------------------------\n2026-02-22 18:23:03,016 - INFO - Browser Teardown Started\n2026-02-22 18:23:06,405 - INFO - Browser Closed Successfully\n\n\n---------------------------- Captured log teardown -----------------------------\nINFO     root:conftest.py:43 Browser Teardown Started\nINFO     root:conftest.py:45 Browser Closed Successfully&#34;}]}, &#34;renderCollapsed&#34;: [&#34;passed&#34;], &#34;initialSort&#34;: &#34;result&#34;, &#34;title&#34;: &#34;firefox_report.html&#34;}"></div>
    <script>
      (function(){function r(e,n,t){function o(i,f){if(!n[i]){if(!e[i]){var c="function"==typeof require&&require;if(!f&&c)return c(i,!0);if(u)return u(i,!0);var a=new Error("Cannot find module '"+i+"'");throw a.code="MODULE_NOT_FOUND",a}var p=n[i]={exports:{}};e[i][0].call(p.exports,function(r){var n=e[i][1][r];return o(n||r)},p,p.exports,r,e,n,t)}return n[i].exports}for(var u="function"==typeof require&&require,i=0;i<t.length;i++)o(t[i]);return o}return r})()({1:[function(require,module,exports){
const { getCollapsedCategory, setCollapsedIds } = require('./storage.js')

class DataManager {
    setManager(data) {
        const collapsedCategories = [...getCollapsedCategory(data.renderCollapsed)]
        const collapsedIds = []
        const tests = Object.values(data.tests).flat().map((test, index) => {
            const collapsed = collapsedCategories.includes(test.result.toLowerCase())
            const id = `test_${index}`
            if (collapsed) {
                collapsedIds.push(id)
            }
            return {
                ...test,
                id,
                collapsed,
            }
        })
        const dataBlob = { ...data, tests }
        this.data = { ...dataBlob }
        this.renderData = { ...dataBlob }
        setCollapsedIds(collapsedIds)
    }

    get allData() {
        return { ...this.data }
    }

    resetRender() {
        this.renderData = { ...this.data }
    }

    setRender(data) {
        this.renderData.tests = [...data]
    }

    toggleCollapsedItem(id) {
        this.renderData.tests = this.renderData.tests.map((test) =>
            test.id === id ? { ...test, collapsed: !test.collapsed } : test,
        )
    }

    set allCollapsed(collapsed) {
        this.renderData = { ...this.renderData, tests: [...this.renderData.tests.map((test) => (
            { ...test, collapsed }
        ))] }
    }

    get testSubset() {
        return [...this.renderData.tests]
    }

    get environment() {
        return this.renderData.environment
    }

    get initialSort() {
        return this.data.initialSort
    }
}

module.exports = {
    manager: new DataManager(),
}

},{"./storage.js":8}],2:[function(require,module,exports){
const mediaViewer = require('./mediaviewer.js')
const templateEnvRow = document.getElementById('template_environment_row')
const templateResult = document.getElementById('template_results-table__tbody')

function htmlToElements(html) {
    const temp = document.createElement('template')
    temp.innerHTML = html
    return temp.content.childNodes
}

const find = (selector, elem) => {
    if (!elem) {
        elem = document
    }
    return elem.querySelector(selector)
}

const findAll = (selector, elem) => {
    if (!elem) {
        elem = document
    }
    return [...elem.querySelectorAll(selector)]
}

const dom = {
    getStaticRow: (key, value) => {
        const envRow = templateEnvRow.content.cloneNode(true)
        const isObj = typeof value === 'object' && value !== null
        const values = isObj ? Object.keys(value).map((k) => `${k}: ${value[k]}`) : null

        const valuesElement = htmlToElements(
            values ? `<ul>${values.map((val) => `<li>${val}</li>`).join('')}<ul>` : `<div>${value}</div>`)[0]
        const td = findAll('td', envRow)
        td[0].textContent = key
        td[1].appendChild(valuesElement)

        return envRow
    },
    getResultTBody: ({ testId, id, log, extras, resultsTableRow, tableHtml, result, collapsed }) => {
        const resultBody = templateResult.content.cloneNode(true)
        resultBody.querySelector('tbody').classList.add(result.toLowerCase())
        resultBody.querySelector('tbody').id = testId
        resultBody.querySelector('.collapsible').dataset.id = id

        resultsTableRow.forEach((html) => {
            const t = document.createElement('template')
            t.innerHTML = html
            resultBody.querySelector('.collapsible').appendChild(t.content)
        })

        if (log) {
            // Wrap lines starting with "E" with span.error to color those lines red
            const wrappedLog = log.replace(/^E.*$/gm, (match) => `<span class="error">${match}</span>`)
            resultBody.querySelector('.log').innerHTML = wrappedLog
        } else {
            resultBody.querySelector('.log').remove()
        }

        if (collapsed) {
            resultBody.querySelector('.collapsible > .col-result')?.classList.add('collapsed')
            resultBody.querySelector('.extras-row').classList.add('hidden')
        } else {
            resultBody.querySelector('.collapsible > .col-result')?.classList.remove('collapsed')
        }

        const media = []
        extras?.forEach(({ name, format_type, content }) => {
            if (['image', 'video'].includes(format_type)) {
                media.push({ path: content, name, format_type })
            }

            if (format_type === 'html') {
                resultBody.querySelector('.extraHTML').insertAdjacentHTML('beforeend', `<div>${content}</div>`)
            }
        })
        mediaViewer.setup(resultBody, media)

        // Add custom html from the pytest_html_results_table_html hook
        tableHtml?.forEach((item) => {
            resultBody.querySelector('td[class="extra"]').insertAdjacentHTML('beforeend', item)
        })

        return resultBody
    },
}

module.exports = {
    dom,
    htmlToElements,
    find,
    findAll,
}

},{"./mediaviewer.js":6}],3:[function(require,module,exports){
const { manager } = require('./datamanager.js')
const { doSort } = require('./sort.js')
const storageModule = require('./storage.js')

const getFilteredSubSet = (filter) =>
    manager.allData.tests.filter(({ result }) => filter.includes(result.toLowerCase()))

const doInitFilter = () => {
    const currentFilter = storageModule.getVisible()
    const filteredSubset = getFilteredSubSet(currentFilter)
    manager.setRender(filteredSubset)
}

const doFilter = (type, show) => {
    if (show) {
        storageModule.showCategory(type)
    } else {
        storageModule.hideCategory(type)
    }

    const currentFilter = storageModule.getVisible()
    const filteredSubset = getFilteredSubSet(currentFilter)
    manager.setRender(filteredSubset)

    const sortColumn = storageModule.getSort()
    doSort(sortColumn, true)
}

module.exports = {
    doFilter,
    doInitFilter,
}

},{"./datamanager.js":1,"./sort.js":7,"./storage.js":8}],4:[function(require,module,exports){
const { redraw, bindEvents, renderStatic } = require('./main.js')
const { doInitFilter } = require('./filter.js')
const { doInitSort } = require('./sort.js')
const { manager } = require('./datamanager.js')
const data = JSON.parse(document.getElementById('data-container').dataset.jsonblob)

function init() {
    manager.setManager(data)
    doInitFilter()
    doInitSort()
    renderStatic()
    redraw()
    bindEvents()
}

init()

},{"./datamanager.js":1,"./filter.js":3,"./main.js":5,"./sort.js":7}],5:[function(require,module,exports){
const { dom, find, findAll } = require('./dom.js')
const { manager } = require('./datamanager.js')
const { doSort } = require('./sort.js')
const { doFilter } = require('./filter.js')
const {
    getVisible,
    getCollapsedIds,
    setCollapsedIds,
    getSort,
    getSortDirection,
    possibleFilters,
} = require('./storage.js')

const removeChildren = (node) => {
    while (node.firstChild) {
        node.removeChild(node.firstChild)
    }
}

const renderStatic = () => {
    const renderEnvironmentTable = () => {
        const environment = manager.environment
        const rows = Object.keys(environment).map((key) => dom.getStaticRow(key, environment[key]))
        const table = document.getElementById('environment')
        removeChildren(table)
        rows.forEach((row) => table.appendChild(row))
    }
    renderEnvironmentTable()
}

const addItemToggleListener = (elem) => {
    elem.addEventListener('click', ({ target }) => {
        const id = target.parentElement.dataset.id
        manager.toggleCollapsedItem(id)

        const collapsedIds = getCollapsedIds()
        if (collapsedIds.includes(id)) {
            const updated = collapsedIds.filter((item) => item !== id)
            setCollapsedIds(updated)
        } else {
            collapsedIds.push(id)
            setCollapsedIds(collapsedIds)
        }
        redraw()
    })
}

const renderContent = (tests) => {
    const sortAttr = getSort(manager.initialSort)
    const sortAsc = JSON.parse(getSortDirection())
    const rows = tests.map(dom.getResultTBody)
    const table = document.getElementById('results-table')
    const tableHeader = document.getElementById('results-table-head')

    const newTable = document.createElement('table')
    newTable.id = 'results-table'

    // remove all sorting classes and set the relevant
    findAll('.sortable', tableHeader).forEach((elem) => elem.classList.remove('asc', 'desc'))
    tableHeader.querySelector(`.sortable[data-column-type="${sortAttr}"]`)?.classList.add(sortAsc ? 'desc' : 'asc')
    newTable.appendChild(tableHeader)

    if (!rows.length) {
        const emptyTable = document.getElementById('template_results-table__body--empty').content.cloneNode(true)
        newTable.appendChild(emptyTable)
    } else {
        rows.forEach((row) => {
            if (!!row) {
                findAll('.collapsible td:not(.col-links', row).forEach(addItemToggleListener)
                find('.logexpander', row).addEventListener('click',
                    (evt) => evt.target.parentNode.classList.toggle('expanded'),
                )
                newTable.appendChild(row)
            }
        })
    }

    table.replaceWith(newTable)
}

const renderDerived = () => {
    const currentFilter = getVisible()
    possibleFilters.forEach((result) => {
        const input = document.querySelector(`input[data-test-result="${result}"]`)
        input.checked = currentFilter.includes(result)
    })
}

const bindEvents = () => {
    const filterColumn = (evt) => {
        const { target: element } = evt
        const { testResult } = element.dataset

        doFilter(testResult, element.checked)
        const collapsedIds = getCollapsedIds()
        const updated = manager.renderData.tests.map((test) => {
            return {
                ...test,
                collapsed: collapsedIds.includes(test.id),
            }
        })
        manager.setRender(updated)
        redraw()
    }

    const header = document.getElementById('environment-header')
    header.addEventListener('click', () => {
        const table = document.getElementById('environment')
        table.classList.toggle('hidden')
        header.classList.toggle('collapsed')
    })

    findAll('input[name="filter_checkbox"]').forEach((elem) => {
        elem.addEventListener('click', filterColumn)
    })

    findAll('.sortable').forEach((elem) => {
        elem.addEventListener('click', (evt) => {
            const { target: element } = evt
            const { columnType } = element.dataset
            doSort(columnType)
            redraw()
        })
    })

    document.getElementById('show_all_details').addEventListener('click', () => {
        manager.allCollapsed = false
        setCollapsedIds([])
        redraw()
    })
    document.getElementById('hide_all_details').addEventListener('click', () => {
        manager.allCollapsed = true
        const allIds = manager.renderData.tests.map((test) => test.id)
        setCollapsedIds(allIds)
        redraw()
    })
}

const redraw = () => {
    const { testSubset } = manager

    renderContent(testSubset)
    renderDerived()
}

module.exports = {
    redraw,
    bindEvents,
    renderStatic,
}

},{"./datamanager.js":1,"./dom.js":2,"./filter.js":3,"./sort.js":7,"./storage.js":8}],6:[function(require,module,exports){
class MediaViewer {
    constructor(assets) {
        this.assets = assets
        this.index = 0
    }

    nextActive() {
        this.index = this.index === this.assets.length - 1 ? 0 : this.index + 1
        return [this.activeFile, this.index]
    }

    prevActive() {
        this.index = this.index === 0 ? this.assets.length - 1 : this.index -1
        return [this.activeFile, this.index]
    }

    get currentIndex() {
        return this.index
    }

    get activeFile() {
        return this.assets[this.index]
    }
}


const setup = (resultBody, assets) => {
    if (!assets.length) {
        resultBody.querySelector('.media').classList.add('hidden')
        return
    }

    const mediaViewer = new MediaViewer(assets)
    const container = resultBody.querySelector('.media-container')
    const leftArrow = resultBody.querySelector('.media-container__nav--left')
    const rightArrow = resultBody.querySelector('.media-container__nav--right')
    const mediaName = resultBody.querySelector('.media__name')
    const counter = resultBody.querySelector('.media__counter')
    const imageEl = resultBody.querySelector('img')
    const sourceEl = resultBody.querySelector('source')
    const videoEl = resultBody.querySelector('video')

    const setImg = (media, index) => {
        if (media?.format_type === 'image') {
            imageEl.src = media.path

            imageEl.classList.remove('hidden')
            videoEl.classList.add('hidden')
        } else if (media?.format_type === 'video') {
            sourceEl.src = media.path

            videoEl.classList.remove('hidden')
            imageEl.classList.add('hidden')
        }

        mediaName.innerText = media?.name
        counter.innerText = `${index + 1} / ${assets.length}`
    }
    setImg(mediaViewer.activeFile, mediaViewer.currentIndex)

    const moveLeft = () => {
        const [media, index] = mediaViewer.prevActive()
        setImg(media, index)
    }
    const doRight = () => {
        const [media, index] = mediaViewer.nextActive()
        setImg(media, index)
    }
    const openImg = () => {
        window.open(mediaViewer.activeFile.path, '_blank')
    }
    if (assets.length === 1) {
        container.classList.add('media-container--fullscreen')
    } else {
        leftArrow.addEventListener('click', moveLeft)
        rightArrow.addEventListener('click', doRight)
    }
    imageEl.addEventListener('click', openImg)
}

module.exports = {
    setup,
}

},{}],7:[function(require,module,exports){
const { manager } = require('./datamanager.js')
const storageModule = require('./storage.js')

const genericSort = (list, key, ascending, customOrder) => {
    let sorted
    if (customOrder) {
        sorted = list.sort((a, b) => {
            const aValue = a.result.toLowerCase()
            const bValue = b.result.toLowerCase()

            const aIndex = customOrder.findIndex((item) => item.toLowerCase() === aValue)
            const bIndex = customOrder.findIndex((item) => item.toLowerCase() === bValue)

            // Compare the indices to determine the sort order
            return aIndex - bIndex
        })
    } else {
        sorted = list.sort((a, b) => a[key] === b[key] ? 0 : a[key] > b[key] ? 1 : -1)
    }

    if (ascending) {
        sorted.reverse()
    }
    return sorted
}

const durationSort = (list, ascending) => {
    const parseDuration = (duration) => {
        if (duration.includes(':')) {
            // If it's in the format "HH:mm:ss"
            const [hours, minutes, seconds] = duration.split(':').map(Number)
            return (hours * 3600 + minutes * 60 + seconds) * 1000
        } else {
            // If it's in the format "nnn ms"
            return parseInt(duration)
        }
    }
    const sorted = list.sort((a, b) => parseDuration(a['duration']) - parseDuration(b['duration']))
    if (ascending) {
        sorted.reverse()
    }
    return sorted
}

const doInitSort = () => {
    const type = storageModule.getSort(manager.initialSort)
    const ascending = storageModule.getSortDirection()
    const list = manager.testSubset
    const initialOrder = ['Error', 'Failed', 'Rerun', 'XFailed', 'XPassed', 'Skipped', 'Passed']

    storageModule.setSort(type)
    storageModule.setSortDirection(ascending)

    if (type?.toLowerCase() === 'original') {
        manager.setRender(list)
    } else {
        let sortedList
        switch (type) {
        case 'duration':
            sortedList = durationSort(list, ascending)
            break
        case 'result':
            sortedList = genericSort(list, type, ascending, initialOrder)
            break
        default:
            sortedList = genericSort(list, type, ascending)
            break
        }
        manager.setRender(sortedList)
    }
}

const doSort = (type, skipDirection) => {
    const newSortType = storageModule.getSort(manager.initialSort) !== type
    const currentAsc = storageModule.getSortDirection()
    let ascending
    if (skipDirection) {
        ascending = currentAsc
    } else {
        ascending = newSortType ? false : !currentAsc
    }
    storageModule.setSort(type)
    storageModule.setSortDirection(ascending)

    const list = manager.testSubset
    const sortedList = type === 'duration' ? durationSort(list, ascending) : genericSort(list, type, ascending)
    manager.setRender(sortedList)
}

module.exports = {
    doInitSort,
    doSort,
}

},{"./datamanager.js":1,"./storage.js":8}],8:[function(require,module,exports){
const possibleFilters = [
    'passed',
    'skipped',
    'failed',
    'error',
    'xfailed',
    'xpassed',
    'rerun',
]

const getVisible = () => {
    const url = new URL(window.location.href)
    const settings = new URLSearchParams(url.search).get('visible')
    const lower = (item) => {
        const lowerItem = item.toLowerCase()
        if (possibleFilters.includes(lowerItem)) {
            return lowerItem
        }
        return null
    }
    return settings === null ?
        possibleFilters :
        [...new Set(settings?.split(',').map(lower).filter((item) => item))]
}

const hideCategory = (categoryToHide) => {
    const url = new URL(window.location.href)
    const visibleParams = new URLSearchParams(url.search).get('visible')
    const currentVisible = visibleParams ? visibleParams.split(',') : [...possibleFilters]
    const settings = [...new Set(currentVisible)].filter((f) => f !== categoryToHide).join(',')

    url.searchParams.set('visible', settings)
    window.history.pushState({}, null, unescape(url.href))
}

const showCategory = (categoryToShow) => {
    if (typeof window === 'undefined') {
        return
    }
    const url = new URL(window.location.href)
    const currentVisible = new URLSearchParams(url.search).get('visible')?.split(',').filter(Boolean) ||
        [...possibleFilters]
    const settings = [...new Set([categoryToShow, ...currentVisible])]
    const noFilter = possibleFilters.length === settings.length || !settings.length

    noFilter ? url.searchParams.delete('visible') : url.searchParams.set('visible', settings.join(','))
    window.history.pushState({}, null, unescape(url.href))
}

const getSort = (initialSort) => {
    const url = new URL(window.location.href)
    let sort = new URLSearchParams(url.search).get('sort')
    if (!sort) {
        sort = initialSort || 'result'
    }
    return sort
}

const setSort = (type) => {
    const url = new URL(window.location.href)
    url.searchParams.set('sort', type)
    window.history.pushState({}, null, unescape(url.href))
}

const getCollapsedCategory = (renderCollapsed) => {
    let categories
    if (typeof window !== 'undefined') {
        const url = new URL(window.location.href)
        const collapsedItems = new URLSearchParams(url.search).get('collapsed')
        switch (true) {
        case !renderCollapsed && collapsedItems === null:
            categories = ['passed']
            break
        case collapsedItems?.length === 0 || /^["']{2}$/.test(collapsedItems):
            categories = []
            break
        case /^all$/.test(collapsedItems) || collapsedItems === null && /^all$/.test(renderCollapsed):
            categories = [...possibleFilters]
            break
        default:
            categories = collapsedItems?.split(',').map((item) => item.toLowerCase()) || renderCollapsed
            break
        }
    } else {
        categories = []
    }
    return categories
}

const getSortDirection = () => JSON.parse(sessionStorage.getItem('sortAsc')) || false
const setSortDirection = (ascending) => sessionStorage.setItem('sortAsc', ascending)

const getCollapsedIds = () => JSON.parse(sessionStorage.getItem('collapsedIds')) || []
const setCollapsedIds = (list) => sessionStorage.setItem('collapsedIds', JSON.stringify(list))

module.exports = {
    getVisible,
    hideCategory,
    showCategory,
    getCollapsedIds,
    setCollapsedIds,
    getSort,
    setSort,
    getSortDirection,
    setSortDirection,
    getCollapsedCategory,
    possibleFilters,
}

},{}]},{},[4]);
    </script>
  </footer>
  </body>
</html>