<!DOCTYPE html>
<html>
  <head>
    <meta charset="utf-8"/>
    <title id="head-title">reports_2026-02-22.html</title>
      <style type="text/css">body {
  font-family: Helvetica, Arial, sans-serif;
  font-size: 12px;
  /* do not increase min-width as some may use split screens */
  min-width: 800px;
  color: #999;
}

h1 {
  font-size: 24px;
  color: black;
}

h2 {
  font-size: 16px;
  color: black;
}

p {
  color: black;
}

a {
  color: #999;
}

table {
  border-collapse: collapse;
}

/******************************
 * SUMMARY INFORMATION
 ******************************/
#environment td {
  padding: 5px;
  border: 1px solid #e6e6e6;
  vertical-align: top;
}
#environment tr:nth-child(odd) {
  background-color: #f6f6f6;
}
#environment ul {
  margin: 0;
  padding: 0 20px;
}

/******************************
 * TEST RESULT COLORS
 ******************************/
span.passed,
.passed .col-result {
  color: green;
}

span.skipped,
span.xfailed,
span.rerun,
.skipped .col-result,
.xfailed .col-result,
.rerun .col-result {
  color: orange;
}

span.error,
span.failed,
span.xpassed,
.error .col-result,
.failed .col-result,
.xpassed .col-result {
  color: red;
}

.col-links__extra {
  margin-right: 3px;
}

/******************************
 * RESULTS TABLE
 *
 * 1. Table Layout
 * 2. Extra
 * 3. Sorting items
 *
 ******************************/
/*------------------
 * 1. Table Layout
 *------------------*/
#results-table {
  border: 1px solid #e6e6e6;
  color: #999;
  font-size: 12px;
  width: 100%;
}
#results-table th,
#results-table td {
  padding: 5px;
  border: 1px solid #e6e6e6;
  text-align: left;
}
#results-table th {
  font-weight: bold;
}

/*------------------
 * 2. Extra
 *------------------*/
.logwrapper {
  max-height: 230px;
  overflow-y: scroll;
  background-color: #e6e6e6;
}
.logwrapper.expanded {
  max-height: none;
}
.logwrapper.expanded .logexpander:after {
  content: "collapse [-]";
}
.logwrapper .logexpander {
  z-index: 1;
  position: sticky;
  top: 10px;
  width: max-content;
  border: 1px solid;
  border-radius: 3px;
  padding: 5px 7px;
  margin: 10px 0 10px calc(100% - 80px);
  cursor: pointer;
  background-color: #e6e6e6;
}
.logwrapper .logexpander:after {
  content: "expand [+]";
}
.logwrapper .logexpander:hover {
  color: #000;
  border-color: #000;
}
.logwrapper .log {
  min-height: 40px;
  position: relative;
  top: -50px;
  height: calc(100% + 50px);
  border: 1px solid #e6e6e6;
  color: black;
  display: block;
  font-family: "Courier New", Courier, monospace;
  padding: 5px;
  padding-right: 80px;
  white-space: pre-wrap;
}

div.media {
  border: 1px solid #e6e6e6;
  float: right;
  height: 240px;
  margin: 0 5px;
  overflow: hidden;
  width: 320px;
}

.media-container {
  display: grid;
  grid-template-columns: 25px auto 25px;
  align-items: center;
  flex: 1 1;
  overflow: hidden;
  height: 200px;
}

.media-container--fullscreen {
  grid-template-columns: 0px auto 0px;
}

.media-container__nav--right,
.media-container__nav--left {
  text-align: center;
  cursor: pointer;
}

.media-container__viewport {
  cursor: pointer;
  text-align: center;
  height: inherit;
}
.media-container__viewport img,
.media-container__viewport video {
  object-fit: cover;
  width: 100%;
  max-height: 100%;
}

.media__name,
.media__counter {
  display: flex;
  flex-direction: row;
  justify-content: space-around;
  flex: 0 0 25px;
  align-items: center;
}

.collapsible td:not(.col-links) {
  cursor: pointer;
}
.collapsible td:not(.col-links):hover::after {
  color: #bbb;
  font-style: italic;
  cursor: pointer;
}

.col-result {
  width: 130px;
}
.col-result:hover::after {
  content: " (hide details)";
}

.col-result.collapsed:hover::after {
  content: " (show details)";
}

#environment-header h2:hover::after {
  content: " (hide details)";
  color: #bbb;
  font-style: italic;
  cursor: pointer;
  font-size: 12px;
}

#environment-header.collapsed h2:hover::after {
  content: " (show details)";
  color: #bbb;
  font-style: italic;
  cursor: pointer;
  font-size: 12px;
}

/*------------------
 * 3. Sorting items
 *------------------*/
.sortable {
  cursor: pointer;
}
.sortable.desc:after {
  content: " ";
  position: relative;
  left: 5px;
  bottom: -12.5px;
  border: 10px solid #4caf50;
  border-bottom: 0;
  border-left-color: transparent;
  border-right-color: transparent;
}
.sortable.asc:after {
  content: " ";
  position: relative;
  left: 5px;
  bottom: 12.5px;
  border: 10px solid #4caf50;
  border-top: 0;
  border-left-color: transparent;
  border-right-color: transparent;
}

.hidden, .summary__reload__button.hidden {
  display: none;
}

.summary__data {
  flex: 0 0 550px;
}
.summary__reload {
  flex: 1 1;
  display: flex;
  justify-content: center;
}
.summary__reload__button {
  flex: 0 0 300px;
  display: flex;
  color: white;
  font-weight: bold;
  background-color: #4caf50;
  text-align: center;
  justify-content: center;
  align-items: center;
  border-radius: 3px;
  cursor: pointer;
}
.summary__reload__button:hover {
  background-color: #46a049;
}
.summary__spacer {
  flex: 0 0 550px;
}

.controls {
  display: flex;
  justify-content: space-between;
}

.filters,
.collapse {
  display: flex;
  align-items: center;
}
.filters button,
.collapse button {
  color: #999;
  border: none;
  background: none;
  cursor: pointer;
  text-decoration: underline;
}
.filters button:hover,
.collapse button:hover {
  color: #ccc;
}

.filter__label {
  margin-right: 10px;
}

      </style>
    
  </head>
  <body>
    <h1 id="title">reports_2026-02-22.html</h1>
    <p>Report generated on 22-Feb-2026 at 11:17:12 by <a href="https://pypi.python.org/pypi/pytest-html">pytest-html</a>
        v4.2.0</p>
    <div id="environment-header">
      <h2>Environment</h2>
    </div>
    <table id="environment"></table>
    <!-- TEMPLATES -->
      <template id="template_environment_row">
      <tr>
        <td></td>
        <td></td>
      </tr>
    </template>
    <template id="template_results-table__body--empty">
      <tbody class="results-table-row">
        <tr id="not-found-message">
          <td colspan="4">No results found. Check the filters.</td>
        </tr>
      </tbody>
    </template>
    <template id="template_results-table__tbody">
      <tbody class="results-table-row">
        <tr class="collapsible">
        </tr>
        <tr class="extras-row">
          <td class="extra" colspan="4">
            <div class="extraHTML"></div>
            <div class="media">
              <div class="media-container">
                  <div class="media-container__nav--left">&lt;</div>
                  <div class="media-container__viewport">
                    <img src="" />
                    <video controls>
                      <source src="" type="video/mp4">
                    </video>
                  </div>
                  <div class="media-container__nav--right">&gt;</div>
                </div>
                <div class="media__name"></div>
                <div class="media__counter"></div>
            </div>
            <div class="logwrapper">
              <div class="logexpander"></div>
              <div class="log"></div>
            </div>
          </td>
        </tr>
      </tbody>
    </template>
    <!-- END TEMPLATES -->
    <div class="summary">
      <div class="summary__data">
        <h2>Summary</h2>
        <div class="additional-summary prefix">
        </div>
        <p class="run-count">22 tests took 00:08:35.</p>
        <p class="filter">(Un)check the boxes to filter the results.</p>
        <div class="summary__reload">
          <div class="summary__reload__button hidden" onclick="location.reload()">
            <div>There are still tests running. <br />Reload this page to get the latest results!</div>
          </div>
        </div>
        <div class="summary__spacer"></div>
        <div class="controls">
          <div class="filters">
            <input checked="true" class="filter" name="filter_checkbox" type="checkbox" data-test-result="failed" >
            <span class="failed">2 Failed,</span>
            <input checked="true" class="filter" name="filter_checkbox" type="checkbox" data-test-result="passed" >
            <span class="passed">20 Passed,</span>
            <input checked="true" class="filter" name="filter_checkbox" type="checkbox" data-test-result="skipped" disabled>
            <span class="skipped">0 Skipped,</span>
            <input checked="true" class="filter" name="filter_checkbox" type="checkbox" data-test-result="xfailed" disabled>
            <span class="xfailed">0 Expected failures,</span>
            <input checked="true" class="filter" name="filter_checkbox" type="checkbox" data-test-result="xpassed" disabled>
            <span class="xpassed">0 Unexpected passes,</span>
            <input checked="true" class="filter" name="filter_checkbox" type="checkbox" data-test-result="error" disabled>
            <span class="error">0 Errors,</span>
            <input checked="true" class="filter" name="filter_checkbox" type="checkbox" data-test-result="rerun" disabled>
            <span class="rerun">0 Reruns</span>
            <input checked="true" class="filter" name="filter_checkbox" type="checkbox" data-test-result="retried" disabled>
            <span class="retried">0 Retried,</span>
          </div>
          <div class="collapse">
            <button id="show_all_details">Show all details</button>&nbsp;/&nbsp;<button id="hide_all_details">Hide all details</button>
          </div>
        </div>
      </div>
      <div class="additional-summary summary">
      </div>
      <div class="additional-summary postfix">
      </div>
    </div>
    <table id="results-table">
      <thead id="results-table-head">
        <tr>
          <th class="sortable" data-column-type="result">Result</th>
          <th class="sortable" data-column-type="testId">Test</th>
          <th class="sortable" data-column-type="duration">Duration</th>
          <th>Links</th>
        </tr>
      </thead>
    </table>
  <footer>
    <div id="data-container" data-jsonblob="{&#34;environment&#34;: {&#34;Python&#34;: &#34;3.13.0&#34;, &#34;Platform&#34;: &#34;Windows-11-10.0.26100-SP0&#34;, &#34;Packages&#34;: {&#34;pytest&#34;: &#34;9.0.2&#34;, &#34;pluggy&#34;: &#34;1.6.0&#34;}, &#34;Plugins&#34;: {&#34;anyio&#34;: &#34;4.6.2.post1&#34;, &#34;html&#34;: &#34;4.2.0&#34;, &#34;metadata&#34;: &#34;3.1.1&#34;, &#34;order&#34;: &#34;1.3.0&#34;, &#34;xdist&#34;: &#34;3.8.0&#34;}}, &#34;tests&#34;: {&#34;tests/test_registration.py::test_user_registration[data0]&#34;: [{&#34;extras&#34;: [], &#34;result&#34;: &#34;Failed&#34;, &#34;testId&#34;: &#34;tests/test_registration.py::test_user_registration[data0]&#34;, &#34;duration&#34;: &#34;00:00:27&#34;, &#34;resultsTableRow&#34;: [&#34;&lt;td class=\&#34;col-result\&#34;&gt;Failed&lt;/td&gt;&#34;, &#34;&lt;td class=\&#34;col-testId\&#34;&gt;tests/test_registration.py::test_user_registration[data0]&lt;/td&gt;&#34;, &#34;&lt;td class=\&#34;col-duration\&#34;&gt;00:00:27&lt;/td&gt;&#34;, &#34;&lt;td class=\&#34;col-links\&#34;&gt;&lt;/td&gt;&#34;], &#34;log&#34;: &#34;setup = &amp;lt;selenium.webdriver.chrome.webdriver.WebDriver (session=&amp;quot;cd8b8f3bd5080d2eb2d4c70c21cf4707&amp;quot;)&amp;gt;\ndata = {&amp;#x27;email&amp;#x27;: &amp;#x27;Neeraja43@gmail.com&amp;#x27;, &amp;#x27;password&amp;#x27;: &amp;#x27;Neeraja123@AP&amp;#x27;}\n\n    @pytest.mark.order(1)\n    @pytest.mark.parametrize(&amp;quot;data&amp;quot;, registration_test_data)\n    def test_user_registration(setup,data):\n        logger.info(&amp;quot;========== STARTING USER REGISTRATION TEST ==========&amp;quot;)\n        driver = setup\n        registration = RegistrationPage(driver)\n    \n        # Step 1: Click Sign In\n        logger.info(&amp;quot;Clicking on Sign Up / My Account link&amp;quot;)\n        registration.click_sign_up()\n        logger.info(&amp;quot;Verifying registration page is loaded&amp;quot;)\n        assert registration.is_registration_page_loaded(), &amp;quot;Registration page did not load&amp;quot;\n        # Step 2: Enter Email OR Username\n        logger.info(f&amp;quot;Entering email: {data[&amp;#x27;email&amp;#x27;]}&amp;quot;)\n        registration.enter_email(data[&amp;quot;email&amp;quot;])\n        email_value = driver.find_element(*registration.email_input).get_attribute(&amp;quot;value&amp;quot;)\n        assert email_value == data[&amp;quot;email&amp;quot;], f&amp;quot;Email input failed. Expected &amp;#x27;{data[&amp;#x27;email&amp;#x27;]}&amp;#x27;, got &amp;#x27;{email_value}&amp;#x27;&amp;quot;\n        logger.info(&amp;quot;Entering password&amp;quot;)\n&amp;gt;       registration.enter_password(data[&amp;quot;password&amp;quot;])\n\ntest_registration.py:52: \n_ _ _ _ _ _ _ _ _ _ _ _ _ _ _ _ _ _ _ _ _ _ _ _ _ _ _ _ _ _ _ _ _ _ _ _ _ _ _ _ _ _ _ _ _ _ _ _ _ _ _ _ _ _ _ _ _ _ _ _\n..\\pages\\Registration.py:46: in enter_password\n    self.wait.until(\n_ _ _ _ _ _ _ _ _ _ _ _ _ _ _ _ _ _ _ _ _ _ _ _ _ _ _ _ _ _ _ _ _ _ _ _ _ _ _ _ _ _ _ _ _ _ _ _ _ _ _ _ _ _ _ _ _ _ _ _\n\nself = &amp;lt;selenium.webdriver.support.wait.WebDriverWait (session=&amp;quot;cd8b8f3bd5080d2eb2d4c70c21cf4707&amp;quot;)&amp;gt;\nmethod = &amp;lt;function RegistrationPage.enter_password.&amp;lt;locals&amp;gt;.&amp;lt;lambda&amp;gt; at 0x000002062B0C1C60&amp;gt;, message = &amp;#x27;&amp;#x27;\n\n    def until(self, method: Callable[[D], Literal[False] | T], message: str = &amp;quot;&amp;quot;) -&amp;gt; T:\n        &amp;quot;&amp;quot;&amp;quot;Wait until the method returns a value that is not False.\n    \n        Calls the method provided with the driver as an argument until the\n        return value does not evaluate to ``False``.\n    \n        Args:\n            method: A callable object that takes a WebDriver instance as an\n                argument.\n            message: Optional message for TimeoutException.\n    \n        Returns:\n            The result of the last call to `method`.\n    \n        Raises:\n            TimeoutException: If &amp;#x27;method&amp;#x27; does not return a truthy value within\n                the WebDriverWait object&amp;#x27;s timeout.\n    \n        Example:\n            &amp;gt;&amp;gt;&amp;gt; from selenium.webdriver.common.by import By\n            &amp;gt;&amp;gt;&amp;gt; from selenium.webdriver.support.ui import WebDriverWait\n            &amp;gt;&amp;gt;&amp;gt; from selenium.webdriver.support import expected_conditions as EC\n            &amp;gt;&amp;gt;&amp;gt;\n            &amp;gt;&amp;gt;&amp;gt; # Wait until an element is visible on the page\n            &amp;gt;&amp;gt;&amp;gt; wait = WebDriverWait(driver, 10)\n            &amp;gt;&amp;gt;&amp;gt; element = wait.until(EC.visibility_of_element_located((By.ID, &amp;quot;exampleId&amp;quot;)))\n            &amp;gt;&amp;gt;&amp;gt; print(element.text)\n        &amp;quot;&amp;quot;&amp;quot;\n        screen = None\n        stacktrace = None\n    \n        end_time = time.monotonic() + self._timeout\n        while True:\n            try:\n                value = method(self._driver)\n                if value:\n                    return value\n            except self._ignored_exceptions as exc:\n                screen = getattr(exc, &amp;quot;screen&amp;quot;, None)\n                stacktrace = getattr(exc, &amp;quot;stacktrace&amp;quot;, None)\n            if time.monotonic() &amp;gt; end_time:\n                break\n            time.sleep(self._poll)\n&amp;gt;       raise TimeoutException(message, screen, stacktrace)\nE       selenium.common.exceptions.TimeoutException: Message:\n\n..\\..\\..\\..\\AppData\\Local\\Programs\\Python\\Python313\\Lib\\site-packages\\selenium\\webdriver\\support\\wait.py:121: TimeoutException\n\n---------------------------- Captured stderr setup -----------------------------\n2026-02-22 11:08:38,159 - INFO - ------ Test Started: test_user_registration[data0] ------\n2026-02-22 11:08:38,163 - INFO - Browser Setup Started: chrome\n2026-02-22 11:08:38,165 - INFO - ====== WebDriver manager ======\n2026-02-22 11:08:41,385 - INFO - Get LATEST chromedriver version for google-chrome\n2026-02-22 11:08:41,572 - INFO - Get LATEST chromedriver version for google-chrome\n2026-02-22 11:08:41,726 - INFO - Driver [C:\\Users\\Neeraja\\.wdm\\drivers\\chromedriver\\win64\\145.0.7632.77\\chromedriver-win32/chromedriver.exe] found in cache\n\n------------------------------ Captured log setup ------------------------------\nINFO     root:conftest.py:32 Browser Setup Started: chrome\nINFO     WDM:logger.py:11 ====== WebDriver manager ======\nINFO     WDM:logger.py:11 Get LATEST chromedriver version for google-chrome\nINFO     WDM:logger.py:11 Get LATEST chromedriver version for google-chrome\nINFO     WDM:logger.py:11 Driver [C:\\Users\\Neeraja\\.wdm\\drivers\\chromedriver\\win64\\145.0.7632.77\\chromedriver-win32/chromedriver.exe] found in cache\n\n----------------------------- Captured stderr call -----------------------------\n2026-02-22 11:08:49,853 - INFO - ========== STARTING USER REGISTRATION TEST ==========\n2026-02-22 11:08:49,854 - INFO - Clicking on Sign Up / My Account link\n2026-02-22 11:08:52,436 - INFO - Verifying registration page is loaded\n2026-02-22 11:08:52,465 - INFO - Entering email: Neeraja43@gmail.com\n2026-02-22 11:08:52,591 - INFO - Entering password\n\n------------------------------ Captured log call -------------------------------\nINFO     root:test_registration.py:37 ========== STARTING USER REGISTRATION TEST ==========\nINFO     root:test_registration.py:42 Clicking on Sign Up / My Account link\nINFO     root:test_registration.py:44 Verifying registration page is loaded\nINFO     root:test_registration.py:47 Entering email: Neeraja43@gmail.com\nINFO     root:test_registration.py:51 Entering password\n\n--------------------------- Captured stderr teardown ---------------------------\n2026-02-22 11:09:03,171 - ERROR - Test Failed: test_user_registration[data0]\n2026-02-22 11:09:03,171 - ERROR - Screenshot saved at: C:\\Users\\Neeraja\\Desktop\\Wipro_Practice\\Capstone_Project\\tests\\screenshots\\test_user_registration[data0]_20260222_110903.png\n2026-02-22 11:09:03,172 - INFO - Browser Teardown Started\n2026-02-22 11:09:05,439 - INFO - Browser Closed Successfully\n\n\n---------------------------- Captured log teardown -----------------------------\nINFO     root:conftest.py:41 Browser Teardown Started\nINFO     root:conftest.py:43 Browser Closed Successfully&#34;}], &#34;tests/test_login_page.py::test_login[data0]&#34;: [{&#34;extras&#34;: [], &#34;result&#34;: &#34;Passed&#34;, &#34;testId&#34;: &#34;tests/test_login_page.py::test_login[data0]&#34;, &#34;duration&#34;: &#34;00:00:18&#34;, &#34;resultsTableRow&#34;: [&#34;&lt;td class=\&#34;col-result\&#34;&gt;Passed&lt;/td&gt;&#34;, &#34;&lt;td class=\&#34;col-testId\&#34;&gt;tests/test_login_page.py::test_login[data0]&lt;/td&gt;&#34;, &#34;&lt;td class=\&#34;col-duration\&#34;&gt;00:00:18&lt;/td&gt;&#34;, &#34;&lt;td class=\&#34;col-links\&#34;&gt;&lt;/td&gt;&#34;], &#34;log&#34;: &#34;---------------------------- Captured stderr setup -----------------------------\n2026-02-22 11:09:05,443 - INFO - ------ Test Finished: test_user_registration[data0] ------\n\n2026-02-22 11:09:05,443 - INFO - ------ Test Started: test_login[data0] ------\n2026-02-22 11:09:05,445 - INFO - Browser Setup Started: chrome\n2026-02-22 11:09:05,446 - INFO - ====== WebDriver manager ======\n2026-02-22 11:09:06,553 - INFO - Get LATEST chromedriver version for google-chrome\n2026-02-22 11:09:06,745 - INFO - Get LATEST chromedriver version for google-chrome\n2026-02-22 11:09:06,942 - INFO - Driver [C:\\Users\\Neeraja\\.wdm\\drivers\\chromedriver\\win64\\145.0.7632.77\\chromedriver-win32/chromedriver.exe] found in cache\n\n------------------------------ Captured log setup ------------------------------\nINFO     root:conftest.py:32 Browser Setup Started: chrome\nINFO     WDM:logger.py:11 ====== WebDriver manager ======\nINFO     WDM:logger.py:11 Get LATEST chromedriver version for google-chrome\nINFO     WDM:logger.py:11 Get LATEST chromedriver version for google-chrome\nINFO     WDM:logger.py:11 Driver [C:\\Users\\Neeraja\\.wdm\\drivers\\chromedriver\\win64\\145.0.7632.77\\chromedriver-win32/chromedriver.exe] found in cache\n\n----------------------------- Captured stderr call -----------------------------\n2026-02-22 11:09:17,224 - INFO - ========== STARTING LOGIN TEST ==========\n2026-02-22 11:09:17,224 - INFO - Opening My Account page\n2026-02-22 11:09:19,233 - INFO - Entering email: Rani12@gmail.com\n2026-02-22 11:09:19,426 - INFO - Entering password\n2026-02-22 11:09:19,524 - INFO - Clicking checkbox\n2026-02-22 11:09:19,656 - INFO - Clicking login button\n2026-02-22 11:09:21,212 - INFO - Validating logged in username\n2026-02-22 11:09:21,262 - INFO - Valid login successful\n2026-02-22 11:09:21,262 - INFO - ========== LOGIN TEST PASSED ==========\n\n------------------------------ Captured log call -------------------------------\nINFO     root:test_login_page.py:35 ========== STARTING LOGIN TEST ==========\nINFO     root:test_login_page.py:38 Opening My Account page\nINFO     root:test_login_page.py:42 Entering email: Rani12@gmail.com\nINFO     root:test_login_page.py:46 Entering password\nINFO     root:test_login_page.py:50 Clicking checkbox\nINFO     root:test_login_page.py:54 Clicking login button\nINFO     root:test_login_page.py:56 Validating logged in username\nINFO     root:test_login_page.py:61 Valid login successful\nINFO     root:test_login_page.py:66 ========== LOGIN TEST PASSED ==========\n\n--------------------------- Captured stderr teardown ---------------------------\n2026-02-22 11:09:21,264 - INFO - Browser Teardown Started\n2026-02-22 11:09:23,501 - INFO - Browser Closed Successfully\n\n\n---------------------------- Captured log teardown -----------------------------\nINFO     root:conftest.py:41 Browser Teardown Started\nINFO     root:conftest.py:43 Browser Closed Successfully&#34;}], &#34;tests/test_login_page.py::test_login[data1]&#34;: [{&#34;extras&#34;: [], &#34;result&#34;: &#34;Passed&#34;, &#34;testId&#34;: &#34;tests/test_login_page.py::test_login[data1]&#34;, &#34;duration&#34;: &#34;00:00:30&#34;, &#34;resultsTableRow&#34;: [&#34;&lt;td class=\&#34;col-result\&#34;&gt;Passed&lt;/td&gt;&#34;, &#34;&lt;td class=\&#34;col-testId\&#34;&gt;tests/test_login_page.py::test_login[data1]&lt;/td&gt;&#34;, &#34;&lt;td class=\&#34;col-duration\&#34;&gt;00:00:30&lt;/td&gt;&#34;, &#34;&lt;td class=\&#34;col-links\&#34;&gt;&lt;/td&gt;&#34;], &#34;log&#34;: &#34;---------------------------- Captured stderr setup -----------------------------\n2026-02-22 11:09:23,503 - INFO - ------ Test Finished: test_login[data0] ------\n\n2026-02-22 11:09:23,503 - INFO - ------ Test Started: test_login[data1] ------\n2026-02-22 11:09:23,505 - INFO - Browser Setup Started: chrome\n2026-02-22 11:09:23,505 - INFO - ====== WebDriver manager ======\n2026-02-22 11:09:24,621 - INFO - Get LATEST chromedriver version for google-chrome\n2026-02-22 11:09:24,797 - INFO - Get LATEST chromedriver version for google-chrome\n2026-02-22 11:09:24,979 - INFO - Driver [C:\\Users\\Neeraja\\.wdm\\drivers\\chromedriver\\win64\\145.0.7632.77\\chromedriver-win32/chromedriver.exe] found in cache\n\n------------------------------ Captured log setup ------------------------------\nINFO     root:conftest.py:32 Browser Setup Started: chrome\nINFO     WDM:logger.py:11 ====== WebDriver manager ======\nINFO     WDM:logger.py:11 Get LATEST chromedriver version for google-chrome\nINFO     WDM:logger.py:11 Get LATEST chromedriver version for google-chrome\nINFO     WDM:logger.py:11 Driver [C:\\Users\\Neeraja\\.wdm\\drivers\\chromedriver\\win64\\145.0.7632.77\\chromedriver-win32/chromedriver.exe] found in cache\n\n----------------------------- Captured stderr call -----------------------------\n2026-02-22 11:09:36,662 - INFO - ========== STARTING LOGIN TEST ==========\n2026-02-22 11:09:36,663 - INFO - Opening My Account page\n2026-02-22 11:09:38,945 - INFO - Entering email: Rani16@gmail.com\n2026-02-22 11:09:39,108 - INFO - Entering password\n2026-02-22 11:09:39,257 - INFO - Clicking checkbox\n2026-02-22 11:09:39,382 - INFO - Clicking login button\n2026-02-22 11:09:41,324 - INFO - Validating logged in username\n2026-02-22 11:09:51,343 - INFO - Invalid login handled correctly\n2026-02-22 11:09:51,343 - INFO - ========== LOGIN TEST PASSED ==========\n\n------------------------------ Captured log call -------------------------------\nINFO     root:test_login_page.py:35 ========== STARTING LOGIN TEST ==========\nINFO     root:test_login_page.py:38 Opening My Account page\nINFO     root:test_login_page.py:42 Entering email: Rani16@gmail.com\nINFO     root:test_login_page.py:46 Entering password\nINFO     root:test_login_page.py:50 Clicking checkbox\nINFO     root:test_login_page.py:54 Clicking login button\nINFO     root:test_login_page.py:56 Validating logged in username\nINFO     root:test_login_page.py:63 Invalid login handled correctly\nINFO     root:test_login_page.py:66 ========== LOGIN TEST PASSED ==========\n\n--------------------------- Captured stderr teardown ---------------------------\n2026-02-22 11:09:51,345 - INFO - Browser Teardown Started\n2026-02-22 11:09:53,631 - INFO - Browser Closed Successfully\n\n\n---------------------------- Captured log teardown -----------------------------\nINFO     root:conftest.py:41 Browser Teardown Started\nINFO     root:conftest.py:43 Browser Closed Successfully&#34;}], &#34;tests/test_search_product.py::test_search_product[data0]&#34;: [{&#34;extras&#34;: [], &#34;result&#34;: &#34;Passed&#34;, &#34;testId&#34;: &#34;tests/test_search_product.py::test_search_product[data0]&#34;, &#34;duration&#34;: &#34;00:00:27&#34;, &#34;resultsTableRow&#34;: [&#34;&lt;td class=\&#34;col-result\&#34;&gt;Passed&lt;/td&gt;&#34;, &#34;&lt;td class=\&#34;col-testId\&#34;&gt;tests/test_search_product.py::test_search_product[data0]&lt;/td&gt;&#34;, &#34;&lt;td class=\&#34;col-duration\&#34;&gt;00:00:27&lt;/td&gt;&#34;, &#34;&lt;td class=\&#34;col-links\&#34;&gt;&lt;/td&gt;&#34;], &#34;log&#34;: &#34;---------------------------- Captured stderr setup -----------------------------\n2026-02-22 11:09:53,632 - INFO - ------ Test Finished: test_login[data1] ------\n\n2026-02-22 11:09:53,632 - INFO - ------ Test Started: test_search_product[data0] ------\n2026-02-22 11:09:53,634 - INFO - Browser Setup Started: chrome\n2026-02-22 11:09:53,635 - INFO - ====== WebDriver manager ======\n2026-02-22 11:09:54,750 - INFO - Get LATEST chromedriver version for google-chrome\n2026-02-22 11:09:56,314 - INFO - Get LATEST chromedriver version for google-chrome\n2026-02-22 11:09:56,538 - INFO - Driver [C:\\Users\\Neeraja\\.wdm\\drivers\\chromedriver\\win64\\145.0.7632.77\\chromedriver-win32/chromedriver.exe] found in cache\n\n------------------------------ Captured log setup ------------------------------\nINFO     root:conftest.py:32 Browser Setup Started: chrome\nINFO     WDM:logger.py:11 ====== WebDriver manager ======\nINFO     WDM:logger.py:11 Get LATEST chromedriver version for google-chrome\nINFO     WDM:logger.py:11 Get LATEST chromedriver version for google-chrome\nINFO     WDM:logger.py:11 Driver [C:\\Users\\Neeraja\\.wdm\\drivers\\chromedriver\\win64\\145.0.7632.77\\chromedriver-win32/chromedriver.exe] found in cache\n\n----------------------------- Captured stderr call -----------------------------\n2026-02-22 11:10:11,746 - INFO - ========== STARTING SEARCH PRODUCT TEST ==========\n2026-02-22 11:10:11,746 - INFO - Navigating to Shop page\n2026-02-22 11:10:15,182 - INFO - Current URL after navigation: https://practice.automationtesting.in/shop/\n2026-02-22 11:10:15,187 - INFO - Searching for product: Selenium Ruby\n2026-02-22 11:10:16,622 - INFO - Search submitted successfully\n2026-02-22 11:10:16,671 - INFO - Validating search results presence\n2026-02-22 11:10:16,690 - INFO - Search results found\n2026-02-22 11:10:18,244 - INFO - ========== SEARCH PRODUCT TEST COMPLETED ==========\n\n------------------------------ Captured log call -------------------------------\nINFO     root:test_search_product.py:36 ========== STARTING SEARCH PRODUCT TEST ==========\nINFO     root:test_search_product.py:42 Navigating to Shop page\nINFO     root:test_search_product.py:45 Current URL after navigation: https://practice.automationtesting.in/shop/\nINFO     root:test_search_product.py:52 Searching for product: Selenium Ruby\nINFO     root:test_search_product.py:56 Search submitted successfully\nINFO     root:test_search_product.py:70 Validating search results presence\nINFO     root:test_search_product.py:80 Search results found\nINFO     root:test_search_product.py:129 ========== SEARCH PRODUCT TEST COMPLETED ==========\n\n--------------------------- Captured stderr teardown ---------------------------\n2026-02-22 11:10:18,246 - INFO - Browser Teardown Started\n2026-02-22 11:10:20,514 - INFO - Browser Closed Successfully\n\n\n---------------------------- Captured log teardown -----------------------------\nINFO     root:conftest.py:41 Browser Teardown Started\nINFO     root:conftest.py:43 Browser Closed Successfully&#34;}], &#34;tests/test_search_product.py::test_search_product[data1]&#34;: [{&#34;extras&#34;: [], &#34;result&#34;: &#34;Passed&#34;, &#34;testId&#34;: &#34;tests/test_search_product.py::test_search_product[data1]&#34;, &#34;duration&#34;: &#34;00:00:29&#34;, &#34;resultsTableRow&#34;: [&#34;&lt;td class=\&#34;col-result\&#34;&gt;Passed&lt;/td&gt;&#34;, &#34;&lt;td class=\&#34;col-testId\&#34;&gt;tests/test_search_product.py::test_search_product[data1]&lt;/td&gt;&#34;, &#34;&lt;td class=\&#34;col-duration\&#34;&gt;00:00:29&lt;/td&gt;&#34;, &#34;&lt;td class=\&#34;col-links\&#34;&gt;&lt;/td&gt;&#34;], &#34;log&#34;: &#34;---------------------------- Captured stderr setup -----------------------------\n2026-02-22 11:10:20,515 - INFO - ------ Test Finished: test_search_product[data0] ------\n\n2026-02-22 11:10:20,516 - INFO - ------ Test Started: test_search_product[data1] ------\n2026-02-22 11:10:20,517 - INFO - Browser Setup Started: chrome\n2026-02-22 11:10:20,518 - INFO - ====== WebDriver manager ======\n2026-02-22 11:10:21,669 - INFO - Get LATEST chromedriver version for google-chrome\n2026-02-22 11:10:21,829 - INFO - Get LATEST chromedriver version for google-chrome\n2026-02-22 11:10:21,977 - INFO - Driver [C:\\Users\\Neeraja\\.wdm\\drivers\\chromedriver\\win64\\145.0.7632.77\\chromedriver-win32/chromedriver.exe] found in cache\n\n------------------------------ Captured log setup ------------------------------\nINFO     root:conftest.py:32 Browser Setup Started: chrome\nINFO     WDM:logger.py:11 ====== WebDriver manager ======\nINFO     WDM:logger.py:11 Get LATEST chromedriver version for google-chrome\nINFO     WDM:logger.py:11 Get LATEST chromedriver version for google-chrome\nINFO     WDM:logger.py:11 Driver [C:\\Users\\Neeraja\\.wdm\\drivers\\chromedriver\\win64\\145.0.7632.77\\chromedriver-win32/chromedriver.exe] found in cache\n\n----------------------------- Captured stderr call -----------------------------\n2026-02-22 11:10:32,896 - INFO - ========== STARTING SEARCH PRODUCT TEST ==========\n2026-02-22 11:10:32,896 - INFO - Navigating to Shop page\n2026-02-22 11:10:35,297 - INFO - Current URL after navigation: https://practice.automationtesting.in/shop/\n2026-02-22 11:10:35,301 - INFO - Searching for product: Robot\n2026-02-22 11:10:36,473 - INFO - Search submitted successfully\n2026-02-22 11:10:36,522 - INFO - Validating search results presence\n2026-02-22 11:10:46,691 - INFO - No products found - Validating negative scenario\n2026-02-22 11:10:46,732 - INFO - ========== SEARCH PRODUCT TEST COMPLETED ==========\n\n------------------------------ Captured log call -------------------------------\nINFO     root:test_search_product.py:36 ========== STARTING SEARCH PRODUCT TEST ==========\nINFO     root:test_search_product.py:42 Navigating to Shop page\nINFO     root:test_search_product.py:45 Current URL after navigation: https://practice.automationtesting.in/shop/\nINFO     root:test_search_product.py:52 Searching for product: Robot\nINFO     root:test_search_product.py:56 Search submitted successfully\nINFO     root:test_search_product.py:70 Validating search results presence\nINFO     root:test_search_product.py:113 No products found - Validating negative scenario\nINFO     root:test_search_product.py:129 ========== SEARCH PRODUCT TEST COMPLETED ==========\n\n--------------------------- Captured stderr teardown ---------------------------\n2026-02-22 11:10:46,733 - INFO - Browser Teardown Started\n2026-02-22 11:10:49,060 - INFO - Browser Closed Successfully\n\n\n---------------------------- Captured log teardown -----------------------------\nINFO     root:conftest.py:41 Browser Teardown Started\nINFO     root:conftest.py:43 Browser Closed Successfully&#34;}], &#34;tests/test_addproduct_page.py::test_add_product_to_cart&#34;: [{&#34;extras&#34;: [], &#34;result&#34;: &#34;Passed&#34;, &#34;testId&#34;: &#34;tests/test_addproduct_page.py::test_add_product_to_cart&#34;, &#34;duration&#34;: &#34;00:00:21&#34;, &#34;resultsTableRow&#34;: [&#34;&lt;td class=\&#34;col-result\&#34;&gt;Passed&lt;/td&gt;&#34;, &#34;&lt;td class=\&#34;col-testId\&#34;&gt;tests/test_addproduct_page.py::test_add_product_to_cart&lt;/td&gt;&#34;, &#34;&lt;td class=\&#34;col-duration\&#34;&gt;00:00:21&lt;/td&gt;&#34;, &#34;&lt;td class=\&#34;col-links\&#34;&gt;&lt;/td&gt;&#34;], &#34;log&#34;: &#34;---------------------------- Captured stderr setup -----------------------------\n2026-02-22 11:10:49,062 - INFO - ------ Test Finished: test_search_product[data1] ------\n\n2026-02-22 11:10:49,062 - INFO - ------ Test Started: test_add_product_to_cart ------\n2026-02-22 11:10:49,064 - INFO - Browser Setup Started: chrome\n2026-02-22 11:10:49,065 - INFO - ====== WebDriver manager ======\n2026-02-22 11:10:50,171 - INFO - Get LATEST chromedriver version for google-chrome\n2026-02-22 11:10:50,500 - INFO - Get LATEST chromedriver version for google-chrome\n2026-02-22 11:10:50,843 - INFO - Driver [C:\\Users\\Neeraja\\.wdm\\drivers\\chromedriver\\win64\\145.0.7632.77\\chromedriver-win32/chromedriver.exe] found in cache\n\n------------------------------ Captured log setup ------------------------------\nINFO     root:conftest.py:32 Browser Setup Started: chrome\nINFO     WDM:logger.py:11 ====== WebDriver manager ======\nINFO     WDM:logger.py:11 Get LATEST chromedriver version for google-chrome\nINFO     WDM:logger.py:11 Get LATEST chromedriver version for google-chrome\nINFO     WDM:logger.py:11 Driver [C:\\Users\\Neeraja\\.wdm\\drivers\\chromedriver\\win64\\145.0.7632.77\\chromedriver-win32/chromedriver.exe] found in cache\n\n----------------------------- Captured stderr call -----------------------------\n2026-02-22 11:11:03,190 - INFO - ========== STARTING ADD PRODUCT TO CART TEST ==========\n2026-02-22 11:11:03,191 - INFO - Navigating to Shop page\n2026-02-22 11:11:06,002 - INFO - Current URL after navigation: https://practice.automationtesting.in/shop/\n2026-02-22 11:11:06,002 - INFO - Adding product to basket\n2026-02-22 11:11:06,049 - INFO - Validating product added to basket (View Basket visible)\n2026-02-22 11:11:06,130 - INFO - View basket button clicked\n2026-02-22 11:11:07,529 - INFO - Validating basket page URL\n2026-02-22 11:11:07,563 - INFO - Validating page title\n2026-02-22 11:11:07,570 - INFO - Page title: Basket \u2013 Automation Practice Site\n2026-02-22 11:11:07,575 - INFO - ========== ADD PRODUCT TO CART TEST PASSED ==========\n\n------------------------------ Captured log call -------------------------------\nINFO     root:test_addproduct_page.py:8 ========== STARTING ADD PRODUCT TO CART TEST ==========\nINFO     root:test_addproduct_page.py:13 Navigating to Shop page\nINFO     root:test_addproduct_page.py:21 Current URL after navigation: https://practice.automationtesting.in/shop/\nINFO     root:test_addproduct_page.py:22 Adding product to basket\nINFO     root:test_addproduct_page.py:24 Validating product added to basket (View Basket visible)\nINFO     root:test_addproduct_page.py:27 View basket button clicked\nINFO     root:test_addproduct_page.py:32 Validating basket page URL\nINFO     root:test_addproduct_page.py:34 Validating page title\nINFO     root:test_addproduct_page.py:35 Page title: Basket \u2013 Automation Practice Site\nINFO     root:test_addproduct_page.py:37 ========== ADD PRODUCT TO CART TEST PASSED ==========\n\n--------------------------- Captured stderr teardown ---------------------------\n2026-02-22 11:11:07,577 - INFO - Browser Teardown Started\n2026-02-22 11:11:09,841 - INFO - Browser Closed Successfully\n\n\n---------------------------- Captured log teardown -----------------------------\nINFO     root:conftest.py:41 Browser Teardown Started\nINFO     root:conftest.py:43 Browser Closed Successfully&#34;}], &#34;tests/test_remove_product.py::test_remove_product&#34;: [{&#34;extras&#34;: [], &#34;result&#34;: &#34;Passed&#34;, &#34;testId&#34;: &#34;tests/test_remove_product.py::test_remove_product&#34;, &#34;duration&#34;: &#34;00:00:41&#34;, &#34;resultsTableRow&#34;: [&#34;&lt;td class=\&#34;col-result\&#34;&gt;Passed&lt;/td&gt;&#34;, &#34;&lt;td class=\&#34;col-testId\&#34;&gt;tests/test_remove_product.py::test_remove_product&lt;/td&gt;&#34;, &#34;&lt;td class=\&#34;col-duration\&#34;&gt;00:00:41&lt;/td&gt;&#34;, &#34;&lt;td class=\&#34;col-links\&#34;&gt;&lt;/td&gt;&#34;], &#34;log&#34;: &#34;---------------------------- Captured stderr setup -----------------------------\n2026-02-22 11:11:09,842 - INFO - ------ Test Finished: test_add_product_to_cart ------\n\n2026-02-22 11:11:09,843 - INFO - ------ Test Started: test_remove_product ------\n2026-02-22 11:11:09,844 - INFO - Browser Setup Started: chrome\n2026-02-22 11:11:09,844 - INFO - ====== WebDriver manager ======\n2026-02-22 11:11:11,035 - INFO - Get LATEST chromedriver version for google-chrome\n2026-02-22 11:11:11,213 - INFO - Get LATEST chromedriver version for google-chrome\n2026-02-22 11:11:11,384 - INFO - Driver [C:\\Users\\Neeraja\\.wdm\\drivers\\chromedriver\\win64\\145.0.7632.77\\chromedriver-win32/chromedriver.exe] found in cache\n\n------------------------------ Captured log setup ------------------------------\nINFO     root:conftest.py:32 Browser Setup Started: chrome\nINFO     WDM:logger.py:11 ====== WebDriver manager ======\nINFO     WDM:logger.py:11 Get LATEST chromedriver version for google-chrome\nINFO     WDM:logger.py:11 Get LATEST chromedriver version for google-chrome\nINFO     WDM:logger.py:11 Driver [C:\\Users\\Neeraja\\.wdm\\drivers\\chromedriver\\win64\\145.0.7632.77\\chromedriver-win32/chromedriver.exe] found in cache\n\n----------------------------- Captured stderr call -----------------------------\n2026-02-22 11:11:21,895 - INFO - ========== STARTING REMOVE PRODUCT TEST ==========\n2026-02-22 11:11:21,895 - INFO - Navigating to Shop page\n2026-02-22 11:11:24,496 - INFO - Current URL after navigation: https://practice.automationtesting.in/shop/\n2026-02-22 11:11:24,501 - INFO - Adding product to basket\n2026-02-22 11:11:24,547 - INFO - Validating View Basket button visibility\n2026-02-22 11:11:24,892 - INFO - Clicking View Basket button\n2026-02-22 11:11:27,172 - INFO - Current URL after clicking View Basket: https://practice.automationtesting.in/basket/\n2026-02-22 11:11:27,177 - INFO - Removing product from cart\n2026-02-22 11:11:38,035 - INFO - Remaining remove buttons count: 0\n2026-02-22 11:11:48,066 - INFO - Final URL after removal: https://practice.automationtesting.in/basket/\n2026-02-22 11:11:48,066 - INFO - ========== REMOVE PRODUCT TEST PASSED ==========\n\n------------------------------ Captured log call -------------------------------\nINFO     root:test_remove_product.py:8 ========== STARTING REMOVE PRODUCT TEST ==========\nINFO     root:test_remove_product.py:13 Navigating to Shop page\nINFO     root:test_remove_product.py:16 Current URL after navigation: https://practice.automationtesting.in/shop/\nINFO     root:test_remove_product.py:21 Adding product to basket\nINFO     root:test_remove_product.py:23 Validating View Basket button visibility\nINFO     root:test_remove_product.py:26 Clicking View Basket button\nINFO     root:test_remove_product.py:28 Current URL after clicking View Basket: https://practice.automationtesting.in/basket/\nINFO     root:test_remove_product.py:32 Removing product from cart\nINFO     root:test_remove_product.py:35 Remaining remove buttons count: 0\nINFO     root:test_remove_product.py:41 Final URL after removal: https://practice.automationtesting.in/basket/\nINFO     root:test_remove_product.py:42 ========== REMOVE PRODUCT TEST PASSED ==========\n\n--------------------------- Captured stderr teardown ---------------------------\n2026-02-22 11:11:48,067 - INFO - Browser Teardown Started\n2026-02-22 11:11:50,400 - INFO - Browser Closed Successfully\n\n\n---------------------------- Captured log teardown -----------------------------\nINFO     root:conftest.py:41 Browser Teardown Started\nINFO     root:conftest.py:43 Browser Closed Successfully&#34;}], &#34;tests/test_order_product.py::test_place_order_cod[data0]&#34;: [{&#34;extras&#34;: [], &#34;result&#34;: &#34;Passed&#34;, &#34;testId&#34;: &#34;tests/test_order_product.py::test_place_order_cod[data0]&#34;, &#34;duration&#34;: &#34;00:00:23&#34;, &#34;resultsTableRow&#34;: [&#34;&lt;td class=\&#34;col-result\&#34;&gt;Passed&lt;/td&gt;&#34;, &#34;&lt;td class=\&#34;col-testId\&#34;&gt;tests/test_order_product.py::test_place_order_cod[data0]&lt;/td&gt;&#34;, &#34;&lt;td class=\&#34;col-duration\&#34;&gt;00:00:23&lt;/td&gt;&#34;, &#34;&lt;td class=\&#34;col-links\&#34;&gt;&lt;/td&gt;&#34;], &#34;log&#34;: &#34;---------------------------- Captured stderr setup -----------------------------\n2026-02-22 11:11:50,401 - INFO - ------ Test Finished: test_remove_product ------\n\n2026-02-22 11:11:50,401 - INFO - ------ Test Started: test_place_order_cod[data0] ------\n2026-02-22 11:11:50,403 - INFO - Browser Setup Started: chrome\n2026-02-22 11:11:50,403 - INFO - ====== WebDriver manager ======\n2026-02-22 11:11:51,574 - INFO - Get LATEST chromedriver version for google-chrome\n2026-02-22 11:11:51,737 - INFO - Get LATEST chromedriver version for google-chrome\n2026-02-22 11:11:51,914 - INFO - Driver [C:\\Users\\Neeraja\\.wdm\\drivers\\chromedriver\\win64\\145.0.7632.77\\chromedriver-win32/chromedriver.exe] found in cache\n\n------------------------------ Captured log setup ------------------------------\nINFO     root:conftest.py:32 Browser Setup Started: chrome\nINFO     WDM:logger.py:11 ====== WebDriver manager ======\nINFO     WDM:logger.py:11 Get LATEST chromedriver version for google-chrome\nINFO     WDM:logger.py:11 Get LATEST chromedriver version for google-chrome\nINFO     WDM:logger.py:11 Driver [C:\\Users\\Neeraja\\.wdm\\drivers\\chromedriver\\win64\\145.0.7632.77\\chromedriver-win32/chromedriver.exe] found in cache\n\n----------------------------- Captured stderr call -----------------------------\n2026-02-22 11:12:01,586 - INFO - ========== PLACE ORDER LOGIN TEST ==========\n2026-02-22 11:12:01,587 - INFO - Navigating to Shop page\n2026-02-22 11:12:03,948 - INFO - Current URL after navigation: https://practice.automationtesting.in/shop/\n2026-02-22 11:12:03,949 - INFO - Adding product to basket\n2026-02-22 11:12:04,200 - INFO - Viewing basket\n2026-02-22 11:12:05,738 - INFO - Proceeding to checkout\n2026-02-22 11:12:07,646 - INFO - Filling billing details\n2026-02-22 11:12:08,443 - INFO - Selecting country: IN\n2026-02-22 11:12:08,453 - INFO - Entering address details\n2026-02-22 11:12:09,450 - INFO - Entering order notes\n2026-02-22 11:12:09,604 - INFO - Selecting payment method: cod\n2026-02-22 11:12:09,659 - INFO - Clicking Place Order button\n2026-02-22 11:12:11,278 - INFO - Verifying order success message\n2026-02-22 11:12:11,278 - INFO - Waiting for success message\n2026-02-22 11:12:11,379 - INFO - Success Message Received: Thank you. Your order has been received.\n2026-02-22 11:12:11,380 - INFO - ========== PLACE ORDER TEST PASSED ==========\n\n------------------------------ Captured log call -------------------------------\nINFO     root:test_order_product.py:41 ========== PLACE ORDER LOGIN TEST ==========\nINFO     root:test_order_product.py:46 Navigating to Shop page\nINFO     root:test_order_product.py:49 Current URL after navigation: https://practice.automationtesting.in/shop/\nINFO     root:test_order_product.py:52 Adding product to basket\nINFO     root:test_order_product.py:56 Viewing basket\nINFO     root:test_order_product.py:60 Proceeding to checkout\nINFO     root:test_order_product.py:64 Filling billing details\nINFO     root:test_order_product.py:72 Selecting country: IN\nINFO     root:test_order_product.py:76 Entering address details\nINFO     root:test_order_product.py:83 Entering order notes\nINFO     root:test_order_product.py:87 Selecting payment method: cod\nINFO     root:test_order_product.py:91 Clicking Place Order button\nINFO     root:test_order_product.py:95 Verifying order success message\nINFO     root:Order_product.py:181 Waiting for success message\nINFO     root:test_order_product.py:98 Success Message Received: Thank you. Your order has been received.\nINFO     root:test_order_product.py:103 ========== PLACE ORDER TEST PASSED ==========\n\n--------------------------- Captured stderr teardown ---------------------------\n2026-02-22 11:12:11,382 - INFO - Browser Teardown Started\n2026-02-22 11:12:13,768 - INFO - Browser Closed Successfully\n\n\n---------------------------- Captured log teardown -----------------------------\nINFO     root:conftest.py:41 Browser Teardown Started\nINFO     root:conftest.py:43 Browser Closed Successfully&#34;}], &#34;tests/test_order_product.py::test_place_order_cod[data1]&#34;: [{&#34;extras&#34;: [], &#34;result&#34;: &#34;Failed&#34;, &#34;testId&#34;: &#34;tests/test_order_product.py::test_place_order_cod[data1]&#34;, &#34;duration&#34;: &#34;00:00:27&#34;, &#34;resultsTableRow&#34;: [&#34;&lt;td class=\&#34;col-result\&#34;&gt;Failed&lt;/td&gt;&#34;, &#34;&lt;td class=\&#34;col-testId\&#34;&gt;tests/test_order_product.py::test_place_order_cod[data1]&lt;/td&gt;&#34;, &#34;&lt;td class=\&#34;col-duration\&#34;&gt;00:00:27&lt;/td&gt;&#34;, &#34;&lt;td class=\&#34;col-links\&#34;&gt;&lt;/td&gt;&#34;], &#34;log&#34;: &#34;setup = &amp;lt;selenium.webdriver.chrome.webdriver.WebDriver (session=&amp;quot;21d5c0c6dc6916892e459776a7c500cd&amp;quot;)&amp;gt;\ndata = {&amp;#x27;address&amp;#x27;: &amp;#x27;Madhapur&amp;#x27;, &amp;#x27;city&amp;#x27;: &amp;#x27;Hyderabad&amp;#x27;, &amp;#x27;company&amp;#x27;: &amp;#x27;XYZ Ltd&amp;#x27;, &amp;#x27;country&amp;#x27;: &amp;#x27;IN&amp;#x27;, ...}\n\n    @pytest.mark.order(6)\n    @pytest.mark.parametrize(&amp;quot;data&amp;quot;, order_test_data)\n    def test_place_order_cod(setup, data):\n        logger.info(&amp;quot;========== PLACE ORDER LOGIN TEST ==========&amp;quot;)\n        driver = setup\n        order = OrderProduct(driver)\n    \n        # Step 1: Go to Shop\n        logger.info(&amp;quot;Navigating to Shop page&amp;quot;)\n        order.go_to_shop()\n        current_url = driver.current_url\n        logger.info(f&amp;quot;Current URL after navigation: {current_url}&amp;quot;)\n    \n        # Step 2: Add product to basket\n        logger.info(&amp;quot;Adding product to basket&amp;quot;)\n        order.add_product_to_basket()\n    \n        # Step 3: View basket\n        logger.info(&amp;quot;Viewing basket&amp;quot;)\n        order.click_view_basket()\n    \n        # Step 4: Proceed to checkout\n        logger.info(&amp;quot;Proceeding to checkout&amp;quot;)\n        order.click_proceed_to_checkout()\n    \n        # Step 5: Fill billing details\n        logger.info(&amp;quot;Filling billing details&amp;quot;)\n        order.enter_first_name(data[&amp;quot;first_name&amp;quot;])\n        order.enter_last_name(data[&amp;quot;last_name&amp;quot;])\n        order.enter_company_name(data[&amp;quot;company&amp;quot;])\n        order.enter_email(data[&amp;quot;email&amp;quot;])\n        order.enter_phone(data[&amp;quot;phone&amp;quot;])\n    \n        # Step 6: Select country\n        logger.info(f&amp;quot;Selecting country: {data[&amp;#x27;country&amp;#x27;]}&amp;quot;)\n        order.select_country_using_search(data[&amp;quot;country&amp;quot;])\n    \n        # Step 7: Address details\n        logger.info(&amp;quot;Entering address details&amp;quot;)\n        order.enter_address(data[&amp;quot;address&amp;quot;])\n        order.enter_city(data[&amp;quot;city&amp;quot;])\n&amp;gt;       order.select_state(data[&amp;quot;state&amp;quot;])\n\ntest_order_product.py:79: \n_ _ _ _ _ _ _ _ _ _ _ _ _ _ _ _ _ _ _ _ _ _ _ _ _ _ _ _ _ _ _ _ _ _ _ _ _ _ _ _ _ _ _ _ _ _ _ _ _ _ _ _ _ _ _ _ _ _ _ _\n..\\pages\\Order_product.py:141: in select_state\n    ).click()\n      ^^^^^^^\n..\\..\\..\\..\\AppData\\Local\\Programs\\Python\\Python313\\Lib\\site-packages\\selenium\\webdriver\\remote\\webelement.py:114: in click\n    self._execute(Command.CLICK_ELEMENT)\n..\\..\\..\\..\\AppData\\Local\\Programs\\Python\\Python313\\Lib\\site-packages\\selenium\\webdriver\\remote\\webelement.py:508: in _execute\n    return self._parent.execute(command, params)\n           ^^^^^^^^^^^^^^^^^^^^^^^^^^^^^^^^^^^^^\n..\\..\\..\\..\\AppData\\Local\\Programs\\Python\\Python313\\Lib\\site-packages\\selenium\\webdriver\\remote\\webdriver.py:432: in execute\n    self.error_handler.check_response(response)\n_ _ _ _ _ _ _ _ _ _ _ _ _ _ _ _ _ _ _ _ _ _ _ _ _ _ _ _ _ _ _ _ _ _ _ _ _ _ _ _ _ _ _ _ _ _ _ _ _ _ _ _ _ _ _ _ _ _ _ _\n\nself = &amp;lt;selenium.webdriver.remote.errorhandler.ErrorHandler object at 0x000002062B06D850&amp;gt;\nresponse = {&amp;#x27;status&amp;#x27;: 400, &amp;#x27;value&amp;#x27;: &amp;#x27;{&amp;quot;value&amp;quot;:{&amp;quot;error&amp;quot;:&amp;quot;element click intercepted&amp;quot;,&amp;quot;message&amp;quot;:&amp;quot;element click intercepted: Element ...xb980f8\\\\n\\\\t0xb9fe4d\\\\n\\\\t0xb87c18\\\\n\\\\t0xb87de2\\\\n\\\\t0xb718ea\\\\n\\\\t0x77195d49\\\\n\\\\t0x77add83b\\\\n\\\\t0x77add7c1\\\\n&amp;quot;}}&amp;#x27;}\n\n    def check_response(self, response: dict[str, Any]) -&amp;gt; None:\n        &amp;quot;&amp;quot;&amp;quot;Check that a JSON response from the WebDriver does not have an error.\n    \n        Args:\n            response: The JSON response from the WebDriver server as a dictionary\n                object.\n    \n        Raises:\n            WebDriverException: If the response contains an error message.\n        &amp;quot;&amp;quot;&amp;quot;\n        status = response.get(&amp;quot;status&amp;quot;, None)\n        if not status or status == ErrorCode.SUCCESS:\n            return\n        value = None\n        message = response.get(&amp;quot;message&amp;quot;, &amp;quot;&amp;quot;)\n        screen: str = response.get(&amp;quot;screen&amp;quot;, &amp;quot;&amp;quot;)\n        stacktrace = None\n        if isinstance(status, int):\n            value_json = response.get(&amp;quot;value&amp;quot;, None)\n            if value_json and isinstance(value_json, str):\n                try:\n                    value = json.loads(value_json)\n                    if isinstance(value, dict):\n                        if len(value) == 1:\n                            value = value[&amp;quot;value&amp;quot;]\n                        status = value.get(&amp;quot;error&amp;quot;, None)\n                        if not status:\n                            status = value.get(&amp;quot;status&amp;quot;, ErrorCode.UNKNOWN_ERROR)\n                            message = value.get(&amp;quot;value&amp;quot;) or value.get(&amp;quot;message&amp;quot;)\n                            if not isinstance(message, str):\n                                value = message\n                                message = message.get(&amp;quot;message&amp;quot;) if isinstance(message, dict) else None\n                        else:\n                            message = value.get(&amp;quot;message&amp;quot;, None)\n                except ValueError:\n                    pass\n    \n        exception_class: type[WebDriverException]\n        e = ErrorCode()\n        error_codes = [item for item in dir(e) if not item.startswith(&amp;quot;__&amp;quot;)]\n        for error_code in error_codes:\n            error_info = getattr(ErrorCode, error_code)\n            if isinstance(error_info, list) and status in error_info:\n                exception_class = getattr(ExceptionMapping, error_code, WebDriverException)\n                break\n        else:\n            exception_class = WebDriverException\n    \n        if not value:\n            value = response[&amp;quot;value&amp;quot;]\n        if isinstance(value, str):\n            raise exception_class(value)\n        if message == &amp;quot;&amp;quot; and &amp;quot;message&amp;quot; in value:\n            message = value[&amp;quot;message&amp;quot;]\n    \n        screen = None  # type: ignore[assignment]\n        if &amp;quot;screen&amp;quot; in value:\n            screen = value[&amp;quot;screen&amp;quot;]\n    \n        stacktrace = None\n        st_value = value.get(&amp;quot;stackTrace&amp;quot;) or value.get(&amp;quot;stacktrace&amp;quot;)\n        if st_value:\n            if isinstance(st_value, str):\n                stacktrace = st_value.split(&amp;quot;\\n&amp;quot;)\n            else:\n                stacktrace = []\n                try:\n                    for frame in st_value:\n                        line = frame.get(&amp;quot;lineNumber&amp;quot;, &amp;quot;&amp;quot;)\n                        file = frame.get(&amp;quot;fileName&amp;quot;, &amp;quot;&amp;lt;anonymous&amp;gt;&amp;quot;)\n                        if line:\n                            file = f&amp;quot;{file}:{line}&amp;quot;\n                        meth = frame.get(&amp;quot;methodName&amp;quot;, &amp;quot;&amp;lt;anonymous&amp;gt;&amp;quot;)\n                        if &amp;quot;className&amp;quot; in frame:\n                            meth = f&amp;quot;{frame[&amp;#x27;className&amp;#x27;]}.{meth}&amp;quot;\n                        msg = &amp;quot;    at %s (%s)&amp;quot;\n                        msg = msg % (meth, file)\n                        stacktrace.append(msg)\n                except TypeError:\n                    pass\n        if exception_class == UnexpectedAlertPresentException:\n            alert_text = None\n            if &amp;quot;data&amp;quot; in value:\n                alert_text = value[&amp;quot;data&amp;quot;].get(&amp;quot;text&amp;quot;)\n            elif &amp;quot;alert&amp;quot; in value:\n                alert_text = value[&amp;quot;alert&amp;quot;].get(&amp;quot;text&amp;quot;)\n            raise exception_class(message, screen, stacktrace, alert_text)  # type: ignore[call-arg]  # mypy is not smart enough here\n&amp;gt;       raise exception_class(message, screen, stacktrace)\nE       selenium.common.exceptions.ElementClickInterceptedException: Message: element click intercepted: Element &amp;lt;div class=&amp;quot;select2-container state_select&amp;quot; id=&amp;quot;s2id_billing_state&amp;quot; style=&amp;quot;width: 100%;&amp;quot;&amp;gt;...&amp;lt;/div&amp;gt; is not clickable at point (314, 569). Other element would receive the click: &amp;lt;iframe id=&amp;quot;aswift_7&amp;quot; name=&amp;quot;aswift_7&amp;quot; style=&amp;quot;min-height: auto; max-height: none; min-width: auto; max-width: none; width: 1005px !important; height: 124px !important; display: block; margin: 0px auto;&amp;quot; sandbox=&amp;quot;allow-forms allow-popups allow-popups-to-escape-sandbox allow-same-origin allow-scripts allow-top-navigation-by-user-activation&amp;quot; width=&amp;quot;1005&amp;quot; height=&amp;quot;124&amp;quot; frameborder=&amp;quot;0&amp;quot; marginwidth=&amp;quot;0&amp;quot; marginheight=&amp;quot;0&amp;quot; vspace=&amp;quot;0&amp;quot; hspace=&amp;quot;0&amp;quot; allowtransparency=&amp;quot;true&amp;quot; scrolling=&amp;quot;no&amp;quot; allow=&amp;quot;attribution-reporting; run-ad-auction&amp;quot; src=&amp;quot;https://googleads.g.doubleclick.net/pagead/html/r20260218/r20190131/zrt_lookup_fy2021.html#RS-0-&amp;amp;amp;adk=1812271801&amp;amp;amp;client=ca-pub-9173866185064071&amp;amp;amp;fa=1&amp;amp;amp;ifi=8&amp;amp;amp;uci=a!8&amp;amp;amp;btvi=5&amp;quot; data-google-container-id=&amp;quot;a!8&amp;quot; tabindex=&amp;quot;0&amp;quot; title=&amp;quot;Advertisement&amp;quot; aria-label=&amp;quot;Advertisement&amp;quot; data-google-query-id=&amp;quot;CO2Mhfix7JIDFVaNrAId6no9gA&amp;quot; data-load-complete=&amp;quot;true&amp;quot;&amp;gt;&amp;lt;/iframe&amp;gt;\nE         (Session info: chrome=145.0.7632.77); For documentation on this error, please visit: https://www.selenium.dev/documentation/webdriver/troubleshooting/errors#elementclickinterceptedexception\nE       Stacktrace:\nE       Symbols not available. Dumping unresolved backtrace:\nE       \t0xb7f3e3\nE       \t0xb7f424\nE       \t0x972090\nE       \t0x9c2c08\nE       \t0x9c0e19\nE       \t0x9be7d2\nE       \t0x9bd9e4\nE       \t0x9b2158\nE       \t0x9dee1c\nE       \t0x9b1b94\nE       \t0x9defe4\nE       \t0x9fbb23\nE       \t0x9debb6\nE       \t0x9b0319\nE       \t0x9b10d4\nE       \t0xdd46a4\nE       \t0xdcf9a9\nE       \t0xdec940\nE       \t0xb980f8\nE       \t0xb9fe4d\nE       \t0xb87c18\nE       \t0xb87de2\nE       \t0xb718ea\nE       \t0x77195d49\nE       \t0x77add83b\nE       \t0x77add7c1\n\n..\\..\\..\\..\\AppData\\Local\\Programs\\Python\\Python313\\Lib\\site-packages\\selenium\\webdriver\\remote\\errorhandler.py:232: ElementClickInterceptedException\n\n---------------------------- Captured stderr setup -----------------------------\n2026-02-22 11:12:13,770 - INFO - ------ Test Finished: test_place_order_cod[data0] ------\n\n2026-02-22 11:12:13,771 - INFO - ------ Test Started: test_place_order_cod[data1] ------\n2026-02-22 11:12:13,773 - INFO - Browser Setup Started: chrome\n2026-02-22 11:12:13,773 - INFO - ====== WebDriver manager ======\n2026-02-22 11:12:14,888 - INFO - Get LATEST chromedriver version for google-chrome\n2026-02-22 11:12:15,042 - INFO - Get LATEST chromedriver version for google-chrome\n2026-02-22 11:12:15,216 - INFO - Driver [C:\\Users\\Neeraja\\.wdm\\drivers\\chromedriver\\win64\\145.0.7632.77\\chromedriver-win32/chromedriver.exe] found in cache\n\n------------------------------ Captured log setup ------------------------------\nINFO     root:conftest.py:32 Browser Setup Started: chrome\nINFO     WDM:logger.py:11 ====== WebDriver manager ======\nINFO     WDM:logger.py:11 Get LATEST chromedriver version for google-chrome\nINFO     WDM:logger.py:11 Get LATEST chromedriver version for google-chrome\nINFO     WDM:logger.py:11 Driver [C:\\Users\\Neeraja\\.wdm\\drivers\\chromedriver\\win64\\145.0.7632.77\\chromedriver-win32/chromedriver.exe] found in cache\n\n----------------------------- Captured stderr call -----------------------------\n2026-02-22 11:12:27,475 - INFO - ========== PLACE ORDER LOGIN TEST ==========\n2026-02-22 11:12:27,475 - INFO - Navigating to Shop page\n2026-02-22 11:12:31,157 - INFO - Current URL after navigation: https://practice.automationtesting.in/shop/\n2026-02-22 11:12:31,157 - INFO - Adding product to basket\n2026-02-22 11:12:31,206 - INFO - Viewing basket\n2026-02-22 11:12:33,605 - INFO - Proceeding to checkout\n2026-02-22 11:12:35,044 - INFO - Filling billing details\n2026-02-22 11:12:36,458 - INFO - Selecting country: IN\n2026-02-22 11:12:36,470 - INFO - Entering address details\n\n------------------------------ Captured log call -------------------------------\nINFO     root:test_order_product.py:41 ========== PLACE ORDER LOGIN TEST ==========\nINFO     root:test_order_product.py:46 Navigating to Shop page\nINFO     root:test_order_product.py:49 Current URL after navigation: https://practice.automationtesting.in/shop/\nINFO     root:test_order_product.py:52 Adding product to basket\nINFO     root:test_order_product.py:56 Viewing basket\nINFO     root:test_order_product.py:60 Proceeding to checkout\nINFO     root:test_order_product.py:64 Filling billing details\nINFO     root:test_order_product.py:72 Selecting country: IN\nINFO     root:test_order_product.py:76 Entering address details\n\n--------------------------- Captured stderr teardown ---------------------------\n2026-02-22 11:12:38,217 - ERROR - Test Failed: test_place_order_cod[data1]\n2026-02-22 11:12:38,217 - ERROR - Screenshot saved at: C:\\Users\\Neeraja\\Desktop\\Wipro_Practice\\Capstone_Project\\tests\\screenshots\\test_place_order_cod[data1]_20260222_111238.png\n2026-02-22 11:12:38,218 - INFO - Browser Teardown Started\n2026-02-22 11:12:40,578 - INFO - Browser Closed Successfully\n\n\n---------------------------- Captured log teardown -----------------------------\nINFO     root:conftest.py:41 Browser Teardown Started\nINFO     root:conftest.py:43 Browser Closed Successfully&#34;}], &#34;tests/test_sort_product.py::test_sort_products[data0]&#34;: [{&#34;extras&#34;: [], &#34;result&#34;: &#34;Passed&#34;, &#34;testId&#34;: &#34;tests/test_sort_product.py::test_sort_products[data0]&#34;, &#34;duration&#34;: &#34;00:00:22&#34;, &#34;resultsTableRow&#34;: [&#34;&lt;td class=\&#34;col-result\&#34;&gt;Passed&lt;/td&gt;&#34;, &#34;&lt;td class=\&#34;col-testId\&#34;&gt;tests/test_sort_product.py::test_sort_products[data0]&lt;/td&gt;&#34;, &#34;&lt;td class=\&#34;col-duration\&#34;&gt;00:00:22&lt;/td&gt;&#34;, &#34;&lt;td class=\&#34;col-links\&#34;&gt;&lt;/td&gt;&#34;], &#34;log&#34;: &#34;---------------------------- Captured stderr setup -----------------------------\n2026-02-22 11:12:40,827 - INFO - ------ Test Finished: test_place_order_cod[data1] ------\n\n2026-02-22 11:12:40,828 - INFO - ------ Test Started: test_sort_products[data0] ------\n2026-02-22 11:12:40,964 - INFO - Browser Setup Started: chrome\n2026-02-22 11:12:40,972 - INFO - ====== WebDriver manager ======\n2026-02-22 11:12:42,770 - INFO - Get LATEST chromedriver version for google-chrome\n2026-02-22 11:12:42,943 - INFO - Get LATEST chromedriver version for google-chrome\n2026-02-22 11:12:43,102 - INFO - Driver [C:\\Users\\Neeraja\\.wdm\\drivers\\chromedriver\\win64\\145.0.7632.77\\chromedriver-win32/chromedriver.exe] found in cache\n\n------------------------------ Captured log setup ------------------------------\nINFO     root:conftest.py:32 Browser Setup Started: chrome\nINFO     WDM:logger.py:11 ====== WebDriver manager ======\nINFO     WDM:logger.py:11 Get LATEST chromedriver version for google-chrome\nINFO     WDM:logger.py:11 Get LATEST chromedriver version for google-chrome\nINFO     WDM:logger.py:11 Driver [C:\\Users\\Neeraja\\.wdm\\drivers\\chromedriver\\win64\\145.0.7632.77\\chromedriver-win32/chromedriver.exe] found in cache\n\n----------------------------- Captured stderr call -----------------------------\n2026-02-22 11:12:57,423 - INFO - ========== STARTING SORT PRODUCTS TEST ==========\n2026-02-22 11:12:57,424 - INFO - Navigating to Shop page\n2026-02-22 11:13:00,312 - INFO - Current URL after navigation: https://practice.automationtesting.in/shop/\n2026-02-22 11:13:00,316 - INFO - Selecting sort option: menu_order\n2026-02-22 11:13:00,383 - INFO - Current URL after sorting: https://practice.automationtesting.in/shop/\n2026-02-22 11:13:00,383 - INFO - Validating default sorting (no orderby parameter expected)\n2026-02-22 11:13:00,384 - INFO - ========== SORT PRODUCTS TEST PASSED ==========\n\n------------------------------ Captured log call -------------------------------\nINFO     root:test_sort_product.py:36 ========== STARTING SORT PRODUCTS TEST ==========\nINFO     root:test_sort_product.py:44 Navigating to Shop page\nINFO     root:test_sort_product.py:47 Current URL after navigation: https://practice.automationtesting.in/shop/\nINFO     root:test_sort_product.py:55 Selecting sort option: menu_order\nINFO     root:test_sort_product.py:62 Current URL after sorting: https://practice.automationtesting.in/shop/\nINFO     root:test_sort_product.py:67 Validating default sorting (no orderby parameter expected)\nINFO     root:test_sort_product.py:74 ========== SORT PRODUCTS TEST PASSED ==========\n\n--------------------------- Captured stderr teardown ---------------------------\n2026-02-22 11:13:00,386 - INFO - Browser Teardown Started\n2026-02-22 11:13:02,646 - INFO - Browser Closed Successfully\n\n\n---------------------------- Captured log teardown -----------------------------\nINFO     root:conftest.py:41 Browser Teardown Started\nINFO     root:conftest.py:43 Browser Closed Successfully&#34;}], &#34;tests/test_sort_product.py::test_sort_products[data1]&#34;: [{&#34;extras&#34;: [], &#34;result&#34;: &#34;Passed&#34;, &#34;testId&#34;: &#34;tests/test_sort_product.py::test_sort_products[data1]&#34;, &#34;duration&#34;: &#34;00:00:22&#34;, &#34;resultsTableRow&#34;: [&#34;&lt;td class=\&#34;col-result\&#34;&gt;Passed&lt;/td&gt;&#34;, &#34;&lt;td class=\&#34;col-testId\&#34;&gt;tests/test_sort_product.py::test_sort_products[data1]&lt;/td&gt;&#34;, &#34;&lt;td class=\&#34;col-duration\&#34;&gt;00:00:22&lt;/td&gt;&#34;, &#34;&lt;td class=\&#34;col-links\&#34;&gt;&lt;/td&gt;&#34;], &#34;log&#34;: &#34;---------------------------- Captured stderr setup -----------------------------\n2026-02-22 11:13:02,648 - INFO - ------ Test Finished: test_sort_products[data0] ------\n\n2026-02-22 11:13:02,649 - INFO - ------ Test Started: test_sort_products[data1] ------\n2026-02-22 11:13:02,651 - INFO - Browser Setup Started: chrome\n2026-02-22 11:13:02,653 - INFO - ====== WebDriver manager ======\n2026-02-22 11:13:03,808 - INFO - Get LATEST chromedriver version for google-chrome\n2026-02-22 11:13:03,970 - INFO - Get LATEST chromedriver version for google-chrome\n2026-02-22 11:13:04,144 - INFO - Driver [C:\\Users\\Neeraja\\.wdm\\drivers\\chromedriver\\win64\\145.0.7632.77\\chromedriver-win32/chromedriver.exe] found in cache\n\n------------------------------ Captured log setup ------------------------------\nINFO     root:conftest.py:32 Browser Setup Started: chrome\nINFO     WDM:logger.py:11 ====== WebDriver manager ======\nINFO     WDM:logger.py:11 Get LATEST chromedriver version for google-chrome\nINFO     WDM:logger.py:11 Get LATEST chromedriver version for google-chrome\nINFO     WDM:logger.py:11 Driver [C:\\Users\\Neeraja\\.wdm\\drivers\\chromedriver\\win64\\145.0.7632.77\\chromedriver-win32/chromedriver.exe] found in cache\n\n----------------------------- Captured stderr call -----------------------------\n2026-02-22 11:13:19,103 - INFO - ========== STARTING SORT PRODUCTS TEST ==========\n2026-02-22 11:13:19,103 - INFO - Navigating to Shop page\n2026-02-22 11:13:21,423 - INFO - Current URL after navigation: https://practice.automationtesting.in/shop/\n2026-02-22 11:13:21,428 - INFO - Selecting sort option: popularity\n2026-02-22 11:13:22,671 - INFO - Current URL after sorting: https://practice.automationtesting.in/shop/?orderby=popularity\n2026-02-22 11:13:22,671 - INFO - Validating URL contains parameter: orderby=popularity\n2026-02-22 11:13:22,672 - INFO - ========== SORT PRODUCTS TEST PASSED ==========\n\n------------------------------ Captured log call -------------------------------\nINFO     root:test_sort_product.py:36 ========== STARTING SORT PRODUCTS TEST ==========\nINFO     root:test_sort_product.py:44 Navigating to Shop page\nINFO     root:test_sort_product.py:47 Current URL after navigation: https://practice.automationtesting.in/shop/\nINFO     root:test_sort_product.py:55 Selecting sort option: popularity\nINFO     root:test_sort_product.py:62 Current URL after sorting: https://practice.automationtesting.in/shop/?orderby=popularity\nINFO     root:test_sort_product.py:72 Validating URL contains parameter: orderby=popularity\nINFO     root:test_sort_product.py:74 ========== SORT PRODUCTS TEST PASSED ==========\n\n--------------------------- Captured stderr teardown ---------------------------\n2026-02-22 11:13:22,673 - INFO - Browser Teardown Started\n2026-02-22 11:13:24,945 - INFO - Browser Closed Successfully\n\n\n---------------------------- Captured log teardown -----------------------------\nINFO     root:conftest.py:41 Browser Teardown Started\nINFO     root:conftest.py:43 Browser Closed Successfully&#34;}], &#34;tests/test_sort_product.py::test_sort_products[data2]&#34;: [{&#34;extras&#34;: [], &#34;result&#34;: &#34;Passed&#34;, &#34;testId&#34;: &#34;tests/test_sort_product.py::test_sort_products[data2]&#34;, &#34;duration&#34;: &#34;00:00:20&#34;, &#34;resultsTableRow&#34;: [&#34;&lt;td class=\&#34;col-result\&#34;&gt;Passed&lt;/td&gt;&#34;, &#34;&lt;td class=\&#34;col-testId\&#34;&gt;tests/test_sort_product.py::test_sort_products[data2]&lt;/td&gt;&#34;, &#34;&lt;td class=\&#34;col-duration\&#34;&gt;00:00:20&lt;/td&gt;&#34;, &#34;&lt;td class=\&#34;col-links\&#34;&gt;&lt;/td&gt;&#34;], &#34;log&#34;: &#34;---------------------------- Captured stderr setup -----------------------------\n2026-02-22 11:13:24,947 - INFO - ------ Test Finished: test_sort_products[data1] ------\n\n2026-02-22 11:13:24,948 - INFO - ------ Test Started: test_sort_products[data2] ------\n2026-02-22 11:13:24,950 - INFO - Browser Setup Started: chrome\n2026-02-22 11:13:24,950 - INFO - ====== WebDriver manager ======\n2026-02-22 11:13:26,042 - INFO - Get LATEST chromedriver version for google-chrome\n2026-02-22 11:13:26,201 - INFO - Get LATEST chromedriver version for google-chrome\n2026-02-22 11:13:26,362 - INFO - Driver [C:\\Users\\Neeraja\\.wdm\\drivers\\chromedriver\\win64\\145.0.7632.77\\chromedriver-win32/chromedriver.exe] found in cache\n\n------------------------------ Captured log setup ------------------------------\nINFO     root:conftest.py:32 Browser Setup Started: chrome\nINFO     WDM:logger.py:11 ====== WebDriver manager ======\nINFO     WDM:logger.py:11 Get LATEST chromedriver version for google-chrome\nINFO     WDM:logger.py:11 Get LATEST chromedriver version for google-chrome\nINFO     WDM:logger.py:11 Driver [C:\\Users\\Neeraja\\.wdm\\drivers\\chromedriver\\win64\\145.0.7632.77\\chromedriver-win32/chromedriver.exe] found in cache\n\n----------------------------- Captured stderr call -----------------------------\n2026-02-22 11:13:36,507 - INFO - ========== STARTING SORT PRODUCTS TEST ==========\n2026-02-22 11:13:36,507 - INFO - Navigating to Shop page\n2026-02-22 11:13:38,741 - INFO - Current URL after navigation: https://practice.automationtesting.in/shop/\n2026-02-22 11:13:38,747 - INFO - Selecting sort option: rating\n2026-02-22 11:13:42,862 - INFO - Current URL after sorting: https://practice.automationtesting.in/shop/?orderby=rating\n2026-02-22 11:13:42,862 - INFO - Validating URL contains parameter: orderby=rating\n2026-02-22 11:13:42,862 - INFO - ========== SORT PRODUCTS TEST PASSED ==========\n\n------------------------------ Captured log call -------------------------------\nINFO     root:test_sort_product.py:36 ========== STARTING SORT PRODUCTS TEST ==========\nINFO     root:test_sort_product.py:44 Navigating to Shop page\nINFO     root:test_sort_product.py:47 Current URL after navigation: https://practice.automationtesting.in/shop/\nINFO     root:test_sort_product.py:55 Selecting sort option: rating\nINFO     root:test_sort_product.py:62 Current URL after sorting: https://practice.automationtesting.in/shop/?orderby=rating\nINFO     root:test_sort_product.py:72 Validating URL contains parameter: orderby=rating\nINFO     root:test_sort_product.py:74 ========== SORT PRODUCTS TEST PASSED ==========\n\n--------------------------- Captured stderr teardown ---------------------------\n2026-02-22 11:13:42,864 - INFO - Browser Teardown Started\n2026-02-22 11:13:45,161 - INFO - Browser Closed Successfully\n\n\n---------------------------- Captured log teardown -----------------------------\nINFO     root:conftest.py:41 Browser Teardown Started\nINFO     root:conftest.py:43 Browser Closed Successfully&#34;}], &#34;tests/test_sort_product.py::test_sort_products[data3]&#34;: [{&#34;extras&#34;: [], &#34;result&#34;: &#34;Passed&#34;, &#34;testId&#34;: &#34;tests/test_sort_product.py::test_sort_products[data3]&#34;, &#34;duration&#34;: &#34;00:00:21&#34;, &#34;resultsTableRow&#34;: [&#34;&lt;td class=\&#34;col-result\&#34;&gt;Passed&lt;/td&gt;&#34;, &#34;&lt;td class=\&#34;col-testId\&#34;&gt;tests/test_sort_product.py::test_sort_products[data3]&lt;/td&gt;&#34;, &#34;&lt;td class=\&#34;col-duration\&#34;&gt;00:00:21&lt;/td&gt;&#34;, &#34;&lt;td class=\&#34;col-links\&#34;&gt;&lt;/td&gt;&#34;], &#34;log&#34;: &#34;---------------------------- Captured stderr setup -----------------------------\n2026-02-22 11:13:45,163 - INFO - ------ Test Finished: test_sort_products[data2] ------\n\n2026-02-22 11:13:45,164 - INFO - ------ Test Started: test_sort_products[data3] ------\n2026-02-22 11:13:45,166 - INFO - Browser Setup Started: chrome\n2026-02-22 11:13:45,167 - INFO - ====== WebDriver manager ======\n2026-02-22 11:13:46,338 - INFO - Get LATEST chromedriver version for google-chrome\n2026-02-22 11:13:46,542 - INFO - Get LATEST chromedriver version for google-chrome\n2026-02-22 11:13:46,742 - INFO - Driver [C:\\Users\\Neeraja\\.wdm\\drivers\\chromedriver\\win64\\145.0.7632.77\\chromedriver-win32/chromedriver.exe] found in cache\n\n------------------------------ Captured log setup ------------------------------\nINFO     root:conftest.py:32 Browser Setup Started: chrome\nINFO     WDM:logger.py:11 ====== WebDriver manager ======\nINFO     WDM:logger.py:11 Get LATEST chromedriver version for google-chrome\nINFO     WDM:logger.py:11 Get LATEST chromedriver version for google-chrome\nINFO     WDM:logger.py:11 Driver [C:\\Users\\Neeraja\\.wdm\\drivers\\chromedriver\\win64\\145.0.7632.77\\chromedriver-win32/chromedriver.exe] found in cache\n\n----------------------------- Captured stderr call -----------------------------\n2026-02-22 11:13:58,347 - INFO - ========== STARTING SORT PRODUCTS TEST ==========\n2026-02-22 11:13:58,348 - INFO - Navigating to Shop page\n2026-02-22 11:14:01,114 - INFO - Current URL after navigation: https://practice.automationtesting.in/shop/\n2026-02-22 11:14:01,120 - INFO - Selecting sort option: date\n2026-02-22 11:14:03,764 - INFO - Current URL after sorting: https://practice.automationtesting.in/shop/?orderby=date\n2026-02-22 11:14:03,764 - INFO - Validating URL contains parameter: orderby=date\n2026-02-22 11:14:03,764 - INFO - ========== SORT PRODUCTS TEST PASSED ==========\n\n------------------------------ Captured log call -------------------------------\nINFO     root:test_sort_product.py:36 ========== STARTING SORT PRODUCTS TEST ==========\nINFO     root:test_sort_product.py:44 Navigating to Shop page\nINFO     root:test_sort_product.py:47 Current URL after navigation: https://practice.automationtesting.in/shop/\nINFO     root:test_sort_product.py:55 Selecting sort option: date\nINFO     root:test_sort_product.py:62 Current URL after sorting: https://practice.automationtesting.in/shop/?orderby=date\nINFO     root:test_sort_product.py:72 Validating URL contains parameter: orderby=date\nINFO     root:test_sort_product.py:74 ========== SORT PRODUCTS TEST PASSED ==========\n\n--------------------------- Captured stderr teardown ---------------------------\n2026-02-22 11:14:03,767 - INFO - Browser Teardown Started\n2026-02-22 11:14:06,049 - INFO - Browser Closed Successfully\n\n\n---------------------------- Captured log teardown -----------------------------\nINFO     root:conftest.py:41 Browser Teardown Started\nINFO     root:conftest.py:43 Browser Closed Successfully&#34;}], &#34;tests/test_sort_product.py::test_sort_products[data4]&#34;: [{&#34;extras&#34;: [], &#34;result&#34;: &#34;Passed&#34;, &#34;testId&#34;: &#34;tests/test_sort_product.py::test_sort_products[data4]&#34;, &#34;duration&#34;: &#34;00:00:20&#34;, &#34;resultsTableRow&#34;: [&#34;&lt;td class=\&#34;col-result\&#34;&gt;Passed&lt;/td&gt;&#34;, &#34;&lt;td class=\&#34;col-testId\&#34;&gt;tests/test_sort_product.py::test_sort_products[data4]&lt;/td&gt;&#34;, &#34;&lt;td class=\&#34;col-duration\&#34;&gt;00:00:20&lt;/td&gt;&#34;, &#34;&lt;td class=\&#34;col-links\&#34;&gt;&lt;/td&gt;&#34;], &#34;log&#34;: &#34;---------------------------- Captured stderr setup -----------------------------\n2026-02-22 11:14:06,050 - INFO - ------ Test Finished: test_sort_products[data3] ------\n\n2026-02-22 11:14:06,050 - INFO - ------ Test Started: test_sort_products[data4] ------\n2026-02-22 11:14:06,052 - INFO - Browser Setup Started: chrome\n2026-02-22 11:14:06,052 - INFO - ====== WebDriver manager ======\n2026-02-22 11:14:07,235 - INFO - Get LATEST chromedriver version for google-chrome\n2026-02-22 11:14:07,434 - INFO - Get LATEST chromedriver version for google-chrome\n2026-02-22 11:14:07,654 - INFO - Driver [C:\\Users\\Neeraja\\.wdm\\drivers\\chromedriver\\win64\\145.0.7632.77\\chromedriver-win32/chromedriver.exe] found in cache\n\n------------------------------ Captured log setup ------------------------------\nINFO     root:conftest.py:32 Browser Setup Started: chrome\nINFO     WDM:logger.py:11 ====== WebDriver manager ======\nINFO     WDM:logger.py:11 Get LATEST chromedriver version for google-chrome\nINFO     WDM:logger.py:11 Get LATEST chromedriver version for google-chrome\nINFO     WDM:logger.py:11 Driver [C:\\Users\\Neeraja\\.wdm\\drivers\\chromedriver\\win64\\145.0.7632.77\\chromedriver-win32/chromedriver.exe] found in cache\n\n----------------------------- Captured stderr call -----------------------------\n2026-02-22 11:14:19,819 - INFO - ========== STARTING SORT PRODUCTS TEST ==========\n2026-02-22 11:14:19,819 - INFO - Navigating to Shop page\n2026-02-22 11:14:22,190 - INFO - Current URL after navigation: https://practice.automationtesting.in/shop/\n2026-02-22 11:14:22,197 - INFO - Selecting sort option: price\n2026-02-22 11:14:24,205 - INFO - Current URL after sorting: https://practice.automationtesting.in/shop/?orderby=price\n2026-02-22 11:14:24,206 - INFO - Validating URL contains parameter: orderby=price\n2026-02-22 11:14:24,206 - INFO - ========== SORT PRODUCTS TEST PASSED ==========\n\n------------------------------ Captured log call -------------------------------\nINFO     root:test_sort_product.py:36 ========== STARTING SORT PRODUCTS TEST ==========\nINFO     root:test_sort_product.py:44 Navigating to Shop page\nINFO     root:test_sort_product.py:47 Current URL after navigation: https://practice.automationtesting.in/shop/\nINFO     root:test_sort_product.py:55 Selecting sort option: price\nINFO     root:test_sort_product.py:62 Current URL after sorting: https://practice.automationtesting.in/shop/?orderby=price\nINFO     root:test_sort_product.py:72 Validating URL contains parameter: orderby=price\nINFO     root:test_sort_product.py:74 ========== SORT PRODUCTS TEST PASSED ==========\n\n--------------------------- Captured stderr teardown ---------------------------\n2026-02-22 11:14:24,207 - INFO - Browser Teardown Started\n2026-02-22 11:14:26,444 - INFO - Browser Closed Successfully\n\n\n---------------------------- Captured log teardown -----------------------------\nINFO     root:conftest.py:41 Browser Teardown Started\nINFO     root:conftest.py:43 Browser Closed Successfully&#34;}], &#34;tests/test_sort_product.py::test_sort_products[data5]&#34;: [{&#34;extras&#34;: [], &#34;result&#34;: &#34;Passed&#34;, &#34;testId&#34;: &#34;tests/test_sort_product.py::test_sort_products[data5]&#34;, &#34;duration&#34;: &#34;00:00:20&#34;, &#34;resultsTableRow&#34;: [&#34;&lt;td class=\&#34;col-result\&#34;&gt;Passed&lt;/td&gt;&#34;, &#34;&lt;td class=\&#34;col-testId\&#34;&gt;tests/test_sort_product.py::test_sort_products[data5]&lt;/td&gt;&#34;, &#34;&lt;td class=\&#34;col-duration\&#34;&gt;00:00:20&lt;/td&gt;&#34;, &#34;&lt;td class=\&#34;col-links\&#34;&gt;&lt;/td&gt;&#34;], &#34;log&#34;: &#34;---------------------------- Captured stderr setup -----------------------------\n2026-02-22 11:14:26,446 - INFO - ------ Test Finished: test_sort_products[data4] ------\n\n2026-02-22 11:14:26,446 - INFO - ------ Test Started: test_sort_products[data5] ------\n2026-02-22 11:14:26,448 - INFO - Browser Setup Started: chrome\n2026-02-22 11:14:26,449 - INFO - ====== WebDriver manager ======\n2026-02-22 11:14:27,563 - INFO - Get LATEST chromedriver version for google-chrome\n2026-02-22 11:14:27,731 - INFO - Get LATEST chromedriver version for google-chrome\n2026-02-22 11:14:27,924 - INFO - Driver [C:\\Users\\Neeraja\\.wdm\\drivers\\chromedriver\\win64\\145.0.7632.77\\chromedriver-win32/chromedriver.exe] found in cache\n\n------------------------------ Captured log setup ------------------------------\nINFO     root:conftest.py:32 Browser Setup Started: chrome\nINFO     WDM:logger.py:11 ====== WebDriver manager ======\nINFO     WDM:logger.py:11 Get LATEST chromedriver version for google-chrome\nINFO     WDM:logger.py:11 Get LATEST chromedriver version for google-chrome\nINFO     WDM:logger.py:11 Driver [C:\\Users\\Neeraja\\.wdm\\drivers\\chromedriver\\win64\\145.0.7632.77\\chromedriver-win32/chromedriver.exe] found in cache\n\n----------------------------- Captured stderr call -----------------------------\n2026-02-22 11:14:39,691 - INFO - ========== STARTING SORT PRODUCTS TEST ==========\n2026-02-22 11:14:39,691 - INFO - Navigating to Shop page\n2026-02-22 11:14:42,663 - INFO - Current URL after navigation: https://practice.automationtesting.in/shop/\n2026-02-22 11:14:42,669 - INFO - Selecting sort option: price-desc\n2026-02-22 11:14:43,924 - INFO - Current URL after sorting: https://practice.automationtesting.in/shop/?orderby=price-desc\n2026-02-22 11:14:43,924 - INFO - Validating URL contains parameter: orderby=price-desc\n2026-02-22 11:14:43,924 - INFO - ========== SORT PRODUCTS TEST PASSED ==========\n\n------------------------------ Captured log call -------------------------------\nINFO     root:test_sort_product.py:36 ========== STARTING SORT PRODUCTS TEST ==========\nINFO     root:test_sort_product.py:44 Navigating to Shop page\nINFO     root:test_sort_product.py:47 Current URL after navigation: https://practice.automationtesting.in/shop/\nINFO     root:test_sort_product.py:55 Selecting sort option: price-desc\nINFO     root:test_sort_product.py:62 Current URL after sorting: https://practice.automationtesting.in/shop/?orderby=price-desc\nINFO     root:test_sort_product.py:72 Validating URL contains parameter: orderby=price-desc\nINFO     root:test_sort_product.py:74 ========== SORT PRODUCTS TEST PASSED ==========\n\n--------------------------- Captured stderr teardown ---------------------------\n2026-02-22 11:14:43,926 - INFO - Browser Teardown Started\n2026-02-22 11:14:46,197 - INFO - Browser Closed Successfully\n\n\n---------------------------- Captured log teardown -----------------------------\nINFO     root:conftest.py:41 Browser Teardown Started\nINFO     root:conftest.py:43 Browser Closed Successfully&#34;}], &#34;tests/test_findorders_byuser.py::test_findOrdersByUser[data0]&#34;: [{&#34;extras&#34;: [], &#34;result&#34;: &#34;Passed&#34;, &#34;testId&#34;: &#34;tests/test_findorders_byuser.py::test_findOrdersByUser[data0]&#34;, &#34;duration&#34;: &#34;00:00:19&#34;, &#34;resultsTableRow&#34;: [&#34;&lt;td class=\&#34;col-result\&#34;&gt;Passed&lt;/td&gt;&#34;, &#34;&lt;td class=\&#34;col-testId\&#34;&gt;tests/test_findorders_byuser.py::test_findOrdersByUser[data0]&lt;/td&gt;&#34;, &#34;&lt;td class=\&#34;col-duration\&#34;&gt;00:00:19&lt;/td&gt;&#34;, &#34;&lt;td class=\&#34;col-links\&#34;&gt;&lt;/td&gt;&#34;], &#34;log&#34;: &#34;---------------------------- Captured stderr setup -----------------------------\n2026-02-22 11:14:46,198 - INFO - ------ Test Finished: test_sort_products[data5] ------\n\n2026-02-22 11:14:46,199 - INFO - ------ Test Started: test_findOrdersByUser[data0] ------\n2026-02-22 11:14:46,201 - INFO - Browser Setup Started: chrome\n2026-02-22 11:14:46,202 - INFO - ====== WebDriver manager ======\n2026-02-22 11:14:47,281 - INFO - Get LATEST chromedriver version for google-chrome\n2026-02-22 11:14:47,465 - INFO - Get LATEST chromedriver version for google-chrome\n2026-02-22 11:14:47,659 - INFO - Driver [C:\\Users\\Neeraja\\.wdm\\drivers\\chromedriver\\win64\\145.0.7632.77\\chromedriver-win32/chromedriver.exe] found in cache\n\n------------------------------ Captured log setup ------------------------------\nINFO     root:conftest.py:32 Browser Setup Started: chrome\nINFO     WDM:logger.py:11 ====== WebDriver manager ======\nINFO     WDM:logger.py:11 Get LATEST chromedriver version for google-chrome\nINFO     WDM:logger.py:11 Get LATEST chromedriver version for google-chrome\nINFO     WDM:logger.py:11 Driver [C:\\Users\\Neeraja\\.wdm\\drivers\\chromedriver\\win64\\145.0.7632.77\\chromedriver-win32/chromedriver.exe] found in cache\n\n----------------------------- Captured stderr call -----------------------------\n2026-02-22 11:14:58,578 - INFO - ========== STARTING FILTER ORDERS BY USER TEST ==========\n2026-02-22 11:14:58,578 - INFO - Clicking on Login/My Account link\n2026-02-22 11:14:59,958 - INFO - Current URL after clicking login: https://practice.automationtesting.in/my-account/\n2026-02-22 11:14:59,965 - INFO - Entering Email: Rani12@gmail.com\n2026-02-22 11:15:00,138 - INFO - Email entered in field: Rani12@gmail.com\n2026-02-22 11:15:00,139 - INFO - Entering Password\n2026-02-22 11:15:00,298 - INFO - Password entered successfully\n2026-02-22 11:15:00,298 - INFO - Selecting Remember Me checkbox\n2026-02-22 11:15:00,620 - INFO - Checkbox selected status: True\n2026-02-22 11:15:00,620 - INFO - Clicking Login button\n2026-02-22 11:15:01,964 - INFO - URL after login: https://practice.automationtesting.in/my-account/\n2026-02-22 11:15:01,974 - INFO - Checking if Orders table is displayed\n2026-02-22 11:15:01,974 - INFO - Checking if Orders table is displayed\n2026-02-22 11:15:03,359 - INFO - Orders table is visible\n2026-02-22 11:15:03,359 - INFO - ========== FILTER ORDERS BY USER TEST PASSED ==========\n\n------------------------------ Captured log call -------------------------------\nINFO     root:test_findorders_byuser.py:37 ========== STARTING FILTER ORDERS BY USER TEST ==========\nINFO     root:test_findorders_byuser.py:42 Clicking on Login/My Account link\nINFO     root:test_findorders_byuser.py:45 Current URL after clicking login: https://practice.automationtesting.in/my-account/\nINFO     root:test_findorders_byuser.py:50 Entering Email: Rani12@gmail.com\nINFO     root:test_findorders_byuser.py:53 Email entered in field: Rani12@gmail.com\nINFO     root:test_findorders_byuser.py:57 Entering Password\nINFO     root:test_findorders_byuser.py:60 Password entered successfully\nINFO     root:test_findorders_byuser.py:63 Selecting Remember Me checkbox\nINFO     root:test_findorders_byuser.py:66 Checkbox selected status: True\nINFO     root:test_findorders_byuser.py:68 Clicking Login button\nINFO     root:test_findorders_byuser.py:71 URL after login: https://practice.automationtesting.in/my-account/\nINFO     root:test_findorders_byuser.py:75 Checking if Orders table is displayed\nINFO     root:test_findorders_byuser.py:78 Checking if Orders table is displayed\nINFO     root:test_findorders_byuser.py:81 Orders table is visible\nINFO     root:test_findorders_byuser.py:85 ========== FILTER ORDERS BY USER TEST PASSED ==========\n\n--------------------------- Captured stderr teardown ---------------------------\n2026-02-22 11:15:03,361 - INFO - Browser Teardown Started\n2026-02-22 11:15:05,642 - INFO - Browser Closed Successfully\n\n\n---------------------------- Captured log teardown -----------------------------\nINFO     root:conftest.py:41 Browser Teardown Started\nINFO     root:conftest.py:43 Browser Closed Successfully&#34;}], &#34;tests/test_findorders_byuser.py::test_findOrdersByUser[data1]&#34;: [{&#34;extras&#34;: [], &#34;result&#34;: &#34;Passed&#34;, &#34;testId&#34;: &#34;tests/test_findorders_byuser.py::test_findOrdersByUser[data1]&#34;, &#34;duration&#34;: &#34;00:00:34&#34;, &#34;resultsTableRow&#34;: [&#34;&lt;td class=\&#34;col-result\&#34;&gt;Passed&lt;/td&gt;&#34;, &#34;&lt;td class=\&#34;col-testId\&#34;&gt;tests/test_findorders_byuser.py::test_findOrdersByUser[data1]&lt;/td&gt;&#34;, &#34;&lt;td class=\&#34;col-duration\&#34;&gt;00:00:34&lt;/td&gt;&#34;, &#34;&lt;td class=\&#34;col-links\&#34;&gt;&lt;/td&gt;&#34;], &#34;log&#34;: &#34;---------------------------- Captured stderr setup -----------------------------\n2026-02-22 11:15:05,644 - INFO - ------ Test Finished: test_findOrdersByUser[data0] ------\n\n2026-02-22 11:15:05,644 - INFO - ------ Test Started: test_findOrdersByUser[data1] ------\n2026-02-22 11:15:05,646 - INFO - Browser Setup Started: chrome\n2026-02-22 11:15:05,647 - INFO - ====== WebDriver manager ======\n2026-02-22 11:15:06,823 - INFO - Get LATEST chromedriver version for google-chrome\n2026-02-22 11:15:07,009 - INFO - Get LATEST chromedriver version for google-chrome\n2026-02-22 11:15:07,183 - INFO - Driver [C:\\Users\\Neeraja\\.wdm\\drivers\\chromedriver\\win64\\145.0.7632.77\\chromedriver-win32/chromedriver.exe] found in cache\n\n------------------------------ Captured log setup ------------------------------\nINFO     root:conftest.py:32 Browser Setup Started: chrome\nINFO     WDM:logger.py:11 ====== WebDriver manager ======\nINFO     WDM:logger.py:11 Get LATEST chromedriver version for google-chrome\nINFO     WDM:logger.py:11 Get LATEST chromedriver version for google-chrome\nINFO     WDM:logger.py:11 Driver [C:\\Users\\Neeraja\\.wdm\\drivers\\chromedriver\\win64\\145.0.7632.77\\chromedriver-win32/chromedriver.exe] found in cache\n\n----------------------------- Captured stderr call -----------------------------\n2026-02-22 11:15:08,511 - INFO - ========== STARTING FILTER ORDERS BY USER TEST ==========\n2026-02-22 11:15:08,513 - INFO - Clicking on Login/My Account link\n2026-02-22 11:15:21,819 - INFO - Current URL after clicking login: https://practice.automationtesting.in/my-account/\n2026-02-22 11:15:21,823 - INFO - Entering Email: Rani13@gmail.com\n2026-02-22 11:15:21,969 - INFO - Email entered in field: Rani13@gmail.com\n2026-02-22 11:15:21,969 - INFO - Entering Password\n2026-02-22 11:15:22,218 - INFO - Password entered successfully\n2026-02-22 11:15:22,219 - INFO - Selecting Remember Me checkbox\n2026-02-22 11:15:22,383 - INFO - Checkbox selected status: True\n2026-02-22 11:15:22,383 - INFO - Clicking Login button\n2026-02-22 11:15:24,583 - INFO - URL after login: https://practice.automationtesting.in/my-account/\n2026-02-22 11:15:24,593 - INFO - Checking if Orders table is displayed\n2026-02-22 11:15:24,594 - INFO - Checking if Orders table is displayed\n2026-02-22 11:15:37,093 - INFO - No orders / Invalid login - Negative case handled\n2026-02-22 11:15:37,093 - INFO - ========== FILTER ORDERS BY USER TEST PASSED ==========\n\n------------------------------ Captured log call -------------------------------\nINFO     root:test_findorders_byuser.py:37 ========== STARTING FILTER ORDERS BY USER TEST ==========\nINFO     root:test_findorders_byuser.py:42 Clicking on Login/My Account link\nINFO     root:test_findorders_byuser.py:45 Current URL after clicking login: https://practice.automationtesting.in/my-account/\nINFO     root:test_findorders_byuser.py:50 Entering Email: Rani13@gmail.com\nINFO     root:test_findorders_byuser.py:53 Email entered in field: Rani13@gmail.com\nINFO     root:test_findorders_byuser.py:57 Entering Password\nINFO     root:test_findorders_byuser.py:60 Password entered successfully\nINFO     root:test_findorders_byuser.py:63 Selecting Remember Me checkbox\nINFO     root:test_findorders_byuser.py:66 Checkbox selected status: True\nINFO     root:test_findorders_byuser.py:68 Clicking Login button\nINFO     root:test_findorders_byuser.py:71 URL after login: https://practice.automationtesting.in/my-account/\nINFO     root:test_findorders_byuser.py:75 Checking if Orders table is displayed\nINFO     root:test_findorders_byuser.py:78 Checking if Orders table is displayed\nINFO     root:test_findorders_byuser.py:83 No orders / Invalid login - Negative case handled\nINFO     root:test_findorders_byuser.py:85 ========== FILTER ORDERS BY USER TEST PASSED ==========\n\n--------------------------- Captured stderr teardown ---------------------------\n2026-02-22 11:15:37,095 - INFO - Browser Teardown Started\n2026-02-22 11:15:39,423 - INFO - Browser Closed Successfully\n\n\n---------------------------- Captured log teardown -----------------------------\nINFO     root:conftest.py:41 Browser Teardown Started\nINFO     root:conftest.py:43 Browser Closed Successfully&#34;}], &#34;tests/test_filterproduct_byprice.py::test_filter_product[data0]&#34;: [{&#34;extras&#34;: [], &#34;result&#34;: &#34;Passed&#34;, &#34;testId&#34;: &#34;tests/test_filterproduct_byprice.py::test_filter_product[data0]&#34;, &#34;duration&#34;: &#34;00:00:20&#34;, &#34;resultsTableRow&#34;: [&#34;&lt;td class=\&#34;col-result\&#34;&gt;Passed&lt;/td&gt;&#34;, &#34;&lt;td class=\&#34;col-testId\&#34;&gt;tests/test_filterproduct_byprice.py::test_filter_product[data0]&lt;/td&gt;&#34;, &#34;&lt;td class=\&#34;col-duration\&#34;&gt;00:00:20&lt;/td&gt;&#34;, &#34;&lt;td class=\&#34;col-links\&#34;&gt;&lt;/td&gt;&#34;], &#34;log&#34;: &#34;---------------------------- Captured stderr setup -----------------------------\n2026-02-22 11:15:39,424 - INFO - ------ Test Finished: test_findOrdersByUser[data1] ------\n\n2026-02-22 11:15:39,424 - INFO - ------ Test Started: test_filter_product[data0] ------\n2026-02-22 11:15:39,426 - INFO - Browser Setup Started: chrome\n2026-02-22 11:15:39,426 - INFO - ====== WebDriver manager ======\n2026-02-22 11:15:40,522 - INFO - Get LATEST chromedriver version for google-chrome\n2026-02-22 11:15:40,712 - INFO - Get LATEST chromedriver version for google-chrome\n2026-02-22 11:15:40,916 - INFO - Driver [C:\\Users\\Neeraja\\.wdm\\drivers\\chromedriver\\win64\\145.0.7632.77\\chromedriver-win32/chromedriver.exe] found in cache\n\n------------------------------ Captured log setup ------------------------------\nINFO     root:conftest.py:32 Browser Setup Started: chrome\nINFO     WDM:logger.py:11 ====== WebDriver manager ======\nINFO     WDM:logger.py:11 Get LATEST chromedriver version for google-chrome\nINFO     WDM:logger.py:11 Get LATEST chromedriver version for google-chrome\nINFO     WDM:logger.py:11 Driver [C:\\Users\\Neeraja\\.wdm\\drivers\\chromedriver\\win64\\145.0.7632.77\\chromedriver-win32/chromedriver.exe] found in cache\n\n----------------------------- Captured stderr call -----------------------------\n2026-02-22 11:15:50,855 - INFO - ========== STARTING FILTER PRODUCT BY PRICE TEST ==========\n2026-02-22 11:15:50,855 - INFO - Navigating to Shop page\n2026-02-22 11:15:54,439 - INFO - Current URL after navigation: https://practice.automationtesting.in/shop/\n2026-02-22 11:15:54,444 - INFO - Applying price filter -&amp;gt; Min: 150.0, Max: 300.0\n2026-02-22 11:15:56,846 - INFO - Price filter applied successfully\n2026-02-22 11:15:56,859 - INFO - Number of products displayed after filtering: 4\n2026-02-22 11:15:56,865 - INFO - URL after filtering: https://practice.automationtesting.in/shop/?min_price=150.0&amp;amp;max_price=300.0\n2026-02-22 11:15:56,871 - INFO - ========== FILTER PRODUCT TEST PASSED ==========\n\n------------------------------ Captured log call -------------------------------\nINFO     root:test_filterproduct_byprice.py:38 ========== STARTING FILTER PRODUCT BY PRICE TEST ==========\nINFO     root:test_filterproduct_byprice.py:42 Navigating to Shop page\nINFO     root:test_filterproduct_byprice.py:45 Current URL after navigation: https://practice.automationtesting.in/shop/\nINFO     root:test_filterproduct_byprice.py:53 Applying price filter -&amp;gt; Min: 150.0, Max: 300.0\nINFO     root:test_filterproduct_byprice.py:55 Price filter applied successfully\nINFO     root:test_filterproduct_byprice.py:60 Number of products displayed after filtering: 4\nINFO     root:test_filterproduct_byprice.py:69 URL after filtering: https://practice.automationtesting.in/shop/?min_price=150.0&amp;amp;max_price=300.0\nINFO     root:test_filterproduct_byprice.py:73 ========== FILTER PRODUCT TEST PASSED ==========\n\n--------------------------- Captured stderr teardown ---------------------------\n2026-02-22 11:15:56,872 - INFO - Browser Teardown Started\n2026-02-22 11:15:59,143 - INFO - Browser Closed Successfully\n\n\n---------------------------- Captured log teardown -----------------------------\nINFO     root:conftest.py:41 Browser Teardown Started\nINFO     root:conftest.py:43 Browser Closed Successfully&#34;}], &#34;tests/test_filterproduct_byprice.py::test_filter_product[data1]&#34;: [{&#34;extras&#34;: [], &#34;result&#34;: &#34;Passed&#34;, &#34;testId&#34;: &#34;tests/test_filterproduct_byprice.py::test_filter_product[data1]&#34;, &#34;duration&#34;: &#34;00:00:17&#34;, &#34;resultsTableRow&#34;: [&#34;&lt;td class=\&#34;col-result\&#34;&gt;Passed&lt;/td&gt;&#34;, &#34;&lt;td class=\&#34;col-testId\&#34;&gt;tests/test_filterproduct_byprice.py::test_filter_product[data1]&lt;/td&gt;&#34;, &#34;&lt;td class=\&#34;col-duration\&#34;&gt;00:00:17&lt;/td&gt;&#34;, &#34;&lt;td class=\&#34;col-links\&#34;&gt;&lt;/td&gt;&#34;], &#34;log&#34;: &#34;---------------------------- Captured stderr setup -----------------------------\n2026-02-22 11:15:59,144 - INFO - ------ Test Finished: test_filter_product[data0] ------\n\n2026-02-22 11:15:59,144 - INFO - ------ Test Started: test_filter_product[data1] ------\n2026-02-22 11:15:59,146 - INFO - Browser Setup Started: chrome\n2026-02-22 11:15:59,146 - INFO - ====== WebDriver manager ======\n2026-02-22 11:16:00,403 - INFO - Get LATEST chromedriver version for google-chrome\n2026-02-22 11:16:00,576 - INFO - Get LATEST chromedriver version for google-chrome\n2026-02-22 11:16:00,748 - INFO - Driver [C:\\Users\\Neeraja\\.wdm\\drivers\\chromedriver\\win64\\145.0.7632.77\\chromedriver-win32/chromedriver.exe] found in cache\n\n------------------------------ Captured log setup ------------------------------\nINFO     root:conftest.py:32 Browser Setup Started: chrome\nINFO     WDM:logger.py:11 ====== WebDriver manager ======\nINFO     WDM:logger.py:11 Get LATEST chromedriver version for google-chrome\nINFO     WDM:logger.py:11 Get LATEST chromedriver version for google-chrome\nINFO     WDM:logger.py:11 Driver [C:\\Users\\Neeraja\\.wdm\\drivers\\chromedriver\\win64\\145.0.7632.77\\chromedriver-win32/chromedriver.exe] found in cache\n\n----------------------------- Captured stderr call -----------------------------\n2026-02-22 11:16:10,165 - INFO - ========== STARTING FILTER PRODUCT BY PRICE TEST ==========\n2026-02-22 11:16:10,165 - INFO - Navigating to Shop page\n2026-02-22 11:16:12,498 - INFO - Current URL after navigation: https://practice.automationtesting.in/shop/\n2026-02-22 11:16:12,504 - INFO - Applying price filter -&amp;gt; Min: 200.0, Max: 400.0\n2026-02-22 11:16:14,276 - INFO - Price filter applied successfully\n2026-02-22 11:16:14,289 - INFO - Number of products displayed after filtering: 4\n2026-02-22 11:16:14,295 - INFO - URL after filtering: https://practice.automationtesting.in/shop/?min_price=200.0&amp;amp;max_price=400.0\n2026-02-22 11:16:14,302 - INFO - ========== FILTER PRODUCT TEST PASSED ==========\n\n------------------------------ Captured log call -------------------------------\nINFO     root:test_filterproduct_byprice.py:38 ========== STARTING FILTER PRODUCT BY PRICE TEST ==========\nINFO     root:test_filterproduct_byprice.py:42 Navigating to Shop page\nINFO     root:test_filterproduct_byprice.py:45 Current URL after navigation: https://practice.automationtesting.in/shop/\nINFO     root:test_filterproduct_byprice.py:53 Applying price filter -&amp;gt; Min: 200.0, Max: 400.0\nINFO     root:test_filterproduct_byprice.py:55 Price filter applied successfully\nINFO     root:test_filterproduct_byprice.py:60 Number of products displayed after filtering: 4\nINFO     root:test_filterproduct_byprice.py:69 URL after filtering: https://practice.automationtesting.in/shop/?min_price=200.0&amp;amp;max_price=400.0\nINFO     root:test_filterproduct_byprice.py:73 ========== FILTER PRODUCT TEST PASSED ==========\n\n--------------------------- Captured stderr teardown ---------------------------\n2026-02-22 11:16:14,304 - INFO - Browser Teardown Started\n2026-02-22 11:16:16,539 - INFO - Browser Closed Successfully\n\n\n---------------------------- Captured log teardown -----------------------------\nINFO     root:conftest.py:41 Browser Teardown Started\nINFO     root:conftest.py:43 Browser Closed Successfully&#34;}], &#34;tests/test_filterproduct_byprice.py::test_filter_product[data2]&#34;: [{&#34;extras&#34;: [], &#34;result&#34;: &#34;Passed&#34;, &#34;testId&#34;: &#34;tests/test_filterproduct_byprice.py::test_filter_product[data2]&#34;, &#34;duration&#34;: &#34;00:00:20&#34;, &#34;resultsTableRow&#34;: [&#34;&lt;td class=\&#34;col-result\&#34;&gt;Passed&lt;/td&gt;&#34;, &#34;&lt;td class=\&#34;col-testId\&#34;&gt;tests/test_filterproduct_byprice.py::test_filter_product[data2]&lt;/td&gt;&#34;, &#34;&lt;td class=\&#34;col-duration\&#34;&gt;00:00:20&lt;/td&gt;&#34;, &#34;&lt;td class=\&#34;col-links\&#34;&gt;&lt;/td&gt;&#34;], &#34;log&#34;: &#34;---------------------------- Captured stderr setup -----------------------------\n2026-02-22 11:16:16,541 - INFO - ------ Test Finished: test_filter_product[data1] ------\n\n2026-02-22 11:16:16,541 - INFO - ------ Test Started: test_filter_product[data2] ------\n2026-02-22 11:16:16,544 - INFO - Browser Setup Started: chrome\n2026-02-22 11:16:16,545 - INFO - ====== WebDriver manager ======\n2026-02-22 11:16:17,693 - INFO - Get LATEST chromedriver version for google-chrome\n2026-02-22 11:16:17,850 - INFO - Get LATEST chromedriver version for google-chrome\n2026-02-22 11:16:18,021 - INFO - Driver [C:\\Users\\Neeraja\\.wdm\\drivers\\chromedriver\\win64\\145.0.7632.77\\chromedriver-win32/chromedriver.exe] found in cache\n\n------------------------------ Captured log setup ------------------------------\nINFO     root:conftest.py:32 Browser Setup Started: chrome\nINFO     WDM:logger.py:11 ====== WebDriver manager ======\nINFO     WDM:logger.py:11 Get LATEST chromedriver version for google-chrome\nINFO     WDM:logger.py:11 Get LATEST chromedriver version for google-chrome\nINFO     WDM:logger.py:11 Driver [C:\\Users\\Neeraja\\.wdm\\drivers\\chromedriver\\win64\\145.0.7632.77\\chromedriver-win32/chromedriver.exe] found in cache\n\n----------------------------- Captured stderr call -----------------------------\n2026-02-22 11:16:29,365 - INFO - ========== STARTING FILTER PRODUCT BY PRICE TEST ==========\n2026-02-22 11:16:29,367 - INFO - Navigating to Shop page\n2026-02-22 11:16:32,441 - INFO - Current URL after navigation: https://practice.automationtesting.in/shop/\n2026-02-22 11:16:32,445 - INFO - Applying price filter -&amp;gt; Min: 250.0, Max: 500.0\n2026-02-22 11:16:32,601 - INFO - Price filter applied successfully\n2026-02-22 11:16:33,757 - INFO - Number of products displayed after filtering: 6\n2026-02-22 11:16:33,762 - INFO - URL after filtering: https://practice.automationtesting.in/shop/?min_price=250.0&amp;amp;max_price=500.0\n2026-02-22 11:16:33,768 - INFO - ========== FILTER PRODUCT TEST PASSED ==========\n\n------------------------------ Captured log call -------------------------------\nINFO     root:test_filterproduct_byprice.py:38 ========== STARTING FILTER PRODUCT BY PRICE TEST ==========\nINFO     root:test_filterproduct_byprice.py:42 Navigating to Shop page\nINFO     root:test_filterproduct_byprice.py:45 Current URL after navigation: https://practice.automationtesting.in/shop/\nINFO     root:test_filterproduct_byprice.py:53 Applying price filter -&amp;gt; Min: 250.0, Max: 500.0\nINFO     root:test_filterproduct_byprice.py:55 Price filter applied successfully\nINFO     root:test_filterproduct_byprice.py:60 Number of products displayed after filtering: 6\nINFO     root:test_filterproduct_byprice.py:69 URL after filtering: https://practice.automationtesting.in/shop/?min_price=250.0&amp;amp;max_price=500.0\nINFO     root:test_filterproduct_byprice.py:73 ========== FILTER PRODUCT TEST PASSED ==========\n\n--------------------------- Captured stderr teardown ---------------------------\n2026-02-22 11:16:33,771 - INFO - Browser Teardown Started\n2026-02-22 11:16:36,069 - INFO - Browser Closed Successfully\n\n\n---------------------------- Captured log teardown -----------------------------\nINFO     root:conftest.py:41 Browser Teardown Started\nINFO     root:conftest.py:43 Browser Closed Successfully&#34;}], &#34;tests/test_login_page.py::test_logout[data0]&#34;: [{&#34;extras&#34;: [], &#34;result&#34;: &#34;Passed&#34;, &#34;testId&#34;: &#34;tests/test_login_page.py::test_logout[data0]&#34;, &#34;duration&#34;: &#34;00:00:22&#34;, &#34;resultsTableRow&#34;: [&#34;&lt;td class=\&#34;col-result\&#34;&gt;Passed&lt;/td&gt;&#34;, &#34;&lt;td class=\&#34;col-testId\&#34;&gt;tests/test_login_page.py::test_logout[data0]&lt;/td&gt;&#34;, &#34;&lt;td class=\&#34;col-duration\&#34;&gt;00:00:22&lt;/td&gt;&#34;, &#34;&lt;td class=\&#34;col-links\&#34;&gt;&lt;/td&gt;&#34;], &#34;log&#34;: &#34;---------------------------- Captured stderr setup -----------------------------\n2026-02-22 11:16:36,071 - INFO - ------ Test Finished: test_filter_product[data2] ------\n\n2026-02-22 11:16:36,072 - INFO - ------ Test Started: test_logout[data0] ------\n2026-02-22 11:16:36,074 - INFO - Browser Setup Started: chrome\n2026-02-22 11:16:36,075 - INFO - ====== WebDriver manager ======\n2026-02-22 11:16:37,252 - INFO - Get LATEST chromedriver version for google-chrome\n2026-02-22 11:16:37,457 - INFO - Get LATEST chromedriver version for google-chrome\n2026-02-22 11:16:37,643 - INFO - Driver [C:\\Users\\Neeraja\\.wdm\\drivers\\chromedriver\\win64\\145.0.7632.77\\chromedriver-win32/chromedriver.exe] found in cache\n\n------------------------------ Captured log setup ------------------------------\nINFO     root:conftest.py:32 Browser Setup Started: chrome\nINFO     WDM:logger.py:11 ====== WebDriver manager ======\nINFO     WDM:logger.py:11 Get LATEST chromedriver version for google-chrome\nINFO     WDM:logger.py:11 Get LATEST chromedriver version for google-chrome\nINFO     WDM:logger.py:11 Driver [C:\\Users\\Neeraja\\.wdm\\drivers\\chromedriver\\win64\\145.0.7632.77\\chromedriver-win32/chromedriver.exe] found in cache\n\n----------------------------- Captured stderr call -----------------------------\n2026-02-22 11:16:48,300 - INFO - ========== STARTING LOGOUT TEST ==========\n2026-02-22 11:16:48,300 - INFO - Opening My Account page\n2026-02-22 11:16:50,479 - INFO - Performing login before logout\n2026-02-22 11:16:52,591 - INFO - Clicking sign out\n2026-02-22 11:16:55,910 - INFO - ========== LOGOUT TEST PASSED ==========\n\n------------------------------ Captured log call -------------------------------\nINFO     root:test_login_page.py:70 ========== STARTING LOGOUT TEST ==========\nINFO     root:test_login_page.py:73 Opening My Account page\nINFO     root:test_login_page.py:77 Performing login before logout\nINFO     root:test_login_page.py:94 Clicking sign out\nINFO     root:test_login_page.py:98 ========== LOGOUT TEST PASSED ==========\n\n--------------------------- Captured stderr teardown ---------------------------\n2026-02-22 11:16:55,911 - INFO - Browser Teardown Started\n2026-02-22 11:16:58,179 - INFO - Browser Closed Successfully\n\n\n---------------------------- Captured log teardown -----------------------------\nINFO     root:conftest.py:41 Browser Teardown Started\nINFO     root:conftest.py:43 Browser Closed Successfully&#34;}], &#34;tests/test_home_page.py::test_open_homepage&#34;: [{&#34;extras&#34;: [], &#34;result&#34;: &#34;Passed&#34;, &#34;testId&#34;: &#34;tests/test_home_page.py::test_open_homepage&#34;, &#34;duration&#34;: &#34;00:00:14&#34;, &#34;resultsTableRow&#34;: [&#34;&lt;td class=\&#34;col-result\&#34;&gt;Passed&lt;/td&gt;&#34;, &#34;&lt;td class=\&#34;col-testId\&#34;&gt;tests/test_home_page.py::test_open_homepage&lt;/td&gt;&#34;, &#34;&lt;td class=\&#34;col-duration\&#34;&gt;00:00:14&lt;/td&gt;&#34;, &#34;&lt;td class=\&#34;col-links\&#34;&gt;&lt;/td&gt;&#34;], &#34;log&#34;: &#34;---------------------------- Captured stderr setup -----------------------------\n2026-02-22 11:16:58,181 - INFO - ------ Test Finished: test_logout[data0] ------\n\n2026-02-22 11:16:58,181 - INFO - ------ Test Started: test_open_homepage ------\n2026-02-22 11:16:58,183 - INFO - Browser Setup Started: chrome\n2026-02-22 11:16:58,183 - INFO - ====== WebDriver manager ======\n2026-02-22 11:16:59,299 - INFO - Get LATEST chromedriver version for google-chrome\n2026-02-22 11:16:59,454 - INFO - Get LATEST chromedriver version for google-chrome\n2026-02-22 11:16:59,604 - INFO - Driver [C:\\Users\\Neeraja\\.wdm\\drivers\\chromedriver\\win64\\145.0.7632.77\\chromedriver-win32/chromedriver.exe] found in cache\n\n------------------------------ Captured log setup ------------------------------\nINFO     root:conftest.py:32 Browser Setup Started: chrome\nINFO     WDM:logger.py:11 ====== WebDriver manager ======\nINFO     WDM:logger.py:11 Get LATEST chromedriver version for google-chrome\nINFO     WDM:logger.py:11 Get LATEST chromedriver version for google-chrome\nINFO     WDM:logger.py:11 Driver [C:\\Users\\Neeraja\\.wdm\\drivers\\chromedriver\\win64\\145.0.7632.77\\chromedriver-win32/chromedriver.exe] found in cache\n--------------------------- Captured stderr teardown ---------------------------\n2026-02-22 11:17:10,411 - INFO - Browser Teardown Started\n2026-02-22 11:17:12,676 - INFO - Browser Closed Successfully\n\n\n---------------------------- Captured log teardown -----------------------------\nINFO     root:conftest.py:41 Browser Teardown Started\nINFO     root:conftest.py:43 Browser Closed Successfully&#34;}]}, &#34;renderCollapsed&#34;: [&#34;passed&#34;], &#34;initialSort&#34;: &#34;result&#34;, &#34;title&#34;: &#34;reports_2026-02-22.html&#34;}"></div>
    <script>
      (function(){function r(e,n,t){function o(i,f){if(!n[i]){if(!e[i]){var c="function"==typeof require&&require;if(!f&&c)return c(i,!0);if(u)return u(i,!0);var a=new Error("Cannot find module '"+i+"'");throw a.code="MODULE_NOT_FOUND",a}var p=n[i]={exports:{}};e[i][0].call(p.exports,function(r){var n=e[i][1][r];return o(n||r)},p,p.exports,r,e,n,t)}return n[i].exports}for(var u="function"==typeof require&&require,i=0;i<t.length;i++)o(t[i]);return o}return r})()({1:[function(require,module,exports){
const { getCollapsedCategory, setCollapsedIds } = require('./storage.js')

class DataManager {
    setManager(data) {
        const collapsedCategories = [...getCollapsedCategory(data.renderCollapsed)]
        const collapsedIds = []
        const tests = Object.values(data.tests).flat().map((test, index) => {
            const collapsed = collapsedCategories.includes(test.result.toLowerCase())
            const id = `test_${index}`
            if (collapsed) {
                collapsedIds.push(id)
            }
            return {
                ...test,
                id,
                collapsed,
            }
        })
        const dataBlob = { ...data, tests }
        this.data = { ...dataBlob }
        this.renderData = { ...dataBlob }
        setCollapsedIds(collapsedIds)
    }

    get allData() {
        return { ...this.data }
    }

    resetRender() {
        this.renderData = { ...this.data }
    }

    setRender(data) {
        this.renderData.tests = [...data]
    }

    toggleCollapsedItem(id) {
        this.renderData.tests = this.renderData.tests.map((test) =>
            test.id === id ? { ...test, collapsed: !test.collapsed } : test,
        )
    }

    set allCollapsed(collapsed) {
        this.renderData = { ...this.renderData, tests: [...this.renderData.tests.map((test) => (
            { ...test, collapsed }
        ))] }
    }

    get testSubset() {
        return [...this.renderData.tests]
    }

    get environment() {
        return this.renderData.environment
    }

    get initialSort() {
        return this.data.initialSort
    }
}

module.exports = {
    manager: new DataManager(),
}

},{"./storage.js":8}],2:[function(require,module,exports){
const mediaViewer = require('./mediaviewer.js')
const templateEnvRow = document.getElementById('template_environment_row')
const templateResult = document.getElementById('template_results-table__tbody')

function htmlToElements(html) {
    const temp = document.createElement('template')
    temp.innerHTML = html
    return temp.content.childNodes
}

const find = (selector, elem) => {
    if (!elem) {
        elem = document
    }
    return elem.querySelector(selector)
}

const findAll = (selector, elem) => {
    if (!elem) {
        elem = document
    }
    return [...elem.querySelectorAll(selector)]
}

const dom = {
    getStaticRow: (key, value) => {
        const envRow = templateEnvRow.content.cloneNode(true)
        const isObj = typeof value === 'object' && value !== null
        const values = isObj ? Object.keys(value).map((k) => `${k}: ${value[k]}`) : null

        const valuesElement = htmlToElements(
            values ? `<ul>${values.map((val) => `<li>${val}</li>`).join('')}<ul>` : `<div>${value}</div>`)[0]
        const td = findAll('td', envRow)
        td[0].textContent = key
        td[1].appendChild(valuesElement)

        return envRow
    },
    getResultTBody: ({ testId, id, log, extras, resultsTableRow, tableHtml, result, collapsed }) => {
        const resultBody = templateResult.content.cloneNode(true)
        resultBody.querySelector('tbody').classList.add(result.toLowerCase())
        resultBody.querySelector('tbody').id = testId
        resultBody.querySelector('.collapsible').dataset.id = id

        resultsTableRow.forEach((html) => {
            const t = document.createElement('template')
            t.innerHTML = html
            resultBody.querySelector('.collapsible').appendChild(t.content)
        })

        if (log) {
            // Wrap lines starting with "E" with span.error to color those lines red
            const wrappedLog = log.replace(/^E.*$/gm, (match) => `<span class="error">${match}</span>`)
            resultBody.querySelector('.log').innerHTML = wrappedLog
        } else {
            resultBody.querySelector('.log').remove()
        }

        if (collapsed) {
            resultBody.querySelector('.collapsible > .col-result')?.classList.add('collapsed')
            resultBody.querySelector('.extras-row').classList.add('hidden')
        } else {
            resultBody.querySelector('.collapsible > .col-result')?.classList.remove('collapsed')
        }

        const media = []
        extras?.forEach(({ name, format_type, content }) => {
            if (['image', 'video'].includes(format_type)) {
                media.push({ path: content, name, format_type })
            }

            if (format_type === 'html') {
                resultBody.querySelector('.extraHTML').insertAdjacentHTML('beforeend', `<div>${content}</div>`)
            }
        })
        mediaViewer.setup(resultBody, media)

        // Add custom html from the pytest_html_results_table_html hook
        tableHtml?.forEach((item) => {
            resultBody.querySelector('td[class="extra"]').insertAdjacentHTML('beforeend', item)
        })

        return resultBody
    },
}

module.exports = {
    dom,
    htmlToElements,
    find,
    findAll,
}

},{"./mediaviewer.js":6}],3:[function(require,module,exports){
const { manager } = require('./datamanager.js')
const { doSort } = require('./sort.js')
const storageModule = require('./storage.js')

const getFilteredSubSet = (filter) =>
    manager.allData.tests.filter(({ result }) => filter.includes(result.toLowerCase()))

const doInitFilter = () => {
    const currentFilter = storageModule.getVisible()
    const filteredSubset = getFilteredSubSet(currentFilter)
    manager.setRender(filteredSubset)
}

const doFilter = (type, show) => {
    if (show) {
        storageModule.showCategory(type)
    } else {
        storageModule.hideCategory(type)
    }

    const currentFilter = storageModule.getVisible()
    const filteredSubset = getFilteredSubSet(currentFilter)
    manager.setRender(filteredSubset)

    const sortColumn = storageModule.getSort()
    doSort(sortColumn, true)
}

module.exports = {
    doFilter,
    doInitFilter,
}

},{"./datamanager.js":1,"./sort.js":7,"./storage.js":8}],4:[function(require,module,exports){
const { redraw, bindEvents, renderStatic } = require('./main.js')
const { doInitFilter } = require('./filter.js')
const { doInitSort } = require('./sort.js')
const { manager } = require('./datamanager.js')
const data = JSON.parse(document.getElementById('data-container').dataset.jsonblob)

function init() {
    manager.setManager(data)
    doInitFilter()
    doInitSort()
    renderStatic()
    redraw()
    bindEvents()
}

init()

},{"./datamanager.js":1,"./filter.js":3,"./main.js":5,"./sort.js":7}],5:[function(require,module,exports){
const { dom, find, findAll } = require('./dom.js')
const { manager } = require('./datamanager.js')
const { doSort } = require('./sort.js')
const { doFilter } = require('./filter.js')
const {
    getVisible,
    getCollapsedIds,
    setCollapsedIds,
    getSort,
    getSortDirection,
    possibleFilters,
} = require('./storage.js')

const removeChildren = (node) => {
    while (node.firstChild) {
        node.removeChild(node.firstChild)
    }
}

const renderStatic = () => {
    const renderEnvironmentTable = () => {
        const environment = manager.environment
        const rows = Object.keys(environment).map((key) => dom.getStaticRow(key, environment[key]))
        const table = document.getElementById('environment')
        removeChildren(table)
        rows.forEach((row) => table.appendChild(row))
    }
    renderEnvironmentTable()
}

const addItemToggleListener = (elem) => {
    elem.addEventListener('click', ({ target }) => {
        const id = target.parentElement.dataset.id
        manager.toggleCollapsedItem(id)

        const collapsedIds = getCollapsedIds()
        if (collapsedIds.includes(id)) {
            const updated = collapsedIds.filter((item) => item !== id)
            setCollapsedIds(updated)
        } else {
            collapsedIds.push(id)
            setCollapsedIds(collapsedIds)
        }
        redraw()
    })
}

const renderContent = (tests) => {
    const sortAttr = getSort(manager.initialSort)
    const sortAsc = JSON.parse(getSortDirection())
    const rows = tests.map(dom.getResultTBody)
    const table = document.getElementById('results-table')
    const tableHeader = document.getElementById('results-table-head')

    const newTable = document.createElement('table')
    newTable.id = 'results-table'

    // remove all sorting classes and set the relevant
    findAll('.sortable', tableHeader).forEach((elem) => elem.classList.remove('asc', 'desc'))
    tableHeader.querySelector(`.sortable[data-column-type="${sortAttr}"]`)?.classList.add(sortAsc ? 'desc' : 'asc')
    newTable.appendChild(tableHeader)

    if (!rows.length) {
        const emptyTable = document.getElementById('template_results-table__body--empty').content.cloneNode(true)
        newTable.appendChild(emptyTable)
    } else {
        rows.forEach((row) => {
            if (!!row) {
                findAll('.collapsible td:not(.col-links', row).forEach(addItemToggleListener)
                find('.logexpander', row).addEventListener('click',
                    (evt) => evt.target.parentNode.classList.toggle('expanded'),
                )
                newTable.appendChild(row)
            }
        })
    }

    table.replaceWith(newTable)
}

const renderDerived = () => {
    const currentFilter = getVisible()
    possibleFilters.forEach((result) => {
        const input = document.querySelector(`input[data-test-result="${result}"]`)
        input.checked = currentFilter.includes(result)
    })
}

const bindEvents = () => {
    const filterColumn = (evt) => {
        const { target: element } = evt
        const { testResult } = element.dataset

        doFilter(testResult, element.checked)
        const collapsedIds = getCollapsedIds()
        const updated = manager.renderData.tests.map((test) => {
            return {
                ...test,
                collapsed: collapsedIds.includes(test.id),
            }
        })
        manager.setRender(updated)
        redraw()
    }

    const header = document.getElementById('environment-header')
    header.addEventListener('click', () => {
        const table = document.getElementById('environment')
        table.classList.toggle('hidden')
        header.classList.toggle('collapsed')
    })

    findAll('input[name="filter_checkbox"]').forEach((elem) => {
        elem.addEventListener('click', filterColumn)
    })

    findAll('.sortable').forEach((elem) => {
        elem.addEventListener('click', (evt) => {
            const { target: element } = evt
            const { columnType } = element.dataset
            doSort(columnType)
            redraw()
        })
    })

    document.getElementById('show_all_details').addEventListener('click', () => {
        manager.allCollapsed = false
        setCollapsedIds([])
        redraw()
    })
    document.getElementById('hide_all_details').addEventListener('click', () => {
        manager.allCollapsed = true
        const allIds = manager.renderData.tests.map((test) => test.id)
        setCollapsedIds(allIds)
        redraw()
    })
}

const redraw = () => {
    const { testSubset } = manager

    renderContent(testSubset)
    renderDerived()
}

module.exports = {
    redraw,
    bindEvents,
    renderStatic,
}

},{"./datamanager.js":1,"./dom.js":2,"./filter.js":3,"./sort.js":7,"./storage.js":8}],6:[function(require,module,exports){
class MediaViewer {
    constructor(assets) {
        this.assets = assets
        this.index = 0
    }

    nextActive() {
        this.index = this.index === this.assets.length - 1 ? 0 : this.index + 1
        return [this.activeFile, this.index]
    }

    prevActive() {
        this.index = this.index === 0 ? this.assets.length - 1 : this.index -1
        return [this.activeFile, this.index]
    }

    get currentIndex() {
        return this.index
    }

    get activeFile() {
        return this.assets[this.index]
    }
}


const setup = (resultBody, assets) => {
    if (!assets.length) {
        resultBody.querySelector('.media').classList.add('hidden')
        return
    }

    const mediaViewer = new MediaViewer(assets)
    const container = resultBody.querySelector('.media-container')
    const leftArrow = resultBody.querySelector('.media-container__nav--left')
    const rightArrow = resultBody.querySelector('.media-container__nav--right')
    const mediaName = resultBody.querySelector('.media__name')
    const counter = resultBody.querySelector('.media__counter')
    const imageEl = resultBody.querySelector('img')
    const sourceEl = resultBody.querySelector('source')
    const videoEl = resultBody.querySelector('video')

    const setImg = (media, index) => {
        if (media?.format_type === 'image') {
            imageEl.src = media.path

            imageEl.classList.remove('hidden')
            videoEl.classList.add('hidden')
        } else if (media?.format_type === 'video') {
            sourceEl.src = media.path

            videoEl.classList.remove('hidden')
            imageEl.classList.add('hidden')
        }

        mediaName.innerText = media?.name
        counter.innerText = `${index + 1} / ${assets.length}`
    }
    setImg(mediaViewer.activeFile, mediaViewer.currentIndex)

    const moveLeft = () => {
        const [media, index] = mediaViewer.prevActive()
        setImg(media, index)
    }
    const doRight = () => {
        const [media, index] = mediaViewer.nextActive()
        setImg(media, index)
    }
    const openImg = () => {
        window.open(mediaViewer.activeFile.path, '_blank')
    }
    if (assets.length === 1) {
        container.classList.add('media-container--fullscreen')
    } else {
        leftArrow.addEventListener('click', moveLeft)
        rightArrow.addEventListener('click', doRight)
    }
    imageEl.addEventListener('click', openImg)
}

module.exports = {
    setup,
}

},{}],7:[function(require,module,exports){
const { manager } = require('./datamanager.js')
const storageModule = require('./storage.js')

const genericSort = (list, key, ascending, customOrder) => {
    let sorted
    if (customOrder) {
        sorted = list.sort((a, b) => {
            const aValue = a.result.toLowerCase()
            const bValue = b.result.toLowerCase()

            const aIndex = customOrder.findIndex((item) => item.toLowerCase() === aValue)
            const bIndex = customOrder.findIndex((item) => item.toLowerCase() === bValue)

            // Compare the indices to determine the sort order
            return aIndex - bIndex
        })
    } else {
        sorted = list.sort((a, b) => a[key] === b[key] ? 0 : a[key] > b[key] ? 1 : -1)
    }

    if (ascending) {
        sorted.reverse()
    }
    return sorted
}

const durationSort = (list, ascending) => {
    const parseDuration = (duration) => {
        if (duration.includes(':')) {
            // If it's in the format "HH:mm:ss"
            const [hours, minutes, seconds] = duration.split(':').map(Number)
            return (hours * 3600 + minutes * 60 + seconds) * 1000
        } else {
            // If it's in the format "nnn ms"
            return parseInt(duration)
        }
    }
    const sorted = list.sort((a, b) => parseDuration(a['duration']) - parseDuration(b['duration']))
    if (ascending) {
        sorted.reverse()
    }
    return sorted
}

const doInitSort = () => {
    const type = storageModule.getSort(manager.initialSort)
    const ascending = storageModule.getSortDirection()
    const list = manager.testSubset
    const initialOrder = ['Error', 'Failed', 'Rerun', 'XFailed', 'XPassed', 'Skipped', 'Passed']

    storageModule.setSort(type)
    storageModule.setSortDirection(ascending)

    if (type?.toLowerCase() === 'original') {
        manager.setRender(list)
    } else {
        let sortedList
        switch (type) {
        case 'duration':
            sortedList = durationSort(list, ascending)
            break
        case 'result':
            sortedList = genericSort(list, type, ascending, initialOrder)
            break
        default:
            sortedList = genericSort(list, type, ascending)
            break
        }
        manager.setRender(sortedList)
    }
}

const doSort = (type, skipDirection) => {
    const newSortType = storageModule.getSort(manager.initialSort) !== type
    const currentAsc = storageModule.getSortDirection()
    let ascending
    if (skipDirection) {
        ascending = currentAsc
    } else {
        ascending = newSortType ? false : !currentAsc
    }
    storageModule.setSort(type)
    storageModule.setSortDirection(ascending)

    const list = manager.testSubset
    const sortedList = type === 'duration' ? durationSort(list, ascending) : genericSort(list, type, ascending)
    manager.setRender(sortedList)
}

module.exports = {
    doInitSort,
    doSort,
}

},{"./datamanager.js":1,"./storage.js":8}],8:[function(require,module,exports){
const possibleFilters = [
    'passed',
    'skipped',
    'failed',
    'error',
    'xfailed',
    'xpassed',
    'rerun',
]

const getVisible = () => {
    const url = new URL(window.location.href)
    const settings = new URLSearchParams(url.search).get('visible')
    const lower = (item) => {
        const lowerItem = item.toLowerCase()
        if (possibleFilters.includes(lowerItem)) {
            return lowerItem
        }
        return null
    }
    return settings === null ?
        possibleFilters :
        [...new Set(settings?.split(',').map(lower).filter((item) => item))]
}

const hideCategory = (categoryToHide) => {
    const url = new URL(window.location.href)
    const visibleParams = new URLSearchParams(url.search).get('visible')
    const currentVisible = visibleParams ? visibleParams.split(',') : [...possibleFilters]
    const settings = [...new Set(currentVisible)].filter((f) => f !== categoryToHide).join(',')

    url.searchParams.set('visible', settings)
    window.history.pushState({}, null, unescape(url.href))
}

const showCategory = (categoryToShow) => {
    if (typeof window === 'undefined') {
        return
    }
    const url = new URL(window.location.href)
    const currentVisible = new URLSearchParams(url.search).get('visible')?.split(',').filter(Boolean) ||
        [...possibleFilters]
    const settings = [...new Set([categoryToShow, ...currentVisible])]
    const noFilter = possibleFilters.length === settings.length || !settings.length

    noFilter ? url.searchParams.delete('visible') : url.searchParams.set('visible', settings.join(','))
    window.history.pushState({}, null, unescape(url.href))
}

const getSort = (initialSort) => {
    const url = new URL(window.location.href)
    let sort = new URLSearchParams(url.search).get('sort')
    if (!sort) {
        sort = initialSort || 'result'
    }
    return sort
}

const setSort = (type) => {
    const url = new URL(window.location.href)
    url.searchParams.set('sort', type)
    window.history.pushState({}, null, unescape(url.href))
}

const getCollapsedCategory = (renderCollapsed) => {
    let categories
    if (typeof window !== 'undefined') {
        const url = new URL(window.location.href)
        const collapsedItems = new URLSearchParams(url.search).get('collapsed')
        switch (true) {
        case !renderCollapsed && collapsedItems === null:
            categories = ['passed']
            break
        case collapsedItems?.length === 0 || /^["']{2}$/.test(collapsedItems):
            categories = []
            break
        case /^all$/.test(collapsedItems) || collapsedItems === null && /^all$/.test(renderCollapsed):
            categories = [...possibleFilters]
            break
        default:
            categories = collapsedItems?.split(',').map((item) => item.toLowerCase()) || renderCollapsed
            break
        }
    } else {
        categories = []
    }
    return categories
}

const getSortDirection = () => JSON.parse(sessionStorage.getItem('sortAsc')) || false
const setSortDirection = (ascending) => sessionStorage.setItem('sortAsc', ascending)

const getCollapsedIds = () => JSON.parse(sessionStorage.getItem('collapsedIds')) || []
const setCollapsedIds = (list) => sessionStorage.setItem('collapsedIds', JSON.stringify(list))

module.exports = {
    getVisible,
    hideCategory,
    showCategory,
    getCollapsedIds,
    setCollapsedIds,
    getSort,
    setSort,
    getSortDirection,
    setSortDirection,
    getCollapsedCategory,
    possibleFilters,
}

},{}]},{},[4]);
    </script>
  </footer>
  </body>
</html>