<!DOCTYPE html>
<html>
  <head>
    <meta charset="utf-8"/>
    <title id="head-title">report12_2026-02-19.html</title>
      <style type="text/css">body {
  font-family: Helvetica, Arial, sans-serif;
  font-size: 12px;
  /* do not increase min-width as some may use split screens */
  min-width: 800px;
  color: #999;
}

h1 {
  font-size: 24px;
  color: black;
}

h2 {
  font-size: 16px;
  color: black;
}

p {
  color: black;
}

a {
  color: #999;
}

table {
  border-collapse: collapse;
}

/******************************
 * SUMMARY INFORMATION
 ******************************/
#environment td {
  padding: 5px;
  border: 1px solid #e6e6e6;
  vertical-align: top;
}
#environment tr:nth-child(odd) {
  background-color: #f6f6f6;
}
#environment ul {
  margin: 0;
  padding: 0 20px;
}

/******************************
 * TEST RESULT COLORS
 ******************************/
span.passed,
.passed .col-result {
  color: green;
}

span.skipped,
span.xfailed,
span.rerun,
.skipped .col-result,
.xfailed .col-result,
.rerun .col-result {
  color: orange;
}

span.error,
span.failed,
span.xpassed,
.error .col-result,
.failed .col-result,
.xpassed .col-result {
  color: red;
}

.col-links__extra {
  margin-right: 3px;
}

/******************************
 * RESULTS TABLE
 *
 * 1. Table Layout
 * 2. Extra
 * 3. Sorting items
 *
 ******************************/
/*------------------
 * 1. Table Layout
 *------------------*/
#results-table {
  border: 1px solid #e6e6e6;
  color: #999;
  font-size: 12px;
  width: 100%;
}
#results-table th,
#results-table td {
  padding: 5px;
  border: 1px solid #e6e6e6;
  text-align: left;
}
#results-table th {
  font-weight: bold;
}

/*------------------
 * 2. Extra
 *------------------*/
.logwrapper {
  max-height: 230px;
  overflow-y: scroll;
  background-color: #e6e6e6;
}
.logwrapper.expanded {
  max-height: none;
}
.logwrapper.expanded .logexpander:after {
  content: "collapse [-]";
}
.logwrapper .logexpander {
  z-index: 1;
  position: sticky;
  top: 10px;
  width: max-content;
  border: 1px solid;
  border-radius: 3px;
  padding: 5px 7px;
  margin: 10px 0 10px calc(100% - 80px);
  cursor: pointer;
  background-color: #e6e6e6;
}
.logwrapper .logexpander:after {
  content: "expand [+]";
}
.logwrapper .logexpander:hover {
  color: #000;
  border-color: #000;
}
.logwrapper .log {
  min-height: 40px;
  position: relative;
  top: -50px;
  height: calc(100% + 50px);
  border: 1px solid #e6e6e6;
  color: black;
  display: block;
  font-family: "Courier New", Courier, monospace;
  padding: 5px;
  padding-right: 80px;
  white-space: pre-wrap;
}

div.media {
  border: 1px solid #e6e6e6;
  float: right;
  height: 240px;
  margin: 0 5px;
  overflow: hidden;
  width: 320px;
}

.media-container {
  display: grid;
  grid-template-columns: 25px auto 25px;
  align-items: center;
  flex: 1 1;
  overflow: hidden;
  height: 200px;
}

.media-container--fullscreen {
  grid-template-columns: 0px auto 0px;
}

.media-container__nav--right,
.media-container__nav--left {
  text-align: center;
  cursor: pointer;
}

.media-container__viewport {
  cursor: pointer;
  text-align: center;
  height: inherit;
}
.media-container__viewport img,
.media-container__viewport video {
  object-fit: cover;
  width: 100%;
  max-height: 100%;
}

.media__name,
.media__counter {
  display: flex;
  flex-direction: row;
  justify-content: space-around;
  flex: 0 0 25px;
  align-items: center;
}

.collapsible td:not(.col-links) {
  cursor: pointer;
}
.collapsible td:not(.col-links):hover::after {
  color: #bbb;
  font-style: italic;
  cursor: pointer;
}

.col-result {
  width: 130px;
}
.col-result:hover::after {
  content: " (hide details)";
}

.col-result.collapsed:hover::after {
  content: " (show details)";
}

#environment-header h2:hover::after {
  content: " (hide details)";
  color: #bbb;
  font-style: italic;
  cursor: pointer;
  font-size: 12px;
}

#environment-header.collapsed h2:hover::after {
  content: " (show details)";
  color: #bbb;
  font-style: italic;
  cursor: pointer;
  font-size: 12px;
}

/*------------------
 * 3. Sorting items
 *------------------*/
.sortable {
  cursor: pointer;
}
.sortable.desc:after {
  content: " ";
  position: relative;
  left: 5px;
  bottom: -12.5px;
  border: 10px solid #4caf50;
  border-bottom: 0;
  border-left-color: transparent;
  border-right-color: transparent;
}
.sortable.asc:after {
  content: " ";
  position: relative;
  left: 5px;
  bottom: 12.5px;
  border: 10px solid #4caf50;
  border-top: 0;
  border-left-color: transparent;
  border-right-color: transparent;
}

.hidden, .summary__reload__button.hidden {
  display: none;
}

.summary__data {
  flex: 0 0 550px;
}
.summary__reload {
  flex: 1 1;
  display: flex;
  justify-content: center;
}
.summary__reload__button {
  flex: 0 0 300px;
  display: flex;
  color: white;
  font-weight: bold;
  background-color: #4caf50;
  text-align: center;
  justify-content: center;
  align-items: center;
  border-radius: 3px;
  cursor: pointer;
}
.summary__reload__button:hover {
  background-color: #46a049;
}
.summary__spacer {
  flex: 0 0 550px;
}

.controls {
  display: flex;
  justify-content: space-between;
}

.filters,
.collapse {
  display: flex;
  align-items: center;
}
.filters button,
.collapse button {
  color: #999;
  border: none;
  background: none;
  cursor: pointer;
  text-decoration: underline;
}
.filters button:hover,
.collapse button:hover {
  color: #ccc;
}

.filter__label {
  margin-right: 10px;
}

      </style>
    
  </head>
  <body>
    <h1 id="title">report12_2026-02-19.html</h1>
    <p>Report generated on 19-Feb-2026 at 15:36:38 by <a href="https://pypi.python.org/pypi/pytest-html">pytest-html</a>
        v4.2.0</p>
    <div id="environment-header">
      <h2>Environment</h2>
    </div>
    <table id="environment"></table>
    <!-- TEMPLATES -->
      <template id="template_environment_row">
      <tr>
        <td></td>
        <td></td>
      </tr>
    </template>
    <template id="template_results-table__body--empty">
      <tbody class="results-table-row">
        <tr id="not-found-message">
          <td colspan="4">No results found. Check the filters.</td>
        </tr>
      </tbody>
    </template>
    <template id="template_results-table__tbody">
      <tbody class="results-table-row">
        <tr class="collapsible">
        </tr>
        <tr class="extras-row">
          <td class="extra" colspan="4">
            <div class="extraHTML"></div>
            <div class="media">
              <div class="media-container">
                  <div class="media-container__nav--left">&lt;</div>
                  <div class="media-container__viewport">
                    <img src="" />
                    <video controls>
                      <source src="" type="video/mp4">
                    </video>
                  </div>
                  <div class="media-container__nav--right">&gt;</div>
                </div>
                <div class="media__name"></div>
                <div class="media__counter"></div>
            </div>
            <div class="logwrapper">
              <div class="logexpander"></div>
              <div class="log"></div>
            </div>
          </td>
        </tr>
      </tbody>
    </template>
    <!-- END TEMPLATES -->
    <div class="summary">
      <div class="summary__data">
        <h2>Summary</h2>
        <div class="additional-summary prefix">
        </div>
        <p class="run-count">24 tests took 00:09:25.</p>
        <p class="filter">(Un)check the boxes to filter the results.</p>
        <div class="summary__reload">
          <div class="summary__reload__button hidden" onclick="location.reload()">
            <div>There are still tests running. <br />Reload this page to get the latest results!</div>
          </div>
        </div>
        <div class="summary__spacer"></div>
        <div class="controls">
          <div class="filters">
            <input checked="true" class="filter" name="filter_checkbox" type="checkbox" data-test-result="failed" >
            <span class="failed">6 Failed,</span>
            <input checked="true" class="filter" name="filter_checkbox" type="checkbox" data-test-result="passed" >
            <span class="passed">18 Passed,</span>
            <input checked="true" class="filter" name="filter_checkbox" type="checkbox" data-test-result="skipped" disabled>
            <span class="skipped">0 Skipped,</span>
            <input checked="true" class="filter" name="filter_checkbox" type="checkbox" data-test-result="xfailed" disabled>
            <span class="xfailed">0 Expected failures,</span>
            <input checked="true" class="filter" name="filter_checkbox" type="checkbox" data-test-result="xpassed" disabled>
            <span class="xpassed">0 Unexpected passes,</span>
            <input checked="true" class="filter" name="filter_checkbox" type="checkbox" data-test-result="error" disabled>
            <span class="error">0 Errors,</span>
            <input checked="true" class="filter" name="filter_checkbox" type="checkbox" data-test-result="rerun" disabled>
            <span class="rerun">0 Reruns</span>
            <input checked="true" class="filter" name="filter_checkbox" type="checkbox" data-test-result="retried" disabled>
            <span class="retried">0 Retried,</span>
          </div>
          <div class="collapse">
            <button id="show_all_details">Show all details</button>&nbsp;/&nbsp;<button id="hide_all_details">Hide all details</button>
          </div>
        </div>
      </div>
      <div class="additional-summary summary">
      </div>
      <div class="additional-summary postfix">
      </div>
    </div>
    <table id="results-table">
      <thead id="results-table-head">
        <tr>
          <th class="sortable" data-column-type="result">Result</th>
          <th class="sortable" data-column-type="testId">Test</th>
          <th class="sortable" data-column-type="duration">Duration</th>
          <th>Links</th>
        </tr>
      </thead>
    </table>
  <footer>
    <div id="data-container" data-jsonblob="{&#34;environment&#34;: {&#34;Python&#34;: &#34;3.13.0&#34;, &#34;Platform&#34;: &#34;Windows-11-10.0.26100-SP0&#34;, &#34;Packages&#34;: {&#34;pytest&#34;: &#34;9.0.2&#34;, &#34;pluggy&#34;: &#34;1.6.0&#34;}, &#34;Plugins&#34;: {&#34;anyio&#34;: &#34;4.6.2.post1&#34;, &#34;html&#34;: &#34;4.2.0&#34;, &#34;metadata&#34;: &#34;3.1.1&#34;, &#34;xdist&#34;: &#34;3.8.0&#34;}}, &#34;tests&#34;: {&#34;tests/test_addproduct_page.py::test_add_product_to_cart&#34;: [{&#34;extras&#34;: [], &#34;result&#34;: &#34;Passed&#34;, &#34;testId&#34;: &#34;tests/test_addproduct_page.py::test_add_product_to_cart&#34;, &#34;duration&#34;: &#34;00:00:25&#34;, &#34;resultsTableRow&#34;: [&#34;&lt;td class=\&#34;col-result\&#34;&gt;Passed&lt;/td&gt;&#34;, &#34;&lt;td class=\&#34;col-testId\&#34;&gt;tests/test_addproduct_page.py::test_add_product_to_cart&lt;/td&gt;&#34;, &#34;&lt;td class=\&#34;col-duration\&#34;&gt;00:00:25&lt;/td&gt;&#34;, &#34;&lt;td class=\&#34;col-links\&#34;&gt;&lt;/td&gt;&#34;], &#34;log&#34;: &#34;---------------------------- Captured stderr setup -----------------------------\n2026-02-19 15:27:14,112 - INFO - ------ Test Started: test_add_product_to_cart ------\n2026-02-19 15:27:14,129 - INFO - Browser Setup Started: chrome\n2026-02-19 15:27:14,130 - INFO - ====== WebDriver manager ======\n2026-02-19 15:27:15,639 - INFO - Get LATEST chromedriver version for google-chrome\n2026-02-19 15:27:15,784 - INFO - Get LATEST chromedriver version for google-chrome\n2026-02-19 15:27:15,884 - INFO - Driver [C:\\Users\\Neeraja\\.wdm\\drivers\\chromedriver\\win64\\144.0.7559.133\\chromedriver-win32/chromedriver.exe] found in cache\n\n------------------------------ Captured log setup ------------------------------\nINFO     root:conftest.py:32 Browser Setup Started: chrome\nINFO     WDM:logger.py:11 ====== WebDriver manager ======\nINFO     WDM:logger.py:11 Get LATEST chromedriver version for google-chrome\nINFO     WDM:logger.py:11 Get LATEST chromedriver version for google-chrome\nINFO     WDM:logger.py:11 Driver [C:\\Users\\Neeraja\\.wdm\\drivers\\chromedriver\\win64\\144.0.7559.133\\chromedriver-win32/chromedriver.exe] found in cache\n\n----------------------------- Captured stderr call -----------------------------\n2026-02-19 15:27:29,138 - INFO - ========== STARTING ADD PRODUCT TO CART TEST ==========\n2026-02-19 15:27:29,138 - INFO - Navigating to Shop page\n2026-02-19 15:27:32,956 - INFO - Current URL after navigation: https://practice.automationtesting.in/shop/\n2026-02-19 15:27:32,957 - INFO - Adding product to basket\n2026-02-19 15:27:33,200 - INFO - Validating product added to basket (View Basket visible)\n2026-02-19 15:27:33,241 - INFO - View basket button clicked\n2026-02-19 15:27:36,510 - INFO - Validating basket page URL\n2026-02-19 15:27:36,520 - INFO - Validating page title\n2026-02-19 15:27:36,527 - INFO - Page title: Basket \u2013 Automation Practice Site\n2026-02-19 15:27:36,537 - INFO - ========== ADD PRODUCT TO CART TEST PASSED ==========\n\n------------------------------ Captured log call -------------------------------\nINFO     root:test_addproduct_page.py:7 ========== STARTING ADD PRODUCT TO CART TEST ==========\nINFO     root:test_addproduct_page.py:12 Navigating to Shop page\nINFO     root:test_addproduct_page.py:20 Current URL after navigation: https://practice.automationtesting.in/shop/\nINFO     root:test_addproduct_page.py:21 Adding product to basket\nINFO     root:test_addproduct_page.py:23 Validating product added to basket (View Basket visible)\nINFO     root:test_addproduct_page.py:26 View basket button clicked\nINFO     root:test_addproduct_page.py:31 Validating basket page URL\nINFO     root:test_addproduct_page.py:33 Validating page title\nINFO     root:test_addproduct_page.py:34 Page title: Basket \u2013 Automation Practice Site\nINFO     root:test_addproduct_page.py:36 ========== ADD PRODUCT TO CART TEST PASSED ==========\n\n--------------------------- Captured stderr teardown ---------------------------\n2026-02-19 15:27:36,538 - INFO - Browser Teardown Started\n2026-02-19 15:27:38,885 - INFO - Browser Closed Successfully\n\n\n---------------------------- Captured log teardown -----------------------------\nINFO     root:conftest.py:41 Browser Teardown Started\nINFO     root:conftest.py:43 Browser Closed Successfully&#34;}], &#34;tests/test_filterproduct_byprice.py::test_filter_product[data0]&#34;: [{&#34;extras&#34;: [], &#34;result&#34;: &#34;Passed&#34;, &#34;testId&#34;: &#34;tests/test_filterproduct_byprice.py::test_filter_product[data0]&#34;, &#34;duration&#34;: &#34;00:00:20&#34;, &#34;resultsTableRow&#34;: [&#34;&lt;td class=\&#34;col-result\&#34;&gt;Passed&lt;/td&gt;&#34;, &#34;&lt;td class=\&#34;col-testId\&#34;&gt;tests/test_filterproduct_byprice.py::test_filter_product[data0]&lt;/td&gt;&#34;, &#34;&lt;td class=\&#34;col-duration\&#34;&gt;00:00:20&lt;/td&gt;&#34;, &#34;&lt;td class=\&#34;col-links\&#34;&gt;&lt;/td&gt;&#34;], &#34;log&#34;: &#34;---------------------------- Captured stderr setup -----------------------------\n2026-02-19 15:27:38,886 - INFO - ------ Test Finished: test_add_product_to_cart ------\n\n2026-02-19 15:27:38,887 - INFO - ------ Test Started: test_filter_product[data0] ------\n2026-02-19 15:27:38,888 - INFO - Browser Setup Started: chrome\n2026-02-19 15:27:38,889 - INFO - ====== WebDriver manager ======\n2026-02-19 15:27:39,956 - INFO - Get LATEST chromedriver version for google-chrome\n2026-02-19 15:27:40,060 - INFO - Get LATEST chromedriver version for google-chrome\n2026-02-19 15:27:40,178 - INFO - Driver [C:\\Users\\Neeraja\\.wdm\\drivers\\chromedriver\\win64\\144.0.7559.133\\chromedriver-win32/chromedriver.exe] found in cache\n\n------------------------------ Captured log setup ------------------------------\nINFO     root:conftest.py:32 Browser Setup Started: chrome\nINFO     WDM:logger.py:11 ====== WebDriver manager ======\nINFO     WDM:logger.py:11 Get LATEST chromedriver version for google-chrome\nINFO     WDM:logger.py:11 Get LATEST chromedriver version for google-chrome\nINFO     WDM:logger.py:11 Driver [C:\\Users\\Neeraja\\.wdm\\drivers\\chromedriver\\win64\\144.0.7559.133\\chromedriver-win32/chromedriver.exe] found in cache\n\n----------------------------- Captured stderr call -----------------------------\n2026-02-19 15:27:51,850 - INFO - ========== STARTING FILTER PRODUCT BY PRICE TEST ==========\n2026-02-19 15:27:51,850 - INFO - Navigating to Shop page\n2026-02-19 15:27:54,589 - INFO - Current URL after navigation: https://practice.automationtesting.in/shop/\n2026-02-19 15:27:54,594 - INFO - Applying price filter -&amp;gt; Min: 150.0, Max: 300.0\n2026-02-19 15:27:54,759 - INFO - Price filter applied successfully\n2026-02-19 15:27:56,491 - INFO - Number of products displayed after filtering: 4\n2026-02-19 15:27:56,506 - INFO - URL after filtering: https://practice.automationtesting.in/shop/?min_price=150.0&amp;amp;max_price=300.0\n2026-02-19 15:27:56,512 - INFO - ========== FILTER PRODUCT TEST PASSED ==========\n\n------------------------------ Captured log call -------------------------------\nINFO     root:test_filterproduct_byprice.py:37 ========== STARTING FILTER PRODUCT BY PRICE TEST ==========\nINFO     root:test_filterproduct_byprice.py:41 Navigating to Shop page\nINFO     root:test_filterproduct_byprice.py:44 Current URL after navigation: https://practice.automationtesting.in/shop/\nINFO     root:test_filterproduct_byprice.py:52 Applying price filter -&amp;gt; Min: 150.0, Max: 300.0\nINFO     root:test_filterproduct_byprice.py:54 Price filter applied successfully\nINFO     root:test_filterproduct_byprice.py:59 Number of products displayed after filtering: 4\nINFO     root:test_filterproduct_byprice.py:68 URL after filtering: https://practice.automationtesting.in/shop/?min_price=150.0&amp;amp;max_price=300.0\nINFO     root:test_filterproduct_byprice.py:72 ========== FILTER PRODUCT TEST PASSED ==========\n\n--------------------------- Captured stderr teardown ---------------------------\n2026-02-19 15:27:56,515 - INFO - Browser Teardown Started\n2026-02-19 15:27:58,817 - INFO - Browser Closed Successfully\n\n\n---------------------------- Captured log teardown -----------------------------\nINFO     root:conftest.py:41 Browser Teardown Started\nINFO     root:conftest.py:43 Browser Closed Successfully&#34;}], &#34;tests/test_filterproduct_byprice.py::test_filter_product[data1]&#34;: [{&#34;extras&#34;: [], &#34;result&#34;: &#34;Passed&#34;, &#34;testId&#34;: &#34;tests/test_filterproduct_byprice.py::test_filter_product[data1]&#34;, &#34;duration&#34;: &#34;00:00:19&#34;, &#34;resultsTableRow&#34;: [&#34;&lt;td class=\&#34;col-result\&#34;&gt;Passed&lt;/td&gt;&#34;, &#34;&lt;td class=\&#34;col-testId\&#34;&gt;tests/test_filterproduct_byprice.py::test_filter_product[data1]&lt;/td&gt;&#34;, &#34;&lt;td class=\&#34;col-duration\&#34;&gt;00:00:19&lt;/td&gt;&#34;, &#34;&lt;td class=\&#34;col-links\&#34;&gt;&lt;/td&gt;&#34;], &#34;log&#34;: &#34;---------------------------- Captured stderr setup -----------------------------\n2026-02-19 15:27:58,818 - INFO - ------ Test Finished: test_filter_product[data0] ------\n\n2026-02-19 15:27:58,819 - INFO - ------ Test Started: test_filter_product[data1] ------\n2026-02-19 15:27:58,820 - INFO - Browser Setup Started: chrome\n2026-02-19 15:27:58,821 - INFO - ====== WebDriver manager ======\n2026-02-19 15:27:59,865 - INFO - Get LATEST chromedriver version for google-chrome\n2026-02-19 15:27:59,969 - INFO - Get LATEST chromedriver version for google-chrome\n2026-02-19 15:28:00,064 - INFO - Driver [C:\\Users\\Neeraja\\.wdm\\drivers\\chromedriver\\win64\\144.0.7559.133\\chromedriver-win32/chromedriver.exe] found in cache\n\n------------------------------ Captured log setup ------------------------------\nINFO     root:conftest.py:32 Browser Setup Started: chrome\nINFO     WDM:logger.py:11 ====== WebDriver manager ======\nINFO     WDM:logger.py:11 Get LATEST chromedriver version for google-chrome\nINFO     WDM:logger.py:11 Get LATEST chromedriver version for google-chrome\nINFO     WDM:logger.py:11 Driver [C:\\Users\\Neeraja\\.wdm\\drivers\\chromedriver\\win64\\144.0.7559.133\\chromedriver-win32/chromedriver.exe] found in cache\n\n----------------------------- Captured stderr call -----------------------------\n2026-02-19 15:28:10,974 - INFO - ========== STARTING FILTER PRODUCT BY PRICE TEST ==========\n2026-02-19 15:28:10,975 - INFO - Navigating to Shop page\n2026-02-19 15:28:13,340 - INFO - Current URL after navigation: https://practice.automationtesting.in/shop/\n2026-02-19 15:28:13,347 - INFO - Applying price filter -&amp;gt; Min: 200.0, Max: 400.0\n2026-02-19 15:28:15,415 - INFO - Price filter applied successfully\n2026-02-19 15:28:15,459 - INFO - Number of products displayed after filtering: 4\n2026-02-19 15:28:15,466 - INFO - URL after filtering: https://practice.automationtesting.in/shop/?min_price=200.0&amp;amp;max_price=400.0\n2026-02-19 15:28:15,473 - INFO - ========== FILTER PRODUCT TEST PASSED ==========\n\n------------------------------ Captured log call -------------------------------\nINFO     root:test_filterproduct_byprice.py:37 ========== STARTING FILTER PRODUCT BY PRICE TEST ==========\nINFO     root:test_filterproduct_byprice.py:41 Navigating to Shop page\nINFO     root:test_filterproduct_byprice.py:44 Current URL after navigation: https://practice.automationtesting.in/shop/\nINFO     root:test_filterproduct_byprice.py:52 Applying price filter -&amp;gt; Min: 200.0, Max: 400.0\nINFO     root:test_filterproduct_byprice.py:54 Price filter applied successfully\nINFO     root:test_filterproduct_byprice.py:59 Number of products displayed after filtering: 4\nINFO     root:test_filterproduct_byprice.py:68 URL after filtering: https://practice.automationtesting.in/shop/?min_price=200.0&amp;amp;max_price=400.0\nINFO     root:test_filterproduct_byprice.py:72 ========== FILTER PRODUCT TEST PASSED ==========\n\n--------------------------- Captured stderr teardown ---------------------------\n2026-02-19 15:28:15,475 - INFO - Browser Teardown Started\n2026-02-19 15:28:17,848 - INFO - Browser Closed Successfully\n\n\n---------------------------- Captured log teardown -----------------------------\nINFO     root:conftest.py:41 Browser Teardown Started\nINFO     root:conftest.py:43 Browser Closed Successfully&#34;}], &#34;tests/test_filterproduct_byprice.py::test_filter_product[data2]&#34;: [{&#34;extras&#34;: [], &#34;result&#34;: &#34;Passed&#34;, &#34;testId&#34;: &#34;tests/test_filterproduct_byprice.py::test_filter_product[data2]&#34;, &#34;duration&#34;: &#34;00:00:22&#34;, &#34;resultsTableRow&#34;: [&#34;&lt;td class=\&#34;col-result\&#34;&gt;Passed&lt;/td&gt;&#34;, &#34;&lt;td class=\&#34;col-testId\&#34;&gt;tests/test_filterproduct_byprice.py::test_filter_product[data2]&lt;/td&gt;&#34;, &#34;&lt;td class=\&#34;col-duration\&#34;&gt;00:00:22&lt;/td&gt;&#34;, &#34;&lt;td class=\&#34;col-links\&#34;&gt;&lt;/td&gt;&#34;], &#34;log&#34;: &#34;---------------------------- Captured stderr setup -----------------------------\n2026-02-19 15:28:17,850 - INFO - ------ Test Finished: test_filter_product[data1] ------\n\n2026-02-19 15:28:17,850 - INFO - ------ Test Started: test_filter_product[data2] ------\n2026-02-19 15:28:17,852 - INFO - Browser Setup Started: chrome\n2026-02-19 15:28:17,852 - INFO - ====== WebDriver manager ======\n2026-02-19 15:28:19,279 - INFO - Get LATEST chromedriver version for google-chrome\n2026-02-19 15:28:19,385 - INFO - Get LATEST chromedriver version for google-chrome\n2026-02-19 15:28:19,482 - INFO - Driver [C:\\Users\\Neeraja\\.wdm\\drivers\\chromedriver\\win64\\144.0.7559.133\\chromedriver-win32/chromedriver.exe] found in cache\n\n------------------------------ Captured log setup ------------------------------\nINFO     root:conftest.py:32 Browser Setup Started: chrome\nINFO     WDM:logger.py:11 ====== WebDriver manager ======\nINFO     WDM:logger.py:11 Get LATEST chromedriver version for google-chrome\nINFO     WDM:logger.py:11 Get LATEST chromedriver version for google-chrome\nINFO     WDM:logger.py:11 Driver [C:\\Users\\Neeraja\\.wdm\\drivers\\chromedriver\\win64\\144.0.7559.133\\chromedriver-win32/chromedriver.exe] found in cache\n\n----------------------------- Captured stderr call -----------------------------\n2026-02-19 15:28:31,255 - INFO - ========== STARTING FILTER PRODUCT BY PRICE TEST ==========\n2026-02-19 15:28:31,255 - INFO - Navigating to Shop page\n2026-02-19 15:28:34,959 - INFO - Current URL after navigation: https://practice.automationtesting.in/shop/\n2026-02-19 15:28:34,966 - INFO - Applying price filter -&amp;gt; Min: 250.0, Max: 500.0\n2026-02-19 15:28:36,944 - INFO - Price filter applied successfully\n2026-02-19 15:28:36,959 - INFO - Number of products displayed after filtering: 6\n2026-02-19 15:28:36,966 - INFO - URL after filtering: https://practice.automationtesting.in/shop/?min_price=250.0&amp;amp;max_price=500.0\n2026-02-19 15:28:36,972 - INFO - ========== FILTER PRODUCT TEST PASSED ==========\n\n------------------------------ Captured log call -------------------------------\nINFO     root:test_filterproduct_byprice.py:37 ========== STARTING FILTER PRODUCT BY PRICE TEST ==========\nINFO     root:test_filterproduct_byprice.py:41 Navigating to Shop page\nINFO     root:test_filterproduct_byprice.py:44 Current URL after navigation: https://practice.automationtesting.in/shop/\nINFO     root:test_filterproduct_byprice.py:52 Applying price filter -&amp;gt; Min: 250.0, Max: 500.0\nINFO     root:test_filterproduct_byprice.py:54 Price filter applied successfully\nINFO     root:test_filterproduct_byprice.py:59 Number of products displayed after filtering: 6\nINFO     root:test_filterproduct_byprice.py:68 URL after filtering: https://practice.automationtesting.in/shop/?min_price=250.0&amp;amp;max_price=500.0\nINFO     root:test_filterproduct_byprice.py:72 ========== FILTER PRODUCT TEST PASSED ==========\n\n--------------------------- Captured stderr teardown ---------------------------\n2026-02-19 15:28:36,974 - INFO - Browser Teardown Started\n2026-02-19 15:28:39,383 - INFO - Browser Closed Successfully\n\n\n---------------------------- Captured log teardown -----------------------------\nINFO     root:conftest.py:41 Browser Teardown Started\nINFO     root:conftest.py:43 Browser Closed Successfully&#34;}], &#34;tests/test_findorders_byuser.py::test_findOrdersByUser[data0]&#34;: [{&#34;extras&#34;: [], &#34;result&#34;: &#34;Passed&#34;, &#34;testId&#34;: &#34;tests/test_findorders_byuser.py::test_findOrdersByUser[data0]&#34;, &#34;duration&#34;: &#34;00:00:26&#34;, &#34;resultsTableRow&#34;: [&#34;&lt;td class=\&#34;col-result\&#34;&gt;Passed&lt;/td&gt;&#34;, &#34;&lt;td class=\&#34;col-testId\&#34;&gt;tests/test_findorders_byuser.py::test_findOrdersByUser[data0]&lt;/td&gt;&#34;, &#34;&lt;td class=\&#34;col-duration\&#34;&gt;00:00:26&lt;/td&gt;&#34;, &#34;&lt;td class=\&#34;col-links\&#34;&gt;&lt;/td&gt;&#34;], &#34;log&#34;: &#34;---------------------------- Captured stderr setup -----------------------------\n2026-02-19 15:28:39,389 - INFO - ------ Test Finished: test_filter_product[data2] ------\n\n2026-02-19 15:28:39,390 - INFO - ------ Test Started: test_findOrdersByUser[data0] ------\n2026-02-19 15:28:39,403 - INFO - Browser Setup Started: chrome\n2026-02-19 15:28:39,410 - INFO - ====== WebDriver manager ======\n2026-02-19 15:28:40,753 - INFO - Get LATEST chromedriver version for google-chrome\n2026-02-19 15:28:40,865 - INFO - Get LATEST chromedriver version for google-chrome\n2026-02-19 15:28:40,963 - INFO - Driver [C:\\Users\\Neeraja\\.wdm\\drivers\\chromedriver\\win64\\144.0.7559.133\\chromedriver-win32/chromedriver.exe] found in cache\n\n------------------------------ Captured log setup ------------------------------\nINFO     root:conftest.py:32 Browser Setup Started: chrome\nINFO     WDM:logger.py:11 ====== WebDriver manager ======\nINFO     WDM:logger.py:11 Get LATEST chromedriver version for google-chrome\nINFO     WDM:logger.py:11 Get LATEST chromedriver version for google-chrome\nINFO     WDM:logger.py:11 Driver [C:\\Users\\Neeraja\\.wdm\\drivers\\chromedriver\\win64\\144.0.7559.133\\chromedriver-win32/chromedriver.exe] found in cache\n\n----------------------------- Captured stderr call -----------------------------\n2026-02-19 15:28:52,495 - INFO - ========== STARTING FILTER ORDERS BY USER TEST ==========\n2026-02-19 15:28:52,496 - INFO - Clicking on Login/My Account link\n2026-02-19 15:28:55,170 - INFO - Current URL after clicking login: https://practice.automationtesting.in/my-account/\n2026-02-19 15:28:55,178 - INFO - Entering Email: Rani12@gmail.com\n2026-02-19 15:28:55,431 - INFO - Email entered in field: Rani12@gmail.com\n2026-02-19 15:28:55,432 - INFO - Entering Password\n2026-02-19 15:28:55,796 - INFO - Password entered successfully\n2026-02-19 15:28:55,797 - INFO - Selecting Remember Me checkbox\n2026-02-19 15:28:56,023 - INFO - Checkbox selected status: True\n2026-02-19 15:28:56,023 - INFO - Clicking Login button\n2026-02-19 15:28:58,337 - INFO - URL after login: https://practice.automationtesting.in/my-account/\n2026-02-19 15:28:58,344 - INFO - Checking if Orders table is displayed\n2026-02-19 15:29:02,728 - INFO - Orders table is visible\n2026-02-19 15:29:02,728 - INFO - ========== FILTER ORDERS BY USER TEST PASSED ==========\n\n------------------------------ Captured log call -------------------------------\nINFO     root:test_findorders_byuser.py:36 ========== STARTING FILTER ORDERS BY USER TEST ==========\nINFO     root:test_findorders_byuser.py:41 Clicking on Login/My Account link\nINFO     root:test_findorders_byuser.py:44 Current URL after clicking login: https://practice.automationtesting.in/my-account/\nINFO     root:test_findorders_byuser.py:49 Entering Email: Rani12@gmail.com\nINFO     root:test_findorders_byuser.py:52 Email entered in field: Rani12@gmail.com\nINFO     root:test_findorders_byuser.py:56 Entering Password\nINFO     root:test_findorders_byuser.py:59 Password entered successfully\nINFO     root:test_findorders_byuser.py:62 Selecting Remember Me checkbox\nINFO     root:test_findorders_byuser.py:65 Checkbox selected status: True\nINFO     root:test_findorders_byuser.py:67 Clicking Login button\nINFO     root:test_findorders_byuser.py:70 URL after login: https://practice.automationtesting.in/my-account/\nINFO     root:test_findorders_byuser.py:74 Checking if Orders table is displayed\nINFO     root:test_findorders_byuser.py:77 Orders table is visible\nINFO     root:test_findorders_byuser.py:78 ========== FILTER ORDERS BY USER TEST PASSED ==========\n\n--------------------------- Captured stderr teardown ---------------------------\n2026-02-19 15:29:02,731 - INFO - Browser Teardown Started\n2026-02-19 15:29:05,274 - INFO - Browser Closed Successfully\n\n\n---------------------------- Captured log teardown -----------------------------\nINFO     root:conftest.py:41 Browser Teardown Started\nINFO     root:conftest.py:43 Browser Closed Successfully&#34;}], &#34;tests/test_findorders_byuser.py::test_findOrdersByUser[data1]&#34;: [{&#34;extras&#34;: [], &#34;result&#34;: &#34;Failed&#34;, &#34;testId&#34;: &#34;tests/test_findorders_byuser.py::test_findOrdersByUser[data1]&#34;, &#34;duration&#34;: &#34;00:00:28&#34;, &#34;resultsTableRow&#34;: [&#34;&lt;td class=\&#34;col-result\&#34;&gt;Failed&lt;/td&gt;&#34;, &#34;&lt;td class=\&#34;col-testId\&#34;&gt;tests/test_findorders_byuser.py::test_findOrdersByUser[data1]&lt;/td&gt;&#34;, &#34;&lt;td class=\&#34;col-duration\&#34;&gt;00:00:28&lt;/td&gt;&#34;, &#34;&lt;td class=\&#34;col-links\&#34;&gt;&lt;/td&gt;&#34;], &#34;log&#34;: &#34;setup = &amp;lt;selenium.webdriver.chrome.webdriver.WebDriver (session=&amp;quot;95e49326966447dd3776daff1a19bcdc&amp;quot;)&amp;gt;\ndata = {&amp;#x27;email&amp;#x27;: &amp;#x27;Rani13@gmail.com&amp;#x27;, &amp;#x27;password&amp;#x27;: &amp;#x27;Neeru@34523456&amp;#x27;, &amp;#x27;username&amp;#x27;: &amp;#x27;Rani13&amp;#x27;}\n\n    @pytest.mark.parametrize(&amp;quot;data&amp;quot;, login_test_data)\n    def test_findOrdersByUser(setup,data):\n        logger.info(&amp;quot;========== STARTING FILTER ORDERS BY USER TEST ==========&amp;quot;)\n        driver = setup\n        find_orders_page = FindOrdersPage(driver)\n    \n        # Open My Account page\n        logger.info(&amp;quot;Clicking on Login/My Account link&amp;quot;)\n        find_orders_page.click_login()\n        current_url = driver.current_url\n        logger.info(f&amp;quot;Current URL after clicking login: {current_url}&amp;quot;)\n        assert &amp;quot;my-account&amp;quot; in driver.current_url.lower(), (\n            f&amp;quot;My Account page did not open.\\n&amp;quot;\n            f&amp;quot;Current URL: {driver.current_url}&amp;quot;\n        )\n        logger.info(f&amp;quot;Entering Email: {data[&amp;#x27;email&amp;#x27;]}&amp;quot;)\n        find_orders_page.enter_email(data[&amp;quot;email&amp;quot;])\n        email_value = driver.find_element(By.ID, &amp;quot;username&amp;quot;).get_attribute(&amp;quot;value&amp;quot;)\n        logger.info(f&amp;quot;Email entered in field: {email_value}&amp;quot;)\n        assert email_value == data[&amp;quot;email&amp;quot;], (\n            f&amp;quot;Email not entered correctly.\\nExpected: {data[&amp;#x27;email&amp;#x27;]}\\nActual: {email_value}&amp;quot;\n        )\n        logger.info(&amp;quot;Entering Password&amp;quot;)\n        find_orders_page.enter_password(data[&amp;quot;password&amp;quot;])\n        password_value = driver.find_element(By.ID, &amp;quot;password&amp;quot;).get_attribute(&amp;quot;value&amp;quot;)\n        logger.info(&amp;quot;Password entered successfully&amp;quot;)\n    \n        assert password_value == data[&amp;quot;password&amp;quot;], &amp;quot;Password not entered correctly&amp;quot;\n        logger.info(&amp;quot;Selecting Remember Me checkbox&amp;quot;)\n        find_orders_page.click_checkbox()  # optional\n        checkbox_selected = driver.find_element(By.ID, &amp;quot;rememberme&amp;quot;).is_selected()\n        logger.info(f&amp;quot;Checkbox selected status: {checkbox_selected}&amp;quot;)\n        assert checkbox_selected, &amp;quot;Checkbox was not selected&amp;quot;\n        logger.info(&amp;quot;Clicking Login button&amp;quot;)\n        find_orders_page.click_loginbtn()\n        post_login_url = driver.current_url\n        logger.info(f&amp;quot;URL after login: {post_login_url}&amp;quot;)\n        assert &amp;quot;my-account&amp;quot; in driver.current_url.lower(), (\n            f&amp;quot;Login failed or wrong page opened.\\nCurrent URL: {driver.current_url}&amp;quot;\n        )\n        logger.info(&amp;quot;Checking if Orders table is displayed&amp;quot;)\n&amp;gt;       orders_table=find_orders_page.find_orders()\n                     ^^^^^^^^^^^^^^^^^^^^^^^^^^^^^^\n\ntest_findorders_byuser.py:75: \n_ _ _ _ _ _ _ _ _ _ _ _ _ _ _ _ _ _ _ _ _ _ _ _ _ _ _ _ _ _ _ _ _ _ _ _ _ _ _ _ _ _ _ _ _ _ _ _ _ _ _ _ _ _ _ _ _ _ _ _\n..\\pages\\FindOrders_Byuser.py:53: in find_orders\n    self.wait.until(EC.element_to_be_clickable(self.find_orders_link)).click()\n    ^^^^^^^^^^^^^^^^^^^^^^^^^^^^^^^^^^^^^^^^^^^^^^^^^^^^^^^^^^^^^^^^^^\n_ _ _ _ _ _ _ _ _ _ _ _ _ _ _ _ _ _ _ _ _ _ _ _ _ _ _ _ _ _ _ _ _ _ _ _ _ _ _ _ _ _ _ _ _ _ _ _ _ _ _ _ _ _ _ _ _ _ _ _\n\nself = &amp;lt;selenium.webdriver.support.wait.WebDriverWait (session=&amp;quot;95e49326966447dd3776daff1a19bcdc&amp;quot;)&amp;gt;\nmethod = &amp;lt;function element_to_be_clickable.&amp;lt;locals&amp;gt;._predicate at 0x0000015DE7B2E660&amp;gt;, message = &amp;#x27;&amp;#x27;\n\n    def until(self, method: Callable[[D], Literal[False] | T], message: str = &amp;quot;&amp;quot;) -&amp;gt; T:\n        &amp;quot;&amp;quot;&amp;quot;Wait until the method returns a value that is not False.\n    \n        Calls the method provided with the driver as an argument until the\n        return value does not evaluate to ``False``.\n    \n        Args:\n            method: A callable object that takes a WebDriver instance as an\n                argument.\n            message: Optional message for TimeoutException.\n    \n        Returns:\n            The result of the last call to `method`.\n    \n        Raises:\n            TimeoutException: If &amp;#x27;method&amp;#x27; does not return a truthy value within\n                the WebDriverWait object&amp;#x27;s timeout.\n    \n        Example:\n            &amp;gt;&amp;gt;&amp;gt; from selenium.webdriver.common.by import By\n            &amp;gt;&amp;gt;&amp;gt; from selenium.webdriver.support.ui import WebDriverWait\n            &amp;gt;&amp;gt;&amp;gt; from selenium.webdriver.support import expected_conditions as EC\n            &amp;gt;&amp;gt;&amp;gt;\n            &amp;gt;&amp;gt;&amp;gt; # Wait until an element is visible on the page\n            &amp;gt;&amp;gt;&amp;gt; wait = WebDriverWait(driver, 10)\n            &amp;gt;&amp;gt;&amp;gt; element = wait.until(EC.visibility_of_element_located((By.ID, &amp;quot;exampleId&amp;quot;)))\n            &amp;gt;&amp;gt;&amp;gt; print(element.text)\n        &amp;quot;&amp;quot;&amp;quot;\n        screen = None\n        stacktrace = None\n    \n        end_time = time.monotonic() + self._timeout\n        while True:\n            try:\n                value = method(self._driver)\n                if value:\n                    return value\n            except self._ignored_exceptions as exc:\n                screen = getattr(exc, &amp;quot;screen&amp;quot;, None)\n                stacktrace = getattr(exc, &amp;quot;stacktrace&amp;quot;, None)\n            if time.monotonic() &amp;gt; end_time:\n                break\n            time.sleep(self._poll)\n&amp;gt;       raise TimeoutException(message, screen, stacktrace)\nE       selenium.common.exceptions.TimeoutException: Message: \nE       Stacktrace:\nE       Symbols not available. Dumping unresolved backtrace:\nE       \t0x475093\nE       \t0x4750d4\nE       \t0x26b490\nE       \t0x2b58da\nE       \t0x2b5b7b\nE       \t0x2f7b42\nE       \t0x2d8204\nE       \t0x2f5341\nE       \t0x2d7f56\nE       \t0x2a96c9\nE       \t0x2aa484\nE       \t0x6c7e34\nE       \t0x6c30c9\nE       \t0x6e0add\nE       \t0x48db38\nE       \t0x4958ad\nE       \t0x47d848\nE       \t0x47da12\nE       \t0x4675fa\nE       \t0x77195d49\nE       \t0x77add83b\nE       \t0x77add7c1\n\n..\\..\\..\\..\\AppData\\Local\\Programs\\Python\\Python313\\Lib\\site-packages\\selenium\\webdriver\\support\\wait.py:121: TimeoutException\n\n---------------------------- Captured stderr setup -----------------------------\n2026-02-19 15:29:05,275 - INFO - ------ Test Finished: test_findOrdersByUser[data0] ------\n\n2026-02-19 15:29:05,276 - INFO - ------ Test Started: test_findOrdersByUser[data1] ------\n2026-02-19 15:29:05,278 - INFO - Browser Setup Started: chrome\n2026-02-19 15:29:05,279 - INFO - ====== WebDriver manager ======\n2026-02-19 15:29:06,356 - INFO - Get LATEST chromedriver version for google-chrome\n2026-02-19 15:29:06,493 - INFO - Get LATEST chromedriver version for google-chrome\n2026-02-19 15:29:06,606 - INFO - Driver [C:\\Users\\Neeraja\\.wdm\\drivers\\chromedriver\\win64\\144.0.7559.133\\chromedriver-win32/chromedriver.exe] found in cache\n\n------------------------------ Captured log setup ------------------------------\nINFO     root:conftest.py:32 Browser Setup Started: chrome\nINFO     WDM:logger.py:11 ====== WebDriver manager ======\nINFO     WDM:logger.py:11 Get LATEST chromedriver version for google-chrome\nINFO     WDM:logger.py:11 Get LATEST chromedriver version for google-chrome\nINFO     WDM:logger.py:11 Driver [C:\\Users\\Neeraja\\.wdm\\drivers\\chromedriver\\win64\\144.0.7559.133\\chromedriver-win32/chromedriver.exe] found in cache\n\n----------------------------- Captured stderr call -----------------------------\n2026-02-19 15:29:16,558 - INFO - ========== STARTING FILTER ORDERS BY USER TEST ==========\n2026-02-19 15:29:16,559 - INFO - Clicking on Login/My Account link\n2026-02-19 15:29:18,025 - INFO - Current URL after clicking login: https://practice.automationtesting.in/my-account/\n2026-02-19 15:29:18,032 - INFO - Entering Email: Rani13@gmail.com\n2026-02-19 15:29:18,252 - INFO - Email entered in field: Rani13@gmail.com\n2026-02-19 15:29:18,252 - INFO - Entering Password\n2026-02-19 15:29:18,478 - INFO - Password entered successfully\n2026-02-19 15:29:18,479 - INFO - Selecting Remember Me checkbox\n2026-02-19 15:29:18,647 - INFO - Checkbox selected status: True\n2026-02-19 15:29:18,647 - INFO - Clicking Login button\n2026-02-19 15:29:20,401 - INFO - URL after login: https://practice.automationtesting.in/my-account/\n2026-02-19 15:29:20,407 - INFO - Checking if Orders table is displayed\n\n------------------------------ Captured log call -------------------------------\nINFO     root:test_findorders_byuser.py:36 ========== STARTING FILTER ORDERS BY USER TEST ==========\nINFO     root:test_findorders_byuser.py:41 Clicking on Login/My Account link\nINFO     root:test_findorders_byuser.py:44 Current URL after clicking login: https://practice.automationtesting.in/my-account/\nINFO     root:test_findorders_byuser.py:49 Entering Email: Rani13@gmail.com\nINFO     root:test_findorders_byuser.py:52 Email entered in field: Rani13@gmail.com\nINFO     root:test_findorders_byuser.py:56 Entering Password\nINFO     root:test_findorders_byuser.py:59 Password entered successfully\nINFO     root:test_findorders_byuser.py:62 Selecting Remember Me checkbox\nINFO     root:test_findorders_byuser.py:65 Checkbox selected status: True\nINFO     root:test_findorders_byuser.py:67 Clicking Login button\nINFO     root:test_findorders_byuser.py:70 URL after login: https://practice.automationtesting.in/my-account/\nINFO     root:test_findorders_byuser.py:74 Checking if Orders table is displayed\n\n--------------------------- Captured stderr teardown ---------------------------\n2026-02-19 15:29:30,831 - ERROR - Test Failed: test_findOrdersByUser[data1]\n2026-02-19 15:29:30,831 - ERROR - Screenshot saved at: C:\\Users\\Neeraja\\Desktop\\Wipro_Practice\\Capstone_Project\\tests\\screenshots\\test_findOrdersByUser[data1]_20260219_152930.png\n2026-02-19 15:29:30,833 - INFO - Browser Teardown Started\n2026-02-19 15:29:33,155 - INFO - Browser Closed Successfully\n\n\n---------------------------- Captured log teardown -----------------------------\nINFO     root:conftest.py:41 Browser Teardown Started\nINFO     root:conftest.py:43 Browser Closed Successfully&#34;}], &#34;tests/test_home_page.py::test_open_homepage&#34;: [{&#34;extras&#34;: [], &#34;result&#34;: &#34;Passed&#34;, &#34;testId&#34;: &#34;tests/test_home_page.py::test_open_homepage&#34;, &#34;duration&#34;: &#34;00:00:13&#34;, &#34;resultsTableRow&#34;: [&#34;&lt;td class=\&#34;col-result\&#34;&gt;Passed&lt;/td&gt;&#34;, &#34;&lt;td class=\&#34;col-testId\&#34;&gt;tests/test_home_page.py::test_open_homepage&lt;/td&gt;&#34;, &#34;&lt;td class=\&#34;col-duration\&#34;&gt;00:00:13&lt;/td&gt;&#34;, &#34;&lt;td class=\&#34;col-links\&#34;&gt;&lt;/td&gt;&#34;], &#34;log&#34;: &#34;---------------------------- Captured stderr setup -----------------------------\n2026-02-19 15:29:33,157 - INFO - ------ Test Finished: test_findOrdersByUser[data1] ------\n\n2026-02-19 15:29:33,157 - INFO - ------ Test Started: test_open_homepage ------\n2026-02-19 15:29:33,159 - INFO - Browser Setup Started: chrome\n2026-02-19 15:29:33,159 - INFO - ====== WebDriver manager ======\n2026-02-19 15:29:34,227 - INFO - Get LATEST chromedriver version for google-chrome\n2026-02-19 15:29:34,331 - INFO - Get LATEST chromedriver version for google-chrome\n2026-02-19 15:29:34,452 - INFO - Driver [C:\\Users\\Neeraja\\.wdm\\drivers\\chromedriver\\win64\\144.0.7559.133\\chromedriver-win32/chromedriver.exe] found in cache\n\n------------------------------ Captured log setup ------------------------------\nINFO     root:conftest.py:32 Browser Setup Started: chrome\nINFO     WDM:logger.py:11 ====== WebDriver manager ======\nINFO     WDM:logger.py:11 Get LATEST chromedriver version for google-chrome\nINFO     WDM:logger.py:11 Get LATEST chromedriver version for google-chrome\nINFO     WDM:logger.py:11 Driver [C:\\Users\\Neeraja\\.wdm\\drivers\\chromedriver\\win64\\144.0.7559.133\\chromedriver-win32/chromedriver.exe] found in cache\n--------------------------- Captured stderr teardown ---------------------------\n2026-02-19 15:29:43,887 - INFO - Browser Teardown Started\n2026-02-19 15:29:46,111 - INFO - Browser Closed Successfully\n\n\n---------------------------- Captured log teardown -----------------------------\nINFO     root:conftest.py:41 Browser Teardown Started\nINFO     root:conftest.py:43 Browser Closed Successfully&#34;}], &#34;tests/test_login_page.py::test_login[data0]&#34;: [{&#34;extras&#34;: [], &#34;result&#34;: &#34;Passed&#34;, &#34;testId&#34;: &#34;tests/test_login_page.py::test_login[data0]&#34;, &#34;duration&#34;: &#34;00:00:19&#34;, &#34;resultsTableRow&#34;: [&#34;&lt;td class=\&#34;col-result\&#34;&gt;Passed&lt;/td&gt;&#34;, &#34;&lt;td class=\&#34;col-testId\&#34;&gt;tests/test_login_page.py::test_login[data0]&lt;/td&gt;&#34;, &#34;&lt;td class=\&#34;col-duration\&#34;&gt;00:00:19&lt;/td&gt;&#34;, &#34;&lt;td class=\&#34;col-links\&#34;&gt;&lt;/td&gt;&#34;], &#34;log&#34;: &#34;---------------------------- Captured stderr setup -----------------------------\n2026-02-19 15:29:46,113 - INFO - ------ Test Finished: test_open_homepage ------\n\n2026-02-19 15:29:46,113 - INFO - ------ Test Started: test_login[data0] ------\n2026-02-19 15:29:46,115 - INFO - Browser Setup Started: chrome\n2026-02-19 15:29:46,116 - INFO - ====== WebDriver manager ======\n2026-02-19 15:29:47,595 - INFO - Get LATEST chromedriver version for google-chrome\n2026-02-19 15:29:47,699 - INFO - Get LATEST chromedriver version for google-chrome\n2026-02-19 15:29:47,803 - INFO - Driver [C:\\Users\\Neeraja\\.wdm\\drivers\\chromedriver\\win64\\144.0.7559.133\\chromedriver-win32/chromedriver.exe] found in cache\n\n------------------------------ Captured log setup ------------------------------\nINFO     root:conftest.py:32 Browser Setup Started: chrome\nINFO     WDM:logger.py:11 ====== WebDriver manager ======\nINFO     WDM:logger.py:11 Get LATEST chromedriver version for google-chrome\nINFO     WDM:logger.py:11 Get LATEST chromedriver version for google-chrome\nINFO     WDM:logger.py:11 Driver [C:\\Users\\Neeraja\\.wdm\\drivers\\chromedriver\\win64\\144.0.7559.133\\chromedriver-win32/chromedriver.exe] found in cache\n\n----------------------------- Captured stderr call -----------------------------\n2026-02-19 15:29:57,421 - INFO - ========== STARTING LOGIN TEST ==========\n2026-02-19 15:29:57,421 - INFO - Opening My Account page\n2026-02-19 15:29:59,858 - INFO - Entering email: Rani12@gmail.com\n2026-02-19 15:30:00,196 - INFO - Entering password\n2026-02-19 15:30:00,351 - INFO - Clicking checkbox\n2026-02-19 15:30:00,507 - INFO - Clicking login button\n2026-02-19 15:30:00,646 - INFO - Validating logged in username\n2026-02-19 15:30:02,633 - INFO - ========== LOGIN TEST PASSED ==========\n\n------------------------------ Captured log call -------------------------------\nINFO     root:test_login_page.py:34 ========== STARTING LOGIN TEST ==========\nINFO     root:test_login_page.py:37 Opening My Account page\nINFO     root:test_login_page.py:41 Entering email: Rani12@gmail.com\nINFO     root:test_login_page.py:45 Entering password\nINFO     root:test_login_page.py:49 Clicking checkbox\nINFO     root:test_login_page.py:53 Clicking login button\nINFO     root:test_login_page.py:55 Validating logged in username\nINFO     root:test_login_page.py:61 ========== LOGIN TEST PASSED ==========\n\n--------------------------- Captured stderr teardown ---------------------------\n2026-02-19 15:30:02,637 - INFO - Browser Teardown Started\n2026-02-19 15:30:05,264 - INFO - Browser Closed Successfully\n\n\n---------------------------- Captured log teardown -----------------------------\nINFO     root:conftest.py:41 Browser Teardown Started\nINFO     root:conftest.py:43 Browser Closed Successfully&#34;}], &#34;tests/test_login_page.py::test_login[data1]&#34;: [{&#34;extras&#34;: [], &#34;result&#34;: &#34;Failed&#34;, &#34;testId&#34;: &#34;tests/test_login_page.py::test_login[data1]&#34;, &#34;duration&#34;: &#34;00:00:29&#34;, &#34;resultsTableRow&#34;: [&#34;&lt;td class=\&#34;col-result\&#34;&gt;Failed&lt;/td&gt;&#34;, &#34;&lt;td class=\&#34;col-testId\&#34;&gt;tests/test_login_page.py::test_login[data1]&lt;/td&gt;&#34;, &#34;&lt;td class=\&#34;col-duration\&#34;&gt;00:00:29&lt;/td&gt;&#34;, &#34;&lt;td class=\&#34;col-links\&#34;&gt;&lt;/td&gt;&#34;], &#34;log&#34;: &#34;setup = &amp;lt;selenium.webdriver.chrome.webdriver.WebDriver (session=&amp;quot;6359d38255b79ecf1431706f3a9611e1&amp;quot;)&amp;gt;\ndata = {&amp;#x27;email&amp;#x27;: &amp;#x27;Rani13@gmail.com&amp;#x27;, &amp;#x27;password&amp;#x27;: &amp;#x27;Neeru@34523456&amp;#x27;, &amp;#x27;username&amp;#x27;: &amp;#x27;Rani13&amp;#x27;}\n\n    @pytest.mark.parametrize(&amp;quot;data&amp;quot;, login_test_data)\n    def test_login(setup,data):\n        logger.info(&amp;quot;========== STARTING LOGIN TEST ==========&amp;quot;)\n        driver = setup\n        login_page = LoginPage(driver)\n        logger.info(&amp;quot;Opening My Account page&amp;quot;)\n        # Open My Account page\n        login_page.click_login()\n        assert driver.current_url and &amp;quot;my-account&amp;quot; in driver.current_url.lower(), &amp;quot;Login page did not open&amp;quot;\n        logger.info(f&amp;quot;Entering email: {data[&amp;#x27;email&amp;#x27;]}&amp;quot;)\n        login_page.enter_email(data[&amp;quot;email&amp;quot;])\n        email_value = driver.find_element(*login_page.email_input).get_attribute(&amp;quot;value&amp;quot;)\n        assert email_value == data[&amp;quot;email&amp;quot;], f&amp;quot;Email input failed. Expected &amp;#x27;{data[&amp;#x27;email&amp;#x27;]}&amp;#x27;, got &amp;#x27;{email_value}&amp;#x27;&amp;quot;\n        logger.info(&amp;quot;Entering password&amp;quot;)\n        login_page.enter_password(data[&amp;quot;password&amp;quot;])\n        password_value = driver.find_element(*login_page.password_input).get_attribute(&amp;quot;value&amp;quot;)\n        assert password_value == data[&amp;quot;password&amp;quot;], &amp;quot;Password input failed&amp;quot;\n        logger.info(&amp;quot;Clicking checkbox&amp;quot;)\n        login_page.click_checkbox()  # optional\n        checkbox_selected = driver.find_element(*login_page.checkbox).is_selected()\n        assert checkbox_selected, &amp;quot;Checkbox was not selected&amp;quot;\n        logger.info(&amp;quot;Clicking login button&amp;quot;)\n        login_page.click_loginbtn()\n        logger.info(&amp;quot;Validating logged in username&amp;quot;)\n&amp;gt;       username_displayed = login_page.get_logged_in_username()\n                             ^^^^^^^^^^^^^^^^^^^^^^^^^^^^^^^^^^^\n\ntest_login_page.py:56: \n_ _ _ _ _ _ _ _ _ _ _ _ _ _ _ _ _ _ _ _ _ _ _ _ _ _ _ _ _ _ _ _ _ _ _ _ _ _ _ _ _ _ _ _ _ _ _ _ _ _ _ _ _ _ _ _ _ _ _ _\n..\\pages\\Login.py:48: in get_logged_in_username\n    element = self.wait.until(EC.visibility_of_element_located(self.greeting_message))\n              ^^^^^^^^^^^^^^^^^^^^^^^^^^^^^^^^^^^^^^^^^^^^^^^^^^^^^^^^^^^^^^^^^^^^^^^^\n_ _ _ _ _ _ _ _ _ _ _ _ _ _ _ _ _ _ _ _ _ _ _ _ _ _ _ _ _ _ _ _ _ _ _ _ _ _ _ _ _ _ _ _ _ _ _ _ _ _ _ _ _ _ _ _ _ _ _ _\n\nself = &amp;lt;selenium.webdriver.support.wait.WebDriverWait (session=&amp;quot;6359d38255b79ecf1431706f3a9611e1&amp;quot;)&amp;gt;\nmethod = &amp;lt;function visibility_of_element_located.&amp;lt;locals&amp;gt;._predicate at 0x0000015DE7C25440&amp;gt;, message = &amp;#x27;&amp;#x27;\n\n    def until(self, method: Callable[[D], Literal[False] | T], message: str = &amp;quot;&amp;quot;) -&amp;gt; T:\n        &amp;quot;&amp;quot;&amp;quot;Wait until the method returns a value that is not False.\n    \n        Calls the method provided with the driver as an argument until the\n        return value does not evaluate to ``False``.\n    \n        Args:\n            method: A callable object that takes a WebDriver instance as an\n                argument.\n            message: Optional message for TimeoutException.\n    \n        Returns:\n            The result of the last call to `method`.\n    \n        Raises:\n            TimeoutException: If &amp;#x27;method&amp;#x27; does not return a truthy value within\n                the WebDriverWait object&amp;#x27;s timeout.\n    \n        Example:\n            &amp;gt;&amp;gt;&amp;gt; from selenium.webdriver.common.by import By\n            &amp;gt;&amp;gt;&amp;gt; from selenium.webdriver.support.ui import WebDriverWait\n            &amp;gt;&amp;gt;&amp;gt; from selenium.webdriver.support import expected_conditions as EC\n            &amp;gt;&amp;gt;&amp;gt;\n            &amp;gt;&amp;gt;&amp;gt; # Wait until an element is visible on the page\n            &amp;gt;&amp;gt;&amp;gt; wait = WebDriverWait(driver, 10)\n            &amp;gt;&amp;gt;&amp;gt; element = wait.until(EC.visibility_of_element_located((By.ID, &amp;quot;exampleId&amp;quot;)))\n            &amp;gt;&amp;gt;&amp;gt; print(element.text)\n        &amp;quot;&amp;quot;&amp;quot;\n        screen = None\n        stacktrace = None\n    \n        end_time = time.monotonic() + self._timeout\n        while True:\n            try:\n                value = method(self._driver)\n                if value:\n                    return value\n            except self._ignored_exceptions as exc:\n                screen = getattr(exc, &amp;quot;screen&amp;quot;, None)\n                stacktrace = getattr(exc, &amp;quot;stacktrace&amp;quot;, None)\n            if time.monotonic() &amp;gt; end_time:\n                break\n            time.sleep(self._poll)\n&amp;gt;       raise TimeoutException(message, screen, stacktrace)\nE       selenium.common.exceptions.TimeoutException: Message: \nE       Stacktrace:\nE       Symbols not available. Dumping unresolved backtrace:\nE       \t0x475093\nE       \t0x4750d4\nE       \t0x26b490\nE       \t0x2b58da\nE       \t0x2b5b7b\nE       \t0x2f7b42\nE       \t0x2d8204\nE       \t0x2f5341\nE       \t0x2d7f56\nE       \t0x2a96c9\nE       \t0x2aa484\nE       \t0x6c7e34\nE       \t0x6c30c9\nE       \t0x6e0add\nE       \t0x48db38\nE       \t0x4958ad\nE       \t0x47d848\nE       \t0x47da12\nE       \t0x4675fa\nE       \t0x77195d49\nE       \t0x77add83b\nE       \t0x77add7c1\n\n..\\..\\..\\..\\AppData\\Local\\Programs\\Python\\Python313\\Lib\\site-packages\\selenium\\webdriver\\support\\wait.py:121: TimeoutException\n\n---------------------------- Captured stderr setup -----------------------------\n2026-02-19 15:30:05,266 - INFO - ------ Test Finished: test_login[data0] ------\n\n2026-02-19 15:30:05,266 - INFO - ------ Test Started: test_login[data1] ------\n2026-02-19 15:30:05,269 - INFO - Browser Setup Started: chrome\n2026-02-19 15:30:05,270 - INFO - ====== WebDriver manager ======\n2026-02-19 15:30:06,469 - INFO - Get LATEST chromedriver version for google-chrome\n2026-02-19 15:30:06,573 - INFO - Get LATEST chromedriver version for google-chrome\n2026-02-19 15:30:06,670 - INFO - Driver [C:\\Users\\Neeraja\\.wdm\\drivers\\chromedriver\\win64\\144.0.7559.133\\chromedriver-win32/chromedriver.exe] found in cache\n\n------------------------------ Captured log setup ------------------------------\nINFO     root:conftest.py:32 Browser Setup Started: chrome\nINFO     WDM:logger.py:11 ====== WebDriver manager ======\nINFO     WDM:logger.py:11 Get LATEST chromedriver version for google-chrome\nINFO     WDM:logger.py:11 Get LATEST chromedriver version for google-chrome\nINFO     WDM:logger.py:11 Driver [C:\\Users\\Neeraja\\.wdm\\drivers\\chromedriver\\win64\\144.0.7559.133\\chromedriver-win32/chromedriver.exe] found in cache\n\n----------------------------- Captured stderr call -----------------------------\n2026-02-19 15:30:18,370 - INFO - ========== STARTING LOGIN TEST ==========\n2026-02-19 15:30:18,370 - INFO - Opening My Account page\n2026-02-19 15:30:20,442 - INFO - Entering email: Rani13@gmail.com\n2026-02-19 15:30:20,607 - INFO - Entering password\n2026-02-19 15:30:20,754 - INFO - Clicking checkbox\n2026-02-19 15:30:20,900 - INFO - Clicking login button\n2026-02-19 15:30:22,352 - INFO - Validating logged in username\n\n------------------------------ Captured log call -------------------------------\nINFO     root:test_login_page.py:34 ========== STARTING LOGIN TEST ==========\nINFO     root:test_login_page.py:37 Opening My Account page\nINFO     root:test_login_page.py:41 Entering email: Rani13@gmail.com\nINFO     root:test_login_page.py:45 Entering password\nINFO     root:test_login_page.py:49 Clicking checkbox\nINFO     root:test_login_page.py:53 Clicking login button\nINFO     root:test_login_page.py:55 Validating logged in username\n\n--------------------------- Captured stderr teardown ---------------------------\n2026-02-19 15:30:32,561 - ERROR - Test Failed: test_login[data1]\n2026-02-19 15:30:32,561 - ERROR - Screenshot saved at: C:\\Users\\Neeraja\\Desktop\\Wipro_Practice\\Capstone_Project\\tests\\screenshots\\test_login[data1]_20260219_153032.png\n2026-02-19 15:30:32,562 - INFO - Browser Teardown Started\n2026-02-19 15:30:34,869 - INFO - Browser Closed Successfully\n\n\n---------------------------- Captured log teardown -----------------------------\nINFO     root:conftest.py:41 Browser Teardown Started\nINFO     root:conftest.py:43 Browser Closed Successfully&#34;}], &#34;tests/test_login_page.py::test_logout[data0]&#34;: [{&#34;extras&#34;: [], &#34;result&#34;: &#34;Passed&#34;, &#34;testId&#34;: &#34;tests/test_login_page.py::test_logout[data0]&#34;, &#34;duration&#34;: &#34;00:00:20&#34;, &#34;resultsTableRow&#34;: [&#34;&lt;td class=\&#34;col-result\&#34;&gt;Passed&lt;/td&gt;&#34;, &#34;&lt;td class=\&#34;col-testId\&#34;&gt;tests/test_login_page.py::test_logout[data0]&lt;/td&gt;&#34;, &#34;&lt;td class=\&#34;col-duration\&#34;&gt;00:00:20&lt;/td&gt;&#34;, &#34;&lt;td class=\&#34;col-links\&#34;&gt;&lt;/td&gt;&#34;], &#34;log&#34;: &#34;---------------------------- Captured stderr setup -----------------------------\n2026-02-19 15:30:34,873 - INFO - ------ Test Finished: test_login[data1] ------\n\n2026-02-19 15:30:34,874 - INFO - ------ Test Started: test_logout[data0] ------\n2026-02-19 15:30:34,875 - INFO - Browser Setup Started: chrome\n2026-02-19 15:30:34,876 - INFO - ====== WebDriver manager ======\n2026-02-19 15:30:35,931 - INFO - Get LATEST chromedriver version for google-chrome\n2026-02-19 15:30:36,037 - INFO - Get LATEST chromedriver version for google-chrome\n2026-02-19 15:30:36,145 - INFO - Driver [C:\\Users\\Neeraja\\.wdm\\drivers\\chromedriver\\win64\\144.0.7559.133\\chromedriver-win32/chromedriver.exe] found in cache\n\n------------------------------ Captured log setup ------------------------------\nINFO     root:conftest.py:32 Browser Setup Started: chrome\nINFO     WDM:logger.py:11 ====== WebDriver manager ======\nINFO     WDM:logger.py:11 Get LATEST chromedriver version for google-chrome\nINFO     WDM:logger.py:11 Get LATEST chromedriver version for google-chrome\nINFO     WDM:logger.py:11 Driver [C:\\Users\\Neeraja\\.wdm\\drivers\\chromedriver\\win64\\144.0.7559.133\\chromedriver-win32/chromedriver.exe] found in cache\n\n----------------------------- Captured stderr call -----------------------------\n2026-02-19 15:30:47,708 - INFO - ========== STARTING LOGOUT TEST ==========\n2026-02-19 15:30:47,708 - INFO - Opening My Account page\n2026-02-19 15:30:49,224 - INFO - Performing login before logout\n2026-02-19 15:30:51,019 - INFO - Clicking sign out\n2026-02-19 15:30:52,397 - INFO - ========== LOGOUT TEST PASSED ==========\n\n------------------------------ Captured log call -------------------------------\nINFO     root:test_login_page.py:65 ========== STARTING LOGOUT TEST ==========\nINFO     root:test_login_page.py:68 Opening My Account page\nINFO     root:test_login_page.py:72 Performing login before logout\nINFO     root:test_login_page.py:89 Clicking sign out\nINFO     root:test_login_page.py:93 ========== LOGOUT TEST PASSED ==========\n\n--------------------------- Captured stderr teardown ---------------------------\n2026-02-19 15:30:52,398 - INFO - Browser Teardown Started\n2026-02-19 15:30:54,667 - INFO - Browser Closed Successfully\n\n\n---------------------------- Captured log teardown -----------------------------\nINFO     root:conftest.py:41 Browser Teardown Started\nINFO     root:conftest.py:43 Browser Closed Successfully&#34;}], &#34;tests/test_login_page.py::test_logout[data1]&#34;: [{&#34;extras&#34;: [], &#34;result&#34;: &#34;Failed&#34;, &#34;testId&#34;: &#34;tests/test_login_page.py::test_logout[data1]&#34;, &#34;duration&#34;: &#34;00:00:27&#34;, &#34;resultsTableRow&#34;: [&#34;&lt;td class=\&#34;col-result\&#34;&gt;Failed&lt;/td&gt;&#34;, &#34;&lt;td class=\&#34;col-testId\&#34;&gt;tests/test_login_page.py::test_logout[data1]&lt;/td&gt;&#34;, &#34;&lt;td class=\&#34;col-duration\&#34;&gt;00:00:27&lt;/td&gt;&#34;, &#34;&lt;td class=\&#34;col-links\&#34;&gt;&lt;/td&gt;&#34;], &#34;log&#34;: &#34;setup = &amp;lt;selenium.webdriver.chrome.webdriver.WebDriver (session=&amp;quot;0e2b87a029df59d6dad76579e9c119de&amp;quot;)&amp;gt;\ndata = {&amp;#x27;email&amp;#x27;: &amp;#x27;Rani13@gmail.com&amp;#x27;, &amp;#x27;password&amp;#x27;: &amp;#x27;Neeru@34523456&amp;#x27;, &amp;#x27;username&amp;#x27;: &amp;#x27;Rani13&amp;#x27;}\n\n    @pytest.mark.parametrize(&amp;quot;data&amp;quot;, login_test_data)\n    def test_logout(setup,data):\n        logger.info(&amp;quot;========== STARTING LOGOUT TEST ==========&amp;quot;)\n        driver = setup\n        login_page = LoginPage(driver)\n        logger.info(&amp;quot;Opening My Account page&amp;quot;)\n        # Open My Account page\n        login_page.click_login()\n        assert driver.current_url and &amp;quot;my-account&amp;quot; in driver.current_url.lower(), &amp;quot;Login page did not open&amp;quot;\n        logger.info(&amp;quot;Performing login before logout&amp;quot;)\n        login_page.enter_email(data[&amp;quot;email&amp;quot;])\n        email_value = driver.find_element(*login_page.email_input).get_attribute(&amp;quot;value&amp;quot;)\n        assert email_value == data[&amp;quot;email&amp;quot;], f&amp;quot;Email input failed. Expected &amp;#x27;{data[&amp;#x27;email&amp;#x27;]}&amp;#x27;, got &amp;#x27;{email_value}&amp;#x27;&amp;quot;\n    \n        login_page.enter_password(data[&amp;quot;password&amp;quot;])\n        password_value = driver.find_element(*login_page.password_input).get_attribute(&amp;quot;value&amp;quot;)\n        assert password_value == data[&amp;quot;password&amp;quot;], &amp;quot;Password input failed&amp;quot;\n        login_page.click_checkbox()  # optional\n        checkbox_selected = driver.find_element(*login_page.checkbox).is_selected()\n        assert checkbox_selected, &amp;quot;Checkbox was not selected&amp;quot;\n        login_page.click_loginbtn()\n&amp;gt;       username_displayed = login_page.get_logged_in_username()\n                             ^^^^^^^^^^^^^^^^^^^^^^^^^^^^^^^^^^^\n\ntest_login_page.py:84: \n_ _ _ _ _ _ _ _ _ _ _ _ _ _ _ _ _ _ _ _ _ _ _ _ _ _ _ _ _ _ _ _ _ _ _ _ _ _ _ _ _ _ _ _ _ _ _ _ _ _ _ _ _ _ _ _ _ _ _ _\n..\\pages\\Login.py:48: in get_logged_in_username\n    element = self.wait.until(EC.visibility_of_element_located(self.greeting_message))\n              ^^^^^^^^^^^^^^^^^^^^^^^^^^^^^^^^^^^^^^^^^^^^^^^^^^^^^^^^^^^^^^^^^^^^^^^^\n_ _ _ _ _ _ _ _ _ _ _ _ _ _ _ _ _ _ _ _ _ _ _ _ _ _ _ _ _ _ _ _ _ _ _ _ _ _ _ _ _ _ _ _ _ _ _ _ _ _ _ _ _ _ _ _ _ _ _ _\n\nself = &amp;lt;selenium.webdriver.support.wait.WebDriverWait (session=&amp;quot;0e2b87a029df59d6dad76579e9c119de&amp;quot;)&amp;gt;\nmethod = &amp;lt;function visibility_of_element_located.&amp;lt;locals&amp;gt;._predicate at 0x0000015DE7C260C0&amp;gt;, message = &amp;#x27;&amp;#x27;\n\n    def until(self, method: Callable[[D], Literal[False] | T], message: str = &amp;quot;&amp;quot;) -&amp;gt; T:\n        &amp;quot;&amp;quot;&amp;quot;Wait until the method returns a value that is not False.\n    \n        Calls the method provided with the driver as an argument until the\n        return value does not evaluate to ``False``.\n    \n        Args:\n            method: A callable object that takes a WebDriver instance as an\n                argument.\n            message: Optional message for TimeoutException.\n    \n        Returns:\n            The result of the last call to `method`.\n    \n        Raises:\n            TimeoutException: If &amp;#x27;method&amp;#x27; does not return a truthy value within\n                the WebDriverWait object&amp;#x27;s timeout.\n    \n        Example:\n            &amp;gt;&amp;gt;&amp;gt; from selenium.webdriver.common.by import By\n            &amp;gt;&amp;gt;&amp;gt; from selenium.webdriver.support.ui import WebDriverWait\n            &amp;gt;&amp;gt;&amp;gt; from selenium.webdriver.support import expected_conditions as EC\n            &amp;gt;&amp;gt;&amp;gt;\n            &amp;gt;&amp;gt;&amp;gt; # Wait until an element is visible on the page\n            &amp;gt;&amp;gt;&amp;gt; wait = WebDriverWait(driver, 10)\n            &amp;gt;&amp;gt;&amp;gt; element = wait.until(EC.visibility_of_element_located((By.ID, &amp;quot;exampleId&amp;quot;)))\n            &amp;gt;&amp;gt;&amp;gt; print(element.text)\n        &amp;quot;&amp;quot;&amp;quot;\n        screen = None\n        stacktrace = None\n    \n        end_time = time.monotonic() + self._timeout\n        while True:\n            try:\n                value = method(self._driver)\n                if value:\n                    return value\n            except self._ignored_exceptions as exc:\n                screen = getattr(exc, &amp;quot;screen&amp;quot;, None)\n                stacktrace = getattr(exc, &amp;quot;stacktrace&amp;quot;, None)\n            if time.monotonic() &amp;gt; end_time:\n                break\n            time.sleep(self._poll)\n&amp;gt;       raise TimeoutException(message, screen, stacktrace)\nE       selenium.common.exceptions.TimeoutException: Message: \nE       Stacktrace:\nE       Symbols not available. Dumping unresolved backtrace:\nE       \t0x475093\nE       \t0x4750d4\nE       \t0x26b490\nE       \t0x2b58da\nE       \t0x2b5b7b\nE       \t0x2f7b42\nE       \t0x2d8204\nE       \t0x2f5341\nE       \t0x2d7f56\nE       \t0x2a96c9\nE       \t0x2aa484\nE       \t0x6c7e34\nE       \t0x6c30c9\nE       \t0x6e0add\nE       \t0x48db38\nE       \t0x4958ad\nE       \t0x47d848\nE       \t0x47da12\nE       \t0x4675fa\nE       \t0x77195d49\nE       \t0x77add83b\nE       \t0x77add7c1\n\n..\\..\\..\\..\\AppData\\Local\\Programs\\Python\\Python313\\Lib\\site-packages\\selenium\\webdriver\\support\\wait.py:121: TimeoutException\n\n---------------------------- Captured stderr setup -----------------------------\n2026-02-19 15:30:54,669 - INFO - ------ Test Finished: test_logout[data0] ------\n\n2026-02-19 15:30:54,669 - INFO - ------ Test Started: test_logout[data1] ------\n2026-02-19 15:30:54,672 - INFO - Browser Setup Started: chrome\n2026-02-19 15:30:54,674 - INFO - ====== WebDriver manager ======\n2026-02-19 15:30:55,804 - INFO - Get LATEST chromedriver version for google-chrome\n2026-02-19 15:30:55,910 - INFO - Get LATEST chromedriver version for google-chrome\n2026-02-19 15:30:56,012 - INFO - Driver [C:\\Users\\Neeraja\\.wdm\\drivers\\chromedriver\\win64\\144.0.7559.133\\chromedriver-win32/chromedriver.exe] found in cache\n\n------------------------------ Captured log setup ------------------------------\nINFO     root:conftest.py:32 Browser Setup Started: chrome\nINFO     WDM:logger.py:11 ====== WebDriver manager ======\nINFO     WDM:logger.py:11 Get LATEST chromedriver version for google-chrome\nINFO     WDM:logger.py:11 Get LATEST chromedriver version for google-chrome\nINFO     WDM:logger.py:11 Driver [C:\\Users\\Neeraja\\.wdm\\drivers\\chromedriver\\win64\\144.0.7559.133\\chromedriver-win32/chromedriver.exe] found in cache\n\n----------------------------- Captured stderr call -----------------------------\n2026-02-19 15:31:05,999 - INFO - ========== STARTING LOGOUT TEST ==========\n2026-02-19 15:31:05,999 - INFO - Opening My Account page\n2026-02-19 15:31:07,404 - INFO - Performing login before logout\n\n------------------------------ Captured log call -------------------------------\nINFO     root:test_login_page.py:65 ========== STARTING LOGOUT TEST ==========\nINFO     root:test_login_page.py:68 Opening My Account page\nINFO     root:test_login_page.py:72 Performing login before logout\n\n--------------------------- Captured stderr teardown ---------------------------\n2026-02-19 15:31:19,412 - ERROR - Test Failed: test_logout[data1]\n2026-02-19 15:31:19,412 - ERROR - Screenshot saved at: C:\\Users\\Neeraja\\Desktop\\Wipro_Practice\\Capstone_Project\\tests\\screenshots\\test_logout[data1]_20260219_153119.png\n2026-02-19 15:31:19,413 - INFO - Browser Teardown Started\n2026-02-19 15:31:21,913 - INFO - Browser Closed Successfully\n\n\n---------------------------- Captured log teardown -----------------------------\nINFO     root:conftest.py:41 Browser Teardown Started\nINFO     root:conftest.py:43 Browser Closed Successfully&#34;}], &#34;tests/test_order_product.py::test_place_order_cod[data0]&#34;: [{&#34;extras&#34;: [], &#34;result&#34;: &#34;Passed&#34;, &#34;testId&#34;: &#34;tests/test_order_product.py::test_place_order_cod[data0]&#34;, &#34;duration&#34;: &#34;00:00:26&#34;, &#34;resultsTableRow&#34;: [&#34;&lt;td class=\&#34;col-result\&#34;&gt;Passed&lt;/td&gt;&#34;, &#34;&lt;td class=\&#34;col-testId\&#34;&gt;tests/test_order_product.py::test_place_order_cod[data0]&lt;/td&gt;&#34;, &#34;&lt;td class=\&#34;col-duration\&#34;&gt;00:00:26&lt;/td&gt;&#34;, &#34;&lt;td class=\&#34;col-links\&#34;&gt;&lt;/td&gt;&#34;], &#34;log&#34;: &#34;---------------------------- Captured stderr setup -----------------------------\n2026-02-19 15:31:21,916 - INFO - ------ Test Finished: test_logout[data1] ------\n\n2026-02-19 15:31:21,916 - INFO - ------ Test Started: test_place_order_cod[data0] ------\n2026-02-19 15:31:21,918 - INFO - Browser Setup Started: chrome\n2026-02-19 15:31:21,919 - INFO - ====== WebDriver manager ======\n2026-02-19 15:31:22,956 - INFO - Get LATEST chromedriver version for google-chrome\n2026-02-19 15:31:23,074 - INFO - Get LATEST chromedriver version for google-chrome\n2026-02-19 15:31:23,175 - INFO - Driver [C:\\Users\\Neeraja\\.wdm\\drivers\\chromedriver\\win64\\144.0.7559.133\\chromedriver-win32/chromedriver.exe] found in cache\n\n------------------------------ Captured log setup ------------------------------\nINFO     root:conftest.py:32 Browser Setup Started: chrome\nINFO     WDM:logger.py:11 ====== WebDriver manager ======\nINFO     WDM:logger.py:11 Get LATEST chromedriver version for google-chrome\nINFO     WDM:logger.py:11 Get LATEST chromedriver version for google-chrome\nINFO     WDM:logger.py:11 Driver [C:\\Users\\Neeraja\\.wdm\\drivers\\chromedriver\\win64\\144.0.7559.133\\chromedriver-win32/chromedriver.exe] found in cache\n\n----------------------------- Captured stderr call -----------------------------\n2026-02-19 15:31:34,000 - INFO - ========== PLACE ORDER LOGIN TEST ==========\n2026-02-19 15:31:34,001 - INFO - Navigating to Shop page\n2026-02-19 15:31:36,697 - INFO - Current URL after navigation: https://practice.automationtesting.in/shop/\n2026-02-19 15:31:36,698 - INFO - Adding product to basket\n2026-02-19 15:31:36,750 - INFO - Viewing basket\n2026-02-19 15:31:39,317 - INFO - Proceeding to checkout\n2026-02-19 15:31:41,622 - INFO - Filling billing details\n2026-02-19 15:31:42,539 - INFO - Selecting country: IN\n2026-02-19 15:31:42,551 - INFO - Entering address details\n2026-02-19 15:31:43,464 - INFO - Entering order notes\n2026-02-19 15:31:43,700 - INFO - Selecting payment method: cod\n2026-02-19 15:31:43,746 - INFO - Clicking Place Order button\n2026-02-19 15:31:45,505 - INFO - Verifying order success message\n2026-02-19 15:31:45,505 - INFO - Waiting for success message\n2026-02-19 15:31:45,541 - INFO - Success Message Received: Thank you. Your order has been received.\n2026-02-19 15:31:45,541 - INFO - ========== PLACE ORDER TEST PASSED ==========\n\n------------------------------ Captured log call -------------------------------\nINFO     root:test_order_product.py:41 ========== PLACE ORDER LOGIN TEST ==========\nINFO     root:test_order_product.py:46 Navigating to Shop page\nINFO     root:test_order_product.py:49 Current URL after navigation: https://practice.automationtesting.in/shop/\nINFO     root:test_order_product.py:52 Adding product to basket\nINFO     root:test_order_product.py:56 Viewing basket\nINFO     root:test_order_product.py:60 Proceeding to checkout\nINFO     root:test_order_product.py:64 Filling billing details\nINFO     root:test_order_product.py:72 Selecting country: IN\nINFO     root:test_order_product.py:76 Entering address details\nINFO     root:test_order_product.py:83 Entering order notes\nINFO     root:test_order_product.py:87 Selecting payment method: cod\nINFO     root:test_order_product.py:91 Clicking Place Order button\nINFO     root:test_order_product.py:95 Verifying order success message\nINFO     root:Order_product.py:181 Waiting for success message\nINFO     root:test_order_product.py:98 Success Message Received: Thank you. Your order has been received.\nINFO     root:test_order_product.py:103 ========== PLACE ORDER TEST PASSED ==========\n\n--------------------------- Captured stderr teardown ---------------------------\n2026-02-19 15:31:45,543 - INFO - Browser Teardown Started\n2026-02-19 15:31:48,042 - INFO - Browser Closed Successfully\n\n\n---------------------------- Captured log teardown -----------------------------\nINFO     root:conftest.py:41 Browser Teardown Started\nINFO     root:conftest.py:43 Browser Closed Successfully&#34;}], &#34;tests/test_order_product.py::test_place_order_cod[data1]&#34;: [{&#34;extras&#34;: [], &#34;result&#34;: &#34;Passed&#34;, &#34;testId&#34;: &#34;tests/test_order_product.py::test_place_order_cod[data1]&#34;, &#34;duration&#34;: &#34;00:00:22&#34;, &#34;resultsTableRow&#34;: [&#34;&lt;td class=\&#34;col-result\&#34;&gt;Passed&lt;/td&gt;&#34;, &#34;&lt;td class=\&#34;col-testId\&#34;&gt;tests/test_order_product.py::test_place_order_cod[data1]&lt;/td&gt;&#34;, &#34;&lt;td class=\&#34;col-duration\&#34;&gt;00:00:22&lt;/td&gt;&#34;, &#34;&lt;td class=\&#34;col-links\&#34;&gt;&lt;/td&gt;&#34;], &#34;log&#34;: &#34;---------------------------- Captured stderr setup -----------------------------\n2026-02-19 15:31:48,043 - INFO - ------ Test Finished: test_place_order_cod[data0] ------\n\n2026-02-19 15:31:48,043 - INFO - ------ Test Started: test_place_order_cod[data1] ------\n2026-02-19 15:31:48,045 - INFO - Browser Setup Started: chrome\n2026-02-19 15:31:48,045 - INFO - ====== WebDriver manager ======\n2026-02-19 15:31:49,106 - INFO - Get LATEST chromedriver version for google-chrome\n2026-02-19 15:31:49,203 - INFO - Get LATEST chromedriver version for google-chrome\n2026-02-19 15:31:49,303 - INFO - Driver [C:\\Users\\Neeraja\\.wdm\\drivers\\chromedriver\\win64\\144.0.7559.133\\chromedriver-win32/chromedriver.exe] found in cache\n\n------------------------------ Captured log setup ------------------------------\nINFO     root:conftest.py:32 Browser Setup Started: chrome\nINFO     WDM:logger.py:11 ====== WebDriver manager ======\nINFO     WDM:logger.py:11 Get LATEST chromedriver version for google-chrome\nINFO     WDM:logger.py:11 Get LATEST chromedriver version for google-chrome\nINFO     WDM:logger.py:11 Driver [C:\\Users\\Neeraja\\.wdm\\drivers\\chromedriver\\win64\\144.0.7559.133\\chromedriver-win32/chromedriver.exe] found in cache\n\n----------------------------- Captured stderr call -----------------------------\n2026-02-19 15:31:57,216 - INFO - ========== PLACE ORDER LOGIN TEST ==========\n2026-02-19 15:31:57,216 - INFO - Navigating to Shop page\n2026-02-19 15:32:00,453 - INFO - Current URL after navigation: https://practice.automationtesting.in/shop/\n2026-02-19 15:32:00,454 - INFO - Adding product to basket\n2026-02-19 15:32:00,514 - INFO - Viewing basket\n2026-02-19 15:32:01,874 - INFO - Proceeding to checkout\n2026-02-19 15:32:03,960 - INFO - Filling billing details\n2026-02-19 15:32:04,804 - INFO - Selecting country: IN\n2026-02-19 15:32:04,814 - INFO - Entering address details\n2026-02-19 15:32:05,561 - INFO - Entering order notes\n2026-02-19 15:32:05,726 - INFO - Selecting payment method: bacs\n2026-02-19 15:32:05,774 - INFO - Clicking Place Order button\n2026-02-19 15:32:07,556 - INFO - Verifying order success message\n2026-02-19 15:32:07,556 - INFO - Waiting for success message\n2026-02-19 15:32:07,589 - INFO - Success Message Received: Thank you. Your order has been received.\n2026-02-19 15:32:07,590 - INFO - ========== PLACE ORDER TEST PASSED ==========\n\n------------------------------ Captured log call -------------------------------\nINFO     root:test_order_product.py:41 ========== PLACE ORDER LOGIN TEST ==========\nINFO     root:test_order_product.py:46 Navigating to Shop page\nINFO     root:test_order_product.py:49 Current URL after navigation: https://practice.automationtesting.in/shop/\nINFO     root:test_order_product.py:52 Adding product to basket\nINFO     root:test_order_product.py:56 Viewing basket\nINFO     root:test_order_product.py:60 Proceeding to checkout\nINFO     root:test_order_product.py:64 Filling billing details\nINFO     root:test_order_product.py:72 Selecting country: IN\nINFO     root:test_order_product.py:76 Entering address details\nINFO     root:test_order_product.py:83 Entering order notes\nINFO     root:test_order_product.py:87 Selecting payment method: bacs\nINFO     root:test_order_product.py:91 Clicking Place Order button\nINFO     root:test_order_product.py:95 Verifying order success message\nINFO     root:Order_product.py:181 Waiting for success message\nINFO     root:test_order_product.py:98 Success Message Received: Thank you. Your order has been received.\nINFO     root:test_order_product.py:103 ========== PLACE ORDER TEST PASSED ==========\n\n--------------------------- Captured stderr teardown ---------------------------\n2026-02-19 15:32:07,591 - INFO - Browser Teardown Started\n2026-02-19 15:32:09,874 - INFO - Browser Closed Successfully\n\n\n---------------------------- Captured log teardown -----------------------------\nINFO     root:conftest.py:41 Browser Teardown Started\nINFO     root:conftest.py:43 Browser Closed Successfully&#34;}], &#34;tests/test_registration.py::test_user_registration[data0]&#34;: [{&#34;extras&#34;: [], &#34;result&#34;: &#34;Failed&#34;, &#34;testId&#34;: &#34;tests/test_registration.py::test_user_registration[data0]&#34;, &#34;duration&#34;: &#34;00:00:27&#34;, &#34;resultsTableRow&#34;: [&#34;&lt;td class=\&#34;col-result\&#34;&gt;Failed&lt;/td&gt;&#34;, &#34;&lt;td class=\&#34;col-testId\&#34;&gt;tests/test_registration.py::test_user_registration[data0]&lt;/td&gt;&#34;, &#34;&lt;td class=\&#34;col-duration\&#34;&gt;00:00:27&lt;/td&gt;&#34;, &#34;&lt;td class=\&#34;col-links\&#34;&gt;&lt;/td&gt;&#34;], &#34;log&#34;: &#34;setup = &amp;lt;selenium.webdriver.chrome.webdriver.WebDriver (session=&amp;quot;a7c576a0e904541b260106dd2be8b3d7&amp;quot;)&amp;gt;\ndata = {&amp;#x27;email&amp;#x27;: &amp;#x27;Rani12@gmail.com&amp;#x27;, &amp;#x27;password&amp;#x27;: &amp;#x27;Neeru@34523456&amp;#x27;, &amp;#x27;username&amp;#x27;: &amp;#x27;Rani12&amp;#x27;}\n\n    @pytest.mark.parametrize(&amp;quot;data&amp;quot;, registration_test_data)\n    def test_user_registration(setup,data):\n        logger.info(&amp;quot;========== STARTING USER REGISTRATION TEST ==========&amp;quot;)\n        driver = setup\n        registration = RegistrationPage(driver)\n    \n        # Step 1: Click Sign In\n        logger.info(&amp;quot;Clicking on Sign Up / My Account link&amp;quot;)\n        registration.click_sign_up()\n        logger.info(&amp;quot;Verifying registration page is loaded&amp;quot;)\n        assert registration.is_registration_page_loaded(), &amp;quot;Registration page did not load&amp;quot;\n        # Step 2: Enter Email OR Username\n        logger.info(f&amp;quot;Entering email: {data[&amp;#x27;email&amp;#x27;]}&amp;quot;)\n        registration.enter_email(data[&amp;quot;email&amp;quot;])\n        email_value = driver.find_element(*registration.email_input).get_attribute(&amp;quot;value&amp;quot;)\n        assert email_value == data[&amp;quot;email&amp;quot;], f&amp;quot;Email input failed. Expected &amp;#x27;{data[&amp;#x27;email&amp;#x27;]}&amp;#x27;, got &amp;#x27;{email_value}&amp;#x27;&amp;quot;\n        logger.info(&amp;quot;Entering password&amp;quot;)\n&amp;gt;       registration.enter_password(data[&amp;quot;password&amp;quot;])\n\ntest_registration.py:56: \n_ _ _ _ _ _ _ _ _ _ _ _ _ _ _ _ _ _ _ _ _ _ _ _ _ _ _ _ _ _ _ _ _ _ _ _ _ _ _ _ _ _ _ _ _ _ _ _ _ _ _ _ _ _ _ _ _ _ _ _\n..\\pages\\Registration.py:45: in enter_password\n    self.wait.until(\n_ _ _ _ _ _ _ _ _ _ _ _ _ _ _ _ _ _ _ _ _ _ _ _ _ _ _ _ _ _ _ _ _ _ _ _ _ _ _ _ _ _ _ _ _ _ _ _ _ _ _ _ _ _ _ _ _ _ _ _\n\nself = &amp;lt;selenium.webdriver.support.wait.WebDriverWait (session=&amp;quot;a7c576a0e904541b260106dd2be8b3d7&amp;quot;)&amp;gt;\nmethod = &amp;lt;function RegistrationPage.enter_password.&amp;lt;locals&amp;gt;.&amp;lt;lambda&amp;gt; at 0x0000015DE7C26200&amp;gt;, message = &amp;#x27;&amp;#x27;\n\n    def until(self, method: Callable[[D], Literal[False] | T], message: str = &amp;quot;&amp;quot;) -&amp;gt; T:\n        &amp;quot;&amp;quot;&amp;quot;Wait until the method returns a value that is not False.\n    \n        Calls the method provided with the driver as an argument until the\n        return value does not evaluate to ``False``.\n    \n        Args:\n            method: A callable object that takes a WebDriver instance as an\n                argument.\n            message: Optional message for TimeoutException.\n    \n        Returns:\n            The result of the last call to `method`.\n    \n        Raises:\n            TimeoutException: If &amp;#x27;method&amp;#x27; does not return a truthy value within\n                the WebDriverWait object&amp;#x27;s timeout.\n    \n        Example:\n            &amp;gt;&amp;gt;&amp;gt; from selenium.webdriver.common.by import By\n            &amp;gt;&amp;gt;&amp;gt; from selenium.webdriver.support.ui import WebDriverWait\n            &amp;gt;&amp;gt;&amp;gt; from selenium.webdriver.support import expected_conditions as EC\n            &amp;gt;&amp;gt;&amp;gt;\n            &amp;gt;&amp;gt;&amp;gt; # Wait until an element is visible on the page\n            &amp;gt;&amp;gt;&amp;gt; wait = WebDriverWait(driver, 10)\n            &amp;gt;&amp;gt;&amp;gt; element = wait.until(EC.visibility_of_element_located((By.ID, &amp;quot;exampleId&amp;quot;)))\n            &amp;gt;&amp;gt;&amp;gt; print(element.text)\n        &amp;quot;&amp;quot;&amp;quot;\n        screen = None\n        stacktrace = None\n    \n        end_time = time.monotonic() + self._timeout\n        while True:\n            try:\n                value = method(self._driver)\n                if value:\n                    return value\n            except self._ignored_exceptions as exc:\n                screen = getattr(exc, &amp;quot;screen&amp;quot;, None)\n                stacktrace = getattr(exc, &amp;quot;stacktrace&amp;quot;, None)\n            if time.monotonic() &amp;gt; end_time:\n                break\n            time.sleep(self._poll)\n&amp;gt;       raise TimeoutException(message, screen, stacktrace)\nE       selenium.common.exceptions.TimeoutException: Message:\n\n..\\..\\..\\..\\AppData\\Local\\Programs\\Python\\Python313\\Lib\\site-packages\\selenium\\webdriver\\support\\wait.py:121: TimeoutException\n\n---------------------------- Captured stderr setup -----------------------------\n2026-02-19 15:32:09,877 - INFO - ------ Test Finished: test_place_order_cod[data1] ------\n\n2026-02-19 15:32:09,878 - INFO - ------ Test Started: test_user_registration[data0] ------\n2026-02-19 15:32:09,882 - INFO - Browser Setup Started: chrome\n2026-02-19 15:32:09,884 - INFO - ====== WebDriver manager ======\n2026-02-19 15:32:10,941 - INFO - Get LATEST chromedriver version for google-chrome\n2026-02-19 15:32:11,054 - INFO - Get LATEST chromedriver version for google-chrome\n2026-02-19 15:32:11,153 - INFO - Driver [C:\\Users\\Neeraja\\.wdm\\drivers\\chromedriver\\win64\\144.0.7559.133\\chromedriver-win32/chromedriver.exe] found in cache\n\n------------------------------ Captured log setup ------------------------------\nINFO     root:conftest.py:32 Browser Setup Started: chrome\nINFO     WDM:logger.py:11 ====== WebDriver manager ======\nINFO     WDM:logger.py:11 Get LATEST chromedriver version for google-chrome\nINFO     WDM:logger.py:11 Get LATEST chromedriver version for google-chrome\nINFO     WDM:logger.py:11 Driver [C:\\Users\\Neeraja\\.wdm\\drivers\\chromedriver\\win64\\144.0.7559.133\\chromedriver-win32/chromedriver.exe] found in cache\n\n----------------------------- Captured stderr call -----------------------------\n2026-02-19 15:32:22,547 - INFO - ========== STARTING USER REGISTRATION TEST ==========\n2026-02-19 15:32:22,548 - INFO - Clicking on Sign Up / My Account link\n2026-02-19 15:32:23,875 - INFO - Verifying registration page is loaded\n2026-02-19 15:32:23,938 - INFO - Entering email: Rani12@gmail.com\n2026-02-19 15:32:24,240 - INFO - Entering password\n\n------------------------------ Captured log call -------------------------------\nINFO     root:test_registration.py:41 ========== STARTING USER REGISTRATION TEST ==========\nINFO     root:test_registration.py:46 Clicking on Sign Up / My Account link\nINFO     root:test_registration.py:48 Verifying registration page is loaded\nINFO     root:test_registration.py:51 Entering email: Rani12@gmail.com\nINFO     root:test_registration.py:55 Entering password\n\n--------------------------- Captured stderr teardown ---------------------------\n2026-02-19 15:32:34,721 - ERROR - Test Failed: test_user_registration[data0]\n2026-02-19 15:32:34,721 - ERROR - Screenshot saved at: C:\\Users\\Neeraja\\Desktop\\Wipro_Practice\\Capstone_Project\\tests\\screenshots\\test_user_registration[data0]_20260219_153234.png\n2026-02-19 15:32:34,724 - INFO - Browser Teardown Started\n2026-02-19 15:32:37,031 - INFO - Browser Closed Successfully\n\n\n---------------------------- Captured log teardown -----------------------------\nINFO     root:conftest.py:41 Browser Teardown Started\nINFO     root:conftest.py:43 Browser Closed Successfully&#34;}], &#34;tests/test_registration.py::test_user_registration[data1]&#34;: [{&#34;extras&#34;: [], &#34;result&#34;: &#34;Failed&#34;, &#34;testId&#34;: &#34;tests/test_registration.py::test_user_registration[data1]&#34;, &#34;duration&#34;: &#34;00:00:28&#34;, &#34;resultsTableRow&#34;: [&#34;&lt;td class=\&#34;col-result\&#34;&gt;Failed&lt;/td&gt;&#34;, &#34;&lt;td class=\&#34;col-testId\&#34;&gt;tests/test_registration.py::test_user_registration[data1]&lt;/td&gt;&#34;, &#34;&lt;td class=\&#34;col-duration\&#34;&gt;00:00:28&lt;/td&gt;&#34;, &#34;&lt;td class=\&#34;col-links\&#34;&gt;&lt;/td&gt;&#34;], &#34;log&#34;: &#34;setup = &amp;lt;selenium.webdriver.chrome.webdriver.WebDriver (session=&amp;quot;62a962f8599e5753fec292e3dd72b8ed&amp;quot;)&amp;gt;\ndata = {&amp;#x27;email&amp;#x27;: &amp;#x27;Rani13@gmail.com&amp;#x27;, &amp;#x27;password&amp;#x27;: &amp;#x27;Neeru@34523456&amp;#x27;, &amp;#x27;username&amp;#x27;: &amp;#x27;Rani13&amp;#x27;}\n\n    @pytest.mark.parametrize(&amp;quot;data&amp;quot;, registration_test_data)\n    def test_user_registration(setup,data):\n        logger.info(&amp;quot;========== STARTING USER REGISTRATION TEST ==========&amp;quot;)\n        driver = setup\n        registration = RegistrationPage(driver)\n    \n        # Step 1: Click Sign In\n        logger.info(&amp;quot;Clicking on Sign Up / My Account link&amp;quot;)\n        registration.click_sign_up()\n        logger.info(&amp;quot;Verifying registration page is loaded&amp;quot;)\n        assert registration.is_registration_page_loaded(), &amp;quot;Registration page did not load&amp;quot;\n        # Step 2: Enter Email OR Username\n        logger.info(f&amp;quot;Entering email: {data[&amp;#x27;email&amp;#x27;]}&amp;quot;)\n        registration.enter_email(data[&amp;quot;email&amp;quot;])\n        email_value = driver.find_element(*registration.email_input).get_attribute(&amp;quot;value&amp;quot;)\n        assert email_value == data[&amp;quot;email&amp;quot;], f&amp;quot;Email input failed. Expected &amp;#x27;{data[&amp;#x27;email&amp;#x27;]}&amp;#x27;, got &amp;#x27;{email_value}&amp;#x27;&amp;quot;\n        logger.info(&amp;quot;Entering password&amp;quot;)\n&amp;gt;       registration.enter_password(data[&amp;quot;password&amp;quot;])\n\ntest_registration.py:56: \n_ _ _ _ _ _ _ _ _ _ _ _ _ _ _ _ _ _ _ _ _ _ _ _ _ _ _ _ _ _ _ _ _ _ _ _ _ _ _ _ _ _ _ _ _ _ _ _ _ _ _ _ _ _ _ _ _ _ _ _\n..\\pages\\Registration.py:45: in enter_password\n    self.wait.until(\n_ _ _ _ _ _ _ _ _ _ _ _ _ _ _ _ _ _ _ _ _ _ _ _ _ _ _ _ _ _ _ _ _ _ _ _ _ _ _ _ _ _ _ _ _ _ _ _ _ _ _ _ _ _ _ _ _ _ _ _\n\nself = &amp;lt;selenium.webdriver.support.wait.WebDriverWait (session=&amp;quot;62a962f8599e5753fec292e3dd72b8ed&amp;quot;)&amp;gt;\nmethod = &amp;lt;function RegistrationPage.enter_password.&amp;lt;locals&amp;gt;.&amp;lt;lambda&amp;gt; at 0x0000015DE7C26A20&amp;gt;, message = &amp;#x27;&amp;#x27;\n\n    def until(self, method: Callable[[D], Literal[False] | T], message: str = &amp;quot;&amp;quot;) -&amp;gt; T:\n        &amp;quot;&amp;quot;&amp;quot;Wait until the method returns a value that is not False.\n    \n        Calls the method provided with the driver as an argument until the\n        return value does not evaluate to ``False``.\n    \n        Args:\n            method: A callable object that takes a WebDriver instance as an\n                argument.\n            message: Optional message for TimeoutException.\n    \n        Returns:\n            The result of the last call to `method`.\n    \n        Raises:\n            TimeoutException: If &amp;#x27;method&amp;#x27; does not return a truthy value within\n                the WebDriverWait object&amp;#x27;s timeout.\n    \n        Example:\n            &amp;gt;&amp;gt;&amp;gt; from selenium.webdriver.common.by import By\n            &amp;gt;&amp;gt;&amp;gt; from selenium.webdriver.support.ui import WebDriverWait\n            &amp;gt;&amp;gt;&amp;gt; from selenium.webdriver.support import expected_conditions as EC\n            &amp;gt;&amp;gt;&amp;gt;\n            &amp;gt;&amp;gt;&amp;gt; # Wait until an element is visible on the page\n            &amp;gt;&amp;gt;&amp;gt; wait = WebDriverWait(driver, 10)\n            &amp;gt;&amp;gt;&amp;gt; element = wait.until(EC.visibility_of_element_located((By.ID, &amp;quot;exampleId&amp;quot;)))\n            &amp;gt;&amp;gt;&amp;gt; print(element.text)\n        &amp;quot;&amp;quot;&amp;quot;\n        screen = None\n        stacktrace = None\n    \n        end_time = time.monotonic() + self._timeout\n        while True:\n            try:\n                value = method(self._driver)\n                if value:\n                    return value\n            except self._ignored_exceptions as exc:\n                screen = getattr(exc, &amp;quot;screen&amp;quot;, None)\n                stacktrace = getattr(exc, &amp;quot;stacktrace&amp;quot;, None)\n            if time.monotonic() &amp;gt; end_time:\n                break\n            time.sleep(self._poll)\n&amp;gt;       raise TimeoutException(message, screen, stacktrace)\nE       selenium.common.exceptions.TimeoutException: Message:\n\n..\\..\\..\\..\\AppData\\Local\\Programs\\Python\\Python313\\Lib\\site-packages\\selenium\\webdriver\\support\\wait.py:121: TimeoutException\n\n---------------------------- Captured stderr setup -----------------------------\n2026-02-19 15:32:37,034 - INFO - ------ Test Finished: test_user_registration[data0] ------\n\n2026-02-19 15:32:37,035 - INFO - ------ Test Started: test_user_registration[data1] ------\n2026-02-19 15:32:37,037 - INFO - Browser Setup Started: chrome\n2026-02-19 15:32:37,038 - INFO - ====== WebDriver manager ======\n2026-02-19 15:32:38,233 - INFO - Get LATEST chromedriver version for google-chrome\n2026-02-19 15:32:38,367 - INFO - Get LATEST chromedriver version for google-chrome\n2026-02-19 15:32:38,514 - INFO - Driver [C:\\Users\\Neeraja\\.wdm\\drivers\\chromedriver\\win64\\144.0.7559.133\\chromedriver-win32/chromedriver.exe] found in cache\n\n------------------------------ Captured log setup ------------------------------\nINFO     root:conftest.py:32 Browser Setup Started: chrome\nINFO     WDM:logger.py:11 ====== WebDriver manager ======\nINFO     WDM:logger.py:11 Get LATEST chromedriver version for google-chrome\nINFO     WDM:logger.py:11 Get LATEST chromedriver version for google-chrome\nINFO     WDM:logger.py:11 Driver [C:\\Users\\Neeraja\\.wdm\\drivers\\chromedriver\\win64\\144.0.7559.133\\chromedriver-win32/chromedriver.exe] found in cache\n\n----------------------------- Captured stderr call -----------------------------\n2026-02-19 15:32:49,179 - INFO - ========== STARTING USER REGISTRATION TEST ==========\n2026-02-19 15:32:49,179 - INFO - Clicking on Sign Up / My Account link\n2026-02-19 15:32:51,257 - INFO - Verifying registration page is loaded\n2026-02-19 15:32:51,301 - INFO - Entering email: Rani13@gmail.com\n2026-02-19 15:32:51,483 - INFO - Entering password\n\n------------------------------ Captured log call -------------------------------\nINFO     root:test_registration.py:41 ========== STARTING USER REGISTRATION TEST ==========\nINFO     root:test_registration.py:46 Clicking on Sign Up / My Account link\nINFO     root:test_registration.py:48 Verifying registration page is loaded\nINFO     root:test_registration.py:51 Entering email: Rani13@gmail.com\nINFO     root:test_registration.py:55 Entering password\n\n--------------------------- Captured stderr teardown ---------------------------\n2026-02-19 15:33:02,622 - ERROR - Test Failed: test_user_registration[data1]\n2026-02-19 15:33:02,623 - ERROR - Screenshot saved at: C:\\Users\\Neeraja\\Desktop\\Wipro_Practice\\Capstone_Project\\tests\\screenshots\\test_user_registration[data1]_20260219_153302.png\n2026-02-19 15:33:02,624 - INFO - Browser Teardown Started\n2026-02-19 15:33:05,140 - INFO - Browser Closed Successfully\n\n\n---------------------------- Captured log teardown -----------------------------\nINFO     root:conftest.py:41 Browser Teardown Started\nINFO     root:conftest.py:43 Browser Closed Successfully&#34;}], &#34;tests/test_remove_product.py::test_remove_product&#34;: [{&#34;extras&#34;: [], &#34;result&#34;: &#34;Passed&#34;, &#34;testId&#34;: &#34;tests/test_remove_product.py::test_remove_product&#34;, &#34;duration&#34;: &#34;00:00:38&#34;, &#34;resultsTableRow&#34;: [&#34;&lt;td class=\&#34;col-result\&#34;&gt;Passed&lt;/td&gt;&#34;, &#34;&lt;td class=\&#34;col-testId\&#34;&gt;tests/test_remove_product.py::test_remove_product&lt;/td&gt;&#34;, &#34;&lt;td class=\&#34;col-duration\&#34;&gt;00:00:38&lt;/td&gt;&#34;, &#34;&lt;td class=\&#34;col-links\&#34;&gt;&lt;/td&gt;&#34;], &#34;log&#34;: &#34;---------------------------- Captured stderr setup -----------------------------\n2026-02-19 15:33:05,144 - INFO - ------ Test Finished: test_user_registration[data1] ------\n\n2026-02-19 15:33:05,145 - INFO - ------ Test Started: test_remove_product ------\n2026-02-19 15:33:05,147 - INFO - Browser Setup Started: chrome\n2026-02-19 15:33:05,148 - INFO - ====== WebDriver manager ======\n2026-02-19 15:33:06,213 - INFO - Get LATEST chromedriver version for google-chrome\n2026-02-19 15:33:06,349 - INFO - Get LATEST chromedriver version for google-chrome\n2026-02-19 15:33:06,474 - INFO - Driver [C:\\Users\\Neeraja\\.wdm\\drivers\\chromedriver\\win64\\144.0.7559.133\\chromedriver-win32/chromedriver.exe] found in cache\n\n------------------------------ Captured log setup ------------------------------\nINFO     root:conftest.py:32 Browser Setup Started: chrome\nINFO     WDM:logger.py:11 ====== WebDriver manager ======\nINFO     WDM:logger.py:11 Get LATEST chromedriver version for google-chrome\nINFO     WDM:logger.py:11 Get LATEST chromedriver version for google-chrome\nINFO     WDM:logger.py:11 Driver [C:\\Users\\Neeraja\\.wdm\\drivers\\chromedriver\\win64\\144.0.7559.133\\chromedriver-win32/chromedriver.exe] found in cache\n\n----------------------------- Captured stderr call -----------------------------\n2026-02-19 15:33:15,532 - INFO - ========== STARTING REMOVE PRODUCT TEST ==========\n2026-02-19 15:33:15,533 - INFO - Navigating to Shop page\n2026-02-19 15:33:17,826 - INFO - Current URL after navigation: https://practice.automationtesting.in/shop/\n2026-02-19 15:33:17,831 - INFO - Adding product to basket\n2026-02-19 15:33:17,880 - INFO - Validating View Basket button visibility\n2026-02-19 15:33:18,177 - INFO - Clicking View Basket button\n2026-02-19 15:33:19,661 - INFO - Current URL after clicking View Basket: https://practice.automationtesting.in/basket/\n2026-02-19 15:33:19,666 - INFO - Removing product from cart\n2026-02-19 15:33:30,654 - INFO - Remaining remove buttons count: 0\n2026-02-19 15:33:40,705 - INFO - Final URL after removal: https://practice.automationtesting.in/basket/\n2026-02-19 15:33:40,705 - INFO - ========== REMOVE PRODUCT TEST PASSED ==========\n\n------------------------------ Captured log call -------------------------------\nINFO     root:test_remove_product.py:6 ========== STARTING REMOVE PRODUCT TEST ==========\nINFO     root:test_remove_product.py:11 Navigating to Shop page\nINFO     root:test_remove_product.py:14 Current URL after navigation: https://practice.automationtesting.in/shop/\nINFO     root:test_remove_product.py:19 Adding product to basket\nINFO     root:test_remove_product.py:21 Validating View Basket button visibility\nINFO     root:test_remove_product.py:24 Clicking View Basket button\nINFO     root:test_remove_product.py:26 Current URL after clicking View Basket: https://practice.automationtesting.in/basket/\nINFO     root:test_remove_product.py:30 Removing product from cart\nINFO     root:test_remove_product.py:33 Remaining remove buttons count: 0\nINFO     root:test_remove_product.py:39 Final URL after removal: https://practice.automationtesting.in/basket/\nINFO     root:test_remove_product.py:40 ========== REMOVE PRODUCT TEST PASSED ==========\n\n--------------------------- Captured stderr teardown ---------------------------\n2026-02-19 15:33:40,707 - INFO - Browser Teardown Started\n2026-02-19 15:33:43,009 - INFO - Browser Closed Successfully\n\n\n---------------------------- Captured log teardown -----------------------------\nINFO     root:conftest.py:41 Browser Teardown Started\nINFO     root:conftest.py:43 Browser Closed Successfully&#34;}], &#34;tests/test_search_product.py::test_search_product[data0]&#34;: [{&#34;extras&#34;: [], &#34;result&#34;: &#34;Passed&#34;, &#34;testId&#34;: &#34;tests/test_search_product.py::test_search_product[data0]&#34;, &#34;duration&#34;: &#34;00:00:21&#34;, &#34;resultsTableRow&#34;: [&#34;&lt;td class=\&#34;col-result\&#34;&gt;Passed&lt;/td&gt;&#34;, &#34;&lt;td class=\&#34;col-testId\&#34;&gt;tests/test_search_product.py::test_search_product[data0]&lt;/td&gt;&#34;, &#34;&lt;td class=\&#34;col-duration\&#34;&gt;00:00:21&lt;/td&gt;&#34;, &#34;&lt;td class=\&#34;col-links\&#34;&gt;&lt;/td&gt;&#34;], &#34;log&#34;: &#34;---------------------------- Captured stderr setup -----------------------------\n2026-02-19 15:33:43,011 - INFO - ------ Test Finished: test_remove_product ------\n\n2026-02-19 15:33:43,011 - INFO - ------ Test Started: test_search_product[data0] ------\n2026-02-19 15:33:43,013 - INFO - Browser Setup Started: chrome\n2026-02-19 15:33:43,013 - INFO - ====== WebDriver manager ======\n2026-02-19 15:33:44,089 - INFO - Get LATEST chromedriver version for google-chrome\n2026-02-19 15:33:44,230 - INFO - Get LATEST chromedriver version for google-chrome\n2026-02-19 15:33:44,361 - INFO - Driver [C:\\Users\\Neeraja\\.wdm\\drivers\\chromedriver\\win64\\144.0.7559.133\\chromedriver-win32/chromedriver.exe] found in cache\n\n------------------------------ Captured log setup ------------------------------\nINFO     root:conftest.py:32 Browser Setup Started: chrome\nINFO     WDM:logger.py:11 ====== WebDriver manager ======\nINFO     WDM:logger.py:11 Get LATEST chromedriver version for google-chrome\nINFO     WDM:logger.py:11 Get LATEST chromedriver version for google-chrome\nINFO     WDM:logger.py:11 Driver [C:\\Users\\Neeraja\\.wdm\\drivers\\chromedriver\\win64\\144.0.7559.133\\chromedriver-win32/chromedriver.exe] found in cache\n\n----------------------------- Captured stderr call -----------------------------\n2026-02-19 15:33:54,817 - INFO - ========== STARTING SEARCH PRODUCT TEST ==========\n2026-02-19 15:33:54,818 - INFO - Navigating to Shop page\n2026-02-19 15:33:57,402 - INFO - Current URL after navigation: https://practice.automationtesting.in/shop/\n2026-02-19 15:33:57,412 - INFO - Searching for product: Selenium Ruby\n2026-02-19 15:34:00,014 - INFO - Search submitted successfully\n2026-02-19 15:34:00,067 - INFO - Search box value: Selenium Ruby\n2026-02-19 15:34:00,067 - INFO - Validating search results presence\n2026-02-19 15:34:00,197 - INFO - Search results validated successfully\n2026-02-19 15:34:00,197 - INFO - Clicking on search result\n2026-02-19 15:34:02,033 - INFO - ========== SEARCH PRODUCT TEST PASSED ==========\n\n------------------------------ Captured log call -------------------------------\nINFO     root:test_search_product.py:35 ========== STARTING SEARCH PRODUCT TEST ==========\nINFO     root:test_search_product.py:41 Navigating to Shop page\nINFO     root:test_search_product.py:44 Current URL after navigation: https://practice.automationtesting.in/shop/\nINFO     root:test_search_product.py:51 Searching for product: Selenium Ruby\nINFO     root:test_search_product.py:55 Search submitted successfully\nINFO     root:test_search_product.py:58 Search box value: Selenium Ruby\nINFO     root:test_search_product.py:66 Validating search results presence\nINFO     root:test_search_product.py:73 Search results validated successfully\nINFO     root:test_search_product.py:75 Clicking on search result\nINFO     root:test_search_product.py:89 ========== SEARCH PRODUCT TEST PASSED ==========\n\n--------------------------- Captured stderr teardown ---------------------------\n2026-02-19 15:34:02,035 - INFO - Browser Teardown Started\n2026-02-19 15:34:04,409 - INFO - Browser Closed Successfully\n\n\n---------------------------- Captured log teardown -----------------------------\nINFO     root:conftest.py:41 Browser Teardown Started\nINFO     root:conftest.py:43 Browser Closed Successfully&#34;}], &#34;tests/test_search_product.py::test_search_product[data1]&#34;: [{&#34;extras&#34;: [], &#34;result&#34;: &#34;Failed&#34;, &#34;testId&#34;: &#34;tests/test_search_product.py::test_search_product[data1]&#34;, &#34;duration&#34;: &#34;00:00:31&#34;, &#34;resultsTableRow&#34;: [&#34;&lt;td class=\&#34;col-result\&#34;&gt;Failed&lt;/td&gt;&#34;, &#34;&lt;td class=\&#34;col-testId\&#34;&gt;tests/test_search_product.py::test_search_product[data1]&lt;/td&gt;&#34;, &#34;&lt;td class=\&#34;col-duration\&#34;&gt;00:00:31&lt;/td&gt;&#34;, &#34;&lt;td class=\&#34;col-links\&#34;&gt;&lt;/td&gt;&#34;], &#34;log&#34;: &#34;setup = &amp;lt;selenium.webdriver.chrome.webdriver.WebDriver (session=&amp;quot;4b96c0ccb7deb4cad1966e5d13057c3b&amp;quot;)&amp;gt;\ndata = {&amp;#x27;product_name&amp;#x27;: &amp;#x27;Robot&amp;#x27;}\n\n    @pytest.mark.parametrize(&amp;quot;data&amp;quot;, search_test_data)\n    def test_search_product(setup,data):\n        logger.info(&amp;quot;========== STARTING SEARCH PRODUCT TEST ==========&amp;quot;)\n        driver = setup\n        search_page=SearchProduct(driver)\n    \n    \n        # Go to Shop\n        logger.info(&amp;quot;Navigating to Shop page&amp;quot;)\n        search_page.go_to_shop()\n        current_url = driver.current_url\n        logger.info(f&amp;quot;Current URL after navigation: {current_url}&amp;quot;)\n        assert &amp;quot;shop&amp;quot; in driver.current_url.lower(), (\n            f&amp;quot;Shop page did not open.\\n&amp;quot;\n            f&amp;quot;Current URL: {driver.current_url}&amp;quot;\n        )\n        #taing from csv\n        product_name = data[&amp;quot;product_name&amp;quot;]\n        logger.info(f&amp;quot;Searching for product: {product_name}&amp;quot;)\n    \n        # Search product\n        search_page.search_product(product_name)\n        logger.info(&amp;quot;Search submitted successfully&amp;quot;)\n        search_box_value = driver.find_element(*search_page.search_box_value\n        ).get_attribute(&amp;quot;value&amp;quot;)\n        logger.info(f&amp;quot;Search box value: {search_box_value}&amp;quot;)\n        assert search_box_value == product_name, (\n            f&amp;quot;Search text mismatch!\\n&amp;quot;\n            f&amp;quot;Expected: {product_name}\\n&amp;quot;\n            f&amp;quot;Actual: {search_box_value}&amp;quot;\n        )\n    \n        # Validate search results appear\n        logger.info(&amp;quot;Validating search results presence&amp;quot;)\n&amp;gt;       assert search_page.validate_search_results(), (\n               ^^^^^^^^^^^^^^^^^^^^^^^^^^^^^^^^^^^^^\n            f&amp;quot;Search results did not appear.\\n&amp;quot;\n            f&amp;quot;Product: {product_name}\\n&amp;quot;\n            f&amp;quot;URL: {driver.current_url}\\n&amp;quot;\n            f&amp;quot;Page Title: {driver.title}&amp;quot;\n        )\n\ntest_search_product.py:67: \n_ _ _ _ _ _ _ _ _ _ _ _ _ _ _ _ _ _ _ _ _ _ _ _ _ _ _ _ _ _ _ _ _ _ _ _ _ _ _ _ _ _ _ _ _ _ _ _ _ _ _ _ _ _ _ _ _ _ _ _\n..\\pages\\Search_Product.py:30: in validate_search_results\n    WebDriverWait(self.driver, 10).until(\n_ _ _ _ _ _ _ _ _ _ _ _ _ _ _ _ _ _ _ _ _ _ _ _ _ _ _ _ _ _ _ _ _ _ _ _ _ _ _ _ _ _ _ _ _ _ _ _ _ _ _ _ _ _ _ _ _ _ _ _\n\nself = &amp;lt;selenium.webdriver.support.wait.WebDriverWait (session=&amp;quot;4b96c0ccb7deb4cad1966e5d13057c3b&amp;quot;)&amp;gt;\nmethod = &amp;lt;function visibility_of_element_located.&amp;lt;locals&amp;gt;._predicate at 0x0000015DE7C25DA0&amp;gt;, message = &amp;#x27;&amp;#x27;\n\n    def until(self, method: Callable[[D], Literal[False] | T], message: str = &amp;quot;&amp;quot;) -&amp;gt; T:\n        &amp;quot;&amp;quot;&amp;quot;Wait until the method returns a value that is not False.\n    \n        Calls the method provided with the driver as an argument until the\n        return value does not evaluate to ``False``.\n    \n        Args:\n            method: A callable object that takes a WebDriver instance as an\n                argument.\n            message: Optional message for TimeoutException.\n    \n        Returns:\n            The result of the last call to `method`.\n    \n        Raises:\n            TimeoutException: If &amp;#x27;method&amp;#x27; does not return a truthy value within\n                the WebDriverWait object&amp;#x27;s timeout.\n    \n        Example:\n            &amp;gt;&amp;gt;&amp;gt; from selenium.webdriver.common.by import By\n            &amp;gt;&amp;gt;&amp;gt; from selenium.webdriver.support.ui import WebDriverWait\n            &amp;gt;&amp;gt;&amp;gt; from selenium.webdriver.support import expected_conditions as EC\n            &amp;gt;&amp;gt;&amp;gt;\n            &amp;gt;&amp;gt;&amp;gt; # Wait until an element is visible on the page\n            &amp;gt;&amp;gt;&amp;gt; wait = WebDriverWait(driver, 10)\n            &amp;gt;&amp;gt;&amp;gt; element = wait.until(EC.visibility_of_element_located((By.ID, &amp;quot;exampleId&amp;quot;)))\n            &amp;gt;&amp;gt;&amp;gt; print(element.text)\n        &amp;quot;&amp;quot;&amp;quot;\n        screen = None\n        stacktrace = None\n    \n        end_time = time.monotonic() + self._timeout\n        while True:\n            try:\n                value = method(self._driver)\n                if value:\n                    return value\n            except self._ignored_exceptions as exc:\n                screen = getattr(exc, &amp;quot;screen&amp;quot;, None)\n                stacktrace = getattr(exc, &amp;quot;stacktrace&amp;quot;, None)\n            if time.monotonic() &amp;gt; end_time:\n                break\n            time.sleep(self._poll)\n&amp;gt;       raise TimeoutException(message, screen, stacktrace)\nE       selenium.common.exceptions.TimeoutException: Message: \nE       Stacktrace:\nE       Symbols not available. Dumping unresolved backtrace:\nE       \t0x475093\nE       \t0x4750d4\nE       \t0x26b490\nE       \t0x2b58da\nE       \t0x2b5b7b\nE       \t0x2f7b42\nE       \t0x2d8204\nE       \t0x2f5341\nE       \t0x2d7f56\nE       \t0x2a96c9\nE       \t0x2aa484\nE       \t0x6c7e34\nE       \t0x6c30c9\nE       \t0x6e0add\nE       \t0x48db38\nE       \t0x4958ad\nE       \t0x47d848\nE       \t0x47da12\nE       \t0x4675fa\nE       \t0x77195d49\nE       \t0x77add83b\nE       \t0x77add7c1\n\n..\\..\\..\\..\\AppData\\Local\\Programs\\Python\\Python313\\Lib\\site-packages\\selenium\\webdriver\\support\\wait.py:121: TimeoutException\n\n---------------------------- Captured stderr setup -----------------------------\n2026-02-19 15:34:04,410 - INFO - ------ Test Finished: test_search_product[data0] ------\n\n2026-02-19 15:34:04,410 - INFO - ------ Test Started: test_search_product[data1] ------\n2026-02-19 15:34:04,412 - INFO - Browser Setup Started: chrome\n2026-02-19 15:34:04,412 - INFO - ====== WebDriver manager ======\n2026-02-19 15:34:05,507 - INFO - Get LATEST chromedriver version for google-chrome\n2026-02-19 15:34:05,606 - INFO - Get LATEST chromedriver version for google-chrome\n2026-02-19 15:34:05,700 - INFO - Driver [C:\\Users\\Neeraja\\.wdm\\drivers\\chromedriver\\win64\\144.0.7559.133\\chromedriver-win32/chromedriver.exe] found in cache\n\n------------------------------ Captured log setup ------------------------------\nINFO     root:conftest.py:32 Browser Setup Started: chrome\nINFO     WDM:logger.py:11 ====== WebDriver manager ======\nINFO     WDM:logger.py:11 Get LATEST chromedriver version for google-chrome\nINFO     WDM:logger.py:11 Get LATEST chromedriver version for google-chrome\nINFO     WDM:logger.py:11 Driver [C:\\Users\\Neeraja\\.wdm\\drivers\\chromedriver\\win64\\144.0.7559.133\\chromedriver-win32/chromedriver.exe] found in cache\n\n----------------------------- Captured stderr call -----------------------------\n2026-02-19 15:34:16,605 - INFO - ========== STARTING SEARCH PRODUCT TEST ==========\n2026-02-19 15:34:16,605 - INFO - Navigating to Shop page\n2026-02-19 15:34:19,822 - INFO - Current URL after navigation: https://practice.automationtesting.in/shop/\n2026-02-19 15:34:19,880 - INFO - Searching for product: Robot\n2026-02-19 15:34:23,171 - INFO - Search submitted successfully\n2026-02-19 15:34:23,210 - INFO - Search box value: Robot\n2026-02-19 15:34:23,210 - INFO - Validating search results presence\n\n------------------------------ Captured log call -------------------------------\nINFO     root:test_search_product.py:35 ========== STARTING SEARCH PRODUCT TEST ==========\nINFO     root:test_search_product.py:41 Navigating to Shop page\nINFO     root:test_search_product.py:44 Current URL after navigation: https://practice.automationtesting.in/shop/\nINFO     root:test_search_product.py:51 Searching for product: Robot\nINFO     root:test_search_product.py:55 Search submitted successfully\nINFO     root:test_search_product.py:58 Search box value: Robot\nINFO     root:test_search_product.py:66 Validating search results presence\n\n--------------------------- Captured stderr teardown ---------------------------\n2026-02-19 15:34:33,473 - ERROR - Test Failed: test_search_product[data1]\n2026-02-19 15:34:33,473 - ERROR - Screenshot saved at: C:\\Users\\Neeraja\\Desktop\\Wipro_Practice\\Capstone_Project\\tests\\screenshots\\test_search_product[data1]_20260219_153433.png\n2026-02-19 15:34:33,474 - INFO - Browser Teardown Started\n2026-02-19 15:34:35,816 - INFO - Browser Closed Successfully\n\n\n---------------------------- Captured log teardown -----------------------------\nINFO     root:conftest.py:41 Browser Teardown Started\nINFO     root:conftest.py:43 Browser Closed Successfully&#34;}], &#34;tests/test_sort_product.py::test_sort_products[data0]&#34;: [{&#34;extras&#34;: [], &#34;result&#34;: &#34;Passed&#34;, &#34;testId&#34;: &#34;tests/test_sort_product.py::test_sort_products[data0]&#34;, &#34;duration&#34;: &#34;00:00:22&#34;, &#34;resultsTableRow&#34;: [&#34;&lt;td class=\&#34;col-result\&#34;&gt;Passed&lt;/td&gt;&#34;, &#34;&lt;td class=\&#34;col-testId\&#34;&gt;tests/test_sort_product.py::test_sort_products[data0]&lt;/td&gt;&#34;, &#34;&lt;td class=\&#34;col-duration\&#34;&gt;00:00:22&lt;/td&gt;&#34;, &#34;&lt;td class=\&#34;col-links\&#34;&gt;&lt;/td&gt;&#34;], &#34;log&#34;: &#34;---------------------------- Captured stderr setup -----------------------------\n2026-02-19 15:34:35,819 - INFO - ------ Test Finished: test_search_product[data1] ------\n\n2026-02-19 15:34:35,819 - INFO - ------ Test Started: test_sort_products[data0] ------\n2026-02-19 15:34:35,821 - INFO - Browser Setup Started: chrome\n2026-02-19 15:34:35,822 - INFO - ====== WebDriver manager ======\n2026-02-19 15:34:36,976 - INFO - Get LATEST chromedriver version for google-chrome\n2026-02-19 15:34:37,113 - INFO - Get LATEST chromedriver version for google-chrome\n2026-02-19 15:34:37,269 - INFO - Driver [C:\\Users\\Neeraja\\.wdm\\drivers\\chromedriver\\win64\\144.0.7559.133\\chromedriver-win32/chromedriver.exe] found in cache\n\n------------------------------ Captured log setup ------------------------------\nINFO     root:conftest.py:32 Browser Setup Started: chrome\nINFO     WDM:logger.py:11 ====== WebDriver manager ======\nINFO     WDM:logger.py:11 Get LATEST chromedriver version for google-chrome\nINFO     WDM:logger.py:11 Get LATEST chromedriver version for google-chrome\nINFO     WDM:logger.py:11 Driver [C:\\Users\\Neeraja\\.wdm\\drivers\\chromedriver\\win64\\144.0.7559.133\\chromedriver-win32/chromedriver.exe] found in cache\n\n----------------------------- Captured stderr call -----------------------------\n2026-02-19 15:34:50,198 - INFO - ========== STARTING SORT PRODUCTS TEST ==========\n2026-02-19 15:34:50,199 - INFO - Navigating to Shop page\n2026-02-19 15:34:55,652 - INFO - Current URL after navigation: https://practice.automationtesting.in/shop/\n2026-02-19 15:34:55,660 - INFO - Selecting sort option: menu_order\n2026-02-19 15:34:55,751 - INFO - Current URL after sorting: https://practice.automationtesting.in/shop/\n2026-02-19 15:34:55,751 - INFO - Validating default sorting (no orderby parameter expected)\n2026-02-19 15:34:55,752 - INFO - ========== SORT PRODUCTS TEST PASSED ==========\n\n------------------------------ Captured log call -------------------------------\nINFO     root:test_sort_product.py:36 ========== STARTING SORT PRODUCTS TEST ==========\nINFO     root:test_sort_product.py:44 Navigating to Shop page\nINFO     root:test_sort_product.py:47 Current URL after navigation: https://practice.automationtesting.in/shop/\nINFO     root:test_sort_product.py:55 Selecting sort option: menu_order\nINFO     root:test_sort_product.py:62 Current URL after sorting: https://practice.automationtesting.in/shop/\nINFO     root:test_sort_product.py:67 Validating default sorting (no orderby parameter expected)\nINFO     root:test_sort_product.py:74 ========== SORT PRODUCTS TEST PASSED ==========\n\n--------------------------- Captured stderr teardown ---------------------------\n2026-02-19 15:34:55,753 - INFO - Browser Teardown Started\n2026-02-19 15:34:58,150 - INFO - Browser Closed Successfully\n\n\n---------------------------- Captured log teardown -----------------------------\nINFO     root:conftest.py:41 Browser Teardown Started\nINFO     root:conftest.py:43 Browser Closed Successfully&#34;}], &#34;tests/test_sort_product.py::test_sort_products[data1]&#34;: [{&#34;extras&#34;: [], &#34;result&#34;: &#34;Passed&#34;, &#34;testId&#34;: &#34;tests/test_sort_product.py::test_sort_products[data1]&#34;, &#34;duration&#34;: &#34;00:00:21&#34;, &#34;resultsTableRow&#34;: [&#34;&lt;td class=\&#34;col-result\&#34;&gt;Passed&lt;/td&gt;&#34;, &#34;&lt;td class=\&#34;col-testId\&#34;&gt;tests/test_sort_product.py::test_sort_products[data1]&lt;/td&gt;&#34;, &#34;&lt;td class=\&#34;col-duration\&#34;&gt;00:00:21&lt;/td&gt;&#34;, &#34;&lt;td class=\&#34;col-links\&#34;&gt;&lt;/td&gt;&#34;], &#34;log&#34;: &#34;---------------------------- Captured stderr setup -----------------------------\n2026-02-19 15:34:58,152 - INFO - ------ Test Finished: test_sort_products[data0] ------\n\n2026-02-19 15:34:58,153 - INFO - ------ Test Started: test_sort_products[data1] ------\n2026-02-19 15:34:58,154 - INFO - Browser Setup Started: chrome\n2026-02-19 15:34:58,155 - INFO - ====== WebDriver manager ======\n2026-02-19 15:34:59,680 - INFO - Get LATEST chromedriver version for google-chrome\n2026-02-19 15:34:59,809 - INFO - Get LATEST chromedriver version for google-chrome\n2026-02-19 15:34:59,915 - INFO - Driver [C:\\Users\\Neeraja\\.wdm\\drivers\\chromedriver\\win64\\144.0.7559.133\\chromedriver-win32/chromedriver.exe] found in cache\n\n------------------------------ Captured log setup ------------------------------\nINFO     root:conftest.py:32 Browser Setup Started: chrome\nINFO     WDM:logger.py:11 ====== WebDriver manager ======\nINFO     WDM:logger.py:11 Get LATEST chromedriver version for google-chrome\nINFO     WDM:logger.py:11 Get LATEST chromedriver version for google-chrome\nINFO     WDM:logger.py:11 Driver [C:\\Users\\Neeraja\\.wdm\\drivers\\chromedriver\\win64\\144.0.7559.133\\chromedriver-win32/chromedriver.exe] found in cache\n\n----------------------------- Captured stderr call -----------------------------\n2026-02-19 15:35:10,258 - INFO - ========== STARTING SORT PRODUCTS TEST ==========\n2026-02-19 15:35:10,259 - INFO - Navigating to Shop page\n2026-02-19 15:35:14,380 - INFO - Current URL after navigation: https://practice.automationtesting.in/shop/\n2026-02-19 15:35:14,396 - INFO - Selecting sort option: popularity\n2026-02-19 15:35:17,178 - INFO - Current URL after sorting: https://practice.automationtesting.in/shop/?orderby=popularity\n2026-02-19 15:35:17,178 - INFO - Validating URL contains parameter: orderby=popularity\n2026-02-19 15:35:17,179 - INFO - ========== SORT PRODUCTS TEST PASSED ==========\n\n------------------------------ Captured log call -------------------------------\nINFO     root:test_sort_product.py:36 ========== STARTING SORT PRODUCTS TEST ==========\nINFO     root:test_sort_product.py:44 Navigating to Shop page\nINFO     root:test_sort_product.py:47 Current URL after navigation: https://practice.automationtesting.in/shop/\nINFO     root:test_sort_product.py:55 Selecting sort option: popularity\nINFO     root:test_sort_product.py:62 Current URL after sorting: https://practice.automationtesting.in/shop/?orderby=popularity\nINFO     root:test_sort_product.py:72 Validating URL contains parameter: orderby=popularity\nINFO     root:test_sort_product.py:74 ========== SORT PRODUCTS TEST PASSED ==========\n\n--------------------------- Captured stderr teardown ---------------------------\n2026-02-19 15:35:17,182 - INFO - Browser Teardown Started\n2026-02-19 15:35:19,536 - INFO - Browser Closed Successfully\n\n\n---------------------------- Captured log teardown -----------------------------\nINFO     root:conftest.py:41 Browser Teardown Started\nINFO     root:conftest.py:43 Browser Closed Successfully&#34;}], &#34;tests/test_sort_product.py::test_sort_products[data2]&#34;: [{&#34;extras&#34;: [], &#34;result&#34;: &#34;Passed&#34;, &#34;testId&#34;: &#34;tests/test_sort_product.py::test_sort_products[data2]&#34;, &#34;duration&#34;: &#34;00:00:22&#34;, &#34;resultsTableRow&#34;: [&#34;&lt;td class=\&#34;col-result\&#34;&gt;Passed&lt;/td&gt;&#34;, &#34;&lt;td class=\&#34;col-testId\&#34;&gt;tests/test_sort_product.py::test_sort_products[data2]&lt;/td&gt;&#34;, &#34;&lt;td class=\&#34;col-duration\&#34;&gt;00:00:22&lt;/td&gt;&#34;, &#34;&lt;td class=\&#34;col-links\&#34;&gt;&lt;/td&gt;&#34;], &#34;log&#34;: &#34;---------------------------- Captured stderr setup -----------------------------\n2026-02-19 15:35:19,539 - INFO - ------ Test Finished: test_sort_products[data1] ------\n\n2026-02-19 15:35:19,540 - INFO - ------ Test Started: test_sort_products[data2] ------\n2026-02-19 15:35:19,545 - INFO - Browser Setup Started: chrome\n2026-02-19 15:35:19,546 - INFO - ====== WebDriver manager ======\n2026-02-19 15:35:20,645 - INFO - Get LATEST chromedriver version for google-chrome\n2026-02-19 15:35:20,757 - INFO - Get LATEST chromedriver version for google-chrome\n2026-02-19 15:35:20,852 - INFO - Driver [C:\\Users\\Neeraja\\.wdm\\drivers\\chromedriver\\win64\\144.0.7559.133\\chromedriver-win32/chromedriver.exe] found in cache\n\n------------------------------ Captured log setup ------------------------------\nINFO     root:conftest.py:32 Browser Setup Started: chrome\nINFO     WDM:logger.py:11 ====== WebDriver manager ======\nINFO     WDM:logger.py:11 Get LATEST chromedriver version for google-chrome\nINFO     WDM:logger.py:11 Get LATEST chromedriver version for google-chrome\nINFO     WDM:logger.py:11 Driver [C:\\Users\\Neeraja\\.wdm\\drivers\\chromedriver\\win64\\144.0.7559.133\\chromedriver-win32/chromedriver.exe] found in cache\n\n----------------------------- Captured stderr call -----------------------------\n2026-02-19 15:35:33,050 - INFO - ========== STARTING SORT PRODUCTS TEST ==========\n2026-02-19 15:35:33,051 - INFO - Navigating to Shop page\n2026-02-19 15:35:36,190 - INFO - Current URL after navigation: https://practice.automationtesting.in/shop/\n2026-02-19 15:35:36,207 - INFO - Selecting sort option: rating\n2026-02-19 15:35:38,981 - INFO - Current URL after sorting: https://practice.automationtesting.in/shop/?orderby=rating\n2026-02-19 15:35:38,982 - INFO - Validating URL contains parameter: orderby=rating\n2026-02-19 15:35:38,982 - INFO - ========== SORT PRODUCTS TEST PASSED ==========\n\n------------------------------ Captured log call -------------------------------\nINFO     root:test_sort_product.py:36 ========== STARTING SORT PRODUCTS TEST ==========\nINFO     root:test_sort_product.py:44 Navigating to Shop page\nINFO     root:test_sort_product.py:47 Current URL after navigation: https://practice.automationtesting.in/shop/\nINFO     root:test_sort_product.py:55 Selecting sort option: rating\nINFO     root:test_sort_product.py:62 Current URL after sorting: https://practice.automationtesting.in/shop/?orderby=rating\nINFO     root:test_sort_product.py:72 Validating URL contains parameter: orderby=rating\nINFO     root:test_sort_product.py:74 ========== SORT PRODUCTS TEST PASSED ==========\n\n--------------------------- Captured stderr teardown ---------------------------\n2026-02-19 15:35:38,984 - INFO - Browser Teardown Started\n2026-02-19 15:35:41,514 - INFO - Browser Closed Successfully\n\n\n---------------------------- Captured log teardown -----------------------------\nINFO     root:conftest.py:41 Browser Teardown Started\nINFO     root:conftest.py:43 Browser Closed Successfully&#34;}], &#34;tests/test_sort_product.py::test_sort_products[data3]&#34;: [{&#34;extras&#34;: [], &#34;result&#34;: &#34;Passed&#34;, &#34;testId&#34;: &#34;tests/test_sort_product.py::test_sort_products[data3]&#34;, &#34;duration&#34;: &#34;00:00:16&#34;, &#34;resultsTableRow&#34;: [&#34;&lt;td class=\&#34;col-result\&#34;&gt;Passed&lt;/td&gt;&#34;, &#34;&lt;td class=\&#34;col-testId\&#34;&gt;tests/test_sort_product.py::test_sort_products[data3]&lt;/td&gt;&#34;, &#34;&lt;td class=\&#34;col-duration\&#34;&gt;00:00:16&lt;/td&gt;&#34;, &#34;&lt;td class=\&#34;col-links\&#34;&gt;&lt;/td&gt;&#34;], &#34;log&#34;: &#34;---------------------------- Captured stderr setup -----------------------------\n2026-02-19 15:35:41,515 - INFO - ------ Test Finished: test_sort_products[data2] ------\n\n2026-02-19 15:35:41,516 - INFO - ------ Test Started: test_sort_products[data3] ------\n2026-02-19 15:35:41,517 - INFO - Browser Setup Started: chrome\n2026-02-19 15:35:41,518 - INFO - ====== WebDriver manager ======\n2026-02-19 15:35:42,656 - INFO - Get LATEST chromedriver version for google-chrome\n2026-02-19 15:35:42,755 - INFO - Get LATEST chromedriver version for google-chrome\n2026-02-19 15:35:42,851 - INFO - Driver [C:\\Users\\Neeraja\\.wdm\\drivers\\chromedriver\\win64\\144.0.7559.133\\chromedriver-win32/chromedriver.exe] found in cache\n\n------------------------------ Captured log setup ------------------------------\nINFO     root:conftest.py:32 Browser Setup Started: chrome\nINFO     WDM:logger.py:11 ====== WebDriver manager ======\nINFO     WDM:logger.py:11 Get LATEST chromedriver version for google-chrome\nINFO     WDM:logger.py:11 Get LATEST chromedriver version for google-chrome\nINFO     WDM:logger.py:11 Driver [C:\\Users\\Neeraja\\.wdm\\drivers\\chromedriver\\win64\\144.0.7559.133\\chromedriver-win32/chromedriver.exe] found in cache\n\n----------------------------- Captured stderr call -----------------------------\n2026-02-19 15:35:51,025 - INFO - ========== STARTING SORT PRODUCTS TEST ==========\n2026-02-19 15:35:51,025 - INFO - Navigating to Shop page\n2026-02-19 15:35:53,985 - INFO - Current URL after navigation: https://practice.automationtesting.in/shop/\n2026-02-19 15:35:53,995 - INFO - Selecting sort option: date\n2026-02-19 15:35:55,395 - INFO - Current URL after sorting: https://practice.automationtesting.in/shop/?orderby=date\n2026-02-19 15:35:55,395 - INFO - Validating URL contains parameter: orderby=date\n2026-02-19 15:35:55,395 - INFO - ========== SORT PRODUCTS TEST PASSED ==========\n\n------------------------------ Captured log call -------------------------------\nINFO     root:test_sort_product.py:36 ========== STARTING SORT PRODUCTS TEST ==========\nINFO     root:test_sort_product.py:44 Navigating to Shop page\nINFO     root:test_sort_product.py:47 Current URL after navigation: https://practice.automationtesting.in/shop/\nINFO     root:test_sort_product.py:55 Selecting sort option: date\nINFO     root:test_sort_product.py:62 Current URL after sorting: https://practice.automationtesting.in/shop/?orderby=date\nINFO     root:test_sort_product.py:72 Validating URL contains parameter: orderby=date\nINFO     root:test_sort_product.py:74 ========== SORT PRODUCTS TEST PASSED ==========\n\n--------------------------- Captured stderr teardown ---------------------------\n2026-02-19 15:35:55,398 - INFO - Browser Teardown Started\n2026-02-19 15:35:57,742 - INFO - Browser Closed Successfully\n\n\n---------------------------- Captured log teardown -----------------------------\nINFO     root:conftest.py:41 Browser Teardown Started\nINFO     root:conftest.py:43 Browser Closed Successfully&#34;}], &#34;tests/test_sort_product.py::test_sort_products[data4]&#34;: [{&#34;extras&#34;: [], &#34;result&#34;: &#34;Passed&#34;, &#34;testId&#34;: &#34;tests/test_sort_product.py::test_sort_products[data4]&#34;, &#34;duration&#34;: &#34;00:00:20&#34;, &#34;resultsTableRow&#34;: [&#34;&lt;td class=\&#34;col-result\&#34;&gt;Passed&lt;/td&gt;&#34;, &#34;&lt;td class=\&#34;col-testId\&#34;&gt;tests/test_sort_product.py::test_sort_products[data4]&lt;/td&gt;&#34;, &#34;&lt;td class=\&#34;col-duration\&#34;&gt;00:00:20&lt;/td&gt;&#34;, &#34;&lt;td class=\&#34;col-links\&#34;&gt;&lt;/td&gt;&#34;], &#34;log&#34;: &#34;---------------------------- Captured stderr setup -----------------------------\n2026-02-19 15:35:57,748 - INFO - ------ Test Finished: test_sort_products[data3] ------\n\n2026-02-19 15:35:57,750 - INFO - ------ Test Started: test_sort_products[data4] ------\n2026-02-19 15:35:57,756 - INFO - Browser Setup Started: chrome\n2026-02-19 15:35:57,760 - INFO - ====== WebDriver manager ======\n2026-02-19 15:35:59,339 - INFO - Get LATEST chromedriver version for google-chrome\n2026-02-19 15:35:59,439 - INFO - Get LATEST chromedriver version for google-chrome\n2026-02-19 15:35:59,544 - INFO - Driver [C:\\Users\\Neeraja\\.wdm\\drivers\\chromedriver\\win64\\144.0.7559.133\\chromedriver-win32/chromedriver.exe] found in cache\n\n------------------------------ Captured log setup ------------------------------\nINFO     root:conftest.py:32 Browser Setup Started: chrome\nINFO     WDM:logger.py:11 ====== WebDriver manager ======\nINFO     WDM:logger.py:11 Get LATEST chromedriver version for google-chrome\nINFO     WDM:logger.py:11 Get LATEST chromedriver version for google-chrome\nINFO     WDM:logger.py:11 Driver [C:\\Users\\Neeraja\\.wdm\\drivers\\chromedriver\\win64\\144.0.7559.133\\chromedriver-win32/chromedriver.exe] found in cache\n\n----------------------------- Captured stderr call -----------------------------\n2026-02-19 15:36:08,317 - INFO - ========== STARTING SORT PRODUCTS TEST ==========\n2026-02-19 15:36:08,319 - INFO - Navigating to Shop page\n2026-02-19 15:36:11,587 - INFO - Current URL after navigation: https://practice.automationtesting.in/shop/\n2026-02-19 15:36:11,598 - INFO - Selecting sort option: price\n2026-02-19 15:36:15,644 - INFO - Current URL after sorting: https://practice.automationtesting.in/shop/?orderby=price\n2026-02-19 15:36:15,644 - INFO - Validating URL contains parameter: orderby=price\n2026-02-19 15:36:15,644 - INFO - ========== SORT PRODUCTS TEST PASSED ==========\n\n------------------------------ Captured log call -------------------------------\nINFO     root:test_sort_product.py:36 ========== STARTING SORT PRODUCTS TEST ==========\nINFO     root:test_sort_product.py:44 Navigating to Shop page\nINFO     root:test_sort_product.py:47 Current URL after navigation: https://practice.automationtesting.in/shop/\nINFO     root:test_sort_product.py:55 Selecting sort option: price\nINFO     root:test_sort_product.py:62 Current URL after sorting: https://practice.automationtesting.in/shop/?orderby=price\nINFO     root:test_sort_product.py:72 Validating URL contains parameter: orderby=price\nINFO     root:test_sort_product.py:74 ========== SORT PRODUCTS TEST PASSED ==========\n\n--------------------------- Captured stderr teardown ---------------------------\n2026-02-19 15:36:15,650 - INFO - Browser Teardown Started\n2026-02-19 15:36:18,192 - INFO - Browser Closed Successfully\n\n\n---------------------------- Captured log teardown -----------------------------\nINFO     root:conftest.py:41 Browser Teardown Started\nINFO     root:conftest.py:43 Browser Closed Successfully&#34;}], &#34;tests/test_sort_product.py::test_sort_products[data5]&#34;: [{&#34;extras&#34;: [], &#34;result&#34;: &#34;Passed&#34;, &#34;testId&#34;: &#34;tests/test_sort_product.py::test_sort_products[data5]&#34;, &#34;duration&#34;: &#34;00:00:20&#34;, &#34;resultsTableRow&#34;: [&#34;&lt;td class=\&#34;col-result\&#34;&gt;Passed&lt;/td&gt;&#34;, &#34;&lt;td class=\&#34;col-testId\&#34;&gt;tests/test_sort_product.py::test_sort_products[data5]&lt;/td&gt;&#34;, &#34;&lt;td class=\&#34;col-duration\&#34;&gt;00:00:20&lt;/td&gt;&#34;, &#34;&lt;td class=\&#34;col-links\&#34;&gt;&lt;/td&gt;&#34;], &#34;log&#34;: &#34;---------------------------- Captured stderr setup -----------------------------\n2026-02-19 15:36:18,194 - INFO - ------ Test Finished: test_sort_products[data4] ------\n\n2026-02-19 15:36:18,195 - INFO - ------ Test Started: test_sort_products[data5] ------\n2026-02-19 15:36:18,197 - INFO - Browser Setup Started: chrome\n2026-02-19 15:36:18,197 - INFO - ====== WebDriver manager ======\n2026-02-19 15:36:19,441 - INFO - Get LATEST chromedriver version for google-chrome\n2026-02-19 15:36:19,551 - INFO - Get LATEST chromedriver version for google-chrome\n2026-02-19 15:36:19,662 - INFO - Driver [C:\\Users\\Neeraja\\.wdm\\drivers\\chromedriver\\win64\\144.0.7559.133\\chromedriver-win32/chromedriver.exe] found in cache\n\n------------------------------ Captured log setup ------------------------------\nINFO     root:conftest.py:32 Browser Setup Started: chrome\nINFO     WDM:logger.py:11 ====== WebDriver manager ======\nINFO     WDM:logger.py:11 Get LATEST chromedriver version for google-chrome\nINFO     WDM:logger.py:11 Get LATEST chromedriver version for google-chrome\nINFO     WDM:logger.py:11 Driver [C:\\Users\\Neeraja\\.wdm\\drivers\\chromedriver\\win64\\144.0.7559.133\\chromedriver-win32/chromedriver.exe] found in cache\n\n----------------------------- Captured stderr call -----------------------------\n2026-02-19 15:36:31,052 - INFO - ========== STARTING SORT PRODUCTS TEST ==========\n2026-02-19 15:36:31,052 - INFO - Navigating to Shop page\n2026-02-19 15:36:33,696 - INFO - Current URL after navigation: https://practice.automationtesting.in/shop/\n2026-02-19 15:36:33,702 - INFO - Selecting sort option: price-desc\n2026-02-19 15:36:35,756 - INFO - Current URL after sorting: https://practice.automationtesting.in/shop/?orderby=price-desc\n2026-02-19 15:36:35,756 - INFO - Validating URL contains parameter: orderby=price-desc\n2026-02-19 15:36:35,756 - INFO - ========== SORT PRODUCTS TEST PASSED ==========\n\n------------------------------ Captured log call -------------------------------\nINFO     root:test_sort_product.py:36 ========== STARTING SORT PRODUCTS TEST ==========\nINFO     root:test_sort_product.py:44 Navigating to Shop page\nINFO     root:test_sort_product.py:47 Current URL after navigation: https://practice.automationtesting.in/shop/\nINFO     root:test_sort_product.py:55 Selecting sort option: price-desc\nINFO     root:test_sort_product.py:62 Current URL after sorting: https://practice.automationtesting.in/shop/?orderby=price-desc\nINFO     root:test_sort_product.py:72 Validating URL contains parameter: orderby=price-desc\nINFO     root:test_sort_product.py:74 ========== SORT PRODUCTS TEST PASSED ==========\n\n--------------------------- Captured stderr teardown ---------------------------\n2026-02-19 15:36:35,757 - INFO - Browser Teardown Started\n2026-02-19 15:36:38,102 - INFO - Browser Closed Successfully\n\n\n---------------------------- Captured log teardown -----------------------------\nINFO     root:conftest.py:41 Browser Teardown Started\nINFO     root:conftest.py:43 Browser Closed Successfully&#34;}]}, &#34;renderCollapsed&#34;: [&#34;passed&#34;], &#34;initialSort&#34;: &#34;result&#34;, &#34;title&#34;: &#34;report12_2026-02-19.html&#34;}"></div>
    <script>
      (function(){function r(e,n,t){function o(i,f){if(!n[i]){if(!e[i]){var c="function"==typeof require&&require;if(!f&&c)return c(i,!0);if(u)return u(i,!0);var a=new Error("Cannot find module '"+i+"'");throw a.code="MODULE_NOT_FOUND",a}var p=n[i]={exports:{}};e[i][0].call(p.exports,function(r){var n=e[i][1][r];return o(n||r)},p,p.exports,r,e,n,t)}return n[i].exports}for(var u="function"==typeof require&&require,i=0;i<t.length;i++)o(t[i]);return o}return r})()({1:[function(require,module,exports){
const { getCollapsedCategory, setCollapsedIds } = require('./storage.js')

class DataManager {
    setManager(data) {
        const collapsedCategories = [...getCollapsedCategory(data.renderCollapsed)]
        const collapsedIds = []
        const tests = Object.values(data.tests).flat().map((test, index) => {
            const collapsed = collapsedCategories.includes(test.result.toLowerCase())
            const id = `test_${index}`
            if (collapsed) {
                collapsedIds.push(id)
            }
            return {
                ...test,
                id,
                collapsed,
            }
        })
        const dataBlob = { ...data, tests }
        this.data = { ...dataBlob }
        this.renderData = { ...dataBlob }
        setCollapsedIds(collapsedIds)
    }

    get allData() {
        return { ...this.data }
    }

    resetRender() {
        this.renderData = { ...this.data }
    }

    setRender(data) {
        this.renderData.tests = [...data]
    }

    toggleCollapsedItem(id) {
        this.renderData.tests = this.renderData.tests.map((test) =>
            test.id === id ? { ...test, collapsed: !test.collapsed } : test,
        )
    }

    set allCollapsed(collapsed) {
        this.renderData = { ...this.renderData, tests: [...this.renderData.tests.map((test) => (
            { ...test, collapsed }
        ))] }
    }

    get testSubset() {
        return [...this.renderData.tests]
    }

    get environment() {
        return this.renderData.environment
    }

    get initialSort() {
        return this.data.initialSort
    }
}

module.exports = {
    manager: new DataManager(),
}

},{"./storage.js":8}],2:[function(require,module,exports){
const mediaViewer = require('./mediaviewer.js')
const templateEnvRow = document.getElementById('template_environment_row')
const templateResult = document.getElementById('template_results-table__tbody')

function htmlToElements(html) {
    const temp = document.createElement('template')
    temp.innerHTML = html
    return temp.content.childNodes
}

const find = (selector, elem) => {
    if (!elem) {
        elem = document
    }
    return elem.querySelector(selector)
}

const findAll = (selector, elem) => {
    if (!elem) {
        elem = document
    }
    return [...elem.querySelectorAll(selector)]
}

const dom = {
    getStaticRow: (key, value) => {
        const envRow = templateEnvRow.content.cloneNode(true)
        const isObj = typeof value === 'object' && value !== null
        const values = isObj ? Object.keys(value).map((k) => `${k}: ${value[k]}`) : null

        const valuesElement = htmlToElements(
            values ? `<ul>${values.map((val) => `<li>${val}</li>`).join('')}<ul>` : `<div>${value}</div>`)[0]
        const td = findAll('td', envRow)
        td[0].textContent = key
        td[1].appendChild(valuesElement)

        return envRow
    },
    getResultTBody: ({ testId, id, log, extras, resultsTableRow, tableHtml, result, collapsed }) => {
        const resultBody = templateResult.content.cloneNode(true)
        resultBody.querySelector('tbody').classList.add(result.toLowerCase())
        resultBody.querySelector('tbody').id = testId
        resultBody.querySelector('.collapsible').dataset.id = id

        resultsTableRow.forEach((html) => {
            const t = document.createElement('template')
            t.innerHTML = html
            resultBody.querySelector('.collapsible').appendChild(t.content)
        })

        if (log) {
            // Wrap lines starting with "E" with span.error to color those lines red
            const wrappedLog = log.replace(/^E.*$/gm, (match) => `<span class="error">${match}</span>`)
            resultBody.querySelector('.log').innerHTML = wrappedLog
        } else {
            resultBody.querySelector('.log').remove()
        }

        if (collapsed) {
            resultBody.querySelector('.collapsible > .col-result')?.classList.add('collapsed')
            resultBody.querySelector('.extras-row').classList.add('hidden')
        } else {
            resultBody.querySelector('.collapsible > .col-result')?.classList.remove('collapsed')
        }

        const media = []
        extras?.forEach(({ name, format_type, content }) => {
            if (['image', 'video'].includes(format_type)) {
                media.push({ path: content, name, format_type })
            }

            if (format_type === 'html') {
                resultBody.querySelector('.extraHTML').insertAdjacentHTML('beforeend', `<div>${content}</div>`)
            }
        })
        mediaViewer.setup(resultBody, media)

        // Add custom html from the pytest_html_results_table_html hook
        tableHtml?.forEach((item) => {
            resultBody.querySelector('td[class="extra"]').insertAdjacentHTML('beforeend', item)
        })

        return resultBody
    },
}

module.exports = {
    dom,
    htmlToElements,
    find,
    findAll,
}

},{"./mediaviewer.js":6}],3:[function(require,module,exports){
const { manager } = require('./datamanager.js')
const { doSort } = require('./sort.js')
const storageModule = require('./storage.js')

const getFilteredSubSet = (filter) =>
    manager.allData.tests.filter(({ result }) => filter.includes(result.toLowerCase()))

const doInitFilter = () => {
    const currentFilter = storageModule.getVisible()
    const filteredSubset = getFilteredSubSet(currentFilter)
    manager.setRender(filteredSubset)
}

const doFilter = (type, show) => {
    if (show) {
        storageModule.showCategory(type)
    } else {
        storageModule.hideCategory(type)
    }

    const currentFilter = storageModule.getVisible()
    const filteredSubset = getFilteredSubSet(currentFilter)
    manager.setRender(filteredSubset)

    const sortColumn = storageModule.getSort()
    doSort(sortColumn, true)
}

module.exports = {
    doFilter,
    doInitFilter,
}

},{"./datamanager.js":1,"./sort.js":7,"./storage.js":8}],4:[function(require,module,exports){
const { redraw, bindEvents, renderStatic } = require('./main.js')
const { doInitFilter } = require('./filter.js')
const { doInitSort } = require('./sort.js')
const { manager } = require('./datamanager.js')
const data = JSON.parse(document.getElementById('data-container').dataset.jsonblob)

function init() {
    manager.setManager(data)
    doInitFilter()
    doInitSort()
    renderStatic()
    redraw()
    bindEvents()
}

init()

},{"./datamanager.js":1,"./filter.js":3,"./main.js":5,"./sort.js":7}],5:[function(require,module,exports){
const { dom, find, findAll } = require('./dom.js')
const { manager } = require('./datamanager.js')
const { doSort } = require('./sort.js')
const { doFilter } = require('./filter.js')
const {
    getVisible,
    getCollapsedIds,
    setCollapsedIds,
    getSort,
    getSortDirection,
    possibleFilters,
} = require('./storage.js')

const removeChildren = (node) => {
    while (node.firstChild) {
        node.removeChild(node.firstChild)
    }
}

const renderStatic = () => {
    const renderEnvironmentTable = () => {
        const environment = manager.environment
        const rows = Object.keys(environment).map((key) => dom.getStaticRow(key, environment[key]))
        const table = document.getElementById('environment')
        removeChildren(table)
        rows.forEach((row) => table.appendChild(row))
    }
    renderEnvironmentTable()
}

const addItemToggleListener = (elem) => {
    elem.addEventListener('click', ({ target }) => {
        const id = target.parentElement.dataset.id
        manager.toggleCollapsedItem(id)

        const collapsedIds = getCollapsedIds()
        if (collapsedIds.includes(id)) {
            const updated = collapsedIds.filter((item) => item !== id)
            setCollapsedIds(updated)
        } else {
            collapsedIds.push(id)
            setCollapsedIds(collapsedIds)
        }
        redraw()
    })
}

const renderContent = (tests) => {
    const sortAttr = getSort(manager.initialSort)
    const sortAsc = JSON.parse(getSortDirection())
    const rows = tests.map(dom.getResultTBody)
    const table = document.getElementById('results-table')
    const tableHeader = document.getElementById('results-table-head')

    const newTable = document.createElement('table')
    newTable.id = 'results-table'

    // remove all sorting classes and set the relevant
    findAll('.sortable', tableHeader).forEach((elem) => elem.classList.remove('asc', 'desc'))
    tableHeader.querySelector(`.sortable[data-column-type="${sortAttr}"]`)?.classList.add(sortAsc ? 'desc' : 'asc')
    newTable.appendChild(tableHeader)

    if (!rows.length) {
        const emptyTable = document.getElementById('template_results-table__body--empty').content.cloneNode(true)
        newTable.appendChild(emptyTable)
    } else {
        rows.forEach((row) => {
            if (!!row) {
                findAll('.collapsible td:not(.col-links', row).forEach(addItemToggleListener)
                find('.logexpander', row).addEventListener('click',
                    (evt) => evt.target.parentNode.classList.toggle('expanded'),
                )
                newTable.appendChild(row)
            }
        })
    }

    table.replaceWith(newTable)
}

const renderDerived = () => {
    const currentFilter = getVisible()
    possibleFilters.forEach((result) => {
        const input = document.querySelector(`input[data-test-result="${result}"]`)
        input.checked = currentFilter.includes(result)
    })
}

const bindEvents = () => {
    const filterColumn = (evt) => {
        const { target: element } = evt
        const { testResult } = element.dataset

        doFilter(testResult, element.checked)
        const collapsedIds = getCollapsedIds()
        const updated = manager.renderData.tests.map((test) => {
            return {
                ...test,
                collapsed: collapsedIds.includes(test.id),
            }
        })
        manager.setRender(updated)
        redraw()
    }

    const header = document.getElementById('environment-header')
    header.addEventListener('click', () => {
        const table = document.getElementById('environment')
        table.classList.toggle('hidden')
        header.classList.toggle('collapsed')
    })

    findAll('input[name="filter_checkbox"]').forEach((elem) => {
        elem.addEventListener('click', filterColumn)
    })

    findAll('.sortable').forEach((elem) => {
        elem.addEventListener('click', (evt) => {
            const { target: element } = evt
            const { columnType } = element.dataset
            doSort(columnType)
            redraw()
        })
    })

    document.getElementById('show_all_details').addEventListener('click', () => {
        manager.allCollapsed = false
        setCollapsedIds([])
        redraw()
    })
    document.getElementById('hide_all_details').addEventListener('click', () => {
        manager.allCollapsed = true
        const allIds = manager.renderData.tests.map((test) => test.id)
        setCollapsedIds(allIds)
        redraw()
    })
}

const redraw = () => {
    const { testSubset } = manager

    renderContent(testSubset)
    renderDerived()
}

module.exports = {
    redraw,
    bindEvents,
    renderStatic,
}

},{"./datamanager.js":1,"./dom.js":2,"./filter.js":3,"./sort.js":7,"./storage.js":8}],6:[function(require,module,exports){
class MediaViewer {
    constructor(assets) {
        this.assets = assets
        this.index = 0
    }

    nextActive() {
        this.index = this.index === this.assets.length - 1 ? 0 : this.index + 1
        return [this.activeFile, this.index]
    }

    prevActive() {
        this.index = this.index === 0 ? this.assets.length - 1 : this.index -1
        return [this.activeFile, this.index]
    }

    get currentIndex() {
        return this.index
    }

    get activeFile() {
        return this.assets[this.index]
    }
}


const setup = (resultBody, assets) => {
    if (!assets.length) {
        resultBody.querySelector('.media').classList.add('hidden')
        return
    }

    const mediaViewer = new MediaViewer(assets)
    const container = resultBody.querySelector('.media-container')
    const leftArrow = resultBody.querySelector('.media-container__nav--left')
    const rightArrow = resultBody.querySelector('.media-container__nav--right')
    const mediaName = resultBody.querySelector('.media__name')
    const counter = resultBody.querySelector('.media__counter')
    const imageEl = resultBody.querySelector('img')
    const sourceEl = resultBody.querySelector('source')
    const videoEl = resultBody.querySelector('video')

    const setImg = (media, index) => {
        if (media?.format_type === 'image') {
            imageEl.src = media.path

            imageEl.classList.remove('hidden')
            videoEl.classList.add('hidden')
        } else if (media?.format_type === 'video') {
            sourceEl.src = media.path

            videoEl.classList.remove('hidden')
            imageEl.classList.add('hidden')
        }

        mediaName.innerText = media?.name
        counter.innerText = `${index + 1} / ${assets.length}`
    }
    setImg(mediaViewer.activeFile, mediaViewer.currentIndex)

    const moveLeft = () => {
        const [media, index] = mediaViewer.prevActive()
        setImg(media, index)
    }
    const doRight = () => {
        const [media, index] = mediaViewer.nextActive()
        setImg(media, index)
    }
    const openImg = () => {
        window.open(mediaViewer.activeFile.path, '_blank')
    }
    if (assets.length === 1) {
        container.classList.add('media-container--fullscreen')
    } else {
        leftArrow.addEventListener('click', moveLeft)
        rightArrow.addEventListener('click', doRight)
    }
    imageEl.addEventListener('click', openImg)
}

module.exports = {
    setup,
}

},{}],7:[function(require,module,exports){
const { manager } = require('./datamanager.js')
const storageModule = require('./storage.js')

const genericSort = (list, key, ascending, customOrder) => {
    let sorted
    if (customOrder) {
        sorted = list.sort((a, b) => {
            const aValue = a.result.toLowerCase()
            const bValue = b.result.toLowerCase()

            const aIndex = customOrder.findIndex((item) => item.toLowerCase() === aValue)
            const bIndex = customOrder.findIndex((item) => item.toLowerCase() === bValue)

            // Compare the indices to determine the sort order
            return aIndex - bIndex
        })
    } else {
        sorted = list.sort((a, b) => a[key] === b[key] ? 0 : a[key] > b[key] ? 1 : -1)
    }

    if (ascending) {
        sorted.reverse()
    }
    return sorted
}

const durationSort = (list, ascending) => {
    const parseDuration = (duration) => {
        if (duration.includes(':')) {
            // If it's in the format "HH:mm:ss"
            const [hours, minutes, seconds] = duration.split(':').map(Number)
            return (hours * 3600 + minutes * 60 + seconds) * 1000
        } else {
            // If it's in the format "nnn ms"
            return parseInt(duration)
        }
    }
    const sorted = list.sort((a, b) => parseDuration(a['duration']) - parseDuration(b['duration']))
    if (ascending) {
        sorted.reverse()
    }
    return sorted
}

const doInitSort = () => {
    const type = storageModule.getSort(manager.initialSort)
    const ascending = storageModule.getSortDirection()
    const list = manager.testSubset
    const initialOrder = ['Error', 'Failed', 'Rerun', 'XFailed', 'XPassed', 'Skipped', 'Passed']

    storageModule.setSort(type)
    storageModule.setSortDirection(ascending)

    if (type?.toLowerCase() === 'original') {
        manager.setRender(list)
    } else {
        let sortedList
        switch (type) {
        case 'duration':
            sortedList = durationSort(list, ascending)
            break
        case 'result':
            sortedList = genericSort(list, type, ascending, initialOrder)
            break
        default:
            sortedList = genericSort(list, type, ascending)
            break
        }
        manager.setRender(sortedList)
    }
}

const doSort = (type, skipDirection) => {
    const newSortType = storageModule.getSort(manager.initialSort) !== type
    const currentAsc = storageModule.getSortDirection()
    let ascending
    if (skipDirection) {
        ascending = currentAsc
    } else {
        ascending = newSortType ? false : !currentAsc
    }
    storageModule.setSort(type)
    storageModule.setSortDirection(ascending)

    const list = manager.testSubset
    const sortedList = type === 'duration' ? durationSort(list, ascending) : genericSort(list, type, ascending)
    manager.setRender(sortedList)
}

module.exports = {
    doInitSort,
    doSort,
}

},{"./datamanager.js":1,"./storage.js":8}],8:[function(require,module,exports){
const possibleFilters = [
    'passed',
    'skipped',
    'failed',
    'error',
    'xfailed',
    'xpassed',
    'rerun',
]

const getVisible = () => {
    const url = new URL(window.location.href)
    const settings = new URLSearchParams(url.search).get('visible')
    const lower = (item) => {
        const lowerItem = item.toLowerCase()
        if (possibleFilters.includes(lowerItem)) {
            return lowerItem
        }
        return null
    }
    return settings === null ?
        possibleFilters :
        [...new Set(settings?.split(',').map(lower).filter((item) => item))]
}

const hideCategory = (categoryToHide) => {
    const url = new URL(window.location.href)
    const visibleParams = new URLSearchParams(url.search).get('visible')
    const currentVisible = visibleParams ? visibleParams.split(',') : [...possibleFilters]
    const settings = [...new Set(currentVisible)].filter((f) => f !== categoryToHide).join(',')

    url.searchParams.set('visible', settings)
    window.history.pushState({}, null, unescape(url.href))
}

const showCategory = (categoryToShow) => {
    if (typeof window === 'undefined') {
        return
    }
    const url = new URL(window.location.href)
    const currentVisible = new URLSearchParams(url.search).get('visible')?.split(',').filter(Boolean) ||
        [...possibleFilters]
    const settings = [...new Set([categoryToShow, ...currentVisible])]
    const noFilter = possibleFilters.length === settings.length || !settings.length

    noFilter ? url.searchParams.delete('visible') : url.searchParams.set('visible', settings.join(','))
    window.history.pushState({}, null, unescape(url.href))
}

const getSort = (initialSort) => {
    const url = new URL(window.location.href)
    let sort = new URLSearchParams(url.search).get('sort')
    if (!sort) {
        sort = initialSort || 'result'
    }
    return sort
}

const setSort = (type) => {
    const url = new URL(window.location.href)
    url.searchParams.set('sort', type)
    window.history.pushState({}, null, unescape(url.href))
}

const getCollapsedCategory = (renderCollapsed) => {
    let categories
    if (typeof window !== 'undefined') {
        const url = new URL(window.location.href)
        const collapsedItems = new URLSearchParams(url.search).get('collapsed')
        switch (true) {
        case !renderCollapsed && collapsedItems === null:
            categories = ['passed']
            break
        case collapsedItems?.length === 0 || /^["']{2}$/.test(collapsedItems):
            categories = []
            break
        case /^all$/.test(collapsedItems) || collapsedItems === null && /^all$/.test(renderCollapsed):
            categories = [...possibleFilters]
            break
        default:
            categories = collapsedItems?.split(',').map((item) => item.toLowerCase()) || renderCollapsed
            break
        }
    } else {
        categories = []
    }
    return categories
}

const getSortDirection = () => JSON.parse(sessionStorage.getItem('sortAsc')) || false
const setSortDirection = (ascending) => sessionStorage.setItem('sortAsc', ascending)

const getCollapsedIds = () => JSON.parse(sessionStorage.getItem('collapsedIds')) || []
const setCollapsedIds = (list) => sessionStorage.setItem('collapsedIds', JSON.stringify(list))

module.exports = {
    getVisible,
    hideCategory,
    showCategory,
    getCollapsedIds,
    setCollapsedIds,
    getSort,
    setSort,
    getSortDirection,
    setSortDirection,
    getCollapsedCategory,
    possibleFilters,
}

},{}]},{},[4]);
    </script>
  </footer>
  </body>
</html>