<?xml version="1.0" encoding="UTF-8"?>
<robot generator="Robot 7.4.1 (Python 3.13.0 on win32)" generated="2026-02-07T11:41:50.684496" rpa="false" schemaversion="5">
<suite id="s1" name="P10" source="C:\Users\Neeraja\Desktop\Wipro_Practice\Practice\P10.robot">
<kw name="Open Application" type="SETUP">
<kw name="Open Browser" owner="SeleniumLibrary">
<msg time="2026-02-07T11:41:50.925429" level="INFO">Opening browser 'Chrome' to base url 'https://opensource-demo.orangehrmlive.com/web/index.php/auth/login'.</msg>
<arg>${URL}</arg>
<arg>${BROWSER}</arg>
<doc>Opens a new browser instance to the optional ``url``.</doc>
<status status="PASS" start="2026-02-07T11:41:50.925201" elapsed="18.648449"/>
</kw>
<kw name="Maximize Browser Window" owner="SeleniumLibrary">
<doc>Maximizes current browser window.</doc>
<status status="PASS" start="2026-02-07T11:42:09.574044" elapsed="0.031049"/>
</kw>
<status status="PASS" start="2026-02-07T11:41:50.924596" elapsed="18.680681"/>
</kw>
<test id="s1-t1" name="Login using Data Driven" line="27">
<kw name="Login OrangHRm">
<kw name="Go To" owner="SeleniumLibrary">
<msg time="2026-02-07T11:42:09.607499" level="INFO">Opening url 'https://opensource-demo.orangehrmlive.com/web/index.php/auth/login'</msg>
<arg>${URL}</arg>
<doc>Navigates the current browser window to the provided ``url``.</doc>
<status status="PASS" start="2026-02-07T11:42:09.607232" elapsed="0.807476"/>
</kw>
<kw name="Wait Until Element Is Visible" owner="SeleniumLibrary">
<arg>name=username</arg>
<arg>10s</arg>
<doc>Waits until the element ``locator`` is visible.</doc>
<status status="PASS" start="2026-02-07T11:42:10.415005" elapsed="3.911288"/>
</kw>
<kw name="Input Text" owner="SeleniumLibrary">
<msg time="2026-02-07T11:42:14.326821" level="INFO">Typing text 'Admin' into text field 'name=username'.</msg>
<arg>name=username</arg>
<arg>${username}</arg>
<doc>Types the given ``text`` into the text field identified by ``locator``.</doc>
<status status="PASS" start="2026-02-07T11:42:14.326471" elapsed="0.106787"/>
</kw>
<kw name="Input Text" owner="SeleniumLibrary">
<msg time="2026-02-07T11:42:14.433934" level="INFO">Typing text 'admin123' into text field 'name=password'.</msg>
<arg>name=password</arg>
<arg>${password}</arg>
<doc>Types the given ``text`` into the text field identified by ``locator``.</doc>
<status status="PASS" start="2026-02-07T11:42:14.433524" elapsed="0.103796"/>
</kw>
<kw name="Click Button" owner="SeleniumLibrary">
<msg time="2026-02-07T11:42:14.537719" level="INFO">Clicking button 'xpath=//button[@type='submit']'.</msg>
<arg>xpath=//button[@type='submit']</arg>
<doc>Clicks the button identified by ``locator``.</doc>
<status status="PASS" start="2026-02-07T11:42:14.537516" elapsed="0.095722"/>
</kw>
<kw name="Click Element" owner="SeleniumLibrary">
<msg time="2026-02-07T11:42:14.633623" level="INFO">Clicking element 'xpath=//span[@class='oxd-userdropdown-tab']'.</msg>
<msg time="2026-02-07T11:42:20.400891" level="INFO" html="true">&lt;/td&gt;&lt;/tr&gt;&lt;tr&gt;&lt;td colspan="3"&gt;&lt;a href="selenium-screenshot-24.png"&gt;&lt;img src="selenium-screenshot-24.png" width="800px"&gt;&lt;/a&gt;</msg>
<msg time="2026-02-07T11:42:20.401081" level="FAIL">Element with locator 'xpath=//span[@class='oxd-userdropdown-tab']' not found.</msg>
<arg>xpath=//span[@class='oxd-userdropdown-tab']</arg>
<doc>Click the element identified by ``locator``.</doc>
<status status="FAIL" start="2026-02-07T11:42:14.633439" elapsed="5.770837">Element with locator 'xpath=//span[@class='oxd-userdropdown-tab']' not found.</status>
</kw>
<kw name="Wait Until Element Is Visible" owner="SeleniumLibrary">
<arg>xpath=//a[text()='Logout']</arg>
<arg>10s</arg>
<doc>Waits until the element ``locator`` is visible.</doc>
<status status="NOT RUN" start="2026-02-07T11:42:20.404552" elapsed="0.000035"/>
</kw>
<kw name="Click Element" owner="SeleniumLibrary">
<arg>xpath=//a[text()='Logout']</arg>
<doc>Click the element identified by ``locator``.</doc>
<status status="NOT RUN" start="2026-02-07T11:42:20.404674" elapsed="0.000023"/>
</kw>
<kw name="Wait Until Element Is Visible" owner="SeleniumLibrary">
<arg>name=username</arg>
<arg>15s</arg>
<doc>Waits until the element ``locator`` is visible.</doc>
<status status="NOT RUN" start="2026-02-07T11:42:20.404773" elapsed="0.000023"/>
</kw>
<arg>Admin</arg>
<arg>admin123</arg>
<status status="FAIL" start="2026-02-07T11:42:09.606426" elapsed="10.798480">Element with locator 'xpath=//span[@class='oxd-userdropdown-tab']' not found.</status>
</kw>
<kw name="Login OrangHRm">
<kw name="Go To" owner="SeleniumLibrary">
<msg time="2026-02-07T11:42:20.405683" level="INFO">Opening url 'https://opensource-demo.orangehrmlive.com/web/index.php/auth/login'</msg>
<arg>${URL}</arg>
<doc>Navigates the current browser window to the provided ``url``.</doc>
<status status="PASS" start="2026-02-07T11:42:20.405568" elapsed="5.805036"/>
</kw>
<kw name="Wait Until Element Is Visible" owner="SeleniumLibrary">
<msg time="2026-02-07T11:42:36.470439" level="INFO" html="true">&lt;/td&gt;&lt;/tr&gt;&lt;tr&gt;&lt;td colspan="3"&gt;&lt;a href="selenium-screenshot-25.png"&gt;&lt;img src="selenium-screenshot-25.png" width="800px"&gt;&lt;/a&gt;</msg>
<msg time="2026-02-07T11:42:36.470584" level="FAIL">Element 'name=username' not visible after 10 seconds.</msg>
<arg>name=username</arg>
<arg>10s</arg>
<doc>Waits until the element ``locator`` is visible.</doc>
<status status="FAIL" start="2026-02-07T11:42:26.210848" elapsed="10.260856">Element 'name=username' not visible after 10 seconds.</status>
</kw>
<kw name="Input Text" owner="SeleniumLibrary">
<arg>name=username</arg>
<arg>${username}</arg>
<doc>Types the given ``text`` into the text field identified by ``locator``.</doc>
<status status="NOT RUN" start="2026-02-07T11:42:36.471850" elapsed="0.000030"/>
</kw>
<kw name="Input Text" owner="SeleniumLibrary">
<arg>name=password</arg>
<arg>${password}</arg>
<doc>Types the given ``text`` into the text field identified by ``locator``.</doc>
<status status="NOT RUN" start="2026-02-07T11:42:36.471962" elapsed="0.000022"/>
</kw>
<kw name="Click Button" owner="SeleniumLibrary">
<arg>xpath=//button[@type='submit']</arg>
<doc>Clicks the button identified by ``locator``.</doc>
<status status="NOT RUN" start="2026-02-07T11:42:36.472060" elapsed="0.000021"/>
</kw>
<kw name="Click Element" owner="SeleniumLibrary">
<arg>xpath=//span[@class='oxd-userdropdown-tab']</arg>
<doc>Click the element identified by ``locator``.</doc>
<status status="NOT RUN" start="2026-02-07T11:42:36.472152" elapsed="0.000020"/>
</kw>
<kw name="Wait Until Element Is Visible" owner="SeleniumLibrary">
<arg>xpath=//a[text()='Logout']</arg>
<arg>10s</arg>
<doc>Waits until the element ``locator`` is visible.</doc>
<status status="NOT RUN" start="2026-02-07T11:42:36.472241" elapsed="0.000021"/>
</kw>
<kw name="Click Element" owner="SeleniumLibrary">
<arg>xpath=//a[text()='Logout']</arg>
<doc>Click the element identified by ``locator``.</doc>
<status status="NOT RUN" start="2026-02-07T11:42:36.472333" elapsed="0.000020"/>
</kw>
<kw name="Wait Until Element Is Visible" owner="SeleniumLibrary">
<arg>name=username</arg>
<arg>15s</arg>
<doc>Waits until the element ``locator`` is visible.</doc>
<status status="NOT RUN" start="2026-02-07T11:42:36.472419" elapsed="0.000020"/>
</kw>
<arg>Admin</arg>
<arg>wrongpass</arg>
<status status="FAIL" start="2026-02-07T11:42:20.405281" elapsed="16.067247">Element 'name=username' not visible after 10 seconds.</status>
</kw>
<status status="FAIL" start="2026-02-07T11:42:09.605416" elapsed="26.867532">Several failures occurred:

1) Element with locator 'xpath=//span[@class='oxd-userdropdown-tab']' not found.

2) Element 'name=username' not visible after 10 seconds.</status>
</test>
<kw name="Close Browser" owner="SeleniumLibrary" type="TEARDOWN">
<doc>Closes the current browser.</doc>
<status status="PASS" start="2026-02-07T11:42:36.474107" elapsed="2.194185"/>
</kw>
<status status="FAIL" start="2026-02-07T11:41:50.685863" elapsed="47.982742"/>
</suite>
<statistics>
<total>
<stat pass="0" fail="1" skip="0">All Tests</stat>
</total>
<tag>
</tag>
<suite>
<stat name="P10" id="s1" pass="0" fail="1" skip="0">P10</stat>
</suite>
</statistics>
<errors>
</errors>
</robot>
