<?xml version="1.0" encoding="UTF-8"?>
<robot generator="Robot 7.4.1 (Python 3.13.0 on win32)" generated="2026-02-22T16:07:47.621566" rpa="false" schemaversion="5">
<suite id="s1" name="Tests" source="C:\Users\Neeraja\Desktop\Wipro_Practice\Capstone_Project\robot-framework\tests">
<suite id="s1-s1" name="00 User Registration" source="C:\Users\Neeraja\Desktop\Wipro_Practice\Capstone_Project\robot-framework\tests\00_user_registration.robot">
<kw name="Open Application" owner="common" type="SETUP">
<kw name="Open Browser" owner="SeleniumLibrary">
<msg time="2026-02-22T16:07:48.011812" level="INFO">Opening browser 'firefox' to base url 'https://practice.automationtesting.in/'.</msg>
<arg>${URL}</arg>
<arg>${browser}</arg>
<doc>Opens a new browser instance to the optional ``url``.</doc>
<status status="PASS" start="2026-02-22T16:07:48.010845" elapsed="18.499414"/>
</kw>
<kw name="Maximize Browser Window" owner="SeleniumLibrary">
<doc>Maximizes current browser window.</doc>
<status status="PASS" start="2026-02-22T16:08:06.510663" elapsed="0.289335"/>
</kw>
<kw name="Set Selenium Timeout" owner="SeleniumLibrary">
<arg>${TIMEOUT}</arg>
<doc>Sets the timeout that is used by various keywords.</doc>
<status status="PASS" start="2026-02-22T16:08:06.800369" elapsed="0.005866"/>
</kw>
<status status="PASS" start="2026-02-22T16:07:48.005770" elapsed="18.800936"/>
</kw>
<test id="s1-s1-t1" name="User1" line="10">
<kw name="Register User">
<if>
<branch type="IF" condition="'${EXPECTED}' != 'PASS'">
<kw name="Skip" owner="BuiltIn">
<arg>Not registration user</arg>
<doc>Skips the rest of the current test.</doc>
<status status="NOT RUN" start="2026-02-22T16:08:06.811566" elapsed="0.000075"/>
</kw>
<status status="NOT RUN" start="2026-02-22T16:08:06.811234" elapsed="0.000520"/>
</branch>
<status status="PASS" start="2026-02-22T16:08:06.811153" elapsed="0.000700"/>
</if>
<kw name="Go To" owner="SeleniumLibrary">
<msg time="2026-02-22T16:08:06.812236" level="INFO">Opening url 'https://practice.automationtesting.in/my-account/'</msg>
<arg>https://practice.automationtesting.in/my-account/</arg>
<doc>Navigates the current browser window to the provided ``url``.</doc>
<status status="PASS" start="2026-02-22T16:08:06.812043" elapsed="1.524202"/>
</kw>
<kw name="Wait Until Page Contains Element" owner="SeleniumLibrary">
<arg>id=reg_email</arg>
<doc>Waits until the element ``locator`` appears on the current page.</doc>
<status status="PASS" start="2026-02-22T16:08:08.336502" elapsed="0.117046"/>
</kw>
<kw name="Input Text" owner="SeleniumLibrary">
<msg time="2026-02-22T16:08:08.454280" level="INFO">Typing text 'testuser12@test.com' into text field 'id=reg_email'.</msg>
<arg>id=reg_email</arg>
<arg>${EMAIL}</arg>
<doc>Types the given ``text`` into the text field identified by ``locator``.</doc>
<status status="PASS" start="2026-02-22T16:08:08.453879" elapsed="0.073784"/>
</kw>
<kw name="Textfield Value Should Be" owner="SeleniumLibrary">
<msg time="2026-02-22T16:08:08.553070" level="INFO">Content of text field 'id=reg_email' is 'testuser12@test.com'.</msg>
<arg>id=reg_email</arg>
<arg>${EMAIL}</arg>
<doc>Verifies text field ``locator`` has exactly text ``expected``.</doc>
<status status="PASS" start="2026-02-22T16:08:08.527823" elapsed="0.025459"/>
</kw>
<kw name="Input Text" owner="SeleniumLibrary">
<msg time="2026-02-22T16:08:08.554186" level="INFO">Typing text 'Omkar@2003' into text field 'id=reg_password'.</msg>
<arg>id=reg_password</arg>
<arg>${PASSWORD}</arg>
<doc>Types the given ``text`` into the text field identified by ``locator``.</doc>
<status status="PASS" start="2026-02-22T16:08:08.553672" elapsed="0.071503"/>
</kw>
<kw name="Element Should Be Visible" owner="SeleniumLibrary">
<msg time="2026-02-22T16:08:08.638304" level="INFO">Element 'id=reg_password' is displayed.</msg>
<arg>id=reg_password</arg>
<doc>Verifies that the element identified by ``locator`` is visible.</doc>
<status status="PASS" start="2026-02-22T16:08:08.625397" elapsed="0.012993"/>
</kw>
<kw name="Click Button" owner="SeleniumLibrary">
<msg time="2026-02-22T16:08:08.638732" level="INFO">Clicking button 'name=register'.</msg>
<arg>name=register</arg>
<doc>Clicks the button identified by ``locator``.</doc>
<status status="PASS" start="2026-02-22T16:08:08.638533" elapsed="0.579885"/>
</kw>
<kw name="Wait Until Keyword Succeeds" owner="BuiltIn">
<kw name="Check Registration Result">
<kw name="Run Keyword And Return Status" owner="BuiltIn">
<kw name="Page Should Contain" owner="SeleniumLibrary">
<msg time="2026-02-22T16:08:09.771053" level="INFO" html="true">&lt;/td&gt;&lt;/tr&gt;&lt;tr&gt;&lt;td colspan="3"&gt;&lt;a href="selenium-screenshot-1.png"&gt;&lt;img src="selenium-screenshot-1.png" width="800px"&gt;&lt;/a&gt;</msg>
<msg time="2026-02-22T16:08:09.771235" level="FAIL">Page should have contained text 'Logout' but did not.</msg>
<arg>Logout</arg>
<doc>Verifies that current page contains ``text``.</doc>
<status status="FAIL" start="2026-02-22T16:08:09.220778" elapsed="0.622798">Page should have contained text 'Logout' but did not.</status>
</kw>
<msg time="2026-02-22T16:08:09.843800" level="INFO">${logout} = False</msg>
<var>${logout}</var>
<arg>Page Should Contain</arg>
<arg>Logout</arg>
<doc>Runs the specified keyword and returns the status as a Boolean value.</doc>
<status status="PASS" start="2026-02-22T16:08:09.220279" elapsed="0.623571"/>
</kw>
<kw name="Run Keyword And Return Status" owner="BuiltIn">
<kw name="Page Should Contain" owner="SeleniumLibrary">
<msg time="2026-02-22T16:08:10.091098" level="INFO" html="true">&lt;/td&gt;&lt;/tr&gt;&lt;tr&gt;&lt;td colspan="3"&gt;&lt;a href="selenium-screenshot-2.png"&gt;&lt;img src="selenium-screenshot-2.png" width="800px"&gt;&lt;/a&gt;</msg>
<msg time="2026-02-22T16:08:10.091250" level="FAIL">Page should have contained text 'already registered' but did not.</msg>
<arg>already registered</arg>
<doc>Verifies that current page contains ``text``.</doc>
<status status="FAIL" start="2026-02-22T16:08:09.844900" elapsed="0.247333">Page should have contained text 'already registered' but did not.</status>
</kw>
<msg time="2026-02-22T16:08:10.092433" level="INFO">${exists} = False</msg>
<var>${exists}</var>
<arg>Page Should Contain</arg>
<arg>already registered</arg>
<doc>Runs the specified keyword and returns the status as a Boolean value.</doc>
<status status="PASS" start="2026-02-22T16:08:09.844064" elapsed="0.248402"/>
</kw>
<if>
<branch type="IF" condition="${logout} or ${exists}">
<kw name="Log" owner="BuiltIn">
<arg>Registration successful (new user or already registered)</arg>
<doc>Logs the given message with the given level.</doc>
<status status="NOT RUN" start="2026-02-22T16:08:10.092836" elapsed="0.000033"/>
</kw>
<status status="NOT RUN" start="2026-02-22T16:08:10.092581" elapsed="0.000331"/>
</branch>
<branch type="ELSE">
<kw name="Fail" owner="BuiltIn">
<msg time="2026-02-22T16:08:10.093339" level="FAIL">Registration failed - no expected result found</msg>
<arg>Registration failed - no expected result found</arg>
<doc>Fails the test with the given message and optionally alters its tags.</doc>
<status status="FAIL" start="2026-02-22T16:08:10.093045" elapsed="0.000365">Registration failed - no expected result found</status>
</kw>
<status status="FAIL" start="2026-02-22T16:08:10.092957" elapsed="0.000543">Registration failed - no expected result found</status>
</branch>
<status status="FAIL" start="2026-02-22T16:08:10.092551" elapsed="0.000995">Registration failed - no expected result found</status>
</if>
<status status="FAIL" start="2026-02-22T16:08:09.219812" elapsed="0.873838">Registration failed - no expected result found</status>
</kw>
<kw name="Check Registration Result">
<kw name="Run Keyword And Return Status" owner="BuiltIn">
<kw name="Page Should Contain" owner="SeleniumLibrary">
<msg time="2026-02-22T16:08:12.275441" level="INFO" html="true">&lt;/td&gt;&lt;/tr&gt;&lt;tr&gt;&lt;td colspan="3"&gt;&lt;a href="selenium-screenshot-3.png"&gt;&lt;img src="selenium-screenshot-3.png" width="800px"&gt;&lt;/a&gt;</msg>
<msg time="2026-02-22T16:08:12.275664" level="FAIL">Page should have contained text 'Logout' but did not.</msg>
<arg>Logout</arg>
<doc>Verifies that current page contains ``text``.</doc>
<status status="FAIL" start="2026-02-22T16:08:12.098758" elapsed="0.177912">Page should have contained text 'Logout' but did not.</status>
</kw>
<msg time="2026-02-22T16:08:12.276959" level="INFO">${logout} = False</msg>
<var>${logout}</var>
<arg>Page Should Contain</arg>
<arg>Logout</arg>
<doc>Runs the specified keyword and returns the status as a Boolean value.</doc>
<status status="PASS" start="2026-02-22T16:08:12.096868" elapsed="0.180139"/>
</kw>
<kw name="Run Keyword And Return Status" owner="BuiltIn">
<kw name="Page Should Contain" owner="SeleniumLibrary">
<msg time="2026-02-22T16:08:12.436112" level="INFO" html="true">&lt;/td&gt;&lt;/tr&gt;&lt;tr&gt;&lt;td colspan="3"&gt;&lt;a href="selenium-screenshot-4.png"&gt;&lt;img src="selenium-screenshot-4.png" width="800px"&gt;&lt;/a&gt;</msg>
<msg time="2026-02-22T16:08:12.436349" level="FAIL">Page should have contained text 'already registered' but did not.</msg>
<arg>already registered</arg>
<doc>Verifies that current page contains ``text``.</doc>
<status status="FAIL" start="2026-02-22T16:08:12.278201" elapsed="0.158971">Page should have contained text 'already registered' but did not.</status>
</kw>
<msg time="2026-02-22T16:08:12.437404" level="INFO">${exists} = False</msg>
<var>${exists}</var>
<arg>Page Should Contain</arg>
<arg>already registered</arg>
<doc>Runs the specified keyword and returns the status as a Boolean value.</doc>
<status status="PASS" start="2026-02-22T16:08:12.277310" elapsed="0.160126"/>
</kw>
<if>
<branch type="IF" condition="${logout} or ${exists}">
<kw name="Log" owner="BuiltIn">
<arg>Registration successful (new user or already registered)</arg>
<doc>Logs the given message with the given level.</doc>
<status status="NOT RUN" start="2026-02-22T16:08:12.437774" elapsed="0.000047"/>
</kw>
<status status="NOT RUN" start="2026-02-22T16:08:12.437546" elapsed="0.000318"/>
</branch>
<branch type="ELSE">
<kw name="Fail" owner="BuiltIn">
<msg time="2026-02-22T16:08:12.438279" level="FAIL">Registration failed - no expected result found</msg>
<arg>Registration failed - no expected result found</arg>
<doc>Fails the test with the given message and optionally alters its tags.</doc>
<status status="FAIL" start="2026-02-22T16:08:12.437990" elapsed="0.000357">Registration failed - no expected result found</status>
</kw>
<status status="FAIL" start="2026-02-22T16:08:12.437903" elapsed="0.000516">Registration failed - no expected result found</status>
</branch>
<status status="FAIL" start="2026-02-22T16:08:12.437519" elapsed="0.000943">Registration failed - no expected result found</status>
</if>
<status status="FAIL" start="2026-02-22T16:08:12.094627" elapsed="0.343924">Registration failed - no expected result found</status>
</kw>
<kw name="Check Registration Result">
<kw name="Run Keyword And Return Status" owner="BuiltIn">
<kw name="Page Should Contain" owner="SeleniumLibrary">
<msg time="2026-02-22T16:08:14.584647" level="INFO" html="true">&lt;/td&gt;&lt;/tr&gt;&lt;tr&gt;&lt;td colspan="3"&gt;&lt;a href="selenium-screenshot-5.png"&gt;&lt;img src="selenium-screenshot-5.png" width="800px"&gt;&lt;/a&gt;</msg>
<msg time="2026-02-22T16:08:14.584785" level="FAIL">Page should have contained text 'Logout' but did not.</msg>
<arg>Logout</arg>
<doc>Verifies that current page contains ``text``.</doc>
<status status="FAIL" start="2026-02-22T16:08:14.439971" elapsed="0.145382">Page should have contained text 'Logout' but did not.</status>
</kw>
<msg time="2026-02-22T16:08:14.585477" level="INFO">${logout} = False</msg>
<var>${logout}</var>
<arg>Page Should Contain</arg>
<arg>Logout</arg>
<doc>Runs the specified keyword and returns the status as a Boolean value.</doc>
<status status="PASS" start="2026-02-22T16:08:14.439652" elapsed="0.145853"/>
</kw>
<kw name="Run Keyword And Return Status" owner="BuiltIn">
<kw name="Page Should Contain" owner="SeleniumLibrary">
<msg time="2026-02-22T16:08:14.725127" level="INFO" html="true">&lt;/td&gt;&lt;/tr&gt;&lt;tr&gt;&lt;td colspan="3"&gt;&lt;a href="selenium-screenshot-6.png"&gt;&lt;img src="selenium-screenshot-6.png" width="800px"&gt;&lt;/a&gt;</msg>
<msg time="2026-02-22T16:08:14.725314" level="FAIL">Page should have contained text 'already registered' but did not.</msg>
<arg>already registered</arg>
<doc>Verifies that current page contains ``text``.</doc>
<status status="FAIL" start="2026-02-22T16:08:14.585926" elapsed="0.140401">Page should have contained text 'already registered' but did not.</status>
</kw>
<msg time="2026-02-22T16:08:14.726535" level="INFO">${exists} = False</msg>
<var>${exists}</var>
<arg>Page Should Contain</arg>
<arg>already registered</arg>
<doc>Runs the specified keyword and returns the status as a Boolean value.</doc>
<status status="PASS" start="2026-02-22T16:08:14.585640" elapsed="0.140924"/>
</kw>
<if>
<branch type="IF" condition="${logout} or ${exists}">
<kw name="Log" owner="BuiltIn">
<arg>Registration successful (new user or already registered)</arg>
<doc>Logs the given message with the given level.</doc>
<status status="NOT RUN" start="2026-02-22T16:08:14.727190" elapsed="0.000050"/>
</kw>
<status status="NOT RUN" start="2026-02-22T16:08:14.726776" elapsed="0.000505"/>
</branch>
<branch type="ELSE">
<kw name="Fail" owner="BuiltIn">
<msg time="2026-02-22T16:08:14.727676" level="FAIL">Registration failed - no expected result found</msg>
<arg>Registration failed - no expected result found</arg>
<doc>Fails the test with the given message and optionally alters its tags.</doc>
<status status="FAIL" start="2026-02-22T16:08:14.727411" elapsed="0.000324">Registration failed - no expected result found</status>
</kw>
<status status="FAIL" start="2026-02-22T16:08:14.727317" elapsed="0.000482">Registration failed - no expected result found</status>
</branch>
<status status="FAIL" start="2026-02-22T16:08:14.726708" elapsed="0.001128">Registration failed - no expected result found</status>
</if>
<status status="FAIL" start="2026-02-22T16:08:14.439346" elapsed="0.288567">Registration failed - no expected result found</status>
</kw>
<kw name="Check Registration Result">
<kw name="Run Keyword And Return Status" owner="BuiltIn">
<kw name="Page Should Contain" owner="SeleniumLibrary">
<msg time="2026-02-22T16:08:16.905802" level="INFO" html="true">&lt;/td&gt;&lt;/tr&gt;&lt;tr&gt;&lt;td colspan="3"&gt;&lt;a href="selenium-screenshot-7.png"&gt;&lt;img src="selenium-screenshot-7.png" width="800px"&gt;&lt;/a&gt;</msg>
<msg time="2026-02-22T16:08:16.906012" level="FAIL">Page should have contained text 'Logout' but did not.</msg>
<arg>Logout</arg>
<doc>Verifies that current page contains ``text``.</doc>
<status status="FAIL" start="2026-02-22T16:08:16.730828" elapsed="0.176178">Page should have contained text 'Logout' but did not.</status>
</kw>
<msg time="2026-02-22T16:08:16.907253" level="INFO">${logout} = False</msg>
<var>${logout}</var>
<arg>Page Should Contain</arg>
<arg>Logout</arg>
<doc>Runs the specified keyword and returns the status as a Boolean value.</doc>
<status status="PASS" start="2026-02-22T16:08:16.729835" elapsed="0.177535"/>
</kw>
<kw name="Run Keyword And Return Status" owner="BuiltIn">
<kw name="Page Should Contain" owner="SeleniumLibrary">
<msg time="2026-02-22T16:08:17.044069" level="INFO" html="true">&lt;/td&gt;&lt;/tr&gt;&lt;tr&gt;&lt;td colspan="3"&gt;&lt;a href="selenium-screenshot-8.png"&gt;&lt;img src="selenium-screenshot-8.png" width="800px"&gt;&lt;/a&gt;</msg>
<msg time="2026-02-22T16:08:17.044195" level="FAIL">Page should have contained text 'already registered' but did not.</msg>
<arg>already registered</arg>
<doc>Verifies that current page contains ``text``.</doc>
<status status="FAIL" start="2026-02-22T16:08:16.908346" elapsed="0.136404">Page should have contained text 'already registered' but did not.</status>
</kw>
<msg time="2026-02-22T16:08:17.044873" level="INFO">${exists} = False</msg>
<var>${exists}</var>
<arg>Page Should Contain</arg>
<arg>already registered</arg>
<doc>Runs the specified keyword and returns the status as a Boolean value.</doc>
<status status="PASS" start="2026-02-22T16:08:16.907941" elapsed="0.137030"/>
</kw>
<if>
<branch type="IF" condition="${logout} or ${exists}">
<kw name="Log" owner="BuiltIn">
<arg>Registration successful (new user or already registered)</arg>
<doc>Logs the given message with the given level.</doc>
<status status="NOT RUN" start="2026-02-22T16:08:17.045295" elapsed="0.000031"/>
</kw>
<status status="NOT RUN" start="2026-02-22T16:08:17.045087" elapsed="0.000279"/>
</branch>
<branch type="ELSE">
<kw name="Fail" owner="BuiltIn">
<msg time="2026-02-22T16:08:17.045743" level="FAIL">Registration failed - no expected result found</msg>
<arg>Registration failed - no expected result found</arg>
<doc>Fails the test with the given message and optionally alters its tags.</doc>
<status status="FAIL" start="2026-02-22T16:08:17.045482" elapsed="0.000319">Registration failed - no expected result found</status>
</kw>
<status status="FAIL" start="2026-02-22T16:08:17.045401" elapsed="0.000472">Registration failed - no expected result found</status>
</branch>
<status status="FAIL" start="2026-02-22T16:08:17.045061" elapsed="0.000852">Registration failed - no expected result found</status>
</if>
<status status="FAIL" start="2026-02-22T16:08:16.728927" elapsed="0.317069">Registration failed - no expected result found</status>
</kw>
<kw name="Check Registration Result">
<kw name="Run Keyword And Return Status" owner="BuiltIn">
<kw name="Page Should Contain" owner="SeleniumLibrary">
<msg time="2026-02-22T16:08:19.209149" level="INFO" html="true">&lt;/td&gt;&lt;/tr&gt;&lt;tr&gt;&lt;td colspan="3"&gt;&lt;a href="selenium-screenshot-9.png"&gt;&lt;img src="selenium-screenshot-9.png" width="800px"&gt;&lt;/a&gt;</msg>
<msg time="2026-02-22T16:08:19.209273" level="FAIL">Page should have contained text 'Logout' but did not.</msg>
<arg>Logout</arg>
<doc>Verifies that current page contains ``text``.</doc>
<status status="FAIL" start="2026-02-22T16:08:19.049090" elapsed="0.160717">Page should have contained text 'Logout' but did not.</status>
</kw>
<msg time="2026-02-22T16:08:19.209924" level="INFO">${logout} = False</msg>
<var>${logout}</var>
<arg>Page Should Contain</arg>
<arg>Logout</arg>
<doc>Runs the specified keyword and returns the status as a Boolean value.</doc>
<status status="PASS" start="2026-02-22T16:08:19.048198" elapsed="0.161753"/>
</kw>
<kw name="Run Keyword And Return Status" owner="BuiltIn">
<kw name="Page Should Contain" owner="SeleniumLibrary">
<msg time="2026-02-22T16:08:19.344501" level="INFO" html="true">&lt;/td&gt;&lt;/tr&gt;&lt;tr&gt;&lt;td colspan="3"&gt;&lt;a href="selenium-screenshot-10.png"&gt;&lt;img src="selenium-screenshot-10.png" width="800px"&gt;&lt;/a&gt;</msg>
<msg time="2026-02-22T16:08:19.344622" level="FAIL">Page should have contained text 'already registered' but did not.</msg>
<arg>already registered</arg>
<doc>Verifies that current page contains ``text``.</doc>
<status status="FAIL" start="2026-02-22T16:08:19.210345" elapsed="0.134838">Page should have contained text 'already registered' but did not.</status>
</kw>
<msg time="2026-02-22T16:08:19.345299" level="INFO">${exists} = False</msg>
<var>${exists}</var>
<arg>Page Should Contain</arg>
<arg>already registered</arg>
<doc>Runs the specified keyword and returns the status as a Boolean value.</doc>
<status status="PASS" start="2026-02-22T16:08:19.210077" elapsed="0.135248"/>
</kw>
<if>
<branch type="IF" condition="${logout} or ${exists}">
<kw name="Log" owner="BuiltIn">
<arg>Registration successful (new user or already registered)</arg>
<doc>Logs the given message with the given level.</doc>
<status status="NOT RUN" start="2026-02-22T16:08:19.345610" elapsed="0.000028"/>
</kw>
<status status="NOT RUN" start="2026-02-22T16:08:19.345414" elapsed="0.000262"/>
</branch>
<branch type="ELSE">
<kw name="Fail" owner="BuiltIn">
<msg time="2026-02-22T16:08:19.346051" level="FAIL">Registration failed - no expected result found</msg>
<arg>Registration failed - no expected result found</arg>
<doc>Fails the test with the given message and optionally alters its tags.</doc>
<status status="FAIL" start="2026-02-22T16:08:19.345786" elapsed="0.000321">Registration failed - no expected result found</status>
</kw>
<status status="FAIL" start="2026-02-22T16:08:19.345710" elapsed="0.000461">Registration failed - no expected result found</status>
</branch>
<status status="FAIL" start="2026-02-22T16:08:19.345392" elapsed="0.000818">Registration failed - no expected result found</status>
</if>
<status status="FAIL" start="2026-02-22T16:08:19.047112" elapsed="0.299175">Registration failed - no expected result found</status>
</kw>
<kw name="Check Registration Result">
<kw name="Run Keyword And Return Status" owner="BuiltIn">
<kw name="Page Should Contain" owner="SeleniumLibrary">
<msg time="2026-02-22T16:08:21.516521" level="INFO" html="true">&lt;/td&gt;&lt;/tr&gt;&lt;tr&gt;&lt;td colspan="3"&gt;&lt;a href="selenium-screenshot-11.png"&gt;&lt;img src="selenium-screenshot-11.png" width="800px"&gt;&lt;/a&gt;</msg>
<msg time="2026-02-22T16:08:21.516641" level="FAIL">Page should have contained text 'Logout' but did not.</msg>
<arg>Logout</arg>
<doc>Verifies that current page contains ``text``.</doc>
<status status="FAIL" start="2026-02-22T16:08:21.349558" elapsed="0.167624">Page should have contained text 'Logout' but did not.</status>
</kw>
<msg time="2026-02-22T16:08:21.517300" level="INFO">${logout} = False</msg>
<var>${logout}</var>
<arg>Page Should Contain</arg>
<arg>Logout</arg>
<doc>Runs the specified keyword and returns the status as a Boolean value.</doc>
<status status="PASS" start="2026-02-22T16:08:21.348535" elapsed="0.168791"/>
</kw>
<kw name="Run Keyword And Return Status" owner="BuiltIn">
<kw name="Page Should Contain" owner="SeleniumLibrary">
<msg time="2026-02-22T16:08:21.650599" level="INFO" html="true">&lt;/td&gt;&lt;/tr&gt;&lt;tr&gt;&lt;td colspan="3"&gt;&lt;a href="selenium-screenshot-12.png"&gt;&lt;img src="selenium-screenshot-12.png" width="800px"&gt;&lt;/a&gt;</msg>
<msg time="2026-02-22T16:08:21.650733" level="FAIL">Page should have contained text 'already registered' but did not.</msg>
<arg>already registered</arg>
<doc>Verifies that current page contains ``text``.</doc>
<status status="FAIL" start="2026-02-22T16:08:21.517836" elapsed="0.133758">Page should have contained text 'already registered' but did not.</status>
</kw>
<msg time="2026-02-22T16:08:21.651794" level="INFO">${exists} = False</msg>
<var>${exists}</var>
<arg>Page Should Contain</arg>
<arg>already registered</arg>
<doc>Runs the specified keyword and returns the status as a Boolean value.</doc>
<status status="PASS" start="2026-02-22T16:08:21.517449" elapsed="0.134379"/>
</kw>
<if>
<branch type="IF" condition="${logout} or ${exists}">
<kw name="Log" owner="BuiltIn">
<arg>Registration successful (new user or already registered)</arg>
<doc>Logs the given message with the given level.</doc>
<status status="NOT RUN" start="2026-02-22T16:08:21.652267" elapsed="0.000056"/>
</kw>
<status status="NOT RUN" start="2026-02-22T16:08:21.651963" elapsed="0.000446"/>
</branch>
<branch type="ELSE">
<kw name="Fail" owner="BuiltIn">
<msg time="2026-02-22T16:08:21.653141" level="FAIL">Registration failed - no expected result found</msg>
<arg>Registration failed - no expected result found</arg>
<doc>Fails the test with the given message and optionally alters its tags.</doc>
<status status="FAIL" start="2026-02-22T16:08:21.652639" elapsed="0.000606">Registration failed - no expected result found</status>
</kw>
<status status="FAIL" start="2026-02-22T16:08:21.652487" elapsed="0.000892">Registration failed - no expected result found</status>
</branch>
<status status="FAIL" start="2026-02-22T16:08:21.651922" elapsed="0.001523">Registration failed - no expected result found</status>
</if>
<status status="FAIL" start="2026-02-22T16:08:21.347694" elapsed="0.305955">Registration failed - no expected result found</status>
</kw>
<kw name="Check Registration Result">
<kw name="Run Keyword And Return Status" owner="BuiltIn">
<kw name="Page Should Contain" owner="SeleniumLibrary">
<msg time="2026-02-22T16:08:23.808894" level="INFO" html="true">&lt;/td&gt;&lt;/tr&gt;&lt;tr&gt;&lt;td colspan="3"&gt;&lt;a href="selenium-screenshot-13.png"&gt;&lt;img src="selenium-screenshot-13.png" width="800px"&gt;&lt;/a&gt;</msg>
<msg time="2026-02-22T16:08:23.809025" level="FAIL">Page should have contained text 'Logout' but did not.</msg>
<arg>Logout</arg>
<doc>Verifies that current page contains ``text``.</doc>
<status status="FAIL" start="2026-02-22T16:08:23.654923" elapsed="0.154802">Page should have contained text 'Logout' but did not.</status>
</kw>
<msg time="2026-02-22T16:08:23.809868" level="INFO">${logout} = False</msg>
<var>${logout}</var>
<arg>Page Should Contain</arg>
<arg>Logout</arg>
<doc>Runs the specified keyword and returns the status as a Boolean value.</doc>
<status status="PASS" start="2026-02-22T16:08:23.654651" elapsed="0.155247"/>
</kw>
<kw name="Run Keyword And Return Status" owner="BuiltIn">
<kw name="Page Should Contain" owner="SeleniumLibrary">
<msg time="2026-02-22T16:08:23.956048" level="INFO" html="true">&lt;/td&gt;&lt;/tr&gt;&lt;tr&gt;&lt;td colspan="3"&gt;&lt;a href="selenium-screenshot-14.png"&gt;&lt;img src="selenium-screenshot-14.png" width="800px"&gt;&lt;/a&gt;</msg>
<msg time="2026-02-22T16:08:23.956197" level="FAIL">Page should have contained text 'already registered' but did not.</msg>
<arg>already registered</arg>
<doc>Verifies that current page contains ``text``.</doc>
<status status="FAIL" start="2026-02-22T16:08:23.810454" elapsed="0.146427">Page should have contained text 'already registered' but did not.</status>
</kw>
<msg time="2026-02-22T16:08:23.957020" level="INFO">${exists} = False</msg>
<var>${exists}</var>
<arg>Page Should Contain</arg>
<arg>already registered</arg>
<doc>Runs the specified keyword and returns the status as a Boolean value.</doc>
<status status="PASS" start="2026-02-22T16:08:23.810107" elapsed="0.146942"/>
</kw>
<if>
<branch type="IF" condition="${logout} or ${exists}">
<kw name="Log" owner="BuiltIn">
<arg>Registration successful (new user or already registered)</arg>
<doc>Logs the given message with the given level.</doc>
<status status="NOT RUN" start="2026-02-22T16:08:23.957345" elapsed="0.000056"/>
</kw>
<status status="NOT RUN" start="2026-02-22T16:08:23.957143" elapsed="0.000295"/>
</branch>
<branch type="ELSE">
<kw name="Fail" owner="BuiltIn">
<msg time="2026-02-22T16:08:23.957809" level="FAIL">Registration failed - no expected result found</msg>
<arg>Registration failed - no expected result found</arg>
<doc>Fails the test with the given message and optionally alters its tags.</doc>
<status status="FAIL" start="2026-02-22T16:08:23.957553" elapsed="0.000312">Registration failed - no expected result found</status>
</kw>
<status status="FAIL" start="2026-02-22T16:08:23.957475" elapsed="0.000453">Registration failed - no expected result found</status>
</branch>
<status status="FAIL" start="2026-02-22T16:08:23.957119" elapsed="0.000850">Registration failed - no expected result found</status>
</if>
<status status="FAIL" start="2026-02-22T16:08:23.654342" elapsed="0.303705">Registration failed - no expected result found</status>
</kw>
<kw name="Check Registration Result">
<kw name="Run Keyword And Return Status" owner="BuiltIn">
<kw name="Page Should Contain" owner="SeleniumLibrary">
<msg time="2026-02-22T16:08:26.112357" level="INFO" html="true">&lt;/td&gt;&lt;/tr&gt;&lt;tr&gt;&lt;td colspan="3"&gt;&lt;a href="selenium-screenshot-15.png"&gt;&lt;img src="selenium-screenshot-15.png" width="800px"&gt;&lt;/a&gt;</msg>
<msg time="2026-02-22T16:08:26.112505" level="FAIL">Page should have contained text 'Logout' but did not.</msg>
<arg>Logout</arg>
<doc>Verifies that current page contains ``text``.</doc>
<status status="FAIL" start="2026-02-22T16:08:25.960142" elapsed="0.152984">Page should have contained text 'Logout' but did not.</status>
</kw>
<msg time="2026-02-22T16:08:26.113247" level="INFO">${logout} = False</msg>
<var>${logout}</var>
<arg>Page Should Contain</arg>
<arg>Logout</arg>
<doc>Runs the specified keyword and returns the status as a Boolean value.</doc>
<status status="PASS" start="2026-02-22T16:08:25.959458" elapsed="0.153817"/>
</kw>
<kw name="Run Keyword And Return Status" owner="BuiltIn">
<kw name="Page Should Contain" owner="SeleniumLibrary">
<msg time="2026-02-22T16:08:26.249116" level="INFO" html="true">&lt;/td&gt;&lt;/tr&gt;&lt;tr&gt;&lt;td colspan="3"&gt;&lt;a href="selenium-screenshot-16.png"&gt;&lt;img src="selenium-screenshot-16.png" width="800px"&gt;&lt;/a&gt;</msg>
<msg time="2026-02-22T16:08:26.249312" level="FAIL">Page should have contained text 'already registered' but did not.</msg>
<arg>already registered</arg>
<doc>Verifies that current page contains ``text``.</doc>
<status status="FAIL" start="2026-02-22T16:08:26.113983" elapsed="0.136362">Page should have contained text 'already registered' but did not.</status>
</kw>
<msg time="2026-02-22T16:08:26.250472" level="INFO">${exists} = False</msg>
<var>${exists}</var>
<arg>Page Should Contain</arg>
<arg>already registered</arg>
<doc>Runs the specified keyword and returns the status as a Boolean value.</doc>
<status status="PASS" start="2026-02-22T16:08:26.113488" elapsed="0.137010"/>
</kw>
<if>
<branch type="IF" condition="${logout} or ${exists}">
<kw name="Log" owner="BuiltIn">
<arg>Registration successful (new user or already registered)</arg>
<doc>Logs the given message with the given level.</doc>
<status status="NOT RUN" start="2026-02-22T16:08:26.250791" elapsed="0.000029"/>
</kw>
<status status="NOT RUN" start="2026-02-22T16:08:26.250589" elapsed="0.000270"/>
</branch>
<branch type="ELSE">
<kw name="Fail" owner="BuiltIn">
<msg time="2026-02-22T16:08:26.251224" level="FAIL">Registration failed - no expected result found</msg>
<arg>Registration failed - no expected result found</arg>
<doc>Fails the test with the given message and optionally alters its tags.</doc>
<status status="FAIL" start="2026-02-22T16:08:26.250970" elapsed="0.000311">Registration failed - no expected result found</status>
</kw>
<status status="FAIL" start="2026-02-22T16:08:26.250894" elapsed="0.000453">Registration failed - no expected result found</status>
</branch>
<status status="FAIL" start="2026-02-22T16:08:26.250566" elapsed="0.000818">Registration failed - no expected result found</status>
</if>
<status status="FAIL" start="2026-02-22T16:08:25.958906" elapsed="0.292556">Registration failed - no expected result found</status>
</kw>
<msg time="2026-02-22T16:08:26.251535" level="FAIL">Keyword 'Check Registration Result' failed after retrying for 15 seconds. The last error was: Registration failed - no expected result found</msg>
<arg>15s</arg>
<arg>2s</arg>
<arg>Check Registration Result</arg>
<doc>Runs the specified keyword and retries if it fails.</doc>
<status status="FAIL" start="2026-02-22T16:08:09.218729" elapsed="17.032884">Keyword 'Check Registration Result' failed after retrying for 15 seconds. The last error was: Registration failed - no expected result found</status>
</kw>
<arg>EMAIL=testuser12@test.com</arg>
<arg>PASSWORD=Omkar@2003</arg>
<arg>FIRSTNAME=Omkar</arg>
<arg>LASTNAME=Reddy</arg>
<arg>PHONE=9876543210</arg>
<arg>CITY=Hyderabad</arg>
<arg>POSTCODE=500001</arg>
<arg>EXPECTED=PASS</arg>
<status status="FAIL" start="2026-02-22T16:08:06.810638" elapsed="19.441063">Keyword 'Check Registration Result' failed after retrying for 15 seconds. The last error was: Registration failed - no expected result found</status>
</kw>
<status status="FAIL" start="2026-02-22T16:08:06.806965" elapsed="19.445170">Keyword 'Check Registration Result' failed after retrying for 15 seconds. The last error was: Registration failed - no expected result found</status>
</test>
<kw name="Close Browser" owner="SeleniumLibrary" type="TEARDOWN">
<doc>Closes the current browser.</doc>
<status status="PASS" start="2026-02-22T16:08:26.253377" elapsed="3.327013"/>
</kw>
<status status="FAIL" start="2026-02-22T16:07:47.671912" elapsed="41.909005"/>
</suite>
<suite id="s1-s2" name="01 Login Validation" source="C:\Users\Neeraja\Desktop\Wipro_Practice\Capstone_Project\robot-framework\tests\01_login_validation.robot">
<kw name="Open Application" owner="common" type="SETUP">
<kw name="Open Browser" owner="SeleniumLibrary">
<msg time="2026-02-22T16:08:29.624621" level="INFO">Opening browser 'firefox' to base url 'https://practice.automationtesting.in/'.</msg>
<arg>${URL}</arg>
<arg>${browser}</arg>
<doc>Opens a new browser instance to the optional ``url``.</doc>
<status status="PASS" start="2026-02-22T16:08:29.624435" elapsed="33.400052"/>
</kw>
<kw name="Maximize Browser Window" owner="SeleniumLibrary">
<doc>Maximizes current browser window.</doc>
<status status="PASS" start="2026-02-22T16:09:03.024818" elapsed="0.342190"/>
</kw>
<kw name="Set Selenium Timeout" owner="SeleniumLibrary">
<arg>${TIMEOUT}</arg>
<doc>Sets the timeout that is used by various keywords.</doc>
<status status="PASS" start="2026-02-22T16:09:03.367453" elapsed="0.007497"/>
</kw>
<status status="PASS" start="2026-02-22T16:08:29.624169" elapsed="33.750964"/>
</kw>
<test id="s1-s2-t1" name="User1" line="11">
<kw name="Go To Fresh Login Page" type="SETUP">
<kw name="Go To" owner="SeleniumLibrary">
<msg time="2026-02-22T16:09:03.377298" level="INFO">Opening url 'https://practice.automationtesting.in/my-account/'</msg>
<arg>https://practice.automationtesting.in/my-account/</arg>
<doc>Navigates the current browser window to the provided ``url``.</doc>
<status status="PASS" start="2026-02-22T16:09:03.377147" elapsed="6.063918"/>
</kw>
<kw name="Wait Until Page Contains Element" owner="SeleniumLibrary">
<arg>id=username</arg>
<doc>Waits until the element ``locator`` appears on the current page.</doc>
<status status="PASS" start="2026-02-22T16:09:09.441311" elapsed="0.022384"/>
</kw>
<kw name="Run Keyword And Ignore Error" owner="BuiltIn">
<kw name="Logout User" owner="login_keywords">
<kw name="Go To" owner="SeleniumLibrary">
<msg time="2026-02-22T16:09:09.465427" level="INFO">Opening url 'https://practice.automationtesting.in/my-account/'</msg>
<arg>https://practice.automationtesting.in/my-account/</arg>
<doc>Navigates the current browser window to the provided ``url``.</doc>
<status status="PASS" start="2026-02-22T16:09:09.465316" elapsed="1.506660"/>
</kw>
<kw name="Wait Until Page Contains Element" owner="SeleniumLibrary">
<arg>css=body</arg>
<doc>Waits until the element ``locator`` appears on the current page.</doc>
<status status="PASS" start="2026-02-22T16:09:10.972231" elapsed="0.101502"/>
</kw>
<kw name="Run Keyword And Ignore Error" owner="BuiltIn">
<kw name="Click Element" owner="SeleniumLibrary">
<msg time="2026-02-22T16:09:11.074374" level="INFO">Clicking element 'xpath=//a[text()='Logout']'.</msg>
<msg time="2026-02-22T16:09:11.136262" level="INFO" html="true">&lt;/td&gt;&lt;/tr&gt;&lt;tr&gt;&lt;td colspan="3"&gt;&lt;a href="selenium-screenshot-17.png"&gt;&lt;img src="selenium-screenshot-17.png" width="800px"&gt;&lt;/a&gt;</msg>
<msg time="2026-02-22T16:09:11.136413" level="FAIL">Element with locator 'xpath=//a[text()='Logout']' not found.</msg>
<arg>xpath=//a[text()='Logout']</arg>
<doc>Click the element identified by ``locator``.</doc>
<status status="FAIL" start="2026-02-22T16:09:11.074218" elapsed="0.097610">Element with locator 'xpath=//a[text()='Logout']' not found.</status>
</kw>
<arg>Click Element</arg>
<arg>xpath=//a[text()='Logout']</arg>
<doc>Runs the given keyword with the given arguments and ignores possible error.</doc>
<status status="PASS" start="2026-02-22T16:09:11.073898" elapsed="0.098036"/>
</kw>
<kw name="Wait Until Element Is Visible" owner="SeleniumLibrary">
<arg>id=username</arg>
<arg>15s</arg>
<doc>Waits until the element ``locator`` is visible.</doc>
<status status="PASS" start="2026-02-22T16:09:11.172066" elapsed="0.013338"/>
</kw>
<status status="PASS" start="2026-02-22T16:09:09.465040" elapsed="1.720467"/>
</kw>
<arg>Logout User</arg>
<doc>Runs the given keyword with the given arguments and ignores possible error.</doc>
<status status="PASS" start="2026-02-22T16:09:09.464129" elapsed="1.721433"/>
</kw>
<kw name="Go To" owner="SeleniumLibrary">
<msg time="2026-02-22T16:09:11.185819" level="INFO">Opening url 'https://practice.automationtesting.in/my-account/'</msg>
<arg>https://practice.automationtesting.in/my-account/</arg>
<doc>Navigates the current browser window to the provided ``url``.</doc>
<status status="PASS" start="2026-02-22T16:09:11.185682" elapsed="4.628106"/>
</kw>
<kw name="Wait Until Element Is Visible" owner="SeleniumLibrary">
<arg>id=username</arg>
<doc>Waits until the element ``locator`` is visible.</doc>
<status status="PASS" start="2026-02-22T16:09:15.814125" elapsed="0.064011"/>
</kw>
<status status="PASS" start="2026-02-22T16:09:03.376697" elapsed="12.501702"/>
</kw>
<kw name="Login Validation Template">
<kw name="Login User" owner="login_keywords">
<kw name="Input Text" owner="SeleniumLibrary">
<msg time="2026-02-22T16:09:15.882296" level="INFO">Typing text 'testuser1@test.com' into text field 'id=username'.</msg>
<arg>id=username</arg>
<arg>${EMAIL}</arg>
<doc>Types the given ``text`` into the text field identified by ``locator``.</doc>
<status status="PASS" start="2026-02-22T16:09:15.881924" elapsed="0.078000"/>
</kw>
<kw name="Input Text" owner="SeleniumLibrary">
<msg time="2026-02-22T16:09:15.960746" level="INFO">Typing text 'Omkar@2003' into text field 'id=password'.</msg>
<arg>id=password</arg>
<arg>${PASSWORD}</arg>
<doc>Types the given ``text`` into the text field identified by ``locator``.</doc>
<status status="PASS" start="2026-02-22T16:09:15.960315" elapsed="0.053399"/>
</kw>
<kw name="Click Button" owner="SeleniumLibrary">
<msg time="2026-02-22T16:09:16.014517" level="INFO">Clicking button 'name=login'.</msg>
<arg>name=login</arg>
<doc>Clicks the button identified by ``locator``.</doc>
<status status="PASS" start="2026-02-22T16:09:16.014111" elapsed="1.835320"/>
</kw>
<arg>${EMAIL}</arg>
<arg>${PASSWORD}</arg>
<status status="PASS" start="2026-02-22T16:09:15.881236" elapsed="1.968395"/>
</kw>
<kw name="Run Keyword And Return Status" owner="BuiltIn">
<kw name="Wait Until Element Is Visible" owner="SeleniumLibrary">
<arg>css=div.woocommerce-MyAccount-content</arg>
<arg>5s</arg>
<doc>Waits until the element ``locator`` is visible.</doc>
<status status="PASS" start="2026-02-22T16:09:17.850659" elapsed="0.117328"/>
</kw>
<msg time="2026-02-22T16:09:17.968275" level="INFO">${dashboard_visible} = True</msg>
<var>${dashboard_visible}</var>
<arg>Wait Until Element Is Visible</arg>
<arg>css=div.woocommerce-MyAccount-content</arg>
<arg>5s</arg>
<doc>Runs the specified keyword and returns the status as a Boolean value.</doc>
<status status="PASS" start="2026-02-22T16:09:17.849937" elapsed="0.118402"/>
</kw>
<if>
<branch type="IF" condition="'${EXPECTED}'=='PASS'">
<kw name="Should Be True" owner="BuiltIn">
<arg>${dashboard_visible}</arg>
<doc>Fails if the given condition is not true.</doc>
<status status="PASS" start="2026-02-22T16:09:17.969223" elapsed="0.000781"/>
</kw>
<kw name="Logout User" owner="login_keywords">
<kw name="Go To" owner="SeleniumLibrary">
<msg time="2026-02-22T16:09:17.971844" level="INFO">Opening url 'https://practice.automationtesting.in/my-account/'</msg>
<arg>https://practice.automationtesting.in/my-account/</arg>
<doc>Navigates the current browser window to the provided ``url``.</doc>
<status status="PASS" start="2026-02-22T16:09:17.971576" elapsed="6.834759"/>
</kw>
<kw name="Wait Until Page Contains Element" owner="SeleniumLibrary">
<arg>css=body</arg>
<doc>Waits until the element ``locator`` appears on the current page.</doc>
<status status="PASS" start="2026-02-22T16:09:24.806640" elapsed="0.015230"/>
</kw>
<kw name="Run Keyword And Ignore Error" owner="BuiltIn">
<kw name="Click Element" owner="SeleniumLibrary">
<msg time="2026-02-22T16:09:24.822553" level="INFO">Clicking element 'xpath=//a[text()='Logout']'.</msg>
<arg>xpath=//a[text()='Logout']</arg>
<doc>Click the element identified by ``locator``.</doc>
<status status="PASS" start="2026-02-22T16:09:24.822374" elapsed="1.622947"/>
</kw>
<arg>Click Element</arg>
<arg>xpath=//a[text()='Logout']</arg>
<doc>Runs the given keyword with the given arguments and ignores possible error.</doc>
<status status="PASS" start="2026-02-22T16:09:24.822046" elapsed="1.623465"/>
</kw>
<kw name="Wait Until Element Is Visible" owner="SeleniumLibrary">
<arg>id=username</arg>
<arg>15s</arg>
<doc>Waits until the element ``locator`` is visible.</doc>
<status status="PASS" start="2026-02-22T16:09:26.445799" elapsed="0.119230"/>
</kw>
<status status="PASS" start="2026-02-22T16:09:17.970755" elapsed="8.594901"/>
</kw>
<kw name="Wait Until Element Is Visible" owner="SeleniumLibrary">
<arg>id=username</arg>
<doc>Waits until the element ``locator`` is visible.</doc>
<status status="PASS" start="2026-02-22T16:09:26.565907" elapsed="0.013347"/>
</kw>
<status status="PASS" start="2026-02-22T16:09:17.968696" elapsed="8.610768"/>
</branch>
<status status="PASS" start="2026-02-22T16:09:17.968553" elapsed="8.611122"/>
</if>
<if>
<branch type="IF" condition="'${EXPECTED}'=='FAIL'">
<kw name="Should Not Be True" owner="BuiltIn">
<arg>${dashboard_visible}</arg>
<doc>Fails if the given condition is true.</doc>
<status status="NOT RUN" start="2026-02-22T16:09:26.581254" elapsed="0.000138"/>
</kw>
<status status="NOT RUN" start="2026-02-22T16:09:26.580041" elapsed="0.001513"/>
</branch>
<status status="PASS" start="2026-02-22T16:09:26.579942" elapsed="0.001696"/>
</if>
<arg>EMAIL=testuser1@test.com</arg>
<arg>PASSWORD=Omkar@2003</arg>
<arg>FIRSTNAME=Omkar</arg>
<arg>LASTNAME=Reddy</arg>
<arg>PHONE=9876543210</arg>
<arg>CITY=Hyderabad</arg>
<arg>POSTCODE=500001</arg>
<arg>EXPECTED=PASS</arg>
<status status="PASS" start="2026-02-22T16:09:15.880092" elapsed="10.701702"/>
</kw>
<status status="PASS" start="2026-02-22T16:09:03.375235" elapsed="23.207169"/>
</test>
<test id="s1-s2-t2" name="User2" line="11">
<kw name="Go To Fresh Login Page" type="SETUP">
<kw name="Go To" owner="SeleniumLibrary">
<msg time="2026-02-22T16:09:26.584977" level="INFO">Opening url 'https://practice.automationtesting.in/my-account/'</msg>
<arg>https://practice.automationtesting.in/my-account/</arg>
<doc>Navigates the current browser window to the provided ``url``.</doc>
<status status="PASS" start="2026-02-22T16:09:26.584874" elapsed="1.267316"/>
</kw>
<kw name="Wait Until Page Contains Element" owner="SeleniumLibrary">
<arg>id=username</arg>
<doc>Waits until the element ``locator`` appears on the current page.</doc>
<status status="PASS" start="2026-02-22T16:09:27.852491" elapsed="0.096055"/>
</kw>
<kw name="Run Keyword And Ignore Error" owner="BuiltIn">
<kw name="Logout User" owner="login_keywords">
<kw name="Go To" owner="SeleniumLibrary">
<msg time="2026-02-22T16:09:27.949476" level="INFO">Opening url 'https://practice.automationtesting.in/my-account/'</msg>
<arg>https://practice.automationtesting.in/my-account/</arg>
<doc>Navigates the current browser window to the provided ``url``.</doc>
<status status="PASS" start="2026-02-22T16:09:27.949363" elapsed="4.465927"/>
</kw>
<kw name="Wait Until Page Contains Element" owner="SeleniumLibrary">
<arg>css=body</arg>
<doc>Waits until the element ``locator`` appears on the current page.</doc>
<status status="PASS" start="2026-02-22T16:09:32.415663" elapsed="0.004490"/>
</kw>
<kw name="Run Keyword And Ignore Error" owner="BuiltIn">
<kw name="Click Element" owner="SeleniumLibrary">
<msg time="2026-02-22T16:09:32.421081" level="INFO">Clicking element 'xpath=//a[text()='Logout']'.</msg>
<msg time="2026-02-22T16:09:32.500066" level="INFO" html="true">&lt;/td&gt;&lt;/tr&gt;&lt;tr&gt;&lt;td colspan="3"&gt;&lt;a href="selenium-screenshot-18.png"&gt;&lt;img src="selenium-screenshot-18.png" width="800px"&gt;&lt;/a&gt;</msg>
<msg time="2026-02-22T16:09:32.500189" level="FAIL">Element with locator 'xpath=//a[text()='Logout']' not found.</msg>
<arg>xpath=//a[text()='Logout']</arg>
<doc>Click the element identified by ``locator``.</doc>
<status status="FAIL" start="2026-02-22T16:09:32.420851" elapsed="0.080221">Element with locator 'xpath=//a[text()='Logout']' not found.</status>
</kw>
<arg>Click Element</arg>
<arg>xpath=//a[text()='Logout']</arg>
<doc>Runs the given keyword with the given arguments and ignores possible error.</doc>
<status status="PASS" start="2026-02-22T16:09:32.420390" elapsed="0.080772"/>
</kw>
<kw name="Wait Until Element Is Visible" owner="SeleniumLibrary">
<arg>id=username</arg>
<arg>15s</arg>
<doc>Waits until the element ``locator`` is visible.</doc>
<status status="PASS" start="2026-02-22T16:09:32.501293" elapsed="0.013235"/>
</kw>
<status status="PASS" start="2026-02-22T16:09:27.949103" elapsed="4.565533"/>
</kw>
<arg>Logout User</arg>
<doc>Runs the given keyword with the given arguments and ignores possible error.</doc>
<status status="PASS" start="2026-02-22T16:09:27.948745" elapsed="4.565961"/>
</kw>
<kw name="Go To" owner="SeleniumLibrary">
<msg time="2026-02-22T16:09:32.514941" level="INFO">Opening url 'https://practice.automationtesting.in/my-account/'</msg>
<arg>https://practice.automationtesting.in/my-account/</arg>
<doc>Navigates the current browser window to the provided ``url``.</doc>
<status status="PASS" start="2026-02-22T16:09:32.514830" elapsed="1.940162"/>
</kw>
<kw name="Wait Until Element Is Visible" owner="SeleniumLibrary">
<arg>id=username</arg>
<doc>Waits until the element ``locator`` is visible.</doc>
<status status="PASS" start="2026-02-22T16:09:34.455540" elapsed="0.130854"/>
</kw>
<status status="PASS" start="2026-02-22T16:09:26.584603" elapsed="8.001909"/>
</kw>
<kw name="Login Validation Template">
<kw name="Login User" owner="login_keywords">
<kw name="Input Text" owner="SeleniumLibrary">
<msg time="2026-02-22T16:09:34.589773" level="INFO">Typing text 'testuser2@test.com' into text field 'id=username'.</msg>
<arg>id=username</arg>
<arg>${EMAIL}</arg>
<doc>Types the given ``text`` into the text field identified by ``locator``.</doc>
<status status="PASS" start="2026-02-22T16:09:34.588844" elapsed="0.046716"/>
</kw>
<kw name="Input Text" owner="SeleniumLibrary">
<msg time="2026-02-22T16:09:34.635970" level="INFO">Typing text 'Wrong123' into text field 'id=password'.</msg>
<arg>id=password</arg>
<arg>${PASSWORD}</arg>
<doc>Types the given ``text`` into the text field identified by ``locator``.</doc>
<status status="PASS" start="2026-02-22T16:09:34.635738" elapsed="0.038557"/>
</kw>
<kw name="Click Button" owner="SeleniumLibrary">
<msg time="2026-02-22T16:09:34.675253" level="INFO">Clicking button 'name=login'.</msg>
<arg>name=login</arg>
<doc>Clicks the button identified by ``locator``.</doc>
<status status="PASS" start="2026-02-22T16:09:34.674546" elapsed="1.417996"/>
</kw>
<arg>${EMAIL}</arg>
<arg>${PASSWORD}</arg>
<status status="PASS" start="2026-02-22T16:09:34.588065" elapsed="1.504674"/>
</kw>
<kw name="Run Keyword And Return Status" owner="BuiltIn">
<kw name="Wait Until Element Is Visible" owner="SeleniumLibrary">
<msg time="2026-02-22T16:09:41.210612" level="INFO" html="true">&lt;/td&gt;&lt;/tr&gt;&lt;tr&gt;&lt;td colspan="3"&gt;&lt;a href="selenium-screenshot-19.png"&gt;&lt;img src="selenium-screenshot-19.png" width="800px"&gt;&lt;/a&gt;</msg>
<msg time="2026-02-22T16:09:41.210821" level="FAIL">Element 'css=div.woocommerce-MyAccount-content' not visible after 5 seconds.</msg>
<arg>css=div.woocommerce-MyAccount-content</arg>
<arg>5s</arg>
<doc>Waits until the element ``locator`` is visible.</doc>
<status status="FAIL" start="2026-02-22T16:09:36.093773" elapsed="5.133295">Element 'css=div.woocommerce-MyAccount-content' not visible after 5 seconds.</status>
</kw>
<msg time="2026-02-22T16:09:41.227220" level="INFO">${dashboard_visible} = False</msg>
<var>${dashboard_visible}</var>
<arg>Wait Until Element Is Visible</arg>
<arg>css=div.woocommerce-MyAccount-content</arg>
<arg>5s</arg>
<doc>Runs the specified keyword and returns the status as a Boolean value.</doc>
<status status="PASS" start="2026-02-22T16:09:36.093007" elapsed="5.134243"/>
</kw>
<if>
<branch type="IF" condition="'${EXPECTED}'=='PASS'">
<kw name="Should Be True" owner="BuiltIn">
<arg>${dashboard_visible}</arg>
<doc>Fails if the given condition is not true.</doc>
<status status="NOT RUN" start="2026-02-22T16:09:41.227816" elapsed="0.000032"/>
</kw>
<kw name="Logout User" owner="login_keywords">
<status status="NOT RUN" start="2026-02-22T16:09:41.227985" elapsed="0.000030"/>
</kw>
<kw name="Wait Until Element Is Visible" owner="SeleniumLibrary">
<arg>id=username</arg>
<doc>Waits until the element ``locator`` is visible.</doc>
<status status="NOT RUN" start="2026-02-22T16:09:41.228100" elapsed="0.000025"/>
</kw>
<status status="NOT RUN" start="2026-02-22T16:09:41.227587" elapsed="0.000574"/>
</branch>
<status status="PASS" start="2026-02-22T16:09:41.227548" elapsed="0.000650"/>
</if>
<if>
<branch type="IF" condition="'${EXPECTED}'=='FAIL'">
<kw name="Should Not Be True" owner="BuiltIn">
<arg>${dashboard_visible}</arg>
<doc>Fails if the given condition is true.</doc>
<status status="PASS" start="2026-02-22T16:09:41.228396" elapsed="0.000265"/>
</kw>
<status status="PASS" start="2026-02-22T16:09:41.228249" elapsed="0.000458"/>
</branch>
<status status="PASS" start="2026-02-22T16:09:41.228235" elapsed="0.000509"/>
</if>
<arg>EMAIL=testuser2@test.com</arg>
<arg>PASSWORD=Wrong123</arg>
<arg>FIRSTNAME=</arg>
<arg>LASTNAME=</arg>
<arg>PHONE=9876543222</arg>
<arg>CITY=Chennai</arg>
<arg>POSTCODE=600001</arg>
<arg>EXPECTED=FAIL</arg>
<status status="PASS" start="2026-02-22T16:09:34.587024" elapsed="6.641766"/>
</kw>
<status status="PASS" start="2026-02-22T16:09:26.583569" elapsed="14.645542"/>
</test>
<test id="s1-s2-t3" name="User3" line="11">
<kw name="Go To Fresh Login Page" type="SETUP">
<kw name="Go To" owner="SeleniumLibrary">
<msg time="2026-02-22T16:09:41.231151" level="INFO">Opening url 'https://practice.automationtesting.in/my-account/'</msg>
<arg>https://practice.automationtesting.in/my-account/</arg>
<doc>Navigates the current browser window to the provided ``url``.</doc>
<status status="PASS" start="2026-02-22T16:09:41.231047" elapsed="1.456917"/>
</kw>
<kw name="Wait Until Page Contains Element" owner="SeleniumLibrary">
<arg>id=username</arg>
<doc>Waits until the element ``locator`` appears on the current page.</doc>
<status status="PASS" start="2026-02-22T16:09:42.688201" elapsed="0.097945"/>
</kw>
<kw name="Run Keyword And Ignore Error" owner="BuiltIn">
<kw name="Logout User" owner="login_keywords">
<kw name="Go To" owner="SeleniumLibrary">
<msg time="2026-02-22T16:09:42.788561" level="INFO">Opening url 'https://practice.automationtesting.in/my-account/'</msg>
<arg>https://practice.automationtesting.in/my-account/</arg>
<doc>Navigates the current browser window to the provided ``url``.</doc>
<status status="PASS" start="2026-02-22T16:09:42.788162" elapsed="3.798499"/>
</kw>
<kw name="Wait Until Page Contains Element" owner="SeleniumLibrary">
<arg>css=body</arg>
<doc>Waits until the element ``locator`` appears on the current page.</doc>
<status status="PASS" start="2026-02-22T16:09:46.587035" elapsed="0.018018"/>
</kw>
<kw name="Run Keyword And Ignore Error" owner="BuiltIn">
<kw name="Click Element" owner="SeleniumLibrary">
<msg time="2026-02-22T16:09:46.617451" level="INFO">Clicking element 'xpath=//a[text()='Logout']'.</msg>
<msg time="2026-02-22T16:09:46.741848" level="INFO" html="true">&lt;/td&gt;&lt;/tr&gt;&lt;tr&gt;&lt;td colspan="3"&gt;&lt;a href="selenium-screenshot-20.png"&gt;&lt;img src="selenium-screenshot-20.png" width="800px"&gt;&lt;/a&gt;</msg>
<msg time="2026-02-22T16:09:46.742099" level="FAIL">Element with locator 'xpath=//a[text()='Logout']' not found.</msg>
<arg>xpath=//a[text()='Logout']</arg>
<doc>Click the element identified by ``locator``.</doc>
<status status="FAIL" start="2026-02-22T16:09:46.606356" elapsed="0.138340">Element with locator 'xpath=//a[text()='Logout']' not found.</status>
</kw>
<arg>Click Element</arg>
<arg>xpath=//a[text()='Logout']</arg>
<doc>Runs the given keyword with the given arguments and ignores possible error.</doc>
<status status="PASS" start="2026-02-22T16:09:46.605468" elapsed="0.139454"/>
</kw>
<kw name="Wait Until Element Is Visible" owner="SeleniumLibrary">
<arg>id=username</arg>
<arg>15s</arg>
<doc>Waits until the element ``locator`` is visible.</doc>
<status status="PASS" start="2026-02-22T16:09:46.745539" elapsed="0.016400"/>
</kw>
<status status="PASS" start="2026-02-22T16:09:42.787462" elapsed="3.974779"/>
</kw>
<arg>Logout User</arg>
<doc>Runs the given keyword with the given arguments and ignores possible error.</doc>
<status status="PASS" start="2026-02-22T16:09:42.786480" elapsed="3.975939"/>
</kw>
<kw name="Go To" owner="SeleniumLibrary">
<msg time="2026-02-22T16:09:46.763049" level="INFO">Opening url 'https://practice.automationtesting.in/my-account/'</msg>
<arg>https://practice.automationtesting.in/my-account/</arg>
<doc>Navigates the current browser window to the provided ``url``.</doc>
<status status="PASS" start="2026-02-22T16:09:46.762734" elapsed="2.425142"/>
</kw>
<kw name="Wait Until Element Is Visible" owner="SeleniumLibrary">
<arg>id=username</arg>
<doc>Waits until the element ``locator`` is visible.</doc>
<status status="PASS" start="2026-02-22T16:09:49.188070" elapsed="0.017047"/>
</kw>
<status status="PASS" start="2026-02-22T16:09:41.230783" elapsed="7.974439"/>
</kw>
<kw name="Login Validation Template">
<kw name="Login User" owner="login_keywords">
<kw name="Input Text" owner="SeleniumLibrary">
<msg time="2026-02-22T16:09:49.206745" level="INFO">Typing text 'testuser3@test.com' into text field 'id=username'.</msg>
<arg>id=username</arg>
<arg>${EMAIL}</arg>
<doc>Types the given ``text`` into the text field identified by ``locator``.</doc>
<status status="PASS" start="2026-02-22T16:09:49.206485" elapsed="0.055829"/>
</kw>
<kw name="Input Text" owner="SeleniumLibrary">
<msg time="2026-02-22T16:09:49.263064" level="INFO">Typing text '' into text field 'id=password'.</msg>
<arg>id=password</arg>
<arg>${PASSWORD}</arg>
<doc>Types the given ``text`` into the text field identified by ``locator``.</doc>
<status status="PASS" start="2026-02-22T16:09:49.262768" elapsed="0.027720"/>
</kw>
<kw name="Click Button" owner="SeleniumLibrary">
<msg time="2026-02-22T16:09:49.290836" level="INFO">Clicking button 'name=login'.</msg>
<arg>name=login</arg>
<doc>Clicks the button identified by ``locator``.</doc>
<status status="PASS" start="2026-02-22T16:09:49.290654" elapsed="3.353434"/>
</kw>
<arg>${EMAIL}</arg>
<arg>${PASSWORD}</arg>
<status status="PASS" start="2026-02-22T16:09:49.206219" elapsed="3.437999"/>
</kw>
<kw name="Run Keyword And Return Status" owner="BuiltIn">
<kw name="Wait Until Element Is Visible" owner="SeleniumLibrary">
<msg time="2026-02-22T16:09:57.907435" level="INFO" html="true">&lt;/td&gt;&lt;/tr&gt;&lt;tr&gt;&lt;td colspan="3"&gt;&lt;a href="selenium-screenshot-21.png"&gt;&lt;img src="selenium-screenshot-21.png" width="800px"&gt;&lt;/a&gt;</msg>
<msg time="2026-02-22T16:09:57.907563" level="FAIL">Element 'css=div.woocommerce-MyAccount-content' not visible after 5 seconds.</msg>
<arg>css=div.woocommerce-MyAccount-content</arg>
<arg>5s</arg>
<doc>Waits until the element ``locator`` is visible.</doc>
<status status="FAIL" start="2026-02-22T16:09:52.645008" elapsed="5.263344">Element 'css=div.woocommerce-MyAccount-content' not visible after 5 seconds.</status>
</kw>
<msg time="2026-02-22T16:09:57.908482" level="INFO">${dashboard_visible} = False</msg>
<var>${dashboard_visible}</var>
<arg>Wait Until Element Is Visible</arg>
<arg>css=div.woocommerce-MyAccount-content</arg>
<arg>5s</arg>
<doc>Runs the specified keyword and returns the status as a Boolean value.</doc>
<status status="PASS" start="2026-02-22T16:09:52.644428" elapsed="5.264081"/>
</kw>
<if>
<branch type="IF" condition="'${EXPECTED}'=='PASS'">
<kw name="Should Be True" owner="BuiltIn">
<arg>${dashboard_visible}</arg>
<doc>Fails if the given condition is not true.</doc>
<status status="NOT RUN" start="2026-02-22T16:09:57.908892" elapsed="0.000031"/>
</kw>
<kw name="Logout User" owner="login_keywords">
<status status="NOT RUN" start="2026-02-22T16:09:57.909147" elapsed="0.000031"/>
</kw>
<kw name="Wait Until Element Is Visible" owner="SeleniumLibrary">
<arg>id=username</arg>
<doc>Waits until the element ``locator`` is visible.</doc>
<status status="NOT RUN" start="2026-02-22T16:09:57.909263" elapsed="0.000032"/>
</kw>
<status status="NOT RUN" start="2026-02-22T16:09:57.908606" elapsed="0.000726"/>
</branch>
<status status="PASS" start="2026-02-22T16:09:57.908581" elapsed="0.000791"/>
</if>
<if>
<branch type="IF" condition="'${EXPECTED}'=='FAIL'">
<kw name="Should Not Be True" owner="BuiltIn">
<arg>${dashboard_visible}</arg>
<doc>Fails if the given condition is true.</doc>
<status status="PASS" start="2026-02-22T16:09:57.909575" elapsed="0.000265"/>
</kw>
<status status="PASS" start="2026-02-22T16:09:57.909426" elapsed="0.000459"/>
</branch>
<status status="PASS" start="2026-02-22T16:09:57.909411" elapsed="0.000510"/>
</if>
<arg>EMAIL=testuser3@test.com</arg>
<arg>PASSWORD=</arg>
<arg>FIRSTNAME=Anil</arg>
<arg>LASTNAME=Varma</arg>
<arg>PHONE=</arg>
<arg>CITY=Bangalore</arg>
<arg>POSTCODE=560001</arg>
<arg>EXPECTED=FAIL</arg>
<status status="PASS" start="2026-02-22T16:09:49.205739" elapsed="8.704228"/>
</kw>
<status status="PASS" start="2026-02-22T16:09:41.229897" elapsed="16.680381"/>
</test>
<kw name="Close Application" owner="common" type="TEARDOWN">
<kw name="Close All Browsers" owner="SeleniumLibrary">
<doc>Closes all open browsers and resets the browser cache.</doc>
<status status="PASS" start="2026-02-22T16:09:57.911557" elapsed="3.500981"/>
</kw>
<status status="PASS" start="2026-02-22T16:09:57.911390" elapsed="3.501639"/>
</kw>
<status status="PASS" start="2026-02-22T16:08:29.584169" elapsed="91.829065"/>
</suite>
<suite id="s1-s3" name="02 Search Validation" source="C:\Users\Neeraja\Desktop\Wipro_Practice\Capstone_Project\robot-framework\tests\02_search_validation.robot">
<kw name="Open Application" owner="common" type="SETUP">
<kw name="Open Browser" owner="SeleniumLibrary">
<msg time="2026-02-22T16:10:01.430576" level="INFO">Opening browser 'firefox' to base url 'https://practice.automationtesting.in/'.</msg>
<arg>${URL}</arg>
<arg>${browser}</arg>
<doc>Opens a new browser instance to the optional ``url``.</doc>
<status status="PASS" start="2026-02-22T16:10:01.430231" elapsed="39.792099"/>
</kw>
<kw name="Maximize Browser Window" owner="SeleniumLibrary">
<doc>Maximizes current browser window.</doc>
<status status="PASS" start="2026-02-22T16:10:41.222727" elapsed="0.330414"/>
</kw>
<kw name="Set Selenium Timeout" owner="SeleniumLibrary">
<arg>${TIMEOUT}</arg>
<doc>Sets the timeout that is used by various keywords.</doc>
<status status="PASS" start="2026-02-22T16:10:41.554858" elapsed="0.025507"/>
</kw>
<status status="PASS" start="2026-02-22T16:10:01.429705" elapsed="40.150941"/>
</kw>
<test id="s1-s3-t1" name="Search With Valid Product" line="65">
<kw name="Go To Shop Page" type="SETUP">
<kw name="Go To" owner="SeleniumLibrary">
<msg time="2026-02-22T16:10:41.587387" level="INFO">Opening url 'https://practice.automationtesting.in/shop/'</msg>
<arg>https://practice.automationtesting.in/shop/</arg>
<doc>Navigates the current browser window to the provided ``url``.</doc>
<status status="PASS" start="2026-02-22T16:10:41.587027" elapsed="3.995638"/>
</kw>
<kw name="Wait Until Page Contains Element" owner="SeleniumLibrary">
<arg>id=content</arg>
<doc>Waits until the element ``locator`` appears on the current page.</doc>
<status status="PASS" start="2026-02-22T16:10:45.582921" elapsed="0.101916"/>
</kw>
<status status="PASS" start="2026-02-22T16:10:41.586014" elapsed="4.098937"/>
</kw>
<kw name="Search And Validate Products">
<kw name="Input Text" owner="SeleniumLibrary">
<msg time="2026-02-22T16:10:45.686622" level="INFO">Typing text 'HTML' into text field 'id=s'.</msg>
<arg>id=s</arg>
<arg>${product}</arg>
<doc>Types the given ``text`` into the text field identified by ``locator``.</doc>
<status status="PASS" start="2026-02-22T16:10:45.686304" elapsed="0.063763"/>
</kw>
<kw name="Textfield Value Should Be" owner="SeleniumLibrary">
<msg time="2026-02-22T16:10:45.774578" level="INFO">Content of text field 'id=s' is 'HTML'.</msg>
<arg>id=s</arg>
<arg>${product}</arg>
<doc>Verifies text field ``locator`` has exactly text ``expected``.</doc>
<status status="PASS" start="2026-02-22T16:10:45.750268" elapsed="0.024397"/>
</kw>
<kw name="Press Keys" owner="SeleniumLibrary">
<msg time="2026-02-22T16:10:45.775206" level="INFO">Sending key(s) ('ENTER',) to id=s element.</msg>
<msg time="2026-02-22T16:10:46.214093" level="INFO">Pressing special key ENTER to element.</msg>
<msg time="2026-02-22T16:10:46.214755" level="INFO">Releasing special key ENTER.</msg>
<arg>id=s</arg>
<arg>ENTER</arg>
<doc>Simulates the user pressing key(s) to an element or on the active browser.</doc>
<status status="PASS" start="2026-02-22T16:10:45.774829" elapsed="0.459793"/>
</kw>
<arg>${VALID_PRODUCT}</arg>
<arg>PASS</arg>
<status status="PASS" start="2026-02-22T16:10:45.685619" elapsed="0.549122"/>
</kw>
<status status="PASS" start="2026-02-22T16:10:41.580916" elapsed="4.654134"/>
</test>
<test id="s1-s3-t2" name="Search With Invalid Product" line="68">
<kw name="Go To Shop Page" type="SETUP">
<kw name="Go To" owner="SeleniumLibrary">
<msg time="2026-02-22T16:10:46.236463" level="INFO">Opening url 'https://practice.automationtesting.in/shop/'</msg>
<arg>https://practice.automationtesting.in/shop/</arg>
<doc>Navigates the current browser window to the provided ``url``.</doc>
<status status="PASS" start="2026-02-22T16:10:46.236355" elapsed="1.895399"/>
</kw>
<kw name="Wait Until Page Contains Element" owner="SeleniumLibrary">
<arg>id=content</arg>
<doc>Waits until the element ``locator`` appears on the current page.</doc>
<status status="PASS" start="2026-02-22T16:10:48.131997" elapsed="0.021673"/>
</kw>
<status status="PASS" start="2026-02-22T16:10:46.236034" elapsed="1.917742"/>
</kw>
<kw name="Search And Validate Products">
<kw name="Input Text" owner="SeleniumLibrary">
<msg time="2026-02-22T16:10:48.155147" level="INFO">Typing text 'XYZINVALID123' into text field 'id=s'.</msg>
<arg>id=s</arg>
<arg>${product}</arg>
<doc>Types the given ``text`` into the text field identified by ``locator``.</doc>
<status status="PASS" start="2026-02-22T16:10:48.154754" elapsed="0.044691"/>
</kw>
<kw name="Textfield Value Should Be" owner="SeleniumLibrary">
<msg time="2026-02-22T16:10:48.217947" level="INFO">Content of text field 'id=s' is 'XYZINVALID123'.</msg>
<arg>id=s</arg>
<arg>${product}</arg>
<doc>Verifies text field ``locator`` has exactly text ``expected``.</doc>
<status status="PASS" start="2026-02-22T16:10:48.199649" elapsed="0.018382"/>
</kw>
<kw name="Press Keys" owner="SeleniumLibrary">
<msg time="2026-02-22T16:10:48.218495" level="INFO">Sending key(s) ('ENTER',) to id=s element.</msg>
<msg time="2026-02-22T16:10:48.510892" level="INFO">Pressing special key ENTER to element.</msg>
<msg time="2026-02-22T16:10:48.511089" level="INFO">Releasing special key ENTER.</msg>
<arg>id=s</arg>
<arg>ENTER</arg>
<doc>Simulates the user pressing key(s) to an element or on the active browser.</doc>
<status status="PASS" start="2026-02-22T16:10:48.218187" elapsed="0.302991"/>
</kw>
<arg>${INVALID_PRODUCT}</arg>
<arg>NORESULT</arg>
<status status="PASS" start="2026-02-22T16:10:48.154144" elapsed="0.367270"/>
</kw>
<status status="PASS" start="2026-02-22T16:10:46.235612" elapsed="2.286277"/>
</test>
<test id="s1-s3-t3" name="Search With Empty Value" line="71">
<kw name="Go To Shop Page" type="SETUP">
<kw name="Go To" owner="SeleniumLibrary">
<msg time="2026-02-22T16:10:48.525263" level="INFO">Opening url 'https://practice.automationtesting.in/shop/'</msg>
<arg>https://practice.automationtesting.in/shop/</arg>
<doc>Navigates the current browser window to the provided ``url``.</doc>
<status status="PASS" start="2026-02-22T16:10:48.524918" elapsed="2.003894"/>
</kw>
<kw name="Wait Until Page Contains Element" owner="SeleniumLibrary">
<arg>id=content</arg>
<doc>Waits until the element ``locator`` appears on the current page.</doc>
<status status="PASS" start="2026-02-22T16:10:50.529150" elapsed="0.188351"/>
</kw>
<status status="PASS" start="2026-02-22T16:10:48.523937" elapsed="2.193693"/>
</kw>
<kw name="Search And Validate Products">
<kw name="Input Text" owner="SeleniumLibrary">
<msg time="2026-02-22T16:10:50.718748" level="INFO">Typing text '' into text field 'id=s'.</msg>
<arg>id=s</arg>
<arg>${product}</arg>
<doc>Types the given ``text`` into the text field identified by ``locator``.</doc>
<status status="PASS" start="2026-02-22T16:10:50.718539" elapsed="0.068752"/>
</kw>
<kw name="Textfield Value Should Be" owner="SeleniumLibrary">
<msg time="2026-02-22T16:10:50.832340" level="INFO">Content of text field 'id=s' is ''.</msg>
<arg>id=s</arg>
<arg>${product}</arg>
<doc>Verifies text field ``locator`` has exactly text ``expected``.</doc>
<status status="PASS" start="2026-02-22T16:10:50.787552" elapsed="0.044871"/>
</kw>
<kw name="Press Keys" owner="SeleniumLibrary">
<msg time="2026-02-22T16:10:50.832890" level="INFO">Sending key(s) ('ENTER',) to id=s element.</msg>
<msg time="2026-02-22T16:10:51.121308" level="INFO">Pressing special key ENTER to element.</msg>
<msg time="2026-02-22T16:10:51.121498" level="INFO">Releasing special key ENTER.</msg>
<arg>id=s</arg>
<arg>ENTER</arg>
<doc>Simulates the user pressing key(s) to an element or on the active browser.</doc>
<status status="PASS" start="2026-02-22T16:10:50.832588" elapsed="0.302048"/>
</kw>
<arg>${EMPTY}</arg>
<arg>ALL</arg>
<status status="PASS" start="2026-02-22T16:10:50.718072" elapsed="0.416685"/>
</kw>
<status status="PASS" start="2026-02-22T16:10:48.522673" elapsed="2.612527"/>
</test>
<kw name="Close Application" owner="common" type="TEARDOWN">
<kw name="Close All Browsers" owner="SeleniumLibrary">
<doc>Closes all open browsers and resets the browser cache.</doc>
<status status="PASS" start="2026-02-22T16:10:51.136833" elapsed="3.320184"/>
</kw>
<status status="PASS" start="2026-02-22T16:10:51.136373" elapsed="3.320990"/>
</kw>
<status status="PASS" start="2026-02-22T16:10:01.418833" elapsed="53.038655"/>
</suite>
<suite id="s1-s4" name="03 Sorting Filter Validation" source="C:\Users\Neeraja\Desktop\Wipro_Practice\Capstone_Project\robot-framework\tests\03_sorting_filter_validation.robot">
<kw name="Open Application" owner="common" type="SETUP">
<kw name="Open Browser" owner="SeleniumLibrary">
<msg time="2026-02-22T16:10:54.470469" level="INFO">Opening browser 'firefox' to base url 'https://practice.automationtesting.in/'.</msg>
<arg>${URL}</arg>
<arg>${browser}</arg>
<doc>Opens a new browser instance to the optional ``url``.</doc>
<status status="PASS" start="2026-02-22T16:10:54.470005" elapsed="25.061898"/>
</kw>
<kw name="Maximize Browser Window" owner="SeleniumLibrary">
<doc>Maximizes current browser window.</doc>
<status status="PASS" start="2026-02-22T16:11:19.532746" elapsed="0.331324"/>
</kw>
<kw name="Set Selenium Timeout" owner="SeleniumLibrary">
<arg>${TIMEOUT}</arg>
<doc>Sets the timeout that is used by various keywords.</doc>
<status status="PASS" start="2026-02-22T16:11:19.864363" elapsed="0.004434"/>
</kw>
<status status="PASS" start="2026-02-22T16:10:54.469375" elapsed="25.399749"/>
</kw>
<test id="s1-s4-t1" name="Default Sorting Validation" line="62">
<kw name="Go To Shop Page" type="SETUP">
<kw name="Go To" owner="SeleniumLibrary">
<msg time="2026-02-22T16:11:19.872457" level="INFO">Opening url 'https://practice.automationtesting.in/shop/'</msg>
<arg>https://practice.automationtesting.in/shop/</arg>
<doc>Navigates the current browser window to the provided ``url``.</doc>
<status status="PASS" start="2026-02-22T16:11:19.872068" elapsed="1.995388"/>
</kw>
<kw name="Wait Until Page Contains Element" owner="SeleniumLibrary">
<arg>id=content</arg>
<doc>Waits until the element ``locator`` appears on the current page.</doc>
<status status="PASS" start="2026-02-22T16:11:21.867694" elapsed="0.234142"/>
</kw>
<status status="PASS" start="2026-02-22T16:11:19.870723" elapsed="2.231216"/>
</kw>
<kw name="Select Default Sorting">
<kw name="Select From List By Label" owner="SeleniumLibrary">
<msg time="2026-02-22T16:11:22.102856" level="INFO">Selecting options from selection list 'css=select.orderby' by label Default sorting.</msg>
<arg>css=select.orderby</arg>
<arg>Default sorting</arg>
<doc>Selects options from selection list ``locator`` by ``labels``.</doc>
<status status="PASS" start="2026-02-22T16:11:22.102678" elapsed="0.132028"/>
</kw>
<kw name="Sleep" owner="BuiltIn">
<msg time="2026-02-22T16:11:24.235856" level="INFO">Slept 2 seconds.</msg>
<arg>2s</arg>
<doc>Pauses the test executed for the given time.</doc>
<status status="PASS" start="2026-02-22T16:11:22.234954" elapsed="2.001108"/>
</kw>
<kw name="List Selection Should Be" owner="SeleniumLibrary">
<msg time="2026-02-22T16:11:24.236615" level="INFO">Verifying list 'css=select.orderby' has option [ Default sorting ] selected.</msg>
<msg time="2026-02-22T16:11:24.243904" level="INFO">Current page contains list 'css=select.orderby'.</msg>
<arg>css=select.orderby</arg>
<arg>Default sorting</arg>
<doc>Verifies selection list ``locator`` has ``expected`` options selected.</doc>
<status status="PASS" start="2026-02-22T16:11:24.236334" elapsed="0.051794"/>
</kw>
<status status="PASS" start="2026-02-22T16:11:22.102356" elapsed="2.185877"/>
</kw>
<kw name="Validate Products Visible">
<kw name="Element Should Be Visible" owner="SeleniumLibrary">
<msg time="2026-02-22T16:11:24.299918" level="INFO">Element 'css=ul.products li' is displayed.</msg>
<arg>css=ul.products li</arg>
<doc>Verifies that the element identified by ``locator`` is visible.</doc>
<status status="PASS" start="2026-02-22T16:11:24.288979" elapsed="0.011025"/>
</kw>
<kw name="Get Element Count" owner="SeleniumLibrary">
<msg time="2026-02-22T16:11:24.302796" level="INFO">${count} = 8</msg>
<var>${count}</var>
<arg>css=ul.products li</arg>
<doc>Returns the number of elements matching ``locator``.</doc>
<status status="PASS" start="2026-02-22T16:11:24.300145" elapsed="0.002690"/>
</kw>
<kw name="Should Be True" owner="BuiltIn">
<arg>${count} &gt; 0</arg>
<doc>Fails if the given condition is not true.</doc>
<status status="PASS" start="2026-02-22T16:11:24.302966" elapsed="0.000321"/>
</kw>
<status status="PASS" start="2026-02-22T16:11:24.288627" elapsed="0.014732"/>
</kw>
<status status="PASS" start="2026-02-22T16:11:19.869293" elapsed="4.434345"/>
</test>
<test id="s1-s4-t2" name="Sort By Price Low To High Validation" line="67">
<kw name="Go To Shop Page" type="SETUP">
<kw name="Go To" owner="SeleniumLibrary">
<msg time="2026-02-22T16:11:24.305122" level="INFO">Opening url 'https://practice.automationtesting.in/shop/'</msg>
<arg>https://practice.automationtesting.in/shop/</arg>
<doc>Navigates the current browser window to the provided ``url``.</doc>
<status status="PASS" start="2026-02-22T16:11:24.305031" elapsed="1.366619"/>
</kw>
<kw name="Wait Until Page Contains Element" owner="SeleniumLibrary">
<arg>id=content</arg>
<doc>Waits until the element ``locator`` appears on the current page.</doc>
<status status="PASS" start="2026-02-22T16:11:25.671833" elapsed="0.242414"/>
</kw>
<status status="PASS" start="2026-02-22T16:11:24.304820" elapsed="1.609768"/>
</kw>
<kw name="Select Sort By Price Low To High">
<kw name="Select From List By Value" owner="SeleniumLibrary">
<msg time="2026-02-22T16:11:25.917069" level="INFO">Selecting options from selection list 'css=select.orderby' by value price.</msg>
<arg>css=select.orderby</arg>
<arg>price</arg>
<doc>Selects options from selection list ``locator`` by ``values``.</doc>
<status status="PASS" start="2026-02-22T16:11:25.916673" elapsed="6.875290"/>
</kw>
<kw name="Sleep" owner="BuiltIn">
<msg time="2026-02-22T16:11:34.793136" level="INFO">Slept 2 seconds.</msg>
<arg>2s</arg>
<doc>Pauses the test executed for the given time.</doc>
<status status="PASS" start="2026-02-22T16:11:32.792146" elapsed="2.001151"/>
</kw>
<kw name="List Selection Should Be" owner="SeleniumLibrary">
<msg time="2026-02-22T16:11:34.794028" level="INFO">Verifying list 'css=select.orderby' has option [ Sort by price: low to high ] selected.</msg>
<msg time="2026-02-22T16:11:34.805375" level="INFO">Current page contains list 'css=select.orderby'.</msg>
<arg>css=select.orderby</arg>
<arg>Sort by price: low to high</arg>
<doc>Verifies selection list ``locator`` has ``expected`` options selected.</doc>
<status status="PASS" start="2026-02-22T16:11:34.793655" elapsed="0.048055"/>
</kw>
<status status="PASS" start="2026-02-22T16:11:25.915687" elapsed="8.926126"/>
</kw>
<kw name="Validate Products Visible">
<kw name="Element Should Be Visible" owner="SeleniumLibrary">
<msg time="2026-02-22T16:11:34.852728" level="INFO">Element 'css=ul.products li' is displayed.</msg>
<arg>css=ul.products li</arg>
<doc>Verifies that the element identified by ``locator`` is visible.</doc>
<status status="PASS" start="2026-02-22T16:11:34.842466" elapsed="0.010344"/>
</kw>
<kw name="Get Element Count" owner="SeleniumLibrary">
<msg time="2026-02-22T16:11:34.855448" level="INFO">${count} = 8</msg>
<var>${count}</var>
<arg>css=ul.products li</arg>
<doc>Returns the number of elements matching ``locator``.</doc>
<status status="PASS" start="2026-02-22T16:11:34.852950" elapsed="0.002533"/>
</kw>
<kw name="Should Be True" owner="BuiltIn">
<arg>${count} &gt; 0</arg>
<doc>Fails if the given condition is not true.</doc>
<status status="PASS" start="2026-02-22T16:11:34.855605" elapsed="0.000304"/>
</kw>
<status status="PASS" start="2026-02-22T16:11:34.842166" elapsed="0.013814"/>
</kw>
<status status="PASS" start="2026-02-22T16:11:24.304416" elapsed="10.551898"/>
</test>
<test id="s1-s4-t3" name="Filter By Price Validation" line="72">
<kw name="Go To Shop Page" type="SETUP">
<kw name="Go To" owner="SeleniumLibrary">
<msg time="2026-02-22T16:11:34.857804" level="INFO">Opening url 'https://practice.automationtesting.in/shop/'</msg>
<arg>https://practice.automationtesting.in/shop/</arg>
<doc>Navigates the current browser window to the provided ``url``.</doc>
<status status="PASS" start="2026-02-22T16:11:34.857705" elapsed="1.729575"/>
</kw>
<kw name="Wait Until Page Contains Element" owner="SeleniumLibrary">
<arg>id=content</arg>
<doc>Waits until the element ``locator`` appears on the current page.</doc>
<status status="PASS" start="2026-02-22T16:11:36.587635" elapsed="0.237922"/>
</kw>
<status status="PASS" start="2026-02-22T16:11:34.857498" elapsed="1.968234"/>
</kw>
<kw name="Get Price Range Text">
<kw name="Get Text" owner="SeleniumLibrary">
<msg time="2026-02-22T16:11:36.852591" level="INFO">${text} = Price: 150  500</msg>
<var>${text}</var>
<arg>css=.price_label</arg>
<doc>Returns the text value of the element identified by ``locator``.</doc>
<status status="PASS" start="2026-02-22T16:11:36.826926" elapsed="0.026103"/>
</kw>
<kw name="Should Not Be Empty" owner="BuiltIn">
<msg time="2026-02-22T16:11:36.855194" level="INFO">Length is 18.</msg>
<arg>${text}</arg>
<doc>Verifies that the given item is not empty.</doc>
<status status="PASS" start="2026-02-22T16:11:36.853694" elapsed="0.001598"/>
</kw>
<return>
<value>${text}</value>
<status status="PASS" start="2026-02-22T16:11:36.855459" elapsed="0.000076"/>
</return>
<msg time="2026-02-22T16:11:36.855739" level="INFO">${before} = Price: 150  500</msg>
<var>${before}</var>
<status status="PASS" start="2026-02-22T16:11:36.826296" elapsed="0.029494"/>
</kw>
<kw name="Move Price Slider And Apply Filter">
<kw name="Execute Javascript" owner="SeleniumLibrary">
<msg time="2026-02-22T16:11:36.858081" level="INFO">Executing JavaScript:
document.querySelector('#min_price').value='150';
Without any arguments.</msg>
<arg>document.querySelector('#min_price').value='150';</arg>
<doc>Executes the given JavaScript code with possible arguments.</doc>
<status status="PASS" start="2026-02-22T16:11:36.857207" elapsed="0.081728"/>
</kw>
<kw name="Execute Javascript" owner="SeleniumLibrary">
<msg time="2026-02-22T16:11:36.939707" level="INFO">Executing JavaScript:
document.querySelector('#max_price').value='300';
Without any arguments.</msg>
<arg>document.querySelector('#max_price').value='300';</arg>
<doc>Executes the given JavaScript code with possible arguments.</doc>
<status status="PASS" start="2026-02-22T16:11:36.939111" elapsed="0.005794"/>
</kw>
<kw name="Execute Javascript" owner="SeleniumLibrary">
<msg time="2026-02-22T16:11:36.945511" level="INFO">Executing JavaScript:
jQuery('body').trigger('price_slider_change');
Without any arguments.</msg>
<arg>jQuery('body').trigger('price_slider_change');</arg>
<doc>Executes the given JavaScript code with possible arguments.</doc>
<status status="PASS" start="2026-02-22T16:11:36.945085" elapsed="0.005087"/>
</kw>
<kw name="Click Button" owner="SeleniumLibrary">
<msg time="2026-02-22T16:11:36.950790" level="INFO">Clicking button 'css=.price_slider_amount button'.</msg>
<arg>css=.price_slider_amount button</arg>
<doc>Clicks the button identified by ``locator``.</doc>
<status status="PASS" start="2026-02-22T16:11:36.950505" elapsed="5.243655"/>
</kw>
<kw name="Wait Until Page Contains Element" owner="SeleniumLibrary">
<arg>css=ul.products</arg>
<doc>Waits until the element ``locator`` appears on the current page.</doc>
<status status="PASS" start="2026-02-22T16:11:42.194640" elapsed="0.016263"/>
</kw>
<status status="PASS" start="2026-02-22T16:11:36.856446" elapsed="5.354840"/>
</kw>
<kw name="Get Price Range Text">
<kw name="Get Text" owner="SeleniumLibrary">
<msg time="2026-02-22T16:11:42.244705" level="INFO">${text} = Price: 150  300</msg>
<var>${text}</var>
<arg>css=.price_label</arg>
<doc>Returns the text value of the element identified by ``locator``.</doc>
<status status="PASS" start="2026-02-22T16:11:42.221187" elapsed="0.023609"/>
</kw>
<kw name="Should Not Be Empty" owner="BuiltIn">
<msg time="2026-02-22T16:11:42.247521" level="INFO">Length is 18.</msg>
<arg>${text}</arg>
<doc>Verifies that the given item is not empty.</doc>
<status status="PASS" start="2026-02-22T16:11:42.245366" elapsed="0.002276"/>
</kw>
<return>
<value>${text}</value>
<status status="PASS" start="2026-02-22T16:11:42.247752" elapsed="0.000069"/>
</return>
<msg time="2026-02-22T16:11:42.248055" level="INFO">${after} = Price: 150  300</msg>
<var>${after}</var>
<status status="PASS" start="2026-02-22T16:11:42.218251" elapsed="0.029882"/>
</kw>
<kw name="Should Not Be Equal" owner="BuiltIn">
<arg>${before}</arg>
<arg>${after}</arg>
<doc>Fails if the given objects are equal.</doc>
<status status="PASS" start="2026-02-22T16:11:42.248816" elapsed="0.000508"/>
</kw>
<kw name="Element Should Contain" owner="SeleniumLibrary">
<msg time="2026-02-22T16:11:42.262235" level="INFO">Element 'css=.price_label' contains text ''.</msg>
<arg>css=.price_label</arg>
<arg></arg>
<doc>Verifies that element ``locator`` contains text ``expected``.</doc>
<status status="PASS" start="2026-02-22T16:11:42.249639" elapsed="0.013011"/>
</kw>
<kw name="Validate Products Visible">
<kw name="Element Should Be Visible" owner="SeleniumLibrary">
<msg time="2026-02-22T16:11:42.278352" level="INFO">Element 'css=ul.products li' is displayed.</msg>
<arg>css=ul.products li</arg>
<doc>Verifies that the element identified by ``locator`` is visible.</doc>
<status status="PASS" start="2026-02-22T16:11:42.266099" elapsed="0.012499"/>
</kw>
<kw name="Get Element Count" owner="SeleniumLibrary">
<msg time="2026-02-22T16:11:42.284696" level="INFO">${count} = 4</msg>
<var>${count}</var>
<arg>css=ul.products li</arg>
<doc>Returns the number of elements matching ``locator``.</doc>
<status status="PASS" start="2026-02-22T16:11:42.278915" elapsed="0.005853"/>
</kw>
<kw name="Should Be True" owner="BuiltIn">
<arg>${count} &gt; 0</arg>
<doc>Fails if the given condition is not true.</doc>
<status status="PASS" start="2026-02-22T16:11:42.284978" elapsed="0.000414"/>
</kw>
<status status="PASS" start="2026-02-22T16:11:42.264964" elapsed="0.020589"/>
</kw>
<status status="PASS" start="2026-02-22T16:11:34.857100" elapsed="7.428819"/>
</test>
<test id="s1-s4-t4" name="Price Change Filter Validation" line="86">
<kw name="Go To Shop Page" type="SETUP">
<kw name="Go To" owner="SeleniumLibrary">
<msg time="2026-02-22T16:11:42.287451" level="INFO">Opening url 'https://practice.automationtesting.in/shop/'</msg>
<arg>https://practice.automationtesting.in/shop/</arg>
<doc>Navigates the current browser window to the provided ``url``.</doc>
<status status="PASS" start="2026-02-22T16:11:42.287285" elapsed="1.530904"/>
</kw>
<kw name="Wait Until Page Contains Element" owner="SeleniumLibrary">
<arg>id=content</arg>
<doc>Waits until the element ``locator`` appears on the current page.</doc>
<status status="PASS" start="2026-02-22T16:11:43.818568" elapsed="0.087034"/>
</kw>
<status status="PASS" start="2026-02-22T16:11:42.286970" elapsed="1.618737"/>
</kw>
<kw name="Get Price Range Text">
<kw name="Get Text" owner="SeleniumLibrary">
<msg time="2026-02-22T16:11:43.924355" level="INFO">${text} = Price: 150  500</msg>
<var>${text}</var>
<arg>css=.price_label</arg>
<doc>Returns the text value of the element identified by ``locator``.</doc>
<status status="PASS" start="2026-02-22T16:11:43.906597" elapsed="0.017801"/>
</kw>
<kw name="Should Not Be Empty" owner="BuiltIn">
<msg time="2026-02-22T16:11:43.925162" level="INFO">Length is 18.</msg>
<arg>${text}</arg>
<doc>Verifies that the given item is not empty.</doc>
<status status="PASS" start="2026-02-22T16:11:43.924585" elapsed="0.000647"/>
</kw>
<return>
<value>${text}</value>
<status status="PASS" start="2026-02-22T16:11:43.925325" elapsed="0.000063"/>
</return>
<msg time="2026-02-22T16:11:43.925635" level="INFO">${initial} = Price: 150  500</msg>
<var>${initial}</var>
<status status="PASS" start="2026-02-22T16:11:43.906121" elapsed="0.019573"/>
</kw>
<kw name="Move Price Slider And Apply Filter">
<kw name="Execute Javascript" owner="SeleniumLibrary">
<msg time="2026-02-22T16:11:43.928076" level="INFO">Executing JavaScript:
document.querySelector('#min_price').value='150';
Without any arguments.</msg>
<arg>document.querySelector('#min_price').value='150';</arg>
<doc>Executes the given JavaScript code with possible arguments.</doc>
<status status="PASS" start="2026-02-22T16:11:43.927060" elapsed="0.006216"/>
</kw>
<kw name="Execute Javascript" owner="SeleniumLibrary">
<msg time="2026-02-22T16:11:43.933791" level="INFO">Executing JavaScript:
document.querySelector('#max_price').value='300';
Without any arguments.</msg>
<arg>document.querySelector('#max_price').value='300';</arg>
<doc>Executes the given JavaScript code with possible arguments.</doc>
<status status="PASS" start="2026-02-22T16:11:43.933464" elapsed="0.003848"/>
</kw>
<kw name="Execute Javascript" owner="SeleniumLibrary">
<msg time="2026-02-22T16:11:43.937823" level="INFO">Executing JavaScript:
jQuery('body').trigger('price_slider_change');
Without any arguments.</msg>
<arg>jQuery('body').trigger('price_slider_change');</arg>
<doc>Executes the given JavaScript code with possible arguments.</doc>
<status status="PASS" start="2026-02-22T16:11:43.937470" elapsed="0.003787"/>
</kw>
<kw name="Click Button" owner="SeleniumLibrary">
<msg time="2026-02-22T16:11:43.941995" level="INFO">Clicking button 'css=.price_slider_amount button'.</msg>
<arg>css=.price_slider_amount button</arg>
<doc>Clicks the button identified by ``locator``.</doc>
<status status="PASS" start="2026-02-22T16:11:43.941609" elapsed="4.637908"/>
</kw>
<kw name="Wait Until Page Contains Element" owner="SeleniumLibrary">
<arg>css=ul.products</arg>
<doc>Waits until the element ``locator`` appears on the current page.</doc>
<status status="PASS" start="2026-02-22T16:11:48.579711" elapsed="0.012254"/>
</kw>
<status status="PASS" start="2026-02-22T16:11:43.926366" elapsed="4.665726"/>
</kw>
<kw name="Get Price Range Text">
<kw name="Get Text" owner="SeleniumLibrary">
<msg time="2026-02-22T16:11:48.613609" level="INFO">${text} = Price: 150  300</msg>
<var>${text}</var>
<arg>css=.price_label</arg>
<doc>Returns the text value of the element identified by ``locator``.</doc>
<status status="PASS" start="2026-02-22T16:11:48.592793" elapsed="0.020872"/>
</kw>
<kw name="Should Not Be Empty" owner="BuiltIn">
<msg time="2026-02-22T16:11:48.614255" level="INFO">Length is 18.</msg>
<arg>${text}</arg>
<doc>Verifies that the given item is not empty.</doc>
<status status="PASS" start="2026-02-22T16:11:48.613877" elapsed="0.000454"/>
</kw>
<return>
<value>${text}</value>
<status status="PASS" start="2026-02-22T16:11:48.614396" elapsed="0.000046"/>
</return>
<msg time="2026-02-22T16:11:48.614644" level="INFO">${changed} = Price: 150  300</msg>
<var>${changed}</var>
<status status="PASS" start="2026-02-22T16:11:48.592475" elapsed="0.022202"/>
</kw>
<kw name="Log" owner="BuiltIn">
<msg time="2026-02-22T16:11:48.615399" level="INFO">Initial Price Range: Price: 150  500</msg>
<arg>Initial Price Range: ${initial}</arg>
<doc>Logs the given message with the given level.</doc>
<status status="PASS" start="2026-02-22T16:11:48.615001" elapsed="0.000453"/>
</kw>
<kw name="Log" owner="BuiltIn">
<msg time="2026-02-22T16:11:48.615939" level="INFO">Changed Price Range: Price: 150  300</msg>
<arg>Changed Price Range: ${changed}</arg>
<doc>Logs the given message with the given level.</doc>
<status status="PASS" start="2026-02-22T16:11:48.615679" elapsed="0.000349"/>
</kw>
<kw name="Should Not Be Equal" owner="BuiltIn">
<arg>${initial}</arg>
<arg>${changed}</arg>
<doc>Fails if the given objects are equal.</doc>
<status status="PASS" start="2026-02-22T16:11:48.616239" elapsed="0.000322"/>
</kw>
<kw name="Element Should Be Visible" owner="SeleniumLibrary">
<msg time="2026-02-22T16:11:48.644947" level="INFO">Element 'css=.price_label' is displayed.</msg>
<arg>css=.price_label</arg>
<doc>Verifies that the element identified by ``locator`` is visible.</doc>
<status status="PASS" start="2026-02-22T16:11:48.616793" elapsed="0.028242"/>
</kw>
<kw name="Validate Products Visible">
<kw name="Element Should Be Visible" owner="SeleniumLibrary">
<msg time="2026-02-22T16:11:48.658487" level="INFO">Element 'css=ul.products li' is displayed.</msg>
<arg>css=ul.products li</arg>
<doc>Verifies that the element identified by ``locator`` is visible.</doc>
<status status="PASS" start="2026-02-22T16:11:48.645790" elapsed="0.012805"/>
</kw>
<kw name="Get Element Count" owner="SeleniumLibrary">
<msg time="2026-02-22T16:11:48.669492" level="INFO">${count} = 4</msg>
<var>${count}</var>
<arg>css=ul.products li</arg>
<doc>Returns the number of elements matching ``locator``.</doc>
<status status="PASS" start="2026-02-22T16:11:48.658760" elapsed="0.010778"/>
</kw>
<kw name="Should Be True" owner="BuiltIn">
<arg>${count} &gt; 0</arg>
<doc>Fails if the given condition is not true.</doc>
<status status="PASS" start="2026-02-22T16:11:48.669681" elapsed="0.000339"/>
</kw>
<status status="PASS" start="2026-02-22T16:11:48.645463" elapsed="0.024637"/>
</kw>
<status status="PASS" start="2026-02-22T16:11:42.286465" elapsed="6.384328"/>
</test>
<kw name="Close Browser" owner="SeleniumLibrary" type="TEARDOWN">
<doc>Closes the current browser.</doc>
<status status="PASS" start="2026-02-22T16:11:48.672266" elapsed="3.698978"/>
</kw>
<status status="PASS" start="2026-02-22T16:10:54.460231" elapsed="57.911106"/>
</suite>
<suite id="s1-s5" name="04 Cart Validation" source="C:\Users\Neeraja\Desktop\Wipro_Practice\Capstone_Project\robot-framework\tests\04_cart_validation.robot">
<kw name="Open Application" owner="common" type="SETUP">
<kw name="Open Browser" owner="SeleniumLibrary">
<msg time="2026-02-22T16:11:52.376459" level="INFO">Opening browser 'firefox' to base url 'https://practice.automationtesting.in/'.</msg>
<arg>${URL}</arg>
<arg>${browser}</arg>
<doc>Opens a new browser instance to the optional ``url``.</doc>
<status status="PASS" start="2026-02-22T16:11:52.376253" elapsed="28.815280"/>
</kw>
<kw name="Maximize Browser Window" owner="SeleniumLibrary">
<doc>Maximizes current browser window.</doc>
<status status="PASS" start="2026-02-22T16:12:21.191768" elapsed="0.302710"/>
</kw>
<kw name="Set Selenium Timeout" owner="SeleniumLibrary">
<arg>${TIMEOUT}</arg>
<doc>Sets the timeout that is used by various keywords.</doc>
<status status="PASS" start="2026-02-22T16:12:21.494823" elapsed="0.006208"/>
</kw>
<status status="PASS" start="2026-02-22T16:11:52.375976" elapsed="29.125410"/>
</kw>
<test id="s1-s5-t1" name="Add Multiple Products In Cart" line="69">
<kw name="Go To Shop Page" type="SETUP">
<kw name="Go To" owner="SeleniumLibrary">
<msg time="2026-02-22T16:12:21.504370" level="INFO">Opening url 'https://practice.automationtesting.in/shop/'</msg>
<arg>https://practice.automationtesting.in/shop/</arg>
<doc>Navigates the current browser window to the provided ``url``.</doc>
<status status="PASS" start="2026-02-22T16:12:21.504210" elapsed="6.224778"/>
</kw>
<kw name="Wait Until Page Contains Element" owner="SeleniumLibrary">
<arg>id=content</arg>
<doc>Waits until the element ``locator`` appears on the current page.</doc>
<status status="PASS" start="2026-02-22T16:12:27.729159" elapsed="0.234890"/>
</kw>
<status status="PASS" start="2026-02-22T16:12:21.503690" elapsed="6.460502"/>
</kw>
<kw name="Add First Product By URL">
<kw name="Go To" owner="SeleniumLibrary">
<msg time="2026-02-22T16:12:27.965182" level="INFO">Opening url 'https://practice.automationtesting.in/shop/?add-to-cart=169'</msg>
<arg>https://practice.automationtesting.in/shop/?add-to-cart=169</arg>
<doc>Navigates the current browser window to the provided ``url``.</doc>
<status status="PASS" start="2026-02-22T16:12:27.965055" elapsed="1.981518"/>
</kw>
<kw name="Wait Until Page Contains Element" owner="SeleniumLibrary">
<arg>xpath=//a[contains(text(),'View Basket')]</arg>
<doc>Waits until the element ``locator`` appears on the current page.</doc>
<status status="PASS" start="2026-02-22T16:12:29.946770" elapsed="0.210198"/>
</kw>
<kw name="Page Should Contain" owner="SeleniumLibrary">
<msg time="2026-02-22T16:12:30.181689" level="INFO">Current page contains text 'View Basket'.</msg>
<arg>View Basket</arg>
<doc>Verifies that current page contains ``text``.</doc>
<status status="PASS" start="2026-02-22T16:12:30.157255" elapsed="0.024575"/>
</kw>
<status status="PASS" start="2026-02-22T16:12:27.964650" elapsed="2.217330"/>
</kw>
<kw name="Add Second Product By URL">
<kw name="Go To" owner="SeleniumLibrary">
<msg time="2026-02-22T16:12:30.183066" level="INFO">Opening url 'https://practice.automationtesting.in/shop/?add-to-cart=181'</msg>
<arg>https://practice.automationtesting.in/shop/?add-to-cart=181</arg>
<doc>Navigates the current browser window to the provided ``url``.</doc>
<status status="PASS" start="2026-02-22T16:12:30.182887" elapsed="1.897680"/>
</kw>
<kw name="Wait Until Page Contains Element" owner="SeleniumLibrary">
<arg>xpath=//a[contains(text(),'View Basket')]</arg>
<doc>Waits until the element ``locator`` appears on the current page.</doc>
<status status="PASS" start="2026-02-22T16:12:32.080898" elapsed="0.145002"/>
</kw>
<kw name="Page Should Contain" owner="SeleniumLibrary">
<msg time="2026-02-22T16:12:32.262748" level="INFO">Current page contains text 'View Basket'.</msg>
<arg>View Basket</arg>
<doc>Verifies that current page contains ``text``.</doc>
<status status="PASS" start="2026-02-22T16:12:32.226058" elapsed="0.036800"/>
</kw>
<status status="PASS" start="2026-02-22T16:12:30.182504" elapsed="2.080496"/>
</kw>
<kw name="Open Cart">
<kw name="Click Element" owner="SeleniumLibrary">
<msg time="2026-02-22T16:12:32.264189" level="INFO">Clicking element 'xpath=//a[contains(text(),'View Basket')]'.</msg>
<arg>xpath=//a[contains(text(),'View Basket')]</arg>
<doc>Click the element identified by ``locator``.</doc>
<status status="PASS" start="2026-02-22T16:12:32.263951" elapsed="2.358180"/>
</kw>
<kw name="Wait Until Page Contains Element" owner="SeleniumLibrary">
<arg>css=table.shop_table</arg>
<doc>Waits until the element ``locator`` appears on the current page.</doc>
<status status="PASS" start="2026-02-22T16:12:34.622311" elapsed="0.160285"/>
</kw>
<kw name="Element Should Be Visible" owner="SeleniumLibrary">
<msg time="2026-02-22T16:12:34.803203" level="INFO">Element 'css=table.shop_table' is displayed.</msg>
<arg>css=table.shop_table</arg>
<doc>Verifies that the element identified by ``locator`` is visible.</doc>
<status status="PASS" start="2026-02-22T16:12:34.782887" elapsed="0.020475"/>
</kw>
<status status="PASS" start="2026-02-22T16:12:32.263413" elapsed="2.540068"/>
</kw>
<kw name="Get Element Count" owner="SeleniumLibrary">
<msg time="2026-02-22T16:12:34.807453" level="INFO">${count} = 6</msg>
<var>${count}</var>
<arg>css=table.shop_table tbody tr</arg>
<doc>Returns the number of elements matching ``locator``.</doc>
<status status="PASS" start="2026-02-22T16:12:34.803842" elapsed="0.003653"/>
</kw>
<kw name="Should Be True" owner="BuiltIn">
<arg>${count} &gt;= 2</arg>
<doc>Fails if the given condition is not true.</doc>
<status status="PASS" start="2026-02-22T16:12:34.807809" elapsed="0.000445"/>
</kw>
<kw name="Element Should Be Visible" owner="SeleniumLibrary">
<msg time="2026-02-22T16:12:34.823219" level="INFO">Element 'css=.cart_totals' is displayed.</msg>
<arg>css=.cart_totals</arg>
<doc>Verifies that the element identified by ``locator`` is visible.</doc>
<status status="PASS" start="2026-02-22T16:12:34.808478" elapsed="0.014824"/>
</kw>
<status status="PASS" start="2026-02-22T16:12:21.501740" elapsed="13.321867"/>
</test>
<test id="s1-s5-t2" name="Remove One Product From Cart" line="83">
<kw name="Go To Shop Page" type="SETUP">
<kw name="Go To" owner="SeleniumLibrary">
<msg time="2026-02-22T16:12:34.825759" level="INFO">Opening url 'https://practice.automationtesting.in/shop/'</msg>
<arg>https://practice.automationtesting.in/shop/</arg>
<doc>Navigates the current browser window to the provided ``url``.</doc>
<status status="PASS" start="2026-02-22T16:12:34.825645" elapsed="2.185679"/>
</kw>
<kw name="Wait Until Page Contains Element" owner="SeleniumLibrary">
<arg>id=content</arg>
<doc>Waits until the element ``locator`` appears on the current page.</doc>
<status status="PASS" start="2026-02-22T16:12:37.011783" elapsed="0.141908"/>
</kw>
<status status="PASS" start="2026-02-22T16:12:34.824553" elapsed="2.329247"/>
</kw>
<kw name="Add First Product By URL">
<kw name="Go To" owner="SeleniumLibrary">
<msg time="2026-02-22T16:12:37.154594" level="INFO">Opening url 'https://practice.automationtesting.in/shop/?add-to-cart=169'</msg>
<arg>https://practice.automationtesting.in/shop/?add-to-cart=169</arg>
<doc>Navigates the current browser window to the provided ``url``.</doc>
<status status="PASS" start="2026-02-22T16:12:37.154456" elapsed="2.114953"/>
</kw>
<kw name="Wait Until Page Contains Element" owner="SeleniumLibrary">
<arg>xpath=//a[contains(text(),'View Basket')]</arg>
<doc>Waits until the element ``locator`` appears on the current page.</doc>
<status status="PASS" start="2026-02-22T16:12:39.269668" elapsed="0.245770"/>
</kw>
<kw name="Page Should Contain" owner="SeleniumLibrary">
<msg time="2026-02-22T16:12:39.534975" level="INFO">Current page contains text 'View Basket'.</msg>
<arg>View Basket</arg>
<doc>Verifies that current page contains ``text``.</doc>
<status status="PASS" start="2026-02-22T16:12:39.515721" elapsed="0.019346"/>
</kw>
<status status="PASS" start="2026-02-22T16:12:37.154167" elapsed="2.380988"/>
</kw>
<kw name="Add Second Product By URL">
<kw name="Go To" owner="SeleniumLibrary">
<msg time="2026-02-22T16:12:39.536239" level="INFO">Opening url 'https://practice.automationtesting.in/shop/?add-to-cart=181'</msg>
<arg>https://practice.automationtesting.in/shop/?add-to-cart=181</arg>
<doc>Navigates the current browser window to the provided ``url``.</doc>
<status status="PASS" start="2026-02-22T16:12:39.536127" elapsed="1.672159"/>
</kw>
<kw name="Wait Until Page Contains Element" owner="SeleniumLibrary">
<arg>xpath=//a[contains(text(),'View Basket')]</arg>
<doc>Waits until the element ``locator`` appears on the current page.</doc>
<status status="PASS" start="2026-02-22T16:12:41.208678" elapsed="0.059000"/>
</kw>
<kw name="Page Should Contain" owner="SeleniumLibrary">
<msg time="2026-02-22T16:12:41.300092" level="INFO">Current page contains text 'View Basket'.</msg>
<arg>View Basket</arg>
<doc>Verifies that current page contains ``text``.</doc>
<status status="PASS" start="2026-02-22T16:12:41.268011" elapsed="0.032231"/>
</kw>
<status status="PASS" start="2026-02-22T16:12:39.535676" elapsed="1.764716"/>
</kw>
<kw name="Open Cart">
<kw name="Click Element" owner="SeleniumLibrary">
<msg time="2026-02-22T16:12:41.301644" level="INFO">Clicking element 'xpath=//a[contains(text(),'View Basket')]'.</msg>
<arg>xpath=//a[contains(text(),'View Basket')]</arg>
<doc>Click the element identified by ``locator``.</doc>
<status status="PASS" start="2026-02-22T16:12:41.301308" elapsed="3.097572"/>
</kw>
<kw name="Wait Until Page Contains Element" owner="SeleniumLibrary">
<arg>css=table.shop_table</arg>
<doc>Waits until the element ``locator`` appears on the current page.</doc>
<status status="PASS" start="2026-02-22T16:12:44.399211" elapsed="0.005818"/>
</kw>
<kw name="Element Should Be Visible" owner="SeleniumLibrary">
<msg time="2026-02-22T16:12:44.420141" level="INFO">Element 'css=table.shop_table' is displayed.</msg>
<arg>css=table.shop_table</arg>
<doc>Verifies that the element identified by ``locator`` is visible.</doc>
<status status="PASS" start="2026-02-22T16:12:44.405461" elapsed="0.014765"/>
</kw>
<status status="PASS" start="2026-02-22T16:12:41.300844" elapsed="3.119470"/>
</kw>
<kw name="Get Element Count" owner="SeleniumLibrary">
<msg time="2026-02-22T16:12:44.428515" level="INFO">${before} = 6</msg>
<var>${before}</var>
<arg>css=table.shop_table tbody tr</arg>
<doc>Returns the number of elements matching ``locator``.</doc>
<status status="PASS" start="2026-02-22T16:12:44.420655" elapsed="0.007912"/>
</kw>
<kw name="Remove One Product">
<kw name="Scroll Element Into View" owner="SeleniumLibrary">
<arg>css=a.remove</arg>
<doc>Scrolls the element identified by ``locator`` into view.</doc>
<status status="PASS" start="2026-02-22T16:12:44.429315" elapsed="0.288773"/>
</kw>
<kw name="Click Element" owner="SeleniumLibrary">
<msg time="2026-02-22T16:12:44.718789" level="INFO">Clicking element 'css=a.remove'.</msg>
<arg>css=a.remove</arg>
<doc>Click the element identified by ``locator``.</doc>
<status status="PASS" start="2026-02-22T16:12:44.718399" elapsed="0.131630"/>
</kw>
<kw name="Wait Until Element Is Visible" owner="SeleniumLibrary">
<arg>css=.woocommerce-message</arg>
<doc>Waits until the element ``locator`` is visible.</doc>
<status status="PASS" start="2026-02-22T16:12:44.850195" elapsed="0.669083"/>
</kw>
<kw name="Element Should Contain" owner="SeleniumLibrary">
<msg time="2026-02-22T16:12:45.532412" level="INFO">Element 'css=.woocommerce-message' contains text 'removed'.</msg>
<arg>css=.woocommerce-message</arg>
<arg>removed</arg>
<doc>Verifies that element ``locator`` contains text ``expected``.</doc>
<status status="PASS" start="2026-02-22T16:12:45.519442" elapsed="0.013095"/>
</kw>
<status status="PASS" start="2026-02-22T16:12:44.428953" elapsed="1.103732"/>
</kw>
<kw name="Get Element Count" owner="SeleniumLibrary">
<msg time="2026-02-22T16:12:45.536422" level="INFO">${after} = 5</msg>
<var>${after}</var>
<arg>css=table.shop_table tbody tr</arg>
<doc>Returns the number of elements matching ``locator``.</doc>
<status status="PASS" start="2026-02-22T16:12:45.533101" elapsed="0.003392"/>
</kw>
<kw name="Should Be True" owner="BuiltIn">
<arg>${after} &lt; ${before}</arg>
<doc>Fails if the given condition is not true.</doc>
<status status="PASS" start="2026-02-22T16:12:45.536795" elapsed="0.000383"/>
</kw>
<kw name="Element Should Be Visible" owner="SeleniumLibrary">
<msg time="2026-02-22T16:12:45.548267" level="INFO">Element 'css=table.shop_table' is displayed.</msg>
<arg>css=table.shop_table</arg>
<doc>Verifies that the element identified by ``locator`` is visible.</doc>
<status status="PASS" start="2026-02-22T16:12:45.537457" elapsed="0.010905"/>
</kw>
<status status="PASS" start="2026-02-22T16:12:34.824178" elapsed="10.724803"/>
</test>
<test id="s1-s5-t3" name="Proceed To Checkout Product" line="101">
<kw name="Go To Shop Page" type="SETUP">
<kw name="Go To" owner="SeleniumLibrary">
<msg time="2026-02-22T16:12:45.550697" level="INFO">Opening url 'https://practice.automationtesting.in/shop/'</msg>
<arg>https://practice.automationtesting.in/shop/</arg>
<doc>Navigates the current browser window to the provided ``url``.</doc>
<status status="PASS" start="2026-02-22T16:12:45.550594" elapsed="2.408251"/>
</kw>
<kw name="Wait Until Page Contains Element" owner="SeleniumLibrary">
<arg>id=content</arg>
<doc>Waits until the element ``locator`` appears on the current page.</doc>
<status status="PASS" start="2026-02-22T16:12:47.959021" elapsed="0.025982"/>
</kw>
<status status="PASS" start="2026-02-22T16:12:45.550340" elapsed="2.434770"/>
</kw>
<kw name="Add First Product By URL">
<kw name="Go To" owner="SeleniumLibrary">
<msg time="2026-02-22T16:12:47.986954" level="INFO">Opening url 'https://practice.automationtesting.in/shop/?add-to-cart=169'</msg>
<arg>https://practice.automationtesting.in/shop/?add-to-cart=169</arg>
<doc>Navigates the current browser window to the provided ``url``.</doc>
<status status="PASS" start="2026-02-22T16:12:47.986577" elapsed="1.563266"/>
</kw>
<kw name="Wait Until Page Contains Element" owner="SeleniumLibrary">
<arg>xpath=//a[contains(text(),'View Basket')]</arg>
<doc>Waits until the element ``locator`` appears on the current page.</doc>
<status status="PASS" start="2026-02-22T16:12:49.550101" elapsed="0.347655"/>
</kw>
<kw name="Page Should Contain" owner="SeleniumLibrary">
<msg time="2026-02-22T16:12:49.921616" level="INFO">Current page contains text 'View Basket'.</msg>
<arg>View Basket</arg>
<doc>Verifies that current page contains ``text``.</doc>
<status status="PASS" start="2026-02-22T16:12:49.898057" elapsed="0.023797"/>
</kw>
<status status="PASS" start="2026-02-22T16:12:47.985861" elapsed="1.936142"/>
</kw>
<kw name="Open Cart">
<kw name="Click Element" owner="SeleniumLibrary">
<msg time="2026-02-22T16:12:49.923571" level="INFO">Clicking element 'xpath=//a[contains(text(),'View Basket')]'.</msg>
<arg>xpath=//a[contains(text(),'View Basket')]</arg>
<doc>Click the element identified by ``locator``.</doc>
<status status="PASS" start="2026-02-22T16:12:49.922894" elapsed="5.063900"/>
</kw>
<kw name="Wait Until Page Contains Element" owner="SeleniumLibrary">
<arg>css=table.shop_table</arg>
<doc>Waits until the element ``locator`` appears on the current page.</doc>
<status status="PASS" start="2026-02-22T16:12:54.987147" elapsed="0.006492"/>
</kw>
<kw name="Element Should Be Visible" owner="SeleniumLibrary">
<msg time="2026-02-22T16:12:55.013469" level="INFO">Element 'css=table.shop_table' is displayed.</msg>
<arg>css=table.shop_table</arg>
<doc>Verifies that the element identified by ``locator`` is visible.</doc>
<status status="PASS" start="2026-02-22T16:12:54.993821" elapsed="0.019801"/>
</kw>
<status status="PASS" start="2026-02-22T16:12:49.922428" elapsed="5.091341"/>
</kw>
<kw name="Proceed To Checkout">
<kw name="Go To" owner="SeleniumLibrary">
<msg time="2026-02-22T16:12:55.015298" level="INFO">Opening url 'https://practice.automationtesting.in/checkout/'</msg>
<arg>https://practice.automationtesting.in/checkout/</arg>
<doc>Navigates the current browser window to the provided ``url``.</doc>
<status status="PASS" start="2026-02-22T16:12:55.015115" elapsed="1.825496"/>
</kw>
<kw name="Wait Until Page Contains Element" owner="SeleniumLibrary">
<arg>id=customer_details</arg>
<doc>Waits until the element ``locator`` appears on the current page.</doc>
<status status="PASS" start="2026-02-22T16:12:56.840934" elapsed="0.440241"/>
</kw>
<kw name="Element Should Be Visible" owner="SeleniumLibrary">
<msg time="2026-02-22T16:12:57.333546" level="INFO">Element 'id=customer_details' is displayed.</msg>
<arg>id=customer_details</arg>
<doc>Verifies that the element identified by ``locator`` is visible.</doc>
<status status="PASS" start="2026-02-22T16:12:57.281518" elapsed="0.052365"/>
</kw>
<status status="PASS" start="2026-02-22T16:12:55.014554" elapsed="2.319681"/>
</kw>
<kw name="Page Should Contain Element" owner="SeleniumLibrary">
<msg time="2026-02-22T16:12:57.360317" level="INFO">Current page contains element 'id=customer_details'.</msg>
<arg>id=customer_details</arg>
<doc>Verifies that element ``locator`` is found on the current page.</doc>
<status status="PASS" start="2026-02-22T16:12:57.335061" elapsed="0.025456"/>
</kw>
<kw name="Page Should Contain Element" owner="SeleniumLibrary">
<msg time="2026-02-22T16:12:57.489334" level="INFO">Current page contains element 'id=billing_first_name'.</msg>
<arg>id=billing_first_name</arg>
<doc>Verifies that element ``locator`` is found on the current page.</doc>
<status status="PASS" start="2026-02-22T16:12:57.361280" elapsed="0.128227"/>
</kw>
<kw name="Page Should Contain Element" owner="SeleniumLibrary">
<msg time="2026-02-22T16:12:57.529296" level="INFO">Current page contains element 'id=billing_last_name'.</msg>
<arg>id=billing_last_name</arg>
<doc>Verifies that element ``locator`` is found on the current page.</doc>
<status status="PASS" start="2026-02-22T16:12:57.490051" elapsed="0.039556"/>
</kw>
<kw name="Page Should Contain Element" owner="SeleniumLibrary">
<msg time="2026-02-22T16:12:57.553126" level="INFO">Current page contains element 'id=place_order'.</msg>
<arg>id=place_order</arg>
<doc>Verifies that element ``locator`` is found on the current page.</doc>
<status status="PASS" start="2026-02-22T16:12:57.531777" elapsed="0.021496"/>
</kw>
<status status="PASS" start="2026-02-22T16:12:45.549755" elapsed="12.003985"/>
</test>
<kw name="Close Browser" owner="SeleniumLibrary" type="TEARDOWN">
<doc>Closes the current browser.</doc>
<status status="PASS" start="2026-02-22T16:12:57.555079" elapsed="4.813309"/>
</kw>
<status status="PASS" start="2026-02-22T16:11:52.372508" elapsed="69.996008"/>
</suite>
<suite id="s1-s6" name="05 Billing Validation" source="C:\Users\Neeraja\Desktop\Wipro_Practice\Capstone_Project\robot-framework\tests\05_billing_validation.robot">
<kw name="Open Application" owner="common" type="SETUP">
<kw name="Open Browser" owner="SeleniumLibrary">
<msg time="2026-02-22T16:13:02.387036" level="INFO">Opening browser 'firefox' to base url 'https://practice.automationtesting.in/'.</msg>
<arg>${URL}</arg>
<arg>${browser}</arg>
<doc>Opens a new browser instance to the optional ``url``.</doc>
<status status="PASS" start="2026-02-22T16:13:02.386800" elapsed="36.742591"/>
</kw>
<kw name="Maximize Browser Window" owner="SeleniumLibrary">
<doc>Maximizes current browser window.</doc>
<status status="PASS" start="2026-02-22T16:13:39.129702" elapsed="0.312813"/>
</kw>
<kw name="Set Selenium Timeout" owner="SeleniumLibrary">
<arg>${TIMEOUT}</arg>
<doc>Sets the timeout that is used by various keywords.</doc>
<status status="PASS" start="2026-02-22T16:13:39.442920" elapsed="0.006571"/>
</kw>
<status status="PASS" start="2026-02-22T16:13:02.386441" elapsed="37.063246"/>
</kw>
<test id="s1-s6-t1" name="User1" line="17">
<kw name="Prepare Checkout With Multiple Items" type="SETUP">
<kw name="Go To" owner="SeleniumLibrary">
<msg time="2026-02-22T16:13:39.451948" level="INFO">Opening url 'https://practice.automationtesting.in/shop/?add-to-cart=169'</msg>
<arg>${PRODUCT1}</arg>
<doc>Navigates the current browser window to the provided ``url``.</doc>
<status status="PASS" start="2026-02-22T16:13:39.451698" elapsed="4.957751"/>
</kw>
<kw name="Go To" owner="SeleniumLibrary">
<msg time="2026-02-22T16:13:44.410059" level="INFO">Opening url 'https://practice.automationtesting.in/shop/?add-to-cart=181'</msg>
<arg>${PRODUCT2}</arg>
<doc>Navigates the current browser window to the provided ``url``.</doc>
<status status="PASS" start="2026-02-22T16:13:44.409762" elapsed="2.190131"/>
</kw>
<kw name="Go To" owner="SeleniumLibrary">
<msg time="2026-02-22T16:13:46.600364" level="INFO">Opening url 'https://practice.automationtesting.in/checkout/'</msg>
<arg>https://practice.automationtesting.in/checkout/</arg>
<doc>Navigates the current browser window to the provided ``url``.</doc>
<status status="PASS" start="2026-02-22T16:13:46.600173" elapsed="2.382756"/>
</kw>
<kw name="Wait Until Page Contains Element" owner="SeleniumLibrary">
<arg>css=form.checkout</arg>
<doc>Waits until the element ``locator`` appears on the current page.</doc>
<status status="PASS" start="2026-02-22T16:13:48.983272" elapsed="0.198060"/>
</kw>
<status status="PASS" start="2026-02-22T16:13:39.451308" elapsed="9.730131"/>
</kw>
<kw name="Billing Validation Template">
<kw name="Fill Billing Details">
<kw name="Wait Until Element Is Visible" owner="SeleniumLibrary">
<arg>id=billing_first_name</arg>
<doc>Waits until the element ``locator`` is visible.</doc>
<status status="PASS" start="2026-02-22T16:13:49.184180" elapsed="0.025515"/>
</kw>
<kw name="Clear Element Text" owner="SeleniumLibrary">
<arg>id=billing_first_name</arg>
<doc>Clears the value of the text-input-element identified by ``locator``.</doc>
<status status="PASS" start="2026-02-22T16:13:49.209874" elapsed="0.031539"/>
</kw>
<kw name="Input Text" owner="SeleniumLibrary">
<msg time="2026-02-22T16:13:49.241835" level="INFO">Typing text 'Omkar' into text field 'id=billing_first_name'.</msg>
<arg>id=billing_first_name</arg>
<arg>${fname}</arg>
<doc>Types the given ``text`` into the text field identified by ``locator``.</doc>
<status status="PASS" start="2026-02-22T16:13:49.241580" elapsed="0.037702"/>
</kw>
<kw name="Textfield Value Should Be" owner="SeleniumLibrary">
<msg time="2026-02-22T16:13:49.295129" level="INFO">Content of text field 'id=billing_first_name' is 'Omkar'.</msg>
<arg>id=billing_first_name</arg>
<arg>${fname}</arg>
<doc>Verifies text field ``locator`` has exactly text ``expected``.</doc>
<status status="PASS" start="2026-02-22T16:13:49.279451" elapsed="0.015768"/>
</kw>
<kw name="Clear Element Text" owner="SeleniumLibrary">
<arg>id=billing_last_name</arg>
<doc>Clears the value of the text-input-element identified by ``locator``.</doc>
<status status="PASS" start="2026-02-22T16:13:49.295377" elapsed="0.007923"/>
</kw>
<kw name="Input Text" owner="SeleniumLibrary">
<msg time="2026-02-22T16:13:49.303808" level="INFO">Typing text 'Reddy' into text field 'id=billing_last_name'.</msg>
<arg>id=billing_last_name</arg>
<arg>${lname}</arg>
<doc>Types the given ``text`` into the text field identified by ``locator``.</doc>
<status status="PASS" start="2026-02-22T16:13:49.303569" elapsed="0.022561"/>
</kw>
<kw name="Textfield Value Should Be" owner="SeleniumLibrary">
<msg time="2026-02-22T16:13:49.342757" level="INFO">Content of text field 'id=billing_last_name' is 'Reddy'.</msg>
<arg>id=billing_last_name</arg>
<arg>${lname}</arg>
<doc>Verifies text field ``locator`` has exactly text ``expected``.</doc>
<status status="PASS" start="2026-02-22T16:13:49.326301" elapsed="0.016545"/>
</kw>
<kw name="Clear Element Text" owner="SeleniumLibrary">
<arg>id=billing_email</arg>
<doc>Clears the value of the text-input-element identified by ``locator``.</doc>
<status status="PASS" start="2026-02-22T16:13:49.342997" elapsed="0.005103"/>
</kw>
<kw name="Input Text" owner="SeleniumLibrary">
<msg time="2026-02-22T16:13:49.348531" level="INFO">Typing text 'testuser1@test.com' into text field 'id=billing_email'.</msg>
<arg>id=billing_email</arg>
<arg>${email}</arg>
<doc>Types the given ``text`` into the text field identified by ``locator``.</doc>
<status status="PASS" start="2026-02-22T16:13:49.348271" elapsed="0.035319"/>
</kw>
<kw name="Textfield Value Should Be" owner="SeleniumLibrary">
<msg time="2026-02-22T16:13:49.398834" level="INFO">Content of text field 'id=billing_email' is 'testuser1@test.com'.</msg>
<arg>id=billing_email</arg>
<arg>${email}</arg>
<doc>Verifies text field ``locator`` has exactly text ``expected``.</doc>
<status status="PASS" start="2026-02-22T16:13:49.383980" elapsed="0.015003"/>
</kw>
<kw name="Clear Element Text" owner="SeleniumLibrary">
<arg>id=billing_phone</arg>
<doc>Clears the value of the text-input-element identified by ``locator``.</doc>
<status status="PASS" start="2026-02-22T16:13:49.399367" elapsed="0.006879"/>
</kw>
<kw name="Input Text" owner="SeleniumLibrary">
<msg time="2026-02-22T16:13:49.406656" level="INFO">Typing text '9876543210' into text field 'id=billing_phone'.</msg>
<arg>id=billing_phone</arg>
<arg>${phone}</arg>
<doc>Types the given ``text`` into the text field identified by ``locator``.</doc>
<status status="PASS" start="2026-02-22T16:13:49.406410" elapsed="0.033667"/>
</kw>
<kw name="Clear Element Text" owner="SeleniumLibrary">
<arg>id=billing_address_1</arg>
<doc>Clears the value of the text-input-element identified by ``locator``.</doc>
<status status="PASS" start="2026-02-22T16:13:49.440278" elapsed="0.006528"/>
</kw>
<kw name="Input Text" owner="SeleniumLibrary">
<msg time="2026-02-22T16:13:49.447199" level="INFO">Typing text 'Hyderabad' into text field 'id=billing_address_1'.</msg>
<arg>id=billing_address_1</arg>
<arg>${ADDRESS}</arg>
<doc>Types the given ``text`` into the text field identified by ``locator``.</doc>
<status status="PASS" start="2026-02-22T16:13:49.446972" elapsed="0.087154"/>
</kw>
<kw name="Clear Element Text" owner="SeleniumLibrary">
<arg>id=billing_city</arg>
<doc>Clears the value of the text-input-element identified by ``locator``.</doc>
<status status="PASS" start="2026-02-22T16:13:49.534566" elapsed="0.028798"/>
</kw>
<kw name="Input Text" owner="SeleniumLibrary">
<msg time="2026-02-22T16:13:49.563936" level="INFO">Typing text 'Hyderabad' into text field 'id=billing_city'.</msg>
<arg>id=billing_city</arg>
<arg>${city}</arg>
<doc>Types the given ``text`` into the text field identified by ``locator``.</doc>
<status status="PASS" start="2026-02-22T16:13:49.563635" elapsed="0.060699"/>
</kw>
<kw name="Textfield Value Should Be" owner="SeleniumLibrary">
<msg time="2026-02-22T16:13:49.643876" level="INFO">Content of text field 'id=billing_city' is 'Hyderabad'.</msg>
<arg>id=billing_city</arg>
<arg>${city}</arg>
<doc>Verifies text field ``locator`` has exactly text ``expected``.</doc>
<status status="PASS" start="2026-02-22T16:13:49.624527" elapsed="0.019441"/>
</kw>
<kw name="Clear Element Text" owner="SeleniumLibrary">
<arg>id=billing_postcode</arg>
<doc>Clears the value of the text-input-element identified by ``locator``.</doc>
<status status="PASS" start="2026-02-22T16:13:49.644129" elapsed="0.020634"/>
</kw>
<kw name="Input Text" owner="SeleniumLibrary">
<msg time="2026-02-22T16:13:49.665525" level="INFO">Typing text '500001' into text field 'id=billing_postcode'.</msg>
<arg>id=billing_postcode</arg>
<arg>${postcode}</arg>
<doc>Types the given ``text`` into the text field identified by ``locator``.</doc>
<status status="PASS" start="2026-02-22T16:13:49.665056" elapsed="0.048123"/>
</kw>
<kw name="Textfield Value Should Be" owner="SeleniumLibrary">
<msg time="2026-02-22T16:13:49.740132" level="INFO">Content of text field 'id=billing_postcode' is '500001'.</msg>
<arg>id=billing_postcode</arg>
<arg>${postcode}</arg>
<doc>Verifies text field ``locator`` has exactly text ``expected``.</doc>
<status status="PASS" start="2026-02-22T16:13:49.713394" elapsed="0.026841"/>
</kw>
<kw name="Wait Until Page Does Not Contain Element" owner="SeleniumLibrary">
<arg>css=.blockUI</arg>
<arg>10s</arg>
<doc>Waits until the element ``locator`` disappears from the current page.</doc>
<status status="PASS" start="2026-02-22T16:13:49.740443" elapsed="0.002782"/>
</kw>
<arg>${FIRSTNAME}</arg>
<arg>${LASTNAME}</arg>
<arg>${EMAIL}</arg>
<arg>${PHONE}</arg>
<arg>${CITY}</arg>
<arg>${POSTCODE}</arg>
<status status="PASS" start="2026-02-22T16:13:49.183262" elapsed="0.560084"/>
</kw>
<kw name="Select Payment Method">
<kw name="Scroll Element Into View" owner="SeleniumLibrary">
<msg time="2026-02-22T16:13:49.911857" level="INFO" html="true">&lt;/td&gt;&lt;/tr&gt;&lt;tr&gt;&lt;td colspan="3"&gt;&lt;a href="selenium-screenshot-22.png"&gt;&lt;img src="selenium-screenshot-22.png" width="800px"&gt;&lt;/a&gt;</msg>
<msg time="2026-02-22T16:13:49.912046" level="FAIL">MoveTargetOutOfBoundsException: Message: Move target (211, 1067) is out of bounds of viewport dimensions (1536, 731)
Stacktrace:
RemoteError@chrome://remote/content/shared/RemoteError.sys.mjs:8:8
WebDriverError@chrome://remote/content/shared/webdriver/Errors.sys.mjs:202:5
MoveTargetOutOfBoundsError@chrome://remote/content/shared/webdriver/Errors.sys.mjs:521:5
assertTargetInViewPort@chrome://remote/content/shared/webdriver/Actions.sys.mjs:3170:11
#assertInViewPort@chrome://remote/content/marionette/actors/MarionetteCommandsChild.sys.mjs:67:17
receiveMessage@chrome://remote/content/marionette/actors/MarionetteCommandsChild.sys.mjs:187:42
</msg>
<arg>id=payment_method_cheque</arg>
<doc>Scrolls the element identified by ``locator`` into view.</doc>
<status status="FAIL" start="2026-02-22T16:13:49.743862" elapsed="0.207872">MoveTargetOutOfBoundsException: Message: Move target (211, 1067) is out of bounds of viewport dimensions (1536, 731)
Stacktrace:
RemoteError@chrome://remote/content/shared/RemoteError.sys.mjs:8:8
WebDriverError@chrome://remote/content/shared/webdriver/Errors.sys.mjs:202:5
MoveTargetOutOfBoundsError@chrome://remote/content/shared/webdriver/Errors.sys.mjs:521:5
assertTargetInViewPort@chrome://remote/content/shared/webdriver/Actions.sys.mjs:3170:11
#assertInViewPort@chrome://remote/content/marionette/actors/MarionetteCommandsChild.sys.mjs:67:17
receiveMessage@chrome://remote/content/marionette/actors/MarionetteCommandsChild.sys.mjs:187:42
</status>
</kw>
<kw name="Click Element" owner="SeleniumLibrary">
<arg>id=payment_method_cheque</arg>
<doc>Click the element identified by ``locator``.</doc>
<status status="NOT RUN" start="2026-02-22T16:13:49.951973" elapsed="0.000049"/>
</kw>
<kw name="Element Should Be Visible" owner="SeleniumLibrary">
<arg>id=payment_method_cheque</arg>
<doc>Verifies that the element identified by ``locator`` is visible.</doc>
<status status="NOT RUN" start="2026-02-22T16:13:49.952145" elapsed="0.000036"/>
</kw>
<status status="FAIL" start="2026-02-22T16:13:49.743548" elapsed="0.208779">MoveTargetOutOfBoundsException: Message: Move target (211, 1067) is out of bounds of viewport dimensions (1536, 731)
Stacktrace:
RemoteError@chrome://remote/content/shared/RemoteError.sys.mjs:8:8
WebDriverError@chrome://remote/content/shared/webdriver/Errors.sys.mjs:202:5
MoveTargetOutOfBoundsError@chrome://remote/content/shared/webdriver/Errors.sys.mjs:521:5
assertTargetInViewPort@chrome://remote/content/shared/webdriver/Actions.sys.mjs:3170:11
#assertInViewPort@chrome://remote/content/marionette/actors/MarionetteCommandsChild.sys.mjs:67:17
receiveMessage@chrome://remote/content/marionette/actors/MarionetteCommandsChild.sys.mjs:187:42
</status>
</kw>
<kw name="Place Order">
<status status="NOT RUN" start="2026-02-22T16:13:49.952554" elapsed="0.000041"/>
</kw>
<kw name="Run Keyword And Return Status" owner="BuiltIn">
<var>${order_page}</var>
<arg>Wait Until Location Contains</arg>
<arg>order-received</arg>
<arg>8s</arg>
<doc>Runs the specified keyword and returns the status as a Boolean value.</doc>
<status status="NOT RUN" start="2026-02-22T16:13:49.952730" elapsed="0.000037"/>
</kw>
<kw name="Run Keyword And Return Status" owner="BuiltIn">
<var>${dashboard_page}</var>
<arg>Wait Until Location Contains</arg>
<arg>my-account</arg>
<arg>5s</arg>
<doc>Runs the specified keyword and returns the status as a Boolean value.</doc>
<status status="NOT RUN" start="2026-02-22T16:13:49.952897" elapsed="0.000035"/>
</kw>
<if>
<branch type="IF" condition="${order_page}">
<kw name="Log" owner="BuiltIn">
<arg>Order placed successfully</arg>
<doc>Logs the given message with the given level.</doc>
<status status="NOT RUN" start="2026-02-22T16:13:49.953186" elapsed="0.000035"/>
</kw>
<status status="NOT RUN" start="2026-02-22T16:13:49.953049" elapsed="0.000285"/>
</branch>
<branch type="ELSE IF" condition="${dashboard_page}">
<kw name="Log" owner="BuiltIn">
<arg>Redirected to dashboard (handled case)</arg>
<doc>Logs the given message with the given level.</doc>
<status status="NOT RUN" start="2026-02-22T16:13:49.953511" elapsed="0.000035"/>
</kw>
<status status="NOT RUN" start="2026-02-22T16:13:49.953393" elapsed="0.000205"/>
</branch>
<branch type="ELSE">
<kw name="Log" owner="BuiltIn">
<arg>Billing validation failed as expected  test execution PASS</arg>
<doc>Logs the given message with the given level.</doc>
<status status="NOT RUN" start="2026-02-22T16:13:49.953757" elapsed="0.000034"/>
</kw>
<status status="NOT RUN" start="2026-02-22T16:13:49.953645" elapsed="0.000198"/>
</branch>
<status status="NOT RUN" start="2026-02-22T16:13:49.953019" elapsed="0.000867"/>
</if>
<arg>EMAIL=testuser1@test.com</arg>
<arg>PASSWORD=Omkar@2003</arg>
<arg>FIRSTNAME=Omkar</arg>
<arg>LASTNAME=Reddy</arg>
<arg>PHONE=9876543210</arg>
<arg>CITY=Hyderabad</arg>
<arg>POSTCODE=500001</arg>
<arg>EXPECTED=PASS</arg>
<status status="FAIL" start="2026-02-22T16:13:49.181937" elapsed="0.772056">MoveTargetOutOfBoundsException: Message: Move target (211, 1067) is out of bounds of viewport dimensions (1536, 731)
Stacktrace:
RemoteError@chrome://remote/content/shared/RemoteError.sys.mjs:8:8
WebDriverError@chrome://remote/content/shared/webdriver/Errors.sys.mjs:202:5
MoveTargetOutOfBoundsError@chrome://remote/content/shared/webdriver/Errors.sys.mjs:521:5
assertTargetInViewPort@chrome://remote/content/shared/webdriver/Actions.sys.mjs:3170:11
#assertInViewPort@chrome://remote/content/marionette/actors/MarionetteCommandsChild.sys.mjs:67:17
receiveMessage@chrome://remote/content/marionette/actors/MarionetteCommandsChild.sys.mjs:187:42
</status>
</kw>
<status status="FAIL" start="2026-02-22T16:13:39.449783" elapsed="10.504616">MoveTargetOutOfBoundsException: Message: Move target (211, 1067) is out of bounds of viewport dimensions (1536, 731)
Stacktrace:
RemoteError@chrome://remote/content/shared/RemoteError.sys.mjs:8:8
WebDriverError@chrome://remote/content/shared/webdriver/Errors.sys.mjs:202:5
MoveTargetOutOfBoundsError@chrome://remote/content/shared/webdriver/Errors.sys.mjs:521:5
assertTargetInViewPort@chrome://remote/content/shared/webdriver/Actions.sys.mjs:3170:11
#assertInViewPort@chrome://remote/content/marionette/actors/MarionetteCommandsChild.sys.mjs:67:17
receiveMessage@chrome://remote/content/marionette/actors/MarionetteCommandsChild.sys.mjs:187:42
</status>
</test>
<test id="s1-s6-t2" name="User2" line="17">
<kw name="Prepare Checkout With Multiple Items" type="SETUP">
<kw name="Go To" owner="SeleniumLibrary">
<msg time="2026-02-22T16:13:49.956893" level="INFO">Opening url 'https://practice.automationtesting.in/shop/?add-to-cart=169'</msg>
<arg>${PRODUCT1}</arg>
<doc>Navigates the current browser window to the provided ``url``.</doc>
<status status="PASS" start="2026-02-22T16:13:49.956725" elapsed="1.781751"/>
</kw>
<kw name="Go To" owner="SeleniumLibrary">
<msg time="2026-02-22T16:13:51.738941" level="INFO">Opening url 'https://practice.automationtesting.in/shop/?add-to-cart=181'</msg>
<arg>${PRODUCT2}</arg>
<doc>Navigates the current browser window to the provided ``url``.</doc>
<status status="PASS" start="2026-02-22T16:13:51.738745" elapsed="1.949267"/>
</kw>
<kw name="Go To" owner="SeleniumLibrary">
<msg time="2026-02-22T16:13:53.688787" level="INFO">Opening url 'https://practice.automationtesting.in/checkout/'</msg>
<arg>https://practice.automationtesting.in/checkout/</arg>
<doc>Navigates the current browser window to the provided ``url``.</doc>
<status status="PASS" start="2026-02-22T16:13:53.688326" elapsed="2.629028"/>
</kw>
<kw name="Wait Until Page Contains Element" owner="SeleniumLibrary">
<arg>css=form.checkout</arg>
<doc>Waits until the element ``locator`` appears on the current page.</doc>
<status status="PASS" start="2026-02-22T16:13:56.317535" elapsed="0.201404"/>
</kw>
<status status="PASS" start="2026-02-22T16:13:49.956420" elapsed="6.562649"/>
</kw>
<kw name="Billing Validation Template">
<kw name="Fill Billing Details">
<kw name="Wait Until Element Is Visible" owner="SeleniumLibrary">
<arg>id=billing_first_name</arg>
<doc>Waits until the element ``locator`` is visible.</doc>
<status status="PASS" start="2026-02-22T16:13:56.521314" elapsed="0.036799"/>
</kw>
<kw name="Clear Element Text" owner="SeleniumLibrary">
<arg>id=billing_first_name</arg>
<doc>Clears the value of the text-input-element identified by ``locator``.</doc>
<status status="PASS" start="2026-02-22T16:13:56.558389" elapsed="0.040931"/>
</kw>
<kw name="Input Text" owner="SeleniumLibrary">
<msg time="2026-02-22T16:13:56.600060" level="INFO">Typing text '' into text field 'id=billing_first_name'.</msg>
<arg>id=billing_first_name</arg>
<arg>${fname}</arg>
<doc>Types the given ``text`` into the text field identified by ``locator``.</doc>
<status status="PASS" start="2026-02-22T16:13:56.599670" elapsed="0.018708"/>
</kw>
<kw name="Textfield Value Should Be" owner="SeleniumLibrary">
<msg time="2026-02-22T16:13:56.658014" level="INFO">Content of text field 'id=billing_first_name' is ''.</msg>
<arg>id=billing_first_name</arg>
<arg>${fname}</arg>
<doc>Verifies text field ``locator`` has exactly text ``expected``.</doc>
<status status="PASS" start="2026-02-22T16:13:56.618834" elapsed="0.039347"/>
</kw>
<kw name="Clear Element Text" owner="SeleniumLibrary">
<arg>id=billing_last_name</arg>
<doc>Clears the value of the text-input-element identified by ``locator``.</doc>
<status status="PASS" start="2026-02-22T16:13:56.658486" elapsed="0.012525"/>
</kw>
<kw name="Input Text" owner="SeleniumLibrary">
<msg time="2026-02-22T16:13:56.671853" level="INFO">Typing text '' into text field 'id=billing_last_name'.</msg>
<arg>id=billing_last_name</arg>
<arg>${lname}</arg>
<doc>Types the given ``text`` into the text field identified by ``locator``.</doc>
<status status="PASS" start="2026-02-22T16:13:56.671308" elapsed="0.020969"/>
</kw>
<kw name="Textfield Value Should Be" owner="SeleniumLibrary">
<msg time="2026-02-22T16:13:56.728706" level="INFO">Content of text field 'id=billing_last_name' is ''.</msg>
<arg>id=billing_last_name</arg>
<arg>${lname}</arg>
<doc>Verifies text field ``locator`` has exactly text ``expected``.</doc>
<status status="PASS" start="2026-02-22T16:13:56.692649" elapsed="0.036278"/>
</kw>
<kw name="Clear Element Text" owner="SeleniumLibrary">
<arg>id=billing_email</arg>
<doc>Clears the value of the text-input-element identified by ``locator``.</doc>
<status status="PASS" start="2026-02-22T16:13:56.729273" elapsed="0.011990"/>
</kw>
<kw name="Input Text" owner="SeleniumLibrary">
<msg time="2026-02-22T16:13:56.742074" level="INFO">Typing text 'testuser2@test.com' into text field 'id=billing_email'.</msg>
<arg>id=billing_email</arg>
<arg>${email}</arg>
<doc>Types the given ``text`` into the text field identified by ``locator``.</doc>
<status status="PASS" start="2026-02-22T16:13:56.741586" elapsed="0.098248"/>
</kw>
<kw name="Textfield Value Should Be" owner="SeleniumLibrary">
<msg time="2026-02-22T16:13:56.873537" level="INFO">Content of text field 'id=billing_email' is 'testuser2@test.com'.</msg>
<arg>id=billing_email</arg>
<arg>${email}</arg>
<doc>Verifies text field ``locator`` has exactly text ``expected``.</doc>
<status status="PASS" start="2026-02-22T16:13:56.840166" elapsed="0.033483"/>
</kw>
<kw name="Clear Element Text" owner="SeleniumLibrary">
<arg>id=billing_phone</arg>
<doc>Clears the value of the text-input-element identified by ``locator``.</doc>
<status status="PASS" start="2026-02-22T16:13:56.873849" elapsed="0.006902"/>
</kw>
<kw name="Input Text" owner="SeleniumLibrary">
<msg time="2026-02-22T16:13:56.881257" level="INFO">Typing text '9876543222' into text field 'id=billing_phone'.</msg>
<arg>id=billing_phone</arg>
<arg>${phone}</arg>
<doc>Types the given ``text`` into the text field identified by ``locator``.</doc>
<status status="PASS" start="2026-02-22T16:13:56.880962" elapsed="0.034362"/>
</kw>
<kw name="Clear Element Text" owner="SeleniumLibrary">
<arg>id=billing_address_1</arg>
<doc>Clears the value of the text-input-element identified by ``locator``.</doc>
<status status="PASS" start="2026-02-22T16:13:56.915606" elapsed="0.006532"/>
</kw>
<kw name="Input Text" owner="SeleniumLibrary">
<msg time="2026-02-22T16:13:56.922625" level="INFO">Typing text 'Hyderabad' into text field 'id=billing_address_1'.</msg>
<arg>id=billing_address_1</arg>
<arg>${ADDRESS}</arg>
<doc>Types the given ``text`` into the text field identified by ``locator``.</doc>
<status status="PASS" start="2026-02-22T16:13:56.922341" elapsed="0.044883"/>
</kw>
<kw name="Clear Element Text" owner="SeleniumLibrary">
<arg>id=billing_city</arg>
<doc>Clears the value of the text-input-element identified by ``locator``.</doc>
<status status="PASS" start="2026-02-22T16:13:56.967439" elapsed="0.006403"/>
</kw>
<kw name="Input Text" owner="SeleniumLibrary">
<msg time="2026-02-22T16:13:56.974332" level="INFO">Typing text 'Chennai' into text field 'id=billing_city'.</msg>
<arg>id=billing_city</arg>
<arg>${city}</arg>
<doc>Types the given ``text`` into the text field identified by ``locator``.</doc>
<status status="PASS" start="2026-02-22T16:13:56.974046" elapsed="0.049689"/>
</kw>
<kw name="Textfield Value Should Be" owner="SeleniumLibrary">
<msg time="2026-02-22T16:13:57.050947" level="INFO">Content of text field 'id=billing_city' is 'Chennai'.</msg>
<arg>id=billing_city</arg>
<arg>${city}</arg>
<doc>Verifies text field ``locator`` has exactly text ``expected``.</doc>
<status status="PASS" start="2026-02-22T16:13:57.023943" elapsed="0.027120"/>
</kw>
<kw name="Clear Element Text" owner="SeleniumLibrary">
<arg>id=billing_postcode</arg>
<doc>Clears the value of the text-input-element identified by ``locator``.</doc>
<status status="PASS" start="2026-02-22T16:13:57.051287" elapsed="0.006702"/>
</kw>
<kw name="Input Text" owner="SeleniumLibrary">
<msg time="2026-02-22T16:13:57.058532" level="INFO">Typing text '600001' into text field 'id=billing_postcode'.</msg>
<arg>id=billing_postcode</arg>
<arg>${postcode}</arg>
<doc>Types the given ``text`` into the text field identified by ``locator``.</doc>
<status status="PASS" start="2026-02-22T16:13:57.058201" elapsed="0.035373"/>
</kw>
<kw name="Textfield Value Should Be" owner="SeleniumLibrary">
<msg time="2026-02-22T16:13:57.123768" level="INFO">Content of text field 'id=billing_postcode' is '600001'.</msg>
<arg>id=billing_postcode</arg>
<arg>${postcode}</arg>
<doc>Verifies text field ``locator`` has exactly text ``expected``.</doc>
<status status="PASS" start="2026-02-22T16:13:57.094577" elapsed="0.029317"/>
</kw>
<kw name="Wait Until Page Does Not Contain Element" owner="SeleniumLibrary">
<arg>css=.blockUI</arg>
<arg>10s</arg>
<doc>Waits until the element ``locator`` disappears from the current page.</doc>
<status status="PASS" start="2026-02-22T16:13:57.124110" elapsed="0.007583"/>
</kw>
<arg>${FIRSTNAME}</arg>
<arg>${LASTNAME}</arg>
<arg>${EMAIL}</arg>
<arg>${PHONE}</arg>
<arg>${CITY}</arg>
<arg>${POSTCODE}</arg>
<status status="PASS" start="2026-02-22T16:13:56.520674" elapsed="0.611181"/>
</kw>
<kw name="Select Payment Method">
<kw name="Scroll Element Into View" owner="SeleniumLibrary">
<msg time="2026-02-22T16:13:57.222436" level="INFO" html="true">&lt;/td&gt;&lt;/tr&gt;&lt;tr&gt;&lt;td colspan="3"&gt;&lt;a href="selenium-screenshot-23.png"&gt;&lt;img src="selenium-screenshot-23.png" width="800px"&gt;&lt;/a&gt;</msg>
<msg time="2026-02-22T16:13:57.222628" level="FAIL">MoveTargetOutOfBoundsException: Message: Move target (211, 1067) is out of bounds of viewport dimensions (1536, 731)
Stacktrace:
RemoteError@chrome://remote/content/shared/RemoteError.sys.mjs:8:8
WebDriverError@chrome://remote/content/shared/webdriver/Errors.sys.mjs:202:5
MoveTargetOutOfBoundsError@chrome://remote/content/shared/webdriver/Errors.sys.mjs:521:5
assertTargetInViewPort@chrome://remote/content/shared/webdriver/Actions.sys.mjs:3170:11
#assertInViewPort@chrome://remote/content/marionette/actors/MarionetteCommandsChild.sys.mjs:67:17
receiveMessage@chrome://remote/content/marionette/actors/MarionetteCommandsChild.sys.mjs:187:42
</msg>
<arg>id=payment_method_cheque</arg>
<doc>Scrolls the element identified by ``locator`` into view.</doc>
<status status="FAIL" start="2026-02-22T16:13:57.132410" elapsed="0.091675">MoveTargetOutOfBoundsException: Message: Move target (211, 1067) is out of bounds of viewport dimensions (1536, 731)
Stacktrace:
RemoteError@chrome://remote/content/shared/RemoteError.sys.mjs:8:8
WebDriverError@chrome://remote/content/shared/webdriver/Errors.sys.mjs:202:5
MoveTargetOutOfBoundsError@chrome://remote/content/shared/webdriver/Errors.sys.mjs:521:5
assertTargetInViewPort@chrome://remote/content/shared/webdriver/Actions.sys.mjs:3170:11
#assertInViewPort@chrome://remote/content/marionette/actors/MarionetteCommandsChild.sys.mjs:67:17
receiveMessage@chrome://remote/content/marionette/actors/MarionetteCommandsChild.sys.mjs:187:42
</status>
</kw>
<kw name="Click Element" owner="SeleniumLibrary">
<arg>id=payment_method_cheque</arg>
<doc>Click the element identified by ``locator``.</doc>
<status status="NOT RUN" start="2026-02-22T16:13:57.224296" elapsed="0.000046"/>
</kw>
<kw name="Element Should Be Visible" owner="SeleniumLibrary">
<arg>id=payment_method_cheque</arg>
<doc>Verifies that the element identified by ``locator`` is visible.</doc>
<status status="NOT RUN" start="2026-02-22T16:13:57.224470" elapsed="0.000035"/>
</kw>
<status status="FAIL" start="2026-02-22T16:13:57.132085" elapsed="0.092558">MoveTargetOutOfBoundsException: Message: Move target (211, 1067) is out of bounds of viewport dimensions (1536, 731)
Stacktrace:
RemoteError@chrome://remote/content/shared/RemoteError.sys.mjs:8:8
WebDriverError@chrome://remote/content/shared/webdriver/Errors.sys.mjs:202:5
MoveTargetOutOfBoundsError@chrome://remote/content/shared/webdriver/Errors.sys.mjs:521:5
assertTargetInViewPort@chrome://remote/content/shared/webdriver/Actions.sys.mjs:3170:11
#assertInViewPort@chrome://remote/content/marionette/actors/MarionetteCommandsChild.sys.mjs:67:17
receiveMessage@chrome://remote/content/marionette/actors/MarionetteCommandsChild.sys.mjs:187:42
</status>
</kw>
<kw name="Place Order">
<status status="NOT RUN" start="2026-02-22T16:13:57.224845" elapsed="0.000041"/>
</kw>
<kw name="Run Keyword And Return Status" owner="BuiltIn">
<var>${order_page}</var>
<arg>Wait Until Location Contains</arg>
<arg>order-received</arg>
<arg>8s</arg>
<doc>Runs the specified keyword and returns the status as a Boolean value.</doc>
<status status="NOT RUN" start="2026-02-22T16:13:57.225024" elapsed="0.000062"/>
</kw>
<kw name="Run Keyword And Return Status" owner="BuiltIn">
<var>${dashboard_page}</var>
<arg>Wait Until Location Contains</arg>
<arg>my-account</arg>
<arg>5s</arg>
<doc>Runs the specified keyword and returns the status as a Boolean value.</doc>
<status status="NOT RUN" start="2026-02-22T16:13:57.225328" elapsed="0.000058"/>
</kw>
<if>
<branch type="IF" condition="${order_page}">
<kw name="Log" owner="BuiltIn">
<arg>Order placed successfully</arg>
<doc>Logs the given message with the given level.</doc>
<status status="NOT RUN" start="2026-02-22T16:13:57.225846" elapsed="0.000063"/>
</kw>
<status status="NOT RUN" start="2026-02-22T16:13:57.225613" elapsed="0.000384"/>
</branch>
<branch type="ELSE IF" condition="${dashboard_page}">
<kw name="Log" owner="BuiltIn">
<arg>Redirected to dashboard (handled case)</arg>
<doc>Logs the given message with the given level.</doc>
<status status="NOT RUN" start="2026-02-22T16:13:57.226289" elapsed="0.000041"/>
</kw>
<status status="NOT RUN" start="2026-02-22T16:13:57.226103" elapsed="0.000305"/>
</branch>
<branch type="ELSE">
<kw name="Log" owner="BuiltIn">
<arg>Billing validation failed as expected  test execution PASS</arg>
<doc>Logs the given message with the given level.</doc>
<status status="NOT RUN" start="2026-02-22T16:13:57.226570" elapsed="0.000034"/>
</kw>
<status status="NOT RUN" start="2026-02-22T16:13:57.226457" elapsed="0.000288"/>
</branch>
<status status="NOT RUN" start="2026-02-22T16:13:57.225551" elapsed="0.001249"/>
</if>
<arg>EMAIL=testuser2@test.com</arg>
<arg>PASSWORD=Wrong123</arg>
<arg>FIRSTNAME=</arg>
<arg>LASTNAME=</arg>
<arg>PHONE=9876543222</arg>
<arg>CITY=Chennai</arg>
<arg>POSTCODE=600001</arg>
<arg>EXPECTED=FAIL</arg>
<status status="FAIL" start="2026-02-22T16:13:56.519744" elapsed="0.707283">MoveTargetOutOfBoundsException: Message: Move target (211, 1067) is out of bounds of viewport dimensions (1536, 731)
Stacktrace:
RemoteError@chrome://remote/content/shared/RemoteError.sys.mjs:8:8
WebDriverError@chrome://remote/content/shared/webdriver/Errors.sys.mjs:202:5
MoveTargetOutOfBoundsError@chrome://remote/content/shared/webdriver/Errors.sys.mjs:521:5
assertTargetInViewPort@chrome://remote/content/shared/webdriver/Actions.sys.mjs:3170:11
#assertInViewPort@chrome://remote/content/marionette/actors/MarionetteCommandsChild.sys.mjs:67:17
receiveMessage@chrome://remote/content/marionette/actors/MarionetteCommandsChild.sys.mjs:187:42
</status>
</kw>
<status status="FAIL" start="2026-02-22T16:13:49.955202" elapsed="7.272632">MoveTargetOutOfBoundsException: Message: Move target (211, 1067) is out of bounds of viewport dimensions (1536, 731)
Stacktrace:
RemoteError@chrome://remote/content/shared/RemoteError.sys.mjs:8:8
WebDriverError@chrome://remote/content/shared/webdriver/Errors.sys.mjs:202:5
MoveTargetOutOfBoundsError@chrome://remote/content/shared/webdriver/Errors.sys.mjs:521:5
assertTargetInViewPort@chrome://remote/content/shared/webdriver/Actions.sys.mjs:3170:11
#assertInViewPort@chrome://remote/content/marionette/actors/MarionetteCommandsChild.sys.mjs:67:17
receiveMessage@chrome://remote/content/marionette/actors/MarionetteCommandsChild.sys.mjs:187:42
</status>
</test>
<test id="s1-s6-t3" name="User3" line="17">
<kw name="Prepare Checkout With Multiple Items" type="SETUP">
<kw name="Go To" owner="SeleniumLibrary">
<msg time="2026-02-22T16:13:57.231425" level="INFO">Opening url 'https://practice.automationtesting.in/shop/?add-to-cart=169'</msg>
<arg>${PRODUCT1}</arg>
<doc>Navigates the current browser window to the provided ``url``.</doc>
<status status="PASS" start="2026-02-22T16:13:57.231186" elapsed="5.483946"/>
</kw>
<kw name="Go To" owner="SeleniumLibrary">
<msg time="2026-02-22T16:14:02.715794" level="INFO">Opening url 'https://practice.automationtesting.in/shop/?add-to-cart=181'</msg>
<arg>${PRODUCT2}</arg>
<doc>Navigates the current browser window to the provided ``url``.</doc>
<status status="PASS" start="2026-02-22T16:14:02.715446" elapsed="6.397239"/>
</kw>
<kw name="Go To" owner="SeleniumLibrary">
<msg time="2026-02-22T16:14:09.113245" level="INFO">Opening url 'https://practice.automationtesting.in/checkout/'</msg>
<arg>https://practice.automationtesting.in/checkout/</arg>
<doc>Navigates the current browser window to the provided ``url``.</doc>
<status status="PASS" start="2026-02-22T16:14:09.113015" elapsed="2.208098"/>
</kw>
<kw name="Wait Until Page Contains Element" owner="SeleniumLibrary">
<arg>css=form.checkout</arg>
<doc>Waits until the element ``locator`` appears on the current page.</doc>
<status status="PASS" start="2026-02-22T16:14:11.321441" elapsed="0.234441"/>
</kw>
<status status="PASS" start="2026-02-22T16:13:57.230814" elapsed="14.325191"/>
</kw>
<kw name="Billing Validation Template">
<kw name="Fill Billing Details">
<kw name="Wait Until Element Is Visible" owner="SeleniumLibrary">
<arg>id=billing_first_name</arg>
<doc>Waits until the element ``locator`` is visible.</doc>
<status status="PASS" start="2026-02-22T16:14:11.557598" elapsed="0.032838"/>
</kw>
<kw name="Clear Element Text" owner="SeleniumLibrary">
<arg>id=billing_first_name</arg>
<doc>Clears the value of the text-input-element identified by ``locator``.</doc>
<status status="PASS" start="2026-02-22T16:14:11.590670" elapsed="0.023744"/>
</kw>
<kw name="Input Text" owner="SeleniumLibrary">
<msg time="2026-02-22T16:14:11.615471" level="INFO">Typing text 'Anil' into text field 'id=billing_first_name'.</msg>
<arg>id=billing_first_name</arg>
<arg>${fname}</arg>
<doc>Types the given ``text`` into the text field identified by ``locator``.</doc>
<status status="PASS" start="2026-02-22T16:14:11.614816" elapsed="0.042639"/>
</kw>
<kw name="Textfield Value Should Be" owner="SeleniumLibrary">
<msg time="2026-02-22T16:14:11.774245" level="INFO">Content of text field 'id=billing_first_name' is 'Anil'.</msg>
<arg>id=billing_first_name</arg>
<arg>${fname}</arg>
<doc>Verifies text field ``locator`` has exactly text ``expected``.</doc>
<status status="PASS" start="2026-02-22T16:14:11.657927" elapsed="0.116436"/>
</kw>
<kw name="Clear Element Text" owner="SeleniumLibrary">
<arg>id=billing_last_name</arg>
<doc>Clears the value of the text-input-element identified by ``locator``.</doc>
<status status="PASS" start="2026-02-22T16:14:11.774612" elapsed="0.012677"/>
</kw>
<kw name="Input Text" owner="SeleniumLibrary">
<msg time="2026-02-22T16:14:11.788050" level="INFO">Typing text 'Varma' into text field 'id=billing_last_name'.</msg>
<arg>id=billing_last_name</arg>
<arg>${lname}</arg>
<doc>Types the given ``text`` into the text field identified by ``locator``.</doc>
<status status="PASS" start="2026-02-22T16:14:11.787604" elapsed="0.218043"/>
</kw>
<kw name="Textfield Value Should Be" owner="SeleniumLibrary">
<msg time="2026-02-22T16:14:12.059122" level="INFO">Content of text field 'id=billing_last_name' is 'Varma'.</msg>
<arg>id=billing_last_name</arg>
<arg>${lname}</arg>
<doc>Verifies text field ``locator`` has exactly text ``expected``.</doc>
<status status="PASS" start="2026-02-22T16:14:12.006112" elapsed="0.053234"/>
</kw>
<kw name="Clear Element Text" owner="SeleniumLibrary">
<arg>id=billing_email</arg>
<doc>Clears the value of the text-input-element identified by ``locator``.</doc>
<status status="PASS" start="2026-02-22T16:14:12.059753" elapsed="0.021491"/>
</kw>
<kw name="Input Text" owner="SeleniumLibrary">
<msg time="2026-02-22T16:14:12.082302" level="INFO">Typing text 'testuser3@test.com' into text field 'id=billing_email'.</msg>
<arg>id=billing_email</arg>
<arg>${email}</arg>
<doc>Types the given ``text`` into the text field identified by ``locator``.</doc>
<status status="PASS" start="2026-02-22T16:14:12.081677" elapsed="0.061282"/>
</kw>
<kw name="Textfield Value Should Be" owner="SeleniumLibrary">
<msg time="2026-02-22T16:14:12.186194" level="INFO">Content of text field 'id=billing_email' is 'testuser3@test.com'.</msg>
<arg>id=billing_email</arg>
<arg>${email}</arg>
<doc>Verifies text field ``locator`` has exactly text ``expected``.</doc>
<status status="PASS" start="2026-02-22T16:14:12.143224" elapsed="0.043236"/>
</kw>
<kw name="Clear Element Text" owner="SeleniumLibrary">
<arg>id=billing_phone</arg>
<doc>Clears the value of the text-input-element identified by ``locator``.</doc>
<status status="PASS" start="2026-02-22T16:14:12.186873" elapsed="0.059097"/>
</kw>
<kw name="Input Text" owner="SeleniumLibrary">
<msg time="2026-02-22T16:14:12.246884" level="INFO">Typing text '' into text field 'id=billing_phone'.</msg>
<arg>id=billing_phone</arg>
<arg>${phone}</arg>
<doc>Types the given ``text`` into the text field identified by ``locator``.</doc>
<status status="PASS" start="2026-02-22T16:14:12.246363" elapsed="0.039775"/>
</kw>
<kw name="Clear Element Text" owner="SeleniumLibrary">
<arg>id=billing_address_1</arg>
<doc>Clears the value of the text-input-element identified by ``locator``.</doc>
<status status="PASS" start="2026-02-22T16:14:12.286601" elapsed="0.074360"/>
</kw>
<kw name="Input Text" owner="SeleniumLibrary">
<msg time="2026-02-22T16:14:12.361736" level="INFO">Typing text 'Hyderabad' into text field 'id=billing_address_1'.</msg>
<arg>id=billing_address_1</arg>
<arg>${ADDRESS}</arg>
<doc>Types the given ``text`` into the text field identified by ``locator``.</doc>
<status status="PASS" start="2026-02-22T16:14:12.361273" elapsed="0.131851"/>
</kw>
<kw name="Clear Element Text" owner="SeleniumLibrary">
<arg>id=billing_city</arg>
<doc>Clears the value of the text-input-element identified by ``locator``.</doc>
<status status="PASS" start="2026-02-22T16:14:12.493707" elapsed="0.087399"/>
</kw>
<kw name="Input Text" owner="SeleniumLibrary">
<msg time="2026-02-22T16:14:12.582368" level="INFO">Typing text 'Bangalore' into text field 'id=billing_city'.</msg>
<arg>id=billing_city</arg>
<arg>${city}</arg>
<doc>Types the given ``text`` into the text field identified by ``locator``.</doc>
<status status="PASS" start="2026-02-22T16:14:12.581621" elapsed="0.107042"/>
</kw>
<kw name="Textfield Value Should Be" owner="SeleniumLibrary">
<msg time="2026-02-22T16:14:12.938698" level="INFO">Content of text field 'id=billing_city' is 'Bangalore'.</msg>
<arg>id=billing_city</arg>
<arg>${city}</arg>
<doc>Verifies text field ``locator`` has exactly text ``expected``.</doc>
<status status="PASS" start="2026-02-22T16:14:12.689020" elapsed="0.249798"/>
</kw>
<kw name="Clear Element Text" owner="SeleniumLibrary">
<arg>id=billing_postcode</arg>
<doc>Clears the value of the text-input-element identified by ``locator``.</doc>
<status status="PASS" start="2026-02-22T16:14:12.939096" elapsed="0.016265"/>
</kw>
<kw name="Input Text" owner="SeleniumLibrary">
<msg time="2026-02-22T16:14:12.956114" level="INFO">Typing text '560001' into text field 'id=billing_postcode'.</msg>
<arg>id=billing_postcode</arg>
<arg>${postcode}</arg>
<doc>Types the given ``text`` into the text field identified by ``locator``.</doc>
<status status="PASS" start="2026-02-22T16:14:12.955664" elapsed="0.044358"/>
</kw>
<kw name="Textfield Value Should Be" owner="SeleniumLibrary">
<msg time="2026-02-22T16:14:13.094069" level="INFO">Content of text field 'id=billing_postcode' is '560001'.</msg>
<arg>id=billing_postcode</arg>
<arg>${postcode}</arg>
<doc>Verifies text field ``locator`` has exactly text ``expected``.</doc>
<status status="PASS" start="2026-02-22T16:14:13.001197" elapsed="0.093104"/>
</kw>
<kw name="Wait Until Page Does Not Contain Element" owner="SeleniumLibrary">
<arg>css=.blockUI</arg>
<arg>10s</arg>
<doc>Waits until the element ``locator`` disappears from the current page.</doc>
<status status="PASS" start="2026-02-22T16:14:13.094950" elapsed="0.009867"/>
</kw>
<arg>${FIRSTNAME}</arg>
<arg>${LASTNAME}</arg>
<arg>${EMAIL}</arg>
<arg>${PHONE}</arg>
<arg>${CITY}</arg>
<arg>${POSTCODE}</arg>
<status status="PASS" start="2026-02-22T16:14:11.557099" elapsed="1.548034"/>
</kw>
<kw name="Select Payment Method">
<kw name="Scroll Element Into View" owner="SeleniumLibrary">
<msg time="2026-02-22T16:14:13.284281" level="INFO" html="true">&lt;/td&gt;&lt;/tr&gt;&lt;tr&gt;&lt;td colspan="3"&gt;&lt;a href="selenium-screenshot-24.png"&gt;&lt;img src="selenium-screenshot-24.png" width="800px"&gt;&lt;/a&gt;</msg>
<msg time="2026-02-22T16:14:13.284628" level="FAIL">MoveTargetOutOfBoundsException: Message: Move target (211, 1067) is out of bounds of viewport dimensions (1536, 731)
Stacktrace:
RemoteError@chrome://remote/content/shared/RemoteError.sys.mjs:8:8
WebDriverError@chrome://remote/content/shared/webdriver/Errors.sys.mjs:202:5
MoveTargetOutOfBoundsError@chrome://remote/content/shared/webdriver/Errors.sys.mjs:521:5
assertTargetInViewPort@chrome://remote/content/shared/webdriver/Actions.sys.mjs:3170:11
#assertInViewPort@chrome://remote/content/marionette/actors/MarionetteCommandsChild.sys.mjs:67:17
receiveMessage@chrome://remote/content/marionette/actors/MarionetteCommandsChild.sys.mjs:187:42
</msg>
<arg>id=payment_method_cheque</arg>
<doc>Scrolls the element identified by ``locator`` into view.</doc>
<status status="FAIL" start="2026-02-22T16:14:13.106371" elapsed="0.181567">MoveTargetOutOfBoundsException: Message: Move target (211, 1067) is out of bounds of viewport dimensions (1536, 731)
Stacktrace:
RemoteError@chrome://remote/content/shared/RemoteError.sys.mjs:8:8
WebDriverError@chrome://remote/content/shared/webdriver/Errors.sys.mjs:202:5
MoveTargetOutOfBoundsError@chrome://remote/content/shared/webdriver/Errors.sys.mjs:521:5
assertTargetInViewPort@chrome://remote/content/shared/webdriver/Actions.sys.mjs:3170:11
#assertInViewPort@chrome://remote/content/marionette/actors/MarionetteCommandsChild.sys.mjs:67:17
receiveMessage@chrome://remote/content/marionette/actors/MarionetteCommandsChild.sys.mjs:187:42
</status>
</kw>
<kw name="Click Element" owner="SeleniumLibrary">
<arg>id=payment_method_cheque</arg>
<doc>Click the element identified by ``locator``.</doc>
<status status="NOT RUN" start="2026-02-22T16:14:13.288416" elapsed="0.000107"/>
</kw>
<kw name="Element Should Be Visible" owner="SeleniumLibrary">
<arg>id=payment_method_cheque</arg>
<doc>Verifies that the element identified by ``locator`` is visible.</doc>
<status status="NOT RUN" start="2026-02-22T16:14:13.288841" elapsed="0.000088"/>
</kw>
<status status="FAIL" start="2026-02-22T16:14:13.105647" elapsed="0.183634">MoveTargetOutOfBoundsException: Message: Move target (211, 1067) is out of bounds of viewport dimensions (1536, 731)
Stacktrace:
RemoteError@chrome://remote/content/shared/RemoteError.sys.mjs:8:8
WebDriverError@chrome://remote/content/shared/webdriver/Errors.sys.mjs:202:5
MoveTargetOutOfBoundsError@chrome://remote/content/shared/webdriver/Errors.sys.mjs:521:5
assertTargetInViewPort@chrome://remote/content/shared/webdriver/Actions.sys.mjs:3170:11
#assertInViewPort@chrome://remote/content/marionette/actors/MarionetteCommandsChild.sys.mjs:67:17
receiveMessage@chrome://remote/content/marionette/actors/MarionetteCommandsChild.sys.mjs:187:42
</status>
</kw>
<kw name="Place Order">
<status status="NOT RUN" start="2026-02-22T16:14:13.289758" elapsed="0.000125"/>
</kw>
<kw name="Run Keyword And Return Status" owner="BuiltIn">
<var>${order_page}</var>
<arg>Wait Until Location Contains</arg>
<arg>order-received</arg>
<arg>8s</arg>
<doc>Runs the specified keyword and returns the status as a Boolean value.</doc>
<status status="NOT RUN" start="2026-02-22T16:14:13.290203" elapsed="0.000094"/>
</kw>
<kw name="Run Keyword And Return Status" owner="BuiltIn">
<var>${dashboard_page}</var>
<arg>Wait Until Location Contains</arg>
<arg>my-account</arg>
<arg>5s</arg>
<doc>Runs the specified keyword and returns the status as a Boolean value.</doc>
<status status="NOT RUN" start="2026-02-22T16:14:13.290620" elapsed="0.000125"/>
</kw>
<if>
<branch type="IF" condition="${order_page}">
<kw name="Log" owner="BuiltIn">
<arg>Order placed successfully</arg>
<doc>Logs the given message with the given level.</doc>
<status status="NOT RUN" start="2026-02-22T16:14:13.291292" elapsed="0.000079"/>
</kw>
<status status="NOT RUN" start="2026-02-22T16:14:13.291017" elapsed="0.000507"/>
</branch>
<branch type="ELSE IF" condition="${dashboard_page}">
<kw name="Log" owner="BuiltIn">
<arg>Redirected to dashboard (handled case)</arg>
<doc>Logs the given message with the given level.</doc>
<status status="NOT RUN" start="2026-02-22T16:14:13.291901" elapsed="0.000080"/>
</kw>
<status status="NOT RUN" start="2026-02-22T16:14:13.291641" elapsed="0.000444"/>
</branch>
<branch type="ELSE">
<kw name="Log" owner="BuiltIn">
<arg>Billing validation failed as expected  test execution PASS</arg>
<doc>Logs the given message with the given level.</doc>
<status status="NOT RUN" start="2026-02-22T16:14:13.292434" elapsed="0.000083"/>
</kw>
<status status="NOT RUN" start="2026-02-22T16:14:13.292180" elapsed="0.000456"/>
</branch>
<status status="NOT RUN" start="2026-02-22T16:14:13.290961" elapsed="0.001765"/>
</if>
<arg>EMAIL=testuser3@test.com</arg>
<arg>PASSWORD=</arg>
<arg>FIRSTNAME=Anil</arg>
<arg>LASTNAME=Varma</arg>
<arg>PHONE=</arg>
<arg>CITY=Bangalore</arg>
<arg>POSTCODE=560001</arg>
<arg>EXPECTED=FAIL</arg>
<status status="FAIL" start="2026-02-22T16:14:11.556546" elapsed="1.736448">MoveTargetOutOfBoundsException: Message: Move target (211, 1067) is out of bounds of viewport dimensions (1536, 731)
Stacktrace:
RemoteError@chrome://remote/content/shared/RemoteError.sys.mjs:8:8
WebDriverError@chrome://remote/content/shared/webdriver/Errors.sys.mjs:202:5
MoveTargetOutOfBoundsError@chrome://remote/content/shared/webdriver/Errors.sys.mjs:521:5
assertTargetInViewPort@chrome://remote/content/shared/webdriver/Actions.sys.mjs:3170:11
#assertInViewPort@chrome://remote/content/marionette/actors/MarionetteCommandsChild.sys.mjs:67:17
receiveMessage@chrome://remote/content/marionette/actors/MarionetteCommandsChild.sys.mjs:187:42
</status>
</kw>
<status status="FAIL" start="2026-02-22T16:13:57.228976" elapsed="16.064919">MoveTargetOutOfBoundsException: Message: Move target (211, 1067) is out of bounds of viewport dimensions (1536, 731)
Stacktrace:
RemoteError@chrome://remote/content/shared/RemoteError.sys.mjs:8:8
WebDriverError@chrome://remote/content/shared/webdriver/Errors.sys.mjs:202:5
MoveTargetOutOfBoundsError@chrome://remote/content/shared/webdriver/Errors.sys.mjs:521:5
assertTargetInViewPort@chrome://remote/content/shared/webdriver/Actions.sys.mjs:3170:11
#assertInViewPort@chrome://remote/content/marionette/actors/MarionetteCommandsChild.sys.mjs:67:17
receiveMessage@chrome://remote/content/marionette/actors/MarionetteCommandsChild.sys.mjs:187:42
</status>
</test>
<kw name="Close Browser" owner="SeleniumLibrary" type="TEARDOWN">
<doc>Closes the current browser.</doc>
<status status="PASS" start="2026-02-22T16:14:13.299058" elapsed="4.307719"/>
</kw>
<status status="FAIL" start="2026-02-22T16:13:02.370273" elapsed="75.236841"/>
</suite>
<suite id="s1-s7" name="06 Logout Validation" source="C:\Users\Neeraja\Desktop\Wipro_Practice\Capstone_Project\robot-framework\tests\06_logout_validation.robot">
<kw name="Open Application" owner="common" type="SETUP">
<kw name="Open Browser" owner="SeleniumLibrary">
<msg time="2026-02-22T16:14:17.628759" level="INFO">Opening browser 'firefox' to base url 'https://practice.automationtesting.in/'.</msg>
<arg>${URL}</arg>
<arg>${browser}</arg>
<doc>Opens a new browser instance to the optional ``url``.</doc>
<status status="PASS" start="2026-02-22T16:14:17.628077" elapsed="20.041544"/>
</kw>
<kw name="Maximize Browser Window" owner="SeleniumLibrary">
<doc>Maximizes current browser window.</doc>
<status status="PASS" start="2026-02-22T16:14:37.669808" elapsed="0.311151"/>
</kw>
<kw name="Set Selenium Timeout" owner="SeleniumLibrary">
<arg>${TIMEOUT}</arg>
<doc>Sets the timeout that is used by various keywords.</doc>
<status status="PASS" start="2026-02-22T16:14:37.981695" elapsed="0.008025"/>
</kw>
<status status="PASS" start="2026-02-22T16:14:17.627057" elapsed="20.363088"/>
</kw>
<test id="s1-s7-t1" name="Logout Validation" line="21">
<kw name="Go To Fresh Login Page" type="SETUP">
<kw name="Go To" owner="SeleniumLibrary">
<msg time="2026-02-22T16:14:37.997673" level="INFO">Opening url 'https://practice.automationtesting.in/my-account/'</msg>
<arg>https://practice.automationtesting.in/my-account/</arg>
<doc>Navigates the current browser window to the provided ``url``.</doc>
<status status="PASS" start="2026-02-22T16:14:37.997415" elapsed="1.791975"/>
</kw>
<kw name="Run Keyword And Ignore Error" owner="BuiltIn">
<kw name="Logout User" owner="login_keywords">
<kw name="Go To" owner="SeleniumLibrary">
<msg time="2026-02-22T16:14:39.792408" level="INFO">Opening url 'https://practice.automationtesting.in/my-account/'</msg>
<arg>https://practice.automationtesting.in/my-account/</arg>
<doc>Navigates the current browser window to the provided ``url``.</doc>
<status status="PASS" start="2026-02-22T16:14:39.792155" elapsed="1.723916"/>
</kw>
<kw name="Wait Until Page Contains Element" owner="SeleniumLibrary">
<arg>css=body</arg>
<doc>Waits until the element ``locator`` appears on the current page.</doc>
<status status="PASS" start="2026-02-22T16:14:41.516345" elapsed="0.114443"/>
</kw>
<kw name="Run Keyword And Ignore Error" owner="BuiltIn">
<kw name="Click Element" owner="SeleniumLibrary">
<msg time="2026-02-22T16:14:41.631455" level="INFO">Clicking element 'xpath=//a[text()='Logout']'.</msg>
<msg time="2026-02-22T16:14:41.698161" level="INFO" html="true">&lt;/td&gt;&lt;/tr&gt;&lt;tr&gt;&lt;td colspan="3"&gt;&lt;a href="selenium-screenshot-25.png"&gt;&lt;img src="selenium-screenshot-25.png" width="800px"&gt;&lt;/a&gt;</msg>
<msg time="2026-02-22T16:14:41.698332" level="FAIL">Element with locator 'xpath=//a[text()='Logout']' not found.</msg>
<arg>xpath=//a[text()='Logout']</arg>
<doc>Click the element identified by ``locator``.</doc>
<status status="FAIL" start="2026-02-22T16:14:41.631299" elapsed="0.068170">Element with locator 'xpath=//a[text()='Logout']' not found.</status>
</kw>
<arg>Click Element</arg>
<arg>xpath=//a[text()='Logout']</arg>
<doc>Runs the given keyword with the given arguments and ignores possible error.</doc>
<status status="PASS" start="2026-02-22T16:14:41.630989" elapsed="0.068593"/>
</kw>
<kw name="Wait Until Element Is Visible" owner="SeleniumLibrary">
<arg>id=username</arg>
<arg>15s</arg>
<doc>Waits until the element ``locator`` is visible.</doc>
<status status="PASS" start="2026-02-22T16:14:41.699723" elapsed="0.017335"/>
</kw>
<status status="PASS" start="2026-02-22T16:14:39.791471" elapsed="1.925766"/>
</kw>
<arg>Logout User</arg>
<doc>Runs the given keyword with the given arguments and ignores possible error.</doc>
<status status="PASS" start="2026-02-22T16:14:39.790154" elapsed="1.927189"/>
</kw>
<kw name="Go To" owner="SeleniumLibrary">
<msg time="2026-02-22T16:14:41.717802" level="INFO">Opening url 'https://practice.automationtesting.in/my-account/'</msg>
<arg>https://practice.automationtesting.in/my-account/</arg>
<doc>Navigates the current browser window to the provided ``url``.</doc>
<status status="PASS" start="2026-02-22T16:14:41.717589" elapsed="1.681543"/>
</kw>
<kw name="Wait Until Element Is Visible" owner="SeleniumLibrary">
<arg>id=username</arg>
<doc>Waits until the element ``locator`` is visible.</doc>
<status status="PASS" start="2026-02-22T16:14:43.399434" elapsed="0.132171"/>
</kw>
<status status="PASS" start="2026-02-22T16:14:37.996781" elapsed="5.534949"/>
</kw>
<kw name="Login User" owner="login_keywords">
<kw name="Input Text" owner="SeleniumLibrary">
<msg time="2026-02-22T16:14:43.533379" level="INFO">Typing text 'testuser1@test.com' into text field 'id=username'.</msg>
<arg>id=username</arg>
<arg>${EMAIL}</arg>
<doc>Types the given ``text`` into the text field identified by ``locator``.</doc>
<status status="PASS" start="2026-02-22T16:14:43.532903" elapsed="0.082269"/>
</kw>
<kw name="Input Text" owner="SeleniumLibrary">
<msg time="2026-02-22T16:14:43.615592" level="INFO">Typing text 'Omkar@2003' into text field 'id=password'.</msg>
<arg>id=password</arg>
<arg>${PASSWORD}</arg>
<doc>Types the given ``text`` into the text field identified by ``locator``.</doc>
<status status="PASS" start="2026-02-22T16:14:43.615351" elapsed="0.039571"/>
</kw>
<kw name="Click Button" owner="SeleniumLibrary">
<msg time="2026-02-22T16:14:43.655668" level="INFO">Clicking button 'name=login'.</msg>
<arg>name=login</arg>
<doc>Clicks the button identified by ``locator``.</doc>
<status status="PASS" start="2026-02-22T16:14:43.655284" elapsed="1.908753"/>
</kw>
<arg>${VALID_EMAIL}</arg>
<arg>${VALID_PASSWORD}</arg>
<status status="PASS" start="2026-02-22T16:14:43.532203" elapsed="2.032095"/>
</kw>
<kw name="Wait Until Page Contains Element" owner="SeleniumLibrary">
<arg>css=div.woocommerce-MyAccount-content</arg>
<doc>Waits until the element ``locator`` appears on the current page.</doc>
<status status="PASS" start="2026-02-22T16:14:45.564929" elapsed="0.117762"/>
</kw>
<kw name="Logout User" owner="login_keywords">
<kw name="Go To" owner="SeleniumLibrary">
<msg time="2026-02-22T16:14:45.687677" level="INFO">Opening url 'https://practice.automationtesting.in/my-account/'</msg>
<arg>https://practice.automationtesting.in/my-account/</arg>
<doc>Navigates the current browser window to the provided ``url``.</doc>
<status status="PASS" start="2026-02-22T16:14:45.687300" elapsed="1.504225"/>
</kw>
<kw name="Wait Until Page Contains Element" owner="SeleniumLibrary">
<arg>css=body</arg>
<doc>Waits until the element ``locator`` appears on the current page.</doc>
<status status="PASS" start="2026-02-22T16:14:47.191835" elapsed="0.106481"/>
</kw>
<kw name="Run Keyword And Ignore Error" owner="BuiltIn">
<kw name="Click Element" owner="SeleniumLibrary">
<msg time="2026-02-22T16:14:47.300312" level="INFO">Clicking element 'xpath=//a[text()='Logout']'.</msg>
<arg>xpath=//a[text()='Logout']</arg>
<doc>Click the element identified by ``locator``.</doc>
<status status="PASS" start="2026-02-22T16:14:47.299577" elapsed="6.102559"/>
</kw>
<arg>Click Element</arg>
<arg>xpath=//a[text()='Logout']</arg>
<doc>Runs the given keyword with the given arguments and ignores possible error.</doc>
<status status="PASS" start="2026-02-22T16:14:47.298727" elapsed="6.103655"/>
</kw>
<kw name="Wait Until Element Is Visible" owner="SeleniumLibrary">
<arg>id=username</arg>
<arg>15s</arg>
<doc>Waits until the element ``locator`` is visible.</doc>
<status status="PASS" start="2026-02-22T16:14:53.402542" elapsed="0.022460"/>
</kw>
<status status="PASS" start="2026-02-22T16:14:45.686077" elapsed="7.739045"/>
</kw>
<kw name="Wait Until Element Is Visible" owner="SeleniumLibrary">
<arg>id=username</arg>
<doc>Waits until the element ``locator`` is visible.</doc>
<status status="PASS" start="2026-02-22T16:14:53.425538" elapsed="0.015718"/>
</kw>
<kw name="Page Should Contain Element" owner="SeleniumLibrary">
<msg time="2026-02-22T16:14:53.446375" level="INFO">Current page contains element 'css=input[name="login"]'.</msg>
<arg>css=input[name="login"]</arg>
<doc>Verifies that element ``locator`` is found on the current page.</doc>
<status status="PASS" start="2026-02-22T16:14:53.441612" elapsed="0.005293"/>
</kw>
<kw name="Page Should Not Contain Element" owner="SeleniumLibrary">
<msg time="2026-02-22T16:14:53.451121" level="INFO">Current page does not contain element 'css=div.woocommerce-MyAccount-content'.</msg>
<arg>css=div.woocommerce-MyAccount-content</arg>
<doc>Verifies that element ``locator`` is not found on the current page.</doc>
<status status="PASS" start="2026-02-22T16:14:53.448075" elapsed="0.003126"/>
</kw>
<status status="PASS" start="2026-02-22T16:14:37.990413" elapsed="15.461104"/>
</test>
<kw name="Close Application" owner="common" type="TEARDOWN">
<kw name="Close All Browsers" owner="SeleniumLibrary">
<doc>Closes all open browsers and resets the browser cache.</doc>
<status status="PASS" start="2026-02-22T16:14:53.452553" elapsed="3.394943"/>
</kw>
<status status="PASS" start="2026-02-22T16:14:53.452371" elapsed="3.395235"/>
</kw>
<status status="PASS" start="2026-02-22T16:14:17.612787" elapsed="39.234859"/>
</suite>
<suite id="s1-s8" name="End To End" source="C:\Users\Neeraja\Desktop\Wipro_Practice\Capstone_Project\robot-framework\tests\end_to_end.robot">
<test id="s1-s8-t1" name="User1" line="21">
<kw name="Start User Session" type="SETUP">
<kw name="Open Application" owner="common">
<kw name="Open Browser" owner="SeleniumLibrary">
<msg time="2026-02-22T16:14:56.865727" level="INFO">Opening browser 'firefox' to base url 'https://practice.automationtesting.in/'.</msg>
<arg>${URL}</arg>
<arg>${browser}</arg>
<doc>Opens a new browser instance to the optional ``url``.</doc>
<status status="PASS" start="2026-02-22T16:14:56.865554" elapsed="25.947128"/>
</kw>
<kw name="Maximize Browser Window" owner="SeleniumLibrary">
<doc>Maximizes current browser window.</doc>
<status status="PASS" start="2026-02-22T16:15:22.813094" elapsed="0.307261"/>
</kw>
<kw name="Set Selenium Timeout" owner="SeleniumLibrary">
<arg>${TIMEOUT}</arg>
<doc>Sets the timeout that is used by various keywords.</doc>
<status status="PASS" start="2026-02-22T16:15:23.120732" elapsed="0.010838"/>
</kw>
<arg>${BROWSER}</arg>
<status status="PASS" start="2026-02-22T16:14:56.865271" elapsed="26.266495"/>
</kw>
<status status="PASS" start="2026-02-22T16:14:56.864993" elapsed="26.266906"/>
</kw>
<kw name="Ecommerce Flow">
<kw name="Registration Validation">
<kw name="Go To" owner="SeleniumLibrary">
<msg time="2026-02-22T16:15:23.147080" level="INFO">Opening url 'https://practice.automationtesting.in/my-account/'</msg>
<arg>${BASE_URL}/my-account/</arg>
<doc>Navigates the current browser window to the provided ``url``.</doc>
<status status="PASS" start="2026-02-22T16:15:23.144369" elapsed="1.749169"/>
</kw>
<kw name="Wait Until Element Is Visible" owner="SeleniumLibrary">
<arg>id=reg_email</arg>
<doc>Waits until the element ``locator`` is visible.</doc>
<status status="PASS" start="2026-02-22T16:15:24.893920" elapsed="0.146068"/>
</kw>
<kw name="Input Text" owner="SeleniumLibrary">
<msg time="2026-02-22T16:15:25.040505" level="INFO">Typing text 'testuser004@test.com' into text field 'id=reg_email'.</msg>
<arg>id=reg_email</arg>
<arg>${EMAIL}</arg>
<doc>Types the given ``text`` into the text field identified by ``locator``.</doc>
<status status="PASS" start="2026-02-22T16:15:25.040210" elapsed="0.077095"/>
</kw>
<kw name="Textfield Value Should Be" owner="SeleniumLibrary">
<msg time="2026-02-22T16:15:25.139890" level="INFO">Content of text field 'id=reg_email' is 'testuser004@test.com'.</msg>
<arg>id=reg_email</arg>
<arg>${EMAIL}</arg>
<doc>Verifies text field ``locator`` has exactly text ``expected``.</doc>
<status status="PASS" start="2026-02-22T16:15:25.117780" elapsed="0.022240"/>
</kw>
<kw name="Input Text" owner="SeleniumLibrary">
<msg time="2026-02-22T16:15:25.140542" level="INFO">Typing text 'Neeraja@123' into text field 'id=reg_password'.</msg>
<arg>id=reg_password</arg>
<arg>${PASSWORD}</arg>
<doc>Types the given ``text`` into the text field identified by ``locator``.</doc>
<status status="PASS" start="2026-02-22T16:15:25.140254" elapsed="0.050695"/>
</kw>
<kw name="Element Should Be Visible" owner="SeleniumLibrary">
<msg time="2026-02-22T16:15:25.206894" level="INFO">Element 'id=reg_password' is displayed.</msg>
<arg>id=reg_password</arg>
<doc>Verifies that the element identified by ``locator`` is visible.</doc>
<status status="PASS" start="2026-02-22T16:15:25.191143" elapsed="0.015893"/>
</kw>
<kw name="Click Button" owner="SeleniumLibrary">
<msg time="2026-02-22T16:15:25.207580" level="INFO">Clicking button 'name=register'.</msg>
<arg>name=register</arg>
<doc>Clicks the button identified by ``locator``.</doc>
<status status="PASS" start="2026-02-22T16:15:25.207309" elapsed="0.587994"/>
</kw>
<kw name="Wait Until Keyword Succeeds" owner="BuiltIn">
<kw name="Check Registration Result">
<kw name="Run Keyword And Return Status" owner="BuiltIn">
<kw name="Page Should Contain" owner="SeleniumLibrary">
<msg time="2026-02-22T16:15:26.168209" level="INFO" html="true">&lt;/td&gt;&lt;/tr&gt;&lt;tr&gt;&lt;td colspan="3"&gt;&lt;a href="selenium-screenshot-26.png"&gt;&lt;img src="selenium-screenshot-26.png" width="800px"&gt;&lt;/a&gt;</msg>
<msg time="2026-02-22T16:15:26.168745" level="FAIL">Page should have contained text 'Logout' but did not.</msg>
<arg>Logout</arg>
<doc>Verifies that current page contains ``text``.</doc>
<status status="FAIL" start="2026-02-22T16:15:25.796681" elapsed="0.377122">Page should have contained text 'Logout' but did not.</status>
</kw>
<msg time="2026-02-22T16:15:26.174071" level="INFO">${logout} = False</msg>
<var>${logout}</var>
<arg>Page Should Contain</arg>
<arg>Logout</arg>
<doc>Runs the specified keyword and returns the status as a Boolean value.</doc>
<status status="PASS" start="2026-02-22T16:15:25.796272" elapsed="0.377899"/>
</kw>
<kw name="Run Keyword And Return Status" owner="BuiltIn">
<kw name="Page Should Contain" owner="SeleniumLibrary">
<msg time="2026-02-22T16:15:26.412408" level="INFO" html="true">&lt;/td&gt;&lt;/tr&gt;&lt;tr&gt;&lt;td colspan="3"&gt;&lt;a href="selenium-screenshot-27.png"&gt;&lt;img src="selenium-screenshot-27.png" width="800px"&gt;&lt;/a&gt;</msg>
<msg time="2026-02-22T16:15:26.412666" level="FAIL">Page should have contained text 'already registered' but did not.</msg>
<arg>already registered</arg>
<doc>Verifies that current page contains ``text``.</doc>
<status status="FAIL" start="2026-02-22T16:15:26.175379" elapsed="0.238161">Page should have contained text 'already registered' but did not.</status>
</kw>
<msg time="2026-02-22T16:15:26.413788" level="INFO">${exists} = False</msg>
<var>${exists}</var>
<arg>Page Should Contain</arg>
<arg>already registered</arg>
<doc>Runs the specified keyword and returns the status as a Boolean value.</doc>
<status status="PASS" start="2026-02-22T16:15:26.174553" elapsed="0.239284"/>
</kw>
<if>
<branch type="IF" condition="${logout}">
<kw name="Log" owner="BuiltIn">
<arg>New user registered</arg>
<doc>Logs the given message with the given level.</doc>
<status status="NOT RUN" start="2026-02-22T16:15:26.414921" elapsed="0.000132"/>
</kw>
<kw name="Logout User" owner="login_keywords">
<status status="NOT RUN" start="2026-02-22T16:15:26.415518" elapsed="0.000279"/>
</kw>
<kw name="Wait Until Element Is Visible" owner="SeleniumLibrary">
<arg>id=username</arg>
<doc>Waits until the element ``locator`` is visible.</doc>
<status status="NOT RUN" start="2026-02-22T16:15:26.416792" elapsed="0.000139"/>
</kw>
<status status="NOT RUN" start="2026-02-22T16:15:26.414351" elapsed="0.002869"/>
</branch>
<branch type="ELSE IF" condition="${exists}">
<kw name="Capture Page Screenshot" owner="SeleniumLibrary">
<doc>Takes a screenshot of the current page and embeds it into a log file.</doc>
<status status="NOT RUN" start="2026-02-22T16:15:26.417896" elapsed="0.000073"/>
</kw>
<kw name="Fail" owner="BuiltIn">
<arg>User already registered  registration must be new</arg>
<doc>Fails the test with the given message and optionally alters its tags.</doc>
<status status="NOT RUN" start="2026-02-22T16:15:26.418203" elapsed="0.000068"/>
</kw>
<status status="NOT RUN" start="2026-02-22T16:15:26.417500" elapsed="0.000896"/>
</branch>
<branch type="ELSE">
<kw name="Capture Page Screenshot" owner="SeleniumLibrary">
<msg time="2026-02-22T16:15:26.488894" level="INFO" html="true">&lt;/td&gt;&lt;/tr&gt;&lt;tr&gt;&lt;td colspan="3"&gt;&lt;a href="selenium-screenshot-28.png"&gt;&lt;img src="selenium-screenshot-28.png" width="800px"&gt;&lt;/a&gt;</msg>
<doc>Takes a screenshot of the current page and embeds it into a log file.</doc>
<status status="PASS" start="2026-02-22T16:15:26.418854" elapsed="0.070198"/>
</kw>
<kw name="Fail" owner="BuiltIn">
<msg time="2026-02-22T16:15:26.489698" level="FAIL">Registration result not detected</msg>
<arg>Registration result not detected</arg>
<doc>Fails the test with the given message and optionally alters its tags.</doc>
<status status="FAIL" start="2026-02-22T16:15:26.489251" elapsed="0.000537">Registration result not detected</status>
</kw>
<status status="FAIL" start="2026-02-22T16:15:26.418497" elapsed="0.071512">Registration result not detected</status>
</branch>
<status status="FAIL" start="2026-02-22T16:15:26.414272" elapsed="0.075866">Registration result not detected</status>
</if>
<status status="FAIL" start="2026-02-22T16:15:25.796022" elapsed="0.694288">Registration result not detected</status>
</kw>
<kw name="Check Registration Result">
<kw name="Run Keyword And Return Status" owner="BuiltIn">
<kw name="Page Should Contain" owner="SeleniumLibrary">
<msg time="2026-02-22T16:15:28.681258" level="INFO" html="true">&lt;/td&gt;&lt;/tr&gt;&lt;tr&gt;&lt;td colspan="3"&gt;&lt;a href="selenium-screenshot-29.png"&gt;&lt;img src="selenium-screenshot-29.png" width="800px"&gt;&lt;/a&gt;</msg>
<msg time="2026-02-22T16:15:28.681719" level="FAIL">Page should have contained text 'Logout' but did not.</msg>
<arg>Logout</arg>
<doc>Verifies that current page contains ``text``.</doc>
<status status="FAIL" start="2026-02-22T16:15:28.492136" elapsed="0.190954">Page should have contained text 'Logout' but did not.</status>
</kw>
<msg time="2026-02-22T16:15:28.683311" level="INFO">${logout} = False</msg>
<var>${logout}</var>
<arg>Page Should Contain</arg>
<arg>Logout</arg>
<doc>Runs the specified keyword and returns the status as a Boolean value.</doc>
<status status="PASS" start="2026-02-22T16:15:28.491841" elapsed="0.191512"/>
</kw>
<kw name="Run Keyword And Return Status" owner="BuiltIn">
<kw name="Page Should Contain" owner="SeleniumLibrary">
<msg time="2026-02-22T16:15:28.855321" level="INFO" html="true">&lt;/td&gt;&lt;/tr&gt;&lt;tr&gt;&lt;td colspan="3"&gt;&lt;a href="selenium-screenshot-30.png"&gt;&lt;img src="selenium-screenshot-30.png" width="800px"&gt;&lt;/a&gt;</msg>
<msg time="2026-02-22T16:15:28.855459" level="FAIL">Page should have contained text 'already registered' but did not.</msg>
<arg>already registered</arg>
<doc>Verifies that current page contains ``text``.</doc>
<status status="FAIL" start="2026-02-22T16:15:28.684153" elapsed="0.171926">Page should have contained text 'already registered' but did not.</status>
</kw>
<msg time="2026-02-22T16:15:28.856220" level="INFO">${exists} = False</msg>
<var>${exists}</var>
<arg>Page Should Contain</arg>
<arg>already registered</arg>
<doc>Runs the specified keyword and returns the status as a Boolean value.</doc>
<status status="PASS" start="2026-02-22T16:15:28.683605" elapsed="0.172648"/>
</kw>
<if>
<branch type="IF" condition="${logout}">
<kw name="Log" owner="BuiltIn">
<arg>New user registered</arg>
<doc>Logs the given message with the given level.</doc>
<status status="NOT RUN" start="2026-02-22T16:15:28.856539" elapsed="0.000035"/>
</kw>
<kw name="Logout User" owner="login_keywords">
<status status="NOT RUN" start="2026-02-22T16:15:28.856723" elapsed="0.000034"/>
</kw>
<kw name="Wait Until Element Is Visible" owner="SeleniumLibrary">
<arg>id=username</arg>
<doc>Waits until the element ``locator`` is visible.</doc>
<status status="NOT RUN" start="2026-02-22T16:15:28.856854" elapsed="0.000029"/>
</kw>
<status status="NOT RUN" start="2026-02-22T16:15:28.856360" elapsed="0.000565"/>
</branch>
<branch type="ELSE IF" condition="${exists}">
<kw name="Capture Page Screenshot" owner="SeleniumLibrary">
<doc>Takes a screenshot of the current page and embeds it into a log file.</doc>
<status status="NOT RUN" start="2026-02-22T16:15:28.857108" elapsed="0.000029"/>
</kw>
<kw name="Fail" owner="BuiltIn">
<arg>User already registered  registration must be new</arg>
<doc>Fails the test with the given message and optionally alters its tags.</doc>
<status status="NOT RUN" start="2026-02-22T16:15:28.857240" elapsed="0.000027"/>
</kw>
<status status="NOT RUN" start="2026-02-22T16:15:28.856967" elapsed="0.000341"/>
</branch>
<branch type="ELSE">
<kw name="Capture Page Screenshot" owner="SeleniumLibrary">
<msg time="2026-02-22T16:15:28.920808" level="INFO" html="true">&lt;/td&gt;&lt;/tr&gt;&lt;tr&gt;&lt;td colspan="3"&gt;&lt;a href="selenium-screenshot-31.png"&gt;&lt;img src="selenium-screenshot-31.png" width="800px"&gt;&lt;/a&gt;</msg>
<doc>Takes a screenshot of the current page and embeds it into a log file.</doc>
<status status="PASS" start="2026-02-22T16:15:28.857434" elapsed="0.063479"/>
</kw>
<kw name="Fail" owner="BuiltIn">
<msg time="2026-02-22T16:15:28.921409" level="FAIL">Registration result not detected</msg>
<arg>Registration result not detected</arg>
<doc>Fails the test with the given message and optionally alters its tags.</doc>
<status status="FAIL" start="2026-02-22T16:15:28.921075" elapsed="0.000408">Registration result not detected</status>
</kw>
<status status="FAIL" start="2026-02-22T16:15:28.857344" elapsed="0.064218">Registration result not detected</status>
</branch>
<status status="FAIL" start="2026-02-22T16:15:28.856332" elapsed="0.065280">Registration result not detected</status>
</if>
<status status="FAIL" start="2026-02-22T16:15:28.491446" elapsed="0.430260">Registration result not detected</status>
</kw>
<kw name="Check Registration Result">
<kw name="Run Keyword And Return Status" owner="BuiltIn">
<kw name="Page Should Contain" owner="SeleniumLibrary">
<msg time="2026-02-22T16:15:31.069415" level="INFO" html="true">&lt;/td&gt;&lt;/tr&gt;&lt;tr&gt;&lt;td colspan="3"&gt;&lt;a href="selenium-screenshot-32.png"&gt;&lt;img src="selenium-screenshot-32.png" width="800px"&gt;&lt;/a&gt;</msg>
<msg time="2026-02-22T16:15:31.069560" level="FAIL">Page should have contained text 'Logout' but did not.</msg>
<arg>Logout</arg>
<doc>Verifies that current page contains ``text``.</doc>
<status status="FAIL" start="2026-02-22T16:15:30.923717" elapsed="0.146542">Page should have contained text 'Logout' but did not.</status>
</kw>
<msg time="2026-02-22T16:15:31.070406" level="INFO">${logout} = False</msg>
<var>${logout}</var>
<arg>Page Should Contain</arg>
<arg>Logout</arg>
<doc>Runs the specified keyword and returns the status as a Boolean value.</doc>
<status status="PASS" start="2026-02-22T16:15:30.923229" elapsed="0.147210"/>
</kw>
<kw name="Run Keyword And Return Status" owner="BuiltIn">
<kw name="Page Should Contain" owner="SeleniumLibrary">
<msg time="2026-02-22T16:15:31.223842" level="INFO" html="true">&lt;/td&gt;&lt;/tr&gt;&lt;tr&gt;&lt;td colspan="3"&gt;&lt;a href="selenium-screenshot-33.png"&gt;&lt;img src="selenium-screenshot-33.png" width="800px"&gt;&lt;/a&gt;</msg>
<msg time="2026-02-22T16:15:31.224064" level="FAIL">Page should have contained text 'already registered' but did not.</msg>
<arg>already registered</arg>
<doc>Verifies that current page contains ``text``.</doc>
<status status="FAIL" start="2026-02-22T16:15:31.070998" elapsed="0.154197">Page should have contained text 'already registered' but did not.</status>
</kw>
<msg time="2026-02-22T16:15:31.225438" level="INFO">${exists} = False</msg>
<var>${exists}</var>
<arg>Page Should Contain</arg>
<arg>already registered</arg>
<doc>Runs the specified keyword and returns the status as a Boolean value.</doc>
<status status="PASS" start="2026-02-22T16:15:31.070662" elapsed="0.154828"/>
</kw>
<if>
<branch type="IF" condition="${logout}">
<kw name="Log" owner="BuiltIn">
<arg>New user registered</arg>
<doc>Logs the given message with the given level.</doc>
<status status="NOT RUN" start="2026-02-22T16:15:31.225939" elapsed="0.000049"/>
</kw>
<kw name="Logout User" owner="login_keywords">
<status status="NOT RUN" start="2026-02-22T16:15:31.226417" elapsed="0.000093"/>
</kw>
<kw name="Wait Until Element Is Visible" owner="SeleniumLibrary">
<arg>id=username</arg>
<doc>Waits until the element ``locator`` is visible.</doc>
<status status="NOT RUN" start="2026-02-22T16:15:31.226739" elapsed="0.000063"/>
</kw>
<status status="NOT RUN" start="2026-02-22T16:15:31.225663" elapsed="0.001226"/>
</branch>
<branch type="ELSE IF" condition="${exists}">
<kw name="Capture Page Screenshot" owner="SeleniumLibrary">
<doc>Takes a screenshot of the current page and embeds it into a log file.</doc>
<status status="NOT RUN" start="2026-02-22T16:15:31.227349" elapsed="0.000064"/>
</kw>
<kw name="Fail" owner="BuiltIn">
<arg>User already registered  registration must be new</arg>
<doc>Fails the test with the given message and optionally alters its tags.</doc>
<status status="NOT RUN" start="2026-02-22T16:15:31.227641" elapsed="0.000055"/>
</kw>
<status status="NOT RUN" start="2026-02-22T16:15:31.226988" elapsed="0.000787"/>
</branch>
<branch type="ELSE">
<kw name="Capture Page Screenshot" owner="SeleniumLibrary">
<msg time="2026-02-22T16:15:31.296333" level="INFO" html="true">&lt;/td&gt;&lt;/tr&gt;&lt;tr&gt;&lt;td colspan="3"&gt;&lt;a href="selenium-screenshot-34.png"&gt;&lt;img src="selenium-screenshot-34.png" width="800px"&gt;&lt;/a&gt;</msg>
<doc>Takes a screenshot of the current page and embeds it into a log file.</doc>
<status status="PASS" start="2026-02-22T16:15:31.228027" elapsed="0.068419"/>
</kw>
<kw name="Fail" owner="BuiltIn">
<msg time="2026-02-22T16:15:31.296987" level="FAIL">Registration result not detected</msg>
<arg>Registration result not detected</arg>
<doc>Fails the test with the given message and optionally alters its tags.</doc>
<status status="FAIL" start="2026-02-22T16:15:31.296622" elapsed="0.000445">Registration result not detected</status>
</kw>
<status status="FAIL" start="2026-02-22T16:15:31.227845" elapsed="0.069308">Registration result not detected</status>
</branch>
<status status="FAIL" start="2026-02-22T16:15:31.225619" elapsed="0.071588">Registration result not detected</status>
</if>
<status status="FAIL" start="2026-02-22T16:15:30.922780" elapsed="0.374525">Registration result not detected</status>
</kw>
<kw name="Check Registration Result">
<kw name="Run Keyword And Return Status" owner="BuiltIn">
<kw name="Page Should Contain" owner="SeleniumLibrary">
<msg time="2026-02-22T16:15:33.453906" level="INFO" html="true">&lt;/td&gt;&lt;/tr&gt;&lt;tr&gt;&lt;td colspan="3"&gt;&lt;a href="selenium-screenshot-35.png"&gt;&lt;img src="selenium-screenshot-35.png" width="800px"&gt;&lt;/a&gt;</msg>
<msg time="2026-02-22T16:15:33.454060" level="FAIL">Page should have contained text 'Logout' but did not.</msg>
<arg>Logout</arg>
<doc>Verifies that current page contains ``text``.</doc>
<status status="FAIL" start="2026-02-22T16:15:33.298828" elapsed="0.155910">Page should have contained text 'Logout' but did not.</status>
</kw>
<msg time="2026-02-22T16:15:33.454898" level="INFO">${logout} = False</msg>
<var>${logout}</var>
<arg>Page Should Contain</arg>
<arg>Logout</arg>
<doc>Runs the specified keyword and returns the status as a Boolean value.</doc>
<status status="PASS" start="2026-02-22T16:15:33.298553" elapsed="0.156378"/>
</kw>
<kw name="Run Keyword And Return Status" owner="BuiltIn">
<kw name="Page Should Contain" owner="SeleniumLibrary">
<msg time="2026-02-22T16:15:33.606573" level="INFO" html="true">&lt;/td&gt;&lt;/tr&gt;&lt;tr&gt;&lt;td colspan="3"&gt;&lt;a href="selenium-screenshot-36.png"&gt;&lt;img src="selenium-screenshot-36.png" width="800px"&gt;&lt;/a&gt;</msg>
<msg time="2026-02-22T16:15:33.606719" level="FAIL">Page should have contained text 'already registered' but did not.</msg>
<arg>already registered</arg>
<doc>Verifies that current page contains ``text``.</doc>
<status status="FAIL" start="2026-02-22T16:15:33.455425" elapsed="0.151970">Page should have contained text 'already registered' but did not.</status>
</kw>
<msg time="2026-02-22T16:15:33.607543" level="INFO">${exists} = False</msg>
<var>${exists}</var>
<arg>Page Should Contain</arg>
<arg>already registered</arg>
<doc>Runs the specified keyword and returns the status as a Boolean value.</doc>
<status status="PASS" start="2026-02-22T16:15:33.455088" elapsed="0.152498"/>
</kw>
<if>
<branch type="IF" condition="${logout}">
<kw name="Log" owner="BuiltIn">
<arg>New user registered</arg>
<doc>Logs the given message with the given level.</doc>
<status status="NOT RUN" start="2026-02-22T16:15:33.608197" elapsed="0.000098"/>
</kw>
<kw name="Logout User" owner="login_keywords">
<status status="NOT RUN" start="2026-02-22T16:15:33.608815" elapsed="0.000063"/>
</kw>
<kw name="Wait Until Element Is Visible" owner="SeleniumLibrary">
<arg>id=username</arg>
<doc>Waits until the element ``locator`` is visible.</doc>
<status status="NOT RUN" start="2026-02-22T16:15:33.609093" elapsed="0.000053"/>
</kw>
<status status="NOT RUN" start="2026-02-22T16:15:33.607791" elapsed="0.001487"/>
</branch>
<branch type="ELSE IF" condition="${exists}">
<kw name="Capture Page Screenshot" owner="SeleniumLibrary">
<doc>Takes a screenshot of the current page and embeds it into a log file.</doc>
<status status="NOT RUN" start="2026-02-22T16:15:33.609912" elapsed="0.000049"/>
</kw>
<kw name="Fail" owner="BuiltIn">
<arg>User already registered  registration must be new</arg>
<doc>Fails the test with the given message and optionally alters its tags.</doc>
<status status="NOT RUN" start="2026-02-22T16:15:33.610099" elapsed="0.000038"/>
</kw>
<status status="NOT RUN" start="2026-02-22T16:15:33.609537" elapsed="0.000661"/>
</branch>
<branch type="ELSE">
<kw name="Capture Page Screenshot" owner="SeleniumLibrary">
<msg time="2026-02-22T16:15:33.669284" level="INFO" html="true">&lt;/td&gt;&lt;/tr&gt;&lt;tr&gt;&lt;td colspan="3"&gt;&lt;a href="selenium-screenshot-37.png"&gt;&lt;img src="selenium-screenshot-37.png" width="800px"&gt;&lt;/a&gt;</msg>
<doc>Takes a screenshot of the current page and embeds it into a log file.</doc>
<status status="PASS" start="2026-02-22T16:15:33.610401" elapsed="0.059028"/>
</kw>
<kw name="Fail" owner="BuiltIn">
<msg time="2026-02-22T16:15:33.670056" level="FAIL">Registration result not detected</msg>
<arg>Registration result not detected</arg>
<doc>Fails the test with the given message and optionally alters its tags.</doc>
<status status="FAIL" start="2026-02-22T16:15:33.669662" elapsed="0.000472">Registration result not detected</status>
</kw>
<status status="FAIL" start="2026-02-22T16:15:33.610253" elapsed="0.060025">Registration result not detected</status>
</branch>
<status status="FAIL" start="2026-02-22T16:15:33.607748" elapsed="0.062585">Registration result not detected</status>
</if>
<status status="FAIL" start="2026-02-22T16:15:33.298243" elapsed="0.372191">Registration result not detected</status>
</kw>
<kw name="Check Registration Result">
<kw name="Run Keyword And Return Status" owner="BuiltIn">
<kw name="Page Should Contain" owner="SeleniumLibrary">
<msg time="2026-02-22T16:15:35.860090" level="INFO" html="true">&lt;/td&gt;&lt;/tr&gt;&lt;tr&gt;&lt;td colspan="3"&gt;&lt;a href="selenium-screenshot-38.png"&gt;&lt;img src="selenium-screenshot-38.png" width="800px"&gt;&lt;/a&gt;</msg>
<msg time="2026-02-22T16:15:35.860242" level="FAIL">Page should have contained text 'Logout' but did not.</msg>
<arg>Logout</arg>
<doc>Verifies that current page contains ``text``.</doc>
<status status="FAIL" start="2026-02-22T16:15:35.676661" elapsed="0.184169">Page should have contained text 'Logout' but did not.</status>
</kw>
<msg time="2026-02-22T16:15:35.860989" level="INFO">${logout} = False</msg>
<var>${logout}</var>
<arg>Page Should Contain</arg>
<arg>Logout</arg>
<doc>Runs the specified keyword and returns the status as a Boolean value.</doc>
<status status="PASS" start="2026-02-22T16:15:35.673305" elapsed="0.187712"/>
</kw>
<kw name="Run Keyword And Return Status" owner="BuiltIn">
<kw name="Page Should Contain" owner="SeleniumLibrary">
<msg time="2026-02-22T16:15:36.025352" level="INFO" html="true">&lt;/td&gt;&lt;/tr&gt;&lt;tr&gt;&lt;td colspan="3"&gt;&lt;a href="selenium-screenshot-39.png"&gt;&lt;img src="selenium-screenshot-39.png" width="800px"&gt;&lt;/a&gt;</msg>
<msg time="2026-02-22T16:15:36.025562" level="FAIL">Page should have contained text 'already registered' but did not.</msg>
<arg>already registered</arg>
<doc>Verifies that current page contains ``text``.</doc>
<status status="FAIL" start="2026-02-22T16:15:35.861444" elapsed="0.165011">Page should have contained text 'already registered' but did not.</status>
</kw>
<msg time="2026-02-22T16:15:36.026639" level="INFO">${exists} = False</msg>
<var>${exists}</var>
<arg>Page Should Contain</arg>
<arg>already registered</arg>
<doc>Runs the specified keyword and returns the status as a Boolean value.</doc>
<status status="PASS" start="2026-02-22T16:15:35.861149" elapsed="0.165537"/>
</kw>
<if>
<branch type="IF" condition="${logout}">
<kw name="Log" owner="BuiltIn">
<arg>New user registered</arg>
<doc>Logs the given message with the given level.</doc>
<status status="NOT RUN" start="2026-02-22T16:15:36.027079" elapsed="0.000046"/>
</kw>
<kw name="Logout User" owner="login_keywords">
<status status="NOT RUN" start="2026-02-22T16:15:36.027337" elapsed="0.000044"/>
</kw>
<kw name="Wait Until Element Is Visible" owner="SeleniumLibrary">
<arg>id=username</arg>
<doc>Waits until the element ``locator`` is visible.</doc>
<status status="NOT RUN" start="2026-02-22T16:15:36.027517" elapsed="0.000040"/>
</kw>
<status status="NOT RUN" start="2026-02-22T16:15:36.026849" elapsed="0.000769"/>
</branch>
<branch type="ELSE IF" condition="${exists}">
<kw name="Capture Page Screenshot" owner="SeleniumLibrary">
<doc>Takes a screenshot of the current page and embeds it into a log file.</doc>
<status status="NOT RUN" start="2026-02-22T16:15:36.027869" elapsed="0.000039"/>
</kw>
<kw name="Fail" owner="BuiltIn">
<arg>User already registered  registration must be new</arg>
<doc>Fails the test with the given message and optionally alters its tags.</doc>
<status status="NOT RUN" start="2026-02-22T16:15:36.028037" elapsed="0.000038"/>
</kw>
<status status="NOT RUN" start="2026-02-22T16:15:36.027677" elapsed="0.000458"/>
</branch>
<branch type="ELSE">
<kw name="Capture Page Screenshot" owner="SeleniumLibrary">
<msg time="2026-02-22T16:15:36.091429" level="INFO" html="true">&lt;/td&gt;&lt;/tr&gt;&lt;tr&gt;&lt;td colspan="3"&gt;&lt;a href="selenium-screenshot-40.png"&gt;&lt;img src="selenium-screenshot-40.png" width="800px"&gt;&lt;/a&gt;</msg>
<doc>Takes a screenshot of the current page and embeds it into a log file.</doc>
<status status="PASS" start="2026-02-22T16:15:36.028319" elapsed="0.063221"/>
</kw>
<kw name="Fail" owner="BuiltIn">
<msg time="2026-02-22T16:15:36.092055" level="FAIL">Registration result not detected</msg>
<arg>Registration result not detected</arg>
<doc>Fails the test with the given message and optionally alters its tags.</doc>
<status status="FAIL" start="2026-02-22T16:15:36.091700" elapsed="0.000431">Registration result not detected</status>
</kw>
<status status="FAIL" start="2026-02-22T16:15:36.028190" elapsed="0.064021">Registration result not detected</status>
</branch>
<status status="FAIL" start="2026-02-22T16:15:36.026814" elapsed="0.065448">Registration result not detected</status>
</if>
<status status="FAIL" start="2026-02-22T16:15:35.672189" elapsed="0.420167">Registration result not detected</status>
</kw>
<kw name="Check Registration Result">
<kw name="Run Keyword And Return Status" owner="BuiltIn">
<kw name="Page Should Contain" owner="SeleniumLibrary">
<msg time="2026-02-22T16:15:38.259227" level="INFO" html="true">&lt;/td&gt;&lt;/tr&gt;&lt;tr&gt;&lt;td colspan="3"&gt;&lt;a href="selenium-screenshot-41.png"&gt;&lt;img src="selenium-screenshot-41.png" width="800px"&gt;&lt;/a&gt;</msg>
<msg time="2026-02-22T16:15:38.259383" level="FAIL">Page should have contained text 'Logout' but did not.</msg>
<arg>Logout</arg>
<doc>Verifies that current page contains ``text``.</doc>
<status status="FAIL" start="2026-02-22T16:15:38.094760" elapsed="0.165283">Page should have contained text 'Logout' but did not.</status>
</kw>
<msg time="2026-02-22T16:15:38.260186" level="INFO">${logout} = False</msg>
<var>${logout}</var>
<arg>Page Should Contain</arg>
<arg>Logout</arg>
<doc>Runs the specified keyword and returns the status as a Boolean value.</doc>
<status status="PASS" start="2026-02-22T16:15:38.094060" elapsed="0.166159"/>
</kw>
<kw name="Run Keyword And Return Status" owner="BuiltIn">
<kw name="Page Should Contain" owner="SeleniumLibrary">
<msg time="2026-02-22T16:15:38.409075" level="INFO" html="true">&lt;/td&gt;&lt;/tr&gt;&lt;tr&gt;&lt;td colspan="3"&gt;&lt;a href="selenium-screenshot-42.png"&gt;&lt;img src="selenium-screenshot-42.png" width="800px"&gt;&lt;/a&gt;</msg>
<msg time="2026-02-22T16:15:38.409213" level="FAIL">Page should have contained text 'already registered' but did not.</msg>
<arg>already registered</arg>
<doc>Verifies that current page contains ``text``.</doc>
<status status="FAIL" start="2026-02-22T16:15:38.260718" elapsed="0.149053">Page should have contained text 'already registered' but did not.</status>
</kw>
<msg time="2026-02-22T16:15:38.409896" level="INFO">${exists} = False</msg>
<var>${exists}</var>
<arg>Page Should Contain</arg>
<arg>already registered</arg>
<doc>Runs the specified keyword and returns the status as a Boolean value.</doc>
<status status="PASS" start="2026-02-22T16:15:38.260381" elapsed="0.149542"/>
</kw>
<if>
<branch type="IF" condition="${logout}">
<kw name="Log" owner="BuiltIn">
<arg>New user registered</arg>
<doc>Logs the given message with the given level.</doc>
<status status="NOT RUN" start="2026-02-22T16:15:38.410165" elapsed="0.000036"/>
</kw>
<kw name="Logout User" owner="login_keywords">
<status status="NOT RUN" start="2026-02-22T16:15:38.410354" elapsed="0.000030"/>
</kw>
<kw name="Wait Until Element Is Visible" owner="SeleniumLibrary">
<arg>id=username</arg>
<doc>Waits until the element ``locator`` is visible.</doc>
<status status="NOT RUN" start="2026-02-22T16:15:38.410470" elapsed="0.000026"/>
</kw>
<status status="NOT RUN" start="2026-02-22T16:15:38.410020" elapsed="0.000512"/>
</branch>
<branch type="ELSE IF" condition="${exists}">
<kw name="Capture Page Screenshot" owner="SeleniumLibrary">
<doc>Takes a screenshot of the current page and embeds it into a log file.</doc>
<status status="NOT RUN" start="2026-02-22T16:15:38.410689" elapsed="0.000026"/>
</kw>
<kw name="Fail" owner="BuiltIn">
<arg>User already registered  registration must be new</arg>
<doc>Fails the test with the given message and optionally alters its tags.</doc>
<status status="NOT RUN" start="2026-02-22T16:15:38.410876" elapsed="0.000030"/>
</kw>
<status status="NOT RUN" start="2026-02-22T16:15:38.410569" elapsed="0.000378"/>
</branch>
<branch type="ELSE">
<kw name="Capture Page Screenshot" owner="SeleniumLibrary">
<msg time="2026-02-22T16:15:38.465039" level="INFO" html="true">&lt;/td&gt;&lt;/tr&gt;&lt;tr&gt;&lt;td colspan="3"&gt;&lt;a href="selenium-screenshot-43.png"&gt;&lt;img src="selenium-screenshot-43.png" width="800px"&gt;&lt;/a&gt;</msg>
<doc>Takes a screenshot of the current page and embeds it into a log file.</doc>
<status status="PASS" start="2026-02-22T16:15:38.411074" elapsed="0.054104"/>
</kw>
<kw name="Fail" owner="BuiltIn">
<msg time="2026-02-22T16:15:38.465772" level="FAIL">Registration result not detected</msg>
<arg>Registration result not detected</arg>
<doc>Fails the test with the given message and optionally alters its tags.</doc>
<status status="FAIL" start="2026-02-22T16:15:38.465397" elapsed="0.000458">Registration result not detected</status>
</kw>
<status status="FAIL" start="2026-02-22T16:15:38.410983" elapsed="0.054952">Registration result not detected</status>
</branch>
<status status="FAIL" start="2026-02-22T16:15:38.409995" elapsed="0.055988">Registration result not detected</status>
</if>
<status status="FAIL" start="2026-02-22T16:15:38.093392" elapsed="0.372685">Registration result not detected</status>
</kw>
<kw name="Check Registration Result">
<kw name="Run Keyword And Return Status" owner="BuiltIn">
<kw name="Page Should Contain" owner="SeleniumLibrary">
<msg time="2026-02-22T16:15:40.667146" level="INFO" html="true">&lt;/td&gt;&lt;/tr&gt;&lt;tr&gt;&lt;td colspan="3"&gt;&lt;a href="selenium-screenshot-44.png"&gt;&lt;img src="selenium-screenshot-44.png" width="800px"&gt;&lt;/a&gt;</msg>
<msg time="2026-02-22T16:15:40.667333" level="FAIL">Page should have contained text 'Logout' but did not.</msg>
<arg>Logout</arg>
<doc>Verifies that current page contains ``text``.</doc>
<status status="FAIL" start="2026-02-22T16:15:40.471836" elapsed="0.196153">Page should have contained text 'Logout' but did not.</status>
</kw>
<msg time="2026-02-22T16:15:40.668229" level="INFO">${logout} = False</msg>
<var>${logout}</var>
<arg>Page Should Contain</arg>
<arg>Logout</arg>
<doc>Runs the specified keyword and returns the status as a Boolean value.</doc>
<status status="PASS" start="2026-02-22T16:15:40.469316" elapsed="0.198959"/>
</kw>
<kw name="Run Keyword And Return Status" owner="BuiltIn">
<kw name="Page Should Contain" owner="SeleniumLibrary">
<msg time="2026-02-22T16:15:40.829708" level="INFO" html="true">&lt;/td&gt;&lt;/tr&gt;&lt;tr&gt;&lt;td colspan="3"&gt;&lt;a href="selenium-screenshot-45.png"&gt;&lt;img src="selenium-screenshot-45.png" width="800px"&gt;&lt;/a&gt;</msg>
<msg time="2026-02-22T16:15:40.829923" level="FAIL">Page should have contained text 'already registered' but did not.</msg>
<arg>already registered</arg>
<doc>Verifies that current page contains ``text``.</doc>
<status status="FAIL" start="2026-02-22T16:15:40.669182" elapsed="0.161502">Page should have contained text 'already registered' but did not.</status>
</kw>
<msg time="2026-02-22T16:15:40.830824" level="INFO">${exists} = False</msg>
<var>${exists}</var>
<arg>Page Should Contain</arg>
<arg>already registered</arg>
<doc>Runs the specified keyword and returns the status as a Boolean value.</doc>
<status status="PASS" start="2026-02-22T16:15:40.668555" elapsed="0.162300"/>
</kw>
<if>
<branch type="IF" condition="${logout}">
<kw name="Log" owner="BuiltIn">
<arg>New user registered</arg>
<doc>Logs the given message with the given level.</doc>
<status status="NOT RUN" start="2026-02-22T16:15:40.831188" elapsed="0.000035"/>
</kw>
<kw name="Logout User" owner="login_keywords">
<status status="NOT RUN" start="2026-02-22T16:15:40.831377" elapsed="0.000033"/>
</kw>
<kw name="Wait Until Element Is Visible" owner="SeleniumLibrary">
<arg>id=username</arg>
<doc>Waits until the element ``locator`` is visible.</doc>
<status status="NOT RUN" start="2026-02-22T16:15:40.831512" elapsed="0.000029"/>
</kw>
<status status="NOT RUN" start="2026-02-22T16:15:40.830974" elapsed="0.000609"/>
</branch>
<branch type="ELSE IF" condition="${exists}">
<kw name="Capture Page Screenshot" owner="SeleniumLibrary">
<doc>Takes a screenshot of the current page and embeds it into a log file.</doc>
<status status="NOT RUN" start="2026-02-22T16:15:40.831762" elapsed="0.000029"/>
</kw>
<kw name="Fail" owner="BuiltIn">
<arg>User already registered  registration must be new</arg>
<doc>Fails the test with the given message and optionally alters its tags.</doc>
<status status="NOT RUN" start="2026-02-22T16:15:40.831896" elapsed="0.000029"/>
</kw>
<status status="NOT RUN" start="2026-02-22T16:15:40.831625" elapsed="0.000343"/>
</branch>
<branch type="ELSE">
<kw name="Capture Page Screenshot" owner="SeleniumLibrary">
<msg time="2026-02-22T16:15:40.900524" level="INFO" html="true">&lt;/td&gt;&lt;/tr&gt;&lt;tr&gt;&lt;td colspan="3"&gt;&lt;a href="selenium-screenshot-46.png"&gt;&lt;img src="selenium-screenshot-46.png" width="800px"&gt;&lt;/a&gt;</msg>
<doc>Takes a screenshot of the current page and embeds it into a log file.</doc>
<status status="PASS" start="2026-02-22T16:15:40.832104" elapsed="0.068551"/>
</kw>
<kw name="Fail" owner="BuiltIn">
<msg time="2026-02-22T16:15:40.901286" level="FAIL">Registration result not detected</msg>
<arg>Registration result not detected</arg>
<doc>Fails the test with the given message and optionally alters its tags.</doc>
<status status="FAIL" start="2026-02-22T16:15:40.900860" elapsed="0.000562">Registration result not detected</status>
</kw>
<status status="FAIL" start="2026-02-22T16:15:40.832006" elapsed="0.069533">Registration result not detected</status>
</branch>
<status status="FAIL" start="2026-02-22T16:15:40.830935" elapsed="0.070677">Registration result not detected</status>
</if>
<status status="FAIL" start="2026-02-22T16:15:40.467605" elapsed="0.434155">Registration result not detected</status>
</kw>
<msg time="2026-02-22T16:15:40.901939" level="FAIL">Keyword 'Check Registration Result' failed after retrying for 15 seconds. The last error was: Registration result not detected</msg>
<arg>15s</arg>
<arg>2s</arg>
<arg>Check Registration Result</arg>
<doc>Runs the specified keyword and retries if it fails.</doc>
<status status="FAIL" start="2026-02-22T16:15:25.795485" elapsed="15.106643">Keyword 'Check Registration Result' failed after retrying for 15 seconds. The last error was: Registration result not detected</status>
</kw>
<arg>${EMAIL}</arg>
<arg>${PASSWORD}</arg>
<status status="FAIL" start="2026-02-22T16:15:23.140866" elapsed="17.761459">Keyword 'Check Registration Result' failed after retrying for 15 seconds. The last error was: Registration result not detected</status>
</kw>
<kw name="Login Validation">
<arg>${EMAIL}</arg>
<arg>${PASSWORD}</arg>
<status status="NOT RUN" start="2026-02-22T16:15:40.902999" elapsed="0.000106"/>
</kw>
<kw name="Search Validation">
<status status="NOT RUN" start="2026-02-22T16:15:40.903386" elapsed="0.000058"/>
</kw>
<kw name="Sorting Validation">
<status status="NOT RUN" start="2026-02-22T16:15:40.903578" elapsed="0.000027"/>
</kw>
<kw name="Cart Validation">
<status status="NOT RUN" start="2026-02-22T16:15:40.903831" elapsed="0.000092"/>
</kw>
<kw name="Billing Validation">
<arg>${EMAIL}</arg>
<arg>${FIRSTNAME}</arg>
<arg>${LASTNAME}</arg>
<arg>${PHONE}</arg>
<arg>${CITY}</arg>
<arg>${POSTCODE}</arg>
<status status="NOT RUN" start="2026-02-22T16:15:40.904184" elapsed="0.000059"/>
</kw>
<kw name="Logout Validation">
<status status="NOT RUN" start="2026-02-22T16:15:40.904449" elapsed="0.000026"/>
</kw>
<arg>EMAIL=testuser004@test.com</arg>
<arg>PASSWORD=Neeraja@123</arg>
<arg>FIRSTNAME=Omkar</arg>
<arg>LASTNAME=Reddy</arg>
<arg>PHONE=9876543210</arg>
<arg>CITY=Hyderabad</arg>
<arg>POSTCODE=500001</arg>
<status status="FAIL" start="2026-02-22T16:15:23.133215" elapsed="17.771361">Keyword 'Check Registration Result' failed after retrying for 15 seconds. The last error was: Registration result not detected</status>
</kw>
<kw name="End User Session" type="TEARDOWN">
<kw name="Capture Page Screenshot" owner="SeleniumLibrary">
<msg time="2026-02-22T16:15:40.968782" level="INFO" html="true">&lt;/td&gt;&lt;/tr&gt;&lt;tr&gt;&lt;td colspan="3"&gt;&lt;a href="selenium-screenshot-47.png"&gt;&lt;img src="selenium-screenshot-47.png" width="800px"&gt;&lt;/a&gt;</msg>
<doc>Takes a screenshot of the current page and embeds it into a log file.</doc>
<status status="PASS" start="2026-02-22T16:15:40.905596" elapsed="0.063385"/>
</kw>
<kw name="Close Application" owner="common">
<kw name="Close All Browsers" owner="SeleniumLibrary">
<doc>Closes all open browsers and resets the browser cache.</doc>
<status status="PASS" start="2026-02-22T16:15:40.970318" elapsed="4.028612"/>
</kw>
<status status="PASS" start="2026-02-22T16:15:40.969388" elapsed="4.029670"/>
</kw>
<status status="PASS" start="2026-02-22T16:15:40.905328" elapsed="4.093794"/>
</kw>
<status status="FAIL" start="2026-02-22T16:14:56.863986" elapsed="48.135371">Keyword 'Check Registration Result' failed after retrying for 15 seconds. The last error was: Registration result not detected</status>
</test>
<test id="s1-s8-t2" name="User2" line="21">
<kw name="Start User Session" type="SETUP">
<kw name="Open Application" owner="common">
<kw name="Open Browser" owner="SeleniumLibrary">
<msg time="2026-02-22T16:15:45.002284" level="INFO">Opening browser 'firefox' to base url 'https://practice.automationtesting.in/'.</msg>
<arg>${URL}</arg>
<arg>${browser}</arg>
<doc>Opens a new browser instance to the optional ``url``.</doc>
<status status="PASS" start="2026-02-22T16:15:45.001998" elapsed="20.901459"/>
</kw>
<kw name="Maximize Browser Window" owner="SeleniumLibrary">
<doc>Maximizes current browser window.</doc>
<status status="PASS" start="2026-02-22T16:16:05.903689" elapsed="0.312124"/>
</kw>
<kw name="Set Selenium Timeout" owner="SeleniumLibrary">
<arg>${TIMEOUT}</arg>
<doc>Sets the timeout that is used by various keywords.</doc>
<status status="PASS" start="2026-02-22T16:16:06.216172" elapsed="0.006889"/>
</kw>
<arg>${BROWSER}</arg>
<status status="PASS" start="2026-02-22T16:15:45.001665" elapsed="21.221606"/>
</kw>
<status status="PASS" start="2026-02-22T16:15:45.001399" elapsed="21.222016"/>
</kw>
<kw name="Ecommerce Flow">
<kw name="Registration Validation">
<kw name="Go To" owner="SeleniumLibrary">
<msg time="2026-02-22T16:16:06.226462" level="INFO">Opening url 'https://practice.automationtesting.in/my-account/'</msg>
<arg>${BASE_URL}/my-account/</arg>
<doc>Navigates the current browser window to the provided ``url``.</doc>
<status status="PASS" start="2026-02-22T16:16:06.226160" elapsed="5.277383"/>
</kw>
<kw name="Wait Until Element Is Visible" owner="SeleniumLibrary">
<arg>id=reg_email</arg>
<doc>Waits until the element ``locator`` is visible.</doc>
<status status="PASS" start="2026-02-22T16:16:11.503769" elapsed="0.031375"/>
</kw>
<kw name="Input Text" owner="SeleniumLibrary">
<msg time="2026-02-22T16:16:11.535554" level="INFO">Typing text 'testuser1@test.com' into text field 'id=reg_email'.</msg>
<arg>id=reg_email</arg>
<arg>${EMAIL}</arg>
<doc>Types the given ``text`` into the text field identified by ``locator``.</doc>
<status status="PASS" start="2026-02-22T16:16:11.535322" elapsed="0.053631"/>
</kw>
<kw name="Textfield Value Should Be" owner="SeleniumLibrary">
<msg time="2026-02-22T16:16:11.606258" level="INFO">Content of text field 'id=reg_email' is 'testuser1@test.com'.</msg>
<arg>id=reg_email</arg>
<arg>${EMAIL}</arg>
<doc>Verifies text field ``locator`` has exactly text ``expected``.</doc>
<status status="PASS" start="2026-02-22T16:16:11.589130" elapsed="0.017217"/>
</kw>
<kw name="Input Text" owner="SeleniumLibrary">
<msg time="2026-02-22T16:16:11.606745" level="INFO">Typing text 'Omkar@2003' into text field 'id=reg_password'.</msg>
<arg>id=reg_password</arg>
<arg>${PASSWORD}</arg>
<doc>Types the given ``text`` into the text field identified by ``locator``.</doc>
<status status="PASS" start="2026-02-22T16:16:11.606505" elapsed="0.039758"/>
</kw>
<kw name="Element Should Be Visible" owner="SeleniumLibrary">
<msg time="2026-02-22T16:16:11.656851" level="INFO">Element 'id=reg_password' is displayed.</msg>
<arg>id=reg_password</arg>
<doc>Verifies that the element identified by ``locator`` is visible.</doc>
<status status="PASS" start="2026-02-22T16:16:11.646441" elapsed="0.010533"/>
</kw>
<kw name="Click Button" owner="SeleniumLibrary">
<msg time="2026-02-22T16:16:11.657417" level="INFO">Clicking button 'name=register'.</msg>
<arg>name=register</arg>
<doc>Clicks the button identified by ``locator``.</doc>
<status status="PASS" start="2026-02-22T16:16:11.657221" elapsed="0.602991"/>
</kw>
<kw name="Wait Until Keyword Succeeds" owner="BuiltIn">
<kw name="Check Registration Result">
<kw name="Run Keyword And Return Status" owner="BuiltIn">
<kw name="Page Should Contain" owner="SeleniumLibrary">
<msg time="2026-02-22T16:16:12.452638" level="INFO" html="true">&lt;/td&gt;&lt;/tr&gt;&lt;tr&gt;&lt;td colspan="3"&gt;&lt;a href="selenium-screenshot-48.png"&gt;&lt;img src="selenium-screenshot-48.png" width="800px"&gt;&lt;/a&gt;</msg>
<msg time="2026-02-22T16:16:12.452769" level="FAIL">Page should have contained text 'Logout' but did not.</msg>
<arg>Logout</arg>
<doc>Verifies that current page contains ``text``.</doc>
<status status="FAIL" start="2026-02-22T16:16:12.263359" elapsed="0.190143">Page should have contained text 'Logout' but did not.</status>
</kw>
<msg time="2026-02-22T16:16:12.453701" level="INFO">${logout} = False</msg>
<var>${logout}</var>
<arg>Page Should Contain</arg>
<arg>Logout</arg>
<doc>Runs the specified keyword and returns the status as a Boolean value.</doc>
<status status="PASS" start="2026-02-22T16:16:12.262639" elapsed="0.191101"/>
</kw>
<kw name="Run Keyword And Return Status" owner="BuiltIn">
<kw name="Page Should Contain" owner="SeleniumLibrary">
<msg time="2026-02-22T16:16:12.604676" level="INFO" html="true">&lt;/td&gt;&lt;/tr&gt;&lt;tr&gt;&lt;td colspan="3"&gt;&lt;a href="selenium-screenshot-49.png"&gt;&lt;img src="selenium-screenshot-49.png" width="800px"&gt;&lt;/a&gt;</msg>
<msg time="2026-02-22T16:16:12.604819" level="FAIL">Page should have contained text 'already registered' but did not.</msg>
<arg>already registered</arg>
<doc>Verifies that current page contains ``text``.</doc>
<status status="FAIL" start="2026-02-22T16:16:12.454318" elapsed="0.151165">Page should have contained text 'already registered' but did not.</status>
</kw>
<msg time="2026-02-22T16:16:12.605622" level="INFO">${exists} = False</msg>
<var>${exists}</var>
<arg>Page Should Contain</arg>
<arg>already registered</arg>
<doc>Runs the specified keyword and returns the status as a Boolean value.</doc>
<status status="PASS" start="2026-02-22T16:16:12.453915" elapsed="0.151739"/>
</kw>
<if>
<branch type="IF" condition="${logout}">
<kw name="Log" owner="BuiltIn">
<arg>New user registered</arg>
<doc>Logs the given message with the given level.</doc>
<status status="NOT RUN" start="2026-02-22T16:16:12.605936" elapsed="0.000035"/>
</kw>
<kw name="Logout User" owner="login_keywords">
<status status="NOT RUN" start="2026-02-22T16:16:12.606124" elapsed="0.000034"/>
</kw>
<kw name="Wait Until Element Is Visible" owner="SeleniumLibrary">
<arg>id=username</arg>
<doc>Waits until the element ``locator`` is visible.</doc>
<status status="NOT RUN" start="2026-02-22T16:16:12.606286" elapsed="0.000030"/>
</kw>
<status status="NOT RUN" start="2026-02-22T16:16:12.605766" elapsed="0.000593"/>
</branch>
<branch type="ELSE IF" condition="${exists}">
<kw name="Capture Page Screenshot" owner="SeleniumLibrary">
<doc>Takes a screenshot of the current page and embeds it into a log file.</doc>
<status status="NOT RUN" start="2026-02-22T16:16:12.606536" elapsed="0.000028"/>
</kw>
<kw name="Fail" owner="BuiltIn">
<arg>User already registered  registration must be new</arg>
<doc>Fails the test with the given message and optionally alters its tags.</doc>
<status status="NOT RUN" start="2026-02-22T16:16:12.606707" elapsed="0.000031"/>
</kw>
<status status="NOT RUN" start="2026-02-22T16:16:12.606402" elapsed="0.000379"/>
</branch>
<branch type="ELSE">
<kw name="Capture Page Screenshot" owner="SeleniumLibrary">
<msg time="2026-02-22T16:16:12.663855" level="INFO" html="true">&lt;/td&gt;&lt;/tr&gt;&lt;tr&gt;&lt;td colspan="3"&gt;&lt;a href="selenium-screenshot-50.png"&gt;&lt;img src="selenium-screenshot-50.png" width="800px"&gt;&lt;/a&gt;</msg>
<doc>Takes a screenshot of the current page and embeds it into a log file.</doc>
<status status="PASS" start="2026-02-22T16:16:12.606918" elapsed="0.057035"/>
</kw>
<kw name="Fail" owner="BuiltIn">
<msg time="2026-02-22T16:16:12.664417" level="FAIL">Registration result not detected</msg>
<arg>Registration result not detected</arg>
<doc>Fails the test with the given message and optionally alters its tags.</doc>
<status status="FAIL" start="2026-02-22T16:16:12.664103" elapsed="0.000381">Registration result not detected</status>
</kw>
<status status="FAIL" start="2026-02-22T16:16:12.606819" elapsed="0.057738">Registration result not detected</status>
</branch>
<status status="FAIL" start="2026-02-22T16:16:12.605737" elapsed="0.058864">Registration result not detected</status>
</if>
<status status="FAIL" start="2026-02-22T16:16:12.262044" elapsed="0.402643">Registration result not detected</status>
</kw>
<kw name="Check Registration Result">
<kw name="Run Keyword And Return Status" owner="BuiltIn">
<kw name="Page Should Contain" owner="SeleniumLibrary">
<msg time="2026-02-22T16:16:14.826116" level="INFO" html="true">&lt;/td&gt;&lt;/tr&gt;&lt;tr&gt;&lt;td colspan="3"&gt;&lt;a href="selenium-screenshot-51.png"&gt;&lt;img src="selenium-screenshot-51.png" width="800px"&gt;&lt;/a&gt;</msg>
<msg time="2026-02-22T16:16:14.826239" level="FAIL">Page should have contained text 'Logout' but did not.</msg>
<arg>Logout</arg>
<doc>Verifies that current page contains ``text``.</doc>
<status status="FAIL" start="2026-02-22T16:16:14.666696" elapsed="0.160116">Page should have contained text 'Logout' but did not.</status>
</kw>
<msg time="2026-02-22T16:16:14.826936" level="INFO">${logout} = False</msg>
<var>${logout}</var>
<arg>Page Should Contain</arg>
<arg>Logout</arg>
<doc>Runs the specified keyword and returns the status as a Boolean value.</doc>
<status status="PASS" start="2026-02-22T16:16:14.666173" elapsed="0.160791"/>
</kw>
<kw name="Run Keyword And Return Status" owner="BuiltIn">
<kw name="Page Should Contain" owner="SeleniumLibrary">
<msg time="2026-02-22T16:16:14.962823" level="INFO" html="true">&lt;/td&gt;&lt;/tr&gt;&lt;tr&gt;&lt;td colspan="3"&gt;&lt;a href="selenium-screenshot-52.png"&gt;&lt;img src="selenium-screenshot-52.png" width="800px"&gt;&lt;/a&gt;</msg>
<msg time="2026-02-22T16:16:14.962960" level="FAIL">Page should have contained text 'already registered' but did not.</msg>
<arg>already registered</arg>
<doc>Verifies that current page contains ``text``.</doc>
<status status="FAIL" start="2026-02-22T16:16:14.827379" elapsed="0.136199">Page should have contained text 'already registered' but did not.</status>
</kw>
<msg time="2026-02-22T16:16:14.963714" level="INFO">${exists} = False</msg>
<var>${exists}</var>
<arg>Page Should Contain</arg>
<arg>already registered</arg>
<doc>Runs the specified keyword and returns the status as a Boolean value.</doc>
<status status="PASS" start="2026-02-22T16:16:14.827094" elapsed="0.136650"/>
</kw>
<if>
<branch type="IF" condition="${logout}">
<kw name="Log" owner="BuiltIn">
<arg>New user registered</arg>
<doc>Logs the given message with the given level.</doc>
<status status="NOT RUN" start="2026-02-22T16:16:14.964003" elapsed="0.000032"/>
</kw>
<kw name="Logout User" owner="login_keywords">
<status status="NOT RUN" start="2026-02-22T16:16:14.964182" elapsed="0.000034"/>
</kw>
<kw name="Wait Until Element Is Visible" owner="SeleniumLibrary">
<arg>id=username</arg>
<doc>Waits until the element ``locator`` is visible.</doc>
<status status="NOT RUN" start="2026-02-22T16:16:14.964314" elapsed="0.000028"/>
</kw>
<status status="NOT RUN" start="2026-02-22T16:16:14.963846" elapsed="0.000537"/>
</branch>
<branch type="ELSE IF" condition="${exists}">
<kw name="Capture Page Screenshot" owner="SeleniumLibrary">
<doc>Takes a screenshot of the current page and embeds it into a log file.</doc>
<status status="NOT RUN" start="2026-02-22T16:16:14.964566" elapsed="0.000028"/>
</kw>
<kw name="Fail" owner="BuiltIn">
<arg>User already registered  registration must be new</arg>
<doc>Fails the test with the given message and optionally alters its tags.</doc>
<status status="NOT RUN" start="2026-02-22T16:16:14.964681" elapsed="0.000028"/>
</kw>
<status status="NOT RUN" start="2026-02-22T16:16:14.964422" elapsed="0.000329"/>
</branch>
<branch type="ELSE">
<kw name="Capture Page Screenshot" owner="SeleniumLibrary">
<msg time="2026-02-22T16:16:15.019724" level="INFO" html="true">&lt;/td&gt;&lt;/tr&gt;&lt;tr&gt;&lt;td colspan="3"&gt;&lt;a href="selenium-screenshot-53.png"&gt;&lt;img src="selenium-screenshot-53.png" width="800px"&gt;&lt;/a&gt;</msg>
<doc>Takes a screenshot of the current page and embeds it into a log file.</doc>
<status status="PASS" start="2026-02-22T16:16:14.964879" elapsed="0.054944"/>
</kw>
<kw name="Fail" owner="BuiltIn">
<msg time="2026-02-22T16:16:15.020304" level="FAIL">Registration result not detected</msg>
<arg>Registration result not detected</arg>
<doc>Fails the test with the given message and optionally alters its tags.</doc>
<status status="FAIL" start="2026-02-22T16:16:15.019980" elapsed="0.000395">Registration result not detected</status>
</kw>
<status status="FAIL" start="2026-02-22T16:16:14.964787" elapsed="0.055661">Registration result not detected</status>
</branch>
<status status="FAIL" start="2026-02-22T16:16:14.963820" elapsed="0.056672">Registration result not detected</status>
</if>
<status status="FAIL" start="2026-02-22T16:16:14.665691" elapsed="0.354887">Registration result not detected</status>
</kw>
<kw name="Check Registration Result">
<kw name="Run Keyword And Return Status" owner="BuiltIn">
<kw name="Page Should Contain" owner="SeleniumLibrary">
<msg time="2026-02-22T16:16:17.159331" level="INFO" html="true">&lt;/td&gt;&lt;/tr&gt;&lt;tr&gt;&lt;td colspan="3"&gt;&lt;a href="selenium-screenshot-54.png"&gt;&lt;img src="selenium-screenshot-54.png" width="800px"&gt;&lt;/a&gt;</msg>
<msg time="2026-02-22T16:16:17.159469" level="FAIL">Page should have contained text 'Logout' but did not.</msg>
<arg>Logout</arg>
<doc>Verifies that current page contains ``text``.</doc>
<status status="FAIL" start="2026-02-22T16:16:17.022671" elapsed="0.137377">Page should have contained text 'Logout' but did not.</status>
</kw>
<msg time="2026-02-22T16:16:17.160173" level="INFO">${logout} = False</msg>
<var>${logout}</var>
<arg>Page Should Contain</arg>
<arg>Logout</arg>
<doc>Runs the specified keyword and returns the status as a Boolean value.</doc>
<status status="PASS" start="2026-02-22T16:16:17.021925" elapsed="0.138274"/>
</kw>
<kw name="Run Keyword And Return Status" owner="BuiltIn">
<kw name="Page Should Contain" owner="SeleniumLibrary">
<msg time="2026-02-22T16:16:17.314374" level="INFO" html="true">&lt;/td&gt;&lt;/tr&gt;&lt;tr&gt;&lt;td colspan="3"&gt;&lt;a href="selenium-screenshot-55.png"&gt;&lt;img src="selenium-screenshot-55.png" width="800px"&gt;&lt;/a&gt;</msg>
<msg time="2026-02-22T16:16:17.314511" level="FAIL">Page should have contained text 'already registered' but did not.</msg>
<arg>already registered</arg>
<doc>Verifies that current page contains ``text``.</doc>
<status status="FAIL" start="2026-02-22T16:16:17.160645" elapsed="0.154496">Page should have contained text 'already registered' but did not.</status>
</kw>
<msg time="2026-02-22T16:16:17.315286" level="INFO">${exists} = False</msg>
<var>${exists}</var>
<arg>Page Should Contain</arg>
<arg>already registered</arg>
<doc>Runs the specified keyword and returns the status as a Boolean value.</doc>
<status status="PASS" start="2026-02-22T16:16:17.160333" elapsed="0.155020"/>
</kw>
<if>
<branch type="IF" condition="${logout}">
<kw name="Log" owner="BuiltIn">
<arg>New user registered</arg>
<doc>Logs the given message with the given level.</doc>
<status status="NOT RUN" start="2026-02-22T16:16:17.315603" elapsed="0.000030"/>
</kw>
<kw name="Logout User" owner="login_keywords">
<status status="NOT RUN" start="2026-02-22T16:16:17.315770" elapsed="0.000029"/>
</kw>
<kw name="Wait Until Element Is Visible" owner="SeleniumLibrary">
<arg>id=username</arg>
<doc>Waits until the element ``locator`` is visible.</doc>
<status status="NOT RUN" start="2026-02-22T16:16:17.315897" elapsed="0.000026"/>
</kw>
<status status="NOT RUN" start="2026-02-22T16:16:17.315454" elapsed="0.000505"/>
</branch>
<branch type="ELSE IF" condition="${exists}">
<kw name="Capture Page Screenshot" owner="SeleniumLibrary">
<doc>Takes a screenshot of the current page and embeds it into a log file.</doc>
<status status="NOT RUN" start="2026-02-22T16:16:17.316116" elapsed="0.000024"/>
</kw>
<kw name="Fail" owner="BuiltIn">
<arg>User already registered  registration must be new</arg>
<doc>Fails the test with the given message and optionally alters its tags.</doc>
<status status="NOT RUN" start="2026-02-22T16:16:17.316218" elapsed="0.000025"/>
</kw>
<status status="NOT RUN" start="2026-02-22T16:16:17.315995" elapsed="0.000285"/>
</branch>
<branch type="ELSE">
<kw name="Capture Page Screenshot" owner="SeleniumLibrary">
<msg time="2026-02-22T16:16:17.366791" level="INFO" html="true">&lt;/td&gt;&lt;/tr&gt;&lt;tr&gt;&lt;td colspan="3"&gt;&lt;a href="selenium-screenshot-56.png"&gt;&lt;img src="selenium-screenshot-56.png" width="800px"&gt;&lt;/a&gt;</msg>
<doc>Takes a screenshot of the current page and embeds it into a log file.</doc>
<status status="PASS" start="2026-02-22T16:16:17.316396" elapsed="0.050495"/>
</kw>
<kw name="Fail" owner="BuiltIn">
<msg time="2026-02-22T16:16:17.367360" level="FAIL">Registration result not detected</msg>
<arg>Registration result not detected</arg>
<doc>Fails the test with the given message and optionally alters its tags.</doc>
<status status="FAIL" start="2026-02-22T16:16:17.367045" elapsed="0.000385">Registration result not detected</status>
</kw>
<status status="FAIL" start="2026-02-22T16:16:17.316312" elapsed="0.051194">Registration result not detected</status>
</branch>
<status status="FAIL" start="2026-02-22T16:16:17.315429" elapsed="0.052122">Registration result not detected</status>
</if>
<status status="FAIL" start="2026-02-22T16:16:17.021332" elapsed="0.346309">Registration result not detected</status>
</kw>
<kw name="Check Registration Result">
<kw name="Run Keyword And Return Status" owner="BuiltIn">
<kw name="Page Should Contain" owner="SeleniumLibrary">
<msg time="2026-02-22T16:16:19.543237" level="INFO" html="true">&lt;/td&gt;&lt;/tr&gt;&lt;tr&gt;&lt;td colspan="3"&gt;&lt;a href="selenium-screenshot-57.png"&gt;&lt;img src="selenium-screenshot-57.png" width="800px"&gt;&lt;/a&gt;</msg>
<msg time="2026-02-22T16:16:19.543408" level="FAIL">Page should have contained text 'Logout' but did not.</msg>
<arg>Logout</arg>
<doc>Verifies that current page contains ``text``.</doc>
<status status="FAIL" start="2026-02-22T16:16:19.370988" elapsed="0.173109">Page should have contained text 'Logout' but did not.</status>
</kw>
<msg time="2026-02-22T16:16:19.544253" level="INFO">${logout} = False</msg>
<var>${logout}</var>
<arg>Page Should Contain</arg>
<arg>Logout</arg>
<doc>Runs the specified keyword and returns the status as a Boolean value.</doc>
<status status="PASS" start="2026-02-22T16:16:19.369737" elapsed="0.174550"/>
</kw>
<kw name="Run Keyword And Return Status" owner="BuiltIn">
<kw name="Page Should Contain" owner="SeleniumLibrary">
<msg time="2026-02-22T16:16:19.720162" level="INFO" html="true">&lt;/td&gt;&lt;/tr&gt;&lt;tr&gt;&lt;td colspan="3"&gt;&lt;a href="selenium-screenshot-58.png"&gt;&lt;img src="selenium-screenshot-58.png" width="800px"&gt;&lt;/a&gt;</msg>
<msg time="2026-02-22T16:16:19.720355" level="FAIL">Page should have contained text 'already registered' but did not.</msg>
<arg>already registered</arg>
<doc>Verifies that current page contains ``text``.</doc>
<status status="FAIL" start="2026-02-22T16:16:19.544827" elapsed="0.176275">Page should have contained text 'already registered' but did not.</status>
</kw>
<msg time="2026-02-22T16:16:19.721277" level="INFO">${exists} = False</msg>
<var>${exists}</var>
<arg>Page Should Contain</arg>
<arg>already registered</arg>
<doc>Runs the specified keyword and returns the status as a Boolean value.</doc>
<status status="PASS" start="2026-02-22T16:16:19.544443" elapsed="0.176869"/>
</kw>
<if>
<branch type="IF" condition="${logout}">
<kw name="Log" owner="BuiltIn">
<arg>New user registered</arg>
<doc>Logs the given message with the given level.</doc>
<status status="NOT RUN" start="2026-02-22T16:16:19.721619" elapsed="0.000037"/>
</kw>
<kw name="Logout User" owner="login_keywords">
<status status="NOT RUN" start="2026-02-22T16:16:19.721822" elapsed="0.000039"/>
</kw>
<kw name="Wait Until Element Is Visible" owner="SeleniumLibrary">
<arg>id=username</arg>
<doc>Waits until the element ``locator`` is visible.</doc>
<status status="NOT RUN" start="2026-02-22T16:16:19.721972" elapsed="0.000033"/>
</kw>
<status status="NOT RUN" start="2026-02-22T16:16:19.721431" elapsed="0.000618"/>
</branch>
<branch type="ELSE IF" condition="${exists}">
<kw name="Capture Page Screenshot" owner="SeleniumLibrary">
<doc>Takes a screenshot of the current page and embeds it into a log file.</doc>
<status status="NOT RUN" start="2026-02-22T16:16:19.722244" elapsed="0.000032"/>
</kw>
<kw name="Fail" owner="BuiltIn">
<arg>User already registered  registration must be new</arg>
<doc>Fails the test with the given message and optionally alters its tags.</doc>
<status status="NOT RUN" start="2026-02-22T16:16:19.722375" elapsed="0.000030"/>
</kw>
<status status="NOT RUN" start="2026-02-22T16:16:19.722095" elapsed="0.000357"/>
</branch>
<branch type="ELSE">
<kw name="Capture Page Screenshot" owner="SeleniumLibrary">
<msg time="2026-02-22T16:16:19.790584" level="INFO" html="true">&lt;/td&gt;&lt;/tr&gt;&lt;tr&gt;&lt;td colspan="3"&gt;&lt;a href="selenium-screenshot-59.png"&gt;&lt;img src="selenium-screenshot-59.png" width="800px"&gt;&lt;/a&gt;</msg>
<doc>Takes a screenshot of the current page and embeds it into a log file.</doc>
<status status="PASS" start="2026-02-22T16:16:19.722610" elapsed="0.068087"/>
</kw>
<kw name="Fail" owner="BuiltIn">
<msg time="2026-02-22T16:16:19.791210" level="FAIL">Registration result not detected</msg>
<arg>Registration result not detected</arg>
<doc>Fails the test with the given message and optionally alters its tags.</doc>
<status status="FAIL" start="2026-02-22T16:16:19.790865" elapsed="0.000435">Registration result not detected</status>
</kw>
<status status="FAIL" start="2026-02-22T16:16:19.722493" elapsed="0.068890">Registration result not detected</status>
</branch>
<status status="FAIL" start="2026-02-22T16:16:19.721401" elapsed="0.070033">Registration result not detected</status>
</if>
<status status="FAIL" start="2026-02-22T16:16:19.368902" elapsed="0.422629">Registration result not detected</status>
</kw>
<kw name="Check Registration Result">
<kw name="Run Keyword And Return Status" owner="BuiltIn">
<kw name="Page Should Contain" owner="SeleniumLibrary">
<msg time="2026-02-22T16:16:21.942018" level="INFO" html="true">&lt;/td&gt;&lt;/tr&gt;&lt;tr&gt;&lt;td colspan="3"&gt;&lt;a href="selenium-screenshot-60.png"&gt;&lt;img src="selenium-screenshot-60.png" width="800px"&gt;&lt;/a&gt;</msg>
<msg time="2026-02-22T16:16:21.942226" level="FAIL">Page should have contained text 'Logout' but did not.</msg>
<arg>Logout</arg>
<doc>Verifies that current page contains ``text``.</doc>
<status status="FAIL" start="2026-02-22T16:16:21.793117" elapsed="0.149868">Page should have contained text 'Logout' but did not.</status>
</kw>
<msg time="2026-02-22T16:16:21.943224" level="INFO">${logout} = False</msg>
<var>${logout}</var>
<arg>Page Should Contain</arg>
<arg>Logout</arg>
<doc>Runs the specified keyword and returns the status as a Boolean value.</doc>
<status status="PASS" start="2026-02-22T16:16:21.792806" elapsed="0.150455"/>
</kw>
<kw name="Run Keyword And Return Status" owner="BuiltIn">
<kw name="Page Should Contain" owner="SeleniumLibrary">
<msg time="2026-02-22T16:16:22.098441" level="INFO" html="true">&lt;/td&gt;&lt;/tr&gt;&lt;tr&gt;&lt;td colspan="3"&gt;&lt;a href="selenium-screenshot-61.png"&gt;&lt;img src="selenium-screenshot-61.png" width="800px"&gt;&lt;/a&gt;</msg>
<msg time="2026-02-22T16:16:22.098635" level="FAIL">Page should have contained text 'already registered' but did not.</msg>
<arg>already registered</arg>
<doc>Verifies that current page contains ``text``.</doc>
<status status="FAIL" start="2026-02-22T16:16:21.943886" elapsed="0.155750">Page should have contained text 'already registered' but did not.</status>
</kw>
<msg time="2026-02-22T16:16:22.099885" level="INFO">${exists} = False</msg>
<var>${exists}</var>
<arg>Page Should Contain</arg>
<arg>already registered</arg>
<doc>Runs the specified keyword and returns the status as a Boolean value.</doc>
<status status="PASS" start="2026-02-22T16:16:21.943435" elapsed="0.156493"/>
</kw>
<if>
<branch type="IF" condition="${logout}">
<kw name="Log" owner="BuiltIn">
<arg>New user registered</arg>
<doc>Logs the given message with the given level.</doc>
<status status="NOT RUN" start="2026-02-22T16:16:22.100625" elapsed="0.000073"/>
</kw>
<kw name="Logout User" owner="login_keywords">
<status status="NOT RUN" start="2026-02-22T16:16:22.100887" elapsed="0.000038"/>
</kw>
<kw name="Wait Until Element Is Visible" owner="SeleniumLibrary">
<arg>id=username</arg>
<doc>Waits until the element ``locator`` is visible.</doc>
<status status="NOT RUN" start="2026-02-22T16:16:22.101039" elapsed="0.000032"/>
</kw>
<status status="NOT RUN" start="2026-02-22T16:16:22.100180" elapsed="0.000934"/>
</branch>
<branch type="ELSE IF" condition="${exists}">
<kw name="Capture Page Screenshot" owner="SeleniumLibrary">
<doc>Takes a screenshot of the current page and embeds it into a log file.</doc>
<status status="NOT RUN" start="2026-02-22T16:16:22.101329" elapsed="0.000029"/>
</kw>
<kw name="Fail" owner="BuiltIn">
<arg>User already registered  registration must be new</arg>
<doc>Fails the test with the given message and optionally alters its tags.</doc>
<status status="NOT RUN" start="2026-02-22T16:16:22.101453" elapsed="0.000029"/>
</kw>
<status status="NOT RUN" start="2026-02-22T16:16:22.101162" elapsed="0.000363"/>
</branch>
<branch type="ELSE">
<kw name="Capture Page Screenshot" owner="SeleniumLibrary">
<msg time="2026-02-22T16:16:22.157325" level="INFO" html="true">&lt;/td&gt;&lt;/tr&gt;&lt;tr&gt;&lt;td colspan="3"&gt;&lt;a href="selenium-screenshot-62.png"&gt;&lt;img src="selenium-screenshot-62.png" width="800px"&gt;&lt;/a&gt;</msg>
<doc>Takes a screenshot of the current page and embeds it into a log file.</doc>
<status status="PASS" start="2026-02-22T16:16:22.101792" elapsed="0.055649"/>
</kw>
<kw name="Fail" owner="BuiltIn">
<msg time="2026-02-22T16:16:22.157959" level="FAIL">Registration result not detected</msg>
<arg>Registration result not detected</arg>
<doc>Fails the test with the given message and optionally alters its tags.</doc>
<status status="FAIL" start="2026-02-22T16:16:22.157608" elapsed="0.000431">Registration result not detected</status>
</kw>
<status status="FAIL" start="2026-02-22T16:16:22.101594" elapsed="0.056528">Registration result not detected</status>
</branch>
<status status="FAIL" start="2026-02-22T16:16:22.100050" elapsed="0.058121">Registration result not detected</status>
</if>
<status status="FAIL" start="2026-02-22T16:16:21.792464" elapsed="0.365805">Registration result not detected</status>
</kw>
<kw name="Check Registration Result">
<kw name="Run Keyword And Return Status" owner="BuiltIn">
<kw name="Page Should Contain" owner="SeleniumLibrary">
<msg time="2026-02-22T16:16:24.347769" level="INFO" html="true">&lt;/td&gt;&lt;/tr&gt;&lt;tr&gt;&lt;td colspan="3"&gt;&lt;a href="selenium-screenshot-63.png"&gt;&lt;img src="selenium-screenshot-63.png" width="800px"&gt;&lt;/a&gt;</msg>
<msg time="2026-02-22T16:16:24.347989" level="FAIL">Page should have contained text 'Logout' but did not.</msg>
<arg>Logout</arg>
<doc>Verifies that current page contains ``text``.</doc>
<status status="FAIL" start="2026-02-22T16:16:24.160131" elapsed="0.189272">Page should have contained text 'Logout' but did not.</status>
</kw>
<msg time="2026-02-22T16:16:24.349571" level="INFO">${logout} = False</msg>
<var>${logout}</var>
<arg>Page Should Contain</arg>
<arg>Logout</arg>
<doc>Runs the specified keyword and returns the status as a Boolean value.</doc>
<status status="PASS" start="2026-02-22T16:16:24.159590" elapsed="0.190013"/>
</kw>
<kw name="Run Keyword And Return Status" owner="BuiltIn">
<kw name="Page Should Contain" owner="SeleniumLibrary">
<msg time="2026-02-22T16:16:24.491057" level="INFO" html="true">&lt;/td&gt;&lt;/tr&gt;&lt;tr&gt;&lt;td colspan="3"&gt;&lt;a href="selenium-screenshot-64.png"&gt;&lt;img src="selenium-screenshot-64.png" width="800px"&gt;&lt;/a&gt;</msg>
<msg time="2026-02-22T16:16:24.491203" level="FAIL">Page should have contained text 'already registered' but did not.</msg>
<arg>already registered</arg>
<doc>Verifies that current page contains ``text``.</doc>
<status status="FAIL" start="2026-02-22T16:16:24.350126" elapsed="0.141657">Page should have contained text 'already registered' but did not.</status>
</kw>
<msg time="2026-02-22T16:16:24.491912" level="INFO">${exists} = False</msg>
<var>${exists}</var>
<arg>Page Should Contain</arg>
<arg>already registered</arg>
<doc>Runs the specified keyword and returns the status as a Boolean value.</doc>
<status status="PASS" start="2026-02-22T16:16:24.349752" elapsed="0.142188"/>
</kw>
<if>
<branch type="IF" condition="${logout}">
<kw name="Log" owner="BuiltIn">
<arg>New user registered</arg>
<doc>Logs the given message with the given level.</doc>
<status status="NOT RUN" start="2026-02-22T16:16:24.492192" elapsed="0.000030"/>
</kw>
<kw name="Logout User" owner="login_keywords">
<status status="NOT RUN" start="2026-02-22T16:16:24.492362" elapsed="0.000030"/>
</kw>
<kw name="Wait Until Element Is Visible" owner="SeleniumLibrary">
<arg>id=username</arg>
<doc>Waits until the element ``locator`` is visible.</doc>
<status status="NOT RUN" start="2026-02-22T16:16:24.492484" elapsed="0.000026"/>
</kw>
<status status="NOT RUN" start="2026-02-22T16:16:24.492037" elapsed="0.000510"/>
</branch>
<branch type="ELSE IF" condition="${exists}">
<kw name="Capture Page Screenshot" owner="SeleniumLibrary">
<doc>Takes a screenshot of the current page and embeds it into a log file.</doc>
<status status="NOT RUN" start="2026-02-22T16:16:24.492709" elapsed="0.000027"/>
</kw>
<kw name="Fail" owner="BuiltIn">
<arg>User already registered  registration must be new</arg>
<doc>Fails the test with the given message and optionally alters its tags.</doc>
<status status="NOT RUN" start="2026-02-22T16:16:24.492831" elapsed="0.000026"/>
</kw>
<status status="NOT RUN" start="2026-02-22T16:16:24.492585" elapsed="0.000311"/>
</branch>
<branch type="ELSE">
<kw name="Capture Page Screenshot" owner="SeleniumLibrary">
<msg time="2026-02-22T16:16:24.550175" level="INFO" html="true">&lt;/td&gt;&lt;/tr&gt;&lt;tr&gt;&lt;td colspan="3"&gt;&lt;a href="selenium-screenshot-65.png"&gt;&lt;img src="selenium-screenshot-65.png" width="800px"&gt;&lt;/a&gt;</msg>
<doc>Takes a screenshot of the current page and embeds it into a log file.</doc>
<status status="PASS" start="2026-02-22T16:16:24.493021" elapsed="0.057254"/>
</kw>
<kw name="Fail" owner="BuiltIn">
<msg time="2026-02-22T16:16:24.550730" level="FAIL">Registration result not detected</msg>
<arg>Registration result not detected</arg>
<doc>Fails the test with the given message and optionally alters its tags.</doc>
<status status="FAIL" start="2026-02-22T16:16:24.550425" elapsed="0.000374">Registration result not detected</status>
</kw>
<status status="FAIL" start="2026-02-22T16:16:24.492932" elapsed="0.057986">Registration result not detected</status>
</branch>
<status status="FAIL" start="2026-02-22T16:16:24.492011" elapsed="0.058953">Registration result not detected</status>
</if>
<status status="FAIL" start="2026-02-22T16:16:24.159055" elapsed="0.391995">Registration result not detected</status>
</kw>
<kw name="Check Registration Result">
<kw name="Run Keyword And Return Status" owner="BuiltIn">
<kw name="Page Should Contain" owner="SeleniumLibrary">
<msg time="2026-02-22T16:16:26.723043" level="INFO" html="true">&lt;/td&gt;&lt;/tr&gt;&lt;tr&gt;&lt;td colspan="3"&gt;&lt;a href="selenium-screenshot-66.png"&gt;&lt;img src="selenium-screenshot-66.png" width="800px"&gt;&lt;/a&gt;</msg>
<msg time="2026-02-22T16:16:26.723181" level="FAIL">Page should have contained text 'Logout' but did not.</msg>
<arg>Logout</arg>
<doc>Verifies that current page contains ``text``.</doc>
<status status="FAIL" start="2026-02-22T16:16:26.554182" elapsed="0.169544">Page should have contained text 'Logout' but did not.</status>
</kw>
<msg time="2026-02-22T16:16:26.723853" level="INFO">${logout} = False</msg>
<var>${logout}</var>
<arg>Page Should Contain</arg>
<arg>Logout</arg>
<doc>Runs the specified keyword and returns the status as a Boolean value.</doc>
<status status="PASS" start="2026-02-22T16:16:26.553251" elapsed="0.170628"/>
</kw>
<kw name="Run Keyword And Return Status" owner="BuiltIn">
<kw name="Page Should Contain" owner="SeleniumLibrary">
<msg time="2026-02-22T16:16:26.860121" level="INFO" html="true">&lt;/td&gt;&lt;/tr&gt;&lt;tr&gt;&lt;td colspan="3"&gt;&lt;a href="selenium-screenshot-67.png"&gt;&lt;img src="selenium-screenshot-67.png" width="800px"&gt;&lt;/a&gt;</msg>
<msg time="2026-02-22T16:16:26.860247" level="FAIL">Page should have contained text 'already registered' but did not.</msg>
<arg>already registered</arg>
<doc>Verifies that current page contains ``text``.</doc>
<status status="FAIL" start="2026-02-22T16:16:26.724532" elapsed="0.136281">Page should have contained text 'already registered' but did not.</status>
</kw>
<msg time="2026-02-22T16:16:26.860934" level="INFO">${exists} = False</msg>
<var>${exists}</var>
<arg>Page Should Contain</arg>
<arg>already registered</arg>
<doc>Runs the specified keyword and returns the status as a Boolean value.</doc>
<status status="PASS" start="2026-02-22T16:16:26.724117" elapsed="0.136845"/>
</kw>
<if>
<branch type="IF" condition="${logout}">
<kw name="Log" owner="BuiltIn">
<arg>New user registered</arg>
<doc>Logs the given message with the given level.</doc>
<status status="NOT RUN" start="2026-02-22T16:16:26.861246" elapsed="0.000033"/>
</kw>
<kw name="Logout User" owner="login_keywords">
<status status="NOT RUN" start="2026-02-22T16:16:26.861442" elapsed="0.000039"/>
</kw>
<kw name="Wait Until Element Is Visible" owner="SeleniumLibrary">
<arg>id=username</arg>
<doc>Waits until the element ``locator`` is visible.</doc>
<status status="NOT RUN" start="2026-02-22T16:16:26.861590" elapsed="0.000029"/>
</kw>
<status status="NOT RUN" start="2026-02-22T16:16:26.861054" elapsed="0.000630"/>
</branch>
<branch type="ELSE IF" condition="${exists}">
<kw name="Capture Page Screenshot" owner="SeleniumLibrary">
<doc>Takes a screenshot of the current page and embeds it into a log file.</doc>
<status status="NOT RUN" start="2026-02-22T16:16:26.861894" elapsed="0.000028"/>
</kw>
<kw name="Fail" owner="BuiltIn">
<arg>User already registered  registration must be new</arg>
<doc>Fails the test with the given message and optionally alters its tags.</doc>
<status status="NOT RUN" start="2026-02-22T16:16:26.862041" elapsed="0.000044"/>
</kw>
<status status="NOT RUN" start="2026-02-22T16:16:26.861736" elapsed="0.000393"/>
</branch>
<branch type="ELSE">
<kw name="Capture Page Screenshot" owner="SeleniumLibrary">
<msg time="2026-02-22T16:16:26.918644" level="INFO" html="true">&lt;/td&gt;&lt;/tr&gt;&lt;tr&gt;&lt;td colspan="3"&gt;&lt;a href="selenium-screenshot-68.png"&gt;&lt;img src="selenium-screenshot-68.png" width="800px"&gt;&lt;/a&gt;</msg>
<doc>Takes a screenshot of the current page and embeds it into a log file.</doc>
<status status="PASS" start="2026-02-22T16:16:26.862337" elapsed="0.056405"/>
</kw>
<kw name="Fail" owner="BuiltIn">
<msg time="2026-02-22T16:16:26.919187" level="FAIL">Registration result not detected</msg>
<arg>Registration result not detected</arg>
<doc>Fails the test with the given message and optionally alters its tags.</doc>
<status status="FAIL" start="2026-02-22T16:16:26.918887" elapsed="0.000366">Registration result not detected</status>
</kw>
<status status="FAIL" start="2026-02-22T16:16:26.862206" elapsed="0.057119">Registration result not detected</status>
</branch>
<status status="FAIL" start="2026-02-22T16:16:26.861030" elapsed="0.058339">Registration result not detected</status>
</if>
<status status="FAIL" start="2026-02-22T16:16:26.552458" elapsed="0.366996">Registration result not detected</status>
</kw>
<kw name="Check Registration Result">
<kw name="Run Keyword And Return Status" owner="BuiltIn">
<kw name="Page Should Contain" owner="SeleniumLibrary">
<msg time="2026-02-22T16:16:29.095674" level="INFO" html="true">&lt;/td&gt;&lt;/tr&gt;&lt;tr&gt;&lt;td colspan="3"&gt;&lt;a href="selenium-screenshot-69.png"&gt;&lt;img src="selenium-screenshot-69.png" width="800px"&gt;&lt;/a&gt;</msg>
<msg time="2026-02-22T16:16:29.095809" level="FAIL">Page should have contained text 'Logout' but did not.</msg>
<arg>Logout</arg>
<doc>Verifies that current page contains ``text``.</doc>
<status status="FAIL" start="2026-02-22T16:16:28.921893" elapsed="0.174508">Page should have contained text 'Logout' but did not.</status>
</kw>
<msg time="2026-02-22T16:16:29.096529" level="INFO">${logout} = False</msg>
<var>${logout}</var>
<arg>Page Should Contain</arg>
<arg>Logout</arg>
<doc>Runs the specified keyword and returns the status as a Boolean value.</doc>
<status status="PASS" start="2026-02-22T16:16:28.921193" elapsed="0.175364"/>
</kw>
<kw name="Run Keyword And Return Status" owner="BuiltIn">
<kw name="Page Should Contain" owner="SeleniumLibrary">
<msg time="2026-02-22T16:16:29.229942" level="INFO" html="true">&lt;/td&gt;&lt;/tr&gt;&lt;tr&gt;&lt;td colspan="3"&gt;&lt;a href="selenium-screenshot-70.png"&gt;&lt;img src="selenium-screenshot-70.png" width="800px"&gt;&lt;/a&gt;</msg>
<msg time="2026-02-22T16:16:29.230087" level="FAIL">Page should have contained text 'already registered' but did not.</msg>
<arg>already registered</arg>
<doc>Verifies that current page contains ``text``.</doc>
<status status="FAIL" start="2026-02-22T16:16:29.096984" elapsed="0.133664">Page should have contained text 'already registered' but did not.</status>
</kw>
<msg time="2026-02-22T16:16:29.230768" level="INFO">${exists} = False</msg>
<var>${exists}</var>
<arg>Page Should Contain</arg>
<arg>already registered</arg>
<doc>Runs the specified keyword and returns the status as a Boolean value.</doc>
<status status="PASS" start="2026-02-22T16:16:29.096692" elapsed="0.134101"/>
</kw>
<if>
<branch type="IF" condition="${logout}">
<kw name="Log" owner="BuiltIn">
<arg>New user registered</arg>
<doc>Logs the given message with the given level.</doc>
<status status="NOT RUN" start="2026-02-22T16:16:29.231026" elapsed="0.000027"/>
</kw>
<kw name="Logout User" owner="login_keywords">
<status status="NOT RUN" start="2026-02-22T16:16:29.231184" elapsed="0.000029"/>
</kw>
<kw name="Wait Until Element Is Visible" owner="SeleniumLibrary">
<arg>id=username</arg>
<doc>Waits until the element ``locator`` is visible.</doc>
<status status="NOT RUN" start="2026-02-22T16:16:29.231298" elapsed="0.000024"/>
</kw>
<status status="NOT RUN" start="2026-02-22T16:16:29.230883" elapsed="0.000472"/>
</branch>
<branch type="ELSE IF" condition="${exists}">
<kw name="Capture Page Screenshot" owner="SeleniumLibrary">
<doc>Takes a screenshot of the current page and embeds it into a log file.</doc>
<status status="NOT RUN" start="2026-02-22T16:16:29.231550" elapsed="0.000025"/>
</kw>
<kw name="Fail" owner="BuiltIn">
<arg>User already registered  registration must be new</arg>
<doc>Fails the test with the given message and optionally alters its tags.</doc>
<status status="NOT RUN" start="2026-02-22T16:16:29.231655" elapsed="0.000024"/>
</kw>
<status status="NOT RUN" start="2026-02-22T16:16:29.231393" elapsed="0.000322"/>
</branch>
<branch type="ELSE">
<kw name="Capture Page Screenshot" owner="SeleniumLibrary">
<msg time="2026-02-22T16:16:29.283286" level="INFO" html="true">&lt;/td&gt;&lt;/tr&gt;&lt;tr&gt;&lt;td colspan="3"&gt;&lt;a href="selenium-screenshot-71.png"&gt;&lt;img src="selenium-screenshot-71.png" width="800px"&gt;&lt;/a&gt;</msg>
<doc>Takes a screenshot of the current page and embeds it into a log file.</doc>
<status status="PASS" start="2026-02-22T16:16:29.231837" elapsed="0.051545"/>
</kw>
<kw name="Fail" owner="BuiltIn">
<msg time="2026-02-22T16:16:29.283833" level="FAIL">Registration result not detected</msg>
<arg>Registration result not detected</arg>
<doc>Fails the test with the given message and optionally alters its tags.</doc>
<status status="FAIL" start="2026-02-22T16:16:29.283534" elapsed="0.000365">Registration result not detected</status>
</kw>
<status status="FAIL" start="2026-02-22T16:16:29.231746" elapsed="0.052224">Registration result not detected</status>
</branch>
<status status="FAIL" start="2026-02-22T16:16:29.230860" elapsed="0.053152">Registration result not detected</status>
</if>
<status status="FAIL" start="2026-02-22T16:16:28.920477" elapsed="0.363619">Registration result not detected</status>
</kw>
<msg time="2026-02-22T16:16:29.284176" level="FAIL">Keyword 'Check Registration Result' failed after retrying for 15 seconds. The last error was: Registration result not detected</msg>
<arg>15s</arg>
<arg>2s</arg>
<arg>Check Registration Result</arg>
<doc>Runs the specified keyword and retries if it fails.</doc>
<status status="FAIL" start="2026-02-22T16:16:12.260756" elapsed="17.023511">Keyword 'Check Registration Result' failed after retrying for 15 seconds. The last error was: Registration result not detected</status>
</kw>
<arg>${EMAIL}</arg>
<arg>${PASSWORD}</arg>
<status status="FAIL" start="2026-02-22T16:16:06.225556" elapsed="23.058803">Keyword 'Check Registration Result' failed after retrying for 15 seconds. The last error was: Registration result not detected</status>
</kw>
<kw name="Login Validation">
<arg>${EMAIL}</arg>
<arg>${PASSWORD}</arg>
<status status="NOT RUN" start="2026-02-22T16:16:29.284546" elapsed="0.000029"/>
</kw>
<kw name="Search Validation">
<status status="NOT RUN" start="2026-02-22T16:16:29.284692" elapsed="0.000025"/>
</kw>
<kw name="Sorting Validation">
<status status="NOT RUN" start="2026-02-22T16:16:29.284820" elapsed="0.000024"/>
</kw>
<kw name="Cart Validation">
<status status="NOT RUN" start="2026-02-22T16:16:29.284942" elapsed="0.000023"/>
</kw>
<kw name="Billing Validation">
<arg>${EMAIL}</arg>
<arg>${FIRSTNAME}</arg>
<arg>${LASTNAME}</arg>
<arg>${PHONE}</arg>
<arg>${CITY}</arg>
<arg>${POSTCODE}</arg>
<status status="NOT RUN" start="2026-02-22T16:16:29.285094" elapsed="0.000024"/>
</kw>
<kw name="Logout Validation">
<status status="NOT RUN" start="2026-02-22T16:16:29.285219" elapsed="0.000022"/>
</kw>
<arg>EMAIL=testuser1@test.com</arg>
<arg>PASSWORD=Omkar@2003</arg>
<arg>FIRSTNAME=Ravi</arg>
<arg>LASTNAME=Kumar</arg>
<arg>PHONE=9876543222</arg>
<arg>CITY=Chennai</arg>
<arg>POSTCODE=600001</arg>
<status status="FAIL" start="2026-02-22T16:16:06.224357" elapsed="23.060954">Keyword 'Check Registration Result' failed after retrying for 15 seconds. The last error was: Registration result not detected</status>
</kw>
<kw name="End User Session" type="TEARDOWN">
<kw name="Capture Page Screenshot" owner="SeleniumLibrary">
<msg time="2026-02-22T16:16:29.340550" level="INFO" html="true">&lt;/td&gt;&lt;/tr&gt;&lt;tr&gt;&lt;td colspan="3"&gt;&lt;a href="selenium-screenshot-72.png"&gt;&lt;img src="selenium-screenshot-72.png" width="800px"&gt;&lt;/a&gt;</msg>
<doc>Takes a screenshot of the current page and embeds it into a log file.</doc>
<status status="PASS" start="2026-02-22T16:16:29.286138" elapsed="0.054513"/>
</kw>
<kw name="Close Application" owner="common">
<kw name="Close All Browsers" owner="SeleniumLibrary">
<doc>Closes all open browsers and resets the browser cache.</doc>
<status status="PASS" start="2026-02-22T16:16:29.341091" elapsed="3.407284"/>
</kw>
<status status="PASS" start="2026-02-22T16:16:29.340831" elapsed="3.407947"/>
</kw>
<status status="PASS" start="2026-02-22T16:16:29.285825" elapsed="3.463224"/>
</kw>
<status status="FAIL" start="2026-02-22T16:15:45.000382" elapsed="47.749474">Keyword 'Check Registration Result' failed after retrying for 15 seconds. The last error was: Registration result not detected</status>
</test>
<status status="FAIL" start="2026-02-22T16:14:56.848709" elapsed="95.904439"/>
</suite>
<status status="FAIL" start="2026-02-22T16:07:47.623083" elapsed="525.134266"/>
</suite>
<statistics>
<total>
<stat pass="14" fail="6" skip="0">All Tests</stat>
</total>
<tag>
</tag>
<suite>
<stat name="Tests" id="s1" pass="14" fail="6" skip="0">Tests</stat>
<stat name="00 User Registration" id="s1-s1" pass="0" fail="1" skip="0">Tests.00 User Registration</stat>
<stat name="01 Login Validation" id="s1-s2" pass="3" fail="0" skip="0">Tests.01 Login Validation</stat>
<stat name="02 Search Validation" id="s1-s3" pass="3" fail="0" skip="0">Tests.02 Search Validation</stat>
<stat name="03 Sorting Filter Validation" id="s1-s4" pass="4" fail="0" skip="0">Tests.03 Sorting Filter Validation</stat>
<stat name="04 Cart Validation" id="s1-s5" pass="3" fail="0" skip="0">Tests.04 Cart Validation</stat>
<stat name="05 Billing Validation" id="s1-s6" pass="0" fail="3" skip="0">Tests.05 Billing Validation</stat>
<stat name="06 Logout Validation" id="s1-s7" pass="1" fail="0" skip="0">Tests.06 Logout Validation</stat>
<stat name="End To End" id="s1-s8" pass="0" fail="2" skip="0">Tests.End To End</stat>
</suite>
</statistics>
<errors>
</errors>
</robot>
