<?xml version="1.0" encoding="UTF-8"?>
<robot generator="Robot 7.4.1 (Python 3.13.0 on win32)" generated="2026-02-22T16:07:47.621566" rpa="false" schemaversion="5">
<suite id="s1" name="Tests" source="C:\Users\Neeraja\Desktop\Wipro_Practice\Capstone_Project\robot-framework\tests">
<suite id="s1-s1" name="00 User Registration" source="C:\Users\Neeraja\Desktop\Wipro_Practice\Capstone_Project\robot-framework\tests\00_user_registration.robot">
<kw name="Open Application" owner="common" type="SETUP">
<kw name="Open Browser" owner="SeleniumLibrary">
<msg time="2026-02-22T16:07:48.011812" level="INFO">Opening browser 'firefox' to base url 'https://practice.automationtesting.in/'.</msg>
<arg>${URL}</arg>
<arg>${browser}</arg>
<doc>Opens a new browser instance to the optional ``url``.</doc>
<status status="PASS" start="2026-02-22T16:07:48.010845" elapsed="18.499414"/>
</kw>
<kw name="Maximize Browser Window" owner="SeleniumLibrary">
<doc>Maximizes current browser window.</doc>
<status status="PASS" start="2026-02-22T16:08:06.510663" elapsed="0.289335"/>
</kw>
<kw name="Set Selenium Timeout" owner="SeleniumLibrary">
<arg>${TIMEOUT}</arg>
<doc>Sets the timeout that is used by various keywords.</doc>
<status status="PASS" start="2026-02-22T16:08:06.800369" elapsed="0.005866"/>
</kw>
<status status="PASS" start="2026-02-22T16:07:48.005770" elapsed="18.800936"/>
</kw>
<test id="s1-s1-t1" name="User1" line="10">
<kw name="Register User">
<if>
<branch type="IF" condition="'${EXPECTED}' != 'PASS'">
<kw name="Skip" owner="BuiltIn">
<arg>Not registration user</arg>
<doc>Skips the rest of the current test.</doc>
<status status="NOT RUN" start="2026-02-22T16:08:06.811566" elapsed="0.000075"/>
</kw>
<status status="NOT RUN" start="2026-02-22T16:08:06.811234" elapsed="0.000520"/>
</branch>
<status status="PASS" start="2026-02-22T16:08:06.811153" elapsed="0.000700"/>
</if>
<kw name="Go To" owner="SeleniumLibrary">
<msg time="2026-02-22T16:08:06.812236" level="INFO">Opening url 'https://practice.automationtesting.in/my-account/'</msg>
<arg>https://practice.automationtesting.in/my-account/</arg>
<doc>Navigates the current browser window to the provided ``url``.</doc>
<status status="PASS" start="2026-02-22T16:08:06.812043" elapsed="1.524202"/>
</kw>
<kw name="Wait Until Page Contains Element" owner="SeleniumLibrary">
<arg>id=reg_email</arg>
<doc>Waits until the element ``locator`` appears on the current page.</doc>
<status status="PASS" start="2026-02-22T16:08:08.336502" elapsed="0.117046"/>
</kw>
<kw name="Input Text" owner="SeleniumLibrary">
<msg time="2026-02-22T16:08:08.454280" level="INFO">Typing text 'testuser12@test.com' into text field 'id=reg_email'.</msg>
<arg>id=reg_email</arg>
<arg>${EMAIL}</arg>
<doc>Types the given ``text`` into the text field identified by ``locator``.</doc>
<status status="PASS" start="2026-02-22T16:08:08.453879" elapsed="0.073784"/>
</kw>
<kw name="Textfield Value Should Be" owner="SeleniumLibrary">
<msg time="2026-02-22T16:08:08.553070" level="INFO">Content of text field 'id=reg_email' is 'testuser12@test.com'.</msg>
<arg>id=reg_email</arg>
<arg>${EMAIL}</arg>
<doc>Verifies text field ``locator`` has exactly text ``expected``.</doc>
<status status="PASS" start="2026-02-22T16:08:08.527823" elapsed="0.025459"/>
</kw>
<kw name="Input Text" owner="SeleniumLibrary">
<msg time="2026-02-22T16:08:08.554186" level="INFO">Typing text 'Omkar@2003' into text field 'id=reg_password'.</msg>
<arg>id=reg_password</arg>
<arg>${PASSWORD}</arg>
<doc>Types the given ``text`` into the text field identified by ``locator``.</doc>
<status status="PASS" start="2026-02-22T16:08:08.553672" elapsed="0.071503"/>
</kw>
<kw name="Element Should Be Visible" owner="SeleniumLibrary">
<msg time="2026-02-22T16:08:08.638304" level="INFO">Element 'id=reg_password' is displayed.</msg>
<arg>id=reg_password</arg>
<doc>Verifies that the element identified by ``locator`` is visible.</doc>
<status status="PASS" start="2026-02-22T16:08:08.625397" elapsed="0.012993"/>
</kw>
<kw name="Click Button" owner="SeleniumLibrary">
<msg time="2026-02-22T16:08:08.638732" level="INFO">Clicking button 'name=register'.</msg>
<arg>name=register</arg>
<doc>Clicks the button identified by ``locator``.</doc>
<status status="PASS" start="2026-02-22T16:08:08.638533" elapsed="0.579885"/>
</kw>
<kw name="Wait Until Keyword Succeeds" owner="BuiltIn">
<kw name="Check Registration Result">
<kw name="Run Keyword And Return Status" owner="BuiltIn">
<kw name="Page Should Contain" owner="SeleniumLibrary">
<msg time="2026-02-22T16:08:09.771053" level="INFO" html="true">&lt;/td&gt;&lt;/tr&gt;&lt;tr&gt;&lt;td colspan="3"&gt;&lt;a href="selenium-screenshot-1.png"&gt;&lt;img src="selenium-screenshot-1.png" width="800px"&gt;&lt;/a&gt;</msg>
<msg time="2026-02-22T16:08:09.771235" level="FAIL">Page should have contained text 'Logout' but did not.</msg>
<arg>Logout</arg>
<doc>Verifies that current page contains ``text``.</doc>
<status status="FAIL" start="2026-02-22T16:08:09.220778" elapsed="0.622798">Page should have contained text 'Logout' but did not.</status>
</kw>
<msg time="2026-02-22T16:08:09.843800" level="INFO">${logout} = False</msg>
<var>${logout}</var>
<arg>Page Should Contain</arg>
<arg>Logout</arg>
<doc>Runs the specified keyword and returns the status as a Boolean value.</doc>
<status status="PASS" start="2026-02-22T16:08:09.220279" elapsed="0.623571"/>
</kw>
<kw name="Run Keyword And Return Status" owner="BuiltIn">
<kw name="Page Should Contain" owner="SeleniumLibrary">
<msg time="2026-02-22T16:08:10.091098" level="INFO" html="true">&lt;/td&gt;&lt;/tr&gt;&lt;tr&gt;&lt;td colspan="3"&gt;&lt;a href="selenium-screenshot-2.png"&gt;&lt;img src="selenium-screenshot-2.png" width="800px"&gt;&lt;/a&gt;</msg>
<msg time="2026-02-22T16:08:10.091250" level="FAIL">Page should have contained text 'already registered' but did not.</msg>
<arg>already registered</arg>
<doc>Verifies that current page contains ``text``.</doc>
<status status="FAIL" start="2026-02-22T16:08:09.844900" elapsed="0.247333">Page should have contained text 'already registered' but did not.</status>
</kw>
<msg time="2026-02-22T16:08:10.092433" level="INFO">${exists} = False</msg>
<var>${exists}</var>
<arg>Page Should Contain</arg>
<arg>already registered</arg>
<doc>Runs the specified keyword and returns the status as a Boolean value.</doc>
<status status="PASS" start="2026-02-22T16:08:09.844064" elapsed="0.248402"/>
</kw>
<if>
<branch type="IF" condition="${logout} or ${exists}">
<kw name="Log" owner="BuiltIn">
<arg>Registration successful (new user or already registered)</arg>
<doc>Logs the given message with the given level.</doc>
<status status="NOT RUN" start="2026-02-22T16:08:10.092836" elapsed="0.000033"/>
</kw>
<status status="NOT RUN" start="2026-02-22T16:08:10.092581" elapsed="0.000331"/>
</branch>
<branch type="ELSE">
<kw name="Fail" owner="BuiltIn">
<msg time="2026-02-22T16:08:10.093339" level="FAIL">Registration failed - no expected result found</msg>
<arg>Registration failed - no expected result found</arg>
<doc>Fails the test with the given message and optionally alters its tags.</doc>
<status status="FAIL" start="2026-02-22T16:08:10.093045" elapsed="0.000365">Registration failed - no expected result found</status>
</kw>
<status status="FAIL" start="2026-02-22T16:08:10.092957" elapsed="0.000543">Registration failed - no expected result found</status>
</branch>
<status status="FAIL" start="2026-02-22T16:08:10.092551" elapsed="0.000995">Registration failed - no expected result found</status>
</if>
<status status="FAIL" start="2026-02-22T16:08:09.219812" elapsed="0.873838">Registration failed - no expected result found</status>
</kw>
<kw name="Check Registration Result">
<kw name="Run Keyword And Return Status" owner="BuiltIn">
<kw name="Page Should Contain" owner="SeleniumLibrary">
<msg time="2026-02-22T16:08:12.275441" level="INFO" html="true">&lt;/td&gt;&lt;/tr&gt;&lt;tr&gt;&lt;td colspan="3"&gt;&lt;a href="selenium-screenshot-3.png"&gt;&lt;img src="selenium-screenshot-3.png" width="800px"&gt;&lt;/a&gt;</msg>
<msg time="2026-02-22T16:08:12.275664" level="FAIL">Page should have contained text 'Logout' but did not.</msg>
<arg>Logout</arg>
<doc>Verifies that current page contains ``text``.</doc>
<status status="FAIL" start="2026-02-22T16:08:12.098758" elapsed="0.177912">Page should have contained text 'Logout' but did not.</status>
</kw>
<msg time="2026-02-22T16:08:12.276959" level="INFO">${logout} = False</msg>
<var>${logout}</var>
<arg>Page Should Contain</arg>
<arg>Logout</arg>
<doc>Runs the specified keyword and returns the status as a Boolean value.</doc>
<status status="PASS" start="2026-02-22T16:08:12.096868" elapsed="0.180139"/>
</kw>
<kw name="Run Keyword And Return Status" owner="BuiltIn">
<kw name="Page Should Contain" owner="SeleniumLibrary">
<msg time="2026-02-22T16:08:12.436112" level="INFO" html="true">&lt;/td&gt;&lt;/tr&gt;&lt;tr&gt;&lt;td colspan="3"&gt;&lt;a href="selenium-screenshot-4.png"&gt;&lt;img src="selenium-screenshot-4.png" width="800px"&gt;&lt;/a&gt;</msg>
<msg time="2026-02-22T16:08:12.436349" level="FAIL">Page should have contained text 'already registered' but did not.</msg>
<arg>already registered</arg>
<doc>Verifies that current page contains ``text``.</doc>
<status status="FAIL" start="2026-02-22T16:08:12.278201" elapsed="0.158971">Page should have contained text 'already registered' but did not.</status>
</kw>
<msg time="2026-02-22T16:08:12.437404" level="INFO">${exists} = False</msg>
<var>${exists}</var>
<arg>Page Should Contain</arg>
<arg>already registered</arg>
<doc>Runs the specified keyword and returns the status as a Boolean value.</doc>
<status status="PASS" start="2026-02-22T16:08:12.277310" elapsed="0.160126"/>
</kw>
<if>
<branch type="IF" condition="${logout} or ${exists}">
<kw name="Log" owner="BuiltIn">
<arg>Registration successful (new user or already registered)</arg>
<doc>Logs the given message with the given level.</doc>
<status status="NOT RUN" start="2026-02-22T16:08:12.437774" elapsed="0.000047"/>
</kw>
<status status="NOT RUN" start="2026-02-22T16:08:12.437546" elapsed="0.000318"/>
</branch>
<branch type="ELSE">
<kw name="Fail" owner="BuiltIn">
<msg time="2026-02-22T16:08:12.438279" level="FAIL">Registration failed - no expected result found</msg>
<arg>Registration failed - no expected result found</arg>
<doc>Fails the test with the given message and optionally alters its tags.</doc>
<status status="FAIL" start="2026-02-22T16:08:12.437990" elapsed="0.000357">Registration failed - no expected result found</status>
</kw>
<status status="FAIL" start="2026-02-22T16:08:12.437903" elapsed="0.000516">Registration failed - no expected result found</status>
</branch>
<status status="FAIL" start="2026-02-22T16:08:12.437519" elapsed="0.000943">Registration failed - no expected result found</status>
</if>
<status status="FAIL" start="2026-02-22T16:08:12.094627" elapsed="0.343924">Registration failed - no expected result found</status>
</kw>
<kw name="Check Registration Result">
<kw name="Run Keyword And Return Status" owner="BuiltIn">
<kw name="Page Should Contain" owner="SeleniumLibrary">
<msg time="2026-02-22T16:08:14.584647" level="INFO" html="true">&lt;/td&gt;&lt;/tr&gt;&lt;tr&gt;&lt;td colspan="3"&gt;&lt;a href="selenium-screenshot-5.png"&gt;&lt;img src="selenium-screenshot-5.png" width="800px"&gt;&lt;/a&gt;</msg>
<msg time="2026-02-22T16:08:14.584785" level="FAIL">Page should have contained text 'Logout' but did not.</msg>
<arg>Logout</arg>
<doc>Verifies that current page contains ``text``.</doc>
<status status="FAIL" start="2026-02-22T16:08:14.439971" elapsed="0.145382">Page should have contained text 'Logout' but did not.</status>
</kw>
<msg time="2026-02-22T16:08:14.585477" level="INFO">${logout} = False</msg>
<var>${logout}</var>
<arg>Page Should Contain</arg>
<arg>Logout</arg>
<doc>Runs the specified keyword and returns the status as a Boolean value.</doc>
<status status="PASS" start="2026-02-22T16:08:14.439652" elapsed="0.145853"/>
</kw>
<kw name="Run Keyword And Return Status" owner="BuiltIn">
<kw name="Page Should Contain" owner="SeleniumLibrary">
<msg time="2026-02-22T16:08:14.725127" level="INFO" html="true">&lt;/td&gt;&lt;/tr&gt;&lt;tr&gt;&lt;td colspan="3"&gt;&lt;a href="selenium-screenshot-6.png"&gt;&lt;img src="selenium-screenshot-6.png" width="800px"&gt;&lt;/a&gt;</msg>
<msg time="2026-02-22T16:08:14.725314" level="FAIL">Page should have contained text 'already registered' but did not.</msg>
<arg>already registered</arg>
<doc>Verifies that current page contains ``text``.</doc>
<status status="FAIL" start="2026-02-22T16:08:14.585926" elapsed="0.140401">Page should have contained text 'already registered' but did not.</status>
</kw>
<msg time="2026-02-22T16:08:14.726535" level="INFO">${exists} = False</msg>
<var>${exists}</var>
<arg>Page Should Contain</arg>
<arg>already registered</arg>
<doc>Runs the specified keyword and returns the status as a Boolean value.</doc>
<status status="PASS" start="2026-02-22T16:08:14.585640" elapsed="0.140924"/>
</kw>
<if>
<branch type="IF" condition="${logout} or ${exists}">
<kw name="Log" owner="BuiltIn">
<arg>Registration successful (new user or already registered)</arg>
<doc>Logs the given message with the given level.</doc>
<status status="NOT RUN" start="2026-02-22T16:08:14.727190" elapsed="0.000050"/>
</kw>
<status status="NOT RUN" start="2026-02-22T16:08:14.726776" elapsed="0.000505"/>
</branch>
<branch type="ELSE">
<kw name="Fail" owner="BuiltIn">
<msg time="2026-02-22T16:08:14.727676" level="FAIL">Registration failed - no expected result found</msg>
<arg>Registration failed - no expected result found</arg>
<doc>Fails the test with the given message and optionally alters its tags.</doc>
<status status="FAIL" start="2026-02-22T16:08:14.727411" elapsed="0.000324">Registration failed - no expected result found</status>
</kw>
<status status="FAIL" start="2026-02-22T16:08:14.727317" elapsed="0.000482">Registration failed - no expected result found</status>
</branch>
<status status="FAIL" start="2026-02-22T16:08:14.726708" elapsed="0.001128">Registration failed - no expected result found</status>
</if>
<status status="FAIL" start="2026-02-22T16:08:14.439346" elapsed="0.288567">Registration failed - no expected result found</status>
</kw>
<kw name="Check Registration Result">
<kw name="Run Keyword And Return Status" owner="BuiltIn">
<kw name="Page Should Contain" owner="SeleniumLibrary">
<msg time="2026-02-22T16:08:16.905802" level="INFO" html="true">&lt;/td&gt;&lt;/tr&gt;&lt;tr&gt;&lt;td colspan="3"&gt;&lt;a href="selenium-screenshot-7.png"&gt;&lt;img src="selenium-screenshot-7.png" width="800px"&gt;&lt;/a&gt;</msg>
<msg time="2026-02-22T16:08:16.906012" level="FAIL">Page should have contained text 'Logout' but did not.</msg>
<arg>Logout</arg>
<doc>Verifies that current page contains ``text``.</doc>
<status status="FAIL" start="2026-02-22T16:08:16.730828" elapsed="0.176178">Page should have contained text 'Logout' but did not.</status>
</kw>
<msg time="2026-02-22T16:08:16.907253" level="INFO">${logout} = False</msg>
<var>${logout}</var>
<arg>Page Should Contain</arg>
<arg>Logout</arg>
<doc>Runs the specified keyword and returns the status as a Boolean value.</doc>
<status status="PASS" start="2026-02-22T16:08:16.729835" elapsed="0.177535"/>
</kw>
<kw name="Run Keyword And Return Status" owner="BuiltIn">
<kw name="Page Should Contain" owner="SeleniumLibrary">
<msg time="2026-02-22T16:08:17.044069" level="INFO" html="true">&lt;/td&gt;&lt;/tr&gt;&lt;tr&gt;&lt;td colspan="3"&gt;&lt;a href="selenium-screenshot-8.png"&gt;&lt;img src="selenium-screenshot-8.png" width="800px"&gt;&lt;/a&gt;</msg>
<msg time="2026-02-22T16:08:17.044195" level="FAIL">Page should have contained text 'already registered' but did not.</msg>
<arg>already registered</arg>
<doc>Verifies that current page contains ``text``.</doc>
<status status="FAIL" start="2026-02-22T16:08:16.908346" elapsed="0.136404">Page should have contained text 'already registered' but did not.</status>
</kw>
<msg time="2026-02-22T16:08:17.044873" level="INFO">${exists} = False</msg>
<var>${exists}</var>
<arg>Page Should Contain</arg>
<arg>already registered</arg>
<doc>Runs the specified keyword and returns the status as a Boolean value.</doc>
<status status="PASS" start="2026-02-22T16:08:16.907941" elapsed="0.137030"/>
</kw>
<if>
<branch type="IF" condition="${logout} or ${exists}">
<kw name="Log" owner="BuiltIn">
<arg>Registration successful (new user or already registered)</arg>
<doc>Logs the given message with the given level.</doc>
<status status="NOT RUN" start="2026-02-22T16:08:17.045295" elapsed="0.000031"/>
</kw>
<status status="NOT RUN" start="2026-02-22T16:08:17.045087" elapsed="0.000279"/>
</branch>
<branch type="ELSE">
<kw name="Fail" owner="BuiltIn">
<msg time="2026-02-22T16:08:17.045743" level="FAIL">Registration failed - no expected result found</msg>
<arg>Registration failed - no expected result found</arg>
<doc>Fails the test with the given message and optionally alters its tags.</doc>
<status status="FAIL" start="2026-02-22T16:08:17.045482" elapsed="0.000319">Registration failed - no expected result found</status>
</kw>
<status status="FAIL" start="2026-02-22T16:08:17.045401" elapsed="0.000472">Registration failed - no expected result found</status>
</branch>
<status status="FAIL" start="2026-02-22T16:08:17.045061" elapsed="0.000852">Registration failed - no expected result found</status>
</if>
<status status="FAIL" start="2026-02-22T16:08:16.728927" elapsed="0.317069">Registration failed - no expected result found</status>
</kw>
<kw name="Check Registration Result">
<kw name="Run Keyword And Return Status" owner="BuiltIn">
<kw name="Page Should Contain" owner="SeleniumLibrary">
<msg time="2026-02-22T16:08:19.209149" level="INFO" html="true">&lt;/td&gt;&lt;/tr&gt;&lt;tr&gt;&lt;td colspan="3"&gt;&lt;a href="selenium-screenshot-9.png"&gt;&lt;img src="selenium-screenshot-9.png" width="800px"&gt;&lt;/a&gt;</msg>
<msg time="2026-02-22T16:08:19.209273" level="FAIL">Page should have contained text 'Logout' but did not.</msg>
<arg>Logout</arg>
<doc>Verifies that current page contains ``text``.</doc>
<status status="FAIL" start="2026-02-22T16:08:19.049090" elapsed="0.160717">Page should have contained text 'Logout' but did not.</status>
</kw>
<msg time="2026-02-22T16:08:19.209924" level="INFO">${logout} = False</msg>
<var>${logout}</var>
<arg>Page Should Contain</arg>
<arg>Logout</arg>
<doc>Runs the specified keyword and returns the status as a Boolean value.</doc>
<status status="PASS" start="2026-02-22T16:08:19.048198" elapsed="0.161753"/>
</kw>
<kw name="Run Keyword And Return Status" owner="BuiltIn">
<kw name="Page Should Contain" owner="SeleniumLibrary">
<msg time="2026-02-22T16:08:19.344501" level="INFO" html="true">&lt;/td&gt;&lt;/tr&gt;&lt;tr&gt;&lt;td colspan="3"&gt;&lt;a href="selenium-screenshot-10.png"&gt;&lt;img src="selenium-screenshot-10.png" width="800px"&gt;&lt;/a&gt;</msg>
<msg time="2026-02-22T16:08:19.344622" level="FAIL">Page should have contained text 'already registered' but did not.</msg>
<arg>already registered</arg>
<doc>Verifies that current page contains ``text``.</doc>
<status status="FAIL" start="2026-02-22T16:08:19.210345" elapsed="0.134838">Page should have contained text 'already registered' but did not.</status>
</kw>
<msg time="2026-02-22T16:08:19.345299" level="INFO">${exists} = False</msg>
<var>${exists}</var>
<arg>Page Should Contain</arg>
<arg>already registered</arg>
<doc>Runs the specified keyword and returns the status as a Boolean value.</doc>
<status status="PASS" start="2026-02-22T16:08:19.210077" elapsed="0.135248"/>
</kw>
<if>
<branch type="IF" condition="${logout} or ${exists}">
<kw name="Log" owner="BuiltIn">
<arg>Registration successful (new user or already registered)</arg>
<doc>Logs the given message with the given level.</doc>
<status status="NOT RUN" start="2026-02-22T16:08:19.345610" elapsed="0.000028"/>
</kw>
<status status="NOT RUN" start="2026-02-22T16:08:19.345414" elapsed="0.000262"/>
</branch>
<branch type="ELSE">
<kw name="Fail" owner="BuiltIn">
<msg time="2026-02-22T16:08:19.346051" level="FAIL">Registration failed - no expected result found</msg>
<arg>Registration failed - no expected result found</arg>
<doc>Fails the test with the given message and optionally alters its tags.</doc>
<status status="FAIL" start="2026-02-22T16:08:19.345786" elapsed="0.000321">Registration failed - no expected result found</status>
</kw>
<status status="FAIL" start="2026-02-22T16:08:19.345710" elapsed="0.000461">Registration failed - no expected result found</status>
</branch>
<status status="FAIL" start="2026-02-22T16:08:19.345392" elapsed="0.000818">Registration failed - no expected result found</status>
</if>
<status status="FAIL" start="2026-02-22T16:08:19.047112" elapsed="0.299175">Registration failed - no expected result found</status>
</kw>
<kw name="Check Registration Result">
<kw name="Run Keyword And Return Status" owner="BuiltIn">
<kw name="Page Should Contain" owner="SeleniumLibrary">
<msg time="2026-02-22T16:08:21.516521" level="INFO" html="true">&lt;/td&gt;&lt;/tr&gt;&lt;tr&gt;&lt;td colspan="3"&gt;&lt;a href="selenium-screenshot-11.png"&gt;&lt;img src="selenium-screenshot-11.png" width="800px"&gt;&lt;/a&gt;</msg>
<msg time="2026-02-22T16:08:21.516641" level="FAIL">Page should have contained text 'Logout' but did not.</msg>
<arg>Logout</arg>
<doc>Verifies that current page contains ``text``.</doc>
<status status="FAIL" start="2026-02-22T16:08:21.349558" elapsed="0.167624">Page should have contained text 'Logout' but did not.</status>
</kw>
<msg time="2026-02-22T16:08:21.517300" level="INFO">${logout} = False</msg>
<var>${logout}</var>
<arg>Page Should Contain</arg>
<arg>Logout</arg>
<doc>Runs the specified keyword and returns the status as a Boolean value.</doc>
<status status="PASS" start="2026-02-22T16:08:21.348535" elapsed="0.168791"/>
</kw>
<kw name="Run Keyword And Return Status" owner="BuiltIn">
<kw name="Page Should Contain" owner="SeleniumLibrary">
<msg time="2026-02-22T16:08:21.650599" level="INFO" html="true">&lt;/td&gt;&lt;/tr&gt;&lt;tr&gt;&lt;td colspan="3"&gt;&lt;a href="selenium-screenshot-12.png"&gt;&lt;img src="selenium-screenshot-12.png" width="800px"&gt;&lt;/a&gt;</msg>
<msg time="2026-02-22T16:08:21.650733" level="FAIL">Page should have contained text 'already registered' but did not.</msg>
<arg>already registered</arg>
<doc>Verifies that current page contains ``text``.</doc>
<status status="FAIL" start="2026-02-22T16:08:21.517836" elapsed="0.133758">Page should have contained text 'already registered' but did not.</status>
</kw>
<msg time="2026-02-22T16:08:21.651794" level="INFO">${exists} = False</msg>
<var>${exists}</var>
<arg>Page Should Contain</arg>
<arg>already registered</arg>
<doc>Runs the specified keyword and returns the status as a Boolean value.</doc>
<status status="PASS" start="2026-02-22T16:08:21.517449" elapsed="0.134379"/>
</kw>
<if>
<branch type="IF" condition="${logout} or ${exists}">
<kw name="Log" owner="BuiltIn">
<arg>Registration successful (new user or already registered)</arg>
<doc>Logs the given message with the given level.</doc>
<status status="NOT RUN" start="2026-02-22T16:08:21.652267" elapsed="0.000056"/>
</kw>
<status status="NOT RUN" start="2026-02-22T16:08:21.651963" elapsed="0.000446"/>
</branch>
<branch type="ELSE">
<kw name="Fail" owner="BuiltIn">
<msg time="2026-02-22T16:08:21.653141" level="FAIL">Registration failed - no expected result found</msg>
<arg>Registration failed - no expected result found</arg>
<doc>Fails the test with the given message and optionally alters its tags.</doc>
<status status="FAIL" start="2026-02-22T16:08:21.652639" elapsed="0.000606">Registration failed - no expected result found</status>
</kw>
<status status="FAIL" start="2026-02-22T16:08:21.652487" elapsed="0.000892">Registration failed - no expected result found</status>
</branch>
<status status="FAIL" start="2026-02-22T16:08:21.651922" elapsed="0.001523">Registration failed - no expected result found</status>
</if>
<status status="FAIL" start="2026-02-22T16:08:21.347694" elapsed="0.305955">Registration failed - no expected result found</status>
</kw>
<kw name="Check Registration Result">
<kw name="Run Keyword And Return Status" owner="BuiltIn">
<kw name="Page Should Contain" owner="SeleniumLibrary">
<msg time="2026-02-22T16:08:23.808894" level="INFO" html="true">&lt;/td&gt;&lt;/tr&gt;&lt;tr&gt;&lt;td colspan="3"&gt;&lt;a href="selenium-screenshot-13.png"&gt;&lt;img src="selenium-screenshot-13.png" width="800px"&gt;&lt;/a&gt;</msg>
<msg time="2026-02-22T16:08:23.809025" level="FAIL">Page should have contained text 'Logout' but did not.</msg>
<arg>Logout</arg>
<doc>Verifies that current page contains ``text``.</doc>
<status status="FAIL" start="2026-02-22T16:08:23.654923" elapsed="0.154802">Page should have contained text 'Logout' but did not.</status>
</kw>
<msg time="2026-02-22T16:08:23.809868" level="INFO">${logout} = False</msg>
<var>${logout}</var>
<arg>Page Should Contain</arg>
<arg>Logout</arg>
<doc>Runs the specified keyword and returns the status as a Boolean value.</doc>
<status status="PASS" start="2026-02-22T16:08:23.654651" elapsed="0.155247"/>
</kw>
<kw name="Run Keyword And Return Status" owner="BuiltIn">
<kw name="Page Should Contain" owner="SeleniumLibrary">
<msg time="2026-02-22T16:08:23.956048" level="INFO" html="true">&lt;/td&gt;&lt;/tr&gt;&lt;tr&gt;&lt;td colspan="3"&gt;&lt;a href="selenium-screenshot-14.png"&gt;&lt;img src="selenium-screenshot-14.png" width="800px"&gt;&lt;/a&gt;</msg>
<msg time="2026-02-22T16:08:23.956197" level="FAIL">Page should have contained text 'already registered' but did not.</msg>
<arg>already registered</arg>
<doc>Verifies that current page contains ``text``.</doc>
<status status="FAIL" start="2026-02-22T16:08:23.810454" elapsed="0.146427">Page should have contained text 'already registered' but did not.</status>
</kw>
<msg time="2026-02-22T16:08:23.957020" level="INFO">${exists} = False</msg>
<var>${exists}</var>
<arg>Page Should Contain</arg>
<arg>already registered</arg>
<doc>Runs the specified keyword and returns the status as a Boolean value.</doc>
<status status="PASS" start="2026-02-22T16:08:23.810107" elapsed="0.146942"/>
</kw>
<if>
<branch type="IF" condition="${logout} or ${exists}">
<kw name="Log" owner="BuiltIn">
<arg>Registration successful (new user or already registered)</arg>
<doc>Logs the given message with the given level.</doc>
<status status="NOT RUN" start="2026-02-22T16:08:23.957345" elapsed="0.000056"/>
</kw>
<status status="NOT RUN" start="2026-02-22T16:08:23.957143" elapsed="0.000295"/>
</branch>
<branch type="ELSE">
<kw name="Fail" owner="BuiltIn">
<msg time="2026-02-22T16:08:23.957809" level="FAIL">Registration failed - no expected result found</msg>
<arg>Registration failed - no expected result found</arg>
<doc>Fails the test with the given message and optionally alters its tags.</doc>
<status status="FAIL" start="2026-02-22T16:08:23.957553" elapsed="0.000312">Registration failed - no expected result found</status>
</kw>
<status status="FAIL" start="2026-02-22T16:08:23.957475" elapsed="0.000453">Registration failed - no expected result found</status>
</branch>
<status status="FAIL" start="2026-02-22T16:08:23.957119" elapsed="0.000850">Registration failed - no expected result found</status>
</if>
<status status="FAIL" start="2026-02-22T16:08:23.654342" elapsed="0.303705">Registration failed - no expected result found</status>
</kw>
<kw name="Check Registration Result">
<kw name="Run Keyword And Return Status" owner="BuiltIn">
<kw name="Page Should Contain" owner="SeleniumLibrary">
<msg time="2026-02-22T16:08:26.112357" level="INFO" html="true">&lt;/td&gt;&lt;/tr&gt;&lt;tr&gt;&lt;td colspan="3"&gt;&lt;a href="selenium-screenshot-15.png"&gt;&lt;img src="selenium-screenshot-15.png" width="800px"&gt;&lt;/a&gt;</msg>
<msg time="2026-02-22T16:08:26.112505" level="FAIL">Page should have contained text 'Logout' but did not.</msg>
<arg>Logout</arg>
<doc>Verifies that current page contains ``text``.</doc>
<status status="FAIL" start="2026-02-22T16:08:25.960142" elapsed="0.152984">Page should have contained text 'Logout' but did not.</status>
</kw>
<msg time="2026-02-22T16:08:26.113247" level="INFO">${logout} = False</msg>
<var>${logout}</var>
<arg>Page Should Contain</arg>
<arg>Logout</arg>
<doc>Runs the specified keyword and returns the status as a Boolean value.</doc>
<status status="PASS" start="2026-02-22T16:08:25.959458" elapsed="0.153817"/>
</kw>
<kw name="Run Keyword And Return Status" owner="BuiltIn">
<kw name="Page Should Contain" owner="SeleniumLibrary">
<msg time="2026-02-22T16:08:26.249116" level="INFO" html="true">&lt;/td&gt;&lt;/tr&gt;&lt;tr&gt;&lt;td colspan="3"&gt;&lt;a href="selenium-screenshot-16.png"&gt;&lt;img src="selenium-screenshot-16.png" width="800px"&gt;&lt;/a&gt;</msg>
<msg time="2026-02-22T16:08:26.249312" level="FAIL">Page should have contained text 'already registered' but did not.</msg>
<arg>already registered</arg>
<doc>Verifies that current page contains ``text``.</doc>
<status status="FAIL" start="2026-02-22T16:08:26.113983" elapsed="0.136362">Page should have contained text 'already registered' but did not.</status>
</kw>
<msg time="2026-02-22T16:08:26.250472" level="INFO">${exists} = False</msg>
<var>${exists}</var>
<arg>Page Should Contain</arg>
<arg>already registered</arg>
<doc>Runs the specified keyword and returns the status as a Boolean value.</doc>
<status status="PASS" start="2026-02-22T16:08:26.113488" elapsed="0.137010"/>
</kw>
<if>
<branch type="IF" condition="${logout} or ${exists}">
<kw name="Log" owner="BuiltIn">
<arg>Registration successful (new user or already registered)</arg>
<doc>Logs the given message with the given level.</doc>
<status status="NOT RUN" start="2026-02-22T16:08:26.250791" elapsed="0.000029"/>
</kw>
<status status="NOT RUN" start="2026-02-22T16:08:26.250589" elapsed="0.000270"/>
</branch>
<branch type="ELSE">
<kw name="Fail" owner="BuiltIn">
<msg time="2026-02-22T16:08:26.251224" level="FAIL">Registration failed - no expected result found</msg>
<arg>Registration failed - no expected result found</arg>
<doc>Fails the test with the given message and optionally alters its tags.</doc>
<status status="FAIL" start="2026-02-22T16:08:26.250970" elapsed="0.000311">Registration failed - no expected result found</status>
</kw>
<status status="FAIL" start="2026-02-22T16:08:26.250894" elapsed="0.000453">Registration failed - no expected result found</status>
</branch>
<status status="FAIL" start="2026-02-22T16:08:26.250566" elapsed="0.000818">Registration failed - no expected result found</status>
</if>
<status status="FAIL" start="2026-02-22T16:08:25.958906" elapsed="0.292556">Registration failed - no expected result found</status>
</kw>
<msg time="2026-02-22T16:08:26.251535" level="FAIL">Keyword 'Check Registration Result' failed after retrying for 15 seconds. The last error was: Registration failed - no expected result found</msg>
<arg>15s</arg>
<arg>2s</arg>
<arg>Check Registration Result</arg>
<doc>Runs the specified keyword and retries if it fails.</doc>
<status status="FAIL" start="2026-02-22T16:08:09.218729" elapsed="17.032884">Keyword 'Check Registration Result' failed after retrying for 15 seconds. The last error was: Registration failed - no expected result found</status>
</kw>
<arg>EMAIL=testuser12@test.com</arg>
<arg>PASSWORD=Omkar@2003</arg>
<arg>FIRSTNAME=Omkar</arg>
<arg>LASTNAME=Reddy</arg>
<arg>PHONE=9876543210</arg>
<arg>CITY=Hyderabad</arg>
<arg>POSTCODE=500001</arg>
<arg>EXPECTED=PASS</arg>
<status status="FAIL" start="2026-02-22T16:08:06.810638" elapsed="19.441063">Keyword 'Check Registration Result' failed after retrying for 15 seconds. The last error was: Registration failed - no expected result found</status>
</kw>
<status status="FAIL" start="2026-02-22T16:08:06.806965" elapsed="19.445170">Keyword 'Check Registration Result' failed after retrying for 15 seconds. The last error was: Registration failed - no expected result found</status>
</test>
<kw name="Close Browser" owner="SeleniumLibrary" type="TEARDOWN">
<doc>Closes the current browser.</doc>
<status status="PASS" start="2026-02-22T16:08:26.253377" elapsed="3.327013"/>
</kw>
<status status="FAIL" start="2026-02-22T16:07:47.671912" elapsed="41.909005"/>
</suite>
<suite id="s1-s2" name="01 Login Validation" source="C:\Users\Neeraja\Desktop\Wipro_Practice\Capstone_Project\robot-framework\tests\01_login_validation.robot">
<kw name="Open Application" owner="common" type="SETUP">
<kw name="Open Browser" owner="SeleniumLibrary">
<msg time="2026-02-22T16:08:29.624621" level="INFO">Opening browser 'firefox' to base url 'https://practice.automationtesting.in/'.</msg>
<arg>${URL}</arg>
<arg>${browser}</arg>
<doc>Opens a new browser instance to the optional ``url``.</doc>
<status status="PASS" start="2026-02-22T16:08:29.624435" elapsed="33.400052"/>
</kw>
<kw name="Maximize Browser Window" owner="SeleniumLibrary">
<doc>Maximizes current browser window.</doc>
<status status="PASS" start="2026-02-22T16:09:03.024818" elapsed="0.342190"/>
</kw>
<kw name="Set Selenium Timeout" owner="SeleniumLibrary">
<arg>${TIMEOUT}</arg>
<doc>Sets the timeout that is used by various keywords.</doc>
<status status="PASS" start="2026-02-22T16:09:03.367453" elapsed="0.007497"/>
</kw>
<status status="PASS" start="2026-02-22T16:08:29.624169" elapsed="33.750964"/>
</kw>
<test id="s1-s2-t1" name="User1" line="11">
<kw name="Go To Fresh Login Page" type="SETUP">
<kw name="Go To" owner="SeleniumLibrary">
<msg time="2026-02-22T16:09:03.377298" level="INFO">Opening url 'https://practice.automationtesting.in/my-account/'</msg>
<arg>https://practice.automationtesting.in/my-account/</arg>
<doc>Navigates the current browser window to the provided ``url``.</doc>
<status status="PASS" start="2026-02-22T16:09:03.377147" elapsed="6.063918"/>
</kw>
<kw name="Wait Until Page Contains Element" owner="SeleniumLibrary">
<arg>id=username</arg>
<doc>Waits until the element ``locator`` appears on the current page.</doc>
<status status="PASS" start="2026-02-22T16:09:09.441311" elapsed="0.022384"/>
</kw>
<kw name="Run Keyword And Ignore Error" owner="BuiltIn">
<kw name="Logout User" owner="login_keywords">
<kw name="Go To" owner="SeleniumLibrary">
<msg time="2026-02-22T16:09:09.465427" level="INFO">Opening url 'https://practice.automationtesting.in/my-account/'</msg>
<arg>https://practice.automationtesting.in/my-account/</arg>
<doc>Navigates the current browser window to the provided ``url``.</doc>
<status status="PASS" start="2026-02-22T16:09:09.465316" elapsed="1.506660"/>
</kw>
<kw name="Wait Until Page Contains Element" owner="SeleniumLibrary">
<arg>css=body</arg>
<doc>Waits until the element ``locator`` appears on the current page.</doc>
<status status="PASS" start="2026-02-22T16:09:10.972231" elapsed="0.101502"/>
</kw>
<kw name="Run Keyword And Ignore Error" owner="BuiltIn">
<kw name="Click Element" owner="SeleniumLibrary">
<msg time="2026-02-22T16:09:11.074374" level="INFO">Clicking element 'xpath=//a[text()='Logout']'.</msg>
<msg time="2026-02-22T16:09:11.136262" level="INFO" html="true">&lt;/td&gt;&lt;/tr&gt;&lt;tr&gt;&lt;td colspan="3"&gt;&lt;a href="selenium-screenshot-17.png"&gt;&lt;img src="selenium-screenshot-17.png" width="800px"&gt;&lt;/a&gt;</msg>
<msg time="2026-02-22T16:09:11.136413" level="FAIL">Element with locator 'xpath=//a[text()='Logout']' not found.</msg>
<arg>xpath=//a[text()='Logout']</arg>
<doc>Click the element identified by ``locator``.</doc>
<status status="FAIL" start="2026-02-22T16:09:11.074218" elapsed="0.097610">Element with locator 'xpath=//a[text()='Logout']' not found.</status>
</kw>
<arg>Click Element</arg>
<arg>xpath=//a[text()='Logout']</arg>
<doc>Runs the given keyword with the given arguments and ignores possible error.</doc>
<status status="PASS" start="2026-02-22T16:09:11.073898" elapsed="0.098036"/>
</kw>
<kw name="Wait Until Element Is Visible" owner="SeleniumLibrary">
<arg>id=username</arg>
<arg>15s</arg>
<doc>Waits until the element ``locator`` is visible.</doc>
<status status="PASS" start="2026-02-22T16:09:11.172066" elapsed="0.013338"/>
</kw>
<status status="PASS" start="2026-02-22T16:09:09.465040" elapsed="1.720467"/>
</kw>
<arg>Logout User</arg>
<doc>Runs the given keyword with the given arguments and ignores possible error.</doc>
<status status="PASS" start="2026-02-22T16:09:09.464129" elapsed="1.721433"/>
</kw>
<kw name="Go To" owner="SeleniumLibrary">
<msg time="2026-02-22T16:09:11.185819" level="INFO">Opening url 'https://practice.automationtesting.in/my-account/'</msg>
<arg>https://practice.automationtesting.in/my-account/</arg>
<doc>Navigates the current browser window to the provided ``url``.</doc>
<status status="PASS" start="2026-02-22T16:09:11.185682" elapsed="4.628106"/>
</kw>
<kw name="Wait Until Element Is Visible" owner="SeleniumLibrary">
<arg>id=username</arg>
<doc>Waits until the element ``locator`` is visible.</doc>
<status status="PASS" start="2026-02-22T16:09:15.814125" elapsed="0.064011"/>
</kw>
<status status="PASS" start="2026-02-22T16:09:03.376697" elapsed="12.501702"/>
</kw>
<kw name="Login Validation Template">
<kw name="Login User" owner="login_keywords">
<kw name="Input Text" owner="SeleniumLibrary">
<msg time="2026-02-22T16:09:15.882296" level="INFO">Typing text 'testuser1@test.com' into text field 'id=username'.</msg>
<arg>id=username</arg>
<arg>${EMAIL}</arg>
<doc>Types the given ``text`` into the text field identified by ``locator``.</doc>
<status status="PASS" start="2026-02-22T16:09:15.881924" elapsed="0.078000"/>
</kw>
<kw name="Input Text" owner="SeleniumLibrary">
<msg time="2026-02-22T16:09:15.960746" level="INFO">Typing text 'Omkar@2003' into text field 'id=password'.</msg>
<arg>id=password</arg>
<arg>${PASSWORD}</arg>
<doc>Types the given ``text`` into the text field identified by ``locator``.</doc>
<status status="PASS" start="2026-02-22T16:09:15.960315" elapsed="0.053399"/>
</kw>
<kw name="Click Button" owner="SeleniumLibrary">
<msg time="2026-02-22T16:09:16.014517" level="INFO">Clicking button 'name=login'.</msg>
<arg>name=login</arg>
<doc>Clicks the button identified by ``locator``.</doc>
<status status="PASS" start="2026-02-22T16:09:16.014111" elapsed="1.835320"/>
</kw>
<arg>${EMAIL}</arg>
<arg>${PASSWORD}</arg>
<status status="PASS" start="2026-02-22T16:09:15.881236" elapsed="1.968395"/>
</kw>
<kw name="Run Keyword And Return Status" owner="BuiltIn">
<kw name="Wait Until Element Is Visible" owner="SeleniumLibrary">
<arg>css=div.woocommerce-MyAccount-content</arg>
<arg>5s</arg>
<doc>Waits until the element ``locator`` is visible.</doc>
<status status="PASS" start="2026-02-22T16:09:17.850659" elapsed="0.117328"/>
</kw>
<msg time="2026-02-22T16:09:17.968275" level="INFO">${dashboard_visible} = True</msg>
<var>${dashboard_visible}</var>
<arg>Wait Until Element Is Visible</arg>
<arg>css=div.woocommerce-MyAccount-content</arg>
<arg>5s</arg>
<doc>Runs the specified keyword and returns the status as a Boolean value.</doc>
<status status="PASS" start="2026-02-22T16:09:17.849937" elapsed="0.118402"/>
</kw>
<if>
<branch type="IF" condition="'${EXPECTED}'=='PASS'">
<kw name="Should Be True" owner="BuiltIn">
<arg>${dashboard_visible}</arg>
<doc>Fails if the given condition is not true.</doc>
<status status="PASS" start="2026-02-22T16:09:17.969223" elapsed="0.000781"/>
</kw>
<kw name="Logout User" owner="login_keywords">
<kw name="Go To" owner="SeleniumLibrary">
<msg time="2026-02-22T16:09:17.971844" level="INFO">Opening url 'https://practice.automationtesting.in/my-account/'</msg>
<arg>https://practice.automationtesting.in/my-account/</arg>
<doc>Navigates the current browser window to the provided ``url``.</doc>
<status status="PASS" start="2026-02-22T16:09:17.971576" elapsed="6.834759"/>
</kw>
<kw name="Wait Until Page Contains Element" owner="SeleniumLibrary">
<arg>css=body</arg>
<doc>Waits until the element ``locator`` appears on the current page.</doc>
<status status="PASS" start="2026-02-22T16:09:24.806640" elapsed="0.015230"/>
</kw>
<kw name="Run Keyword And Ignore Error" owner="BuiltIn">
<kw name="Click Element" owner="SeleniumLibrary">
<msg time="2026-02-22T16:09:24.822553" level="INFO">Clicking element 'xpath=//a[text()='Logout']'.</msg>
<arg>xpath=//a[text()='Logout']</arg>
<doc>Click the element identified by ``locator``.</doc>
<status status="PASS" start="2026-02-22T16:09:24.822374" elapsed="1.622947"/>
</kw>
<arg>Click Element</arg>
<arg>xpath=//a[text()='Logout']</arg>
<doc>Runs the given keyword with the given arguments and ignores possible error.</doc>
<status status="PASS" start="2026-02-22T16:09:24.822046" elapsed="1.623465"/>
</kw>
<kw name="Wait Until Element Is Visible" owner="SeleniumLibrary">
<arg>id=username</arg>
<arg>15s</arg>
<doc>Waits until the element ``locator`` is visible.</doc>
<status status="PASS" start="2026-02-22T16:09:26.445799" elapsed="0.119230"/>
</kw>
<status status="PASS" start="2026-02-22T16:09:17.970755" elapsed="8.594901"/>
</kw>
<kw name="Wait Until Element Is Visible" owner="SeleniumLibrary">
<arg>id=username</arg>
<doc>Waits until the element ``locator`` is visible.</doc>
<status status="PASS" start="2026-02-22T16:09:26.565907" elapsed="0.013347"/>
</kw>
<status status="PASS" start="2026-02-22T16:09:17.968696" elapsed="8.610768"/>
</branch>
<status status="PASS" start="2026-02-22T16:09:17.968553" elapsed="8.611122"/>
</if>
<if>
<branch type="IF" condition="'${EXPECTED}'=='FAIL'">
<kw name="Should Not Be True" owner="BuiltIn">
<arg>${dashboard_visible}</arg>
<doc>Fails if the given condition is true.</doc>
<status status="NOT RUN" start="2026-02-22T16:09:26.581254" elapsed="0.000138"/>
</kw>
<status status="NOT RUN" start="2026-02-22T16:09:26.580041" elapsed="0.001513"/>
</branch>
<status status="PASS" start="2026-02-22T16:09:26.579942" elapsed="0.001696"/>
</if>
<arg>EMAIL=testuser1@test.com</arg>
<arg>PASSWORD=Omkar@2003</arg>
<arg>FIRSTNAME=Omkar</arg>
<arg>LASTNAME=Reddy</arg>
<arg>PHONE=9876543210</arg>
<arg>CITY=Hyderabad</arg>
<arg>POSTCODE=500001</arg>
<arg>EXPECTED=PASS</arg>
<status status="PASS" start="2026-02-22T16:09:15.880092" elapsed="10.701702"/>
</kw>
<status status="PASS" start="2026-02-22T16:09:03.375235" elapsed="23.207169"/>
</test>
<test id="s1-s2-t2" name="User2" line="11">
<kw name="Go To Fresh Login Page" type="SETUP">
<kw name="Go To" owner="SeleniumLibrary">
<msg time="2026-02-22T16:09:26.584977" level="INFO">Opening url 'https://practice.automationtesting.in/my-account/'</msg>
<arg>https://practice.automationtesting.in/my-account/</arg>
<doc>Navigates the current browser window to the provided ``url``.</doc>
<status status="PASS" start="2026-02-22T16:09:26.584874" elapsed="1.267316"/>
</kw>
<kw name="Wait Until Page Contains Element" owner="SeleniumLibrary">
<arg>id=username</arg>
<doc>Waits until the element ``locator`` appears on the current page.</doc>
<status status="PASS" start="2026-02-22T16:09:27.852491" elapsed="0.096055"/>
</kw>
<kw name="Run Keyword And Ignore Error" owner="BuiltIn">
<kw name="Logout User" owner="login_keywords">
<kw name="Go To" owner="SeleniumLibrary">
<msg time="2026-02-22T16:09:27.949476" level="INFO">Opening url 'https://practice.automationtesting.in/my-account/'</msg>
<arg>https://practice.automationtesting.in/my-account/</arg>
<doc>Navigates the current browser window to the provided ``url``.</doc>
<status status="PASS" start="2026-02-22T16:09:27.949363" elapsed="4.465927"/>
</kw>
<kw name="Wait Until Page Contains Element" owner="SeleniumLibrary">
<arg>css=body</arg>
<doc>Waits until the element ``locator`` appears on the current page.</doc>
<status status="PASS" start="2026-02-22T16:09:32.415663" elapsed="0.004490"/>
</kw>
<kw name="Run Keyword And Ignore Error" owner="BuiltIn">
<kw name="Click Element" owner="SeleniumLibrary">
<msg time="2026-02-22T16:09:32.421081" level="INFO">Clicking element 'xpath=//a[text()='Logout']'.</msg>
<msg time="2026-02-22T16:09:32.500066" level="INFO" html="true">&lt;/td&gt;&lt;/tr&gt;&lt;tr&gt;&lt;td colspan="3"&gt;&lt;a href="selenium-screenshot-18.png"&gt;&lt;img src="selenium-screenshot-18.png" width="800px"&gt;&lt;/a&gt;</msg>
<msg time="2026-02-22T16:09:32.500189" level="FAIL">Element with locator 'xpath=//a[text()='Logout']' not found.</msg>
<arg>xpath=//a[text()='Logout']</arg>
<doc>Click the element identified by ``locator``.</doc>
<status status="FAIL" start="2026-02-22T16:09:32.420851" elapsed="0.080221">Element with locator 'xpath=//a[text()='Logout']' not found.</status>
</kw>
<arg>Click Element</arg>
<arg>xpath=//a[text()='Logout']</arg>
<doc>Runs the given keyword with the given arguments and ignores possible error.</doc>
<status status="PASS" start="2026-02-22T16:09:32.420390" elapsed="0.080772"/>
</kw>
<kw name="Wait Until Element Is Visible" owner="SeleniumLibrary">
<arg>id=username</arg>
<arg>15s</arg>
<doc>Waits until the element ``locator`` is visible.</doc>
<status status="PASS" start="2026-02-22T16:09:32.501293" elapsed="0.013235"/>
</kw>
<status status="PASS" start="2026-02-22T16:09:27.949103" elapsed="4.565533"/>
</kw>
<arg>Logout User</arg>
<doc>Runs the given keyword with the given arguments and ignores possible error.</doc>
<status status="PASS" start="2026-02-22T16:09:27.948745" elapsed="4.565961"/>
</kw>
<kw name="Go To" owner="SeleniumLibrary">
<msg time="2026-02-22T16:09:32.514941" level="INFO">Opening url 'https://practice.automationtesting.in/my-account/'</msg>
<arg>https://practice.automationtesting.in/my-account/</arg>
<doc>Navigates the current browser window to the provided ``url``.</doc>
<status status="PASS" start="2026-02-22T16:09:32.514830" elapsed="1.940162"/>
</kw>
<kw name="Wait Until Element Is Visible" owner="SeleniumLibrary">
<arg>id=username</arg>
<doc>Waits until the element ``locator`` is visible.</doc>
<status status="PASS" start="2026-02-22T16:09:34.455540" elapsed="0.130854"/>
</kw>
<status status="PASS" start="2026-02-22T16:09:26.584603" elapsed="8.001909"/>
</kw>
<kw name="Login Validation Template">
<kw name="Login User" owner="login_keywords">
<kw name="Input Text" owner="SeleniumLibrary">
<msg time="2026-02-22T16:09:34.589773" level="INFO">Typing text 'testuser2@test.com' into text field 'id=username'.</msg>
<arg>id=username</arg>
<arg>${EMAIL}</arg>
<doc>Types the given ``text`` into the text field identified by ``locator``.</doc>
<status status="PASS" start="2026-02-22T16:09:34.588844" elapsed="0.046716"/>
</kw>
<kw name="Input Text" owner="SeleniumLibrary">
<msg time="2026-02-22T16:09:34.635970" level="INFO">Typing text 'Wrong123' into text field 'id=password'.</msg>
<arg>id=password</arg>
<arg>${PASSWORD}</arg>
<doc>Types the given ``text`` into the text field identified by ``locator``.</doc>
<status status="PASS" start="2026-02-22T16:09:34.635738" elapsed="0.038557"/>
</kw>
<kw name="Click Button" owner="SeleniumLibrary">
<msg time="2026-02-22T16:09:34.675253" level="INFO">Clicking button 'name=login'.</msg>
<arg>name=login</arg>
<doc>Clicks the button identified by ``locator``.</doc>
<status status="PASS" start="2026-02-22T16:09:34.674546" elapsed="1.417996"/>
</kw>
<arg>${EMAIL}</arg>
<arg>${PASSWORD}</arg>
<status status="PASS" start="2026-02-22T16:09:34.588065" elapsed="1.504674"/>
</kw>
<kw name="Run Keyword And Return Status" owner="BuiltIn">
<kw name="Wait Until Element Is Visible" owner="SeleniumLibrary">
<msg time="2026-02-22T16:09:41.210612" level="INFO" html="true">&lt;/td&gt;&lt;/tr&gt;&lt;tr&gt;&lt;td colspan="3"&gt;&lt;a href="selenium-screenshot-19.png"&gt;&lt;img src="selenium-screenshot-19.png" width="800px"&gt;&lt;/a&gt;</msg>
<msg time="2026-02-22T16:09:41.210821" level="FAIL">Element 'css=div.woocommerce-MyAccount-content' not visible after 5 seconds.</msg>
<arg>css=div.woocommerce-MyAccount-content</arg>
<arg>5s</arg>
<doc>Waits until the element ``locator`` is visible.</doc>
<status status="FAIL" start="2026-02-22T16:09:36.093773" elapsed="5.133295">Element 'css=div.woocommerce-MyAccount-content' not visible after 5 seconds.</status>
</kw>
<msg time="2026-02-22T16:09:41.227220" level="INFO">${dashboard_visible} = False</msg>
<var>${dashboard_visible}</var>
<arg>Wait Until Element Is Visible</arg>
<arg>css=div.woocommerce-MyAccount-content</arg>
<arg>5s</arg>
<doc>Runs the specified keyword and returns the status as a Boolean value.</doc>
<status status="PASS" start="2026-02-22T16:09:36.093007" elapsed="5.134243"/>
</kw>
<if>
<branch type="IF" condition="'${EXPECTED}'=='PASS'">
<kw name="Should Be True" owner="BuiltIn">
<arg>${dashboard_visible}</arg>
<doc>Fails if the given condition is not true.</doc>
<status status="NOT RUN" start="2026-02-22T16:09:41.227816" elapsed="0.000032"/>
</kw>
<kw name="Logout User" owner="login_keywords">
<status status="NOT RUN" start="2026-02-22T16:09:41.227985" elapsed="0.000030"/>
</kw>
<kw name="Wait Until Element Is Visible" owner="SeleniumLibrary">
<arg>id=username</arg>
<doc>Waits until the element ``locator`` is visible.</doc>
<status status="NOT RUN" start="2026-02-22T16:09:41.228100" elapsed="0.000025"/>
</kw>
<status status="NOT RUN" start="2026-02-22T16:09:41.227587" elapsed="0.000574"/>
</branch>
<status status="PASS" start="2026-02-22T16:09:41.227548" elapsed="0.000650"/>
</if>
<if>
<branch type="IF" condition="'${EXPECTED}'=='FAIL'">
<kw name="Should Not Be True" owner="BuiltIn">
<arg>${dashboard_visible}</arg>
<doc>Fails if the given condition is true.</doc>
<status status="PASS" start="2026-02-22T16:09:41.228396" elapsed="0.000265"/>
</kw>
<status status="PASS" start="2026-02-22T16:09:41.228249" elapsed="0.000458"/>
</branch>
<status status="PASS" start="2026-02-22T16:09:41.228235" elapsed="0.000509"/>
</if>
<arg>EMAIL=testuser2@test.com</arg>
<arg>PASSWORD=Wrong123</arg>
<arg>FIRSTNAME=</arg>
<arg>LASTNAME=</arg>
<arg>PHONE=9876543222</arg>
<arg>CITY=Chennai</arg>
<arg>POSTCODE=600001</arg>
<arg>EXPECTED=FAIL</arg>
<status status="PASS" start="2026-02-22T16:09:34.587024" elapsed="6.641766"/>
</kw>
<status status="PASS" start="2026-02-22T16:09:26.583569" elapsed="14.645542"/>
</test>
<test id="s1-s2-t3" name="User3" line="11">
<kw name="Go To Fresh Login Page" type="SETUP">
<kw name="Go To" owner="SeleniumLibrary">
<msg time="2026-02-22T16:09:41.231151" level="INFO">Opening url 'https://practice.automationtesting.in/my-account/'</msg>
<arg>https://practice.automationtesting.in/my-account/</arg>
<doc>Navigates the current browser window to the provided ``url``.</doc>
<status status="PASS" start="2026-02-22T16:09:41.231047" elapsed="1.456917"/>
</kw>
<kw name="Wait Until Page Contains Element" owner="SeleniumLibrary">
<arg>id=username</arg>
<doc>Waits until the element ``locator`` appears on the current page.</doc>
<status status="PASS" start="2026-02-22T16:09:42.688201" elapsed="0.097945"/>
</kw>
<kw name="Run Keyword And Ignore Error" owner="BuiltIn">
<kw name="Logout User" owner="login_keywords">
<kw name="Go To" owner="SeleniumLibrary">
<msg time="2026-02-22T16:09:42.788561" level="INFO">Opening url 'https://practice.automationtesting.in/my-account/'</msg>
<arg>https://practice.automationtesting.in/my-account/</arg>
<doc>Navigates the current browser window to the provided ``url``.</doc>
<status status="PASS" start="2026-02-22T16:09:42.788162" elapsed="3.798499"/>
</kw>
<kw name="Wait Until Page Contains Element" owner="SeleniumLibrary">
<arg>css=body</arg>
<doc>Waits until the element ``locator`` appears on the current page.</doc>
<status status="PASS" start="2026-02-22T16:09:46.587035" elapsed="0.018018"/>
</kw>
<kw name="Run Keyword And Ignore Error" owner="BuiltIn">
<kw name="Click Element" owner="SeleniumLibrary">
<msg time="2026-02-22T16:09:46.617451" level="INFO">Clicking element 'xpath=//a[text()='Logout']'.</msg>
<msg time="2026-02-22T16:09:46.741848" level="INFO" html="true">&lt;/td&gt;&lt;/tr&gt;&lt;tr&gt;&lt;td colspan="3"&gt;&lt;a href="selenium-screenshot-20.png"&gt;&lt;img src="selenium-screenshot-20.png" width="800px"&gt;&lt;/a&gt;</msg>
<msg time="2026-02-22T16:09:46.742099" level="FAIL">Element with locator 'xpath=//a[text()='Logout']' not found.</msg>
<arg>xpath=//a[text()='Logout']</arg>
<doc>Click the element identified by ``locator``.</doc>
<status status="FAIL" start="2026-02-22T16:09:46.606356" elapsed="0.138340">Element with locator 'xpath=//a[text()='Logout']' not found.</status>
</kw>
<arg>Click Element</arg>
<arg>xpath=//a[text()='Logout']</arg>
<doc>Runs the given keyword with the given arguments and ignores possible error.</doc>
<status status="PASS" start="2026-02-22T16:09:46.605468" elapsed="0.139454"/>
</kw>
<kw name="Wait Until Element Is Visible" owner="SeleniumLibrary">
<arg>id=username</arg>
<arg>15s</arg>
<doc>Waits until the element ``locator`` is visible.</doc>
<status status="PASS" start="2026-02-22T16:09:46.745539" elapsed="0.016400"/>
</kw>
<status status="PASS" start="2026-02-22T16:09:42.787462" elapsed="3.974779"/>
</kw>
<arg>Logout User</arg>
<doc>Runs the given keyword with the given arguments and ignores possible error.</doc>
<status status="PASS" start="2026-02-22T16:09:42.786480" elapsed="3.975939"/>
</kw>
<kw name="Go To" owner="SeleniumLibrary">
<msg time="2026-02-22T16:09:46.763049" level="INFO">Opening url 'https://practice.automationtesting.in/my-account/'</msg>
<arg>https://practice.automationtesting.in/my-account/</arg>
<doc>Navigates the current browser window to the provided ``url``.</doc>
<status status="PASS" start="2026-02-22T16:09:46.762734" elapsed="2.425142"/>
</kw>
<kw name="Wait Until Element Is Visible" owner="SeleniumLibrary">
<arg>id=username</arg>
<doc>Waits until the element ``locator`` is visible.</doc>
<status status="PASS" start="2026-02-22T16:09:49.188070" elapsed="0.017047"/>
</kw>
<status status="PASS" start="2026-02-22T16:09:41.230783" elapsed="7.974439"/>
</kw>
<kw name="Login Validation Template">
<kw name="Login User" owner="login_keywords">
<kw name="Input Text" owner="SeleniumLibrary">
<msg time="2026-02-22T16:09:49.206745" level="INFO">Typing text 'testuser3@test.com' into text field 'id=username'.</msg>
<arg>id=username</arg>
<arg>${EMAIL}</arg>
<doc>Types the given ``text`` into the text field identified by ``locator``.</doc>
<status status="PASS" start="2026-02-22T16:09:49.206485" elapsed="0.055829"/>
</kw>
<kw name="Input Text" owner="SeleniumLibrary">
<msg time="2026-02-22T16:09:49.263064" level="INFO">Typing text '' into text field 'id=password'.</msg>
<arg>id=password</arg>
<arg>${PASSWORD}</arg>
<doc>Types the given ``text`` into the text field identified by ``locator``.</doc>
<status status="PASS" start="2026-02-22T16:09:49.262768" elapsed="0.027720"/>
</kw>
<kw name="Click Button" owner="SeleniumLibrary">
<msg time="2026-02-22T16:09:49.290836" level="INFO">Clicking button 'name=login'.</msg>
<arg>name=login</arg>
<doc>Clicks the button identified by ``locator``.</doc>
<status status="PASS" start="2026-02-22T16:09:49.290654" elapsed="3.353434"/>
</kw>
<arg>${EMAIL}</arg>
<arg>${PASSWORD}</arg>
<status status="PASS" start="2026-02-22T16:09:49.206219" elapsed="3.437999"/>
</kw>
<kw name="Run Keyword And Return Status" owner="BuiltIn">
<kw name="Wait Until Element Is Visible" owner="SeleniumLibrary">
<msg time="2026-02-22T16:09:57.907435" level="INFO" html="true">&lt;/td&gt;&lt;/tr&gt;&lt;tr&gt;&lt;td colspan="3"&gt;&lt;a href="selenium-screenshot-21.png"&gt;&lt;img src="selenium-screenshot-21.png" width="800px"&gt;&lt;/a&gt;</msg>
<msg time="2026-02-22T16:09:57.907563" level="FAIL">Element 'css=div.woocommerce-MyAccount-content' not visible after 5 seconds.</msg>
<arg>css=div.woocommerce-MyAccount-content</arg>
<arg>5s</arg>
<doc>Waits until the element ``locator`` is visible.</doc>
<status status="FAIL" start="2026-02-22T16:09:52.645008" elapsed="5.263344">Element 'css=div.woocommerce-MyAccount-content' not visible after 5 seconds.</status>
</kw>
<msg time="2026-02-22T16:09:57.908482" level="INFO">${dashboard_visible} = False</msg>
<var>${dashboard_visible}</var>
<arg>Wait Until Element Is Visible</arg>
<arg>css=div.woocommerce-MyAccount-content</arg>
<arg>5s</arg>
<doc>Runs the specified keyword and returns the status as a Boolean value.</doc>
<status status="PASS" start="2026-02-22T16:09:52.644428" elapsed="5.264081"/>
</kw>
<if>
<branch type="IF" condition="'${EXPECTED}'=='PASS'">
<kw name="Should Be True" owner="BuiltIn">
<arg>${dashboard_visible}</arg>
<doc>Fails if the given condition is not true.</doc>
<status status="NOT RUN" start="2026-02-22T16:09:57.908892" elapsed="0.000031"/>
</kw>
<kw name="Logout User" owner="login_keywords">
<status status="NOT RUN" start="2026-02-22T16:09:57.909147" elapsed="0.000031"/>
</kw>
<kw name="Wait Until Element Is Visible" owner="SeleniumLibrary">
<arg>id=username</arg>
<doc>Waits until the element ``locator`` is visible.</doc>
<status status="NOT RUN" start="2026-02-22T16:09:57.909263" elapsed="0.000032"/>
</kw>
<status status="NOT RUN" start="2026-02-22T16:09:57.908606" elapsed="0.000726"/>
</branch>
<status status="PASS" start="2026-02-22T16:09:57.908581" elapsed="0.000791"/>
</if>
<if>
<branch type="IF" condition="'${EXPECTED}'=='FAIL'">
<kw name="Should Not Be True" owner="BuiltIn">
<arg>${dashboard_visible}</arg>
<doc>Fails if the given condition is true.</doc>
<status status="PASS" start="2026-02-22T16:09:57.909575" elapsed="0.000265"/>
</kw>
<status status="PASS" start="2026-02-22T16:09:57.909426" elapsed="0.000459"/>
</branch>
<status status="PASS" start="2026-02-22T16:09:57.909411" elapsed="0.000510"/>
</if>
<arg>EMAIL=testuser3@test.com</arg>
<arg>PASSWORD=</arg>
<arg>FIRSTNAME=Anil</arg>
<arg>LASTNAME=Varma</arg>
<arg>PHONE=</arg>
<arg>CITY=Bangalore</arg>
<arg>POSTCODE=560001</arg>
<arg>EXPECTED=FAIL</arg>
<status status="PASS" start="2026-02-22T16:09:49.205739" elapsed="8.704228"/>
</kw>
<status status="PASS" start="2026-02-22T16:09:41.229897" elapsed="16.680381"/>
</test>
<kw name="Close Application" owner="common" type="TEARDOWN">
<kw name="Close All Browsers" owner="SeleniumLibrary">
<doc>Closes all open browsers and resets the browser cache.</doc>
<status status="PASS" start="2026-02-22T16:09:57.911557" elapsed="3.500981"/>
</kw>
<status status="PASS" start="2026-02-22T16:09:57.911390" elapsed="3.501639"/>
</kw>
<status status="PASS" start="2026-02-22T16:08:29.584169" elapsed="91.829065"/>
</suite>
<suite id="s1-s3" name="02 Search Validation" source="C:\Users\Neeraja\Desktop\Wipro_Practice\Capstone_Project\robot-framework\tests\02_search_validation.robot">
<kw name="Open Application" owner="common" type="SETUP">
<kw name="Open Browser" owner="SeleniumLibrary">
<msg time="2026-02-22T16:10:01.430576" level="INFO">Opening browser 'firefox' to base url 'https://practice.automationtesting.in/'.</msg>
<arg>${URL}</arg>
<arg>${browser}</arg>
<doc>Opens a new browser instance to the optional ``url``.</doc>
<status status="PASS" start="2026-02-22T16:10:01.430231" elapsed="39.792099"/>
</kw>
<kw name="Maximize Browser Window" owner="SeleniumLibrary">
<doc>Maximizes current browser window.</doc>
<status status="PASS" start="2026-02-22T16:10:41.222727" elapsed="0.330414"/>
</kw>
<kw name="Set Selenium Timeout" owner="SeleniumLibrary">
<arg>${TIMEOUT}</arg>
<doc>Sets the timeout that is used by various keywords.</doc>
<status status="PASS" start="2026-02-22T16:10:41.554858" elapsed="0.025507"/>
</kw>
<status status="PASS" start="2026-02-22T16:10:01.429705" elapsed="40.150941"/>
</kw>
<test id="s1-s3-t1" name="Search With Valid Product" line="65">
<kw name="Go To Shop Page" type="SETUP">
<kw name="Go To" owner="SeleniumLibrary">
<msg time="2026-02-22T16:10:41.587387" level="INFO">Opening url 'https://practice.automationtesting.in/shop/'</msg>
<arg>https://practice.automationtesting.in/shop/</arg>
<doc>Navigates the current browser window to the provided ``url``.</doc>
<status status="PASS" start="2026-02-22T16:10:41.587027" elapsed="3.995638"/>
</kw>
<kw name="Wait Until Page Contains Element" owner="SeleniumLibrary">
<arg>id=content</arg>
<doc>Waits until the element ``locator`` appears on the current page.</doc>
<status status="PASS" start="2026-02-22T16:10:45.582921" elapsed="0.101916"/>
</kw>
<status status="PASS" start="2026-02-22T16:10:41.586014" elapsed="4.098937"/>
</kw>
<kw name="Search And Validate Products">
<kw name="Input Text" owner="SeleniumLibrary">
<msg time="2026-02-22T16:10:45.686622" level="INFO">Typing text 'HTML' into text field 'id=s'.</msg>
<arg>id=s</arg>
<arg>${product}</arg>
<doc>Types the given ``text`` into the text field identified by ``locator``.</doc>
<status status="PASS" start="2026-02-22T16:10:45.686304" elapsed="0.063763"/>
</kw>
<kw name="Textfield Value Should Be" owner="SeleniumLibrary">
<msg time="2026-02-22T16:10:45.774578" level="INFO">Content of text field 'id=s' is 'HTML'.</msg>
<arg>id=s</arg>
<arg>${product}</arg>
<doc>Verifies text field ``locator`` has exactly text ``expected``.</doc>
<status status="PASS" start="2026-02-22T16:10:45.750268" elapsed="0.024397"/>
</kw>
<kw name="Press Keys" owner="SeleniumLibrary">
<msg time="2026-02-22T16:10:45.775206" level="INFO">Sending key(s) ('ENTER',) to id=s element.</msg>
<msg time="2026-02-22T16:10:46.214093" level="INFO">Pressing special key ENTER to element.</msg>
<msg time="2026-02-22T16:10:46.214755" level="INFO">Releasing special key ENTER.</msg>
<arg>id=s</arg>
<arg>ENTER</arg>
<doc>Simulates the user pressing key(s) to an element or on the active browser.</doc>
<status status="PASS" start="2026-02-22T16:10:45.774829" elapsed="0.459793"/>
</kw>
<arg>${VALID_PRODUCT}</arg>
<arg>PASS</arg>
<status status="PASS" start="2026-02-22T16:10:45.685619" elapsed="0.549122"/>
</kw>
<status status="PASS" start="2026-02-22T16:10:41.580916" elapsed="4.654134"/>
</test>
<test id="s1-s3-t2" name="Search With Invalid Product" line="68">
<kw name="Go To Shop Page" type="SETUP">
<kw name="Go To" owner="SeleniumLibrary">
<msg time="2026-02-22T16:10:46.236463" level="INFO">Opening url 'https://practice.automationtesting.in/shop/'</msg>
<arg>https://practice.automationtesting.in/shop/</arg>
<doc>Navigates the current browser window to the provided ``url``.</doc>
<status status="PASS" start="2026-02-22T16:10:46.236355" elapsed="1.895399"/>
</kw>
<kw name="Wait Until Page Contains Element" owner="SeleniumLibrary">
<arg>id=content</arg>
<doc>Waits until the element ``locator`` appears on the current page.</doc>
<status status="PASS" start="2026-02-22T16:10:48.131997" elapsed="0.021673"/>
</kw>
<status status="PASS" start="2026-02-22T16:10:46.236034" elapsed="1.917742"/>
</kw>
<kw name="Search And Validate Products">
<kw name="Input Text" owner="SeleniumLibrary">
<msg time="2026-02-22T16:10:48.155147" level="INFO">Typing text 'XYZINVALID123' into text field 'id=s'.</msg>
<arg>id=s</arg>
<arg>${product}</arg>
<doc>Types the given ``text`` into the text field identified by ``locator``.</doc>
<status status="PASS" start="2026-02-22T16:10:48.154754" elapsed="0.044691"/>
</kw>
<kw name="Textfield Value Should Be" owner="SeleniumLibrary">
<msg time="2026-02-22T16:10:48.217947" level="INFO">Content of text field 'id=s' is 'XYZINVALID123'.</msg>
<arg>id=s</arg>
<arg>${product}</arg>
<doc>Verifies text field ``locator`` has exactly text ``expected``.</doc>
<status status="PASS" start="2026-02-22T16:10:48.199649" elapsed="0.018382"/>
</kw>
<kw name="Press Keys" owner="SeleniumLibrary">
<msg time="2026-02-22T16:10:48.218495" level="INFO">Sending key(s) ('ENTER',) to id=s element.</msg>
<msg time="2026-02-22T16:10:48.510892" level="INFO">Pressing special key ENTER to element.</msg>
<msg time="2026-02-22T16:10:48.511089" level="INFO">Releasing special key ENTER.</msg>
<arg>id=s</arg>
<arg>ENTER</arg>
<doc>Simulates the user pressing key(s) to an element or on the active browser.</doc>
<status status="PASS" start="2026-02-22T16:10:48.218187" elapsed="0.302991"/>
</kw>
<arg>${INVALID_PRODUCT}</arg>
<arg>NORESULT</arg>
<status status="PASS" start="2026-02-22T16:10:48.154144" elapsed="0.367270"/>
</kw>
<status status="PASS" start="2026-02-22T16:10:46.235612" elapsed="2.286277"/>
</test>
<test id="s1-s3-t3" name="Search With Empty Value" line="71">
<kw name="Go To Shop Page" type="SETUP">
<kw name="Go To" owner="SeleniumLibrary">
<msg time="2026-02-22T16:10:48.525263" level="INFO">Opening url 'https://practice.automationtesting.in/shop/'</msg>
<arg>https://practice.automationtesting.in/shop/</arg>
<doc>Navigates the current browser window to the provided ``url``.</doc>
<status status="PASS" start="2026-02-22T16:10:48.524918" elapsed="2.003894"/>
</kw>
<kw name="Wait Until Page Contains Element" owner="SeleniumLibrary">
<arg>id=content</arg>
<doc>Waits until the element ``locator`` appears on the current page.</doc>
<status status="PASS" start="2026-02-22T16:10:50.529150" elapsed="0.188351"/>
</kw>
<status status="PASS" start="2026-02-22T16:10:48.523937" elapsed="2.193693"/>
</kw>
<kw name="Search And Validate Products">
<kw name="Input Text" owner="SeleniumLibrary">
<msg time="2026-02-22T16:10:50.718748" level="INFO">Typing text '' into text field 'id=s'.</msg>
<arg>id=s</arg>
<arg>${product}</arg>
<doc>Types the given ``text`` into the text field identified by ``locator``.</doc>
<status status="PASS" start="2026-02-22T16:10:50.718539" elapsed="0.068752"/>
</kw>
<kw name="Textfield Value Should Be" owner="SeleniumLibrary">
<msg time="2026-02-22T16:10:50.832340" level="INFO">Content of text field 'id=s' is ''.</msg>
<arg>id=s</arg>
<arg>${product}</arg>
<doc>Verifies text field ``locator`` has exactly text ``expected``.</doc>
<status status="PASS" start="2026-02-22T16:10:50.787552" elapsed="0.044871"/>
</kw>
<kw name="Press Keys" owner="SeleniumLibrary">
<msg time="2026-02-22T16:10:50.832890" level="INFO">Sending key(s) ('ENTER',) to id=s element.</msg>
<msg time="2026-02-22T16:10:51.121308" level="INFO">Pressing special key ENTER to element.</msg>
<msg time="2026-02-22T16:10:51.121498" level="INFO">Releasing special key ENTER.</msg>
<arg>id=s</arg>
<arg>ENTER</arg>
<doc>Simulates the user pressing key(s) to an element or on the active browser.</doc>
<status status="PASS" start="2026-02-22T16:10:50.832588" elapsed="0.302048"/>
</kw>
<arg>${EMPTY}</arg>
<arg>ALL</arg>
<status status="PASS" start="2026-02-22T16:10:50.718072" elapsed="0.416685"/>
</kw>
<status status="PASS" start="2026-02-22T16:10:48.522673" elapsed="2.612527"/>
</test>
<kw name="Close Application" owner="common" type="TEARDOWN">
<kw name="Close All Browsers" owner="SeleniumLibrary">
<doc>Closes all open browsers and resets the browser cache.</doc>
<status status="PASS" start="2026-02-22T16:10:51.136833" elapsed="3.320184"/>
</kw>
<status status="PASS" start="2026-02-22T16:10:51.136373" elapsed="3.320990"/>
</kw>
<status status="PASS" start="2026-02-22T16:10:01.418833" elapsed="53.038655"/>
</suite>
<suite id="s1-s4" name="03 Sorting Filter Validation" source="C:\Users\Neeraja\Desktop\Wipro_Practice\Capstone_Project\robot-framework\tests\03_sorting_filter_validation.robot">
<kw name="Open Application" owner="common" type="SETUP">
<kw name="Open Browser" owner="SeleniumLibrary">
<msg time="2026-02-22T16:10:54.470469" level="INFO">Opening browser 'firefox' to base url 'https://practice.automationtesting.in/'.</msg>
<arg>${URL}</arg>
<arg>${browser}</arg>
<doc>Opens a new browser instance to the optional ``url``.</doc>
<status status="PASS" start="2026-02-22T16:10:54.470005" elapsed="25.061898"/>
</kw>
<kw name="Maximize Browser Window" owner="SeleniumLibrary">
<doc>Maximizes current browser window.</doc>
<status status="PASS" start="2026-02-22T16:11:19.532746" elapsed="0.331324"/>
</kw>
<kw name="Set Selenium Timeout" owner="SeleniumLibrary">
<arg>${TIMEOUT}</arg>
<doc>Sets the timeout that is used by various keywords.</doc>
<status status="PASS" start="2026-02-22T16:11:19.864363" elapsed="0.004434"/>
</kw>
<status status="PASS" start="2026-02-22T16:10:54.469375" elapsed="25.399749"/>
</kw>
<test id="s1-s4-t1" name="Default Sorting Validation" line="62">
<kw name="Go To Shop Page" type="SETUP">
<kw name="Go To" owner="SeleniumLibrary">
<msg time="2026-02-22T16:11:19.872457" level="INFO">Opening url 'https://practice.automationtesting.in/shop/'</msg>
<arg>https://practice.automationtesting.in/shop/</arg>
<doc>Navigates the current browser window to the provided ``url``.</doc>
<status status="PASS" start="2026-02-22T16:11:19.872068" elapsed="1.995388"/>
</kw>
<kw name="Wait Until Page Contains Element" owner="SeleniumLibrary">
<arg>id=content</arg>
<doc>Waits until the element ``locator`` appears on the current page.</doc>
<status status="PASS" start="2026-02-22T16:11:21.867694" elapsed="0.234142"/>
</kw>
<status status="PASS" start="2026-02-22T16:11:19.870723" elapsed="2.231216"/>
</kw>
<kw name="Select Default Sorting">
<kw name="Select From List By Label" owner="SeleniumLibrary">
<msg time="2026-02-22T16:11:22.102856" level="INFO">Selecting options from selection list 'css=select.orderby' by label Default sorting.</msg>
<arg>css=select.orderby</arg>
<arg>Default sorting</arg>
<doc>Selects options from selection list ``locator`` by ``labels``.</doc>
<status status="PASS" start="2026-02-22T16:11:22.102678" elapsed="0.132028"/>
</kw>
<kw name="Sleep" owner="BuiltIn">
<msg time="2026-02-22T16:11:24.235856" level="INFO">Slept 2 seconds.</msg>
<arg>2s</arg>
<doc>Pauses the test executed for the given time.</doc>
<status status="PASS" start="2026-02-22T16:11:22.234954" elapsed="2.001108"/>
</kw>
<kw name="List Selection Should Be" owner="SeleniumLibrary">
<msg time="2026-02-22T16:11:24.236615" level="INFO">Verifying list 'css=select.orderby' has option [ Default sorting ] selected.</msg>
<msg time="2026-02-22T16:11:24.243904" level="INFO">Current page contains list 'css=select.orderby'.</msg>
<arg>css=select.orderby</arg>
<arg>Default sorting</arg>
<doc>Verifies selection list ``locator`` has ``expected`` options selected.</doc>
<status status="PASS" start="2026-02-22T16:11:24.236334" elapsed="0.051794"/>
</kw>
<status status="PASS" start="2026-02-22T16:11:22.102356" elapsed="2.185877"/>
</kw>
<kw name="Validate Products Visible">
<kw name="Element Should Be Visible" owner="SeleniumLibrary">
<msg time="2026-02-22T16:11:24.299918" level="INFO">Element 'css=ul.products li' is displayed.</msg>
<arg>css=ul.products li</arg>
<doc>Verifies that the element identified by ``locator`` is visible.</doc>
<status status="PASS" start="2026-02-22T16:11:24.288979" elapsed="0.011025"/>
</kw>
<kw name="Get Element Count" owner="SeleniumLibrary">
<msg time="2026-02-22T16:11:24.302796" level="INFO">${count} = 8</msg>
<var>${count}</var>
<arg>css=ul.products li</arg>
<doc>Returns the number of elements matching ``locator``.</doc>
<status status="PASS" start="2026-02-22T16:11:24.300145" elapsed="0.002690"/>
</kw>
<kw name="Should Be True" owner="BuiltIn">
<arg>${count} &gt; 0</arg>
<doc>Fails if the given condition is not true.</doc>
<status status="PASS" start="2026-02-22T16:11:24.302966" elapsed="0.000321"/>
</kw>
<status status="PASS" start="2026-02-22T16:11:24.288627" elapsed="0.014732"/>
</kw>
<status status="PASS" start="2026-02-22T16:11:19.869293" elapsed="4.434345"/>
</test>
<test id="s1-s4-t2" name="Sort By Price Low To High Validation" line="67">
<kw name="Go To Shop Page" type="SETUP">
<kw name="Go To" owner="SeleniumLibrary">
<msg time="2026-02-22T16:11:24.305122" level="INFO">Opening url 'https://practice.automationtesting.in/shop/'</msg>
<arg>https://practice.automationtesting.in/shop/</arg>
<doc>Navigates the current browser window to the provided ``url``.</doc>
<status status="PASS" start="2026-02-22T16:11:24.305031" elapsed="1.366619"/>
</kw>
<kw name="Wait Until Page Contains Element" owner="SeleniumLibrary">
<arg>id=content</arg>
<doc>Waits until the element ``locator`` appears on the current page.</doc>
<status status="PASS" start="2026-02-22T16:11:25.671833" elapsed="0.242414"/>
</kw>
<status status="PASS" start="2026-02-22T16:11:24.304820" elapsed="1.609768"/>
</kw>
<kw name="Select Sort By Price Low To High">
<kw name="Select From List By Value" owner="SeleniumLibrary">
<msg time="2026-02-22T16:11:25.917069" level="INFO">Selecting options from selection list 'css=select.orderby' by value price.</msg>
<arg>css=select.orderby</arg>
<arg>price</arg>
<doc>Selects options from selection list ``locator`` by ``values``.</doc>
<status status="PASS" start="2026-02-22T16:11:25.916673" elapsed="6.875290"/>
</kw>
<kw name="Sleep" owner="BuiltIn">
<msg time="2026-02-22T16:11:34.793136" level="INFO">Slept 2 seconds.</msg>
<arg>2s</arg>
<doc>Pauses the test executed for the given time.</doc>
<status status="PASS" start="2026-02-22T16:11:32.792146" elapsed="2.001151"/>
</kw>
<kw name="List Selection Should Be" owner="SeleniumLibrary">
<msg time="2026-02-22T16:11:34.794028" level="INFO">Verifying list 'css=select.orderby' has option [ Sort by price: low to high ] selected.</msg>
<msg time="2026-02-22T16:11:34.805375" level="INFO">Current page contains list 'css=select.orderby'.</msg>
<arg>css=select.orderby</arg>
<arg>Sort by price: low to high</arg>
<doc>Verifies selection list ``locator`` has ``expected`` options selected.</doc>
<status status="PASS" start="2026-02-22T16:11:34.793655" elapsed="0.048055"/>
</kw>
<status status="PASS" start="2026-02-22T16:11:25.915687" elapsed="8.926126"/>
</kw>
<kw name="Validate Products Visible">
<kw name="Element Should Be Visible" owner="SeleniumLibrary">
<msg time="2026-02-22T16:11:34.852728" level="INFO">Element 'css=ul.products li' is displayed.</msg>
<arg>css=ul.products li</arg>
<doc>Verifies that the element identified by ``locator`` is visible.</doc>
<status status="PASS" start="2026-02-22T16:11:34.842466" elapsed="0.010344"/>
</kw>
<kw name="Get Element Count" owner="SeleniumLibrary">
<msg time="2026-02-22T16:11:34.855448" level="INFO">${count} = 8</msg>
<var>${count}</var>
<arg>css=ul.products li</arg>
<doc>Returns the number of elements matching ``locator``.</doc>
<status status="PASS" start="2026-02-22T16:11:34.852950" elapsed="0.002533"/>
</kw>
<kw name="Should Be True" owner="BuiltIn">
<arg>${count} &gt; 0</arg>
<doc>Fails if the given condition is not true.</doc>
<status status="PASS" start="2026-02-22T16:11:34.855605" elapsed="0.000304"/>
</kw>
<status status="PASS" start="2026-02-22T16:11:34.842166" elapsed="0.013814"/>
</kw>
<status status="PASS" start="2026-02-22T16:11:24.304416" elapsed="10.551898"/>
</test>
<test id="s1-s4-t3" name="Filter By Price Validation" line="72">
<kw name="Go To Shop Page" type="SETUP">
<kw name="Go To" owner="SeleniumLibrary">
<msg time="2026-02-22T16:11:34.857804" level="INFO">Opening url 'https://practice.automationtesting.in/shop/'</msg>
<arg>https://practice.automationtesting.in/shop/</arg>
<doc>Navigates the current browser window to the provided ``url``.</doc>
<status status="PASS" start="2026-02-22T16:11:34.857705" elapsed="1.729575"/>
</kw>
<kw name="Wait Until Page Contains Element" owner="SeleniumLibrary">
<arg>id=content</arg>
<doc>Waits until the element ``locator`` appears on the current page.</doc>
<status status="PASS" start="2026-02-22T16:11:36.587635" elapsed="0.237922"/>
</kw>
<status status="PASS" start="2026-02-22T16:11:34.857498" elapsed="1.968234"/>
</kw>
<kw name="Get Price Range Text">
<kw name="Get Text" owner="SeleniumLibrary">
<msg time="2026-02-22T16:11:36.852591" level="INFO">${text} = Price: ₹150 — ₹500</msg>
<var>${text}</var>
<arg>css=.price_label</arg>
<doc>Returns the text value of the element identified by ``locator``.</doc>
<status status="PASS" start="2026-02-22T16:11:36.826926" elapsed="0.026103"/>
</kw>
<kw name="Should Not Be Empty" owner="BuiltIn">
<msg time="2026-02-22T16:11:36.855194" level="INFO">Length is 18.</msg>
<arg>${text}</arg>
<doc>Verifies that the given item is not empty.</doc>
<status status="PASS" start="2026-02-22T16:11:36.853694" elapsed="0.001598"/>
</kw>
<return>
<value>${text}</value>
<status status="PASS" start="2026-02-22T16:11:36.855459" elapsed="0.000076"/>
</return>
<msg time="2026-02-22T16:11:36.855739" level="INFO">${before} = Price: ₹150 — ₹500</msg>
<var>${before}</var>
<status status="PASS" start="2026-02-22T16:11:36.826296" elapsed="0.029494"/>
</kw>
<kw name="Move Price Slider And Apply Filter">
<kw name="Execute Javascript" owner="SeleniumLibrary">
<msg time="2026-02-22T16:11:36.858081" level="INFO">Executing JavaScript:
document.querySelector('#min_price').value='150';
Without any arguments.</msg>
<arg>document.querySelector('#min_price').value='150';</arg>
<doc>Executes the given JavaScript code with possible arguments.</doc>
<status status="PASS" start="2026-02-22T16:11:36.857207" elapsed="0.081728"/>
</kw>
<kw name="Execute Javascript" owner="SeleniumLibrary">
<msg time="2026-02-22T16:11:36.939707" level="INFO">Executing JavaScript:
document.querySelector('#max_price').value='300';
Without any arguments.</msg>
<arg>document.querySelector('#max_price').value='300';</arg>
<doc>Executes the given JavaScript code with possible arguments.</doc>
<status status="PASS" start="2026-02-22T16:11:36.939111" elapsed="0.005794"/>
</kw>
<kw name="Execute Javascript" owner="SeleniumLibrary">
<msg time="2026-02-22T16:11:36.945511" level="INFO">Executing JavaScript:
jQuery('body').trigger('price_slider_change');
Without any arguments.</msg>
<arg>jQuery('body').trigger('price_slider_change');</arg>
<doc>Executes the given JavaScript code with possible arguments.</doc>
<status status="PASS" start="2026-02-22T16:11:36.945085" elapsed="0.005087"/>
</kw>
<kw name="Click Button" owner="SeleniumLibrary">
<msg time="2026-02-22T16:11:36.950790" level="INFO">Clicking button 'css=.price_slider_amount button'.</msg>
<arg>css=.price_slider_amount button</arg>
<doc>Clicks the button identified by ``locator``.</doc>
<status status="PASS" start="2026-02-22T16:11:36.950505" elapsed="5.243655"/>
</kw>
<kw name="Wait Until Page Contains Element" owner="SeleniumLibrary">
<arg>css=ul.products</arg>
<doc>Waits until the element ``locator`` appears on the current page.</doc>
<status status="PASS" start="2026-02-22T16:11:42.194640" elapsed="0.016263"/>
</kw>
<status status="PASS" start="2026-02-22T16:11:36.856446" elapsed="5.354840"/>
</kw>
<kw name="Get Price Range Text">
<kw name="Get Text" owner="SeleniumLibrary">
<msg time="2026-02-22T16:11:42.244705" level="INFO">${text} = Price: ₹150 — ₹300</msg>
<var>${text}</var>
<arg>css=.price_label</arg>
<doc>Returns the text value of the element identified by ``locator``.</doc>
<status status="PASS" start="2026-02-22T16:11:42.221187" elapsed="0.023609"/>
</kw>
<kw name="Should Not Be Empty" owner="BuiltIn">
<msg time="2026-02-22T16:11:42.247521" level="INFO">Length is 18.</msg>
<arg>${text}</arg>
<doc>Verifies that the given item is not empty.</doc>
<status status="PASS" start="2026-02-22T16:11:42.245366" elapsed="0.002276"/>
</kw>
<return>
<value>${text}</value>
<status status="PASS" start="2026-02-22T16:11:42.247752" elapsed="0.000069"/>
</return>
<msg time="2026-02-22T16:11:42.248055" level="INFO">${after} = Price: ₹150 — ₹300</msg>
<var>${after}</var>
<status status="PASS" start="2026-02-22T16:11:42.218251" elapsed="0.029882"/>
</kw>
<kw name="Should Not Be Equal" owner="BuiltIn">
<arg>${before}</arg>
<arg>${after}</arg>
<doc>Fails if the given objects are equal.</doc>
<status status="PASS" start="2026-02-22T16:11:42.248816" elapsed="0.000508"/>
</kw>
<kw name="Element Should Contain" owner="SeleniumLibrary">
<msg time="2026-02-22T16:11:42.262235" level="INFO">Element 'css=.price_label' contains text '₹'.</msg>
<arg>css=.price_label</arg>
<arg>₹</arg>
<doc>Verifies that element ``locator`` contains text ``expected``.</doc>
<status status="PASS" start="2026-02-22T16:11:42.249639" elapsed="0.013011"/>
</kw>
<kw name="Validate Products Visible">
<kw name="Element Should Be Visible" owner="SeleniumLibrary">
[...]
</kw>
<kw name="Fail" owner="BuiltIn">
<arg>User already registered — registration must be new</arg>
<doc>Fails the test with the given message and optionally alters its tags.</doc>
<status status="NOT RUN" start="2026-02-22T16:16:22.101453" elapsed="0.000029"/>
</kw>
<status status="NOT RUN" start="2026-02-22T16:16:22.101162" elapsed="0.000363"/>
</branch>
<branch type="ELSE">
<kw name="Capture Page Screenshot" owner="SeleniumLibrary">
<msg time="2026-02-22T16:16:22.157325" level="INFO" html="true">&lt;/td&gt;&lt;/tr&gt;&lt;tr&gt;&lt;td colspan="3"&gt;&lt;a href="selenium-screenshot-62.png"&gt;&lt;img src="selenium-screenshot-62.png" width="800px"&gt;&lt;/a&gt;</msg>
<doc>Takes a screenshot of the current page and embeds it into a log file.</doc>
<status status="PASS" start="2026-02-22T16:16:22.101792" elapsed="0.055649"/>
</kw>
<kw name="Fail" owner="BuiltIn">
<msg time="2026-02-22T16:16:22.157959" level="FAIL">Registration result not detected</msg>
<arg>Registration result not detected</arg>
<doc>Fails the test with the given message and optionally alters its tags.</doc>
<status status="FAIL" start="2026-02-22T16:16:22.157608" elapsed="0.000431">Registration result not detected</status>
</kw>
<status status="FAIL" start="2026-02-22T16:16:22.101594" elapsed="0.056528">Registration result not detected</status>
</branch>
<status status="FAIL" start="2026-02-22T16:16:22.100050" elapsed="0.058121">Registration result not detected</status>
</if>
<status status="FAIL" start="2026-02-22T16:16:21.792464" elapsed="0.365805">Registration result not detected</status>
</kw>
<kw name="Check Registration Result">
<kw name="Run Keyword And Return Status" owner="BuiltIn">
<kw name="Page Should Contain" owner="SeleniumLibrary">
<msg time="2026-02-22T16:16:24.347769" level="INFO" html="true">&lt;/td&gt;&lt;/tr&gt;&lt;tr&gt;&lt;td colspan="3"&gt;&lt;a href="selenium-screenshot-63.png"&gt;&lt;img src="selenium-screenshot-63.png" width="800px"&gt;&lt;/a&gt;</msg>
<msg time="2026-02-22T16:16:24.347989" level="FAIL">Page should have contained text 'Logout' but did not.</msg>
<arg>Logout</arg>
<doc>Verifies that current page contains ``text``.</doc>
<status status="FAIL" start="2026-02-22T16:16:24.160131" elapsed="0.189272">Page should have contained text 'Logout' but did not.</status>
</kw>
<msg time="2026-02-22T16:16:24.349571" level="INFO">${logout} = False</msg>
<var>${logout}</var>
<arg>Page Should Contain</arg>
<arg>Logout</arg>
<doc>Runs the specified keyword and returns the status as a Boolean value.</doc>
<status status="PASS" start="2026-02-22T16:16:24.159590" elapsed="0.190013"/>
</kw>
<kw name="Run Keyword And Return Status" owner="BuiltIn">
<kw name="Page Should Contain" owner="SeleniumLibrary">
<msg time="2026-02-22T16:16:24.491057" level="INFO" html="true">&lt;/td&gt;&lt;/tr&gt;&lt;tr&gt;&lt;td colspan="3"&gt;&lt;a href="selenium-screenshot-64.png"&gt;&lt;img src="selenium-screenshot-64.png" width="800px"&gt;&lt;/a&gt;</msg>
<msg time="2026-02-22T16:16:24.491203" level="FAIL">Page should have contained text 'already registered' but did not.</msg>
<arg>already registered</arg>
<doc>Verifies that current page contains ``text``.</doc>
<status status="FAIL" start="2026-02-22T16:16:24.350126" elapsed="0.141657">Page should have contained text 'already registered' but did not.</status>
</kw>
<msg time="2026-02-22T16:16:24.491912" level="INFO">${exists} = False</msg>
<var>${exists}</var>
<arg>Page Should Contain</arg>
<arg>already registered</arg>
<doc>Runs the specified keyword and returns the status as a Boolean value.</doc>
<status status="PASS" start="2026-02-22T16:16:24.349752" elapsed="0.142188"/>
</kw>
<if>
<branch type="IF" condition="${logout}">
<kw name="Log" owner="BuiltIn">
<arg>New user registered</arg>
<doc>Logs the given message with the given level.</doc>
<status status="NOT RUN" start="2026-02-22T16:16:24.492192" elapsed="0.000030"/>
</kw>
<kw name="Logout User" owner="login_keywords">
<status status="NOT RUN" start="2026-02-22T16:16:24.492362" elapsed="0.000030"/>
</kw>
<kw name="Wait Until Element Is Visible" owner="SeleniumLibrary">
<arg>id=username</arg>
<doc>Waits until the element ``locator`` is visible.</doc>
<status status="NOT RUN" start="2026-02-22T16:16:24.492484" elapsed="0.000026"/>
</kw>
<status status="NOT RUN" start="2026-02-22T16:16:24.492037" elapsed="0.000510"/>
</branch>
<branch type="ELSE IF" condition="${exists}">
<kw name="Capture Page Screenshot" owner="SeleniumLibrary">
<doc>Takes a screenshot of the current page and embeds it into a log file.</doc>
<status status="NOT RUN" start="2026-02-22T16:16:24.492709" elapsed="0.000027"/>
</kw>
<kw name="Fail" owner="BuiltIn">
<arg>User already registered — registration must be new</arg>
<doc>Fails the test with the given message and optionally alters its tags.</doc>
<status status="NOT RUN" start="2026-02-22T16:16:24.492831" elapsed="0.000026"/>
</kw>
<status status="NOT RUN" start="2026-02-22T16:16:24.492585" elapsed="0.000311"/>
</branch>
<branch type="ELSE">
<kw name="Capture Page Screenshot" owner="SeleniumLibrary">
<msg time="2026-02-22T16:16:24.550175" level="INFO" html="true">&lt;/td&gt;&lt;/tr&gt;&lt;tr&gt;&lt;td colspan="3"&gt;&lt;a href="selenium-screenshot-65.png"&gt;&lt;img src="selenium-screenshot-65.png" width="800px"&gt;&lt;/a&gt;</msg>
<doc>Takes a screenshot of the current page and embeds it into a log file.</doc>
<status status="PASS" start="2026-02-22T16:16:24.493021" elapsed="0.057254"/>
</kw>
<kw name="Fail" owner="BuiltIn">
<msg time="2026-02-22T16:16:24.550730" level="FAIL">Registration result not detected</msg>
<arg>Registration result not detected</arg>
<doc>Fails the test with the given message and optionally alters its tags.</doc>
<status status="FAIL" start="2026-02-22T16:16:24.550425" elapsed="0.000374">Registration result not detected</status>
</kw>
<status status="FAIL" start="2026-02-22T16:16:24.492932" elapsed="0.057986">Registration result not detected</status>
</branch>
<status status="FAIL" start="2026-02-22T16:16:24.492011" elapsed="0.058953">Registration result not detected</status>
</if>
<status status="FAIL" start="2026-02-22T16:16:24.159055" elapsed="0.391995">Registration result not detected</status>
</kw>
<kw name="Check Registration Result">
<kw name="Run Keyword And Return Status" owner="BuiltIn">
<kw name="Page Should Contain" owner="SeleniumLibrary">
<msg time="2026-02-22T16:16:26.723043" level="INFO" html="true">&lt;/td&gt;&lt;/tr&gt;&lt;tr&gt;&lt;td colspan="3"&gt;&lt;a href="selenium-screenshot-66.png"&gt;&lt;img src="selenium-screenshot-66.png" width="800px"&gt;&lt;/a&gt;</msg>
<msg time="2026-02-22T16:16:26.723181" level="FAIL">Page should have contained text 'Logout' but did not.</msg>
<arg>Logout</arg>
<doc>Verifies that current page contains ``text``.</doc>
<status status="FAIL" start="2026-02-22T16:16:26.554182" elapsed="0.169544">Page should have contained text 'Logout' but did not.</status>
</kw>
<msg time="2026-02-22T16:16:26.723853" level="INFO">${logout} = False</msg>
<var>${logout}</var>
<arg>Page Should Contain</arg>
<arg>Logout</arg>
<doc>Runs the specified keyword and returns the status as a Boolean value.</doc>
<status status="PASS" start="2026-02-22T16:16:26.553251" elapsed="0.170628"/>
</kw>
<kw name="Run Keyword And Return Status" owner="BuiltIn">
<kw name="Page Should Contain" owner="SeleniumLibrary">
<msg time="2026-02-22T16:16:26.860121" level="INFO" html="true">&lt;/td&gt;&lt;/tr&gt;&lt;tr&gt;&lt;td colspan="3"&gt;&lt;a href="selenium-screenshot-67.png"&gt;&lt;img src="selenium-screenshot-67.png" width="800px"&gt;&lt;/a&gt;</msg>
<msg time="2026-02-22T16:16:26.860247" level="FAIL">Page should have contained text 'already registered' but did not.</msg>
<arg>already registered</arg>
<doc>Verifies that current page contains ``text``.</doc>
<status status="FAIL" start="2026-02-22T16:16:26.724532" elapsed="0.136281">Page should have contained text 'already registered' but did not.</status>
</kw>
<msg time="2026-02-22T16:16:26.860934" level="INFO">${exists} = False</msg>
<var>${exists}</var>
<arg>Page Should Contain</arg>
<arg>already registered</arg>
<doc>Runs the specified keyword and returns the status as a Boolean value.</doc>
<status status="PASS" start="2026-02-22T16:16:26.724117" elapsed="0.136845"/>
</kw>
<if>
<branch type="IF" condition="${logout}">
<kw name="Log" owner="BuiltIn">
<arg>New user registered</arg>
<doc>Logs the given message with the given level.</doc>
<status status="NOT RUN" start="2026-02-22T16:16:26.861246" elapsed="0.000033"/>
</kw>
<kw name="Logout User" owner="login_keywords">
<status status="NOT RUN" start="2026-02-22T16:16:26.861442" elapsed="0.000039"/>
</kw>
<kw name="Wait Until Element Is Visible" owner="SeleniumLibrary">
<arg>id=username</arg>
<doc>Waits until the element ``locator`` is visible.</doc>
<status status="NOT RUN" start="2026-02-22T16:16:26.861590" elapsed="0.000029"/>
</kw>
<status status="NOT RUN" start="2026-02-22T16:16:26.861054" elapsed="0.000630"/>
</branch>
<branch type="ELSE IF" condition="${exists}">
<kw name="Capture Page Screenshot" owner="SeleniumLibrary">
<doc>Takes a screenshot of the current page and embeds it into a log file.</doc>
<status status="NOT RUN" start="2026-02-22T16:16:26.861894" elapsed="0.000028"/>
</kw>
<kw name="Fail" owner="BuiltIn">
<arg>User already registered — registration must be new</arg>
<doc>Fails the test with the given message and optionally alters its tags.</doc>
<status status="NOT RUN" start="2026-02-22T16:16:26.862041" elapsed="0.000044"/>
</kw>
<status status="NOT RUN" start="2026-02-22T16:16:26.861736" elapsed="0.000393"/>
</branch>
<branch type="ELSE">
<kw name="Capture Page Screenshot" owner="SeleniumLibrary">
<msg time="2026-02-22T16:16:26.918644" level="INFO" html="true">&lt;/td&gt;&lt;/tr&gt;&lt;tr&gt;&lt;td colspan="3"&gt;&lt;a href="selenium-screenshot-68.png"&gt;&lt;img src="selenium-screenshot-68.png" width="800px"&gt;&lt;/a&gt;</msg>
<doc>Takes a screenshot of the current page and embeds it into a log file.</doc>
<status status="PASS" start="2026-02-22T16:16:26.862337" elapsed="0.056405"/>
</kw>
<kw name="Fail" owner="BuiltIn">
<msg time="2026-02-22T16:16:26.919187" level="FAIL">Registration result not detected</msg>
<arg>Registration result not detected</arg>
<doc>Fails the test with the given message and optionally alters its tags.</doc>
<status status="FAIL" start="2026-02-22T16:16:26.918887" elapsed="0.000366">Registration result not detected</status>
</kw>
<status status="FAIL" start="2026-02-22T16:16:26.862206" elapsed="0.057119">Registration result not detected</status>
</branch>
<status status="FAIL" start="2026-02-22T16:16:26.861030" elapsed="0.058339">Registration result not detected</status>
</if>
<status status="FAIL" start="2026-02-22T16:16:26.552458" elapsed="0.366996">Registration result not detected</status>
</kw>
<kw name="Check Registration Result">
<kw name="Run Keyword And Return Status" owner="BuiltIn">
<kw name="Page Should Contain" owner="SeleniumLibrary">
<msg time="2026-02-22T16:16:29.095674" level="INFO" html="true">&lt;/td&gt;&lt;/tr&gt;&lt;tr&gt;&lt;td colspan="3"&gt;&lt;a href="selenium-screenshot-69.png"&gt;&lt;img src="selenium-screenshot-69.png" width="800px"&gt;&lt;/a&gt;</msg>
<msg time="2026-02-22T16:16:29.095809" level="FAIL">Page should have contained text 'Logout' but did not.</msg>
<arg>Logout</arg>
<doc>Verifies that current page contains ``text``.</doc>
<status status="FAIL" start="2026-02-22T16:16:28.921893" elapsed="0.174508">Page should have contained text 'Logout' but did not.</status>
</kw>
<msg time="2026-02-22T16:16:29.096529" level="INFO">${logout} = False</msg>
<var>${logout}</var>
<arg>Page Should Contain</arg>
<arg>Logout</arg>
<doc>Runs the specified keyword and returns the status as a Boolean value.</doc>
<status status="PASS" start="2026-02-22T16:16:28.921193" elapsed="0.175364"/>
</kw>
<kw name="Run Keyword And Return Status" owner="BuiltIn">
<kw name="Page Should Contain" owner="SeleniumLibrary">
<msg time="2026-02-22T16:16:29.229942" level="INFO" html="true">&lt;/td&gt;&lt;/tr&gt;&lt;tr&gt;&lt;td colspan="3"&gt;&lt;a href="selenium-screenshot-70.png"&gt;&lt;img src="selenium-screenshot-70.png" width="800px"&gt;&lt;/a&gt;</msg>
<msg time="2026-02-22T16:16:29.230087" level="FAIL">Page should have contained text 'already registered' but did not.</msg>
<arg>already registered</arg>
<doc>Verifies that current page contains ``text``.</doc>
<status status="FAIL" start="2026-02-22T16:16:29.096984" elapsed="0.133664">Page should have contained text 'already registered' but did not.</status>
</kw>
<msg time="2026-02-22T16:16:29.230768" level="INFO">${exists} = False</msg>
<var>${exists}</var>
<arg>Page Should Contain</arg>
<arg>already registered</arg>
<doc>Runs the specified keyword and returns the status as a Boolean value.</doc>
<status status="PASS" start="2026-02-22T16:16:29.096692" elapsed="0.134101"/>
</kw>
<if>
<branch type="IF" condition="${logout}">
<kw name="Log" owner="BuiltIn">
<arg>New user registered</arg>
<doc>Logs the given message with the given level.</doc>
<status status="NOT RUN" start="2026-02-22T16:16:29.231026" elapsed="0.000027"/>
</kw>
<kw name="Logout User" owner="login_keywords">
<status status="NOT RUN" start="2026-02-22T16:16:29.231184" elapsed="0.000029"/>
</kw>
<kw name="Wait Until Element Is Visible" owner="SeleniumLibrary">
<arg>id=username</arg>
<doc>Waits until the element ``locator`` is visible.</doc>
<status status="NOT RUN" start="2026-02-22T16:16:29.231298" elapsed="0.000024"/>
</kw>
<status status="NOT RUN" start="2026-02-22T16:16:29.230883" elapsed="0.000472"/>
</branch>
<branch type="ELSE IF" condition="${exists}">
<kw name="Capture Page Screenshot" owner="SeleniumLibrary">
<doc>Takes a screenshot of the current page and embeds it into a log file.</doc>
<status status="NOT RUN" start="2026-02-22T16:16:29.231550" elapsed="0.000025"/>
</kw>
<kw name="Fail" owner="BuiltIn">
<arg>User already registered — registration must be new</arg>
<doc>Fails the test with the given message and optionally alters its tags.</doc>
<status status="NOT RUN" start="2026-02-22T16:16:29.231655" elapsed="0.000024"/>
</kw>
<status status="NOT RUN" start="2026-02-22T16:16:29.231393" elapsed="0.000322"/>
</branch>
<branch type="ELSE">
<kw name="Capture Page Screenshot" owner="SeleniumLibrary">
<msg time="2026-02-22T16:16:29.283286" level="INFO" html="true">&lt;/td&gt;&lt;/tr&gt;&lt;tr&gt;&lt;td colspan="3"&gt;&lt;a href="selenium-screenshot-71.png"&gt;&lt;img src="selenium-screenshot-71.png" width="800px"&gt;&lt;/a&gt;</msg>
<doc>Takes a screenshot of the current page and embeds it into a log file.</doc>
<status status="PASS" start="2026-02-22T16:16:29.231837" elapsed="0.051545"/>
</kw>
<kw name="Fail" owner="BuiltIn">
<msg time="2026-02-22T16:16:29.283833" level="FAIL">Registration result not detected</msg>
<arg>Registration result not detected</arg>
<doc>Fails the test with the given message and optionally alters its tags.</doc>
<status status="FAIL" start="2026-02-22T16:16:29.283534" elapsed="0.000365">Registration result not detected</status>
</kw>
<status status="FAIL" start="2026-02-22T16:16:29.231746" elapsed="0.052224">Registration result not detected</status>
</branch>
<status status="FAIL" start="2026-02-22T16:16:29.230860" elapsed="0.053152">Registration result not detected</status>
</if>
<status status="FAIL" start="2026-02-22T16:16:28.920477" elapsed="0.363619">Registration result not detected</status>
</kw>
<msg time="2026-02-22T16:16:29.284176" level="FAIL">Keyword 'Check Registration Result' failed after retrying for 15 seconds. The last error was: Registration result not detected</msg>
<arg>15s</arg>
<arg>2s</arg>
<arg>Check Registration Result</arg>
<doc>Runs the specified keyword and retries if it fails.</doc>
<status status="FAIL" start="2026-02-22T16:16:12.260756" elapsed="17.023511">Keyword 'Check Registration Result' failed after retrying for 15 seconds. The last error was: Registration result not detected</status>
</kw>
<arg>${EMAIL}</arg>
<arg>${PASSWORD}</arg>
<status status="FAIL" start="2026-02-22T16:16:06.225556" elapsed="23.058803">Keyword 'Check Registration Result' failed after retrying for 15 seconds. The last error was: Registration result not detected</status>
</kw>
<kw name="Login Validation">
<arg>${EMAIL}</arg>
<arg>${PASSWORD}</arg>
<status status="NOT RUN" start="2026-02-22T16:16:29.284546" elapsed="0.000029"/>
</kw>
<kw name="Search Validation">
<status status="NOT RUN" start="2026-02-22T16:16:29.284692" elapsed="0.000025"/>
</kw>
<kw name="Sorting Validation">
<status status="NOT RUN" start="2026-02-22T16:16:29.284820" elapsed="0.000024"/>
</kw>
<kw name="Cart Validation">
<status status="NOT RUN" start="2026-02-22T16:16:29.284942" elapsed="0.000023"/>
</kw>
<kw name="Billing Validation">
<arg>${EMAIL}</arg>
<arg>${FIRSTNAME}</arg>
<arg>${LASTNAME}</arg>
<arg>${PHONE}</arg>
<arg>${CITY}</arg>
<arg>${POSTCODE}</arg>
<status status="NOT RUN" start="2026-02-22T16:16:29.285094" elapsed="0.000024"/>
</kw>
<kw name="Logout Validation">
<status status="NOT RUN" start="2026-02-22T16:16:29.285219" elapsed="0.000022"/>
</kw>
<arg>EMAIL=testuser1@test.com</arg>
<arg>PASSWORD=Omkar@2003</arg>
<arg>FIRSTNAME=Ravi</arg>
<arg>LASTNAME=Kumar</arg>
<arg>PHONE=9876543222</arg>
<arg>CITY=Chennai</arg>
<arg>POSTCODE=600001</arg>
<status status="FAIL" start="2026-02-22T16:16:06.224357" elapsed="23.060954">Keyword 'Check Registration Result' failed after retrying for 15 seconds. The last error was: Registration result not detected</status>
</kw>
<kw name="End User Session" type="TEARDOWN">
<kw name="Capture Page Screenshot" owner="SeleniumLibrary">
<msg time="2026-02-22T16:16:29.340550" level="INFO" html="true">&lt;/td&gt;&lt;/tr&gt;&lt;tr&gt;&lt;td colspan="3"&gt;&lt;a href="selenium-screenshot-72.png"&gt;&lt;img src="selenium-screenshot-72.png" width="800px"&gt;&lt;/a&gt;</msg>
<doc>Takes a screenshot of the current page and embeds it into a log file.</doc>
<status status="PASS" start="2026-02-22T16:16:29.286138" elapsed="0.054513"/>
</kw>
<kw name="Close Application" owner="common">
<kw name="Close All Browsers" owner="SeleniumLibrary">
<doc>Closes all open browsers and resets the browser cache.</doc>
<status status="PASS" start="2026-02-22T16:16:29.341091" elapsed="3.407284"/>
</kw>
<status status="PASS" start="2026-02-22T16:16:29.340831" elapsed="3.407947"/>
</kw>
<status status="PASS" start="2026-02-22T16:16:29.285825" elapsed="3.463224"/>
</kw>
<status status="FAIL" start="2026-02-22T16:15:45.000382" elapsed="47.749474">Keyword 'Check Registration Result' failed after retrying for 15 seconds. The last error was: Registration result not detected</status>
</test>
<status status="FAIL" start="2026-02-22T16:14:56.848709" elapsed="95.904439"/>
</suite>
<status status="FAIL" start="2026-02-22T16:07:47.623083" elapsed="525.134266"/>
</suite>
<statistics>
<total>
<stat pass="14" fail="6" skip="0">All Tests</stat>
</total>
<tag>
</tag>
<suite>
<stat name="Tests" id="s1" pass="14" fail="6" skip="0">Tests</stat>
<stat name="00 User Registration" id="s1-s1" pass="0" fail="1" skip="0">Tests.00 User Registration</stat>
<stat name="01 Login Validation" id="s1-s2" pass="3" fail="0" skip="0">Tests.01 Login Validation</stat>
<stat name="02 Search Validation" id="s1-s3" pass="3" fail="0" skip="0">Tests.02 Search Validation</stat>
<stat name="03 Sorting Filter Validation" id="s1-s4" pass="4" fail="0" skip="0">Tests.03 Sorting Filter Validation</stat>
<stat name="04 Cart Validation" id="s1-s5" pass="3" fail="0" skip="0">Tests.04 Cart Validation</stat>
<stat name="05 Billing Validation" id="s1-s6" pass="0" fail="3" skip="0">Tests.05 Billing Validation</stat>
<stat name="06 Logout Validation" id="s1-s7" pass="1" fail="0" skip="0">Tests.06 Logout Validation</stat>
<stat name="End To End" id="s1-s8" pass="0" fail="2" skip="0">Tests.End To End</stat>
</suite>
</statistics>
<errors>
</errors>
</robot>
