<?xml version="1.0" encoding="UTF-8"?>
<robot generator="Robot 7.4.1 (Python 3.13.0 on win32)" generated="2026-02-23T15:58:43.214726" rpa="false" schemaversion="5">
<suite id="s1" name="Tests" source="C:\Users\Neeraja\Desktop\Wipro_Practice\Capstone_Project\robot-framework\tests">
<suite id="s1-s1" name="00 User Registration" source="C:\Users\Neeraja\Desktop\Wipro_Practice\Capstone_Project\robot-framework\tests\00_user_registration.robot">
<kw name="Open Application" owner="common" type="SETUP">
<kw name="Open Browser" owner="SeleniumLibrary">
<msg time="2026-02-23T15:58:43.543849" level="INFO">Opening browser 'chrome' to base url 'https://practice.automationtesting.in/'.</msg>
<arg>${URL}</arg>
<arg>${browser}</arg>
<doc>Opens a new browser instance to the optional ``url``.</doc>
<status status="PASS" start="2026-02-23T15:58:43.543505" elapsed="22.945763"/>
</kw>
<kw name="Maximize Browser Window" owner="SeleniumLibrary">
<doc>Maximizes current browser window.</doc>
<status status="PASS" start="2026-02-23T15:59:06.489497" elapsed="0.050169"/>
</kw>
<kw name="Set Selenium Timeout" owner="SeleniumLibrary">
<arg>${TIMEOUT}</arg>
<doc>Sets the timeout that is used by various keywords.</doc>
<status status="PASS" start="2026-02-23T15:59:06.540215" elapsed="0.003072"/>
</kw>
<status status="PASS" start="2026-02-23T15:58:43.542703" elapsed="23.000819"/>
</kw>
<test id="s1-s1-t1" name="User1" line="10">
<kw name="Register User">
<if>
<branch type="IF" condition="'${EXPECTED}' != 'PASS'">
<kw name="Skip" owner="BuiltIn">
<arg>Not registration user</arg>
<doc>Skips the rest of the current test.</doc>
<status status="NOT RUN" start="2026-02-23T15:59:06.547138" elapsed="0.000176"/>
</kw>
<status status="NOT RUN" start="2026-02-23T15:59:06.546532" elapsed="0.000967"/>
</branch>
<status status="PASS" start="2026-02-23T15:59:06.546486" elapsed="0.001149"/>
</if>
<kw name="Go To" owner="SeleniumLibrary">
<msg time="2026-02-23T15:59:06.548259" level="INFO">Opening url 'https://practice.automationtesting.in/my-account/'</msg>
<arg>https://practice.automationtesting.in/my-account/</arg>
<doc>Navigates the current browser window to the provided ``url``.</doc>
<status status="PASS" start="2026-02-23T15:59:06.547965" elapsed="3.078867"/>
</kw>
<kw name="Wait Until Page Contains Element" owner="SeleniumLibrary">
<arg>id=reg_email</arg>
<doc>Waits until the element ``locator`` appears on the current page.</doc>
<status status="PASS" start="2026-02-23T15:59:09.627284" elapsed="0.015017"/>
</kw>
<kw name="Input Text" owner="SeleniumLibrary">
<msg time="2026-02-23T15:59:09.642754" level="INFO">Typing text 'testuser12@test.com' into text field 'id=reg_email'.</msg>
<arg>id=reg_email</arg>
<arg>${EMAIL}</arg>
<doc>Types the given ``text`` into the text field identified by ``locator``.</doc>
<status status="PASS" start="2026-02-23T15:59:09.642480" elapsed="0.144247"/>
</kw>
<kw name="Textfield Value Should Be" owner="SeleniumLibrary">
<msg time="2026-02-23T15:59:09.822406" level="INFO">Content of text field 'id=reg_email' is 'testuser12@test.com'.</msg>
<arg>id=reg_email</arg>
<arg>${EMAIL}</arg>
<doc>Verifies text field ``locator`` has exactly text ``expected``.</doc>
<status status="PASS" start="2026-02-23T15:59:09.786966" elapsed="0.035660"/>
</kw>
<kw name="Input Text" owner="SeleniumLibrary">
<msg time="2026-02-23T15:59:09.823356" level="INFO">Typing text 'Omkar@2003' into text field 'id=reg_password'.</msg>
<arg>id=reg_password</arg>
<arg>${PASSWORD}</arg>
<doc>Types the given ``text`` into the text field identified by ``locator``.</doc>
<status status="PASS" start="2026-02-23T15:59:09.822926" elapsed="0.113724"/>
</kw>
<kw name="Element Should Be Visible" owner="SeleniumLibrary">
<msg time="2026-02-23T15:59:09.958924" level="INFO">Element 'id=reg_password' is displayed.</msg>
<arg>id=reg_password</arg>
<doc>Verifies that the element identified by ``locator`` is visible.</doc>
<status status="PASS" start="2026-02-23T15:59:09.937157" elapsed="0.021899"/>
</kw>
<kw name="Click Button" owner="SeleniumLibrary">
<msg time="2026-02-23T15:59:09.959416" level="INFO">Clicking button 'name=register'.</msg>
<arg>name=register</arg>
<doc>Clicks the button identified by ``locator``.</doc>
<status status="PASS" start="2026-02-23T15:59:09.959213" elapsed="0.091736"/>
</kw>
<kw name="Wait Until Keyword Succeeds" owner="BuiltIn">
<kw name="Check Registration Result">
<kw name="Run Keyword And Return Status" owner="BuiltIn">
<kw name="Page Should Contain" owner="SeleniumLibrary">
<msg time="2026-02-23T15:59:10.499645" level="INFO" html="true">&lt;/td&gt;&lt;/tr&gt;&lt;tr&gt;&lt;td colspan="3"&gt;&lt;a href="selenium-screenshot-92.png"&gt;&lt;img src="selenium-screenshot-92.png" width="800px"&gt;&lt;/a&gt;</msg>
<msg time="2026-02-23T15:59:10.499848" level="FAIL">Page should have contained text 'Logout' but did not.</msg>
<arg>Logout</arg>
<doc>Verifies that current page contains ``text``.</doc>
<status status="FAIL" start="2026-02-23T15:59:10.052370" elapsed="0.449313">Page should have contained text 'Logout' but did not.</status>
</kw>
<msg time="2026-02-23T15:59:10.501841" level="INFO">${logout} = False</msg>
<var>${logout}</var>
<arg>Page Should Contain</arg>
<arg>Logout</arg>
<doc>Runs the specified keyword and returns the status as a Boolean value.</doc>
<status status="PASS" start="2026-02-23T15:59:10.052070" elapsed="0.449803"/>
</kw>
<kw name="Run Keyword And Return Status" owner="BuiltIn">
<kw name="Page Should Contain" owner="SeleniumLibrary">
<msg time="2026-02-23T15:59:11.335197" level="INFO" html="true">&lt;/td&gt;&lt;/tr&gt;&lt;tr&gt;&lt;td colspan="3"&gt;&lt;a href="selenium-screenshot-93.png"&gt;&lt;img src="selenium-screenshot-93.png" width="800px"&gt;&lt;/a&gt;</msg>
<msg time="2026-02-23T15:59:11.335397" level="FAIL">Page should have contained text 'already registered' but did not.</msg>
<arg>already registered</arg>
<doc>Verifies that current page contains ``text``.</doc>
<status status="FAIL" start="2026-02-23T15:59:10.502340" elapsed="0.834911">Page should have contained text 'already registered' but did not.</status>
</kw>
<msg time="2026-02-23T15:59:11.337563" level="INFO">${exists} = False</msg>
<var>${exists}</var>
<arg>Page Should Contain</arg>
<arg>already registered</arg>
<doc>Runs the specified keyword and returns the status as a Boolean value.</doc>
<status status="PASS" start="2026-02-23T15:59:10.502023" elapsed="0.835601"/>
</kw>
<if>
<branch type="IF" condition="${logout} or ${exists}">
<kw name="Log" owner="BuiltIn">
<arg>Registration successful (new user or already registered)</arg>
<doc>Logs the given message with the given level.</doc>
<status status="NOT RUN" start="2026-02-23T15:59:11.338545" elapsed="0.000081"/>
</kw>
<status status="NOT RUN" start="2026-02-23T15:59:11.337979" elapsed="0.000775"/>
</branch>
<branch type="ELSE">
<kw name="Fail" owner="BuiltIn">
<msg time="2026-02-23T15:59:11.339767" level="FAIL">Registration failed - no expected result found</msg>
<arg>Registration failed - no expected result found</arg>
<doc>Fails the test with the given message and optionally alters its tags.</doc>
<status status="FAIL" start="2026-02-23T15:59:11.339096" elapsed="0.000882">Registration failed - no expected result found</status>
</kw>
<status status="FAIL" start="2026-02-23T15:59:11.338861" elapsed="0.001317">Registration failed - no expected result found</status>
</branch>
<status status="FAIL" start="2026-02-23T15:59:11.337887" elapsed="0.002413">Registration failed - no expected result found</status>
</if>
<status status="FAIL" start="2026-02-23T15:59:10.051812" elapsed="1.288734">Registration failed - no expected result found</status>
</kw>
<kw name="Check Registration Result">
<kw name="Run Keyword And Return Status" owner="BuiltIn">
<kw name="Page Should Contain" owner="SeleniumLibrary">
<msg time="2026-02-23T15:59:13.779235" level="INFO" html="true">&lt;/td&gt;&lt;/tr&gt;&lt;tr&gt;&lt;td colspan="3"&gt;&lt;a href="selenium-screenshot-94.png"&gt;&lt;img src="selenium-screenshot-94.png" width="800px"&gt;&lt;/a&gt;</msg>
<msg time="2026-02-23T15:59:13.779567" level="FAIL">Page should have contained text 'Logout' but did not.</msg>
<arg>Logout</arg>
<doc>Verifies that current page contains ``text``.</doc>
<status status="FAIL" start="2026-02-23T15:59:13.342774" elapsed="0.437652">Page should have contained text 'Logout' but did not.</status>
</kw>
<msg time="2026-02-23T15:59:13.780596" level="INFO">${logout} = False</msg>
<var>${logout}</var>
<arg>Page Should Contain</arg>
<arg>Logout</arg>
<doc>Runs the specified keyword and returns the status as a Boolean value.</doc>
<status status="PASS" start="2026-02-23T15:59:13.342374" elapsed="0.438263"/>
</kw>
<kw name="Run Keyword And Return Status" owner="BuiltIn">
<kw name="Page Should Contain" owner="SeleniumLibrary">
<msg time="2026-02-23T15:59:14.266078" level="INFO" html="true">&lt;/td&gt;&lt;/tr&gt;&lt;tr&gt;&lt;td colspan="3"&gt;&lt;a href="selenium-screenshot-95.png"&gt;&lt;img src="selenium-screenshot-95.png" width="800px"&gt;&lt;/a&gt;</msg>
<msg time="2026-02-23T15:59:14.266266" level="FAIL">Page should have contained text 'already registered' but did not.</msg>
<arg>already registered</arg>
<doc>Verifies that current page contains ``text``.</doc>
<status status="FAIL" start="2026-02-23T15:59:13.781214" elapsed="0.487128">Page should have contained text 'already registered' but did not.</status>
</kw>
<msg time="2026-02-23T15:59:14.268503" level="INFO">${exists} = False</msg>
<var>${exists}</var>
<arg>Page Should Contain</arg>
<arg>already registered</arg>
<doc>Runs the specified keyword and returns the status as a Boolean value.</doc>
<status status="PASS" start="2026-02-23T15:59:13.780800" elapsed="0.487736"/>
</kw>
<if>
<branch type="IF" condition="${logout} or ${exists}">
<kw name="Log" owner="BuiltIn">
<arg>Registration successful (new user or already registered)</arg>
<doc>Logs the given message with the given level.</doc>
<status status="NOT RUN" start="2026-02-23T15:59:14.268913" elapsed="0.000036"/>
</kw>
<status status="NOT RUN" start="2026-02-23T15:59:14.268652" elapsed="0.000345"/>
</branch>
<branch type="ELSE">
<kw name="Fail" owner="BuiltIn">
<msg time="2026-02-23T15:59:14.269446" level="FAIL">Registration failed - no expected result found</msg>
<arg>Registration failed - no expected result found</arg>
<doc>Fails the test with the given message and optionally alters its tags.</doc>
<status status="FAIL" start="2026-02-23T15:59:14.269135" elapsed="0.000382">Registration failed - no expected result found</status>
</kw>
<status status="FAIL" start="2026-02-23T15:59:14.269042" elapsed="0.000552">Registration failed - no expected result found</status>
</branch>
<status status="FAIL" start="2026-02-23T15:59:14.268623" elapsed="0.001017">Registration failed - no expected result found</status>
</if>
<status status="FAIL" start="2026-02-23T15:59:13.341790" elapsed="0.927941">Registration failed - no expected result found</status>
</kw>
<kw name="Check Registration Result">
<kw name="Run Keyword And Return Status" owner="BuiltIn">
<kw name="Page Should Contain" owner="SeleniumLibrary">
<msg time="2026-02-23T15:59:16.707949" level="INFO" html="true">&lt;/td&gt;&lt;/tr&gt;&lt;tr&gt;&lt;td colspan="3"&gt;&lt;a href="selenium-screenshot-96.png"&gt;&lt;img src="selenium-screenshot-96.png" width="800px"&gt;&lt;/a&gt;</msg>
<msg time="2026-02-23T15:59:16.708093" level="FAIL">Page should have contained text 'Logout' but did not.</msg>
<arg>Logout</arg>
<doc>Verifies that current page contains ``text``.</doc>
<status status="FAIL" start="2026-02-23T15:59:16.271659" elapsed="0.437048">Page should have contained text 'Logout' but did not.</status>
</kw>
<msg time="2026-02-23T15:59:16.708863" level="INFO">${logout} = False</msg>
<var>${logout}</var>
<arg>Page Should Contain</arg>
<arg>Logout</arg>
<doc>Runs the specified keyword and returns the status as a Boolean value.</doc>
<status status="PASS" start="2026-02-23T15:59:16.271013" elapsed="0.437881"/>
</kw>
<kw name="Run Keyword And Return Status" owner="BuiltIn">
<kw name="Page Should Contain" owner="SeleniumLibrary">
<msg time="2026-02-23T15:59:17.195653" level="INFO" html="true">&lt;/td&gt;&lt;/tr&gt;&lt;tr&gt;&lt;td colspan="3"&gt;&lt;a href="selenium-screenshot-97.png"&gt;&lt;img src="selenium-screenshot-97.png" width="800px"&gt;&lt;/a&gt;</msg>
<msg time="2026-02-23T15:59:17.195829" level="FAIL">Page should have contained text 'already registered' but did not.</msg>
<arg>already registered</arg>
<doc>Verifies that current page contains ``text``.</doc>
<status status="FAIL" start="2026-02-23T15:59:16.709372" elapsed="0.487408">Page should have contained text 'already registered' but did not.</status>
</kw>
<msg time="2026-02-23T15:59:17.196924" level="INFO">${exists} = False</msg>
<var>${exists}</var>
<arg>Page Should Contain</arg>
<arg>already registered</arg>
<doc>Runs the specified keyword and returns the status as a Boolean value.</doc>
<status status="PASS" start="2026-02-23T15:59:16.709042" elapsed="0.487912"/>
</kw>
<if>
<branch type="IF" condition="${logout} or ${exists}">
<kw name="Log" owner="BuiltIn">
<arg>Registration successful (new user or already registered)</arg>
<doc>Logs the given message with the given level.</doc>
<status status="NOT RUN" start="2026-02-23T15:59:17.197436" elapsed="0.000057"/>
</kw>
<status status="NOT RUN" start="2026-02-23T15:59:17.197089" elapsed="0.000489"/>
</branch>
<branch type="ELSE">
<kw name="Fail" owner="BuiltIn">
<msg time="2026-02-23T15:59:17.198176" level="FAIL">Registration failed - no expected result found</msg>
<arg>Registration failed - no expected result found</arg>
<doc>Fails the test with the given message and optionally alters its tags.</doc>
<status status="FAIL" start="2026-02-23T15:59:17.197789" elapsed="0.000459">Registration failed - no expected result found</status>
</kw>
<status status="FAIL" start="2026-02-23T15:59:17.197654" elapsed="0.000671">Registration failed - no expected result found</status>
</branch>
<status status="FAIL" start="2026-02-23T15:59:17.197031" elapsed="0.001345">Registration failed - no expected result found</status>
</if>
<status status="FAIL" start="2026-02-23T15:59:16.270434" elapsed="0.928038">Registration failed - no expected result found</status>
</kw>
<kw name="Check Registration Result">
<kw name="Run Keyword And Return Status" owner="BuiltIn">
<kw name="Page Should Contain" owner="SeleniumLibrary">
<msg time="2026-02-23T15:59:19.609193" level="INFO" html="true">&lt;/td&gt;&lt;/tr&gt;&lt;tr&gt;&lt;td colspan="3"&gt;&lt;a href="selenium-screenshot-98.png"&gt;&lt;img src="selenium-screenshot-98.png" width="800px"&gt;&lt;/a&gt;</msg>
<msg time="2026-02-23T15:59:19.609351" level="FAIL">Page should have contained text 'Logout' but did not.</msg>
<arg>Logout</arg>
<doc>Verifies that current page contains ``text``.</doc>
<status status="FAIL" start="2026-02-23T15:59:19.199993" elapsed="0.410136">Page should have contained text 'Logout' but did not.</status>
</kw>
<msg time="2026-02-23T15:59:19.610317" level="INFO">${logout} = False</msg>
<var>${logout}</var>
<arg>Page Should Contain</arg>
<arg>Logout</arg>
<doc>Runs the specified keyword and returns the status as a Boolean value.</doc>
<status status="PASS" start="2026-02-23T15:59:19.199513" elapsed="0.410836"/>
</kw>
<kw name="Run Keyword And Return Status" owner="BuiltIn">
<kw name="Page Should Contain" owner="SeleniumLibrary">
<msg time="2026-02-23T15:59:20.055965" level="INFO" html="true">&lt;/td&gt;&lt;/tr&gt;&lt;tr&gt;&lt;td colspan="3"&gt;&lt;a href="selenium-screenshot-99.png"&gt;&lt;img src="selenium-screenshot-99.png" width="800px"&gt;&lt;/a&gt;</msg>
<msg time="2026-02-23T15:59:20.056125" level="FAIL">Page should have contained text 'already registered' but did not.</msg>
<arg>already registered</arg>
<doc>Verifies that current page contains ``text``.</doc>
<status status="FAIL" start="2026-02-23T15:59:19.610821" elapsed="0.445921">Page should have contained text 'already registered' but did not.</status>
</kw>
<msg time="2026-02-23T15:59:20.056907" level="INFO">${exists} = False</msg>
<var>${exists}</var>
<arg>Page Should Contain</arg>
<arg>already registered</arg>
<doc>Runs the specified keyword and returns the status as a Boolean value.</doc>
<status status="PASS" start="2026-02-23T15:59:19.610498" elapsed="0.446528"/>
</kw>
<if>
<branch type="IF" condition="${logout} or ${exists}">
<kw name="Log" owner="BuiltIn">
<arg>Registration successful (new user or already registered)</arg>
<doc>Logs the given message with the given level.</doc>
<status status="NOT RUN" start="2026-02-23T15:59:20.057380" elapsed="0.000033"/>
</kw>
<status status="NOT RUN" start="2026-02-23T15:59:20.057140" elapsed="0.000315"/>
</branch>
<branch type="ELSE">
<kw name="Fail" owner="BuiltIn">
<msg time="2026-02-23T15:59:20.057896" level="FAIL">Registration failed - no expected result found</msg>
<arg>Registration failed - no expected result found</arg>
<doc>Fails the test with the given message and optionally alters its tags.</doc>
<status status="FAIL" start="2026-02-23T15:59:20.057578" elapsed="0.000414">Registration failed - no expected result found</status>
</kw>
<status status="FAIL" start="2026-02-23T15:59:20.057493" elapsed="0.000602">Registration failed - no expected result found</status>
</branch>
<status status="FAIL" start="2026-02-23T15:59:20.057112" elapsed="0.001029">Registration failed - no expected result found</status>
</if>
<status status="FAIL" start="2026-02-23T15:59:19.199163" elapsed="0.859108">Registration failed - no expected result found</status>
</kw>
<kw name="Check Registration Result">
<kw name="Run Keyword And Return Status" owner="BuiltIn">
<kw name="Page Should Contain" owner="SeleniumLibrary">
<msg time="2026-02-23T15:59:22.502721" level="INFO" html="true">&lt;/td&gt;&lt;/tr&gt;&lt;tr&gt;&lt;td colspan="3"&gt;&lt;a href="selenium-screenshot-100.png"&gt;&lt;img src="selenium-screenshot-100.png" width="800px"&gt;&lt;/a&gt;</msg>
<msg time="2026-02-23T15:59:22.502946" level="FAIL">Page should have contained text 'Logout' but did not.</msg>
<arg>Logout</arg>
<doc>Verifies that current page contains ``text``.</doc>
<status status="FAIL" start="2026-02-23T15:59:22.059614" elapsed="0.444548">Page should have contained text 'Logout' but did not.</status>
</kw>
<msg time="2026-02-23T15:59:22.504406" level="INFO">${logout} = False</msg>
<var>${logout}</var>
<arg>Page Should Contain</arg>
<arg>Logout</arg>
<doc>Runs the specified keyword and returns the status as a Boolean value.</doc>
<status status="PASS" start="2026-02-23T15:59:22.059175" elapsed="0.445315"/>
</kw>
<kw name="Run Keyword And Return Status" owner="BuiltIn">
<kw name="Page Should Contain" owner="SeleniumLibrary">
<msg time="2026-02-23T15:59:23.034211" level="INFO" html="true">&lt;/td&gt;&lt;/tr&gt;&lt;tr&gt;&lt;td colspan="3"&gt;&lt;a href="selenium-screenshot-101.png"&gt;&lt;img src="selenium-screenshot-101.png" width="800px"&gt;&lt;/a&gt;</msg>
<msg time="2026-02-23T15:59:23.034403" level="FAIL">Page should have contained text 'already registered' but did not.</msg>
<arg>already registered</arg>
<doc>Verifies that current page contains ``text``.</doc>
<status status="FAIL" start="2026-02-23T15:59:22.505446" elapsed="0.529817">Page should have contained text 'already registered' but did not.</status>
</kw>
<msg time="2026-02-23T15:59:23.035553" level="INFO">${exists} = False</msg>
<var>${exists}</var>
<arg>Page Should Contain</arg>
<arg>already registered</arg>
<doc>Runs the specified keyword and returns the status as a Boolean value.</doc>
<status status="PASS" start="2026-02-23T15:59:22.504794" elapsed="0.530841"/>
</kw>
<if>
<branch type="IF" condition="${logout} or ${exists}">
<kw name="Log" owner="BuiltIn">
<arg>Registration successful (new user or already registered)</arg>
<doc>Logs the given message with the given level.</doc>
<status status="NOT RUN" start="2026-02-23T15:59:23.036240" elapsed="0.000055"/>
</kw>
<status status="NOT RUN" start="2026-02-23T15:59:23.035861" elapsed="0.000501"/>
</branch>
<branch type="ELSE">
<kw name="Fail" owner="BuiltIn">
<msg time="2026-02-23T15:59:23.037144" level="FAIL">Registration failed - no expected result found</msg>
<arg>Registration failed - no expected result found</arg>
<doc>Fails the test with the given message and optionally alters its tags.</doc>
<status status="FAIL" start="2026-02-23T15:59:23.036592" elapsed="0.000648">Registration failed - no expected result found</status>
</kw>
<status status="FAIL" start="2026-02-23T15:59:23.036417" elapsed="0.000933">Registration failed - no expected result found</status>
</branch>
<status status="FAIL" start="2026-02-23T15:59:23.035820" elapsed="0.001591">Registration failed - no expected result found</status>
</if>
<status status="FAIL" start="2026-02-23T15:59:22.058839" elapsed="0.978743">Registration failed - no expected result found</status>
</kw>
<kw name="Check Registration Result">
<kw name="Run Keyword And Return Status" owner="BuiltIn">
<kw name="Page Should Contain" owner="SeleniumLibrary">
<msg time="2026-02-23T15:59:25.891483" level="INFO" html="true">&lt;/td&gt;&lt;/tr&gt;&lt;tr&gt;&lt;td colspan="3"&gt;&lt;a href="selenium-screenshot-102.png"&gt;&lt;img src="selenium-screenshot-102.png" width="800px"&gt;&lt;/a&gt;</msg>
<msg time="2026-02-23T15:59:25.891682" level="FAIL">Page should have contained text 'Logout' but did not.</msg>
<arg>Logout</arg>
<doc>Verifies that current page contains ``text``.</doc>
<status status="FAIL" start="2026-02-23T15:59:25.061968" elapsed="0.831391">Page should have contained text 'Logout' but did not.</status>
</kw>
<msg time="2026-02-23T15:59:25.893762" level="INFO">${logout} = False</msg>
<var>${logout}</var>
<arg>Page Should Contain</arg>
<arg>Logout</arg>
<doc>Runs the specified keyword and returns the status as a Boolean value.</doc>
<status status="PASS" start="2026-02-23T15:59:25.061003" elapsed="0.832867"/>
</kw>
<kw name="Run Keyword And Return Status" owner="BuiltIn">
<kw name="Page Should Contain" owner="SeleniumLibrary">
<msg time="2026-02-23T15:59:26.544094" level="INFO" html="true">&lt;/td&gt;&lt;/tr&gt;&lt;tr&gt;&lt;td colspan="3"&gt;&lt;a href="selenium-screenshot-103.png"&gt;&lt;img src="selenium-screenshot-103.png" width="800px"&gt;&lt;/a&gt;</msg>
<msg time="2026-02-23T15:59:26.544294" level="FAIL">Page should have contained text 'already registered' but did not.</msg>
<arg>already registered</arg>
<doc>Verifies that current page contains ``text``.</doc>
<status status="FAIL" start="2026-02-23T15:59:25.895868" elapsed="0.649565">Page should have contained text 'already registered' but did not.</status>
</kw>
<msg time="2026-02-23T15:59:26.545799" level="INFO">${exists} = False</msg>
<var>${exists}</var>
<arg>Page Should Contain</arg>
<arg>already registered</arg>
<doc>Runs the specified keyword and returns the status as a Boolean value.</doc>
<status status="PASS" start="2026-02-23T15:59:25.894271" elapsed="0.651617"/>
</kw>
<if>
<branch type="IF" condition="${logout} or ${exists}">
<kw name="Log" owner="BuiltIn">
<arg>Registration successful (new user or already registered)</arg>
<doc>Logs the given message with the given level.</doc>
<status status="NOT RUN" start="2026-02-23T15:59:26.546718" elapsed="0.000085"/>
</kw>
<status status="NOT RUN" start="2026-02-23T15:59:26.546156" elapsed="0.000814"/>
</branch>
<branch type="ELSE">
<kw name="Fail" owner="BuiltIn">
<msg time="2026-02-23T15:59:26.548066" level="FAIL">Registration failed - no expected result found</msg>
<arg>Registration failed - no expected result found</arg>
<doc>Fails the test with the given message and optionally alters its tags.</doc>
<status status="FAIL" start="2026-02-23T15:59:26.547331" elapsed="0.000908">Registration failed - no expected result found</status>
</kw>
<status status="FAIL" start="2026-02-23T15:59:26.547091" elapsed="0.001364">Registration failed - no expected result found</status>
</branch>
<status status="FAIL" start="2026-02-23T15:59:26.546095" elapsed="0.002482">Registration failed - no expected result found</status>
</if>
<status status="FAIL" start="2026-02-23T15:59:25.044609" elapsed="1.504223">Registration failed - no expected result found</status>
</kw>
<msg time="2026-02-23T15:59:26.549191" level="FAIL">Keyword 'Check Registration Result' failed after retrying for 15 seconds. The last error was: Registration failed - no expected result found</msg>
<arg>15s</arg>
<arg>2s</arg>
<arg>Check Registration Result</arg>
<doc>Runs the specified keyword and retries if it fails.</doc>
<status status="FAIL" start="2026-02-23T15:59:10.051187" elapsed="16.498237">Keyword 'Check Registration Result' failed after retrying for 15 seconds. The last error was: Registration failed - no expected result found</status>
</kw>
<arg>EMAIL=testuser12@test.com</arg>
<arg>PASSWORD=Omkar@2003</arg>
<arg>FIRSTNAME=Omkar</arg>
<arg>LASTNAME=Reddy</arg>
<arg>PHONE=9876543210</arg>
<arg>CITY=Hyderabad</arg>
<arg>POSTCODE=500001</arg>
<arg>EXPECTED=PASS</arg>
<status status="FAIL" start="2026-02-23T15:59:06.546014" elapsed="20.003719">Keyword 'Check Registration Result' failed after retrying for 15 seconds. The last error was: Registration failed - no expected result found</status>
</kw>
<status status="FAIL" start="2026-02-23T15:59:06.543728" elapsed="20.006770">Keyword 'Check Registration Result' failed after retrying for 15 seconds. The last error was: Registration failed - no expected result found</status>
</test>
<kw name="Close Browser" owner="SeleniumLibrary" type="TEARDOWN">
<doc>Closes the current browser.</doc>
<status status="PASS" start="2026-02-23T15:59:26.552192" elapsed="2.456974"/>
</kw>
<status status="FAIL" start="2026-02-23T15:58:43.262480" elapsed="45.746819"/>
</suite>
<suite id="s1-s2" name="01 Login Validation" source="C:\Users\Neeraja\Desktop\Wipro_Practice\Capstone_Project\robot-framework\tests\01_login_validation.robot">
<kw name="Open Application" owner="common" type="SETUP">
<kw name="Open Browser" owner="SeleniumLibrary">
<msg time="2026-02-23T15:59:29.028849" level="INFO">Opening browser 'chrome' to base url 'https://practice.automationtesting.in/'.</msg>
<arg>${URL}</arg>
<arg>${browser}</arg>
<doc>Opens a new browser instance to the optional ``url``.</doc>
<status status="PASS" start="2026-02-23T15:59:29.028636" elapsed="47.664150"/>
</kw>
<kw name="Maximize Browser Window" owner="SeleniumLibrary">
<doc>Maximizes current browser window.</doc>
<status status="PASS" start="2026-02-23T16:00:16.692982" elapsed="0.037884"/>
</kw>
<kw name="Set Selenium Timeout" owner="SeleniumLibrary">
<arg>${TIMEOUT}</arg>
<doc>Sets the timeout that is used by various keywords.</doc>
<status status="PASS" start="2026-02-23T16:00:16.731182" elapsed="0.001819"/>
</kw>
<status status="PASS" start="2026-02-23T15:59:29.028290" elapsed="47.704888"/>
</kw>
<test id="s1-s2-t1" name="User1" line="11">
<kw name="Go To Fresh Login Page" type="SETUP">
<kw name="Go To" owner="SeleniumLibrary">
<msg time="2026-02-23T16:00:16.735483" level="INFO">Opening url 'https://practice.automationtesting.in/my-account/'</msg>
<arg>https://practice.automationtesting.in/my-account/</arg>
<doc>Navigates the current browser window to the provided ``url``.</doc>
<status status="PASS" start="2026-02-23T16:00:16.735364" elapsed="2.616644"/>
</kw>
<kw name="Wait Until Page Contains Element" owner="SeleniumLibrary">
<arg>id=username</arg>
<doc>Waits until the element ``locator`` appears on the current page.</doc>
<status status="PASS" start="2026-02-23T16:00:19.352462" elapsed="0.015483"/>
</kw>
<kw name="Run Keyword And Ignore Error" owner="BuiltIn">
<kw name="Logout User" owner="login_keywords">
<kw name="Go To" owner="SeleniumLibrary">
<msg time="2026-02-23T16:00:19.368971" level="INFO">Opening url 'https://practice.automationtesting.in/my-account/'</msg>
<arg>https://practice.automationtesting.in/my-account/</arg>
<doc>Navigates the current browser window to the provided ``url``.</doc>
<status status="PASS" start="2026-02-23T16:00:19.368859" elapsed="2.471901"/>
</kw>
<kw name="Wait Until Page Contains Element" owner="SeleniumLibrary">
<arg>css=body</arg>
<doc>Waits until the element ``locator`` appears on the current page.</doc>
<status status="PASS" start="2026-02-23T16:00:21.841668" elapsed="0.025487"/>
</kw>
<kw name="Run Keyword And Ignore Error" owner="BuiltIn">
<kw name="Click Element" owner="SeleniumLibrary">
<msg time="2026-02-23T16:00:21.867968" level="INFO">Clicking element 'xpath=//a[text()='Logout']'.</msg>
<msg time="2026-02-23T16:00:22.012597" level="INFO" html="true">&lt;/td&gt;&lt;/tr&gt;&lt;tr&gt;&lt;td colspan="3"&gt;&lt;a href="selenium-screenshot-104.png"&gt;&lt;img src="selenium-screenshot-104.png" width="800px"&gt;&lt;/a&gt;</msg>
<msg time="2026-02-23T16:00:22.012744" level="FAIL">Element with locator 'xpath=//a[text()='Logout']' not found.</msg>
<arg>xpath=//a[text()='Logout']</arg>
<doc>Click the element identified by ``locator``.</doc>
<status status="FAIL" start="2026-02-23T16:00:21.867771" elapsed="0.192962">Element with locator 'xpath=//a[text()='Logout']' not found.</status>
</kw>
<arg>Click Element</arg>
<arg>xpath=//a[text()='Logout']</arg>
<doc>Runs the given keyword with the given arguments and ignores possible error.</doc>
<status status="PASS" start="2026-02-23T16:00:21.867387" elapsed="0.193530"/>
</kw>
<kw name="Wait Until Element Is Visible" owner="SeleniumLibrary">
<arg>id=username</arg>
<arg>15s</arg>
<doc>Waits until the element ``locator`` is visible.</doc>
<status status="PASS" start="2026-02-23T16:00:22.061132" elapsed="0.021378"/>
</kw>
<status status="PASS" start="2026-02-23T16:00:19.368626" elapsed="2.714011"/>
</kw>
<arg>Logout User</arg>
<doc>Runs the given keyword with the given arguments and ignores possible error.</doc>
<status status="PASS" start="2026-02-23T16:00:19.368150" elapsed="2.714553"/>
</kw>
<kw name="Go To" owner="SeleniumLibrary">
<msg time="2026-02-23T16:00:22.082966" level="INFO">Opening url 'https://practice.automationtesting.in/my-account/'</msg>
<arg>https://practice.automationtesting.in/my-account/</arg>
<doc>Navigates the current browser window to the provided ``url``.</doc>
<status status="PASS" start="2026-02-23T16:00:22.082844" elapsed="1.810473"/>
</kw>
<kw name="Wait Until Element Is Visible" owner="SeleniumLibrary">
<arg>id=username</arg>
<doc>Waits until the element ``locator`` is visible.</doc>
<status status="PASS" start="2026-02-23T16:00:23.893575" elapsed="0.020240"/>
</kw>
<status status="PASS" start="2026-02-23T16:00:16.735061" elapsed="7.178861"/>
</kw>
<kw name="Login Validation Template">
<kw name="Login User" owner="login_keywords">
<kw name="Input Text" owner="SeleniumLibrary">
<msg time="2026-02-23T16:00:23.915400" level="INFO">Typing text 'testuser1@test.com' into text field 'id=username'.</msg>
<arg>id=username</arg>
<arg>${EMAIL}</arg>
<doc>Types the given ``text`` into the text field identified by ``locator``.</doc>
<status status="PASS" start="2026-02-23T16:00:23.915187" elapsed="0.146648"/>
</kw>
<kw name="Input Text" owner="SeleniumLibrary">
<msg time="2026-02-23T16:00:24.062594" level="INFO">Typing text 'Omkar@2003' into text field 'id=password'.</msg>
<arg>id=password</arg>
<arg>${PASSWORD}</arg>
<doc>Types the given ``text`` into the text field identified by ``locator``.</doc>
<status status="PASS" start="2026-02-23T16:00:24.062210" elapsed="0.238962"/>
</kw>
<kw name="Click Button" owner="SeleniumLibrary">
<msg time="2026-02-23T16:00:24.301598" level="INFO">Clicking button 'name=login'.</msg>
<arg>name=login</arg>
<doc>Clicks the button identified by ``locator``.</doc>
<status status="PASS" start="2026-02-23T16:00:24.301391" elapsed="2.066794"/>
</kw>
<arg>${EMAIL}</arg>
<arg>${PASSWORD}</arg>
<status status="PASS" start="2026-02-23T16:00:23.914861" elapsed="2.453459"/>
</kw>
<kw name="Run Keyword And Return Status" owner="BuiltIn">
<kw name="Wait Until Element Is Visible" owner="SeleniumLibrary">
<arg>css=div.woocommerce-MyAccount-content</arg>
<arg>5s</arg>
<doc>Waits until the element ``locator`` is visible.</doc>
<status status="PASS" start="2026-02-23T16:00:26.368992" elapsed="0.023517"/>
</kw>
<msg time="2026-02-23T16:00:26.392709" level="INFO">${dashboard_visible} = True</msg>
<var>${dashboard_visible}</var>
<arg>Wait Until Element Is Visible</arg>
<arg>css=div.woocommerce-MyAccount-content</arg>
<arg>5s</arg>
<doc>Runs the specified keyword and returns the status as a Boolean value.</doc>
<status status="PASS" start="2026-02-23T16:00:26.368557" elapsed="0.024319"/>
</kw>
<if>
<branch type="IF" condition="'${EXPECTED}'=='PASS'">
<kw name="Should Be True" owner="BuiltIn">
<arg>${dashboard_visible}</arg>
<doc>Fails if the given condition is not true.</doc>
<status status="PASS" start="2026-02-23T16:00:26.393278" elapsed="0.000349"/>
</kw>
<kw name="Logout User" owner="login_keywords">
<kw name="Go To" owner="SeleniumLibrary">
<msg time="2026-02-23T16:00:26.394203" level="INFO">Opening url 'https://practice.automationtesting.in/my-account/'</msg>
<arg>https://practice.automationtesting.in/my-account/</arg>
<doc>Navigates the current browser window to the provided ``url``.</doc>
<status status="PASS" start="2026-02-23T16:00:26.394094" elapsed="1.201618"/>
</kw>
<kw name="Wait Until Page Contains Element" owner="SeleniumLibrary">
<arg>css=body</arg>
<doc>Waits until the element ``locator`` appears on the current page.</doc>
<status status="PASS" start="2026-02-23T16:00:27.595955" elapsed="0.009287"/>
</kw>
<kw name="Run Keyword And Ignore Error" owner="BuiltIn">
<kw name="Click Element" owner="SeleniumLibrary">
<msg time="2026-02-23T16:00:27.605914" level="INFO">Clicking element 'xpath=//a[text()='Logout']'.</msg>
<arg>xpath=//a[text()='Logout']</arg>
<doc>Click the element identified by ``locator``.</doc>
<status status="PASS" start="2026-02-23T16:00:27.605744" elapsed="1.457530"/>
</kw>
<arg>Click Element</arg>
<arg>xpath=//a[text()='Logout']</arg>
<doc>Runs the given keyword with the given arguments and ignores possible error.</doc>
<status status="PASS" start="2026-02-23T16:00:27.605412" elapsed="1.458046"/>
</kw>
<kw name="Wait Until Element Is Visible" owner="SeleniumLibrary">
<arg>id=username</arg>
<arg>15s</arg>
<doc>Waits until the element ``locator`` is visible.</doc>
<status status="PASS" start="2026-02-23T16:00:29.063725" elapsed="0.047269"/>
</kw>
<status status="PASS" start="2026-02-23T16:00:26.393817" elapsed="2.717298"/>
</kw>
<kw name="Wait Until Element Is Visible" owner="SeleniumLibrary">
<arg>id=username</arg>
<doc>Waits until the element ``locator`` is visible.</doc>
<status status="PASS" start="2026-02-23T16:00:29.111286" elapsed="0.015539"/>
</kw>
<status status="PASS" start="2026-02-23T16:00:26.393013" elapsed="2.733908"/>
</branch>
<status status="PASS" start="2026-02-23T16:00:26.392980" elapsed="2.734000"/>
</if>
<if>
<branch type="IF" condition="'${EXPECTED}'=='FAIL'">
<kw name="Should Not Be True" owner="BuiltIn">
<arg>${dashboard_visible}</arg>
<doc>Fails if the given condition is true.</doc>
<status status="NOT RUN" start="2026-02-23T16:00:29.127301" elapsed="0.000035"/>
</kw>
<status status="NOT RUN" start="2026-02-23T16:00:29.127068" elapsed="0.000322"/>
</branch>
<status status="PASS" start="2026-02-23T16:00:29.127043" elapsed="0.000390"/>
</if>
<arg>EMAIL=testuser1@test.com</arg>
<arg>PASSWORD=Omkar@2003</arg>
<arg>FIRSTNAME=Omkar</arg>
<arg>LASTNAME=Reddy</arg>
<arg>PHONE=9876543210</arg>
<arg>CITY=Hyderabad</arg>
<arg>POSTCODE=500001</arg>
<arg>EXPECTED=PASS</arg>
<status status="PASS" start="2026-02-23T16:00:23.914400" elapsed="5.213106"/>
</kw>
<status status="PASS" start="2026-02-23T16:00:16.733362" elapsed="12.394504"/>
</test>
<test id="s1-s2-t2" name="User2" line="11">
<kw name="Go To Fresh Login Page" type="SETUP">
<kw name="Go To" owner="SeleniumLibrary">
<msg time="2026-02-23T16:00:29.130262" level="INFO">Opening url 'https://practice.automationtesting.in/my-account/'</msg>
<arg>https://practice.automationtesting.in/my-account/</arg>
<doc>Navigates the current browser window to the provided ``url``.</doc>
<status status="PASS" start="2026-02-23T16:00:29.130156" elapsed="0.880013"/>
</kw>
<kw name="Wait Until Page Contains Element" owner="SeleniumLibrary">
<arg>id=username</arg>
<doc>Waits until the element ``locator`` appears on the current page.</doc>
<status status="PASS" start="2026-02-23T16:00:30.010478" elapsed="0.022110"/>
</kw>
<kw name="Run Keyword And Ignore Error" owner="BuiltIn">
<kw name="Logout User" owner="login_keywords">
<kw name="Go To" owner="SeleniumLibrary">
<msg time="2026-02-23T16:00:30.033870" level="INFO">Opening url 'https://practice.automationtesting.in/my-account/'</msg>
<arg>https://practice.automationtesting.in/my-account/</arg>
<doc>Navigates the current browser window to the provided ``url``.</doc>
<status status="PASS" start="2026-02-23T16:00:30.033721" elapsed="0.874420"/>
</kw>
<kw name="Wait Until Page Contains Element" owner="SeleniumLibrary">
<arg>css=body</arg>
<doc>Waits until the element ``locator`` appears on the current page.</doc>
<status status="PASS" start="2026-02-23T16:00:30.908523" elapsed="0.029769"/>
</kw>
<kw name="Run Keyword And Ignore Error" owner="BuiltIn">
<kw name="Click Element" owner="SeleniumLibrary">
<msg time="2026-02-23T16:00:30.939257" level="INFO">Clicking element 'xpath=//a[text()='Logout']'.</msg>
<msg time="2026-02-23T16:00:31.203872" level="INFO" html="true">&lt;/td&gt;&lt;/tr&gt;&lt;tr&gt;&lt;td colspan="3"&gt;&lt;a href="selenium-screenshot-105.png"&gt;&lt;img src="selenium-screenshot-105.png" width="800px"&gt;&lt;/a&gt;</msg>
<msg time="2026-02-23T16:00:31.204138" level="FAIL">Element with locator 'xpath=//a[text()='Logout']' not found.</msg>
<arg>xpath=//a[text()='Logout']</arg>
<doc>Click the element identified by ``locator``.</doc>
<status status="FAIL" start="2026-02-23T16:00:30.939067" elapsed="0.266930">Element with locator 'xpath=//a[text()='Logout']' not found.</status>
</kw>
<arg>Click Element</arg>
<arg>xpath=//a[text()='Logout']</arg>
<doc>Runs the given keyword with the given arguments and ignores possible error.</doc>
<status status="PASS" start="2026-02-23T16:00:30.938617" elapsed="0.267576"/>
</kw>
<kw name="Wait Until Element Is Visible" owner="SeleniumLibrary">
<arg>id=username</arg>
<arg>15s</arg>
<doc>Waits until the element ``locator`` is visible.</doc>
<status status="PASS" start="2026-02-23T16:00:31.206454" elapsed="0.022577"/>
</kw>
<status status="PASS" start="2026-02-23T16:00:30.033402" elapsed="1.195846"/>
</kw>
<arg>Logout User</arg>
<doc>Runs the given keyword with the given arguments and ignores possible error.</doc>
<status status="PASS" start="2026-02-23T16:00:30.032868" elapsed="1.196521"/>
</kw>
<kw name="Go To" owner="SeleniumLibrary">
<msg time="2026-02-23T16:00:31.229906" level="INFO">Opening url 'https://practice.automationtesting.in/my-account/'</msg>
<arg>https://practice.automationtesting.in/my-account/</arg>
<doc>Navigates the current browser window to the provided ``url``.</doc>
<status status="PASS" start="2026-02-23T16:00:31.229681" elapsed="1.224557"/>
</kw>
<kw name="Wait Until Element Is Visible" owner="SeleniumLibrary">
<arg>id=username</arg>
<doc>Waits until the element ``locator`` is visible.</doc>
<status status="PASS" start="2026-02-23T16:00:32.454659" elapsed="0.136336"/>
</kw>
<status status="PASS" start="2026-02-23T16:00:29.129920" elapsed="3.461319"/>
</kw>
<kw name="Login Validation Template">
<kw name="Login User" owner="login_keywords">
<kw name="Input Text" owner="SeleniumLibrary">
<msg time="2026-02-23T16:00:32.595812" level="INFO">Typing text 'testuser2@test.com' into text field 'id=username'.</msg>
<arg>id=username</arg>
<arg>${EMAIL}</arg>
<doc>Types the given ``text`` into the text field identified by ``locator``.</doc>
<status status="PASS" start="2026-02-23T16:00:32.594922" elapsed="0.228492"/>
</kw>
<kw name="Input Text" owner="SeleniumLibrary">
<msg time="2026-02-23T16:00:32.824261" level="INFO">Typing text 'Wrong123' into text field 'id=password'.</msg>
<arg>id=password</arg>
<arg>${PASSWORD}</arg>
<doc>Types the given ``text`` into the text field identified by ``locator``.</doc>
<status status="PASS" start="2026-02-23T16:00:32.823870" elapsed="0.248465"/>
</kw>
<kw name="Click Button" owner="SeleniumLibrary">
<msg time="2026-02-23T16:00:33.072943" level="INFO">Clicking button 'name=login'.</msg>
<arg>name=login</arg>
<doc>Clicks the button identified by ``locator``.</doc>
<status status="PASS" start="2026-02-23T16:00:33.072698" elapsed="0.086066"/>
</kw>
<arg>${EMAIL}</arg>
<arg>${PASSWORD}</arg>
<status status="PASS" start="2026-02-23T16:00:32.593693" elapsed="0.565239"/>
</kw>
<kw name="Run Keyword And Return Status" owner="BuiltIn">
<kw name="Wait Until Element Is Visible" owner="SeleniumLibrary">
<msg time="2026-02-23T16:00:38.506222" level="INFO" html="true">&lt;/td&gt;&lt;/tr&gt;&lt;tr&gt;&lt;td colspan="3"&gt;&lt;a href="selenium-screenshot-106.png"&gt;&lt;img src="selenium-screenshot-106.png" width="800px"&gt;&lt;/a&gt;</msg>
<msg time="2026-02-23T16:00:38.506531" level="FAIL">Element 'css=div.woocommerce-MyAccount-content' not visible after 5 seconds.</msg>
<arg>css=div.woocommerce-MyAccount-content</arg>
<arg>5s</arg>
<doc>Waits until the element ``locator`` is visible.</doc>
<status status="FAIL" start="2026-02-23T16:00:33.159544" elapsed="5.364923">Element 'css=div.woocommerce-MyAccount-content' not visible after 5 seconds.</status>
</kw>
<msg time="2026-02-23T16:00:38.524639" level="INFO">${dashboard_visible} = False</msg>
<var>${dashboard_visible}</var>
<arg>Wait Until Element Is Visible</arg>
<arg>css=div.woocommerce-MyAccount-content</arg>
<arg>5s</arg>
<doc>Runs the specified keyword and returns the status as a Boolean value.</doc>
<status status="PASS" start="2026-02-23T16:00:33.159156" elapsed="5.365514"/>
</kw>
<if>
<branch type="IF" condition="'${EXPECTED}'=='PASS'">
<kw name="Should Be True" owner="BuiltIn">
<arg>${dashboard_visible}</arg>
<doc>Fails if the given condition is not true.</doc>
<status status="NOT RUN" start="2026-02-23T16:00:38.524988" elapsed="0.000032"/>
</kw>
<kw name="Logout User" owner="login_keywords">
<status status="NOT RUN" start="2026-02-23T16:00:38.525162" elapsed="0.000031"/>
</kw>
<kw name="Wait Until Element Is Visible" owner="SeleniumLibrary">
<arg>id=username</arg>
<doc>Waits until the element ``locator`` is visible.</doc>
<status status="NOT RUN" start="2026-02-23T16:00:38.525281" elapsed="0.000027"/>
</kw>
<status status="NOT RUN" start="2026-02-23T16:00:38.524776" elapsed="0.000570"/>
</branch>
<status status="PASS" start="2026-02-23T16:00:38.524750" elapsed="0.000635"/>
</if>
<if>
<branch type="IF" condition="'${EXPECTED}'=='FAIL'">
<kw name="Should Not Be True" owner="BuiltIn">
<arg>${dashboard_visible}</arg>
<doc>Fails if the given condition is true.</doc>
<status status="PASS" start="2026-02-23T16:00:38.525593" elapsed="0.000283"/>
</kw>
<status status="PASS" start="2026-02-23T16:00:38.525439" elapsed="0.000486"/>
</branch>
<status status="PASS" start="2026-02-23T16:00:38.525423" elapsed="0.000541"/>
</if>
<arg>EMAIL=testuser2@test.com</arg>
<arg>PASSWORD=Wrong123</arg>
<arg>FIRSTNAME=</arg>
<arg>LASTNAME=</arg>
<arg>PHONE=9876543222</arg>
<arg>CITY=Chennai</arg>
<arg>POSTCODE=600001</arg>
<arg>EXPECTED=FAIL</arg>
<status status="PASS" start="2026-02-23T16:00:32.592069" elapsed="5.933941"/>
</kw>
<status status="PASS" start="2026-02-23T16:00:29.128596" elapsed="9.397841"/>
</test>
<test id="s1-s2-t3" name="User3" line="11">
<kw name="Go To Fresh Login Page" type="SETUP">
<kw name="Go To" owner="SeleniumLibrary">
<msg time="2026-02-23T16:00:38.528868" level="INFO">Opening url 'https://practice.automationtesting.in/my-account/'</msg>
<arg>https://practice.automationtesting.in/my-account/</arg>
<doc>Navigates the current browser window to the provided ``url``.</doc>
<status status="PASS" start="2026-02-23T16:00:38.528750" elapsed="2.090367"/>
</kw>
<kw name="Wait Until Page Contains Element" owner="SeleniumLibrary">
<arg>id=username</arg>
<doc>Waits until the element ``locator`` appears on the current page.</doc>
<status status="PASS" start="2026-02-23T16:00:40.619401" elapsed="0.012096"/>
</kw>
<kw name="Run Keyword And Ignore Error" owner="BuiltIn">
<kw name="Logout User" owner="login_keywords">
<kw name="Go To" owner="SeleniumLibrary">
<msg time="2026-02-23T16:00:40.632634" level="INFO">Opening url 'https://practice.automationtesting.in/my-account/'</msg>
<arg>https://practice.automationtesting.in/my-account/</arg>
<doc>Navigates the current browser window to the provided ``url``.</doc>
<status status="PASS" start="2026-02-23T16:00:40.632505" elapsed="1.923356"/>
</kw>
<kw name="Wait Until Page Contains Element" owner="SeleniumLibrary">
<arg>css=body</arg>
<doc>Waits until the element ``locator`` appears on the current page.</doc>
<status status="PASS" start="2026-02-23T16:00:42.556170" elapsed="0.008534"/>
</kw>
<kw name="Run Keyword And Ignore Error" owner="BuiltIn">
<kw name="Click Element" owner="SeleniumLibrary">
<msg time="2026-02-23T16:00:42.565619" level="INFO">Clicking element 'xpath=//a[text()='Logout']'.</msg>
<msg time="2026-02-23T16:00:42.702433" level="INFO" html="true">&lt;/td&gt;&lt;/tr&gt;&lt;tr&gt;&lt;td colspan="3"&gt;&lt;a href="selenium-screenshot-107.png"&gt;&lt;img src="selenium-screenshot-107.png" width="800px"&gt;&lt;/a&gt;</msg>
<msg time="2026-02-23T16:00:42.702574" level="FAIL">Element with locator 'xpath=//a[text()='Logout']' not found.</msg>
<arg>xpath=//a[text()='Logout']</arg>
<doc>Click the element identified by ``locator``.</doc>
<status status="FAIL" start="2026-02-23T16:00:42.565444" elapsed="0.138551">Element with locator 'xpath=//a[text()='Logout']' not found.</status>
</kw>
<arg>Click Element</arg>
<arg>xpath=//a[text()='Logout']</arg>
<doc>Runs the given keyword with the given arguments and ignores possible error.</doc>
<status status="PASS" start="2026-02-23T16:00:42.565088" elapsed="0.139018"/>
</kw>
<kw name="Wait Until Element Is Visible" owner="SeleniumLibrary">
<arg>id=username</arg>
<arg>15s</arg>
<doc>Waits until the element ``locator`` is visible.</doc>
<status status="PASS" start="2026-02-23T16:00:42.704270" elapsed="0.016421"/>
</kw>
<status status="PASS" start="2026-02-23T16:00:40.632184" elapsed="2.088626"/>
</kw>
<arg>Logout User</arg>
<doc>Runs the given keyword with the given arguments and ignores possible error.</doc>
<status status="PASS" start="2026-02-23T16:00:40.631731" elapsed="2.089144"/>
</kw>
<kw name="Go To" owner="SeleniumLibrary">
<msg time="2026-02-23T16:00:42.721138" level="INFO">Opening url 'https://practice.automationtesting.in/my-account/'</msg>
<arg>https://practice.automationtesting.in/my-account/</arg>
<doc>Navigates the current browser window to the provided ``url``.</doc>
<status status="PASS" start="2026-02-23T16:00:42.721017" elapsed="2.315635"/>
</kw>
<kw name="Wait Until Element Is Visible" owner="SeleniumLibrary">
<arg>id=username</arg>
<doc>Waits until the element ``locator`` is visible.</doc>
<status status="PASS" start="2026-02-23T16:00:45.036992" elapsed="0.019300"/>
</kw>
<status status="PASS" start="2026-02-23T16:00:38.528365" elapsed="6.528048"/>
</kw>
<kw name="Login Validation Template">
<kw name="Login User" owner="login_keywords">
<kw name="Input Text" owner="SeleniumLibrary">
<msg time="2026-02-23T16:00:45.057901" level="INFO">Typing text 'testuser3@test.com' into text field 'id=username'.</msg>
<arg>id=username</arg>
<arg>${EMAIL}</arg>
<doc>Types the given ``text`` into the text field identified by ``locator``.</doc>
<status status="PASS" start="2026-02-23T16:00:45.057686" elapsed="0.114649"/>
</kw>
<kw name="Input Text" owner="SeleniumLibrary">
<msg time="2026-02-23T16:00:45.173176" level="INFO">Typing text '' into text field 'id=password'.</msg>
<arg>id=password</arg>
<arg>${PASSWORD}</arg>
<doc>Types the given ``text`` into the text field identified by ``locator``.</doc>
<status status="PASS" start="2026-02-23T16:00:45.172622" elapsed="0.098010"/>
</kw>
<kw name="Click Button" owner="SeleniumLibrary">
<msg time="2026-02-23T16:00:45.271311" level="INFO">Clicking button 'name=login'.</msg>
<arg>name=login</arg>
<doc>Clicks the button identified by ``locator``.</doc>
<status status="PASS" start="2026-02-23T16:00:45.270975" elapsed="2.428566"/>
</kw>
<arg>${EMAIL}</arg>
<arg>${PASSWORD}</arg>
<status status="PASS" start="2026-02-23T16:00:45.057363" elapsed="2.642457"/>
</kw>
<kw name="Run Keyword And Return Status" owner="BuiltIn">
<kw name="Wait Until Element Is Visible" owner="SeleniumLibrary">
<msg time="2026-02-23T16:00:52.935968" level="INFO" html="true">&lt;/td&gt;&lt;/tr&gt;&lt;tr&gt;&lt;td colspan="3"&gt;&lt;a href="selenium-screenshot-108.png"&gt;&lt;img src="selenium-screenshot-108.png" width="800px"&gt;&lt;/a&gt;</msg>
<msg time="2026-02-23T16:00:52.936092" level="FAIL">Element 'css=div.woocommerce-MyAccount-content' not visible after 5 seconds.</msg>
<arg>css=div.woocommerce-MyAccount-content</arg>
<arg>5s</arg>
<doc>Waits until the element ``locator`` is visible.</doc>
<status status="FAIL" start="2026-02-23T16:00:47.700291" elapsed="5.236770">Element 'css=div.woocommerce-MyAccount-content' not visible after 5 seconds.</status>
</kw>
<msg time="2026-02-23T16:00:52.937195" level="INFO">${dashboard_visible} = False</msg>
<var>${dashboard_visible}</var>
<arg>Wait Until Element Is Visible</arg>
<arg>css=div.woocommerce-MyAccount-content</arg>
<arg>5s</arg>
<doc>Runs the specified keyword and returns the status as a Boolean value.</doc>
<status status="PASS" start="2026-02-23T16:00:47.699971" elapsed="5.237251"/>
</kw>
<if>
<branch type="IF" condition="'${EXPECTED}'=='PASS'">
<kw name="Should Be True" owner="BuiltIn">
<arg>${dashboard_visible}</arg>
<doc>Fails if the given condition is not true.</doc>
<status status="NOT RUN" start="2026-02-23T16:00:52.937580" elapsed="0.000030"/>
</kw>
<kw name="Logout User" owner="login_keywords">
<status status="NOT RUN" start="2026-02-23T16:00:52.937745" elapsed="0.000030"/>
</kw>
<kw name="Wait Until Element Is Visible" owner="SeleniumLibrary">
<arg>id=username</arg>
<doc>Waits until the element ``locator`` is visible.</doc>
<status status="NOT RUN" start="2026-02-23T16:00:52.937859" elapsed="0.000026"/>
</kw>
<status status="NOT RUN" start="2026-02-23T16:00:52.937389" elapsed="0.000533"/>
</branch>
<status status="PASS" start="2026-02-23T16:00:52.937347" elapsed="0.000613"/>
</if>
<if>
<branch type="IF" condition="'${EXPECTED}'=='FAIL'">
<kw name="Should Not Be True" owner="BuiltIn">
<arg>${dashboard_visible}</arg>
<doc>Fails if the given condition is true.</doc>
<status status="PASS" start="2026-02-23T16:00:52.938160" elapsed="0.000274"/>
</kw>
<status status="PASS" start="2026-02-23T16:00:52.938015" elapsed="0.000465"/>
</branch>
<status status="PASS" start="2026-02-23T16:00:52.937999" elapsed="0.000518"/>
</if>
<arg>EMAIL=testuser3@test.com</arg>
<arg>PASSWORD=</arg>
<arg>FIRSTNAME=Anil</arg>
<arg>LASTNAME=Varma</arg>
<arg>PHONE=</arg>
<arg>CITY=Bangalore</arg>
<arg>POSTCODE=560001</arg>
<arg>EXPECTED=FAIL</arg>
<status status="PASS" start="2026-02-23T16:00:45.056894" elapsed="7.881668"/>
</kw>
<status status="PASS" start="2026-02-23T16:00:38.527389" elapsed="14.411466"/>
</test>
<kw name="Close Application" owner="common" type="TEARDOWN">
<kw name="Close All Browsers" owner="SeleniumLibrary">
<doc>Closes all open browsers and resets the browser cache.</doc>
<status status="PASS" start="2026-02-23T16:00:52.939956" elapsed="2.317932"/>
</kw>
<status status="PASS" start="2026-02-23T16:00:52.939731" elapsed="2.318450"/>
</kw>
<status status="PASS" start="2026-02-23T15:59:29.010798" elapsed="86.247518"/>
</suite>
<suite id="s1-s3" name="02 Search Validation" source="C:\Users\Neeraja\Desktop\Wipro_Practice\Capstone_Project\robot-framework\tests\02_search_validation.robot">
<kw name="Open Application" owner="common" type="SETUP">
<kw name="Open Browser" owner="SeleniumLibrary">
<msg time="2026-02-23T16:00:55.276390" level="INFO">Opening browser 'chrome' to base url 'https://practice.automationtesting.in/'.</msg>
<arg>${URL}</arg>
<arg>${browser}</arg>
<doc>Opens a new browser instance to the optional ``url``.</doc>
<status status="PASS" start="2026-02-23T16:00:55.275964" elapsed="9.014865"/>
</kw>
<kw name="Maximize Browser Window" owner="SeleniumLibrary">
<doc>Maximizes current browser window.</doc>
<status status="PASS" start="2026-02-23T16:01:04.291083" elapsed="0.076834"/>
</kw>
<kw name="Set Selenium Timeout" owner="SeleniumLibrary">
<arg>${TIMEOUT}</arg>
<doc>Sets the timeout that is used by various keywords.</doc>
<status status="PASS" start="2026-02-23T16:01:04.368184" elapsed="0.002295"/>
</kw>
<status status="PASS" start="2026-02-23T16:00:55.275404" elapsed="9.095448"/>
</kw>
<test id="s1-s3-t1" name="Search With Valid Product" line="65">
<kw name="Go To Shop Page" type="SETUP">
<kw name="Go To" owner="SeleniumLibrary">
<msg time="2026-02-23T16:01:04.380974" level="INFO">Opening url 'https://practice.automationtesting.in/shop/'</msg>
<arg>https://practice.automationtesting.in/shop/</arg>
<doc>Navigates the current browser window to the provided ``url``.</doc>
<status status="PASS" start="2026-02-23T16:01:04.378281" elapsed="2.234814"/>
</kw>
<kw name="Wait Until Page Contains Element" owner="SeleniumLibrary">
<arg>id=content</arg>
<doc>Waits until the element ``locator`` appears on the current page.</doc>
<status status="PASS" start="2026-02-23T16:01:06.613601" elapsed="0.024659"/>
</kw>
<status status="PASS" start="2026-02-23T16:01:04.374741" elapsed="2.263789"/>
</kw>
<kw name="Search And Validate Products">
<kw name="Input Text" owner="SeleniumLibrary">
<msg time="2026-02-23T16:01:06.640855" level="INFO">Typing text 'HTML' into text field 'id=s'.</msg>
<arg>id=s</arg>
<arg>${product}</arg>
<doc>Types the given ``text`` into the text field identified by ``locator``.</doc>
<status status="PASS" start="2026-02-23T16:01:06.640196" elapsed="0.290440"/>
</kw>
<kw name="Textfield Value Should Be" owner="SeleniumLibrary">
<msg time="2026-02-23T16:01:06.980599" level="INFO">Content of text field 'id=s' is 'HTML'.</msg>
<arg>id=s</arg>
<arg>${product}</arg>
<doc>Verifies text field ``locator`` has exactly text ``expected``.</doc>
<status status="PASS" start="2026-02-23T16:01:06.931046" elapsed="0.049751"/>
</kw>
<kw name="Press Keys" owner="SeleniumLibrary">
<msg time="2026-02-23T16:01:06.981768" level="INFO">Sending key(s) ('ENTER',) to id=s element.</msg>
<msg time="2026-02-23T16:01:07.324615" level="INFO">Pressing special key ENTER to element.</msg>
<msg time="2026-02-23T16:01:07.324873" level="INFO">Releasing special key ENTER.</msg>
<arg>id=s</arg>
<arg>ENTER</arg>
<doc>Simulates the user pressing key(s) to an element or on the active browser.</doc>
<status status="PASS" start="2026-02-23T16:01:06.981151" elapsed="0.354351"/>
</kw>
<arg>${VALID_PRODUCT}</arg>
<arg>PASS</arg>
<status status="PASS" start="2026-02-23T16:01:06.639250" elapsed="0.696496"/>
</kw>
<status status="PASS" start="2026-02-23T16:01:04.371010" elapsed="2.965270"/>
</test>
<test id="s1-s3-t2" name="Search With Invalid Product" line="68">
<kw name="Go To Shop Page" type="SETUP">
<kw name="Go To" owner="SeleniumLibrary">
<msg time="2026-02-23T16:01:07.338626" level="INFO">Opening url 'https://practice.automationtesting.in/shop/'</msg>
<arg>https://practice.automationtesting.in/shop/</arg>
<doc>Navigates the current browser window to the provided ``url``.</doc>
<status status="PASS" start="2026-02-23T16:01:07.338457" elapsed="1.777824"/>
</kw>
<kw name="Wait Until Page Contains Element" owner="SeleniumLibrary">
<arg>id=content</arg>
<doc>Waits until the element ``locator`` appears on the current page.</doc>
<status status="PASS" start="2026-02-23T16:01:09.116617" elapsed="0.024082"/>
</kw>
<status status="PASS" start="2026-02-23T16:01:07.338032" elapsed="1.802782"/>
</kw>
<kw name="Search And Validate Products">
<kw name="Input Text" owner="SeleniumLibrary">
<msg time="2026-02-23T16:01:09.141893" level="INFO">Typing text 'XYZINVALID123' into text field 'id=s'.</msg>
<arg>id=s</arg>
<arg>${product}</arg>
<doc>Types the given ``text`` into the text field identified by ``locator``.</doc>
<status status="PASS" start="2026-02-23T16:01:09.141684" elapsed="0.201209"/>
</kw>
<kw name="Textfield Value Should Be" owner="SeleniumLibrary">
<msg time="2026-02-23T16:01:09.376048" level="INFO">Content of text field 'id=s' is 'XYZINVALID123'.</msg>
<arg>id=s</arg>
<arg>${product}</arg>
<doc>Verifies text field ``locator`` has exactly text ``expected``.</doc>
<status status="PASS" start="2026-02-23T16:01:09.343131" elapsed="0.033055"/>
</kw>
<kw name="Press Keys" owner="SeleniumLibrary">
<msg time="2026-02-23T16:01:09.376805" level="INFO">Sending key(s) ('ENTER',) to id=s element.</msg>
<msg time="2026-02-23T16:01:09.667726" level="INFO">Pressing special key ENTER to element.</msg>
<msg time="2026-02-23T16:01:09.667806" level="INFO">Releasing special key ENTER.</msg>
<arg>id=s</arg>
<arg>ENTER</arg>
<doc>Simulates the user pressing key(s) to an element or on the active browser.</doc>
<status status="PASS" start="2026-02-23T16:01:09.376397" elapsed="0.299661"/>
</kw>
<arg>${INVALID_PRODUCT}</arg>
<arg>NORESULT</arg>
<status status="PASS" start="2026-02-23T16:01:09.141297" elapsed="0.534894"/>
</kw>
<status status="PASS" start="2026-02-23T16:01:07.337339" elapsed="2.339218"/>
</test>
<test id="s1-s3-t3" name="Search With Empty Value" line="71">
<kw name="Go To Shop Page" type="SETUP">
<kw name="Go To" owner="SeleniumLibrary">
<msg time="2026-02-23T16:01:09.678963" level="INFO">Opening url 'https://practice.automationtesting.in/shop/'</msg>
<arg>https://practice.automationtesting.in/shop/</arg>
<doc>Navigates the current browser window to the provided ``url``.</doc>
<status status="PASS" start="2026-02-23T16:01:09.678805" elapsed="1.596869"/>
</kw>
<kw name="Wait Until Page Contains Element" owner="SeleniumLibrary">
<arg>id=content</arg>
<doc>Waits until the element ``locator`` appears on the current page.</doc>
<status status="PASS" start="2026-02-23T16:01:11.276014" elapsed="0.015578"/>
</kw>
<status status="PASS" start="2026-02-23T16:01:09.678451" elapsed="1.613318"/>
</kw>
<kw name="Search And Validate Products">
<kw name="Input Text" owner="SeleniumLibrary">
<msg time="2026-02-23T16:01:11.293105" level="INFO">Typing text '' into text field 'id=s'.</msg>
<arg>id=s</arg>
<arg>${product}</arg>
<doc>Types the given ``text`` into the text field identified by ``locator``.</doc>
<status status="PASS" start="2026-02-23T16:01:11.292839" elapsed="0.095999"/>
</kw>
<kw name="Textfield Value Should Be" owner="SeleniumLibrary">
<msg time="2026-02-23T16:01:11.454550" level="INFO">Content of text field 'id=s' is ''.</msg>
<arg>id=s</arg>
<arg>${product}</arg>
<doc>Verifies text field ``locator`` has exactly text ``expected``.</doc>
<status status="PASS" start="2026-02-23T16:01:11.389060" elapsed="0.065593"/>
</kw>
<kw name="Press Keys" owner="SeleniumLibrary">
<msg time="2026-02-23T16:01:11.455400" level="INFO">Sending key(s) ('ENTER',) to id=s element.</msg>
<msg time="2026-02-23T16:01:11.775497" level="INFO">Pressing special key ENTER to element.</msg>
<msg time="2026-02-23T16:01:11.775775" level="INFO">Releasing special key ENTER.</msg>
<arg>id=s</arg>
<arg>ENTER</arg>
<doc>Simulates the user pressing key(s) to an element or on the active browser.</doc>
<status status="PASS" start="2026-02-23T16:01:11.454904" elapsed="0.336286"/>
</kw>
<arg>${EMPTY}</arg>
<arg>ALL</arg>
<status status="PASS" start="2026-02-23T16:01:11.292227" elapsed="0.499173"/>
</kw>
<status status="PASS" start="2026-02-23T16:01:09.677448" elapsed="2.114407"/>
</test>
<kw name="Close Application" owner="common" type="TEARDOWN">
<kw name="Close All Browsers" owner="SeleniumLibrary">
<doc>Closes all open browsers and resets the browser cache.</doc>
<status status="PASS" start="2026-02-23T16:01:11.793510" elapsed="2.413736"/>
</kw>
<status status="PASS" start="2026-02-23T16:01:11.793203" elapsed="2.414185"/>
</kw>
<status status="PASS" start="2026-02-23T16:00:55.261336" elapsed="18.946109"/>
</suite>
<suite id="s1-s4" name="03 Sorting Filter Validation" source="C:\Users\Neeraja\Desktop\Wipro_Practice\Capstone_Project\robot-framework\tests\03_sorting_filter_validation.robot">
<kw name="Open Application" owner="common" type="SETUP">
<kw name="Open Browser" owner="SeleniumLibrary">
<msg time="2026-02-23T16:01:14.213025" level="INFO">Opening browser 'chrome' to base url 'https://practice.automationtesting.in/'.</msg>
<arg>${URL}</arg>
<arg>${browser}</arg>
<doc>Opens a new browser instance to the optional ``url``.</doc>
<status status="PASS" start="2026-02-23T16:01:14.212697" elapsed="9.013627"/>
</kw>
<kw name="Maximize Browser Window" owner="SeleniumLibrary">
<doc>Maximizes current browser window.</doc>
<status status="PASS" start="2026-02-23T16:01:23.227011" elapsed="0.082989"/>
</kw>
<kw name="Set Selenium Timeout" owner="SeleniumLibrary">
<arg>${TIMEOUT}</arg>
<doc>Sets the timeout that is used by various keywords.</doc>
<status status="PASS" start="2026-02-23T16:01:23.310617" elapsed="0.001941"/>
</kw>
<status status="PASS" start="2026-02-23T16:01:14.212208" elapsed="9.100516"/>
</kw>
<test id="s1-s4-t1" name="Default Sorting Validation" line="62">
<kw name="Go To Shop Page" type="SETUP">
<kw name="Go To" owner="SeleniumLibrary">
<msg time="2026-02-23T16:01:23.314610" level="INFO">Opening url 'https://practice.automationtesting.in/shop/'</msg>
<arg>https://practice.automationtesting.in/shop/</arg>
<doc>Navigates the current browser window to the provided ``url``.</doc>
<status status="PASS" start="2026-02-23T16:01:23.314271" elapsed="2.229863"/>
</kw>
<kw name="Wait Until Page Contains Element" owner="SeleniumLibrary">
<arg>id=content</arg>
<doc>Waits until the element ``locator`` appears on the current page.</doc>
<status status="PASS" start="2026-02-23T16:01:25.544451" elapsed="0.014484"/>
</kw>
<status status="PASS" start="2026-02-23T16:01:23.313701" elapsed="2.245371"/>
</kw>
<kw name="Select Default Sorting">
<kw name="Select From List By Label" owner="SeleniumLibrary">
<msg time="2026-02-23T16:01:25.560054" level="INFO">Selecting options from selection list 'css=select.orderby' by label Default sorting.</msg>
<arg>css=select.orderby</arg>
<arg>Default sorting</arg>
<doc>Selects options from selection list ``locator`` by ``labels``.</doc>
<status status="PASS" start="2026-02-23T16:01:25.559799" elapsed="0.115515"/>
</kw>
<kw name="Sleep" owner="BuiltIn">
<msg time="2026-02-23T16:01:27.676860" level="INFO">Slept 2 seconds.</msg>
<arg>2s</arg>
<doc>Pauses the test executed for the given time.</doc>
<status status="PASS" start="2026-02-23T16:01:25.675566" elapsed="2.001536"/>
</kw>
<kw name="List Selection Should Be" owner="SeleniumLibrary">
<msg time="2026-02-23T16:01:27.677955" level="INFO">Verifying list 'css=select.orderby' has option [ Default sorting ] selected.</msg>
<msg time="2026-02-23T16:01:27.715350" level="INFO">Current page contains list 'css=select.orderby'.</msg>
<arg>css=select.orderby</arg>
<arg>Default sorting</arg>
<doc>Verifies selection list ``locator`` has ``expected`` options selected.</doc>
<status status="PASS" start="2026-02-23T16:01:27.677472" elapsed="0.146310"/>
</kw>
<status status="PASS" start="2026-02-23T16:01:25.559504" elapsed="2.264441"/>
</kw>
<kw name="Validate Products Visible">
<kw name="Element Should Be Visible" owner="SeleniumLibrary">
<msg time="2026-02-23T16:01:27.848167" level="INFO">Element 'css=ul.products li' is displayed.</msg>
<arg>css=ul.products li</arg>
<doc>Verifies that the element identified by ``locator`` is visible.</doc>
<status status="PASS" start="2026-02-23T16:01:27.825031" elapsed="0.023227"/>
</kw>
<kw name="Get Element Count" owner="SeleniumLibrary">
<msg time="2026-02-23T16:01:27.857364" level="INFO">${count} = 8</msg>
<var>${count}</var>
<arg>css=ul.products li</arg>
<doc>Returns the number of elements matching ``locator``.</doc>
<status status="PASS" start="2026-02-23T16:01:27.848437" elapsed="0.008974"/>
</kw>
<kw name="Should Be True" owner="BuiltIn">
<arg>${count} &gt; 0</arg>
<doc>Fails if the given condition is not true.</doc>
<status status="PASS" start="2026-02-23T16:01:27.857582" elapsed="0.000623"/>
</kw>
<status status="PASS" start="2026-02-23T16:01:27.824486" elapsed="0.033799"/>
</kw>
<status status="PASS" start="2026-02-23T16:01:23.312856" elapsed="4.546036"/>
</test>
<test id="s1-s4-t2" name="Sort By Price Low To High Validation" line="67">
<kw name="Go To Shop Page" type="SETUP">
<kw name="Go To" owner="SeleniumLibrary">
<msg time="2026-02-23T16:01:27.860347" level="INFO">Opening url 'https://practice.automationtesting.in/shop/'</msg>
<arg>https://practice.automationtesting.in/shop/</arg>
<doc>Navigates the current browser window to the provided ``url``.</doc>
<status status="PASS" start="2026-02-23T16:01:27.860236" elapsed="1.341410"/>
</kw>
<kw name="Wait Until Page Contains Element" owner="SeleniumLibrary">
<arg>id=content</arg>
<doc>Waits until the element ``locator`` appears on the current page.</doc>
<status status="PASS" start="2026-02-23T16:01:29.201999" elapsed="0.008602"/>
</kw>
<status status="PASS" start="2026-02-23T16:01:27.859993" elapsed="1.350723"/>
</kw>
<kw name="Select Sort By Price Low To High">
<kw name="Select From List By Value" owner="SeleniumLibrary">
<msg time="2026-02-23T16:01:29.211532" level="INFO">Selecting options from selection list 'css=select.orderby' by value price.</msg>
<arg>css=select.orderby</arg>
<arg>price</arg>
<doc>Selects options from selection list ``locator`` by ``values``.</doc>
<status status="PASS" start="2026-02-23T16:01:29.211357" elapsed="2.687801"/>
</kw>
<kw name="Sleep" owner="BuiltIn">
<msg time="2026-02-23T16:01:33.900090" level="INFO">Slept 2 seconds.</msg>
<arg>2s</arg>
<doc>Pauses the test executed for the given time.</doc>
<status status="PASS" start="2026-02-23T16:01:31.899365" elapsed="2.000915"/>
</kw>
<kw name="List Selection Should Be" owner="SeleniumLibrary">
<msg time="2026-02-23T16:01:33.900809" level="INFO">Verifying list 'css=select.orderby' has option [ Sort by price: low to high ] selected.</msg>
<msg time="2026-02-23T16:01:33.933698" level="INFO">Current page contains list 'css=select.orderby'.</msg>
<arg>css=select.orderby</arg>
<arg>Sort by price: low to high</arg>
<doc>Verifies selection list ``locator`` has ``expected`` options selected.</doc>
<status status="PASS" start="2026-02-23T16:01:33.900534" elapsed="0.154268"/>
</kw>
<status status="PASS" start="2026-02-23T16:01:29.211079" elapsed="4.843842"/>
</kw>
<kw name="Validate Products Visible">
<kw name="Element Should Be Visible" owner="SeleniumLibrary">
<msg time="2026-02-23T16:01:34.072202" level="INFO">Element 'css=ul.products li' is displayed.</msg>
<arg>css=ul.products li</arg>
<doc>Verifies that the element identified by ``locator`` is visible.</doc>
<status status="PASS" start="2026-02-23T16:01:34.055549" elapsed="0.016747"/>
</kw>
<kw name="Get Element Count" owner="SeleniumLibrary">
<msg time="2026-02-23T16:01:34.080969" level="INFO">${count} = 8</msg>
<var>${count}</var>
<arg>css=ul.products li</arg>
<doc>Returns the number of elements matching ``locator``.</doc>
<status status="PASS" start="2026-02-23T16:01:34.072473" elapsed="0.008546"/>
</kw>
<kw name="Should Be True" owner="BuiltIn">
<arg>${count} &gt; 0</arg>
<doc>Fails if the given condition is not true.</doc>
<status status="PASS" start="2026-02-23T16:01:34.081186" elapsed="0.000387"/>
</kw>
<status status="PASS" start="2026-02-23T16:01:34.055273" elapsed="0.026403"/>
</kw>
<status status="PASS" start="2026-02-23T16:01:27.859506" elapsed="6.222459"/>
</test>
<test id="s1-s4-t3" name="Filter By Price Validation" line="72">
<kw name="Go To Shop Page" type="SETUP">
<kw name="Go To" owner="SeleniumLibrary">
<msg time="2026-02-23T16:01:34.084099" level="INFO">Opening url 'https://practice.automationtesting.in/shop/'</msg>
<arg>https://practice.automationtesting.in/shop/</arg>
<doc>Navigates the current browser window to the provided ``url``.</doc>
<status status="PASS" start="2026-02-23T16:01:34.083900" elapsed="1.566901"/>
</kw>
<kw name="Wait Until Page Contains Element" owner="SeleniumLibrary">
<arg>id=content</arg>
<doc>Waits until the element ``locator`` appears on the current page.</doc>
<status status="PASS" start="2026-02-23T16:01:35.651164" elapsed="0.060751"/>
</kw>
<status status="PASS" start="2026-02-23T16:01:34.083488" elapsed="1.628748"/>
</kw>
<kw name="Get Price Range Text">
<kw name="Get Text" owner="SeleniumLibrary">
<msg time="2026-02-23T16:01:35.793628" level="INFO">${text} = Price: ₹150 — ₹500</msg>
<var>${text}</var>
<arg>css=.price_label</arg>
<doc>Returns the text value of the element identified by ``locator``.</doc>
<status status="PASS" start="2026-02-23T16:01:35.714305" elapsed="0.079538"/>
</kw>
<kw name="Should Not Be Empty" owner="BuiltIn">
<msg time="2026-02-23T16:01:35.796158" level="INFO">Length is 18.</msg>
<arg>${text}</arg>
<doc>Verifies that the given item is not empty.</doc>
<status status="PASS" start="2026-02-23T16:01:35.794367" elapsed="0.001951"/>
</kw>
<return>
<value>${text}</value>
<status status="PASS" start="2026-02-23T16:01:35.796595" elapsed="0.000129"/>
</return>
<msg time="2026-02-23T16:01:35.797078" level="INFO">${before} = Price: ₹150 — ₹500</msg>
<var>${before}</var>
<status status="PASS" start="2026-02-23T16:01:35.713679" elapsed="0.083448"/>
</kw>
<kw name="Move Price Slider And Apply Filter">
<kw name="Execute Javascript" owner="SeleniumLibrary">
<msg time="2026-02-23T16:01:35.803354" level="INFO">Executing JavaScript:
document.querySelector('#min_price').value='150';
Without any arguments.</msg>
<arg>document.querySelector('#min_price').value='150';</arg>
<doc>Executes the given JavaScript code with possible arguments.</doc>
<status status="PASS" start="2026-02-23T16:01:35.799087" elapsed="0.016589"/>
</kw>
<kw name="Execute Javascript" owner="SeleniumLibrary">
<msg time="2026-02-23T16:01:35.816817" level="INFO">Executing JavaScript:
document.querySelector('#max_price').value='300';
Without any arguments.</msg>
<arg>document.querySelector('#max_price').value='300';</arg>
<doc>Executes the given JavaScript code with possible arguments.</doc>
<status status="PASS" start="2026-02-23T16:01:35.816024" elapsed="0.008013"/>
</kw>
<kw name="Execute Javascript" owner="SeleniumLibrary">
<msg time="2026-02-23T16:01:35.824817" level="INFO">Executing JavaScript:
jQuery('body').trigger('price_slider_change');
Without any arguments.</msg>
<arg>jQuery('body').trigger('price_slider_change');</arg>
<doc>Executes the given JavaScript code with possible arguments.</doc>
<status status="PASS" start="2026-02-23T16:01:35.824335" elapsed="0.007936"/>
</kw>
<kw name="Click Button" owner="SeleniumLibrary">
<msg time="2026-02-23T16:01:35.832769" level="INFO">Clicking button 'css=.price_slider_amount button'.</msg>
<arg>css=.price_slider_amount button</arg>
<doc>Clicks the button identified by ``locator``.</doc>
<status status="PASS" start="2026-02-23T16:01:35.832481" elapsed="2.623744"/>
</kw>
<kw name="Wait Until Page Contains Element" owner="SeleniumLibrary">
<arg>css=ul.products</arg>
<doc>Waits until the element ``locator`` appears on the current page.</doc>
<status status="PASS" start="2026-02-23T16:01:38.456390" elapsed="0.021228"/>
</kw>
<status status="PASS" start="2026-02-23T16:01:35.798012" elapsed="2.679729"/>
</kw>
<kw name="Get Price Range Text">
<kw name="Get Text" owner="SeleniumLibrary">
<msg time="2026-02-23T16:01:38.497401" level="INFO">${text} = Price: ₹150 — ₹300</msg>
<var>${text}</var>
<arg>css=.price_label</arg>
<doc>Returns the text value of the element identified by ``locator``.</doc>
<status status="PASS" start="2026-02-23T16:01:38.478506" elapsed="0.018945"/>
</kw>
<kw name="Should Not Be Empty" owner="BuiltIn">
<msg time="2026-02-23T16:01:38.497956" level="INFO">Length is 18.</msg>
<arg>${text}</arg>
<doc>Verifies that the given item is not empty.</doc>
<status status="PASS" start="2026-02-23T16:01:38.497625" elapsed="0.000385"/>
</kw>
<return>
<value>${text}</value>
<status status="PASS" start="2026-02-23T16:01:38.498078" elapsed="0.000056"/>
</return>
<msg time="2026-02-23T16:01:38.498285" level="INFO">${after} = Price: ₹150 — ₹300</msg>
<var>${after}</var>
<status status="PASS" start="2026-02-23T16:01:38.478166" elapsed="0.020147"/>
</kw>
<kw name="Should Not Be Equal" owner="BuiltIn">
<arg>${before}</arg>
<arg>${after}</arg>
<doc>Fails if the given objects are equal.</doc>
<status status="PASS" start="2026-02-23T16:01:38.498674" elapsed="0.000350"/>
</kw>
<kw name="Element Should Contain" owner="SeleniumLibrary">
<msg time="2026-02-23T16:01:38.519304" level="INFO">Element 'css=.price_label' contains text '₹'.</msg>
<arg>css=.price_label</arg>
<arg>₹</arg>
<doc>Verifies that element ``locator`` contains text ``expected``.</doc>
<status status="PASS" start="2026-02-23T16:01:38.499267" elapsed="0.020140"/>
</kw>
<kw name="Validate Products Visible">
<kw name="Element Should Be Visible" owner="SeleniumLibrary">
<msg time="2026-02-23T16:01:38.538138" level="INFO">Element 'css=ul.products li' is displayed.</msg>
<arg>css=ul.products li</arg>
<doc>Verifies that the element identified by ``locator`` is visible.</doc>
<status status="PASS" start="2026-02-23T16:01:38.520081" elapsed="0.018151"/>
</kw>
<kw name="Get Element Count" owner="SeleniumLibrary">
<msg time="2026-02-23T16:01:38.546953" level="INFO">${count} = 4</msg>
<var>${count}</var>
<arg>css=ul.products li</arg>
<doc>Returns the number of elements matching ``locator``.</doc>
<status status="PASS" start="2026-02-23T16:01:38.538412" elapsed="0.008590"/>
</kw>
<kw name="Should Be True" owner="BuiltIn">
<arg>${count} &gt; 0</arg>
<doc>Fails if the given condition is not true.</doc>
<status status="PASS" start="2026-02-23T16:01:38.547173" elapsed="0.000334"/>
</kw>
<status status="PASS" start="2026-02-23T16:01:38.519820" elapsed="0.027764"/>
</kw>
<status status="PASS" start="2026-02-23T16:01:34.082788" elapsed="4.465073"/>
</test>
<test id="s1-s4-t4" name="Price Change Filter Validation" line="86">
<kw name="Go To Shop Page" type="SETUP">
<kw name="Go To" owner="SeleniumLibrary">
<msg time="2026-02-23T16:01:38.549401" level="INFO">Opening url 'https://practice.automationtesting.in/shop/'</msg>
<arg>https://practice.automationtesting.in/shop/</arg>
<doc>Navigates the current browser window to the provided ``url``.</doc>
<status status="PASS" start="2026-02-23T16:01:38.549276" elapsed="2.818016"/>
</kw>
<kw name="Wait Until Page Contains Element" owner="SeleniumLibrary">
<arg>id=content</arg>
<doc>Waits until the element ``locator`` appears on the current page.</doc>
<status status="PASS" start="2026-02-23T16:01:41.367475" elapsed="0.017758"/>
</kw>
<status status="PASS" start="2026-02-23T16:01:38.549054" elapsed="2.836303"/>
</kw>
<kw name="Get Price Range Text">
<kw name="Get Text" owner="SeleniumLibrary">
<msg time="2026-02-23T16:01:41.406634" level="INFO">${text} = Price: ₹150 — ₹500</msg>
<var>${text}</var>
<arg>css=.price_label</arg>
<doc>Returns the text value of the element identified by ``locator``.</doc>
<status status="PASS" start="2026-02-23T16:01:41.386284" elapsed="0.020404"/>
</kw>
<kw name="Should Not Be Empty" owner="BuiltIn">
<msg time="2026-02-23T16:01:41.407232" level="INFO">Length is 18.</msg>
<arg>${text}</arg>
<doc>Verifies that the given item is not empty.</doc>
<status status="PASS" start="2026-02-23T16:01:41.406904" elapsed="0.000382"/>
</kw>
<return>
<value>${text}</value>
<status status="PASS" start="2026-02-23T16:01:41.407363" elapsed="0.000055"/>
</return>
<msg time="2026-02-23T16:01:41.407567" level="INFO">${initial} = Price: ₹150 — ₹500</msg>
<var>${initial}</var>
<status status="PASS" start="2026-02-23T16:01:41.385848" elapsed="0.021752"/>
</kw>
<kw name="Move Price Slider And Apply Filter">
<kw name="Execute Javascript" owner="SeleniumLibrary">
<msg time="2026-02-23T16:01:41.408514" level="INFO">Executing JavaScript:
document.querySelector('#min_price').value='150';
Without any arguments.</msg>
<arg>document.querySelector('#min_price').value='150';</arg>
<doc>Executes the given JavaScript code with possible arguments.</doc>
<status status="PASS" start="2026-02-23T16:01:41.408182" elapsed="0.006939"/>
</kw>
<kw name="Execute Javascript" owner="SeleniumLibrary">
<msg time="2026-02-23T16:01:41.415848" level="INFO">Executing JavaScript:
document.querySelector('#max_price').value='300';
Without any arguments.</msg>
<arg>document.querySelector('#max_price').value='300';</arg>
<doc>Executes the given JavaScript code with possible arguments.</doc>
<status status="PASS" start="2026-02-23T16:01:41.415449" elapsed="0.005752"/>
</kw>
<kw name="Execute Javascript" owner="SeleniumLibrary">
<msg time="2026-02-23T16:01:41.423068" level="INFO">Executing JavaScript:
jQuery('body').trigger('price_slider_change');
Without any arguments.</msg>
<arg>jQuery('body').trigger('price_slider_change');</arg>
<doc>Executes the given JavaScript code with possible arguments.</doc>
<status status="PASS" start="2026-02-23T16:01:41.421388" elapsed="0.007445"/>
</kw>
<kw name="Click Button" owner="SeleniumLibrary">
<msg time="2026-02-23T16:01:41.429224" level="INFO">Clicking button 'css=.price_slider_amount button'.</msg>
<arg>css=.price_slider_amount button</arg>
<doc>Clicks the button identified by ``locator``.</doc>
<status status="PASS" start="2026-02-23T16:01:41.429017" elapsed="2.390637"/>
</kw>
<kw name="Wait Until Page Contains Element" owner="SeleniumLibrary">
<arg>css=ul.products</arg>
<doc>Waits until the element ``locator`` appears on the current page.</doc>
<status status="PASS" start="2026-02-23T16:01:43.819891" elapsed="0.023408"/>
</kw>
<status status="PASS" start="2026-02-23T16:01:41.407931" elapsed="2.435490"/>
</kw>
<kw name="Get Price Range Text">
<kw name="Get Text" owner="SeleniumLibrary">
<msg time="2026-02-23T16:01:43.863494" level="INFO">${text} = Price: ₹150 — ₹300</msg>
<var>${text}</var>
<arg>css=.price_label</arg>
<doc>Returns the text value of the element identified by ``locator``.</doc>
<status status="PASS" start="2026-02-23T16:01:43.844293" elapsed="0.019331"/>
</kw>
<kw name="Should Not Be Empty" owner="BuiltIn">
<msg time="2026-02-23T16:01:43.864391" level="INFO">Length is 18.</msg>
<arg>${text}</arg>
<doc>Verifies that the given item is not empty.</doc>
<status status="PASS" start="2026-02-23T16:01:43.863911" elapsed="0.000547"/>
</kw>
<return>
<value>${text}</value>
<status status="PASS" start="2026-02-23T16:01:43.864552" elapsed="0.000049"/>
</return>
<msg time="2026-02-23T16:01:43.864765" level="INFO">${changed} = Price: ₹150 — ₹300</msg>
<var>${changed}</var>
<status status="PASS" start="2026-02-23T16:01:43.843882" elapsed="0.020916"/>
</kw>
<kw name="Log" owner="BuiltIn">
<msg time="2026-02-23T16:01:43.865490" level="INFO">Initial Price Range: Price: ₹150 — ₹500</msg>
<arg>Initial Price Range: ${initial}</arg>
<doc>Logs the given message with the given level.</doc>
<status status="PASS" start="2026-02-23T16:01:43.865137" elapsed="0.000404"/>
</kw>
<kw name="Log" owner="BuiltIn">
<msg time="2026-02-23T16:01:43.866104" level="INFO">Changed Price Range: Price: ₹150 — ₹300</msg>
<arg>Changed Price Range: ${changed}</arg>
<doc>Logs the given message with the given level.</doc>
<status status="PASS" start="2026-02-23T16:01:43.865827" elapsed="0.000327"/>
</kw>
<kw name="Should Not Be Equal" owner="BuiltIn">
<arg>${initial}</arg>
<arg>${changed}</arg>
<doc>Fails if the given objects are equal.</doc>
<status status="PASS" start="2026-02-23T16:01:43.866428" elapsed="0.000324"/>
</kw>
<kw name="Element Should Be Visible" owner="SeleniumLibrary">
[...]
<arg>User already registered — registration must be new</arg>
<doc>Fails the test with the given message and optionally alters its tags.</doc>
<status status="NOT RUN" start="2026-02-23T16:05:01.790637" elapsed="0.000051"/>
</kw>
<status status="NOT RUN" start="2026-02-23T16:05:01.790170" elapsed="0.000602"/>
</branch>
<branch type="ELSE">
<kw name="Capture Page Screenshot" owner="SeleniumLibrary">
<msg time="2026-02-23T16:05:01.917382" level="INFO" html="true">&lt;/td&gt;&lt;/tr&gt;&lt;tr&gt;&lt;td colspan="3"&gt;&lt;a href="selenium-screenshot-142.png"&gt;&lt;img src="selenium-screenshot-142.png" width="800px"&gt;&lt;/a&gt;</msg>
<doc>Takes a screenshot of the current page and embeds it into a log file.</doc>
<status status="PASS" start="2026-02-23T16:05:01.791066" elapsed="0.126428"/>
</kw>
<kw name="Fail" owner="BuiltIn">
<msg time="2026-02-23T16:05:01.918171" level="FAIL">Registration result not detected</msg>
<arg>Registration result not detected</arg>
<doc>Fails the test with the given message and optionally alters its tags.</doc>
<status status="FAIL" start="2026-02-23T16:05:01.917665" elapsed="0.000591">Registration result not detected</status>
</kw>
<status status="FAIL" start="2026-02-23T16:05:01.790845" elapsed="0.127507">Registration result not detected</status>
</branch>
<status status="FAIL" start="2026-02-23T16:05:01.789066" elapsed="0.129339">Registration result not detected</status>
</if>
<status status="FAIL" start="2026-02-23T16:05:00.942842" elapsed="0.975690">Registration result not detected</status>
</kw>
<kw name="Check Registration Result">
<kw name="Run Keyword And Return Status" owner="BuiltIn">
<kw name="Page Should Contain" owner="SeleniumLibrary">
<msg time="2026-02-23T16:05:04.607551" level="INFO" html="true">&lt;/td&gt;&lt;/tr&gt;&lt;tr&gt;&lt;td colspan="3"&gt;&lt;a href="selenium-screenshot-143.png"&gt;&lt;img src="selenium-screenshot-143.png" width="800px"&gt;&lt;/a&gt;</msg>
<msg time="2026-02-23T16:05:04.607719" level="FAIL">Page should have contained text 'Logout' but did not.</msg>
<arg>Logout</arg>
<doc>Verifies that current page contains ``text``.</doc>
<status status="FAIL" start="2026-02-23T16:05:03.920298" elapsed="0.688186">Page should have contained text 'Logout' but did not.</status>
</kw>
<msg time="2026-02-23T16:05:04.608666" level="INFO">${logout} = False</msg>
<var>${logout}</var>
<arg>Page Should Contain</arg>
<arg>Logout</arg>
<doc>Runs the specified keyword and returns the status as a Boolean value.</doc>
<status status="PASS" start="2026-02-23T16:05:03.919897" elapsed="0.688806"/>
</kw>
<kw name="Run Keyword And Return Status" owner="BuiltIn">
<kw name="Page Should Contain" owner="SeleniumLibrary">
<msg time="2026-02-23T16:05:05.023246" level="INFO" html="true">&lt;/td&gt;&lt;/tr&gt;&lt;tr&gt;&lt;td colspan="3"&gt;&lt;a href="selenium-screenshot-144.png"&gt;&lt;img src="selenium-screenshot-144.png" width="800px"&gt;&lt;/a&gt;</msg>
<msg time="2026-02-23T16:05:05.023406" level="FAIL">Page should have contained text 'already registered' but did not.</msg>
<arg>already registered</arg>
<doc>Verifies that current page contains ``text``.</doc>
<status status="FAIL" start="2026-02-23T16:05:04.609293" elapsed="0.414826">Page should have contained text 'already registered' but did not.</status>
</kw>
<msg time="2026-02-23T16:05:05.024270" level="INFO">${exists} = False</msg>
<var>${exists}</var>
<arg>Page Should Contain</arg>
<arg>already registered</arg>
<doc>Runs the specified keyword and returns the status as a Boolean value.</doc>
<status status="PASS" start="2026-02-23T16:05:04.608912" elapsed="0.415391"/>
</kw>
<if>
<branch type="IF" condition="${logout}">
<kw name="Log" owner="BuiltIn">
<arg>New user registered</arg>
<doc>Logs the given message with the given level.</doc>
<status status="NOT RUN" start="2026-02-23T16:05:05.024580" elapsed="0.000035"/>
</kw>
<kw name="Logout User" owner="login_keywords">
<status status="NOT RUN" start="2026-02-23T16:05:05.024789" elapsed="0.000036"/>
</kw>
<kw name="Wait Until Element Is Visible" owner="SeleniumLibrary">
<arg>id=username</arg>
<doc>Waits until the element ``locator`` is visible.</doc>
<status status="NOT RUN" start="2026-02-23T16:05:05.024930" elapsed="0.000030"/>
</kw>
<status status="NOT RUN" start="2026-02-23T16:05:05.024414" elapsed="0.000591"/>
</branch>
<branch type="ELSE IF" condition="${exists}">
<kw name="Capture Page Screenshot" owner="SeleniumLibrary">
<doc>Takes a screenshot of the current page and embeds it into a log file.</doc>
<status status="NOT RUN" start="2026-02-23T16:05:05.025188" elapsed="0.000029"/>
</kw>
<kw name="Fail" owner="BuiltIn">
<arg>User already registered — registration must be new</arg>
<doc>Fails the test with the given message and optionally alters its tags.</doc>
<status status="NOT RUN" start="2026-02-23T16:05:05.025314" elapsed="0.000030"/>
</kw>
<status status="NOT RUN" start="2026-02-23T16:05:05.025047" elapsed="0.000342"/>
</branch>
<branch type="ELSE">
<kw name="Capture Page Screenshot" owner="SeleniumLibrary">
<msg time="2026-02-23T16:05:05.143932" level="INFO" html="true">&lt;/td&gt;&lt;/tr&gt;&lt;tr&gt;&lt;td colspan="3"&gt;&lt;a href="selenium-screenshot-145.png"&gt;&lt;img src="selenium-screenshot-145.png" width="800px"&gt;&lt;/a&gt;</msg>
<doc>Takes a screenshot of the current page and embeds it into a log file.</doc>
<status status="PASS" start="2026-02-23T16:05:05.025528" elapsed="0.118617"/>
</kw>
<kw name="Fail" owner="BuiltIn">
<msg time="2026-02-23T16:05:05.145180" level="FAIL">Registration result not detected</msg>
<arg>Registration result not detected</arg>
<doc>Fails the test with the given message and optionally alters its tags.</doc>
<status status="FAIL" start="2026-02-23T16:05:05.144503" elapsed="0.000824">Registration result not detected</status>
</kw>
<status status="FAIL" start="2026-02-23T16:05:05.025429" elapsed="0.120062">Registration result not detected</status>
</branch>
<status status="FAIL" start="2026-02-23T16:05:05.024386" elapsed="0.121163">Registration result not detected</status>
</if>
<status status="FAIL" start="2026-02-23T16:05:03.919414" elapsed="1.226242">Registration result not detected</status>
</kw>
<kw name="Check Registration Result">
<kw name="Run Keyword And Return Status" owner="BuiltIn">
<kw name="Page Should Contain" owner="SeleniumLibrary">
<msg time="2026-02-23T16:05:07.901583" level="INFO" html="true">&lt;/td&gt;&lt;/tr&gt;&lt;tr&gt;&lt;td colspan="3"&gt;&lt;a href="selenium-screenshot-146.png"&gt;&lt;img src="selenium-screenshot-146.png" width="800px"&gt;&lt;/a&gt;</msg>
<msg time="2026-02-23T16:05:07.901758" level="FAIL">Page should have contained text 'Logout' but did not.</msg>
<arg>Logout</arg>
<doc>Verifies that current page contains ``text``.</doc>
<status status="FAIL" start="2026-02-23T16:05:07.210489" elapsed="0.692024">Page should have contained text 'Logout' but did not.</status>
</kw>
<msg time="2026-02-23T16:05:07.902695" level="INFO">${logout} = False</msg>
<var>${logout}</var>
<arg>Page Should Contain</arg>
<arg>Logout</arg>
<doc>Runs the specified keyword and returns the status as a Boolean value.</doc>
<status status="PASS" start="2026-02-23T16:05:07.209778" elapsed="0.692957"/>
</kw>
<kw name="Run Keyword And Return Status" owner="BuiltIn">
<kw name="Page Should Contain" owner="SeleniumLibrary">
<msg time="2026-02-23T16:05:08.327519" level="INFO" html="true">&lt;/td&gt;&lt;/tr&gt;&lt;tr&gt;&lt;td colspan="3"&gt;&lt;a href="selenium-screenshot-147.png"&gt;&lt;img src="selenium-screenshot-147.png" width="800px"&gt;&lt;/a&gt;</msg>
<msg time="2026-02-23T16:05:08.327653" level="FAIL">Page should have contained text 'already registered' but did not.</msg>
<arg>already registered</arg>
<doc>Verifies that current page contains ``text``.</doc>
<status status="FAIL" start="2026-02-23T16:05:07.903384" elapsed="0.425071">Page should have contained text 'already registered' but did not.</status>
</kw>
<msg time="2026-02-23T16:05:08.328710" level="INFO">${exists} = False</msg>
<var>${exists}</var>
<arg>Page Should Contain</arg>
<arg>already registered</arg>
<doc>Runs the specified keyword and returns the status as a Boolean value.</doc>
<status status="PASS" start="2026-02-23T16:05:07.902905" elapsed="0.425871"/>
</kw>
<if>
<branch type="IF" condition="${logout}">
<kw name="Log" owner="BuiltIn">
<arg>New user registered</arg>
<doc>Logs the given message with the given level.</doc>
<status status="NOT RUN" start="2026-02-23T16:05:08.329227" elapsed="0.000084"/>
</kw>
<kw name="Logout User" owner="login_keywords">
<status status="NOT RUN" start="2026-02-23T16:05:08.329691" elapsed="0.000058"/>
</kw>
<kw name="Wait Until Element Is Visible" owner="SeleniumLibrary">
<arg>id=username</arg>
<doc>Waits until the element ``locator`` is visible.</doc>
<status status="NOT RUN" start="2026-02-23T16:05:08.330010" elapsed="0.000064"/>
</kw>
<status status="NOT RUN" start="2026-02-23T16:05:08.328947" elapsed="0.001204"/>
</branch>
<branch type="ELSE IF" condition="${exists}">
<kw name="Capture Page Screenshot" owner="SeleniumLibrary">
<doc>Takes a screenshot of the current page and embeds it into a log file.</doc>
<status status="NOT RUN" start="2026-02-23T16:05:08.330460" elapsed="0.000033"/>
</kw>
<kw name="Fail" owner="BuiltIn">
<arg>User already registered — registration must be new</arg>
<doc>Fails the test with the given message and optionally alters its tags.</doc>
<status status="NOT RUN" start="2026-02-23T16:05:08.330599" elapsed="0.000032"/>
</kw>
<status status="NOT RUN" start="2026-02-23T16:05:08.330219" elapsed="0.000462"/>
</branch>
<branch type="ELSE">
<kw name="Capture Page Screenshot" owner="SeleniumLibrary">
<msg time="2026-02-23T16:05:08.436976" level="INFO" html="true">&lt;/td&gt;&lt;/tr&gt;&lt;tr&gt;&lt;td colspan="3"&gt;&lt;a href="selenium-screenshot-148.png"&gt;&lt;img src="selenium-screenshot-148.png" width="800px"&gt;&lt;/a&gt;</msg>
<doc>Takes a screenshot of the current page and embeds it into a log file.</doc>
<status status="PASS" start="2026-02-23T16:05:08.330827" elapsed="0.106272"/>
</kw>
<kw name="Fail" owner="BuiltIn">
<msg time="2026-02-23T16:05:08.437601" level="FAIL">Registration result not detected</msg>
<arg>Registration result not detected</arg>
<doc>Fails the test with the given message and optionally alters its tags.</doc>
<status status="FAIL" start="2026-02-23T16:05:08.437269" elapsed="0.000408">Registration result not detected</status>
</kw>
<status status="FAIL" start="2026-02-23T16:05:08.330723" elapsed="0.107038">Registration result not detected</status>
</branch>
<status status="FAIL" start="2026-02-23T16:05:08.328907" elapsed="0.108904">Registration result not detected</status>
</if>
<status status="FAIL" start="2026-02-23T16:05:07.209096" elapsed="1.228814">Registration result not detected</status>
</kw>
<kw name="Check Registration Result">
<kw name="Run Keyword And Return Status" owner="BuiltIn">
<kw name="Page Should Contain" owner="SeleniumLibrary">
<msg time="2026-02-23T16:05:10.860215" level="INFO" html="true">&lt;/td&gt;&lt;/tr&gt;&lt;tr&gt;&lt;td colspan="3"&gt;&lt;a href="selenium-screenshot-149.png"&gt;&lt;img src="selenium-screenshot-149.png" width="800px"&gt;&lt;/a&gt;</msg>
<msg time="2026-02-23T16:05:10.860389" level="FAIL">Page should have contained text 'Logout' but did not.</msg>
<arg>Logout</arg>
<doc>Verifies that current page contains ``text``.</doc>
<status status="FAIL" start="2026-02-23T16:05:10.439548" elapsed="0.421557">Page should have contained text 'Logout' but did not.</status>
</kw>
<msg time="2026-02-23T16:05:10.861267" level="INFO">${logout} = False</msg>
<var>${logout}</var>
<arg>Page Should Contain</arg>
<arg>Logout</arg>
<doc>Runs the specified keyword and returns the status as a Boolean value.</doc>
<status status="PASS" start="2026-02-23T16:05:10.439102" elapsed="0.422197"/>
</kw>
<kw name="Run Keyword And Return Status" owner="BuiltIn">
<kw name="Page Should Contain" owner="SeleniumLibrary">
<msg time="2026-02-23T16:05:11.318480" level="INFO" html="true">&lt;/td&gt;&lt;/tr&gt;&lt;tr&gt;&lt;td colspan="3"&gt;&lt;a href="selenium-screenshot-150.png"&gt;&lt;img src="selenium-screenshot-150.png" width="800px"&gt;&lt;/a&gt;</msg>
<msg time="2026-02-23T16:05:11.318653" level="FAIL">Page should have contained text 'already registered' but did not.</msg>
<arg>already registered</arg>
<doc>Verifies that current page contains ``text``.</doc>
<status status="FAIL" start="2026-02-23T16:05:10.861831" elapsed="0.457540">Page should have contained text 'already registered' but did not.</status>
</kw>
<msg time="2026-02-23T16:05:11.319533" level="INFO">${exists} = False</msg>
<var>${exists}</var>
<arg>Page Should Contain</arg>
<arg>already registered</arg>
<doc>Runs the specified keyword and returns the status as a Boolean value.</doc>
<status status="PASS" start="2026-02-23T16:05:10.861468" elapsed="0.458100"/>
</kw>
<if>
<branch type="IF" condition="${logout}">
<kw name="Log" owner="BuiltIn">
<arg>New user registered</arg>
<doc>Logs the given message with the given level.</doc>
<status status="NOT RUN" start="2026-02-23T16:05:11.319944" elapsed="0.000045"/>
</kw>
<kw name="Logout User" owner="login_keywords">
<status status="NOT RUN" start="2026-02-23T16:05:11.320177" elapsed="0.000063"/>
</kw>
<kw name="Wait Until Element Is Visible" owner="SeleniumLibrary">
<arg>id=username</arg>
<doc>Waits until the element ``locator`` is visible.</doc>
<status status="NOT RUN" start="2026-02-23T16:05:11.320430" elapsed="0.000054"/>
</kw>
<status status="NOT RUN" start="2026-02-23T16:05:11.319687" elapsed="0.000842"/>
</branch>
<branch type="ELSE IF" condition="${exists}">
<kw name="Capture Page Screenshot" owner="SeleniumLibrary">
<doc>Takes a screenshot of the current page and embeds it into a log file.</doc>
<status status="NOT RUN" start="2026-02-23T16:05:11.320722" elapsed="0.000030"/>
</kw>
<kw name="Fail" owner="BuiltIn">
<arg>User already registered — registration must be new</arg>
<doc>Fails the test with the given message and optionally alters its tags.</doc>
<status status="NOT RUN" start="2026-02-23T16:05:11.320845" elapsed="0.000031"/>
</kw>
<status status="NOT RUN" start="2026-02-23T16:05:11.320574" elapsed="0.000345"/>
</branch>
<branch type="ELSE">
<kw name="Capture Page Screenshot" owner="SeleniumLibrary">
<msg time="2026-02-23T16:05:11.437457" level="INFO" html="true">&lt;/td&gt;&lt;/tr&gt;&lt;tr&gt;&lt;td colspan="3"&gt;&lt;a href="selenium-screenshot-151.png"&gt;&lt;img src="selenium-screenshot-151.png" width="800px"&gt;&lt;/a&gt;</msg>
<doc>Takes a screenshot of the current page and embeds it into a log file.</doc>
<status status="PASS" start="2026-02-23T16:05:11.321054" elapsed="0.116535"/>
</kw>
<kw name="Fail" owner="BuiltIn">
<msg time="2026-02-23T16:05:11.438234" level="FAIL">Registration result not detected</msg>
<arg>Registration result not detected</arg>
<doc>Fails the test with the given message and optionally alters its tags.</doc>
<status status="FAIL" start="2026-02-23T16:05:11.437784" elapsed="0.000539">Registration result not detected</status>
</kw>
<status status="FAIL" start="2026-02-23T16:05:11.320957" elapsed="0.117470">Registration result not detected</status>
</branch>
<status status="FAIL" start="2026-02-23T16:05:11.319657" elapsed="0.118829">Registration result not detected</status>
</if>
<status status="FAIL" start="2026-02-23T16:05:10.438672" elapsed="0.999925">Registration result not detected</status>
</kw>
<msg time="2026-02-23T16:05:11.438705" level="FAIL">Keyword 'Check Registration Result' failed after retrying for 15 seconds. The last error was: Registration result not detected</msg>
<arg>15s</arg>
<arg>2s</arg>
<arg>Check Registration Result</arg>
<doc>Runs the specified keyword and retries if it fails.</doc>
<status status="FAIL" start="2026-02-23T16:04:54.241119" elapsed="17.197706">Keyword 'Check Registration Result' failed after retrying for 15 seconds. The last error was: Registration result not detected</status>
</kw>
<arg>${EMAIL}</arg>
<arg>${PASSWORD}</arg>
<status status="FAIL" start="2026-02-23T16:04:51.512022" elapsed="19.926927">Keyword 'Check Registration Result' failed after retrying for 15 seconds. The last error was: Registration result not detected</status>
</kw>
<kw name="Login Validation">
<arg>${EMAIL}</arg>
<arg>${PASSWORD}</arg>
<status status="NOT RUN" start="2026-02-23T16:05:11.439176" elapsed="0.000040"/>
</kw>
<kw name="Search Validation">
<status status="NOT RUN" start="2026-02-23T16:05:11.439370" elapsed="0.000034"/>
</kw>
<kw name="Sorting Validation">
<status status="NOT RUN" start="2026-02-23T16:05:11.439543" elapsed="0.000142"/>
</kw>
<kw name="Cart Validation">
<status status="NOT RUN" start="2026-02-23T16:05:11.439834" elapsed="0.000034"/>
</kw>
<kw name="Billing Validation">
<arg>${EMAIL}</arg>
<arg>${FIRSTNAME}</arg>
<arg>${LASTNAME}</arg>
<arg>${PHONE}</arg>
<arg>${CITY}</arg>
<arg>${POSTCODE}</arg>
<status status="NOT RUN" start="2026-02-23T16:05:11.440041" elapsed="0.000035"/>
</kw>
<kw name="Logout Validation">
<status status="NOT RUN" start="2026-02-23T16:05:11.440214" elapsed="0.000032"/>
</kw>
<arg>EMAIL=testuser1@test.com</arg>
<arg>PASSWORD=Omkar@2003</arg>
<arg>FIRSTNAME=Ravi</arg>
<arg>LASTNAME=Kumar</arg>
<arg>PHONE=9876543222</arg>
<arg>CITY=Chennai</arg>
<arg>POSTCODE=600001</arg>
<status status="FAIL" start="2026-02-23T16:04:51.509873" elapsed="19.930473">Keyword 'Check Registration Result' failed after retrying for 15 seconds. The last error was: Registration result not detected</status>
</kw>
<kw name="End User Session" type="TEARDOWN">
<kw name="Capture Page Screenshot" owner="SeleniumLibrary">
<msg time="2026-02-23T16:05:11.567610" level="INFO" html="true">&lt;/td&gt;&lt;/tr&gt;&lt;tr&gt;&lt;td colspan="3"&gt;&lt;a href="selenium-screenshot-152.png"&gt;&lt;img src="selenium-screenshot-152.png" width="800px"&gt;&lt;/a&gt;</msg>
<doc>Takes a screenshot of the current page and embeds it into a log file.</doc>
<status status="PASS" start="2026-02-23T16:05:11.441205" elapsed="0.126588"/>
</kw>
<kw name="Close Application" owner="common">
<kw name="Close All Browsers" owner="SeleniumLibrary">
<doc>Closes all open browsers and resets the browser cache.</doc>
<status status="PASS" start="2026-02-23T16:05:11.568712" elapsed="2.269682"/>
</kw>
<status status="PASS" start="2026-02-23T16:05:11.568184" elapsed="2.270500"/>
</kw>
<status status="PASS" start="2026-02-23T16:05:11.440884" elapsed="2.397975"/>
</kw>
<status status="FAIL" start="2026-02-23T16:04:40.695961" elapsed="33.143409">Keyword 'Check Registration Result' failed after retrying for 15 seconds. The last error was: Registration result not detected</status>
</test>
<status status="FAIL" start="2026-02-23T16:04:08.106953" elapsed="65.734163"/>
</suite>
<status status="FAIL" start="2026-02-23T15:58:43.216208" elapsed="390.626990"/>
</suite>
<statistics>
<total>
<stat pass="17" fail="3" skip="0">All Tests</stat>
</total>
<tag>
</tag>
<suite>
<stat name="Tests" id="s1" pass="17" fail="3" skip="0">Tests</stat>
<stat name="00 User Registration" id="s1-s1" pass="0" fail="1" skip="0">Tests.00 User Registration</stat>
<stat name="01 Login Validation" id="s1-s2" pass="3" fail="0" skip="0">Tests.01 Login Validation</stat>
<stat name="02 Search Validation" id="s1-s3" pass="3" fail="0" skip="0">Tests.02 Search Validation</stat>
<stat name="03 Sorting Filter Validation" id="s1-s4" pass="4" fail="0" skip="0">Tests.03 Sorting Filter Validation</stat>
<stat name="04 Cart Validation" id="s1-s5" pass="3" fail="0" skip="0">Tests.04 Cart Validation</stat>
<stat name="05 Billing Validation" id="s1-s6" pass="3" fail="0" skip="0">Tests.05 Billing Validation</stat>
<stat name="06 Logout Validation" id="s1-s7" pass="1" fail="0" skip="0">Tests.06 Logout Validation</stat>
<stat name="End To End" id="s1-s8" pass="0" fail="2" skip="0">Tests.End To End</stat>
</suite>
</statistics>
<errors>
</errors>
</robot>
