<?xml version="1.0" encoding="UTF-8"?>
<robot generator="Robot 7.4.1 (Python 3.13.0 on win32)" generated="2026-02-16T16:54:24.463270" rpa="false" schemaversion="5">
<suite id="s1" name="Tests" source="C:\Users\Neeraja\Desktop\Wipro_Practice\CaseStudy_4\robot\tests">
<suite id="s1-s1" name="Admin Tests" source="C:\Users\Neeraja\Desktop\Wipro_Practice\CaseStudy_4\robot\tests\admin_tests.robot">
<kw name="Create API Session" owner="common" type="SETUP">
<kw name="Create Session" owner="RequestsLibrary">
<msg time="2026-02-16T16:54:25.126878" level="INFO">Creating Session using : alias=foodie, url=http://127.0.0.1:5000, headers={},                     cookies={}, auth=None, timeout=None, proxies=None, verify=False,                     debug=0 </msg>
<arg>${SESSION}</arg>
<arg>${BASE_URL}</arg>
<doc>Create Session: create a HTTP session to a server</doc>
<status status="PASS" start="2026-02-16T16:54:25.126654" elapsed="0.000456"/>
</kw>
<status status="PASS" start="2026-02-16T16:54:25.126050" elapsed="0.001175"/>
</kw>
<test id="s1-s1-t1" name="Admin Approve Restaurant" line="6">
<kw name="Create Restaurant" owner="restaurant_keywords">
<kw name="Generate Random String" owner="String">
<msg time="2026-02-16T16:54:25.128702" level="INFO">${random} = MQOjH</msg>
<var>${random}</var>
<arg>5</arg>
<doc>Generates a string with a desired ``length`` from the given ``chars``.</doc>
<status status="PASS" start="2026-02-16T16:54:25.128139" elapsed="0.000599"/>
</kw>
<kw name="Create List" owner="BuiltIn">
<msg time="2026-02-16T16:54:25.129165" level="INFO">${images} = ['img1.jpg']</msg>
<var>${images}</var>
<arg>img1.jpg</arg>
<doc>Returns a list containing given items.</doc>
<status status="PASS" start="2026-02-16T16:54:25.128852" elapsed="0.000344"/>
</kw>
<kw name="Create Dictionary" owner="BuiltIn">
<msg time="2026-02-16T16:54:25.129900" level="INFO">${body} = {'name': 'Food Hub MQOjH', 'category': 'Indian', 'location': 'Hyderabad', 'images': ['img1.jpg'], 'contact': '9876543210'}</msg>
<var>${body}</var>
<arg>name=Food Hub ${random}</arg>
<arg>category=Indian</arg>
<arg>location=Hyderabad</arg>
<arg>images=${images}</arg>
<arg>contact=9876543210</arg>
<doc>Creates and returns a dictionary based on the given ``items``.</doc>
<status status="PASS" start="2026-02-16T16:54:25.129313" elapsed="0.000620"/>
</kw>
<kw name="POST On Session" owner="RequestsLibrary">
<msg time="2026-02-16T16:54:25.138006" level="INFO">POST Request : url=http://127.0.0.1:5000/api/v1/restaurants 
 path_url=/api/v1/restaurants 
 headers={'User-Agent': 'python-requests/2.32.3', 'Accept-Encoding': 'gzip, deflate', 'Accept': '*/*', 'Connection': 'keep-alive', 'Content-Length': '122', 'Content-Type': 'application/json'} 
 body=b'{"name": "Food Hub MQOjH", "category": "Indian", "location": "Hyderabad", "images": ["img1.jpg"], "contact": "9876543210"}' 
 </msg>
<msg time="2026-02-16T16:54:25.138120" level="INFO">POST Response : url=http://127.0.0.1:5000/api/v1/restaurants 
 status=201, reason=CREATED 
 headers={'Server': 'Werkzeug/3.1.3 Python/3.13.0', 'Date': 'Mon, 16 Feb 2026 11:24:25 GMT', 'Content-Type': 'application/json', 'Content-Length': '221', 'Connection': 'close'} 
 body=[
  {
    "approved": true,
    "category": "Indian",
    "contact": "9876543210",
    "enabled": true,
    "id": 1,
    "images": [
      "img1.jpg"
    ],
    "location": "Hyderabad",
    "name": "Food Hub MQOjH"
  }
]
 
 </msg>
<msg time="2026-02-16T16:54:25.138284" level="INFO">${response} = &lt;Response [201]&gt;</msg>
<var>${response}</var>
<arg>${SESSION}</arg>
<arg>/api/v1/restaurants</arg>
<arg>json=${body}</arg>
<doc>Sends a POST request on a previously created HTTP Session.</doc>
<status status="PASS" start="2026-02-16T16:54:25.130052" elapsed="0.008261"/>
</kw>
<kw name="Should Be Equal As Integers" owner="BuiltIn">
<msg time="2026-02-16T16:54:25.139123" level="INFO">Argument types are:
&lt;class 'int'&gt;
&lt;class 'str'&gt;</msg>
<arg>${response.status_code}</arg>
<arg>201</arg>
<doc>Fails if objects are unequal after converting them to integers.</doc>
<status status="PASS" start="2026-02-16T16:54:25.138471" elapsed="0.000718"/>
</kw>
<status status="PASS" start="2026-02-16T16:54:25.127876" elapsed="0.011400"/>
</kw>
<kw name="PUT On Session" owner="RequestsLibrary">
<msg time="2026-02-16T16:54:25.143882" level="INFO">PUT Request : url=http://127.0.0.1:5000/api/v1/admin/restaurants/1/approve 
 path_url=/api/v1/admin/restaurants/1/approve 
 headers={'User-Agent': 'python-requests/2.32.3', 'Accept-Encoding': 'gzip, deflate', 'Accept': '*/*', 'Connection': 'keep-alive', 'Content-Length': '0'} 
 body=None 
 </msg>
<msg time="2026-02-16T16:54:25.143959" level="INFO">PUT Response : url=http://127.0.0.1:5000/api/v1/admin/restaurants/1/approve 
 status=200, reason=OK 
 headers={'Server': 'Werkzeug/3.1.3 Python/3.13.0', 'Date': 'Mon, 16 Feb 2026 11:24:25 GMT', 'Content-Type': 'application/json', 'Content-Length': '39', 'Connection': 'close'} 
 body={
  "message": "Restaurant approved"
}
 
 </msg>
<msg time="2026-02-16T16:54:25.144110" level="INFO">${response} = &lt;Response [200]&gt;</msg>
<var>${response}</var>
<arg>foodie</arg>
<arg>/api/v1/admin/restaurants/1/approve</arg>
<doc>Sends a PUT request on a previously created HTTP Session.</doc>
<status status="PASS" start="2026-02-16T16:54:25.139922" elapsed="0.004217"/>
</kw>
<kw name="Should Be Equal As Integers" owner="BuiltIn">
<msg time="2026-02-16T16:54:25.145124" level="INFO">Argument types are:
&lt;class 'int'&gt;
&lt;class 'str'&gt;</msg>
<arg>${response.status_code}</arg>
<arg>200</arg>
<doc>Fails if objects are unequal after converting them to integers.</doc>
<status status="PASS" start="2026-02-16T16:54:25.144506" elapsed="0.000719"/>
</kw>
<status status="PASS" start="2026-02-16T16:54:25.127293" elapsed="0.018393"/>
</test>
<test id="s1-s1-t2" name="Admin Disable Restaurant" line="11">
<kw name="Create Restaurant" owner="restaurant_keywords">
<kw name="Generate Random String" owner="String">
<msg time="2026-02-16T16:54:25.147805" level="INFO">${random} = WNU0Z</msg>
<var>${random}</var>
<arg>5</arg>
<doc>Generates a string with a desired ``length`` from the given ``chars``.</doc>
<status status="PASS" start="2026-02-16T16:54:25.147484" elapsed="0.000360"/>
</kw>
<kw name="Create List" owner="BuiltIn">
<msg time="2026-02-16T16:54:25.148352" level="INFO">${images} = ['img1.jpg']</msg>
<var>${images}</var>
<arg>img1.jpg</arg>
<doc>Returns a list containing given items.</doc>
<status status="PASS" start="2026-02-16T16:54:25.148022" elapsed="0.000359"/>
</kw>
<kw name="Create Dictionary" owner="BuiltIn">
<msg time="2026-02-16T16:54:25.148985" level="INFO">${body} = {'name': 'Food Hub WNU0Z', 'category': 'Indian', 'location': 'Hyderabad', 'images': ['img1.jpg'], 'contact': '9876543210'}</msg>
<var>${body}</var>
<arg>name=Food Hub ${random}</arg>
<arg>category=Indian</arg>
<arg>location=Hyderabad</arg>
<arg>images=${images}</arg>
<arg>contact=9876543210</arg>
<doc>Creates and returns a dictionary based on the given ``items``.</doc>
<status status="PASS" start="2026-02-16T16:54:25.148506" elapsed="0.000511"/>
</kw>
<kw name="POST On Session" owner="RequestsLibrary">
<msg time="2026-02-16T16:54:25.152952" level="INFO">POST Request : url=http://127.0.0.1:5000/api/v1/restaurants 
 path_url=/api/v1/restaurants 
 headers={'User-Agent': 'python-requests/2.32.3', 'Accept-Encoding': 'gzip, deflate', 'Accept': '*/*', 'Connection': 'keep-alive', 'Content-Length': '122', 'Content-Type': 'application/json'} 
 body=b'{"name": "Food Hub WNU0Z", "category": "Indian", "location": "Hyderabad", "images": ["img1.jpg"], "contact": "9876543210"}' 
 </msg>
<msg time="2026-02-16T16:54:25.153031" level="INFO">POST Response : url=http://127.0.0.1:5000/api/v1/restaurants 
 status=201, reason=CREATED 
 headers={'Server': 'Werkzeug/3.1.3 Python/3.13.0', 'Date': 'Mon, 16 Feb 2026 11:24:25 GMT', 'Content-Type': 'application/json', 'Content-Length': '439', 'Connection': 'close'} 
 body=[
  {
    "approved": true,
    "category": "Indian",
    "contact": "9876543210",
    "enabled": true,
    "id": 1,
    "images": [
      "img1.jpg"
    ],
    "location": "Hyderabad",
    "name": "Food Hub MQOjH"
  },
  {
    "approved": true,
    "category": "Indian",
    "contact": "9876543210",
    "enabled": true,
    "id": 2,
    "images": [
      "img1.jpg"
    ],
    "location": "Hyderabad",
    "name": "Food Hub WNU0Z"
  }
]
 
 </msg>
<msg time="2026-02-16T16:54:25.153343" level="INFO">${response} = &lt;Response [201]&gt;</msg>
<var>${response}</var>
<arg>${SESSION}</arg>
<arg>/api/v1/restaurants</arg>
<arg>json=${body}</arg>
<doc>Sends a POST request on a previously created HTTP Session.</doc>
<status status="PASS" start="2026-02-16T16:54:25.149175" elapsed="0.004200"/>
</kw>
<kw name="Should Be Equal As Integers" owner="BuiltIn">
<msg time="2026-02-16T16:54:25.154117" level="INFO">Argument types are:
&lt;class 'int'&gt;
&lt;class 'str'&gt;</msg>
<arg>${response.status_code}</arg>
<arg>201</arg>
<doc>Fails if objects are unequal after converting them to integers.</doc>
<status status="PASS" start="2026-02-16T16:54:25.153525" elapsed="0.000652"/>
</kw>
<status status="PASS" start="2026-02-16T16:54:25.147042" elapsed="0.007240"/>
</kw>
<kw name="PUT On Session" owner="RequestsLibrary">
<msg time="2026-02-16T16:54:25.157833" level="INFO">PUT Request : url=http://127.0.0.1:5000/api/v1/admin/restaurants/1/disable 
 path_url=/api/v1/admin/restaurants/1/disable 
 headers={'User-Agent': 'python-requests/2.32.3', 'Accept-Encoding': 'gzip, deflate', 'Accept': '*/*', 'Connection': 'keep-alive', 'Content-Length': '0'} 
 body=None 
 </msg>
<msg time="2026-02-16T16:54:25.157905" level="INFO">PUT Response : url=http://127.0.0.1:5000/api/v1/admin/restaurants/1/disable 
 status=200, reason=OK 
 headers={'Server': 'Werkzeug/3.1.3 Python/3.13.0', 'Date': 'Mon, 16 Feb 2026 11:24:25 GMT', 'Content-Type': 'application/json', 'Content-Length': '39', 'Connection': 'close'} 
 body={
  "message": "Restaurant disabled"
}
 
 </msg>
<msg time="2026-02-16T16:54:25.158024" level="INFO">${response} = &lt;Response [200]&gt;</msg>
<var>${response}</var>
<arg>foodie</arg>
<arg>/api/v1/admin/restaurants/1/disable</arg>
<doc>Sends a PUT request on a previously created HTTP Session.</doc>
<status status="PASS" start="2026-02-16T16:54:25.154774" elapsed="0.003277"/>
</kw>
<kw name="Should Be Equal As Integers" owner="BuiltIn">
<msg time="2026-02-16T16:54:25.159068" level="INFO">Argument types are:
&lt;class 'int'&gt;
&lt;class 'str'&gt;</msg>
<arg>${response.status_code}</arg>
<arg>200</arg>
<doc>Fails if objects are unequal after converting them to integers.</doc>
<status status="PASS" start="2026-02-16T16:54:25.158413" elapsed="0.000744"/>
</kw>
<status status="PASS" start="2026-02-16T16:54:25.146482" elapsed="0.013111"/>
</test>
<test id="s1-s1-t3" name="Admin Get Orders" line="16">
<kw name="GET On Session" owner="RequestsLibrary">
<msg time="2026-02-16T16:54:25.164304" level="INFO">GET Request : url=http://127.0.0.1:5000/api/v1/admin/orders 
 path_url=/api/v1/admin/orders 
 headers={'User-Agent': 'python-requests/2.32.3', 'Accept-Encoding': 'gzip, deflate', 'Accept': '*/*', 'Connection': 'keep-alive'} 
 body=None 
 </msg>
<msg time="2026-02-16T16:54:25.164435" level="INFO">GET Response : url=http://127.0.0.1:5000/api/v1/admin/orders 
 status=200, reason=OK 
 headers={'Server': 'Werkzeug/3.1.3 Python/3.13.0', 'Date': 'Mon, 16 Feb 2026 11:24:25 GMT', 'Content-Type': 'application/json', 'Content-Length': '19', 'Connection': 'close'} 
 body={
  "orders": []
}
 
 </msg>
<msg time="2026-02-16T16:54:25.164652" level="INFO">${response} = &lt;Response [200]&gt;</msg>
<var>${response}</var>
<arg>foodie</arg>
<arg>/api/v1/admin/orders</arg>
<doc>Sends a GET request on a previously created HTTP Session.</doc>
<status status="PASS" start="2026-02-16T16:54:25.161061" elapsed="0.003633"/>
</kw>
<kw name="Should Be Equal As Integers" owner="BuiltIn">
<msg time="2026-02-16T16:54:25.165977" level="INFO">Argument types are:
&lt;class 'int'&gt;
&lt;class 'str'&gt;</msg>
<arg>${response.status_code}</arg>
<arg>200</arg>
<doc>Fails if objects are unequal after converting them to integers.</doc>
<status status="PASS" start="2026-02-16T16:54:25.165080" elapsed="0.001003"/>
</kw>
<status status="PASS" start="2026-02-16T16:54:25.160532" elapsed="0.006164"/>
</test>
<test id="s1-s1-t4" name="Admin Get Feedback" line="20">
<kw name="GET On Session" owner="RequestsLibrary">
<msg time="2026-02-16T16:54:25.170942" level="INFO">GET Request : url=http://127.0.0.1:5000/api/v1/admin/feedback 
 path_url=/api/v1/admin/feedback 
 headers={'User-Agent': 'python-requests/2.32.3', 'Accept-Encoding': 'gzip, deflate', 'Accept': '*/*', 'Connection': 'keep-alive'} 
 body=None 
 </msg>
<msg time="2026-02-16T16:54:25.171047" level="INFO">GET Response : url=http://127.0.0.1:5000/api/v1/admin/feedback 
 status=200, reason=OK 
 headers={'Server': 'Werkzeug/3.1.3 Python/3.13.0', 'Date': 'Mon, 16 Feb 2026 11:24:25 GMT', 'Content-Type': 'application/json', 'Content-Length': '22', 'Connection': 'close'} 
 body={
  "feedbacks": []
}
 
 </msg>
<msg time="2026-02-16T16:54:25.171220" level="INFO">${response} = &lt;Response [200]&gt;</msg>
<var>${response}</var>
<arg>foodie</arg>
<arg>/api/v1/admin/feedback</arg>
<doc>Sends a GET request on a previously created HTTP Session.</doc>
<status status="PASS" start="2026-02-16T16:54:25.167876" elapsed="0.003385"/>
</kw>
<kw name="Should Be Equal As Integers" owner="BuiltIn">
<msg time="2026-02-16T16:54:25.172545" level="INFO">Argument types are:
&lt;class 'int'&gt;
&lt;class 'str'&gt;</msg>
<arg>${response.status_code}</arg>
<arg>200</arg>
<doc>Fails if objects are unequal after converting them to integers.</doc>
<status status="PASS" start="2026-02-16T16:54:25.171717" elapsed="0.000932"/>
</kw>
<status status="PASS" start="2026-02-16T16:54:25.167453" elapsed="0.005665"/>
</test>
<status status="PASS" start="2026-02-16T16:54:24.510077" elapsed="0.663947"/>
</suite>
<suite id="s1-s2" name="Dish Tests" source="C:\Users\Neeraja\Desktop\Wipro_Practice\CaseStudy_4\robot\tests\dish_tests.robot">
<kw name="Create API Session" owner="common" type="SETUP">
<kw name="Create Session" owner="RequestsLibrary">
<msg time="2026-02-16T16:54:25.180004" level="INFO">Creating Session using : alias=foodie, url=http://127.0.0.1:5000, headers={},                     cookies={}, auth=None, timeout=None, proxies=None, verify=False,                     debug=0 </msg>
<arg>${SESSION}</arg>
<arg>${BASE_URL}</arg>
<doc>Create Session: create a HTTP session to a server</doc>
<status status="PASS" start="2026-02-16T16:54:25.179835" elapsed="0.000609"/>
</kw>
<status status="PASS" start="2026-02-16T16:54:25.179633" elapsed="0.000963"/>
</kw>
<test id="s1-s2-t1" name="Add Dish" line="6">
<kw name="Create Dish" owner="dish_keywords">
<kw name="Create Restaurant" owner="restaurant_keywords">
<kw name="Generate Random String" owner="String">
<msg time="2026-02-16T16:54:25.182768" level="INFO">${random} = urjPA</msg>
<var>${random}</var>
<arg>5</arg>
<doc>Generates a string with a desired ``length`` from the given ``chars``.</doc>
<status status="PASS" start="2026-02-16T16:54:25.182546" elapsed="0.000259"/>
</kw>
<kw name="Create List" owner="BuiltIn">
<msg time="2026-02-16T16:54:25.183250" level="INFO">${images} = ['img1.jpg']</msg>
<var>${images}</var>
<arg>img1.jpg</arg>
<doc>Returns a list containing given items.</doc>
<status status="PASS" start="2026-02-16T16:54:25.182918" elapsed="0.000360"/>
</kw>
<kw name="Create Dictionary" owner="BuiltIn">
<msg time="2026-02-16T16:54:25.183904" level="INFO">${body} = {'name': 'Food Hub urjPA', 'category': 'Indian', 'location': 'Hyderabad', 'images': ['img1.jpg'], 'contact': '9876543210'}</msg>
<var>${body}</var>
<arg>name=Food Hub ${random}</arg>
<arg>category=Indian</arg>
<arg>location=Hyderabad</arg>
<arg>images=${images}</arg>
<arg>contact=9876543210</arg>
<doc>Creates and returns a dictionary based on the given ``items``.</doc>
<status status="PASS" start="2026-02-16T16:54:25.183391" elapsed="0.000545"/>
</kw>
<kw name="POST On Session" owner="RequestsLibrary">
<msg time="2026-02-16T16:54:25.187276" level="INFO">POST Request : url=http://127.0.0.1:5000/api/v1/restaurants 
 path_url=/api/v1/restaurants 
 headers={'User-Agent': 'python-requests/2.32.3', 'Accept-Encoding': 'gzip, deflate', 'Accept': '*/*', 'Connection': 'keep-alive', 'Content-Length': '122', 'Content-Type': 'application/json'} 
 body=b'{"name": "Food Hub urjPA", "category": "Indian", "location": "Hyderabad", "images": ["img1.jpg"], "contact": "9876543210"}' 
 </msg>
<msg time="2026-02-16T16:54:25.187503" level="INFO">POST Response : url=http://127.0.0.1:5000/api/v1/restaurants 
 status=201, reason=CREATED 
 headers={'Server': 'Werkzeug/3.1.3 Python/3.13.0', 'Date': 'Mon, 16 Feb 2026 11:24:25 GMT', 'Content-Type': 'application/json', 'Content-Length': '658', 'Connection': 'close'} 
 body=[
  {
    "approved": true,
    "category": "Indian",
    "contact": "9876543210",
    "enabled": false,
    "id": 1,
    "images": [
      "img1.jpg"
    ],
    "location": "Hyderabad",
    "name": "Food Hub MQOjH"
  },
  {
    "approved": true,
    "category": "Indian",
    "contact": "9876543210",
    "enabled": true,
    "id": 2,
    "images": [
      "img1.jpg"
    ],
    "location": "Hyderabad",
    "name": "Food Hub WNU0Z"
  },
  {
    "approved": true,
    "category": "Indian",
    "contact": "9876543210",
    "enabled": true,
    "id": 3,
    "images": [
      "img1.jpg"
    ],
    "location": "Hyderabad",
    "name": "Food Hub urjPA"
  }
]
 
 </msg>
<msg time="2026-02-16T16:54:25.187648" level="INFO">${response} = &lt;Response [201]&gt;</msg>
<var>${response}</var>
<arg>${SESSION}</arg>
<arg>/api/v1/restaurants</arg>
<arg>json=${body}</arg>
<doc>Sends a POST request on a previously created HTTP Session.</doc>
<status status="PASS" start="2026-02-16T16:54:25.184071" elapsed="0.003604"/>
</kw>
<kw name="Should Be Equal As Integers" owner="BuiltIn">
<msg time="2026-02-16T16:54:25.188391" level="INFO">Argument types are:
&lt;class 'int'&gt;
&lt;class 'str'&gt;</msg>
<arg>${response.status_code}</arg>
<arg>201</arg>
<doc>Fails if objects are unequal after converting them to integers.</doc>
<status status="PASS" start="2026-02-16T16:54:25.187816" elapsed="0.000634"/>
</kw>
<status status="PASS" start="2026-02-16T16:54:25.182229" elapsed="0.006288"/>
</kw>
<kw name="Create Dictionary" owner="BuiltIn">
<msg time="2026-02-16T16:54:25.189256" level="INFO">${body} = {'name': 'Biryani', 'type': 'Veg', 'price': '250', 'available_time': 'Lunch'}</msg>
<var>${body}</var>
<arg>name=Biryani</arg>
<arg>type=Veg</arg>
<arg>price=250</arg>
<arg>available_time=Lunch</arg>
<doc>Creates and returns a dictionary based on the given ``items``.</doc>
<status status="PASS" start="2026-02-16T16:54:25.188706" elapsed="0.000602"/>
</kw>
<kw name="POST On Session" owner="RequestsLibrary">
<msg time="2026-02-16T16:54:25.193021" level="INFO">POST Request : url=http://127.0.0.1:5000/api/v1/restaurants/1/dishes 
 path_url=/api/v1/restaurants/1/dishes 
 headers={'User-Agent': 'python-requests/2.32.3', 'Accept-Encoding': 'gzip, deflate', 'Accept': '*/*', 'Connection': 'keep-alive', 'Content-Length': '77', 'Content-Type': 'application/json'} 
 body=b'{"name": "Biryani", "type": "Veg", "price": "250", "available_time": "Lunch"}' 
 </msg>
<msg time="2026-02-16T16:54:25.193090" level="INFO">POST Response : url=http://127.0.0.1:5000/api/v1/restaurants/1/dishes 
 status=201, reason=CREATED 
 headers={'Server': 'Werkzeug/3.1.3 Python/3.13.0', 'Date': 'Mon, 16 Feb 2026 11:24:25 GMT', 'Content-Type': 'application/json', 'Content-Length': '135', 'Connection': 'close'} 
 body={
  "available_time": "Lunch",
  "enabled": true,
  "id": 1,
  "image": null,
  "name": "Biryani",
  "price": "250",
  "type": "Veg"
}
 
 </msg>
<msg time="2026-02-16T16:54:25.193240" level="INFO">${response} = &lt;Response [201]&gt;</msg>
<var>${response}</var>
<arg>${SESSION}</arg>
<arg>/api/v1/restaurants/1/dishes</arg>
<arg>json=${body}</arg>
<doc>Sends a POST request on a previously created HTTP Session.</doc>
<status status="PASS" start="2026-02-16T16:54:25.189488" elapsed="0.003783"/>
</kw>
<kw name="Should Be Equal As Integers" owner="BuiltIn">
<msg time="2026-02-16T16:54:25.193974" level="INFO">Argument types are:
&lt;class 'int'&gt;
&lt;class 'str'&gt;</msg>
<arg>${response.status_code}</arg>
<arg>201</arg>
<doc>Fails if objects are unequal after converting them to integers.</doc>
<status status="PASS" start="2026-02-16T16:54:25.193417" elapsed="0.000617"/>
</kw>
<status status="PASS" start="2026-02-16T16:54:25.181829" elapsed="0.012273"/>
</kw>
<status status="PASS" start="2026-02-16T16:54:25.180703" elapsed="0.013761"/>
</test>
<test id="s1-s2-t2" name="Update Dish" line="8">
<kw name="Create Restaurant" owner="restaurant_keywords">
<kw name="Generate Random String" owner="String">
<msg time="2026-02-16T16:54:25.196055" level="INFO">${random} = lYlUZ</msg>
<var>${random}</var>
<arg>5</arg>
<doc>Generates a string with a desired ``length`` from the given ``chars``.</doc>
<status status="PASS" start="2026-02-16T16:54:25.195878" elapsed="0.000205"/>
</kw>
<kw name="Create List" owner="BuiltIn">
<msg time="2026-02-16T16:54:25.196524" level="INFO">${images} = ['img1.jpg']</msg>
<var>${images}</var>
<arg>img1.jpg</arg>
<doc>Returns a list containing given items.</doc>
<status status="PASS" start="2026-02-16T16:54:25.196188" elapsed="0.000368"/>
</kw>
<kw name="Create Dictionary" owner="BuiltIn">
<msg time="2026-02-16T16:54:25.197154" level="INFO">${body} = {'name': 'Food Hub lYlUZ', 'category': 'Indian', 'location': 'Hyderabad', 'images': ['img1.jpg'], 'contact': '9876543210'}</msg>
<var>${body}</var>
<arg>name=Food Hub ${random}</arg>
<arg>category=Indian</arg>
<arg>location=Hyderabad</arg>
<arg>images=${images}</arg>
<arg>contact=9876543210</arg>
<doc>Creates and returns a dictionary based on the given ``items``.</doc>
<status status="PASS" start="2026-02-16T16:54:25.196672" elapsed="0.000530"/>
</kw>
<kw name="POST On Session" owner="RequestsLibrary">
<msg time="2026-02-16T16:54:25.201698" level="INFO">POST Request : url=http://127.0.0.1:5000/api/v1/restaurants 
 path_url=/api/v1/restaurants 
 headers={'User-Agent': 'python-requests/2.32.3', 'Accept-Encoding': 'gzip, deflate', 'Accept': '*/*', 'Connection': 'keep-alive', 'Content-Length': '122', 'Content-Type': 'application/json'} 
 body=b'{"name": "Food Hub lYlUZ", "category": "Indian", "location": "Hyderabad", "images": ["img1.jpg"], "contact": "9876543210"}' 
 </msg>
<msg time="2026-02-16T16:54:25.201774" level="INFO">POST Response : url=http://127.0.0.1:5000/api/v1/restaurants 
 status=201, reason=CREATED 
 headers={'Server': 'Werkzeug/3.1.3 Python/3.13.0', 'Date': 'Mon, 16 Feb 2026 11:24:25 GMT', 'Content-Type': 'application/json', 'Content-Length': '876', 'Connection': 'close'} 
 body=[
  {
    "approved": true,
    "category": "Indian",
    "contact": "9876543210",
    "enabled": false,
    "id": 1,
    "images": [
      "img1.jpg"
    ],
    "location": "Hyderabad",
    "name": "Food Hub MQOjH"
  },
  {
    "approved": true,
    "category": "Indian",
    "contact": "9876543210",
    "enabled": true,
    "id": 2,
    "images": [
      "img1.jpg"
    ],
    "location": "Hyderabad",
    "name": "Food Hub WNU0Z"
  },
  {
    "approved": true,
    "category": "Indian",
    "contact": "9876543210",
    "enabled": true,
    "id": 3,
    "images": [
      "img1.jpg"
    ],
    "location": "Hyderabad",
    "name": "Food Hub urjPA"
  },
  {
    "approved": true,
    "category": "Indian",
    "contact": "9876543210",
    "enabled": true,
    "id": 4,
    "images": [
      "img1.jpg"
    ],
    "location": "Hyderabad",
    "name": "Food Hub lYlUZ"
  }
]
 
 </msg>
<msg time="2026-02-16T16:54:25.201901" level="INFO">${response} = &lt;Response [201]&gt;</msg>
<var>${response}</var>
<arg>${SESSION}</arg>
<arg>/api/v1/restaurants</arg>
<arg>json=${body}</arg>
<doc>Sends a POST request on a previously created HTTP Session.</doc>
<status status="PASS" start="2026-02-16T16:54:25.197345" elapsed="0.004582"/>
</kw>
<kw name="Should Be Equal As Integers" owner="BuiltIn">
<msg time="2026-02-16T16:54:25.202639" level="INFO">Argument types are:
&lt;class 'int'&gt;
&lt;class 'str'&gt;</msg>
<arg>${response.status_code}</arg>
<arg>201</arg>
<doc>Fails if objects are unequal after converting them to integers.</doc>
<status status="PASS" start="2026-02-16T16:54:25.202068" elapsed="0.000632"/>
</kw>
<status status="PASS" start="2026-02-16T16:54:25.195655" elapsed="0.007150"/>
</kw>
<kw name="Create Dish" owner="dish_keywords">
<kw name="Create Restaurant" owner="restaurant_keywords">
<kw name="Generate Random String" owner="String">
<msg time="2026-02-16T16:54:25.204972" level="INFO">${random} = txW1w</msg>
<var>${random}</var>
<arg>5</arg>
<doc>Generates a string with a desired ``length`` from the given ``chars``.</doc>
<status status="PASS" start="2026-02-16T16:54:25.204761" elapsed="0.000242"/>
</kw>
<kw name="Create List" owner="BuiltIn">
<msg time="2026-02-16T16:54:25.205365" level="INFO">${images} = ['img1.jpg']</msg>
<var>${images}</var>
<arg>img1.jpg</arg>
<doc>Returns a list containing given items.</doc>
<status status="PASS" start="2026-02-16T16:54:25.205110" elapsed="0.000282"/>
</kw>
<kw name="Create Dictionary" owner="BuiltIn">
<msg time="2026-02-16T16:54:25.205898" level="INFO">${body} = {'name': 'Food Hub txW1w', 'category': 'Indian', 'location': 'Hyderabad', 'images': ['img1.jpg'], 'contact': '9876543210'}</msg>
<var>${body}</var>
<arg>name=Food Hub ${random}</arg>
<arg>category=Indian</arg>
<arg>location=Hyderabad</arg>
<arg>images=${images}</arg>
<arg>contact=9876543210</arg>
<doc>Creates and returns a dictionary based on the given ``items``.</doc>
<status status="PASS" start="2026-02-16T16:54:25.205499" elapsed="0.000428"/>
</kw>
<kw name="POST On Session" owner="RequestsLibrary">
<msg time="2026-02-16T16:54:25.209186" level="INFO">POST Request : url=http://127.0.0.1:5000/api/v1/restaurants 
 path_url=/api/v1/restaurants 
 headers={'User-Agent': 'python-requests/2.32.3', 'Accept-Encoding': 'gzip, deflate', 'Accept': '*/*', 'Connection': 'keep-alive', 'Content-Length': '122', 'Content-Type': 'application/json'} 
 body=b'{"name": "Food Hub txW1w", "category": "Indian", "location": "Hyderabad", "images": ["img1.jpg"], "contact": "9876543210"}' 
 </msg>
<msg time="2026-02-16T16:54:25.209262" level="INFO">POST Response : url=http://127.0.0.1:5000/api/v1/restaurants 
 status=201, reason=CREATED 
 headers={'Server': 'Werkzeug/3.1.3 Python/3.13.0', 'Date': 'Mon, 16 Feb 2026 11:24:25 GMT', 'Content-Type': 'application/json', 'Content-Length': '1094', 'Connection': 'close'} 
 body=[
  {
    "approved": true,
    "category": "Indian",
    "contact": "9876543210",
    "enabled": false,
    "id": 1,
    "images": [
      "img1.jpg"
    ],
    "location": "Hyderabad",
    "name": "Food Hub MQOjH"
  },
  {
    "approved": true,
    "category": "Indian",
    "contact": "9876543210",
    "enabled": true,
    "id": 2,
    "images": [
      "img1.jpg"
    ],
    "location": "Hyderabad",
    "name": "Food Hub WNU0Z"
  },
  {
    "approved": true,
    "category": "Indian",
    "contact": "9876543210",
    "enabled": true,
    "id": 3,
    "images": [
      "img1.jpg"
    ],
    "location": "Hyderabad",
    "name": "Food Hub urjPA"
  },
  {
    "approved": true,
    "category": "Indian",
    "contact": "9876543210",
    "enabled": true,
    "id": 4,
    "images": [
      "img1.jpg"
    ],
    "location": "Hyderabad",
    "name": "Food Hub lYlUZ"
  },
  {
    "approved": true,
    "category": "Indian",
    "contact": "9876543210",
    "enabled": true,
    "id": 5,
    "images": [
      "img1.jpg"
    ],
    "location": "Hyderabad",
    "name": "Food Hub txW1w"
  }
]
 
 </msg>
<msg time="2026-02-16T16:54:25.209407" level="INFO">${response} = &lt;Response [201]&gt;</msg>
<var>${response}</var>
<arg>${SESSION}</arg>
<arg>/api/v1/restaurants</arg>
<arg>json=${body}</arg>
<doc>Sends a POST request on a previously created HTTP Session.</doc>
<status status="PASS" start="2026-02-16T16:54:25.206038" elapsed="0.003397"/>
</kw>
<kw name="Should Be Equal As Integers" owner="BuiltIn">
<msg time="2026-02-16T16:54:25.210336" level="INFO">Argument types are:
&lt;class 'int'&gt;
&lt;class 'str'&gt;</msg>
<arg>${response.status_code}</arg>
<arg>201</arg>
<doc>Fails if objects are unequal after converting them to integers.</doc>
<status status="PASS" start="2026-02-16T16:54:25.209585" elapsed="0.000886"/>
</kw>
<status status="PASS" start="2026-02-16T16:54:25.204532" elapsed="0.006131"/>
</kw>
<kw name="Create Dictionary" owner="BuiltIn">
<msg time="2026-02-16T16:54:25.211348" level="INFO">${body} = {'name': 'Biryani', 'type': 'Veg', 'price': '250', 'available_time': 'Lunch'}</msg>
<var>${body}</var>
<arg>name=Biryani</arg>
<arg>type=Veg</arg>
<arg>price=250</arg>
<arg>available_time=Lunch</arg>
<doc>Creates and returns a dictionary based on the given ``items``.</doc>
<status status="PASS" start="2026-02-16T16:54:25.210923" elapsed="0.000458"/>
</kw>
<kw name="POST On Session" owner="RequestsLibrary">
<msg time="2026-02-16T16:54:25.215945" level="INFO">POST Request : url=http://127.0.0.1:5000/api/v1/restaurants/1/dishes 
 path_url=/api/v1/restaurants/1/dishes 
 headers={'User-Agent': 'python-requests/2.32.3', 'Accept-Encoding': 'gzip, deflate', 'Accept': '*/*', 'Connection': 'keep-alive', 'Content-Length': '77', 'Content-Type': 'application/json'} 
 body=b'{"name": "Biryani", "type": "Veg", "price": "250", "available_time": "Lunch"}' 
 </msg>
<msg time="2026-02-16T16:54:25.216025" level="INFO">POST Response : url=http://127.0.0.1:5000/api/v1/restaurants/1/dishes 
 status=201, reason=CREATED 
 headers={'Server': 'Werkzeug/3.1.3 Python/3.13.0', 'Date': 'Mon, 16 Feb 2026 11:24:25 GMT', 'Content-Type': 'application/json', 'Content-Length': '135', 'Connection': 'close'} 
 body={
  "available_time": "Lunch",
  "enabled": true,
  "id": 2,
  "image": null,
  "name": "Biryani",
  "price": "250",
  "type": "Veg"
}
 
 </msg>
<msg time="2026-02-16T16:54:25.216155" level="INFO">${response} = &lt;Response [201]&gt;</msg>
<var>${response}</var>
<arg>${SESSION}</arg>
<arg>/api/v1/restaurants/1/dishes</arg>
<arg>json=${body}</arg>
<doc>Sends a POST request on a previously created HTTP Session.</doc>
<status status="PASS" start="2026-02-16T16:54:25.211553" elapsed="0.004633"/>
</kw>
<kw name="Should Be Equal As Integers" owner="BuiltIn">
<msg time="2026-02-16T16:54:25.217396" level="INFO">Argument types are:
&lt;class 'int'&gt;
&lt;class 'str'&gt;</msg>
<arg>${response.status_code}</arg>
<arg>201</arg>
<doc>Fails if objects are unequal after converting them to integers.</doc>
<status status="PASS" start="2026-02-16T16:54:25.216447" elapsed="0.001019"/>
</kw>
<status status="PASS" start="2026-02-16T16:54:25.203658" elapsed="0.013882"/>
</kw>
<kw name="Create Dictionary" owner="BuiltIn">
<msg time="2026-02-16T16:54:25.219013" level="INFO">${update} = {'price': '300'}</msg>
<var>${update}</var>
<arg>price=300</arg>
<doc>Creates and returns a dictionary based on the given ``items``.</doc>
<status status="PASS" start="2026-02-16T16:54:25.218036" elapsed="0.001018"/>
</kw>
<kw name="PUT On Session" owner="RequestsLibrary">
<msg time="2026-02-16T16:54:25.223369" level="INFO">PUT Request : url=http://127.0.0.1:5000/api/v1/dishes/1 
 path_url=/api/v1/dishes/1 
 headers={'User-Agent': 'python-requests/2.32.3', 'Accept-Encoding': 'gzip, deflate', 'Accept': '*/*', 'Connection': 'keep-alive', 'Content-Length': '16', 'Content-Type': 'application/json'} 
 body=b'{"price": "300"}' 
 </msg>
<msg time="2026-02-16T16:54:25.223450" level="INFO">PUT Response : url=http://127.0.0.1:5000/api/v1/dishes/1 
 status=200, reason=OK 
 headers={'Server': 'Werkzeug/3.1.3 Python/3.13.0', 'Date': 'Mon, 16 Feb 2026 11:24:25 GMT', 'Content-Type': 'application/json', 'Content-Length': '135', 'Connection': 'close'} 
 body={
  "available_time": "Lunch",
  "enabled": true,
  "id": 1,
  "image": null,
  "name": "Biryani",
  "price": "300",
  "type": "Veg"
}
 
 </msg>
<msg time="2026-02-16T16:54:25.223584" level="INFO">${response} = &lt;Response [200]&gt;</msg>
<var>${response}</var>
<arg>foodie</arg>
<arg>/api/v1/dishes/1</arg>
<arg>json=${update}</arg>
<doc>Sends a PUT request on a previously created HTTP Session.</doc>
<status status="PASS" start="2026-02-16T16:54:25.219390" elapsed="0.004225"/>
</kw>
<kw name="Should Be Equal As Integers" owner="BuiltIn">
<msg time="2026-02-16T16:54:25.224737" level="INFO">Argument types are:
&lt;class 'int'&gt;
&lt;class 'str'&gt;</msg>
<arg>${response.status_code}</arg>
<arg>200</arg>
<doc>Fails if objects are unequal after converting them to integers.</doc>
<status status="PASS" start="2026-02-16T16:54:25.224016" elapsed="0.001086"/>
</kw>
<status status="PASS" start="2026-02-16T16:54:25.195237" elapsed="0.030546"/>
</test>
<test id="s1-s2-t3" name="Delete Dish" line="15">
<kw name="Create Restaurant" owner="restaurant_keywords">
<kw name="Generate Random String" owner="String">
<msg time="2026-02-16T16:54:25.228065" level="INFO">${random} = D8zQg</msg>
<var>${random}</var>
<arg>5</arg>
<doc>Generates a string with a desired ``length`` from the given ``chars``.</doc>
<status status="PASS" start="2026-02-16T16:54:25.227737" elapsed="0.000413"/>
</kw>
<kw name="Create List" owner="BuiltIn">
<msg time="2026-02-16T16:54:25.228782" level="INFO">${images} = ['img1.jpg']</msg>
<var>${images}</var>
<arg>img1.jpg</arg>
<doc>Returns a list containing given items.</doc>
<status status="PASS" start="2026-02-16T16:54:25.228363" elapsed="0.000473"/>
</kw>
<kw name="Create Dictionary" owner="BuiltIn">
<msg time="2026-02-16T16:54:25.229462" level="INFO">${body} = {'name': 'Food Hub D8zQg', 'category': 'Indian', 'location': 'Hyderabad', 'images': ['img1.jpg'], 'contact': '9876543210'}</msg>
<var>${body}</var>
<arg>name=Food Hub ${random}</arg>
<arg>category=Indian</arg>
<arg>location=Hyderabad</arg>
<arg>images=${images}</arg>
<arg>contact=9876543210</arg>
<doc>Creates and returns a dictionary based on the given ``items``.</doc>
<status status="PASS" start="2026-02-16T16:54:25.229020" elapsed="0.000475"/>
</kw>
<kw name="POST On Session" owner="RequestsLibrary">
<msg time="2026-02-16T16:54:25.234471" level="INFO">POST Request : url=http://127.0.0.1:5000/api/v1/restaurants 
 path_url=/api/v1/restaurants 
 headers={'User-Agent': 'python-requests/2.32.3', 'Accept-Encoding': 'gzip, deflate', 'Accept': '*/*', 'Connection': 'keep-alive', 'Content-Length': '122', 'Content-Type': 'application/json'} 
 body=b'{"name": "Food Hub D8zQg", "category": "Indian", "location": "Hyderabad", "images": ["img1.jpg"], "contact": "9876543210"}' 
 </msg>
<msg time="2026-02-16T16:54:25.234555" level="INFO">POST Response : url=http://127.0.0.1:5000/api/v1/restaurants 
 status=201, reason=CREATED 
 headers={'Server': 'Werkzeug/3.1.3 Python/3.13.0', 'Date': 'Mon, 16 Feb 2026 11:24:25 GMT', 'Content-Type': 'application/json', 'Content-Length': '1312', 'Connection': 'close'} 
 body=[
  {
    "approved": true,
    "category": "Indian",
    "contact": "9876543210",
    "enabled": false,
    "id": 1,
    "images": [
      "img1.jpg"
    ],
    "location": "Hyderabad",
    "name": "Food Hub MQOjH"
  },
  {
    "approved": true,
    "category": "Indian",
    "contact": "9876543210",
    "enabled": true,
    "id": 2,
    "images": [
      "img1.jpg"
    ],
    "location": "Hyderabad",
    "name": "Food Hub WNU0Z"
  },
  {
    "approved": true,
    "category": "Indian",
    "contact": "9876543210",
    "enabled": true,
    "id": 3,
    "images": [
      "img1.jpg"
    ],
    "location": "Hyderabad",
    "name": "Food Hub urjPA"
  },
  {
    "approved": true,
    "category": "Indian",
    "contact": "9876543210",
    "enabled": true,
    "id": 4,
    "images": [
      "img1.jpg"
    ],
    "location": "Hyderabad",
    "name": "Food Hub lYlUZ"
  },
  {
    "approved": true,
    "category": "Indian",
    "contact": "9876543210",
    "enabled": true,
    "id": 5,
    "images": [
      "img1.jpg"
    ],
    "location": "Hyderabad",
    "name": "Food Hub txW1w"
  },
  {
    "approved": true,
    "category": "Indian",
    "contact": "9876543210",
    "enabled": true,
    "id": 6,
    "images": [
      "img1.jpg"
    ],
    "location": "Hyderabad",
    "name": "Food Hub D8zQg"
  }
]
 
 </msg>
<msg time="2026-02-16T16:54:25.234691" level="INFO">${response} = &lt;Response [201]&gt;</msg>
<var>${response}</var>
<arg>${SESSION}</arg>
<arg>/api/v1/restaurants</arg>
<arg>json=${body}</arg>
<doc>Sends a POST request on a previously created HTTP Session.</doc>
<status status="PASS" start="2026-02-16T16:54:25.229618" elapsed="0.005101"/>
</kw>
<kw name="Should Be Equal As Integers" owner="BuiltIn">
<msg time="2026-02-16T16:54:25.235476" level="INFO">Argument types are:
&lt;class 'int'&gt;
&lt;class 'str'&gt;</msg>
<arg>${response.status_code}</arg>
<arg>201</arg>
<doc>Fails if objects are unequal after converting them to integers.</doc>
<status status="PASS" start="2026-02-16T16:54:25.234899" elapsed="0.000641"/>
</kw>
<status status="PASS" start="2026-02-16T16:54:25.227232" elapsed="0.008380"/>
</kw>
<kw name="Create Dish" owner="dish_keywords">
<kw name="Create Restaurant" owner="restaurant_keywords">
<kw name="Generate Random String" owner="String">
<msg time="2026-02-16T16:54:25.237175" level="INFO">${random} = sPpL0</msg>
<var>${random}</var>
<arg>5</arg>
<doc>Generates a string with a desired ``length`` from the given ``chars``.</doc>
<status status="PASS" start="2026-02-16T16:54:25.236995" elapsed="0.000218"/>
</kw>
<kw name="Create List" owner="BuiltIn">
<msg time="2026-02-16T16:54:25.237601" level="INFO">${images} = ['img1.jpg']</msg>
<var>${images}</var>
<arg>img1.jpg</arg>
<doc>Returns a list containing given items.</doc>
<status status="PASS" start="2026-02-16T16:54:25.237334" elapsed="0.000310"/>
</kw>
<kw name="Create Dictionary" owner="BuiltIn">
<msg time="2026-02-16T16:54:25.238190" level="INFO">${body} = {'name': 'Food Hub sPpL0', 'category': 'Indian', 'location': 'Hyderabad', 'images': ['img1.jpg'], 'contact': '9876543210'}</msg>
<var>${body}</var>
<arg>name=Food Hub ${random}</arg>
<arg>category=Indian</arg>
<arg>location=Hyderabad</arg>
<arg>images=${images}</arg>
<arg>contact=9876543210</arg>
<doc>Creates and returns a dictionary based on the given ``items``.</doc>
<status status="PASS" start="2026-02-16T16:54:25.237759" elapsed="0.000462"/>
</kw>
<kw name="POST On Session" owner="RequestsLibrary">
<msg time="2026-02-16T16:54:25.242041" level="INFO">POST Request : url=http://127.0.0.1:5000/api/v1/restaurants 
 path_url=/api/v1/restaurants 
 headers={'User-Agent': 'python-requests/2.32.3', 'Accept-Encoding': 'gzip, deflate', 'Accept': '*/*', 'Connection': 'keep-alive', 'Content-Length': '122', 'Content-Type': 'application/json'} 
 body=b'{"name": "Food Hub sPpL0", "category": "Indian", "location": "Hyderabad", "images": ["img1.jpg"], "contact": "9876543210"}' 
 </msg>
<msg time="2026-02-16T16:54:25.242121" level="INFO">POST Response : url=http://127.0.0.1:5000/api/v1/restaurants 
 status=201, reason=CREATED 
 headers={'Server': 'Werkzeug/3.1.3 Python/3.13.0', 'Date': 'Mon, 16 Feb 2026 11:24:25 GMT', 'Content-Type': 'application/json', 'Content-Length': '1530', 'Connection': 'close'} 
 body=[
  {
    "approved": true,
    "category": "Indian",
    "contact": "9876543210",
    "enabled": false,
    "id": 1,
    "images": [
      "img1.jpg"
    ],
    "location": "Hyderabad",
    "name": "Food Hub MQOjH"
  },
  {
    "approved": true,
    "category": "Indian",
    "contact": "9876543210",
    "enabled": true,
    "id": 2,
    "images": [
      "img1.jpg"
    ],
    "location": "Hyderabad",
    "name": "Food Hub WNU0Z"
  },
  {
    "approved": true,
    "category": "Indian",
    "contact": "9876543210",
    "enabled": true,
    "id": 3,
    "images": [
      "img1.jpg"
    ],
    "location": "Hyderabad",
    "name": "Food Hub urjPA"
  },
  {
    "approved": true,
    "category": "Indian",
    "contact": "9876543210",
    "enabled": true,
    "id": 4,
    "images": [
      "img1.jpg"
    ],
    "location": "Hyderabad",
    "name": "Food Hub lYlUZ"
  },
  {
    "approved": true,
    "category": "Indian",
    "contact": "9876543210",
    "enabled": true,
    "id": 5,
    "images": [
      "img1.jpg"
    ],
    "location": "Hyderabad",
    "name": "Food Hub txW1w"
  },
  {
    "approved": true,
    "category": "Indian",
    "contact": "9876543210",
    "enabled": true,
    "id": 6,
    "images": [
      "img1.jpg"
    ],
    "location": "Hyderabad",
    "name": "Food Hub D8zQg"
  },
  {
    "approved": true,
    "category": "Indian",
    "contact": "9876543210",
    "enabled": true,
    "id": 7,
    "images": [
      "img1.jpg"
    ],
    "location": "Hyderabad",
    "name": "Food Hub sPpL0"
  }
]
 
 </msg>
<msg time="2026-02-16T16:54:25.242376" level="INFO">${response} = &lt;Response [201]&gt;</msg>
<var>${response}</var>
<arg>${SESSION}</arg>
<arg>/api/v1/restaurants</arg>
<arg>json=${body}</arg>
<doc>Sends a POST request on a previously created HTTP Session.</doc>
<status status="PASS" start="2026-02-16T16:54:25.238341" elapsed="0.004068"/>
</kw>
<kw name="Should Be Equal As Integers" owner="BuiltIn">
<msg time="2026-02-16T16:54:25.243374" level="INFO">Argument types are:
&lt;class 'int'&gt;
&lt;class 'str'&gt;</msg>
<arg>${response.status_code}</arg>
<arg>201</arg>
<doc>Fails if objects are unequal after converting them to integers.</doc>
<status status="PASS" start="2026-02-16T16:54:25.242567" elapsed="0.000921"/>
</kw>
<status status="PASS" start="2026-02-16T16:54:25.236776" elapsed="0.006907"/>
</kw>
<kw name="Create Dictionary" owner="BuiltIn">
<msg time="2026-02-16T16:54:25.244598" level="INFO">${body} = {'name': 'Biryani', 'type': 'Veg', 'price': '250', 'available_time': 'Lunch'}</msg>
<var>${body}</var>
<arg>name=Biryani</arg>
<arg>type=Veg</arg>
<arg>price=250</arg>
<arg>available_time=Lunch</arg>
<doc>Creates and returns a dictionary based on the given ``items``.</doc>
<status status="PASS" start="2026-02-16T16:54:25.244004" elapsed="0.000640"/>
</kw>
<kw name="POST On Session" owner="RequestsLibrary">
<msg time="2026-02-16T16:54:25.248498" level="INFO">POST Request : url=http://127.0.0.1:5000/api/v1/restaurants/1/dishes 
 path_url=/api/v1/restaurants/1/dishes 
 headers={'User-Agent': 'python-requests/2.32.3', 'Accept-Encoding': 'gzip, deflate', 'Accept': '*/*', 'Connection': 'keep-alive', 'Content-Length': '77', 'Content-Type': 'application/json'} 
 body=b'{"name": "Biryani", "type": "Veg", "price": "250", "available_time": "Lunch"}' 
 </msg>
<msg time="2026-02-16T16:54:25.248581" level="INFO">POST Response : url=http://127.0.0.1:5000/api/v1/restaurants/1/dishes 
 status=201, reason=CREATED 
 headers={'Server': 'Werkzeug/3.1.3 Python/3.13.0', 'Date': 'Mon, 16 Feb 2026 11:24:25 GMT', 'Content-Type': 'application/json', 'Content-Length': '135', 'Connection': 'close'} 
 body={
  "available_time": "Lunch",
  "enabled": true,
  "id": 3,
  "image": null,
  "name": "Biryani",
  "price": "250",
  "type": "Veg"
}
 
 </msg>
<msg time="2026-02-16T16:54:25.248724" level="INFO">${response} = &lt;Response [201]&gt;</msg>
<var>${response}</var>
<arg>${SESSION}</arg>
<arg>/api/v1/restaurants/1/dishes</arg>
<arg>json=${body}</arg>
<doc>Sends a POST request on a previously created HTTP Session.</doc>
<status status="PASS" start="2026-02-16T16:54:25.244799" elapsed="0.003956"/>
</kw>
<kw name="Should Be Equal As Integers" owner="BuiltIn">
<msg time="2026-02-16T16:54:25.249647" level="INFO">Argument types are:
&lt;class 'int'&gt;
&lt;class 'str'&gt;</msg>
<arg>${response.status_code}</arg>
<arg>201</arg>
<doc>Fails if objects are unequal after converting them to integers.</doc>
<status status="PASS" start="2026-02-16T16:54:25.249001" elapsed="0.000780"/>
</kw>
<status status="PASS" start="2026-02-16T16:54:25.236251" elapsed="0.013683"/>
</kw>
<kw name="DELETE On Session" owner="RequestsLibrary">
<msg time="2026-02-16T16:54:25.254673" level="INFO">DELETE Request : url=http://127.0.0.1:5000/api/v1/dishes/1 
 path_url=/api/v1/dishes/1 
 headers={'User-Agent': 'python-requests/2.32.3', 'Accept-Encoding': 'gzip, deflate', 'Accept': '*/*', 'Connection': 'keep-alive', 'Content-Length': '0'} 
 body=None 
 </msg>
<msg time="2026-02-16T16:54:25.254749" level="INFO">DELETE Response : url=http://127.0.0.1:5000/api/v1/dishes/1 
 status=200, reason=OK 
 headers={'Server': 'Werkzeug/3.1.3 Python/3.13.0', 'Date': 'Mon, 16 Feb 2026 11:24:25 GMT', 'Content-Type': 'application/json', 'Content-Length': '32', 'Connection': 'close'} 
 body={
  "message": "Dish deleted"
}
 
 </msg>
<msg time="2026-02-16T16:54:25.254886" level="INFO">${response} = &lt;Response [200]&gt;</msg>
<var>${response}</var>
<arg>foodie</arg>
<arg>/api/v1/dishes/1</arg>
<doc>Sends a DELETE request on a previously created HTTP Session.</doc>
<status status="PASS" start="2026-02-16T16:54:25.250477" elapsed="0.004436"/>
</kw>
<kw name="Should Be Equal As Integers" owner="BuiltIn">
<msg time="2026-02-16T16:54:25.255845" level="INFO">Argument types are:
&lt;class 'int'&gt;
&lt;class 'str'&gt;</msg>
<arg>${response.status_code}</arg>
<arg>200</arg>
<doc>Fails if objects are unequal after converting them to integers.</doc>
<status status="PASS" start="2026-02-16T16:54:25.255242" elapsed="0.000667"/>
</kw>
<status status="PASS" start="2026-02-16T16:54:25.226521" elapsed="0.029792"/>
</test>
<status status="PASS" start="2026-02-16T16:54:25.174958" elapsed="0.082359"/>
</suite>
<suite id="s1-s3" name="Order Tests" source="C:\Users\Neeraja\Desktop\Wipro_Practice\CaseStudy_4\robot\tests\order_tests.robot">
<kw name="Create API Session" owner="common" type="SETUP">
<kw name="Create Session" owner="RequestsLibrary">
<msg time="2026-02-16T16:54:25.264886" level="INFO">Creating Session using : alias=foodie, url=http://127.0.0.1:5000, headers={},                     cookies={}, auth=None, timeout=None, proxies=None, verify=False,                     debug=0 </msg>
<arg>${SESSION}</arg>
<arg>${BASE_URL}</arg>
<doc>Create Session: create a HTTP session to a server</doc>
<status status="PASS" start="2026-02-16T16:54:25.264678" elapsed="0.000372"/>
</kw>
<status status="PASS" start="2026-02-16T16:54:25.264464" elapsed="0.000659"/>
</kw>
<test id="s1-s3-t1" name="Place Order" line="8">
<kw name="Create Restaurant" owner="restaurant_keywords">
<kw name="Generate Random String" owner="String">
<msg time="2026-02-16T16:54:25.266081" level="INFO">${random} = ISJaD</msg>
<var>${random}</var>
<arg>5</arg>
<doc>Generates a string with a desired ``length`` from the given ``chars``.</doc>
<status status="PASS" start="2026-02-16T16:54:25.265902" elapsed="0.000214"/>
</kw>
<kw name="Create List" owner="BuiltIn">
<msg time="2026-02-16T16:54:25.266557" level="INFO">${images} = ['img1.jpg']</msg>
<var>${images}</var>
<arg>img1.jpg</arg>
<doc>Returns a list containing given items.</doc>
<status status="PASS" start="2026-02-16T16:54:25.266220" elapsed="0.000388"/>
</kw>
<kw name="Create Dictionary" owner="BuiltIn">
<msg time="2026-02-16T16:54:25.267207" level="INFO">${body} = {'name': 'Food Hub ISJaD', 'category': 'Indian', 'location': 'Hyderabad', 'images': ['img1.jpg'], 'contact': '9876543210'}</msg>
<var>${body}</var>
<arg>name=Food Hub ${random}</arg>
<arg>category=Indian</arg>
<arg>location=Hyderabad</arg>
<arg>images=${images}</arg>
<arg>contact=9876543210</arg>
<doc>Creates and returns a dictionary based on the given ``items``.</doc>
<status status="PASS" start="2026-02-16T16:54:25.266756" elapsed="0.000480"/>
</kw>
<kw name="POST On Session" owner="RequestsLibrary">
<msg time="2026-02-16T16:54:25.271001" level="INFO">POST Request : url=http://127.0.0.1:5000/api/v1/restaurants 
 path_url=/api/v1/restaurants 
 headers={'User-Agent': 'python-requests/2.32.3', 'Accept-Encoding': 'gzip, deflate', 'Accept': '*/*', 'Connection': 'keep-alive', 'Content-Length': '122', 'Content-Type': 'application/json'} 
 body=b'{"name": "Food Hub ISJaD", "category": "Indian", "location": "Hyderabad", "images": ["img1.jpg"], "contact": "9876543210"}' 
 </msg>
<msg time="2026-02-16T16:54:25.271112" level="INFO">POST Response : url=http://127.0.0.1:5000/api/v1/restaurants 
 status=201, reason=CREATED 
 headers={'Server': 'Werkzeug/3.1.3 Python/3.13.0', 'Date': 'Mon, 16 Feb 2026 11:24:25 GMT', 'Content-Type': 'application/json', 'Content-Length': '1748', 'Connection': 'close'} 
 body=[
  {
    "approved": true,
    "category": "Indian",
    "contact": "9876543210",
    "enabled": false,
    "id": 1,
    "images": [
      "img1.jpg"
    ],
    "location": "Hyderabad",
    "name": "Food Hub MQOjH"
  },
  {
    "approved": true,
    "category": "Indian",
    "contact": "9876543210",
    "enabled": true,
    "id": 2,
    "images": [
      "img1.jpg"
    ],
    "location": "Hyderabad",
    "name": "Food Hub WNU0Z"
  },
  {
    "approved": true,
    "category": "Indian",
    "contact": "9876543210",
    "enabled": true,
    "id": 3,
    "images": [
      "img1.jpg"
    ],
    "location": "Hyderabad",
    "name": "Food Hub urjPA"
  },
  {
    "approved": true,
    "category": "Indian",
    "contact": "9876543210",
    "enabled": true,
    "id": 4,
    "images": [
      "img1.jpg"
    ],
    "location": "Hyderabad",
    "name": "Food Hub lYlUZ"
  },
  {
    "approved": true,
    "category": "Indian",
    "contact": "9876543210",
    "enabled": true,
    "id": 5,
    "images": [
      "img1.jpg"
    ],
    "location": "Hyderabad",
    "name": "Food Hub txW1w"
  },
  {
    "approved": true,
    "category": "Indian",
    "contact": "9876543210",
    "enabled": true,
    "id": 6,
    "images": [
      "img1.jpg"
    ],
    "location": "Hyderabad",
    "name": "Food Hub D8zQg"
  },
  {
    "approved": true,
    "category": "Indian",
    "contact": "9876543210",
    "enabled": true,
    "id": 7,
    "images": [
      "img1.jpg"
    ],
    "location": "Hyderabad",
    "name": "Food Hub sPpL0"
  },
  {
    "approved": true,
    "category": "Indian",
    "contact": "9876543210",
    "enabled": true,
    "id": 8,
    "images": [
      "img1.jpg"
    ],
    "location": "Hyderabad",
    "name": "Food Hub ISJaD"
  }
]
 
 </msg>
<msg time="2026-02-16T16:54:25.271523" level="INFO">${response} = &lt;Response [201]&gt;</msg>
<var>${response}</var>
<arg>${SESSION}</arg>
<arg>/api/v1/restaurants</arg>
<arg>json=${body}</arg>
<doc>Sends a POST request on a previously created HTTP Session.</doc>
<status status="PASS" start="2026-02-16T16:54:25.267356" elapsed="0.004212"/>
</kw>
<kw name="Should Be Equal As Integers" owner="BuiltIn">
<msg time="2026-02-16T16:54:25.272698" level="INFO">Argument types are:
&lt;class 'int'&gt;
&lt;class 'str'&gt;</msg>
<arg>${response.status_code}</arg>
<arg>201</arg>
<doc>Fails if objects are unequal after converting them to integers.</doc>
<status status="PASS" start="2026-02-16T16:54:25.271805" elapsed="0.001016"/>
</kw>
<status status="PASS" start="2026-02-16T16:54:25.265681" elapsed="0.007254"/>
</kw>
<kw name="Create User" owner="user_keywords">
<kw name="Generate Random String" owner="String">
<msg time="2026-02-16T16:54:25.273750" level="INFO">${random} = QEsf0</msg>
<var>${random}</var>
<arg>5</arg>
<doc>Generates a string with a desired ``length`` from the given ``chars``.</doc>
<status status="PASS" start="2026-02-16T16:54:25.273581" elapsed="0.000197"/>
</kw>
<kw name="Set Variable" owner="BuiltIn">
<msg time="2026-02-16T16:54:25.274880" level="INFO">${email} = johnQEsf0@test.com</msg>
<var>${email}</var>
<arg>john${random}@test.com</arg>
<doc>Returns the given values which can then be assigned to a variables.</doc>
<status status="PASS" start="2026-02-16T16:54:25.273884" elapsed="0.001072"/>
</kw>
<kw name="Create Dictionary" owner="BuiltIn">
<msg time="2026-02-16T16:54:25.275966" level="INFO">${body} = {'name': 'John', 'email': 'johnQEsf0@test.com', 'password': '1234'}</msg>
<var>${body}</var>
<arg>name=John</arg>
<arg>email=${email}</arg>
<arg>password=1234</arg>
<doc>Creates and returns a dictionary based on the given ``items``.</doc>
<status status="PASS" start="2026-02-16T16:54:25.275200" elapsed="0.000827"/>
</kw>
<kw name="POST On Session" owner="RequestsLibrary">
<msg time="2026-02-16T16:54:25.279713" level="INFO">POST Request : url=http://127.0.0.1:5000/api/v1/user/register 
 path_url=/api/v1/user/register 
 headers={'User-Agent': 'python-requests/2.32.3', 'Accept-Encoding': 'gzip, deflate', 'Accept': '*/*', 'Connection': 'keep-alive', 'Content-Length': '67', 'Content-Type': 'application/json'} 
 body=b'{"name": "John", "email": "johnQEsf0@test.com", "password": "1234"}' 
 </msg>
<msg time="2026-02-16T16:54:25.279780" level="INFO">POST Response : url=http://127.0.0.1:5000/api/v1/user/register 
 status=201, reason=CREATED 
 headers={'Server': 'Werkzeug/3.1.3 Python/3.13.0', 'Date': 'Mon, 16 Feb 2026 11:24:25 GMT', 'Content-Type': 'application/json', 'Content-Length': '87', 'Connection': 'close'} 
 body={
  "email": "johnQEsf0@test.com",
  "id": 1,
  "name": "John",
  "password": "1234"
}
 
 </msg>
<msg time="2026-02-16T16:54:25.279907" level="INFO">${response} = &lt;Response [201]&gt;</msg>
<var>${response}</var>
<arg>${SESSION}</arg>
<arg>/api/v1/user/register</arg>
<arg>json=${body}</arg>
<doc>Sends a POST request on a previously created HTTP Session.</doc>
<status status="PASS" start="2026-02-16T16:54:25.276287" elapsed="0.003647"/>
</kw>
<kw name="Should Be Equal As Integers" owner="BuiltIn">
<msg time="2026-02-16T16:54:25.281632" level="INFO">Argument types are:
&lt;class 'int'&gt;
&lt;class 'str'&gt;</msg>
<arg>${response.status_code}</arg>
<arg>201</arg>
<doc>Fails if objects are unequal after converting them to integers.</doc>
<status status="PASS" start="2026-02-16T16:54:25.280159" elapsed="0.001611"/>
</kw>
<status status="PASS" start="2026-02-16T16:54:25.273354" elapsed="0.009020"/>
</kw>
<kw name="Create Order" owner="order_keywords">
<kw name="Create List" owner="BuiltIn">
<msg time="2026-02-16T16:54:25.284052" level="INFO">${dish_list} = ['1']</msg>
<var>${dish_list}</var>
<arg>1</arg>
<doc>Returns a list containing given items.</doc>
<status status="PASS" start="2026-02-16T16:54:25.283731" elapsed="0.000351"/>
</kw>
<kw name="Create Dictionary" owner="BuiltIn">
<msg time="2026-02-16T16:54:25.284546" level="INFO">${body} = {'user_id': '1', 'restaurant_id': '1', 'dishes': ['1']}</msg>
<var>${body}</var>
<arg>user_id=1</arg>
<arg>restaurant_id=1</arg>
<arg>dishes=${dish_list}</arg>
<doc>Creates and returns a dictionary based on the given ``items``.</doc>
<status status="PASS" start="2026-02-16T16:54:25.284192" elapsed="0.000383"/>
</kw>
<kw name="POST On Session" owner="RequestsLibrary">
<msg time="2026-02-16T16:54:25.288258" level="INFO">POST Request : url=http://127.0.0.1:5000/api/v1/orders 
 path_url=/api/v1/orders 
 headers={'User-Agent': 'python-requests/2.32.3', 'Accept-Encoding': 'gzip, deflate', 'Accept': '*/*', 'Connection': 'keep-alive', 'Content-Length': '55', 'Content-Type': 'application/json'} 
 body=b'{"user_id": "1", "restaurant_id": "1", "dishes": ["1"]}' 
 </msg>
<msg time="2026-02-16T16:54:25.288329" level="INFO">POST Response : url=http://127.0.0.1:5000/api/v1/orders 
 status=201, reason=CREATED 
 headers={'Server': 'Werkzeug/3.1.3 Python/3.13.0', 'Date': 'Mon, 16 Feb 2026 11:24:25 GMT', 'Content-Type': 'application/json', 'Content-Length': '105', 'Connection': 'close'} 
 body={
  "dishes": [
    "1"
  ],
  "id": 1,
  "restaurant_id": "1",
  "status": "Placed",
  "user_id": "1"
}
 
 </msg>
<msg time="2026-02-16T16:54:25.288446" level="INFO">${response} = &lt;Response [201]&gt;</msg>
<var>${response}</var>
<arg>${SESSION}</arg>
<arg>/api/v1/orders</arg>
<arg>json=${body}</arg>
<doc>Sends a POST request on a previously created HTTP Session.</doc>
<status status="PASS" start="2026-02-16T16:54:25.284717" elapsed="0.003757"/>
</kw>
<kw name="Should Be Equal As Integers" owner="BuiltIn">
<msg time="2026-02-16T16:54:25.289205" level="INFO">Argument types are:
&lt;class 'int'&gt;
&lt;class 'str'&gt;</msg>
<arg>${response.status_code}</arg>
<arg>201</arg>
<doc>Fails if objects are unequal after converting them to integers.</doc>
<status status="PASS" start="2026-02-16T16:54:25.288616" elapsed="0.000650"/>
</kw>
<status status="PASS" start="2026-02-16T16:54:25.283484" elapsed="0.005851"/>
</kw>
<status status="PASS" start="2026-02-16T16:54:25.265173" elapsed="0.024624"/>
</test>
<test id="s1-s3-t2" name="Get Orders By Restaurant" line="12">
<kw name="Create Restaurant" owner="restaurant_keywords">
<kw name="Generate Random String" owner="String">
<msg time="2026-02-16T16:54:25.291844" level="INFO">${random} = gb9IF</msg>
<var>${random}</var>
<arg>5</arg>
<doc>Generates a string with a desired ``length`` from the given ``chars``.</doc>
<status status="PASS" start="2026-02-16T16:54:25.291643" elapsed="0.000235"/>
</kw>
<kw name="Create List" owner="BuiltIn">
<msg time="2026-02-16T16:54:25.292434" level="INFO">${images} = ['img1.jpg']</msg>
<var>${images}</var>
<arg>img1.jpg</arg>
<doc>Returns a list containing given items.</doc>
<status status="PASS" start="2026-02-16T16:54:25.292001" elapsed="0.000478"/>
</kw>
<kw name="Create Dictionary" owner="BuiltIn">
<msg time="2026-02-16T16:54:25.293300" level="INFO">${body} = {'name': 'Food Hub gb9IF', 'category': 'Indian', 'location': 'Hyderabad', 'images': ['img1.jpg'], 'contact': '9876543210'}</msg>
<var>${body}</var>
<arg>name=Food Hub ${random}</arg>
<arg>category=Indian</arg>
<arg>location=Hyderabad</arg>
<arg>images=${images}</arg>
<arg>contact=9876543210</arg>
<doc>Creates and returns a dictionary based on the given ``items``.</doc>
<status status="PASS" start="2026-02-16T16:54:25.292622" elapsed="0.000720"/>
</kw>
<kw name="POST On Session" owner="RequestsLibrary">
<msg time="2026-02-16T16:54:25.296597" level="INFO">POST Request : url=http://127.0.0.1:5000/api/v1/restaurants 
 path_url=/api/v1/restaurants 
 headers={'User-Agent': 'python-requests/2.32.3', 'Accept-Encoding': 'gzip, deflate', 'Accept': '*/*', 'Connection': 'keep-alive', 'Content-Length': '122', 'Content-Type': 'application/json'} 
 body=b'{"name": "Food Hub gb9IF", "category": "Indian", "location": "Hyderabad", "images": ["img1.jpg"], "contact": "9876543210"}' 
 </msg>
<msg time="2026-02-16T16:54:25.296832" level="INFO">POST Response : url=http://127.0.0.1:5000/api/v1/restaurants 
 status=201, reason=CREATED 
 headers={'Server': 'Werkzeug/3.1.3 Python/3.13.0', 'Date': 'Mon, 16 Feb 2026 11:24:25 GMT', 'Content-Type': 'application/json', 'Content-Length': '1966', 'Connection': 'close'} 
 body=[
  {
    "approved": true,
    "category": "Indian",
    "contact": "9876543210",
    "enabled": false,
    "id": 1,
    "images": [
      "img1.jpg"
    ],
    "location": "Hyderabad",
    "name": "Food Hub MQOjH"
  },
  {
    "approved": true,
    "category": "Indian",
    "contact": "9876543210",
    "enabled": true,
    "id": 2,
    "images": [
      "img1.jpg"
    ],
    "location": "Hyderabad",
    "name": "Food Hub WNU0Z"
  },
  {
    "approved": true,
    "category": "Indian",
    "contact": "9876543210",
    "enabled": true,
    "id": 3,
    "images": [
      "img1.jpg"
    ],
    "location": "Hyderabad",
    "name": "Food Hub urjPA"
  },
  {
    "approved": true,
    "category": "Indian",
    "contact": "9876543210",
    "enabled": true,
    "id": 4,
    "images": [
      "img1.jpg"
    ],
    "location": "Hyderabad",
    "name": "Food Hub lYlUZ"
  },
  {
    "approved": true,
    "category": "Indian",
    "contact": "9876543210",
    "enabled": true,
    "id": 5,
    "images": [
      "img1.jpg"
    ],
    "location": "Hyderabad",
    "name": "Food Hub txW1w"
  },
  {
    "approved": true,
    "category": "Indian",
    "contact": "9876543210",
    "enabled": true,
    "id": 6,
    "images": [
      "img1.jpg"
    ],
    "location": "Hyderabad",
    "name": "Food Hub D8zQg"
  },
  {
    "approved": true,
    "category": "Indian",
    "contact": "9876543210",
    "enabled": true,
    "id": 7,
    "images": [
      "img1.jpg"
    ],
    "location": "Hyderabad",
    "name": "Food Hub sPpL0"
  },
  {
    "approved": true,
    "category": "Indian",
    "contact": "9876543210",
    "enabled": true,
    "id": 8,
    "images": [
      "img1.jpg"
    ],
    "location": "Hyderabad",
    "name": "Food Hub ISJaD"
  },
  {
    "approved": true,
    "category": "Indian",
    "contact": "9876543210",
    "enabled": true,
    "id": 9,
    "images": [
      "img1.jpg"
    ],
    "location": "Hyderabad",
    "name": "Food Hub gb9IF"
  }
]
 
 </msg>
<msg time="2026-02-16T16:54:25.296996" level="INFO">${response} = &lt;Response [201]&gt;</msg>
<var>${response}</var>
<arg>${SESSION}</arg>
<arg>/api/v1/restaurants</arg>
<arg>json=${body}</arg>
<doc>Sends a POST request on a previously created HTTP Session.</doc>
<status status="PASS" start="2026-02-16T16:54:25.293479" elapsed="0.003570"/>
</kw>
<kw name="Should Be Equal As Integers" owner="BuiltIn">
<msg time="2026-02-16T16:54:25.298143" level="INFO">Argument types are:
&lt;class 'int'&gt;
&lt;class 'str'&gt;</msg>
<arg>${response.status_code}</arg>
<arg>201</arg>
<doc>Fails if objects are unequal after converting them to integers.</doc>
<status status="PASS" start="2026-02-16T16:54:25.297257" elapsed="0.001217"/>
</kw>
<status status="PASS" start="2026-02-16T16:54:25.291300" elapsed="0.007571"/>
</kw>
<kw name="Create User" owner="user_keywords">
<kw name="Generate Random String" owner="String">
<msg time="2026-02-16T16:54:25.301337" level="INFO">${random} = WG6zV</msg>
<var>${random}</var>
<arg>5</arg>
<doc>Generates a string with a desired ``length`` from the given ``chars``.</doc>
<status status="PASS" start="2026-02-16T16:54:25.300834" elapsed="0.000624"/>
</kw>
<kw name="Set Variable" owner="BuiltIn">
<msg time="2026-02-16T16:54:25.302165" level="INFO">${email} = johnWG6zV@test.com</msg>
<var>${email}</var>
<arg>john${random}@test.com</arg>
<doc>Returns the given values which can then be assigned to a variables.</doc>
<status status="PASS" start="2026-02-16T16:54:25.301744" elapsed="0.000454"/>
</kw>
<kw name="Create Dictionary" owner="BuiltIn">
<msg time="2026-02-16T16:54:25.303327" level="INFO">${body} = {'name': 'John', 'email': 'johnWG6zV@test.com', 'password': '1234'}</msg>
<var>${body}</var>
<arg>name=John</arg>
<arg>email=${email}</arg>
<arg>password=1234</arg>
<doc>Creates and returns a dictionary based on the given ``items``.</doc>
<status status="PASS" start="2026-02-16T16:54:25.302350" elapsed="0.001009"/>
</kw>
<kw name="POST On Session" owner="RequestsLibrary">
<msg time="2026-02-16T16:54:25.306869" level="INFO">POST Request : url=http://127.0.0.1:5000/api/v1/user/register 
 path_url=/api/v1/user/register 
 headers={'User-Agent': 'python-requests/2.32.3', 'Accept-Encoding': 'gzip, deflate', 'Accept': '*/*', 'Connection': 'keep-alive', 'Content-Length': '67', 'Content-Type': 'application/json'} 
 body=b'{"name": "John", "email": "johnWG6zV@test.com", "password": "1234"}' 
 </msg>
<msg time="2026-02-16T16:54:25.306997" level="INFO">POST Response : url=http://127.0.0.1:5000/api/v1/user/register 
 status=201, reason=CREATED 
 headers={'Server': 'Werkzeug/3.1.3 Python/3.13.0', 'Date': 'Mon, 16 Feb 2026 11:24:25 GMT', 'Content-Type': 'application/json', 'Content-Length': '87', 'Connection': 'close'} 
 body={
  "email": "johnWG6zV@test.com",
  "id": 2,
  "name": "John",
  "password": "1234"
}
 
 </msg>
<msg time="2026-02-16T16:54:25.307271" level="INFO">${response} = &lt;Response [201]&gt;</msg>
<var>${response}</var>
<arg>${SESSION}</arg>
<arg>/api/v1/user/register</arg>
<arg>json=${body}</arg>
<doc>Sends a POST request on a previously created HTTP Session.</doc>
<status status="PASS" start="2026-02-16T16:54:25.303476" elapsed="0.003856"/>
</kw>
<kw name="Should Be Equal As Integers" owner="BuiltIn">
<msg time="2026-02-16T16:54:25.308241" level="INFO">Argument types are:
&lt;class 'int'&gt;
&lt;class 'str'&gt;</msg>
<arg>${response.status_code}</arg>
<arg>201</arg>
<doc>Fails if objects are unequal after converting them to integers.</doc>
<status status="PASS" start="2026-02-16T16:54:25.307503" elapsed="0.000834"/>
</kw>
<status status="PASS" start="2026-02-16T16:54:25.300246" elapsed="0.008205"/>
</kw>
<kw name="Create Order" owner="order_keywords">
<kw name="Create List" owner="BuiltIn">
<msg time="2026-02-16T16:54:25.309677" level="INFO">${dish_list} = ['1']</msg>
<var>${dish_list}</var>
<arg>1</arg>
<doc>Returns a list containing given items.</doc>
<status status="PASS" start="2026-02-16T16:54:25.309410" elapsed="0.000300"/>
</kw>
<kw name="Create Dictionary" owner="BuiltIn">
<msg time="2026-02-16T16:54:25.310198" level="INFO">${body} = {'user_id': '1', 'restaurant_id': '1', 'dishes': ['1']}</msg>
<var>${body}</var>
<arg>user_id=1</arg>
<arg>restaurant_id=1</arg>
<arg>dishes=${dish_list}</arg>
<doc>Creates and returns a dictionary based on the given ``items``.</doc>
<status status="PASS" start="2026-02-16T16:54:25.309828" elapsed="0.000400"/>
</kw>
<kw name="POST On Session" owner="RequestsLibrary">
<msg time="2026-02-16T16:54:25.314093" level="INFO">POST Request : url=http://127.0.0.1:5000/api/v1/orders 
 path_url=/api/v1/orders 
 headers={'User-Agent': 'python-requests/2.32.3', 'Accept-Encoding': 'gzip, deflate', 'Accept': '*/*', 'Connection': 'keep-alive', 'Content-Length': '55', 'Content-Type': 'application/json'} 
 body=b'{"user_id": "1", "restaurant_id": "1", "dishes": ["1"]}' 
 </msg>
<msg time="2026-02-16T16:54:25.314220" level="INFO">POST Response : url=http://127.0.0.1:5000/api/v1/orders 
 status=201, reason=CREATED 
 headers={'Server': 'Werkzeug/3.1.3 Python/3.13.0', 'Date': 'Mon, 16 Feb 2026 11:24:25 GMT', 'Content-Type': 'application/json', 'Content-Length': '105', 'Connection': 'close'} 
 body={
  "dishes": [
    "1"
  ],
  "id": 2,
  "restaurant_id": "1",
  "status": "Placed",
  "user_id": "1"
}
 
 </msg>
<msg time="2026-02-16T16:54:25.314439" level="INFO">${response} = &lt;Response [201]&gt;</msg>
<var>${response}</var>
<arg>${SESSION}</arg>
<arg>/api/v1/orders</arg>
<arg>json=${body}</arg>
<doc>Sends a POST request on a previously created HTTP Session.</doc>
<status status="PASS" start="2026-02-16T16:54:25.310342" elapsed="0.004148"/>
</kw>
<kw name="Should Be Equal As Integers" owner="BuiltIn">
<msg time="2026-02-16T16:54:25.315972" level="INFO">Argument types are:
&lt;class 'int'&gt;
&lt;class 'str'&gt;</msg>
<arg>${response.status_code}</arg>
<arg>201</arg>
<doc>Fails if objects are unequal after converting them to integers.</doc>
<status status="PASS" start="2026-02-16T16:54:25.314884" elapsed="0.001258"/>
</kw>
<status status="PASS" start="2026-02-16T16:54:25.309171" elapsed="0.007149"/>
</kw>
<kw name="GET On Session" owner="RequestsLibrary">
<msg time="2026-02-16T16:54:25.320513" level="INFO">GET Request : url=http://127.0.0.1:5000/api/v1/restaurants/1/orders 
 path_url=/api/v1/restaurants/1/orders 
 headers={'User-Agent': 'python-requests/2.32.3', 'Accept-Encoding': 'gzip, deflate', 'Accept': '*/*', 'Connection': 'keep-alive'} 
 body=None 
 </msg>
<msg time="2026-02-16T16:54:25.320624" level="INFO">GET Response : url=http://127.0.0.1:5000/api/v1/restaurants/1/orders 
 status=200, reason=OK 
 headers={'Server': 'Werkzeug/3.1.3 Python/3.13.0', 'Date': 'Mon, 16 Feb 2026 11:24:25 GMT', 'Content-Type': 'application/json', 'Content-Length': '3', 'Connection': 'close'} 
 body=[]
 
 </msg>
<msg time="2026-02-16T16:54:25.320749" level="INFO">${response} = &lt;Response [200]&gt;</msg>
<var>${response}</var>
<arg>foodie</arg>
<arg>/api/v1/restaurants/1/orders</arg>
<doc>Sends a GET request on a previously created HTTP Session.</doc>
<status status="PASS" start="2026-02-16T16:54:25.317029" elapsed="0.003749"/>
</kw>
<kw name="Should Be Equal As Integers" owner="BuiltIn">
<msg time="2026-02-16T16:54:25.322541" level="INFO">Argument types are:
&lt;class 'int'&gt;
&lt;class 'str'&gt;</msg>
<arg>${response.status_code}</arg>
<arg>200</arg>
<doc>Fails if objects are unequal after converting them to integers.</doc>
<status status="PASS" start="2026-02-16T16:54:25.321140" elapsed="0.001583"/>
</kw>
<status status="PASS" start="2026-02-16T16:54:25.290527" elapsed="0.032512"/>
</test>
<test id="s1-s3-t3" name="Get Orders By User" line="19">
<kw name="Create Restaurant" owner="restaurant_keywords">
<kw name="Generate Random String" owner="String">
<msg time="2026-02-16T16:54:25.324515" level="INFO">${random} = k2I53</msg>
<var>${random}</var>
<arg>5</arg>
<doc>Generates a string with a desired ``length`` from the given ``chars``.</doc>
<status status="PASS" start="2026-02-16T16:54:25.324321" elapsed="0.000226"/>
</kw>
<kw name="Create List" owner="BuiltIn">
<msg time="2026-02-16T16:54:25.324967" level="INFO">${images} = ['img1.jpg']</msg>
<var>${images}</var>
<arg>img1.jpg</arg>
<doc>Returns a list containing given items.</doc>
<status status="PASS" start="2026-02-16T16:54:25.324664" elapsed="0.000332"/>
</kw>
<kw name="Create Dictionary" owner="BuiltIn">
<msg time="2026-02-16T16:54:25.325606" level="INFO">${body} = {'name': 'Food Hub k2I53', 'category': 'Indian', 'location': 'Hyderabad', 'images': ['img1.jpg'], 'contact': '9876543210'}</msg>
<var>${body}</var>
<arg>name=Food Hub ${random}</arg>
<arg>category=Indian</arg>
<arg>location=Hyderabad</arg>
<arg>images=${images}</arg>
<arg>contact=9876543210</arg>
<doc>Creates and returns a dictionary based on the given ``items``.</doc>
<status status="PASS" start="2026-02-16T16:54:25.325117" elapsed="0.000536"/>
</kw>
<kw name="POST On Session" owner="RequestsLibrary">
<msg time="2026-02-16T16:54:25.328954" level="INFO">POST Request : url=http://127.0.0.1:5000/api/v1/restaurants 
 path_url=/api/v1/restaurants 
 headers={'User-Agent': 'python-requests/2.32.3', 'Accept-Encoding': 'gzip, deflate', 'Accept': '*/*', 'Connection': 'keep-alive', 'Content-Length': '122', 'Content-Type': 'application/json'} 
 body=b'{"name": "Food Hub k2I53", "category": "Indian", "location": "Hyderabad", "images": ["img1.jpg"], "contact": "9876543210"}' 
 </msg>
<msg time="2026-02-16T16:54:25.329027" level="INFO">POST Response : url=http://127.0.0.1:5000/api/v1/restaurants 
 status=201, reason=CREATED 
 headers={'Server': 'Werkzeug/3.1.3 Python/3.13.0', 'Date': 'Mon, 16 Feb 2026 11:24:25 GMT', 'Content-Type': 'application/json', 'Content-Length': '2185', 'Connection': 'close'} 
 body=[
  {
    "approved": true,
    "category": "Indian",
    "contact": "9876543210",
    "enabled": false,
    "id": 1,
    "images": [
      "img1.jpg"
    ],
    "location": "Hyderabad",
    "name": "Food Hub MQOjH"
  },
  {
    "approved": true,
    "category": "Indian",
    "contact": "9876543210",
    "enabled": true,
    "id": 2,
    "images": [
      "img1.jpg"
    ],
    "location": "Hyderabad",
    "name": "Food Hub WNU0Z"
  },
  {
    "approved": true,
    "category": "Indian",
    "contact": "9876543210",
    "enabled": true,
    "id": 3,
    "images": [
      "img1.jpg"
    ],
    "location": "Hyderabad",
    "name": "Food Hub urjPA"
  },
  {
    "approved": true,
    "category": "Indian",
    "contact": "9876543210",
    "enabled": true,
    "id": 4,
    "images": [
      "img1.jpg"
    ],
    "location": "Hyderabad",
    "name": "Food Hub lYlUZ"
  },
  {
    "approved": true,
    "category": "Indian",
    "contact": "9876543210",
    "enabled": true,
    "id": 5,
    "images": [
      "img1.jpg"
    ],
    "location": "Hyderabad",
    "name": "Food Hub txW1w"
  },
  {
    "approved": true,
    "category": "Indian",
    "contact": "9876543210",
    "enabled": true,
    "id": 6,
    "images": [
      "img1.jpg"
    ],
    "location": "Hyderabad",
    "name": "Food Hub D8zQg"
  },
  {
    "approved": true,
    "category": "Indian",
    "contact": "9876543210",
    "enabled": true,
    "id": 7,
    "images": [
      "img1.jpg"
    ],
    "location": "Hyderabad",
    "name": "Food Hub sPpL0"
  },
  {
    "approved": true,
    "category": "Indian",
    "contact": "9876543210",
    "enabled": true,
    "id": 8,
    "images": [
      "img1.jpg"
    ],
    "location": "Hyderabad",
    "name": "Food Hub ISJaD"
  },
  {
    "approved": true,
    "category": "Indian",
    "contact": "9876543210",
    "enabled": true,
    "id": 9,
    "images": [
      "img1.jpg"
    ],
    "location": "Hyderabad",
    "name": "Food Hub gb9IF"
  },
  {
    "approved": true,
    "category": "Indian",
    "contact": "9876543210",
    "enabled": true,
    "id": 10,
    "images": [
      "img1.jpg"
    ],
    "location": "Hyderabad",
    "name": "Food Hub k2I53"
  }
]
 
 </msg>
<msg time="2026-02-16T16:54:25.329162" level="INFO">${response} = &lt;Response [201]&gt;</msg>
<var>${response}</var>
<arg>${SESSION}</arg>
<arg>/api/v1/restaurants</arg>
<arg>json=${body}</arg>
<doc>Sends a POST request on a previously created HTTP Session.</doc>
<status status="PASS" start="2026-02-16T16:54:25.325779" elapsed="0.003412"/>
</kw>
<kw name="Should Be Equal As Integers" owner="BuiltIn">
<msg time="2026-02-16T16:54:25.329967" level="INFO">Argument types are:
&lt;class 'int'&gt;
&lt;class 'str'&gt;</msg>
<arg>${response.status_code}</arg>
<arg>201</arg>
<doc>Fails if objects are unequal after converting them to integers.</doc>
<status status="PASS" start="2026-02-16T16:54:25.329335" elapsed="0.000698"/>
</kw>
<status status="PASS" start="2026-02-16T16:54:25.324069" elapsed="0.006089"/>
</kw>
<kw name="Create User" owner="user_keywords">
<kw name="Generate Random String" owner="String">
<msg time="2026-02-16T16:54:25.332463" level="INFO">${random} = B2iI0</msg>
<var>${random}</var>
<arg>5</arg>
<doc>Generates a string with a desired ``length`` from the given ``chars``.</doc>
<status status="PASS" start="2026-02-16T16:54:25.331964" elapsed="0.000561"/>
</kw>
<kw name="Set Variable" owner="BuiltIn">
<msg time="2026-02-16T16:54:25.334068" level="INFO">${email} = johnB2iI0@test.com</msg>
<var>${email}</var>
<arg>john${random}@test.com</arg>
<doc>Returns the given values which can then be assigned to a variables.</doc>
<status status="PASS" start="2026-02-16T16:54:25.332883" elapsed="0.001234"/>
</kw>
<kw name="Create Dictionary" owner="BuiltIn">
<msg time="2026-02-16T16:54:25.334901" level="INFO">${body} = {'name': 'John', 'email': 'johnB2iI0@test.com', 'password': '1234'}</msg>
<var>${body}</var>
<arg>name=John</arg>
<arg>email=${email}</arg>
<arg>password=1234</arg>
<doc>Creates and returns a dictionary based on the given ``items``.</doc>
<status status="PASS" start="2026-02-16T16:54:25.334278" elapsed="0.000850"/>
</kw>
<kw name="POST On Session" owner="RequestsLibrary">
<msg time="2026-02-16T16:54:25.338632" level="INFO">POST Request : url=http://127.0.0.1:5000/api/v1/user/register 
 path_url=/api/v1/user/register 
 headers={'User-Agent': 'python-requests/2.32.3', 'Accept-Encoding': 'gzip, deflate', 'Accept': '*/*', 'Connection': 'keep-alive', 'Content-Length': '67', 'Content-Type': 'application/json'} 
 body=b'{"name": "John", "email": "johnB2iI0@test.com", "password": "1234"}' 
 </msg>
<msg time="2026-02-16T16:54:25.338720" level="INFO">POST Response : url=http://127.0.0.1:5000/api/v1/user/register 
 status=201, reason=CREATED 
 headers={'Server': 'Werkzeug/3.1.3 Python/3.13.0', 'Date': 'Mon, 16 Feb 2026 11:24:25 GMT', 'Content-Type': 'application/json', 'Content-Length': '87', 'Connection': 'close'} 
 body={
  "email": "johnB2iI0@test.com",
  "id": 3,
  "name": "John",
  "password": "1234"
}
 
 </msg>
<msg time="2026-02-16T16:54:25.338843" level="INFO">${response} = &lt;Response [201]&gt;</msg>
<var>${response}</var>
<arg>${SESSION}</arg>
<arg>/api/v1/user/register</arg>
<arg>json=${body}</arg>
<doc>Sends a POST request on a previously created HTTP Session.</doc>
<status status="PASS" start="2026-02-16T16:54:25.335258" elapsed="0.003627"/>
</kw>
<kw name="Should Be Equal As Integers" owner="BuiltIn">
<msg time="2026-02-16T16:54:25.339605" level="INFO">Argument types are:
&lt;class 'int'&gt;
&lt;class 'str'&gt;</msg>
<arg>${response.status_code}</arg>
<arg>201</arg>
<doc>Fails if objects are unequal after converting them to integers.</doc>
<status status="PASS" start="2026-02-16T16:54:25.339041" elapsed="0.000627"/>
</kw>
<status status="PASS" start="2026-02-16T16:54:25.331071" elapsed="0.008708"/>
</kw>
<kw name="Create Order" owner="order_keywords">
<kw name="Create List" owner="BuiltIn">
<msg time="2026-02-16T16:54:25.341560" level="INFO">${dish_list} = ['1']</msg>
<var>${dish_list}</var>
<arg>1</arg>
<doc>Returns a list containing given items.</doc>
<status status="PASS" start="2026-02-16T16:54:25.341150" elapsed="0.000447"/>
</kw>
<kw name="Create Dictionary" owner="BuiltIn">
<msg time="2026-02-16T16:54:25.342206" level="INFO">${body} = {'user_id': '1', 'restaurant_id': '1', 'dishes': ['1']}</msg>
<var>${body}</var>
<arg>user_id=1</arg>
<arg>restaurant_id=1</arg>
<arg>dishes=${dish_list}</arg>
<doc>Creates and returns a dictionary based on the given ``items``.</doc>
<status status="PASS" start="2026-02-16T16:54:25.341748" elapsed="0.000492"/>
</kw>
<kw name="POST On Session" owner="RequestsLibrary">
<msg time="2026-02-16T16:54:25.346381" level="INFO">POST Request : url=http://127.0.0.1:5000/api/v1/orders 
 path_url=/api/v1/orders 
 headers={'User-Agent': 'python-requests/2.32.3', 'Accept-Encoding': 'gzip, deflate', 'Accept': '*/*', 'Connection': 'keep-alive', 'Content-Length': '55', 'Content-Type': 'application/json'} 
 body=b'{"user_id": "1", "restaurant_id": "1", "dishes": ["1"]}' 
 </msg>
<msg time="2026-02-16T16:54:25.346520" level="INFO">POST Response : url=http://127.0.0.1:5000/api/v1/orders 
 status=201, reason=CREATED 
 headers={'Server': 'Werkzeug/3.1.3 Python/3.13.0', 'Date': 'Mon, 16 Feb 2026 11:24:25 GMT', 'Content-Type': 'application/json', 'Content-Length': '105', 'Connection': 'close'} 
 body={
  "dishes": [
    "1"
  ],
  "id": 3,
  "restaurant_id": "1",
  "status": "Placed",
  "user_id": "1"
}
 
 </msg>
<msg time="2026-02-16T16:54:25.347152" level="INFO">${response} = &lt;Response [201]&gt;</msg>
<var>${response}</var>
<arg>${SESSION}</arg>
<arg>/api/v1/orders</arg>
<arg>json=${body}</arg>
<doc>Sends a POST request on a previously created HTTP Session.</doc>
<status status="PASS" start="2026-02-16T16:54:25.342399" elapsed="0.004819"/>
</kw>
<kw name="Should Be Equal As Integers" owner="BuiltIn">
<msg time="2026-02-16T16:54:25.350351" level="INFO">Argument types are:
&lt;class 'int'&gt;
&lt;class 'str'&gt;</msg>
<arg>${response.status_code}</arg>
<arg>201</arg>
<doc>Fails if objects are unequal after converting them to integers.</doc>
<status status="PASS" start="2026-02-16T16:54:25.347592" elapsed="0.003133"/>
</kw>
<status status="PASS" start="2026-02-16T16:54:25.340512" elapsed="0.010507"/>
</kw>
<kw name="GET On Session" owner="RequestsLibrary">
<msg time="2026-02-16T16:54:25.356918" level="INFO">GET Request : url=http://127.0.0.1:5000/api/v1/users/1/orders 
 path_url=/api/v1/users/1/orders 
 headers={'User-Agent': 'python-requests/2.32.3', 'Accept-Encoding': 'gzip, deflate', 'Accept': '*/*', 'Connection': 'keep-alive'} 
 body=None 
 </msg>
<msg time="2026-02-16T16:54:25.357001" level="INFO">GET Response : url=http://127.0.0.1:5000/api/v1/users/1/orders 
 status=200, reason=OK 
 headers={'Server': 'Werkzeug/3.1.3 Python/3.13.0', 'Date': 'Mon, 16 Feb 2026 11:24:25 GMT', 'Content-Type': 'application/json', 'Content-Length': '3', 'Connection': 'close'} 
 body=[]
 
 </msg>
<msg time="2026-02-16T16:54:25.357131" level="INFO">${response} = &lt;Response [200]&gt;</msg>
<var>${response}</var>
<arg>foodie</arg>
<arg>/api/v1/users/1/orders</arg>
<doc>Sends a GET request on a previously created HTTP Session.</doc>
<status status="PASS" start="2026-02-16T16:54:25.352428" elapsed="0.004744"/>
</kw>
[...]
 body=b'{"name": "Food Hub JlLrP", "category": "Indian", "location": "Hyderabad", "images": ["img1.jpg"], "contact": "9876543210"}' 
 </msg>
<msg time="2026-02-16T16:54:25.462659" level="INFO">POST Response : url=http://127.0.0.1:5000/api/v1/restaurants 
 status=201, reason=CREATED 
 headers={'Server': 'Werkzeug/3.1.3 Python/3.13.0', 'Date': 'Mon, 16 Feb 2026 11:24:25 GMT', 'Content-Type': 'application/json', 'Content-Length': '2842', 'Connection': 'close'} 
 body=[
  {
    "approved": true,
    "category": "Indian",
    "contact": "9876543210",
    "enabled": false,
    "id": 1,
    "images": [
      "img1.jpg"
    ],
    "location": "Hyderabad",
    "name": "Food Hub MQOjH"
  },
  {
    "approved": true,
    "category": "Indian",
    "contact": "9876543210",
    "enabled": true,
    "id": 2,
    "images": [
      "img1.jpg"
    ],
    "location": "Hyderabad",
    "name": "Food Hub WNU0Z"
  },
  {
    "approved": true,
    "category": "Indian",
    "contact": "9876543210",
    "enabled": true,
    "id": 3,
    "images": [
      "img1.jpg"
    ],
    "location": "Hyderabad",
    "name": "Food Hub urjPA"
  },
  {
    "approved": true,
    "category": "Indian",
    "contact": "9876543210",
    "enabled": true,
    "id": 4,
    "images": [
      "img1.jpg"
    ],
    "location": "Hyderabad",
    "name": "Food Hub lYlUZ"
  },
  {
    "approved": true,
    "category": "Indian",
    "contact": "9876543210",
    "enabled": true,
    "id": 5,
    "images": [
      "img1.jpg"
    ],
    "location": "Hyderabad",
    "name": "Food Hub txW1w"
  },
  {
    "approved": true,
    "category": "Indian",
    "contact": "9876543210",
    "enabled": true,
    "id": 6,
    "images": [
      "img1.jpg"
    ],
    "location": "Hyderabad",
    "name": "Food Hub D8zQg"
  },
  {
    "approved": true,
    "category": "Indian",
    "contact": "9876543210",
    "enabled": true,
    "id": 7,
    "images": [
      "img1.jpg"
    ],
    "location": "Hyderabad",
    "name": "Food Hub sPpL0"
  },
  {
    "approved": true,
    "category": "Indian",
    "contact": "9876543210",
    "enabled": true,
    "id": 8,
    "images": [
      "img1.jpg"
    ],
    "location": "Hyderabad",
    "name": "Food Hub ISJaD"
  },
  {
    "approved": true,
    "category": "Indian",
    "contact": "9876543210",
    "enabled": true,
    "id": 9,
    "images": [
      "img1.jpg"
    ],
    "location": "Hyderabad",
    "name": "Food Hub gb9IF"
  },
  {
    "approved": true,
    "category": "Indian",
    "contact": "9876543210",
    "enabled": true,
    "id": 10,
    "images": [
      "img1.jpg"
    ],
    "location": "Hyderabad",
    "name": "Food Hub k2I53"
  },
  {
    "approved": true,
    "category": "Indian",
    "contact": "9876543210",
    "enabled": true,
    "id": 11,
    "images": [
      "img1.jpg"
    ],
    "location": "Hyderabad",
    "name": "Food Hub 6MLiF"
  },
  {
    "approved": true,
    "category": "Indian",
    "contact": "9876543210",
    "enabled": true,
    "id": 12,
    "images": [
      "img1.jpg"
    ],
    "location": "Hyderabad",
    "name": "Food Hub 6hErk"
  },
  {
    "approved": true,
    "category": "Indian",
    "contact": "9876543210",
    "enabled": true,
    "id": 13,
    "images": [
      "img1.jpg"
    ],
    "location": "Hyderabad",
    "name": "Food Hub JlLrP"
  }
]
 
 </msg>
<msg time="2026-02-16T16:54:25.462825" level="INFO">${response} = &lt;Response [201]&gt;</msg>
<var>${response}</var>
<arg>${SESSION}</arg>
<arg>/api/v1/restaurants</arg>
<arg>json=${body}</arg>
<doc>Sends a POST request on a previously created HTTP Session.</doc>
<status status="PASS" start="2026-02-16T16:54:25.458837" elapsed="0.004021"/>
</kw>
<kw name="Should Be Equal As Integers" owner="BuiltIn">
<msg time="2026-02-16T16:54:25.464784" level="INFO">Argument types are:
&lt;class 'int'&gt;
&lt;class 'str'&gt;</msg>
<arg>${response.status_code}</arg>
<arg>201</arg>
<doc>Fails if objects are unequal after converting them to integers.</doc>
<status status="PASS" start="2026-02-16T16:54:25.463029" elapsed="0.002038"/>
</kw>
<status status="PASS" start="2026-02-16T16:54:25.456422" elapsed="0.009072"/>
</kw>
<kw name="GET On Session" owner="RequestsLibrary">
<msg time="2026-02-16T16:54:25.473337" level="INFO">GET Request : url=http://127.0.0.1:5000/api/v1/restaurants/1 
 path_url=/api/v1/restaurants/1 
 headers={'User-Agent': 'python-requests/2.32.3', 'Accept-Encoding': 'gzip, deflate', 'Accept': '*/*', 'Connection': 'keep-alive'} 
 body=None 
 </msg>
<msg time="2026-02-16T16:54:25.473422" level="INFO">GET Response : url=http://127.0.0.1:5000/api/v1/restaurants/1 
 status=200, reason=OK 
 headers={'Server': 'Werkzeug/3.1.3 Python/3.13.0', 'Date': 'Mon, 16 Feb 2026 11:24:25 GMT', 'Content-Type': 'application/json', 'Content-Length': '194', 'Connection': 'close'} 
 body={
  "approved": true,
  "category": "Indian",
  "contact": "9876543210",
  "enabled": false,
  "id": 1,
  "images": [
    "img1.jpg"
  ],
  "location": "Hyderabad",
  "name": "Food Hub MQOjH"
}
 
 </msg>
<msg time="2026-02-16T16:54:25.473563" level="INFO">${response} = &lt;Response [200]&gt;</msg>
<var>${response}</var>
<arg>foodie</arg>
<arg>/api/v1/restaurants/1</arg>
<doc>Sends a GET request on a previously created HTTP Session.</doc>
<status status="PASS" start="2026-02-16T16:54:25.467032" elapsed="0.006564"/>
</kw>
<kw name="Should Be Equal As Integers" owner="BuiltIn">
<msg time="2026-02-16T16:54:25.474725" level="INFO">Argument types are:
&lt;class 'int'&gt;
&lt;class 'str'&gt;</msg>
<arg>${response.status_code}</arg>
<arg>200</arg>
<doc>Fails if objects are unequal after converting them to integers.</doc>
<status status="PASS" start="2026-02-16T16:54:25.474017" elapsed="0.000783"/>
</kw>
<status status="PASS" start="2026-02-16T16:54:25.455567" elapsed="0.019877"/>
</test>
<test id="s1-s5-t3" name="Search Restaurant" line="12">
<kw name="Create Dictionary" owner="BuiltIn">
<msg time="2026-02-16T16:54:25.476985" level="INFO">${params} = {'location': 'Hyderabad'}</msg>
<var>${params}</var>
<arg>location=Hyderabad</arg>
<doc>Creates and returns a dictionary based on the given ``items``.</doc>
<status status="PASS" start="2026-02-16T16:54:25.476597" elapsed="0.000424"/>
</kw>
<kw name="GET On Session" owner="RequestsLibrary">
<msg time="2026-02-16T16:54:25.483811" level="INFO">GET Request : url=http://127.0.0.1:5000/api/v1/restaurants/search?location=Hyderabad 
 path_url=/api/v1/restaurants/search?location=Hyderabad 
 headers={'User-Agent': 'python-requests/2.32.3', 'Accept-Encoding': 'gzip, deflate', 'Accept': '*/*', 'Connection': 'keep-alive'} 
 body=None 
 </msg>
<msg time="2026-02-16T16:54:25.484094" level="INFO">GET Response : url=http://127.0.0.1:5000/api/v1/restaurants/search?location=Hyderabad 
 status=200, reason=OK 
 headers={'Server': 'Werkzeug/3.1.3 Python/3.13.0', 'Date': 'Mon, 16 Feb 2026 11:24:25 GMT', 'Content-Type': 'application/json', 'Content-Length': '2842', 'Connection': 'close'} 
 body=[
  {
    "approved": true,
    "category": "Indian",
    "contact": "9876543210",
    "enabled": false,
    "id": 1,
    "images": [
      "img1.jpg"
    ],
    "location": "Hyderabad",
    "name": "Food Hub MQOjH"
  },
  {
    "approved": true,
    "category": "Indian",
    "contact": "9876543210",
    "enabled": true,
    "id": 2,
    "images": [
      "img1.jpg"
    ],
    "location": "Hyderabad",
    "name": "Food Hub WNU0Z"
  },
  {
    "approved": true,
    "category": "Indian",
    "contact": "9876543210",
    "enabled": true,
    "id": 3,
    "images": [
      "img1.jpg"
    ],
    "location": "Hyderabad",
    "name": "Food Hub urjPA"
  },
  {
    "approved": true,
    "category": "Indian",
    "contact": "9876543210",
    "enabled": true,
    "id": 4,
    "images": [
      "img1.jpg"
    ],
    "location": "Hyderabad",
    "name": "Food Hub lYlUZ"
  },
  {
    "approved": true,
    "category": "Indian",
    "contact": "9876543210",
    "enabled": true,
    "id": 5,
    "images": [
      "img1.jpg"
    ],
    "location": "Hyderabad",
    "name": "Food Hub txW1w"
  },
  {
    "approved": true,
    "category": "Indian",
    "contact": "9876543210",
    "enabled": true,
    "id": 6,
    "images": [
      "img1.jpg"
    ],
    "location": "Hyderabad",
    "name": "Food Hub D8zQg"
  },
  {
    "approved": true,
    "category": "Indian",
    "contact": "9876543210",
    "enabled": true,
    "id": 7,
    "images": [
      "img1.jpg"
    ],
    "location": "Hyderabad",
    "name": "Food Hub sPpL0"
  },
  {
    "approved": true,
    "category": "Indian",
    "contact": "9876543210",
    "enabled": true,
    "id": 8,
    "images": [
      "img1.jpg"
    ],
    "location": "Hyderabad",
    "name": "Food Hub ISJaD"
  },
  {
    "approved": true,
    "category": "Indian",
    "contact": "9876543210",
    "enabled": true,
    "id": 9,
    "images": [
      "img1.jpg"
    ],
    "location": "Hyderabad",
    "name": "Food Hub gb9IF"
  },
  {
    "approved": true,
    "category": "Indian",
    "contact": "9876543210",
    "enabled": true,
    "id": 10,
    "images": [
      "img1.jpg"
    ],
    "location": "Hyderabad",
    "name": "Food Hub k2I53"
  },
  {
    "approved": true,
    "category": "Indian",
    "contact": "9876543210",
    "enabled": true,
    "id": 11,
    "images": [
      "img1.jpg"
    ],
    "location": "Hyderabad",
    "name": "Food Hub 6MLiF"
  },
  {
    "approved": true,
    "category": "Indian",
    "contact": "9876543210",
    "enabled": true,
    "id": 12,
    "images": [
      "img1.jpg"
    ],
    "location": "Hyderabad",
    "name": "Food Hub 6hErk"
  },
  {
    "approved": true,
    "category": "Indian",
    "contact": "9876543210",
    "enabled": true,
    "id": 13,
    "images": [
      "img1.jpg"
    ],
    "location": "Hyderabad",
    "name": "Food Hub JlLrP"
  }
]
 
 </msg>
<msg time="2026-02-16T16:54:25.484440" level="INFO">${response} = &lt;Response [200]&gt;</msg>
<var>${response}</var>
<arg>${SESSION}</arg>
<arg>/api/v1/restaurants/search</arg>
<arg>params=${params}</arg>
<doc>Sends a GET request on a previously created HTTP Session.</doc>
<status status="PASS" start="2026-02-16T16:54:25.477602" elapsed="0.006872"/>
</kw>
<kw name="Should Be Equal As Integers" owner="BuiltIn">
<msg time="2026-02-16T16:54:25.486772" level="INFO">Argument types are:
&lt;class 'int'&gt;
&lt;class 'str'&gt;</msg>
<arg>${response.status_code}</arg>
<arg>200</arg>
<doc>Fails if objects are unequal after converting them to integers.</doc>
<status status="PASS" start="2026-02-16T16:54:25.485620" elapsed="0.001228"/>
</kw>
<status status="PASS" start="2026-02-16T16:54:25.476135" elapsed="0.010978"/>
</test>
<status status="PASS" start="2026-02-16T16:54:25.424710" elapsed="0.063065"/>
</suite>
<suite id="s1-s6" name="User Tests" source="C:\Users\Neeraja\Desktop\Wipro_Practice\CaseStudy_4\robot\tests\user_tests.robot">
<kw name="Create API Session" owner="common" type="SETUP">
<kw name="Create Session" owner="RequestsLibrary">
<msg time="2026-02-16T16:54:25.492747" level="INFO">Creating Session using : alias=foodie, url=http://127.0.0.1:5000, headers={},                     cookies={}, auth=None, timeout=None, proxies=None, verify=False,                     debug=0 </msg>
<arg>${SESSION}</arg>
<arg>${BASE_URL}</arg>
<doc>Create Session: create a HTTP session to a server</doc>
<status status="PASS" start="2026-02-16T16:54:25.492560" elapsed="0.000370"/>
</kw>
<status status="PASS" start="2026-02-16T16:54:25.492354" elapsed="0.000650"/>
</kw>
<test id="s1-s6-t1" name="User Registration" line="6">
<kw name="Create User" owner="user_keywords">
<kw name="Generate Random String" owner="String">
<msg time="2026-02-16T16:54:25.493947" level="INFO">${random} = hcjpq</msg>
<var>${random}</var>
<arg>5</arg>
<doc>Generates a string with a desired ``length`` from the given ``chars``.</doc>
<status status="PASS" start="2026-02-16T16:54:25.493755" elapsed="0.000224"/>
</kw>
<kw name="Set Variable" owner="BuiltIn">
<msg time="2026-02-16T16:54:25.494432" level="INFO">${email} = johnhcjpq@test.com</msg>
<var>${email}</var>
<arg>john${random}@test.com</arg>
<doc>Returns the given values which can then be assigned to a variables.</doc>
<status status="PASS" start="2026-02-16T16:54:25.494096" elapsed="0.000393"/>
</kw>
<kw name="Create Dictionary" owner="BuiltIn">
<msg time="2026-02-16T16:54:25.495141" level="INFO">${body} = {'name': 'John', 'email': 'johnhcjpq@test.com', 'password': '1234'}</msg>
<var>${body}</var>
<arg>name=John</arg>
<arg>email=${email}</arg>
<arg>password=1234</arg>
<doc>Creates and returns a dictionary based on the given ``items``.</doc>
<status status="PASS" start="2026-02-16T16:54:25.494726" elapsed="0.000449"/>
</kw>
<kw name="POST On Session" owner="RequestsLibrary">
<msg time="2026-02-16T16:54:25.498961" level="INFO">POST Request : url=http://127.0.0.1:5000/api/v1/user/register 
 path_url=/api/v1/user/register 
 headers={'User-Agent': 'python-requests/2.32.3', 'Accept-Encoding': 'gzip, deflate', 'Accept': '*/*', 'Connection': 'keep-alive', 'Content-Length': '67', 'Content-Type': 'application/json'} 
 body=b'{"name": "John", "email": "johnhcjpq@test.com", "password": "1234"}' 
 </msg>
<msg time="2026-02-16T16:54:25.499044" level="INFO">POST Response : url=http://127.0.0.1:5000/api/v1/user/register 
 status=201, reason=CREATED 
 headers={'Server': 'Werkzeug/3.1.3 Python/3.13.0', 'Date': 'Mon, 16 Feb 2026 11:24:25 GMT', 'Content-Type': 'application/json', 'Content-Length': '87', 'Connection': 'close'} 
 body={
  "email": "johnhcjpq@test.com",
  "id": 5,
  "name": "John",
  "password": "1234"
}
 
 </msg>
<msg time="2026-02-16T16:54:25.499257" level="INFO">${response} = &lt;Response [201]&gt;</msg>
<var>${response}</var>
<arg>${SESSION}</arg>
<arg>/api/v1/user/register</arg>
<arg>json=${body}</arg>
<doc>Sends a POST request on a previously created HTTP Session.</doc>
<status status="PASS" start="2026-02-16T16:54:25.495296" elapsed="0.004007"/>
</kw>
<kw name="Should Be Equal As Integers" owner="BuiltIn">
<msg time="2026-02-16T16:54:25.502186" level="INFO">Argument types are:
&lt;class 'int'&gt;
&lt;class 'str'&gt;</msg>
<arg>${response.status_code}</arg>
<arg>201</arg>
<doc>Fails if objects are unequal after converting them to integers.</doc>
<status status="PASS" start="2026-02-16T16:54:25.499766" elapsed="0.002582"/>
</kw>
<status status="PASS" start="2026-02-16T16:54:25.493498" elapsed="0.008971"/>
</kw>
<status status="PASS" start="2026-02-16T16:54:25.493058" elapsed="0.009702"/>
</test>
<test id="s1-s6-t2" name="Duplicate User Registration" line="8">
<kw name="Generate Random String" owner="String">
<msg time="2026-02-16T16:54:25.503945" level="INFO">${random} = KeNeD</msg>
<var>${random}</var>
<arg>5</arg>
<doc>Generates a string with a desired ``length`` from the given ``chars``.</doc>
<status status="PASS" start="2026-02-16T16:54:25.503726" elapsed="0.000252"/>
</kw>
<kw name="Set Variable" owner="BuiltIn">
<msg time="2026-02-16T16:54:25.504537" level="INFO">${email} = johnKeNeD@test.com</msg>
<var>${email}</var>
<arg>john${random}@test.com</arg>
<doc>Returns the given values which can then be assigned to a variables.</doc>
<status status="PASS" start="2026-02-16T16:54:25.504204" elapsed="0.000365"/>
</kw>
<kw name="Create Dictionary" owner="BuiltIn">
<msg time="2026-02-16T16:54:25.505178" level="INFO">${body} = {'name': 'John', 'email': 'johnKeNeD@test.com', 'password': '1234'}</msg>
<var>${body}</var>
<arg>name=John</arg>
<arg>email=${email}</arg>
<arg>password=1234</arg>
<doc>Creates and returns a dictionary based on the given ``items``.</doc>
<status status="PASS" start="2026-02-16T16:54:25.504789" elapsed="0.000422"/>
</kw>
<kw name="POST On Session" owner="RequestsLibrary">
<msg time="2026-02-16T16:54:25.508373" level="INFO">POST Request : url=http://127.0.0.1:5000/api/v1/user/register 
 path_url=/api/v1/user/register 
 headers={'User-Agent': 'python-requests/2.32.3', 'Accept-Encoding': 'gzip, deflate', 'Accept': '*/*', 'Connection': 'keep-alive', 'Content-Length': '67', 'Content-Type': 'application/json'} 
 body=b'{"name": "John", "email": "johnKeNeD@test.com", "password": "1234"}' 
 </msg>
<msg time="2026-02-16T16:54:25.508443" level="INFO">POST Response : url=http://127.0.0.1:5000/api/v1/user/register 
 status=201, reason=CREATED 
 headers={'Server': 'Werkzeug/3.1.3 Python/3.13.0', 'Date': 'Mon, 16 Feb 2026 11:24:25 GMT', 'Content-Type': 'application/json', 'Content-Length': '87', 'Connection': 'close'} 
 body={
  "email": "johnKeNeD@test.com",
  "id": 6,
  "name": "John",
  "password": "1234"
}
 
 </msg>
<msg time="2026-02-16T16:54:25.508560" level="INFO">${response1} = &lt;Response [201]&gt;</msg>
<var>${response1}</var>
<arg>foodie</arg>
<arg>/api/v1/user/register</arg>
<arg>json=${body}</arg>
<doc>Sends a POST request on a previously created HTTP Session.</doc>
<status status="PASS" start="2026-02-16T16:54:25.505431" elapsed="0.003160"/>
</kw>
<kw name="Should Be Equal As Integers" owner="BuiltIn">
<msg time="2026-02-16T16:54:25.509581" level="INFO">Argument types are:
&lt;class 'int'&gt;
&lt;class 'str'&gt;</msg>
<arg>${response1.status_code}</arg>
<arg>201</arg>
<doc>Fails if objects are unequal after converting them to integers.</doc>
<status status="PASS" start="2026-02-16T16:54:25.508882" elapsed="0.000792"/>
</kw>
<kw name="POST On Session" owner="RequestsLibrary">
<msg time="2026-02-16T16:54:25.513969" level="INFO">POST Request : url=http://127.0.0.1:5000/api/v1/user/register 
 path_url=/api/v1/user/register 
 headers={'User-Agent': 'python-requests/2.32.3', 'Accept-Encoding': 'gzip, deflate', 'Accept': '*/*', 'Connection': 'keep-alive', 'Content-Length': '67', 'Content-Type': 'application/json'} 
 body=b'{"name": "John", "email": "johnKeNeD@test.com", "password": "1234"}' 
 </msg>
<msg time="2026-02-16T16:54:25.514055" level="INFO">POST Response : url=http://127.0.0.1:5000/api/v1/user/register 
 status=409, reason=CONFLICT 
 headers={'Server': 'Werkzeug/3.1.3 Python/3.13.0', 'Date': 'Mon, 16 Feb 2026 11:24:25 GMT', 'Content-Type': 'application/json', 'Content-Length': '42', 'Connection': 'close'} 
 body={
  "error": "Email already registered"
}
 
 </msg>
<msg time="2026-02-16T16:54:25.514196" level="INFO">${response2} = &lt;Response [409]&gt;</msg>
<var>${response2}</var>
<arg>foodie</arg>
<arg>/api/v1/user/register</arg>
<arg>json=${body}</arg>
<arg>expected_status=409</arg>
<doc>Sends a POST request on a previously created HTTP Session.</doc>
<status status="PASS" start="2026-02-16T16:54:25.510058" elapsed="0.004168"/>
</kw>
<kw name="Should Be Equal As Integers" owner="BuiltIn">
<msg time="2026-02-16T16:54:25.516310" level="INFO">Argument types are:
&lt;class 'int'&gt;
&lt;class 'str'&gt;</msg>
<arg>${response2.status_code}</arg>
<arg>409</arg>
<doc>Fails if objects are unequal after converting them to integers.</doc>
<status status="PASS" start="2026-02-16T16:54:25.514872" elapsed="0.001567"/>
</kw>
<status status="PASS" start="2026-02-16T16:54:25.503286" elapsed="0.013641"/>
</test>
<status status="PASS" start="2026-02-16T16:54:25.488483" elapsed="0.029021"/>
</suite>
<status status="PASS" start="2026-02-16T16:54:24.465060" elapsed="1.053405"/>
</suite>
<statistics>
<total>
<stat pass="16" fail="0" skip="0">All Tests</stat>
</total>
<tag>
</tag>
<suite>
<stat name="Tests" id="s1" pass="16" fail="0" skip="0">Tests</stat>
<stat name="Admin Tests" id="s1-s1" pass="4" fail="0" skip="0">Tests.Admin Tests</stat>
<stat name="Dish Tests" id="s1-s2" pass="3" fail="0" skip="0">Tests.Dish Tests</stat>
<stat name="Order Tests" id="s1-s3" pass="3" fail="0" skip="0">Tests.Order Tests</stat>
<stat name="Ratings Tests" id="s1-s4" pass="1" fail="0" skip="0">Tests.Ratings Tests</stat>
<stat name="Restaurant Tests" id="s1-s5" pass="3" fail="0" skip="0">Tests.Restaurant Tests</stat>
<stat name="User Tests" id="s1-s6" pass="2" fail="0" skip="0">Tests.User Tests</stat>
</suite>
</statistics>
<errors>
</errors>
</robot>
