<?xml version="1.0" encoding="UTF-8"?>
<robot generator="Robot 7.4.1 (Python 3.13.0 on win32)" generated="2026-01-30T18:20:40.114638" rpa="false" schemaversion="5">
<suite id="s1" name="TC007" source="C:\Users\Neeraja\Desktop\Wipro_Practice\Day13\TC007.robot">
<kw name="Open OrangeHRM" type="SETUP">
<kw name="Open Browser" owner="SeleniumLibrary">
<msg time="2026-01-30T18:20:40.391798" level="INFO">Opening browser 'chrome' to base url 'https://opensource-demo.orangehrmlive.com/web/index.php/auth/login'.</msg>
<arg>${URL}</arg>
<arg>${BROWSER}</arg>
<doc>Opens a new browser instance to the optional ``url``.</doc>
<status status="PASS" start="2026-01-30T18:20:40.391576" elapsed="50.133181"/>
</kw>
<kw name="Maximize Browser Window" owner="SeleniumLibrary">
<doc>Maximizes current browser window.</doc>
<status status="PASS" start="2026-01-30T18:21:30.525288" elapsed="0.046933"/>
</kw>
<status status="PASS" start="2026-01-30T18:20:40.390996" elapsed="50.181412"/>
</kw>
<test id="s1-t1" name="Login with user from Excel" line="37">
<kw name="OrangeHRM Login With Excel">
<kw name="Wait Until Element Is Visible" owner="SeleniumLibrary">
<msg time="2026-01-30T18:21:45.782330" level="INFO" html="true">&lt;/td&gt;&lt;/tr&gt;&lt;tr&gt;&lt;td colspan="3"&gt;&lt;a href="selenium-screenshot-2.png"&gt;&lt;img src="selenium-screenshot-2.png" width="800px"&gt;&lt;/a&gt;</msg>
<msg time="2026-01-30T18:21:45.782491" level="FAIL">Element 'name=username' not visible after 15 seconds.</msg>
<arg>name=username</arg>
<arg>15s</arg>
<doc>Waits until the element ``locator`` is visible.</doc>
<status status="FAIL" start="2026-01-30T18:21:30.578382" elapsed="15.222574">Element 'name=username' not visible after 15 seconds.</status>
</kw>
<kw name="Input Text" owner="SeleniumLibrary">
<arg>name=username</arg>
<arg>${username}</arg>
<doc>Types the given ``text`` into the text field identified by ``locator``.</doc>
<status status="NOT RUN" start="2026-01-30T18:21:45.801139" elapsed="0.000037"/>
</kw>
<kw name="Input Text" owner="SeleniumLibrary">
<arg>name=password</arg>
<arg>${password}</arg>
<doc>Types the given ``text`` into the text field identified by ``locator``.</doc>
<status status="NOT RUN" start="2026-01-30T18:21:45.801270" elapsed="0.000026"/>
</kw>
<kw name="Click Button" owner="SeleniumLibrary">
<arg>xpath=//button[@type='submit']</arg>
<doc>Clicks the button identified by ``locator``.</doc>
<status status="NOT RUN" start="2026-01-30T18:21:45.801379" elapsed="0.000024"/>
</kw>
<kw name="Wait Until Element Is Visible" owner="SeleniumLibrary">
<arg>xpath=//span[@class='oxd-userdropdown-tab']</arg>
<arg>15s</arg>
<doc>Waits until the element ``locator`` is visible.</doc>
<status status="NOT RUN" start="2026-01-30T18:21:45.801500" elapsed="0.000024"/>
</kw>
<kw name="Capture Page Screenshot" owner="SeleniumLibrary">
<doc>Takes a screenshot of the current page and embeds it into a log file.</doc>
<status status="NOT RUN" start="2026-01-30T18:21:45.801611" elapsed="0.000024"/>
</kw>
<kw name="Logout From OrangeHRM">
<status status="NOT RUN" start="2026-01-30T18:21:45.801768" elapsed="0.000028"/>
</kw>
<arg>Log</arg>
<arg>Executed via DataDriver</arg>
<status status="FAIL" start="2026-01-30T18:21:30.576996" elapsed="15.224922">Element 'name=username' not visible after 15 seconds.</status>
</kw>
<status status="FAIL" start="2026-01-30T18:21:30.572505" elapsed="15.229829">Element 'name=username' not visible after 15 seconds.</status>
</test>
<kw name="Close OrangeHRM" type="TEARDOWN">
<kw name="Close Browser" owner="SeleniumLibrary">
<doc>Closes the current browser.</doc>
<status status="PASS" start="2026-01-30T18:21:45.803893" elapsed="2.251892"/>
</kw>
<status status="PASS" start="2026-01-30T18:21:45.803671" elapsed="2.252461"/>
</kw>
<status status="FAIL" start="2026-01-30T18:20:40.116415" elapsed="67.939883"/>
</suite>
<statistics>
<total>
<stat pass="0" fail="1" skip="0">All Tests</stat>
</total>
<tag>
</tag>
<suite>
<stat name="TC007" id="s1" pass="0" fail="1" skip="0">TC007</stat>
</suite>
</statistics>
<errors>
<msg time="2026-01-30T18:20:40.387109" level="ERROR">[ DataDriver ] Error in robot file:
  File "C:\Users\Neeraja\Desktop\Wipro_Practice\Day13\TC007.robot", line 0</msg>
<msg time="2026-01-30T18:20:40.387443" level="ERROR">In source file:
  File "testdata.xlsx", line 0</msg>
<msg time="2026-01-30T18:20:40.390383" level="ERROR">Calling method '_start_suite' of listener 'DataDriver' failed: FileNotFoundError: File attribute was not a full path. Tried to find C:\Users\Neeraja\Desktop\Wipro_Practice\Day13\testdata.xlsx but file does not exist.</msg>
</errors>
</robot>
