<?xml version="1.0" encoding="UTF-8"?>
<robot generator="Robot 7.4.1 (Python 3.13.0 on win32)" generated="2026-02-12T06:46:02.288805" rpa="false" schemaversion="5">
<suite id="s1" name="Restaurant" source="C:\Users\Neeraja\Desktop\Wipro_Practice\CaseStudy_4\robot\restaurant.robot">
<kw name="Create API Session" owner="keywords" type="SETUP">
<kw name="Create Session" owner="RequestsLibrary">
<msg time="2026-02-12T06:46:02.813487" level="INFO">Creating Session using : alias=foodie, url=http://127.0.0.1:5000, headers={},                     cookies={}, auth=None, timeout=None, proxies=None, verify=False,                     debug=0 </msg>
<arg>foodie</arg>
<arg>${BASE_URL}</arg>
<doc>Create Session: create a HTTP session to a server</doc>
<status status="PASS" start="2026-02-12T06:46:02.813331" elapsed="0.000327"/>
</kw>
<status status="PASS" start="2026-02-12T06:46:02.812561" elapsed="0.001173"/>
</kw>
<test id="s1-t1" name="Add Restaurant Positive" line="8">
<kw name="Create Restaurant" owner="keywords">
<kw name="Generate Random String" owner="String">
<msg time="2026-02-12T06:46:02.814934" level="INFO">${random} = qS65x</msg>
<var>${random}</var>
<arg>5</arg>
<doc>Generates a string with a desired ``length`` from the given ``chars``.</doc>
<status status="PASS" start="2026-02-12T06:46:02.814509" elapsed="0.000450"/>
</kw>
<kw name="Create List" owner="BuiltIn">
<msg time="2026-02-12T06:46:02.815308" level="INFO">${images} = ['img1.jpg']</msg>
<var>${images}</var>
<arg>img1.jpg</arg>
<doc>Returns a list containing given items.</doc>
<status status="PASS" start="2026-02-12T06:46:02.815040" elapsed="0.000291"/>
</kw>
<kw name="Create Dictionary" owner="BuiltIn">
<msg time="2026-02-12T06:46:02.815875" level="INFO">${body} = {'name': 'Food Hub qS65x', 'category': 'Indian', 'location': 'Hyderabad', 'images': ['img1.jpg'], 'contact': '9876543210'}</msg>
<var>${body}</var>
<arg>name=Food Hub ${random}</arg>
<arg>category=Indian</arg>
<arg>location=Hyderabad</arg>
<arg>images=${images}</arg>
<arg>contact=9876543210</arg>
<doc>Creates and returns a dictionary based on the given ``items``.</doc>
<status status="PASS" start="2026-02-12T06:46:02.815426" elapsed="0.000473"/>
</kw>
<kw name="POST On Session" owner="RequestsLibrary">
<msg time="2026-02-12T06:46:02.821189" level="INFO">POST Request : url=http://127.0.0.1:5000/api/v1/restaurants 
 path_url=/api/v1/restaurants 
 headers={'User-Agent': 'python-requests/2.32.3', 'Accept-Encoding': 'gzip, deflate', 'Accept': '*/*', 'Connection': 'keep-alive', 'Content-Length': '122', 'Content-Type': 'application/json'} 
 body=b'{"name": "Food Hub qS65x", "category": "Indian", "location": "Hyderabad", "images": ["img1.jpg"], "contact": "9876543210"}' 
 </msg>
<msg time="2026-02-12T06:46:02.821592" level="INFO">POST Response : url=http://127.0.0.1:5000/api/v1/restaurants 
 status=201, reason=CREATED 
 headers={'Server': 'Werkzeug/3.1.3 Python/3.13.0', 'Date': 'Thu, 12 Feb 2026 01:16:02 GMT', 'Content-Type': 'application/json', 'Content-Length': '221', 'Connection': 'close'} 
 body=[
  {
    "approved": true,
    "category": "Indian",
    "contact": "9876543210",
    "enabled": true,
    "id": 1,
    "images": [
      "img1.jpg"
    ],
    "location": "Hyderabad",
    "name": "Food Hub qS65x"
  }
]
 
 </msg>
<msg time="2026-02-12T06:46:02.821703" level="INFO">${response} = &lt;Response [201]&gt;</msg>
<var>${response}</var>
<arg>foodie</arg>
<arg>/api/v1/restaurants</arg>
<arg>json=${body}</arg>
<doc>Sends a POST request on a previously created HTTP Session.</doc>
<status status="PASS" start="2026-02-12T06:46:02.815992" elapsed="0.005735"/>
</kw>
<kw name="Should Be Equal As Integers" owner="BuiltIn">
<msg time="2026-02-12T06:46:02.822773" level="INFO">Argument types are:
&lt;class 'int'&gt;
&lt;class 'str'&gt;</msg>
<arg>${response.status_code}</arg>
<arg>201</arg>
<doc>Fails if objects are unequal after converting them to integers.</doc>
<status status="PASS" start="2026-02-12T06:46:02.821840" elapsed="0.000997"/>
</kw>
<status status="PASS" start="2026-02-12T06:46:02.814313" elapsed="0.008591"/>
</kw>
<status status="PASS" start="2026-02-12T06:46:02.813788" elapsed="0.009403"/>
</test>
<test id="s1-t2" name="Get Restaurant" line="10">
<kw name="Create Restaurant" owner="keywords">
<kw name="Generate Random String" owner="String">
<msg time="2026-02-12T06:46:02.824658" level="INFO">${random} = hfH3U</msg>
<var>${random}</var>
<arg>5</arg>
<doc>Generates a string with a desired ``length`` from the given ``chars``.</doc>
<status status="PASS" start="2026-02-12T06:46:02.824519" elapsed="0.000162"/>
</kw>
<kw name="Create List" owner="BuiltIn">
<msg time="2026-02-12T06:46:02.824958" level="INFO">${images} = ['img1.jpg']</msg>
<var>${images}</var>
<arg>img1.jpg</arg>
<doc>Returns a list containing given items.</doc>
<status status="PASS" start="2026-02-12T06:46:02.824760" elapsed="0.000219"/>
</kw>
<kw name="Create Dictionary" owner="BuiltIn">
<msg time="2026-02-12T06:46:02.825395" level="INFO">${body} = {'name': 'Food Hub hfH3U', 'category': 'Indian', 'location': 'Hyderabad', 'images': ['img1.jpg'], 'contact': '9876543210'}</msg>
<var>${body}</var>
<arg>name=Food Hub ${random}</arg>
<arg>category=Indian</arg>
<arg>location=Hyderabad</arg>
<arg>images=${images}</arg>
<arg>contact=9876543210</arg>
<doc>Creates and returns a dictionary based on the given ``items``.</doc>
<status status="PASS" start="2026-02-12T06:46:02.825067" elapsed="0.000351"/>
</kw>
<kw name="POST On Session" owner="RequestsLibrary">
<msg time="2026-02-12T06:46:02.828005" level="INFO">POST Request : url=http://127.0.0.1:5000/api/v1/restaurants 
 path_url=/api/v1/restaurants 
 headers={'User-Agent': 'python-requests/2.32.3', 'Accept-Encoding': 'gzip, deflate', 'Accept': '*/*', 'Connection': 'keep-alive', 'Content-Length': '122', 'Content-Type': 'application/json'} 
 body=b'{"name": "Food Hub hfH3U", "category": "Indian", "location": "Hyderabad", "images": ["img1.jpg"], "contact": "9876543210"}' 
 </msg>
<msg time="2026-02-12T06:46:02.828061" level="INFO">POST Response : url=http://127.0.0.1:5000/api/v1/restaurants 
 status=201, reason=CREATED 
 headers={'Server': 'Werkzeug/3.1.3 Python/3.13.0', 'Date': 'Thu, 12 Feb 2026 01:16:02 GMT', 'Content-Type': 'application/json', 'Content-Length': '439', 'Connection': 'close'} 
 body=[
  {
    "approved": true,
    "category": "Indian",
    "contact": "9876543210",
    "enabled": true,
    "id": 1,
    "images": [
      "img1.jpg"
    ],
    "location": "Hyderabad",
    "name": "Food Hub qS65x"
  },
  {
    "approved": true,
    "category": "Indian",
    "contact": "9876543210",
    "enabled": true,
    "id": 2,
    "images": [
      "img1.jpg"
    ],
    "location": "Hyderabad",
    "name": "Food Hub hfH3U"
  }
]
 
 </msg>
<msg time="2026-02-12T06:46:02.828148" level="INFO">${response} = &lt;Response [201]&gt;</msg>
<var>${response}</var>
<arg>foodie</arg>
<arg>/api/v1/restaurants</arg>
<arg>json=${body}</arg>
<doc>Sends a POST request on a previously created HTTP Session.</doc>
<status status="PASS" start="2026-02-12T06:46:02.825503" elapsed="0.002666"/>
</kw>
<kw name="Should Be Equal As Integers" owner="BuiltIn">
<msg time="2026-02-12T06:46:02.828752" level="INFO">Argument types are:
&lt;class 'int'&gt;
&lt;class 'str'&gt;</msg>
<arg>${response.status_code}</arg>
<arg>201</arg>
<doc>Fails if objects are unequal after converting them to integers.</doc>
<status status="PASS" start="2026-02-12T06:46:02.828267" elapsed="0.000565"/>
</kw>
<status status="PASS" start="2026-02-12T06:46:02.824340" elapsed="0.004639"/>
</kw>
<kw name="GET On Session" owner="RequestsLibrary">
<msg time="2026-02-12T06:46:02.832801" level="INFO">GET Request : url=http://127.0.0.1:5000/api/v1/restaurants/1 
 path_url=/api/v1/restaurants/1 
 headers={'User-Agent': 'python-requests/2.32.3', 'Accept-Encoding': 'gzip, deflate', 'Accept': '*/*', 'Connection': 'keep-alive'} 
 body=None 
 </msg>
<msg time="2026-02-12T06:46:02.832996" level="INFO">GET Response : url=http://127.0.0.1:5000/api/v1/restaurants/1 
 status=200, reason=OK 
 headers={'Server': 'Werkzeug/3.1.3 Python/3.13.0', 'Date': 'Thu, 12 Feb 2026 01:16:02 GMT', 'Content-Type': 'application/json', 'Content-Length': '193', 'Connection': 'close'} 
 body={
  "approved": true,
  "category": "Indian",
  "contact": "9876543210",
  "enabled": true,
  "id": 1,
  "images": [
    "img1.jpg"
  ],
  "location": "Hyderabad",
  "name": "Food Hub qS65x"
}
 
 </msg>
<msg time="2026-02-12T06:46:02.833598" level="INFO">${response} = &lt;Response [200]&gt;</msg>
<var>${response}</var>
<arg>foodie</arg>
<arg>/api/v1/restaurants/1</arg>
<doc>Sends a GET request on a previously created HTTP Session.</doc>
<status status="PASS" start="2026-02-12T06:46:02.829567" elapsed="0.004061"/>
</kw>
<kw name="Should Be Equal As Integers" owner="BuiltIn">
<msg time="2026-02-12T06:46:02.835787" level="INFO">Argument types are:
&lt;class 'int'&gt;
&lt;class 'str'&gt;</msg>
<arg>${response.status_code}</arg>
<arg>200</arg>
<doc>Fails if objects are unequal after converting them to integers.</doc>
<status status="PASS" start="2026-02-12T06:46:02.834009" elapsed="0.001857"/>
</kw>
<status status="PASS" start="2026-02-12T06:46:02.823925" elapsed="0.012298"/>
</test>
<test id="s1-t3" name="Search Restaurant By Location" line="15">
<kw name="Create Dictionary" owner="BuiltIn">
<msg time="2026-02-12T06:46:02.837582" level="INFO">${params} = {'location': 'Hyderabad'}</msg>
<var>${params}</var>
<arg>location=Hyderabad</arg>
<doc>Creates and returns a dictionary based on the given ``items``.</doc>
<status status="PASS" start="2026-02-12T06:46:02.837321" elapsed="0.000285"/>
</kw>
<kw name="GET On Session" owner="RequestsLibrary">
<msg time="2026-02-12T06:46:02.840357" level="INFO">GET Request : url=http://127.0.0.1:5000/api/v1/restaurants/search?location=Hyderabad 
 path_url=/api/v1/restaurants/search?location=Hyderabad 
 headers={'User-Agent': 'python-requests/2.32.3', 'Accept-Encoding': 'gzip, deflate', 'Accept': '*/*', 'Connection': 'keep-alive'} 
 body=None 
 </msg>
<msg time="2026-02-12T06:46:02.840414" level="INFO">GET Response : url=http://127.0.0.1:5000/api/v1/restaurants/search?location=Hyderabad 
 status=200, reason=OK 
 headers={'Server': 'Werkzeug/3.1.3 Python/3.13.0', 'Date': 'Thu, 12 Feb 2026 01:16:02 GMT', 'Content-Type': 'application/json', 'Content-Length': '439', 'Connection': 'close'} 
 body=[
  {
    "approved": true,
    "category": "Indian",
    "contact": "9876543210",
    "enabled": true,
    "id": 1,
    "images": [
      "img1.jpg"
    ],
    "location": "Hyderabad",
    "name": "Food Hub qS65x"
  },
  {
    "approved": true,
    "category": "Indian",
    "contact": "9876543210",
    "enabled": true,
    "id": 2,
    "images": [
      "img1.jpg"
    ],
    "location": "Hyderabad",
    "name": "Food Hub hfH3U"
  }
]
 
 </msg>
<msg time="2026-02-12T06:46:02.840507" level="INFO">${response} = &lt;Response [200]&gt;</msg>
<var>${response}</var>
<arg>foodie</arg>
<arg>/api/v1/restaurants/search</arg>
<arg>params=${params}</arg>
<doc>Sends a GET request on a previously created HTTP Session.</doc>
<status status="PASS" start="2026-02-12T06:46:02.837871" elapsed="0.002657"/>
</kw>
<kw name="Should Be Equal As Integers" owner="BuiltIn">
<msg time="2026-02-12T06:46:02.841310" level="INFO">Argument types are:
&lt;class 'int'&gt;
&lt;class 'str'&gt;</msg>
<arg>${response.status_code}</arg>
<arg>200</arg>
<doc>Fails if objects are unequal after converting them to integers.</doc>
<status status="PASS" start="2026-02-12T06:46:02.840766" elapsed="0.000664"/>
</kw>
<status status="PASS" start="2026-02-12T06:46:02.836956" elapsed="0.004906"/>
</test>
<test id="s1-t4" name="Add Dish" line="20">
<kw name="Create Dish" owner="keywords">
<kw name="Create Restaurant" owner="keywords">
<kw name="Generate Random String" owner="String">
<msg time="2026-02-12T06:46:02.843390" level="INFO">${random} = FISnj</msg>
<var>${random}</var>
<arg>5</arg>
<doc>Generates a string with a desired ``length`` from the given ``chars``.</doc>
<status status="PASS" start="2026-02-12T06:46:02.843254" elapsed="0.000160"/>
</kw>
<kw name="Create List" owner="BuiltIn">
<msg time="2026-02-12T06:46:02.843707" level="INFO">${images} = ['img1.jpg']</msg>
<var>${images}</var>
<arg>img1.jpg</arg>
<doc>Returns a list containing given items.</doc>
<status status="PASS" start="2026-02-12T06:46:02.843492" elapsed="0.000237"/>
</kw>
<kw name="Create Dictionary" owner="BuiltIn">
<msg time="2026-02-12T06:46:02.844149" level="INFO">${body} = {'name': 'Food Hub FISnj', 'category': 'Indian', 'location': 'Hyderabad', 'images': ['img1.jpg'], 'contact': '9876543210'}</msg>
<var>${body}</var>
<arg>name=Food Hub ${random}</arg>
<arg>category=Indian</arg>
<arg>location=Hyderabad</arg>
<arg>images=${images}</arg>
<arg>contact=9876543210</arg>
<doc>Creates and returns a dictionary based on the given ``items``.</doc>
<status status="PASS" start="2026-02-12T06:46:02.843817" elapsed="0.000356"/>
</kw>
<kw name="POST On Session" owner="RequestsLibrary">
<msg time="2026-02-12T06:46:02.846543" level="INFO">POST Request : url=http://127.0.0.1:5000/api/v1/restaurants 
 path_url=/api/v1/restaurants 
 headers={'User-Agent': 'python-requests/2.32.3', 'Accept-Encoding': 'gzip, deflate', 'Accept': '*/*', 'Connection': 'keep-alive', 'Content-Length': '122', 'Content-Type': 'application/json'} 
 body=b'{"name": "Food Hub FISnj", "category": "Indian", "location": "Hyderabad", "images": ["img1.jpg"], "contact": "9876543210"}' 
 </msg>
<msg time="2026-02-12T06:46:02.846591" level="INFO">POST Response : url=http://127.0.0.1:5000/api/v1/restaurants 
 status=201, reason=CREATED 
 headers={'Server': 'Werkzeug/3.1.3 Python/3.13.0', 'Date': 'Thu, 12 Feb 2026 01:16:02 GMT', 'Content-Type': 'application/json', 'Content-Length': '657', 'Connection': 'close'} 
 body=[
  {
    "approved": true,
    "category": "Indian",
    "contact": "9876543210",
    "enabled": true,
    "id": 1,
    "images": [
      "img1.jpg"
    ],
    "location": "Hyderabad",
    "name": "Food Hub qS65x"
  },
  {
    "approved": true,
    "category": "Indian",
    "contact": "9876543210",
    "enabled": true,
    "id": 2,
    "images": [
      "img1.jpg"
    ],
    "location": "Hyderabad",
    "name": "Food Hub hfH3U"
  },
  {
    "approved": true,
    "category": "Indian",
    "contact": "9876543210",
    "enabled": true,
    "id": 3,
    "images": [
      "img1.jpg"
    ],
    "location": "Hyderabad",
    "name": "Food Hub FISnj"
  }
]
 
 </msg>
<msg time="2026-02-12T06:46:02.846676" level="INFO">${response} = &lt;Response [201]&gt;</msg>
<var>${response}</var>
<arg>foodie</arg>
<arg>/api/v1/restaurants</arg>
<arg>json=${body}</arg>
<doc>Sends a POST request on a previously created HTTP Session.</doc>
<status status="PASS" start="2026-02-12T06:46:02.844263" elapsed="0.002433"/>
</kw>
<kw name="Should Be Equal As Integers" owner="BuiltIn">
<msg time="2026-02-12T06:46:02.847200" level="INFO">Argument types are:
&lt;class 'int'&gt;
&lt;class 'str'&gt;</msg>
<arg>${response.status_code}</arg>
<arg>201</arg>
<doc>Fails if objects are unequal after converting them to integers.</doc>
<status status="PASS" start="2026-02-12T06:46:02.846787" elapsed="0.000482"/>
</kw>
<status status="PASS" start="2026-02-12T06:46:02.843090" elapsed="0.004304"/>
</kw>
<kw name="Create Dictionary" owner="BuiltIn">
<msg time="2026-02-12T06:46:02.848161" level="INFO">${body} = {'name': 'Biryani', 'type': 'Veg', 'price': '250', 'available_time': 'Lunch'}</msg>
<var>${body}</var>
<arg>name=Biryani</arg>
<arg>type=Veg</arg>
<arg>price=250</arg>
<arg>available_time=Lunch</arg>
<doc>Creates and returns a dictionary based on the given ``items``.</doc>
<status status="PASS" start="2026-02-12T06:46:02.847585" elapsed="0.000611"/>
</kw>
<kw name="POST On Session" owner="RequestsLibrary">
<msg time="2026-02-12T06:46:02.852552" level="INFO">POST Request : url=http://127.0.0.1:5000/api/v1/restaurants/1/dishes 
 path_url=/api/v1/restaurants/1/dishes 
 headers={'User-Agent': 'python-requests/2.32.3', 'Accept-Encoding': 'gzip, deflate', 'Accept': '*/*', 'Connection': 'keep-alive', 'Content-Length': '77', 'Content-Type': 'application/json'} 
 body=b'{"name": "Biryani", "type": "Veg", "price": "250", "available_time": "Lunch"}' 
 </msg>
<msg time="2026-02-12T06:46:02.852637" level="INFO">POST Response : url=http://127.0.0.1:5000/api/v1/restaurants/1/dishes 
 status=201, reason=CREATED 
 headers={'Server': 'Werkzeug/3.1.3 Python/3.13.0', 'Date': 'Thu, 12 Feb 2026 01:16:02 GMT', 'Content-Type': 'application/json', 'Content-Length': '135', 'Connection': 'close'} 
 body={
  "available_time": "Lunch",
  "enabled": true,
  "id": 1,
  "image": null,
  "name": "Biryani",
  "price": "250",
  "type": "Veg"
}
 
 </msg>
<msg time="2026-02-12T06:46:02.852886" level="INFO">${response} = &lt;Response [201]&gt;</msg>
<var>${response}</var>
<arg>foodie</arg>
<arg>/api/v1/restaurants/1/dishes</arg>
<arg>json=${body}</arg>
<doc>Sends a POST request on a previously created HTTP Session.</doc>
<status status="PASS" start="2026-02-12T06:46:02.848297" elapsed="0.004614"/>
</kw>
<kw name="Should Be Equal As Integers" owner="BuiltIn">
<msg time="2026-02-12T06:46:02.854242" level="INFO">Argument types are:
&lt;class 'int'&gt;
&lt;class 'str'&gt;</msg>
<arg>${response.status_code}</arg>
<arg>201</arg>
<doc>Fails if objects are unequal after converting them to integers.</doc>
<status status="PASS" start="2026-02-12T06:46:02.853148" elapsed="0.001154"/>
</kw>
<status status="PASS" start="2026-02-12T06:46:02.842894" elapsed="0.011467"/>
</kw>
<status status="PASS" start="2026-02-12T06:46:02.842498" elapsed="0.012089"/>
</test>
<test id="s1-t5" name="Update Dish" line="23">
<kw name="Create Restaurant" owner="keywords">
<kw name="Generate Random String" owner="String">
<msg time="2026-02-12T06:46:02.855861" level="INFO">${random} = kRKy5</msg>
<var>${random}</var>
<arg>5</arg>
<doc>Generates a string with a desired ``length`` from the given ``chars``.</doc>
<status status="PASS" start="2026-02-12T06:46:02.855717" elapsed="0.000166"/>
</kw>
<kw name="Create List" owner="BuiltIn">
<msg time="2026-02-12T06:46:02.856170" level="INFO">${images} = ['img1.jpg']</msg>
<var>${images}</var>
<arg>img1.jpg</arg>
<doc>Returns a list containing given items.</doc>
<status status="PASS" start="2026-02-12T06:46:02.855965" elapsed="0.000227"/>
</kw>
<kw name="Create Dictionary" owner="BuiltIn">
<msg time="2026-02-12T06:46:02.856605" level="INFO">${body} = {'name': 'Food Hub kRKy5', 'category': 'Indian', 'location': 'Hyderabad', 'images': ['img1.jpg'], 'contact': '9876543210'}</msg>
<var>${body}</var>
<arg>name=Food Hub ${random}</arg>
<arg>category=Indian</arg>
<arg>location=Hyderabad</arg>
<arg>images=${images}</arg>
<arg>contact=9876543210</arg>
<doc>Creates and returns a dictionary based on the given ``items``.</doc>
<status status="PASS" start="2026-02-12T06:46:02.856278" elapsed="0.000350"/>
</kw>
<kw name="POST On Session" owner="RequestsLibrary">
<msg time="2026-02-12T06:46:02.859087" level="INFO">POST Request : url=http://127.0.0.1:5000/api/v1/restaurants 
 path_url=/api/v1/restaurants 
 headers={'User-Agent': 'python-requests/2.32.3', 'Accept-Encoding': 'gzip, deflate', 'Accept': '*/*', 'Connection': 'keep-alive', 'Content-Length': '122', 'Content-Type': 'application/json'} 
 body=b'{"name": "Food Hub kRKy5", "category": "Indian", "location": "Hyderabad", "images": ["img1.jpg"], "contact": "9876543210"}' 
 </msg>
<msg time="2026-02-12T06:46:02.859142" level="INFO">POST Response : url=http://127.0.0.1:5000/api/v1/restaurants 
 status=201, reason=CREATED 
 headers={'Server': 'Werkzeug/3.1.3 Python/3.13.0', 'Date': 'Thu, 12 Feb 2026 01:16:02 GMT', 'Content-Type': 'application/json', 'Content-Length': '875', 'Connection': 'close'} 
 body=[
  {
    "approved": true,
    "category": "Indian",
    "contact": "9876543210",
    "enabled": true,
    "id": 1,
    "images": [
      "img1.jpg"
    ],
    "location": "Hyderabad",
    "name": "Food Hub qS65x"
  },
  {
    "approved": true,
    "category": "Indian",
    "contact": "9876543210",
    "enabled": true,
    "id": 2,
    "images": [
      "img1.jpg"
    ],
    "location": "Hyderabad",
    "name": "Food Hub hfH3U"
  },
  {
    "approved": true,
    "category": "Indian",
    "contact": "9876543210",
    "enabled": true,
    "id": 3,
    "images": [
      "img1.jpg"
    ],
    "location": "Hyderabad",
    "name": "Food Hub FISnj"
  },
  {
    "approved": true,
    "category": "Indian",
    "contact": "9876543210",
    "enabled": true,
    "id": 4,
    "images": [
      "img1.jpg"
    ],
    "location": "Hyderabad",
    "name": "Food Hub kRKy5"
  }
]
 
 </msg>
<msg time="2026-02-12T06:46:02.859235" level="INFO">${response} = &lt;Response [201]&gt;</msg>
<var>${response}</var>
<arg>foodie</arg>
<arg>/api/v1/restaurants</arg>
<arg>json=${body}</arg>
<doc>Sends a POST request on a previously created HTTP Session.</doc>
<status status="PASS" start="2026-02-12T06:46:02.856717" elapsed="0.002539"/>
</kw>
<kw name="Should Be Equal As Integers" owner="BuiltIn">
<msg time="2026-02-12T06:46:02.859876" level="INFO">Argument types are:
&lt;class 'int'&gt;
&lt;class 'str'&gt;</msg>
<arg>${response.status_code}</arg>
<arg>201</arg>
<doc>Fails if objects are unequal after converting them to integers.</doc>
<status status="PASS" start="2026-02-12T06:46:02.859356" elapsed="0.000617"/>
</kw>
<status status="PASS" start="2026-02-12T06:46:02.855495" elapsed="0.004714"/>
</kw>
<kw name="Create Dish" owner="keywords">
<kw name="Create Restaurant" owner="keywords">
<kw name="Generate Random String" owner="String">
<msg time="2026-02-12T06:46:02.861416" level="INFO">${random} = NP0so</msg>
<var>${random}</var>
<arg>5</arg>
<doc>Generates a string with a desired ``length`` from the given ``chars``.</doc>
<status status="PASS" start="2026-02-12T06:46:02.861262" elapsed="0.000176"/>
</kw>
<kw name="Create List" owner="BuiltIn">
<msg time="2026-02-12T06:46:02.861729" level="INFO">${images} = ['img1.jpg']</msg>
<var>${images}</var>
<arg>img1.jpg</arg>
<doc>Returns a list containing given items.</doc>
<status status="PASS" start="2026-02-12T06:46:02.861518" elapsed="0.000232"/>
</kw>
<kw name="Create Dictionary" owner="BuiltIn">
<msg time="2026-02-12T06:46:02.862162" level="INFO">${body} = {'name': 'Food Hub NP0so', 'category': 'Indian', 'location': 'Hyderabad', 'images': ['img1.jpg'], 'contact': '9876543210'}</msg>
<var>${body}</var>
<arg>name=Food Hub ${random}</arg>
<arg>category=Indian</arg>
<arg>location=Hyderabad</arg>
<arg>images=${images}</arg>
<arg>contact=9876543210</arg>
<doc>Creates and returns a dictionary based on the given ``items``.</doc>
<status status="PASS" start="2026-02-12T06:46:02.861834" elapsed="0.000351"/>
</kw>
<kw name="POST On Session" owner="RequestsLibrary">
<msg time="2026-02-12T06:46:02.864949" level="INFO">POST Request : url=http://127.0.0.1:5000/api/v1/restaurants 
 path_url=/api/v1/restaurants 
 headers={'User-Agent': 'python-requests/2.32.3', 'Accept-Encoding': 'gzip, deflate', 'Accept': '*/*', 'Connection': 'keep-alive', 'Content-Length': '122', 'Content-Type': 'application/json'} 
 body=b'{"name": "Food Hub NP0so", "category": "Indian", "location": "Hyderabad", "images": ["img1.jpg"], "contact": "9876543210"}' 
 </msg>
<msg time="2026-02-12T06:46:02.865098" level="INFO">POST Response : url=http://127.0.0.1:5000/api/v1/restaurants 
 status=201, reason=CREATED 
 headers={'Server': 'Werkzeug/3.1.3 Python/3.13.0', 'Date': 'Thu, 12 Feb 2026 01:16:02 GMT', 'Content-Type': 'application/json', 'Content-Length': '1093', 'Connection': 'close'} 
 body=[
  {
    "approved": true,
    "category": "Indian",
    "contact": "9876543210",
    "enabled": true,
    "id": 1,
    "images": [
      "img1.jpg"
    ],
    "location": "Hyderabad",
    "name": "Food Hub qS65x"
  },
  {
    "approved": true,
    "category": "Indian",
    "contact": "9876543210",
    "enabled": true,
    "id": 2,
    "images": [
      "img1.jpg"
    ],
    "location": "Hyderabad",
    "name": "Food Hub hfH3U"
  },
  {
    "approved": true,
    "category": "Indian",
    "contact": "9876543210",
    "enabled": true,
    "id": 3,
    "images": [
      "img1.jpg"
    ],
    "location": "Hyderabad",
    "name": "Food Hub FISnj"
  },
  {
    "approved": true,
    "category": "Indian",
    "contact": "9876543210",
    "enabled": true,
    "id": 4,
    "images": [
      "img1.jpg"
    ],
    "location": "Hyderabad",
    "name": "Food Hub kRKy5"
  },
  {
    "approved": true,
    "category": "Indian",
    "contact": "9876543210",
    "enabled": true,
    "id": 5,
    "images": [
      "img1.jpg"
    ],
    "location": "Hyderabad",
    "name": "Food Hub NP0so"
  }
]
 
 </msg>
<msg time="2026-02-12T06:46:02.865651" level="INFO">${response} = &lt;Response [201]&gt;</msg>
<var>${response}</var>
<arg>foodie</arg>
<arg>/api/v1/restaurants</arg>
<arg>json=${body}</arg>
<doc>Sends a POST request on a previously created HTTP Session.</doc>
<status status="PASS" start="2026-02-12T06:46:02.862281" elapsed="0.003444"/>
</kw>
<kw name="Should Be Equal As Integers" owner="BuiltIn">
<msg time="2026-02-12T06:46:02.867534" level="INFO">Argument types are:
&lt;class 'int'&gt;
&lt;class 'str'&gt;</msg>
<arg>${response.status_code}</arg>
<arg>201</arg>
<doc>Fails if objects are unequal after converting them to integers.</doc>
<status status="PASS" start="2026-02-12T06:46:02.866038" elapsed="0.001687"/>
</kw>
<status status="PASS" start="2026-02-12T06:46:02.861089" elapsed="0.006833"/>
</kw>
<kw name="Create Dictionary" owner="BuiltIn">
<msg time="2026-02-12T06:46:02.868816" level="INFO">${body} = {'name': 'Biryani', 'type': 'Veg', 'price': '250', 'available_time': 'Lunch'}</msg>
<var>${body}</var>
<arg>name=Biryani</arg>
<arg>type=Veg</arg>
<arg>price=250</arg>
<arg>available_time=Lunch</arg>
<doc>Creates and returns a dictionary based on the given ``items``.</doc>
<status status="PASS" start="2026-02-12T06:46:02.868237" elapsed="0.000624"/>
</kw>
<kw name="POST On Session" owner="RequestsLibrary">
<msg time="2026-02-12T06:46:02.872146" level="INFO">POST Request : url=http://127.0.0.1:5000/api/v1/restaurants/1/dishes 
 path_url=/api/v1/restaurants/1/dishes 
 headers={'User-Agent': 'python-requests/2.32.3', 'Accept-Encoding': 'gzip, deflate', 'Accept': '*/*', 'Connection': 'keep-alive', 'Content-Length': '77', 'Content-Type': 'application/json'} 
 body=b'{"name": "Biryani", "type": "Veg", "price": "250", "available_time": "Lunch"}' 
 </msg>
<msg time="2026-02-12T06:46:02.872225" level="INFO">POST Response : url=http://127.0.0.1:5000/api/v1/restaurants/1/dishes 
 status=201, reason=CREATED 
 headers={'Server': 'Werkzeug/3.1.3 Python/3.13.0', 'Date': 'Thu, 12 Feb 2026 01:16:02 GMT', 'Content-Type': 'application/json', 'Content-Length': '135', 'Connection': 'close'} 
 body={
  "available_time": "Lunch",
  "enabled": true,
  "id": 2,
  "image": null,
  "name": "Biryani",
  "price": "250",
  "type": "Veg"
}
 
 </msg>
<msg time="2026-02-12T06:46:02.872322" level="INFO">${response} = &lt;Response [201]&gt;</msg>
<var>${response}</var>
<arg>foodie</arg>
<arg>/api/v1/restaurants/1/dishes</arg>
<arg>json=${body}</arg>
<doc>Sends a POST request on a previously created HTTP Session.</doc>
<status status="PASS" start="2026-02-12T06:46:02.869004" elapsed="0.003340"/>
</kw>
<kw name="Should Be Equal As Integers" owner="BuiltIn">
<msg time="2026-02-12T06:46:02.872937" level="INFO">Argument types are:
&lt;class 'int'&gt;
&lt;class 'str'&gt;</msg>
<arg>${response.status_code}</arg>
<arg>201</arg>
<doc>Fails if objects are unequal after converting them to integers.</doc>
<status status="PASS" start="2026-02-12T06:46:02.872461" elapsed="0.000632"/>
</kw>
<status status="PASS" start="2026-02-12T06:46:02.860845" elapsed="0.012406"/>
</kw>
<kw name="Create Dictionary" owner="BuiltIn">
<msg time="2026-02-12T06:46:02.874072" level="INFO">${update} = {'price': '300'}</msg>
<var>${update}</var>
<arg>price=300</arg>
<doc>Creates and returns a dictionary based on the given ``items``.</doc>
<status status="PASS" start="2026-02-12T06:46:02.873790" elapsed="0.000308"/>
</kw>
<kw name="PUT On Session" owner="RequestsLibrary">
<msg time="2026-02-12T06:46:02.876646" level="INFO">PUT Request : url=http://127.0.0.1:5000/api/v1/dishes/1 
 path_url=/api/v1/dishes/1 
 headers={'User-Agent': 'python-requests/2.32.3', 'Accept-Encoding': 'gzip, deflate', 'Accept': '*/*', 'Connection': 'keep-alive', 'Content-Length': '16', 'Content-Type': 'application/json'} 
 body=b'{"price": "300"}' 
 </msg>
<msg time="2026-02-12T06:46:02.876694" level="INFO">PUT Response : url=http://127.0.0.1:5000/api/v1/dishes/1 
 status=200, reason=OK 
 headers={'Server': 'Werkzeug/3.1.3 Python/3.13.0', 'Date': 'Thu, 12 Feb 2026 01:16:02 GMT', 'Content-Type': 'application/json', 'Content-Length': '135', 'Connection': 'close'} 
 body={
  "available_time": "Lunch",
  "enabled": true,
  "id": 1,
  "image": null,
  "name": "Biryani",
  "price": "300",
  "type": "Veg"
}
 
 </msg>
<msg time="2026-02-12T06:46:02.876781" level="INFO">${response} = &lt;Response [200]&gt;</msg>
<var>${response}</var>
<arg>foodie</arg>
<arg>/api/v1/dishes/1</arg>
<arg>json=${update}</arg>
<doc>Sends a PUT request on a previously created HTTP Session.</doc>
<status status="PASS" start="2026-02-12T06:46:02.874370" elapsed="0.002432"/>
</kw>
<kw name="Should Be Equal As Integers" owner="BuiltIn">
<msg time="2026-02-12T06:46:02.877628" level="INFO">Argument types are:
&lt;class 'int'&gt;
&lt;class 'str'&gt;</msg>
<arg>${response.status_code}</arg>
<arg>200</arg>
<doc>Fails if objects are unequal after converting them to integers.</doc>
<status status="PASS" start="2026-02-12T06:46:02.877030" elapsed="0.000777"/>
</kw>
<status status="PASS" start="2026-02-12T06:46:02.855119" elapsed="0.023181"/>
</test>
<test id="s1-t6" name="Delete Dish" line="30">
<kw name="Create Restaurant" owner="keywords">
<kw name="Generate Random String" owner="String">
<msg time="2026-02-12T06:46:02.879710" level="INFO">${random} = EUi8E</msg>
<var>${random}</var>
<arg>5</arg>
<doc>Generates a string with a desired ``length`` from the given ``chars``.</doc>
<status status="PASS" start="2026-02-12T06:46:02.879554" elapsed="0.000178"/>
</kw>
<kw name="Create List" owner="BuiltIn">
<msg time="2026-02-12T06:46:02.880060" level="INFO">${images} = ['img1.jpg']</msg>
<var>${images}</var>
<arg>img1.jpg</arg>
<doc>Returns a list containing given items.</doc>
<status status="PASS" start="2026-02-12T06:46:02.879811" elapsed="0.000292"/>
</kw>
<kw name="Create Dictionary" owner="BuiltIn">
<msg time="2026-02-12T06:46:02.880567" level="INFO">${body} = {'name': 'Food Hub EUi8E', 'category': 'Indian', 'location': 'Hyderabad', 'images': ['img1.jpg'], 'contact': '9876543210'}</msg>
<var>${body}</var>
<arg>name=Food Hub ${random}</arg>
<arg>category=Indian</arg>
<arg>location=Hyderabad</arg>
<arg>images=${images}</arg>
<arg>contact=9876543210</arg>
<doc>Creates and returns a dictionary based on the given ``items``.</doc>
<status status="PASS" start="2026-02-12T06:46:02.880229" elapsed="0.000361"/>
</kw>
<kw name="POST On Session" owner="RequestsLibrary">
<msg time="2026-02-12T06:46:02.884426" level="INFO">POST Request : url=http://127.0.0.1:5000/api/v1/restaurants 
 path_url=/api/v1/restaurants 
 headers={'User-Agent': 'python-requests/2.32.3', 'Accept-Encoding': 'gzip, deflate', 'Accept': '*/*', 'Connection': 'keep-alive', 'Content-Length': '122', 'Content-Type': 'application/json'} 
 body=b'{"name": "Food Hub EUi8E", "category": "Indian", "location": "Hyderabad", "images": ["img1.jpg"], "contact": "9876543210"}' 
 </msg>
<msg time="2026-02-12T06:46:02.884493" level="INFO">POST Response : url=http://127.0.0.1:5000/api/v1/restaurants 
 status=201, reason=CREATED 
 headers={'Server': 'Werkzeug/3.1.3 Python/3.13.0', 'Date': 'Thu, 12 Feb 2026 01:16:02 GMT', 'Content-Type': 'application/json', 'Content-Length': '1311', 'Connection': 'close'} 
 body=[
  {
    "approved": true,
    "category": "Indian",
    "contact": "9876543210",
    "enabled": true,
    "id": 1,
    "images": [
      "img1.jpg"
    ],
    "location": "Hyderabad",
    "name": "Food Hub qS65x"
  },
  {
    "approved": true,
    "category": "Indian",
    "contact": "9876543210",
    "enabled": true,
    "id": 2,
    "images": [
      "img1.jpg"
    ],
    "location": "Hyderabad",
    "name": "Food Hub hfH3U"
  },
  {
    "approved": true,
    "category": "Indian",
    "contact": "9876543210",
    "enabled": true,
    "id": 3,
    "images": [
      "img1.jpg"
    ],
    "location": "Hyderabad",
    "name": "Food Hub FISnj"
  },
  {
    "approved": true,
    "category": "Indian",
    "contact": "9876543210",
    "enabled": true,
    "id": 4,
    "images": [
      "img1.jpg"
    ],
    "location": "Hyderabad",
    "name": "Food Hub kRKy5"
  },
  {
    "approved": true,
    "category": "Indian",
    "contact": "9876543210",
    "enabled": true,
    "id": 5,
    "images": [
      "img1.jpg"
    ],
    "location": "Hyderabad",
    "name": "Food Hub NP0so"
  },
  {
    "approved": true,
    "category": "Indian",
    "contact": "9876543210",
    "enabled": true,
    "id": 6,
    "images": [
      "img1.jpg"
    ],
    "location": "Hyderabad",
    "name": "Food Hub EUi8E"
  }
]
 
 </msg>
<msg time="2026-02-12T06:46:02.884754" level="INFO">${response} = &lt;Response [201]&gt;</msg>
<var>${response}</var>
<arg>foodie</arg>
<arg>/api/v1/restaurants</arg>
<arg>json=${body}</arg>
<doc>Sends a POST request on a previously created HTTP Session.</doc>
<status status="PASS" start="2026-02-12T06:46:02.880687" elapsed="0.004092"/>
</kw>
<kw name="Should Be Equal As Integers" owner="BuiltIn">
<msg time="2026-02-12T06:46:02.886782" level="INFO">Argument types are:
&lt;class 'int'&gt;
&lt;class 'str'&gt;</msg>
<arg>${response.status_code}</arg>
<arg>201</arg>
<doc>Fails if objects are unequal after converting them to integers.</doc>
<status status="PASS" start="2026-02-12T06:46:02.884906" elapsed="0.001957"/>
</kw>
<status status="PASS" start="2026-02-12T06:46:02.879377" elapsed="0.007577"/>
</kw>
<kw name="Create Dish" owner="keywords">
<kw name="Create Restaurant" owner="keywords">
<kw name="Generate Random String" owner="String">
<msg time="2026-02-12T06:46:02.887798" level="INFO">${random} = OKwDa</msg>
<var>${random}</var>
<arg>5</arg>
<doc>Generates a string with a desired ``length`` from the given ``chars``.</doc>
<status status="PASS" start="2026-02-12T06:46:02.887661" elapsed="0.000160"/>
</kw>
<kw name="Create List" owner="BuiltIn">
<msg time="2026-02-12T06:46:02.888127" level="INFO">${images} = ['img1.jpg']</msg>
<var>${images}</var>
<arg>img1.jpg</arg>
<doc>Returns a list containing given items.</doc>
<status status="PASS" start="2026-02-12T06:46:02.887899" elapsed="0.000250"/>
</kw>
<kw name="Create Dictionary" owner="BuiltIn">
<msg time="2026-02-12T06:46:02.888654" level="INFO">${body} = {'name': 'Food Hub OKwDa', 'category': 'Indian', 'location': 'Hyderabad', 'images': ['img1.jpg'], 'contact': '9876543210'}</msg>
<var>${body}</var>
<arg>name=Food Hub ${random}</arg>
<arg>category=Indian</arg>
<arg>location=Hyderabad</arg>
<arg>images=${images}</arg>
<arg>contact=9876543210</arg>
<doc>Creates and returns a dictionary based on the given ``items``.</doc>
<status status="PASS" start="2026-02-12T06:46:02.888269" elapsed="0.000409"/>
</kw>
<kw name="POST On Session" owner="RequestsLibrary">
<msg time="2026-02-12T06:46:02.891278" level="INFO">POST Request : url=http://127.0.0.1:5000/api/v1/restaurants 
 path_url=/api/v1/restaurants 
 headers={'User-Agent': 'python-requests/2.32.3', 'Accept-Encoding': 'gzip, deflate', 'Accept': '*/*', 'Connection': 'keep-alive', 'Content-Length': '122', 'Content-Type': 'application/json'} 
 body=b'{"name": "Food Hub OKwDa", "category": "Indian", "location": "Hyderabad", "images": ["img1.jpg"], "contact": "9876543210"}' 
 </msg>
<msg time="2026-02-12T06:46:02.891354" level="INFO">POST Response : url=http://127.0.0.1:5000/api/v1/restaurants 
 status=201, reason=CREATED 
 headers={'Server': 'Werkzeug/3.1.3 Python/3.13.0', 'Date': 'Thu, 12 Feb 2026 01:16:02 GMT', 'Content-Type': 'application/json', 'Content-Length': '1529', 'Connection': 'close'} 
 body=[
  {
    "approved": true,
    "category": "Indian",
    "contact": "9876543210",
    "enabled": true,
    "id": 1,
    "images": [
      "img1.jpg"
    ],
    "location": "Hyderabad",
    "name": "Food Hub qS65x"
  },
  {
    "approved": true,
    "category": "Indian",
    "contact": "9876543210",
    "enabled": true,
    "id": 2,
    "images": [
      "img1.jpg"
    ],
    "location": "Hyderabad",
    "name": "Food Hub hfH3U"
  },
  {
    "approved": true,
    "category": "Indian",
    "contact": "9876543210",
    "enabled": true,
    "id": 3,
    "images": [
      "img1.jpg"
    ],
    "location": "Hyderabad",
    "name": "Food Hub FISnj"
  },
  {
    "approved": true,
    "category": "Indian",
    "contact": "9876543210",
    "enabled": true,
    "id": 4,
    "images": [
      "img1.jpg"
    ],
    "location": "Hyderabad",
    "name": "Food Hub kRKy5"
  },
  {
    "approved": true,
    "category": "Indian",
    "contact": "9876543210",
    "enabled": true,
    "id": 5,
    "images": [
      "img1.jpg"
    ],
    "location": "Hyderabad",
    "name": "Food Hub NP0so"
  },
  {
    "approved": true,
    "category": "Indian",
    "contact": "9876543210",
    "enabled": true,
    "id": 6,
    "images": [
      "img1.jpg"
    ],
    "location": "Hyderabad",
    "name": "Food Hub EUi8E"
  },
  {
    "approved": true,
    "category": "Indian",
    "contact": "9876543210",
    "enabled": true,
    "id": 7,
    "images": [
      "img1.jpg"
    ],
    "location": "Hyderabad",
    "name": "Food Hub OKwDa"
  }
]
 
 </msg>
<msg time="2026-02-12T06:46:02.891457" level="INFO">${response} = &lt;Response [201]&gt;</msg>
<var>${response}</var>
<arg>foodie</arg>
<arg>/api/v1/restaurants</arg>
<arg>json=${body}</arg>
<doc>Sends a POST request on a previously created HTTP Session.</doc>
<status status="PASS" start="2026-02-12T06:46:02.888767" elapsed="0.002712"/>
</kw>
<kw name="Should Be Equal As Integers" owner="BuiltIn">
<msg time="2026-02-12T06:46:02.892028" level="INFO">Argument types are:
&lt;class 'int'&gt;
&lt;class 'str'&gt;</msg>
<arg>${response.status_code}</arg>
<arg>201</arg>
<doc>Fails if objects are unequal after converting them to integers.</doc>
<status status="PASS" start="2026-02-12T06:46:02.891584" elapsed="0.000594"/>
</kw>
<status status="PASS" start="2026-02-12T06:46:02.887501" elapsed="0.004845"/>
</kw>
<kw name="Create Dictionary" owner="BuiltIn">
<msg time="2026-02-12T06:46:02.893026" level="INFO">${body} = {'name': 'Biryani', 'type': 'Veg', 'price': '250', 'available_time': 'Lunch'}</msg>
<var>${body}</var>
<arg>name=Biryani</arg>
<arg>type=Veg</arg>
<arg>price=250</arg>
<arg>available_time=Lunch</arg>
<doc>Creates and returns a dictionary based on the given ``items``.</doc>
<status status="PASS" start="2026-02-12T06:46:02.892587" elapsed="0.000462"/>
</kw>
<kw name="POST On Session" owner="RequestsLibrary">
<msg time="2026-02-12T06:46:02.895404" level="INFO">POST Request : url=http://127.0.0.1:5000/api/v1/restaurants/1/dishes 
 path_url=/api/v1/restaurants/1/dishes 
 headers={'User-Agent': 'python-requests/2.32.3', 'Accept-Encoding': 'gzip, deflate', 'Accept': '*/*', 'Connection': 'keep-alive', 'Content-Length': '77', 'Content-Type': 'application/json'} 
 body=b'{"name": "Biryani", "type": "Veg", "price": "250", "available_time": "Lunch"}' 
 </msg>
<msg time="2026-02-12T06:46:02.895455" level="INFO">POST Response : url=http://127.0.0.1:5000/api/v1/restaurants/1/dishes 
 status=201, reason=CREATED 
 headers={'Server': 'Werkzeug/3.1.3 Python/3.13.0', 'Date': 'Thu, 12 Feb 2026 01:16:02 GMT', 'Content-Type': 'application/json', 'Content-Length': '135', 'Connection': 'close'} 
 body={
  "available_time": "Lunch",
  "enabled": true,
  "id": 3,
  "image": null,
  "name": "Biryani",
  "price": "250",
  "type": "Veg"
}
 
 </msg>
<msg time="2026-02-12T06:46:02.895552" level="INFO">${response} = &lt;Response [201]&gt;</msg>
<var>${response}</var>
<arg>foodie</arg>
<arg>/api/v1/restaurants/1/dishes</arg>
<arg>json=${body}</arg>
<doc>Sends a POST request on a previously created HTTP Session.</doc>
<status status="PASS" start="2026-02-12T06:46:02.893139" elapsed="0.002435"/>
</kw>
<kw name="Should Be Equal As Integers" owner="BuiltIn">
<msg time="2026-02-12T06:46:02.896255" level="INFO">Argument types are:
&lt;class 'int'&gt;
&lt;class 'str'&gt;</msg>
<arg>${response.status_code}</arg>
<arg>201</arg>
<doc>Fails if objects are unequal after converting them to integers.</doc>
<status status="PASS" start="2026-02-12T06:46:02.895675" elapsed="0.000686"/>
</kw>
<status status="PASS" start="2026-02-12T06:46:02.887285" elapsed="0.009303"/>
</kw>
<kw name="DELETE On Session" owner="RequestsLibrary">
<msg time="2026-02-12T06:46:02.900044" level="INFO">DELETE Request : url=http://127.0.0.1:5000/api/v1/dishes/1 
 path_url=/api/v1/dishes/1 
 headers={'User-Agent': 'python-requests/2.32.3', 'Accept-Encoding': 'gzip, deflate', 'Accept': '*/*', 'Connection': 'keep-alive', 'Content-Length': '0'} 
 body=None 
 </msg>
<msg time="2026-02-12T06:46:02.900149" level="INFO">DELETE Response : url=http://127.0.0.1:5000/api/v1/dishes/1 
 status=200, reason=OK 
 headers={'Server': 'Werkzeug/3.1.3 Python/3.13.0', 'Date': 'Thu, 12 Feb 2026 01:16:02 GMT', 'Content-Type': 'application/json', 'Content-Length': '32', 'Connection': 'close'} 
 body={
  "message": "Dish deleted"
}
 
 </msg>
<msg time="2026-02-12T06:46:02.900380" level="INFO">${response} = &lt;Response [200]&gt;</msg>
<var>${response}</var>
<arg>foodie</arg>
<arg>/api/v1/dishes/1</arg>
<doc>Sends a DELETE request on a previously created HTTP Session.</doc>
<status status="PASS" start="2026-02-12T06:46:02.897138" elapsed="0.003284"/>
</kw>
<kw name="Should Be Equal As Integers" owner="BuiltIn">
<msg time="2026-02-12T06:46:02.903074" level="INFO">Argument types are:
&lt;class 'int'&gt;
&lt;class 'str'&gt;</msg>
<arg>${response.status_code}</arg>
<arg>200</arg>
<doc>Fails if objects are unequal after converting them to integers.</doc>
<status status="PASS" start="2026-02-12T06:46:02.901189" elapsed="0.001982"/>
</kw>
<status status="PASS" start="2026-02-12T06:46:02.878973" elapsed="0.024521"/>
</test>
<test id="s1-t7" name="User Registration" line="36">
<kw name="Create User" owner="keywords">
<kw name="Generate Random String" owner="String">
<msg time="2026-02-12T06:46:02.905320" level="INFO">${random} = 6F7xM</msg>
<var>${random}</var>
<arg>5</arg>
<doc>Generates a string with a desired ``length`` from the given ``chars``.</doc>
<status status="PASS" start="2026-02-12T06:46:02.904748" elapsed="0.000596"/>
</kw>
<kw name="Set Variable" owner="BuiltIn">
<msg time="2026-02-12T06:46:02.905672" level="INFO">${email} = john6F7xM@test.com</msg>
<var>${email}</var>
<arg>john${random}@test.com</arg>
<doc>Returns the given values which can then be assigned to a variables.</doc>
<status status="PASS" start="2026-02-12T06:46:02.905431" elapsed="0.000263"/>
</kw>
<kw name="Create Dictionary" owner="BuiltIn">
<msg time="2026-02-12T06:46:02.906089" level="INFO">${body} = {'name': 'John', 'email': 'john6F7xM@test.com', 'password': '1234'}</msg>
<var>${body}</var>
<arg>name=John</arg>
<arg>email=${email}</arg>
<arg>password=1234</arg>
<doc>Creates and returns a dictionary based on the given ``items``.</doc>
<status status="PASS" start="2026-02-12T06:46:02.905812" elapsed="0.000300"/>
</kw>
<kw name="POST On Session" owner="RequestsLibrary">
<msg time="2026-02-12T06:46:02.908636" level="INFO">POST Request : url=http://127.0.0.1:5000/api/v1/user/register 
 path_url=/api/v1/user/register 
 headers={'User-Agent': 'python-requests/2.32.3', 'Accept-Encoding': 'gzip, deflate', 'Accept': '*/*', 'Connection': 'keep-alive', 'Content-Length': '67', 'Content-Type': 'application/json'} 
 body=b'{"name": "John", "email": "john6F7xM@test.com", "password": "1234"}' 
 </msg>
<msg time="2026-02-12T06:46:02.908686" level="INFO">POST Response : url=http://127.0.0.1:5000/api/v1/user/register 
 status=201, reason=CREATED 
 headers={'Server': 'Werkzeug/3.1.3 Python/3.13.0', 'Date': 'Thu, 12 Feb 2026 01:16:02 GMT', 'Content-Type': 'application/json', 'Content-Length': '87', 'Connection': 'close'} 
 body={
  "email": "john6F7xM@test.com",
  "id": 1,
  "name": "John",
  "password": "1234"
}
 
 </msg>
<msg time="2026-02-12T06:46:02.908820" level="INFO">${response} = &lt;Response [201]&gt;</msg>
<var>${response}</var>
<arg>foodie</arg>
<arg>/api/v1/user/register</arg>
<arg>json=${body}</arg>
<doc>Sends a POST request on a previously created HTTP Session.</doc>
<status status="PASS" start="2026-02-12T06:46:02.906207" elapsed="0.002636"/>
</kw>
<kw name="Should Be Equal As Integers" owner="BuiltIn">
<msg time="2026-02-12T06:46:02.909389" level="INFO">Argument types are:
&lt;class 'int'&gt;
&lt;class 'str'&gt;</msg>
<arg>${response.status_code}</arg>
<arg>201</arg>
<doc>Fails if objects are unequal after converting them to integers.</doc>
<status status="PASS" start="2026-02-12T06:46:02.908960" elapsed="0.000478"/>
</kw>
<status status="PASS" start="2026-02-12T06:46:02.904548" elapsed="0.005122"/>
</kw>
<status status="PASS" start="2026-02-12T06:46:02.904169" elapsed="0.006083"/>
</test>
<test id="s1-t8" name="Duplicate User Registration" line="39">
<kw name="Generate Random String" owner="String">
<msg time="2026-02-12T06:46:02.911358" level="INFO">${random} = AUA90</msg>
<var>${random}</var>
<arg>5</arg>
<doc>Generates a string with a desired ``length`` from the given ``chars``.</doc>
<status status="PASS" start="2026-02-12T06:46:02.911204" elapsed="0.000176"/>
</kw>
<kw name="Set Variable" owner="BuiltIn">
<msg time="2026-02-12T06:46:02.911911" level="INFO">${email} = johnAUA90@test.com</msg>
<var>${email}</var>
<arg>john${random}@test.com</arg>
<doc>Returns the given values which can then be assigned to a variables.</doc>
<status status="PASS" start="2026-02-12T06:46:02.911607" elapsed="0.000331"/>
</kw>
<kw name="Create Dictionary" owner="BuiltIn">
<msg time="2026-02-12T06:46:02.912459" level="INFO">${body} = {'name': 'John', 'email': 'johnAUA90@test.com', 'password': '1234'}</msg>
<var>${body}</var>
<arg>name=John</arg>
<arg>email=${email}</arg>
<arg>password=1234</arg>
<doc>Creates and returns a dictionary based on the given ``items``.</doc>
<status status="PASS" start="2026-02-12T06:46:02.912172" elapsed="0.000310"/>
</kw>
<kw name="POST On Session" owner="RequestsLibrary">
<msg time="2026-02-12T06:46:02.915640" level="INFO">POST Request : url=http://127.0.0.1:5000/api/v1/user/register 
 path_url=/api/v1/user/register 
 headers={'User-Agent': 'python-requests/2.32.3', 'Accept-Encoding': 'gzip, deflate', 'Accept': '*/*', 'Connection': 'keep-alive', 'Content-Length': '67', 'Content-Type': 'application/json'} 
 body=b'{"name": "John", "email": "johnAUA90@test.com", "password": "1234"}' 
 </msg>
<msg time="2026-02-12T06:46:02.915796" level="INFO">POST Response : url=http://127.0.0.1:5000/api/v1/user/register 
 status=201, reason=CREATED 
 headers={'Server': 'Werkzeug/3.1.3 Python/3.13.0', 'Date': 'Thu, 12 Feb 2026 01:16:02 GMT', 'Content-Type': 'application/json', 'Content-Length': '87', 'Connection': 'close'} 
 body={
  "email": "johnAUA90@test.com",
  "id": 2,
  "name": "John",
  "password": "1234"
}
 
 </msg>
<msg time="2026-02-12T06:46:02.916077" level="INFO">${response1} = &lt;Response [201]&gt;</msg>
<var>${response1}</var>
<arg>foodie</arg>
<arg>/api/v1/user/register</arg>
<arg>json=${body}</arg>
<doc>Sends a POST request on a previously created HTTP Session.</doc>
<status status="PASS" start="2026-02-12T06:46:02.912719" elapsed="0.003399"/>
</kw>
<kw name="Should Be Equal As Integers" owner="BuiltIn">
<msg time="2026-02-12T06:46:02.918109" level="INFO">Argument types are:
&lt;class 'int'&gt;
&lt;class 'str'&gt;</msg>
<arg>${response1.status_code}</arg>
<arg>201</arg>
<doc>Fails if objects are unequal after converting them to integers.</doc>
<status status="PASS" start="2026-02-12T06:46:02.916628" elapsed="0.001846"/>
</kw>
<kw name="POST On Session" owner="RequestsLibrary">
<msg time="2026-02-12T06:46:02.921441" level="INFO">POST Request : url=http://127.0.0.1:5000/api/v1/user/register 
 path_url=/api/v1/user/register 
 headers={'User-Agent': 'python-requests/2.32.3', 'Accept-Encoding': 'gzip, deflate', 'Accept': '*/*', 'Connection': 'keep-alive', 'Content-Length': '67', 'Content-Type': 'application/json'} 
 body=b'{"name": "John", "email": "johnAUA90@test.com", "password": "1234"}' 
 </msg>
<msg time="2026-02-12T06:46:02.921506" level="INFO">POST Response : url=http://127.0.0.1:5000/api/v1/user/register 
 status=409, reason=CONFLICT 
 headers={'Server': 'Werkzeug/3.1.3 Python/3.13.0', 'Date': 'Thu, 12 Feb 2026 01:16:02 GMT', 'Content-Type': 'application/json', 'Content-Length': '42', 'Connection': 'close'} 
 body={
  "error": "Email already registered"
}
 
 </msg>
<msg time="2026-02-12T06:46:02.921600" level="INFO">${response2} = &lt;Response [409]&gt;</msg>
<var>${response2}</var>
<arg>foodie</arg>
<arg>/api/v1/user/register</arg>
<arg>json=${body}</arg>
<arg>expected_status=409</arg>
<doc>Sends a POST request on a previously created HTTP Session.</doc>
<status status="PASS" start="2026-02-12T06:46:02.918957" elapsed="0.002664"/>
</kw>
<kw name="Should Be Equal As Integers" owner="BuiltIn">
<msg time="2026-02-12T06:46:02.922645" level="INFO">Argument types are:
&lt;class 'int'&gt;
&lt;class 'str'&gt;</msg>
<arg>${response2.status_code}</arg>
<arg>409</arg>
<doc>Fails if objects are unequal after converting them to integers.</doc>
<status status="PASS" start="2026-02-12T06:46:02.921908" elapsed="0.000863"/>
</kw>
<status status="PASS" start="2026-02-12T06:46:02.910869" elapsed="0.012202"/>
</test>
<test id="s1-t9" name="Place Order" line="55">
<kw name="Create Restaurant" owner="keywords">
<kw name="Generate Random String" owner="String">
<msg time="2026-02-12T06:46:02.924245" level="INFO">${random} = Jx8xY</msg>
<var>${random}</var>
<arg>5</arg>
<doc>Generates a string with a desired ``length`` from the given ``chars``.</doc>
<status status="PASS" start="2026-02-12T06:46:02.924107" elapsed="0.000161"/>
</kw>
<kw name="Create List" owner="BuiltIn">
<msg time="2026-02-12T06:46:02.924581" level="INFO">${images} = ['img1.jpg']</msg>
<var>${images}</var>
<arg>img1.jpg</arg>
<doc>Returns a list containing given items.</doc>
<status status="PASS" start="2026-02-12T06:46:02.924379" elapsed="0.000224"/>
</kw>
<kw name="Create Dictionary" owner="BuiltIn">
<msg time="2026-02-12T06:46:02.925015" level="INFO">${body} = {'name': 'Food Hub Jx8xY', 'category': 'Indian', 'location': 'Hyderabad', 'images': ['img1.jpg'], 'contact': '9876543210'}</msg>
<var>${body}</var>
<arg>name=Food Hub ${random}</arg>
<arg>category=Indian</arg>
<arg>location=Hyderabad</arg>
<arg>images=${images}</arg>
<arg>contact=9876543210</arg>
<doc>Creates and returns a dictionary based on the given ``items``.</doc>
<status status="PASS" start="2026-02-12T06:46:02.924693" elapsed="0.000345"/>
</kw>
<kw name="POST On Session" owner="RequestsLibrary">
<msg time="2026-02-12T06:46:02.927515" level="INFO">POST Request : url=http://127.0.0.1:5000/api/v1/restaurants 
 path_url=/api/v1/restaurants 
 headers={'User-Agent': 'python-requests/2.32.3', 'Accept-Encoding': 'gzip, deflate', 'Accept': '*/*', 'Connection': 'keep-alive', 'Content-Length': '122', 'Content-Type': 'application/json'} 
 body=b'{"name": "Food Hub Jx8xY", "category": "Indian", "location": "Hyderabad", "images": ["img1.jpg"], "contact": "9876543210"}' 
 </msg>
<msg time="2026-02-12T06:46:02.927611" level="INFO">POST Response : url=http://127.0.0.1:5000/api/v1/restaurants 
 status=201, reason=CREATED 
 headers={'Server': 'Werkzeug/3.1.3 Python/3.13.0', 'Date': 'Thu, 12 Feb 2026 01:16:02 GMT', 'Content-Type': 'application/json', 'Content-Length': '1747', 'Connection': 'close'} 
 body=[
  {
    "approved": true,
    "category": "Indian",
    "contact": "9876543210",
    "enabled": true,
    "id": 1,
    "images": [
      "img1.jpg"
    ],
    "location": "Hyderabad",
    "name": "Food Hub qS65x"
  },
  {
    "approved": true,
    "category": "Indian",
    "contact": "9876543210",
    "enabled": true,
    "id": 2,
    "images": [
      "img1.jpg"
    ],
    "location": "Hyderabad",
    "name": "Food Hub hfH3U"
  },
  {
    "approved": true,
    "category": "Indian",
    "contact": "9876543210",
    "enabled": true,
    "id": 3,
    "images": [
      "img1.jpg"
    ],
    "location": "Hyderabad",
    "name": "Food Hub FISnj"
  },
  {
    "approved": true,
    "category": "Indian",
    "contact": "9876543210",
    "enabled": true,
    "id": 4,
    "images": [
      "img1.jpg"
    ],
    "location": "Hyderabad",
    "name": "Food Hub kRKy5"
  },
  {
    "approved": true,
    "category": "Indian",
    "contact": "9876543210",
    "enabled": true,
    "id": 5,
    "images": [
      "img1.jpg"
    ],
    "location": "Hyderabad",
    "name": "Food Hub NP0so"
  },
  {
    "approved": true,
    "category": "Indian",
    "contact": "9876543210",
    "enabled": true,
    "id": 6,
    "images": [
      "img1.jpg"
    ],
    "location": "Hyderabad",
    "name": "Food Hub EUi8E"
  },
  {
    "approved": true,
    "category": "Indian",
    "contact": "9876543210",
    "enabled": true,
    "id": 7,
    "images": [
      "img1.jpg"
    ],
    "location": "Hyderabad",
    "name": "Food Hub OKwDa"
  },
  {
    "approved": true,
    "category": "Indian",
    "contact": "9876543210",
    "enabled": true,
    "id": 8,
    "images": [
      "img1.jpg"
    ],
    "location": "Hyderabad",
    "name": "Food Hub Jx8xY"
  }
]
 
 </msg>
<msg time="2026-02-12T06:46:02.927775" level="INFO">${response} = &lt;Response [201]&gt;</msg>
<var>${response}</var>
<arg>foodie</arg>
<arg>/api/v1/restaurants</arg>
<arg>json=${body}</arg>
<doc>Sends a POST request on a previously created HTTP Session.</doc>
<status status="PASS" start="2026-02-12T06:46:02.925126" elapsed="0.002690"/>
</kw>
<kw name="Should Be Equal As Integers" owner="BuiltIn">
<msg time="2026-02-12T06:46:02.928941" level="INFO">Argument types are:
&lt;class 'int'&gt;
&lt;class 'str'&gt;</msg>
<arg>${response.status_code}</arg>
<arg>201</arg>
<doc>Fails if objects are unequal after converting them to integers.</doc>
<status status="PASS" start="2026-02-12T06:46:02.928009" elapsed="0.001044"/>
</kw>
<status status="PASS" start="2026-02-12T06:46:02.923935" elapsed="0.005191"/>
</kw>
<kw name="Create User" owner="keywords">
<kw name="Generate Random String" owner="String">
<msg time="2026-02-12T06:46:02.929707" level="INFO">${random} = VLr70</msg>
<var>${random}</var>
<arg>5</arg>
<doc>Generates a string with a desired ``length`` from the given ``chars``.</doc>
<status status="PASS" start="2026-02-12T06:46:02.929555" elapsed="0.000173"/>
</kw>
<kw name="Set Variable" owner="BuiltIn">
<msg time="2026-02-12T06:46:02.930035" level="INFO">${email} = johnVLr70@test.com</msg>
<var>${email}</var>
<arg>john${random}@test.com</arg>
<doc>Returns the given values which can then be assigned to a variables.</doc>
<status status="PASS" start="2026-02-12T06:46:02.929809" elapsed="0.000249"/>
</kw>
<kw name="Create Dictionary" owner="BuiltIn">
<msg time="2026-02-12T06:46:02.930455" level="INFO">${body} = {'name': 'John', 'email': 'johnVLr70@test.com', 'password': '1234'}</msg>
<var>${body}</var>
<arg>name=John</arg>
<arg>email=${email}</arg>
<arg>password=1234</arg>
<doc>Creates and returns a dictionary based on the given ``items``.</doc>
<status status="PASS" start="2026-02-12T06:46:02.930142" elapsed="0.000337"/>
</kw>
<kw name="POST On Session" owner="RequestsLibrary">
<msg time="2026-02-12T06:46:02.934329" level="INFO">POST Request : url=http://127.0.0.1:5000/api/v1/user/register 
 path_url=/api/v1/user/register 
 headers={'User-Agent': 'python-requests/2.32.3', 'Accept-Encoding': 'gzip, deflate', 'Accept': '*/*', 'Connection': 'keep-alive', 'Content-Length': '67', 'Content-Type': 'application/json'} 
 body=b'{"name": "John", "email": "johnVLr70@test.com", "password": "1234"}' 
 </msg>
<msg time="2026-02-12T06:46:02.934398" level="INFO">POST Response : url=http://127.0.0.1:5000/api/v1/user/register 
 status=201, reason=CREATED 
 headers={'Server': 'Werkzeug/3.1.3 Python/3.13.0', 'Date': 'Thu, 12 Feb 2026 01:16:02 GMT', 'Content-Type': 'application/json', 'Content-Length': '87', 'Connection': 'close'} 
 body={
  "email": "johnVLr70@test.com",
  "id": 3,
  "name": "John",
  "password": "1234"
}
 
 </msg>
<msg time="2026-02-12T06:46:02.934504" level="INFO">${response} = &lt;Response [201]&gt;</msg>
<var>${response}</var>
<arg>foodie</arg>
<arg>/api/v1/user/register</arg>
<arg>json=${body}</arg>
<doc>Sends a POST request on a previously created HTTP Session.</doc>
<status status="PASS" start="2026-02-12T06:46:02.930562" elapsed="0.003966"/>
</kw>
<kw name="Should Be Equal As Integers" owner="BuiltIn">
<msg time="2026-02-12T06:46:02.935544" level="INFO">Argument types are:
&lt;class 'int'&gt;
&lt;class 'str'&gt;</msg>
<arg>${response.status_code}</arg>
<arg>201</arg>
<doc>Fails if objects are unequal after converting them to integers.</doc>
<status status="PASS" start="2026-02-12T06:46:02.934697" elapsed="0.001244"/>
</kw>
<status status="PASS" start="2026-02-12T06:46:02.929376" elapsed="0.007228"/>
</kw>
<kw name="Create Order" owner="keywords">
<kw name="Create List" owner="BuiltIn">
<msg time="2026-02-12T06:46:02.937379" level="INFO">${dish_list} = ['1']</msg>
<var>${dish_list}</var>
<arg>1</arg>
<doc>Returns a list containing given items.</doc>
<status status="PASS" start="2026-02-12T06:46:02.937129" elapsed="0.000273"/>
</kw>
<kw name="Create Dictionary" owner="BuiltIn">
<msg time="2026-02-12T06:46:02.937775" level="INFO">${body} = {'user_id': '1', 'restaurant_id': '1', 'dishes': ['1']}</msg>
<var>${body}</var>
<arg>user_id=1</arg>
<arg>restaurant_id=1</arg>
<arg>dishes=${dish_list}</arg>
<doc>Creates and returns a dictionary based on the given ``items``.</doc>
<status status="PASS" start="2026-02-12T06:46:02.937491" elapsed="0.000308"/>
</kw>
<kw name="POST On Session" owner="RequestsLibrary">
<msg time="2026-02-12T06:46:02.940323" level="INFO">POST Request : url=http://127.0.0.1:5000/api/v1/orders 
 path_url=/api/v1/orders 
 headers={'User-Agent': 'python-requests/2.32.3', 'Accept-Encoding': 'gzip, deflate', 'Accept': '*/*', 'Connection': 'keep-alive', 'Content-Length': '55', 'Content-Type': 'application/json'} 
 body=b'{"user_id": "1", "restaurant_id": "1", "dishes": ["1"]}' 
 </msg>
<msg time="2026-02-12T06:46:02.940376" level="INFO">POST Response : url=http://127.0.0.1:5000/api/v1/orders 
 status=201, reason=CREATED 
 headers={'Server': 'Werkzeug/3.1.3 Python/3.13.0', 'Date': 'Thu, 12 Feb 2026 01:16:02 GMT', 'Content-Type': 'application/json', 'Content-Length': '105', 'Connection': 'close'} 
 body={
  "dishes": [
    "1"
  ],
  "id": 1,
  "restaurant_id": "1",
  "status": "Placed",
  "user_id": "1"
}
 
 </msg>
<msg time="2026-02-12T06:46:02.940511" level="INFO">${response} = &lt;Response [201]&gt;</msg>
<var>${response}</var>
<arg>foodie</arg>
<arg>/api/v1/orders</arg>
<arg>json=${body}</arg>
<doc>Sends a POST request on a previously created HTTP Session.</doc>
<status status="PASS" start="2026-02-12T06:46:02.937883" elapsed="0.002651"/>
</kw>
<kw name="Should Be Equal As Integers" owner="BuiltIn">
<msg time="2026-02-12T06:46:02.941072" level="INFO">Argument types are:
&lt;class 'int'&gt;
&lt;class 'str'&gt;</msg>
<arg>${response.status_code}</arg>
<arg>201</arg>
<doc>Fails if objects are unequal after converting them to integers.</doc>
<status status="PASS" start="2026-02-12T06:46:02.940635" elapsed="0.000520"/>
</kw>
<status status="PASS" start="2026-02-12T06:46:02.936947" elapsed="0.004389"/>
</kw>
<status status="PASS" start="2026-02-12T06:46:02.923542" elapsed="0.018303"/>
</test>
<test id="s1-t10" name="Get Orders By Restaurant" line="60">
<kw name="Create Restaurant" owner="keywords">
<kw name="Generate Random String" owner="String">
<msg time="2026-02-12T06:46:02.943341" level="INFO">${random} = dN2XO</msg>
<var>${random}</var>
<arg>5</arg>
<doc>Generates a string with a desired ``length`` from the given ``chars``.</doc>
<status status="PASS" start="2026-02-12T06:46:02.943204" elapsed="0.000160"/>
</kw>
<kw name="Create List" owner="BuiltIn">
<msg time="2026-02-12T06:46:02.943650" level="INFO">${images} = ['img1.jpg']</msg>
<var>${images}</var>
<arg>img1.jpg</arg>
<doc>Returns a list containing given items.</doc>
<status status="PASS" start="2026-02-12T06:46:02.943444" elapsed="0.000228"/>
</kw>
<kw name="Create Dictionary" owner="BuiltIn">
<msg time="2026-02-12T06:46:02.944093" level="INFO">${body} = {'name': 'Food Hub dN2XO', 'category': 'Indian', 'location': 'Hyderabad', 'images': ['img1.jpg'], 'contact': '9876543210'}</msg>
<var>${body}</var>
<arg>name=Food Hub ${random}</arg>
<arg>category=Indian</arg>
<arg>location=Hyderabad</arg>
<arg>images=${images}</arg>
<arg>contact=9876543210</arg>
<doc>Creates and returns a dictionary based on the given ``items``.</doc>
<status status="PASS" start="2026-02-12T06:46:02.943764" elapsed="0.000353"/>
</kw>
<kw name="POST On Session" owner="RequestsLibrary">
<msg time="2026-02-12T06:46:02.946612" level="INFO">POST Request : url=http://127.0.0.1:5000/api/v1/restaurants 
 path_url=/api/v1/restaurants 
 headers={'User-Agent': 'python-requests/2.32.3', 'Accept-Encoding': 'gzip, deflate', 'Accept': '*/*', 'Connection': 'keep-alive', 'Content-Length': '122', 'Content-Type': 'application/json'} 
 body=b'{"name": "Food Hub dN2XO", "category": "Indian", "location": "Hyderabad", "images": ["img1.jpg"], "contact": "9876543210"}' 
 </msg>
<msg time="2026-02-12T06:46:02.946687" level="INFO">POST Response : url=http://127.0.0.1:5000/api/v1/restaurants 
 status=201, reason=CREATED 
 headers={'Server': 'Werkzeug/3.1.3 Python/3.13.0', 'Date': 'Thu, 12 Feb 2026 01:16:02 GMT', 'Content-Type': 'application/json', 'Content-Length': '1965', 'Connection': 'close'} 
 body=[
  {
    "approved": true,
    "category": "Indian",
    "contact": "9876543210",
    "enabled": true,
    "id": 1,
    "images": [
      "img1.jpg"
    ],
    "location": "Hyderabad",
    "name": "Food Hub qS65x"
  },
  {
    "approved": true,
    "category": "Indian",
    "contact": "9876543210",
    "enabled": true,
    "id": 2,
    "images": [
      "img1.jpg"
    ],
    "location": "Hyderabad",
    "name": "Food Hub hfH3U"
  },
  {
    "approved": true,
    "category": "Indian",
    "contact": "9876543210",
    "enabled": true,
    "id": 3,
    "images": [
      "img1.jpg"
    ],
    "location": "Hyderabad",
    "name": "Food Hub FISnj"
  },
  {
    "approved": true,
    "category": "Indian",
    "contact": "9876543210",
    "enabled": true,
    "id": 4,
    "images": [
      "img1.jpg"
    ],
    "location": "Hyderabad",
    "name": "Food Hub kRKy5"
  },
  {
    "approved": true,
    "category": "Indian",
    "contact": "9876543210",
    "enabled": true,
    "id": 5,
    "images": [
      "img1.jpg"
    ],
    "location": "Hyderabad",
    "name": "Food Hub NP0so"
  },
  {
    "approved": true,
    "category": "Indian",
    "contact": "9876543210",
    "enabled": true,
    "id": 6,
    "images": [
      "img1.jpg"
    ],
    "location": "Hyderabad",
    "name": "Food Hub EUi8E"
  },
  {
    "approved": true,
    "category": "Indian",
    "contact": "9876543210",
    "enabled": true,
    "id": 7,
    "images": [
      "img1.jpg"
    ],
    "location": "Hyderabad",
    "name": "Food Hub OKwDa"
  },
  {
    "approved": true,
    "category": "Indian",
    "contact": "9876543210",
    "enabled": true,
    "id": 8,
    "images": [
      "img1.jpg"
    ],
    "location": "Hyderabad",
    "name": "Food Hub Jx8xY"
  },
  {
    "approved": true,
    "category": "Indian",
    "contact": "9876543210",
    "enabled": true,
    "id": 9,
    "images": [
      "img1.jpg"
    ],
    "location": "Hyderabad",
    "name": "Food Hub dN2XO"
  }
]
 
 </msg>
<msg time="2026-02-12T06:46:02.946797" level="INFO">${response} = &lt;Response [201]&gt;</msg>
<var>${response}</var>
<arg>foodie</arg>
<arg>/api/v1/restaurants</arg>
<arg>json=${body}</arg>
<doc>Sends a POST request on a previously created HTTP Session.</doc>
<status status="PASS" start="2026-02-12T06:46:02.944205" elapsed="0.002615"/>
</kw>
<kw name="Should Be Equal As Integers" owner="BuiltIn">
<msg time="2026-02-12T06:46:02.947477" level="INFO">Argument types are:
&lt;class 'int'&gt;
&lt;class 'str'&gt;</msg>
<arg>${response.status_code}</arg>
<arg>201</arg>
<doc>Fails if objects are unequal after converting them to integers.</doc>
<status status="PASS" start="2026-02-12T06:46:02.946930" elapsed="0.000771"/>
</kw>
<status status="PASS" start="2026-02-12T06:46:02.943028" elapsed="0.005035"/>
</kw>
<kw name="Create User" owner="keywords">
<kw name="Generate Random String" owner="String">
<msg time="2026-02-12T06:46:02.949085" level="INFO">${random} = QXZqH</msg>
<var>${random}</var>
<arg>5</arg>
<doc>Generates a string with a desired ``length`` from the given ``chars``.</doc>
<status status="PASS" start="2026-02-12T06:46:02.948916" elapsed="0.000194"/>
</kw>
<kw name="Set Variable" owner="BuiltIn">
<msg time="2026-02-12T06:46:02.949570" level="INFO">${email} = johnQXZqH@test.com</msg>
<var>${email}</var>
<arg>john${random}@test.com</arg>
<doc>Returns the given values which can then be assigned to a variables.</doc>
<status status="PASS" start="2026-02-12T06:46:02.949225" elapsed="0.000368"/>
</kw>
<kw name="Create Dictionary" owner="BuiltIn">
<msg time="2026-02-12T06:46:02.949999" level="INFO">${body} = {'name': 'John', 'email': 'johnQXZqH@test.com', 'password': '1234'}</msg>
<var>${body}</var>
<arg>name=John</arg>
<arg>email=${email}</arg>
<arg>password=1234</arg>
<doc>Creates and returns a dictionary based on the given ``items``.</doc>
<status status="PASS" start="2026-02-12T06:46:02.949718" elapsed="0.000304"/>
</kw>
<kw name="POST On Session" owner="RequestsLibrary">
<msg time="2026-02-12T06:46:02.954133" level="INFO">POST Request : url=http://127.0.0.1:5000/api/v1/user/register 
 path_url=/api/v1/user/register 
 headers={'User-Agent': 'python-requests/2.32.3', 'Accept-Encoding': 'gzip, deflate', 'Accept': '*/*', 'Connection': 'keep-alive', 'Content-Length': '67', 'Content-Type': 'application/json'} 
 body=b'{"name": "John", "email": "johnQXZqH@test.com", "password": "1234"}' 
 </msg>
<msg time="2026-02-12T06:46:02.954187" level="INFO">POST Response : url=http://127.0.0.1:5000/api/v1/user/register 
 status=201, reason=CREATED 
 headers={'Server': 'Werkzeug/3.1.3 Python/3.13.0', 'Date': 'Thu, 12 Feb 2026 01:16:02 GMT', 'Content-Type': 'application/json', 'Content-Length': '87', 'Connection': 'close'} 
 body={
  "email": "johnQXZqH@test.com",
  "id": 4,
  "name": "John",
  "password": "1234"
}
 
 </msg>
<msg time="2026-02-12T06:46:02.954279" level="INFO">${response} = &lt;Response [201]&gt;</msg>
<var>${response}</var>
<arg>foodie</arg>
<arg>/api/v1/user/register</arg>
<arg>json=${body}</arg>
<doc>Sends a POST request on a previously created HTTP Session.</doc>
<status status="PASS" start="2026-02-12T06:46:02.950106" elapsed="0.004195"/>
</kw>
<kw name="Should Be Equal As Integers" owner="BuiltIn">
<msg time="2026-02-12T06:46:02.954904" level="INFO">Argument types are:
&lt;class 'int'&gt;
&lt;class 'str'&gt;</msg>
<arg>${response.status_code}</arg>
<arg>201</arg>
<doc>Fails if objects are unequal after converting them to integers.</doc>
<status status="PASS" start="2026-02-12T06:46:02.954411" elapsed="0.000601"/>
</kw>
<status status="PASS" start="2026-02-12T06:46:02.948633" elapsed="0.006528"/>
</kw>
<kw name="Create Order" owner="keywords">
<kw name="Create List" owner="BuiltIn">
<msg time="2026-02-12T06:46:02.956215" level="INFO">${dish_list} = ['1']</msg>
<var>${dish_list}</var>
<arg>1</arg>
<doc>Returns a list containing given items.</doc>
<status status="PASS" start="2026-02-12T06:46:02.956008" elapsed="0.000230"/>
</kw>
<kw name="Create Dictionary" owner="BuiltIn">
<msg time="2026-02-12T06:46:02.956617" level="INFO">${body} = {'user_id': '1', 'restaurant_id': '1', 'dishes': ['1']}</msg>
<var>${body}</var>
<arg>user_id=1</arg>
<arg>restaurant_id=1</arg>
<arg>dishes=${dish_list}</arg>
<doc>Creates and returns a dictionary based on the given ``items``.</doc>
<status status="PASS" start="2026-02-12T06:46:02.956333" elapsed="0.000306"/>
</kw>
<kw name="POST On Session" owner="RequestsLibrary">
<msg time="2026-02-12T06:46:02.959468" level="INFO">POST Request : url=http://127.0.0.1:5000/api/v1/orders 
 path_url=/api/v1/orders 
 headers={'User-Agent': 'python-requests/2.32.3', 'Accept-Encoding': 'gzip, deflate', 'Accept': '*/*', 'Connection': 'keep-alive', 'Content-Length': '55', 'Content-Type': 'application/json'} 
 body=b'{"user_id": "1", "restaurant_id": "1", "dishes": ["1"]}' 
 </msg>
<msg time="2026-02-12T06:46:02.959621" level="INFO">POST Response : url=http://127.0.0.1:5000/api/v1/orders 
 status=201, reason=CREATED 
 headers={'Server': 'Werkzeug/3.1.3 Python/3.13.0', 'Date': 'Thu, 12 Feb 2026 01:16:02 GMT', 'Content-Type': 'application/json', 'Content-Length': '105', 'Connection': 'close'} 
 body={
  "dishes": [
    "1"
  ],
  "id": 2,
  "restaurant_id": "1",
  "status": "Placed",
  "user_id": "1"
}
 
 </msg>
<msg time="2026-02-12T06:46:02.959829" level="INFO">${response} = &lt;Response [201]&gt;</msg>
<var>${response}</var>
<arg>foodie</arg>
<arg>/api/v1/orders</arg>
<arg>json=${body}</arg>
<doc>Sends a POST request on a previously created HTTP Session.</doc>
<status status="PASS" start="2026-02-12T06:46:02.956726" elapsed="0.003139"/>
</kw>
<kw name="Should Be Equal As Integers" owner="BuiltIn">
<msg time="2026-02-12T06:46:02.961161" level="INFO">Argument types are:
&lt;class 'int'&gt;
&lt;class 'str'&gt;</msg>
<arg>${response.status_code}</arg>
<arg>201</arg>
<doc>Fails if objects are unequal after converting them to integers.</doc>
<status status="PASS" start="2026-02-12T06:46:02.960182" elapsed="0.001051"/>
</kw>
<status status="PASS" start="2026-02-12T06:46:02.955832" elapsed="0.005505"/>
</kw>
<kw name="GET On Session" owner="RequestsLibrary">
<msg time="2026-02-12T06:46:02.963793" level="INFO">GET Request : url=http://127.0.0.1:5000/api/v1/restaurants/1/orders 
 path_url=/api/v1/restaurants/1/orders 
 headers={'User-Agent': 'python-requests/2.32.3', 'Accept-Encoding': 'gzip, deflate', 'Accept': '*/*', 'Connection': 'keep-alive'} 
 body=None 
 </msg>
<msg time="2026-02-12T06:46:02.963845" level="INFO">GET Response : url=http://127.0.0.1:5000/api/v1/restaurants/1/orders 
 status=200, reason=OK 
 headers={'Server': 'Werkzeug/3.1.3 Python/3.13.0', 'Date': 'Thu, 12 Feb 2026 01:16:02 GMT', 'Content-Type': 'application/json', 'Content-Length': '3', 'Connection': 'close'} 
 body=[]
 
 </msg>
<msg time="2026-02-12T06:46:02.963934" level="INFO">${response} = &lt;Response [200]&gt;</msg>
<var>${response}</var>
<arg>foodie</arg>
<arg>/api/v1/restaurants/1/orders</arg>
<doc>Sends a GET request on a previously created HTTP Session.</doc>
<status status="PASS" start="2026-02-12T06:46:02.961578" elapsed="0.002377"/>
</kw>
<kw name="Should Be Equal As Integers" owner="BuiltIn">
<msg time="2026-02-12T06:46:02.965969" level="INFO">Argument types are:
&lt;class 'int'&gt;
&lt;class 'str'&gt;</msg>
<arg>${response.status_code}</arg>
<arg>200</arg>
<doc>Fails if objects are unequal after converting them to integers.</doc>
<status status="PASS" start="2026-02-12T06:46:02.964288" elapsed="0.002080"/>
</kw>
<status status="PASS" start="2026-02-12T06:46:02.942470" elapsed="0.024380"/>
</test>
<test id="s1-t11" name="Get Orders By User" line="67">
<kw name="Create Restaurant" owner="keywords">
<kw name="Generate Random String" owner="String">
<msg time="2026-02-12T06:46:02.968866" level="INFO">${random} = ocbez</msg>
<var>${random}</var>
<arg>5</arg>
<doc>Generates a string with a desired ``length`` from the given ``chars``.</doc>
<status status="PASS" start="2026-02-12T06:46:02.968678" elapsed="0.000215"/>
</kw>
<kw name="Create List" owner="BuiltIn">
<msg time="2026-02-12T06:46:02.969323" level="INFO">${images} = ['img1.jpg']</msg>
<var>${images}</var>
<arg>img1.jpg</arg>
<doc>Returns a list containing given items.</doc>
<status status="PASS" start="2026-02-12T06:46:02.969003" elapsed="0.000344"/>
</kw>
<kw name="Create Dictionary" owner="BuiltIn">
<msg time="2026-02-12T06:46:02.969857" level="INFO">${body} = {'name': 'Food Hub ocbez', 'category': 'Indian', 'location': 'Hyderabad', 'images': ['img1.jpg'], 'contact': '9876543210'}</msg>
<var>${body}</var>
<arg>name=Food Hub ${random}</arg>
<arg>category=Indian</arg>
<arg>location=Hyderabad</arg>
<arg>images=${images}</arg>
<arg>contact=9876543210</arg>
<doc>Creates and returns a dictionary based on the given ``items``.</doc>
<status status="PASS" start="2026-02-12T06:46:02.969472" elapsed="0.000409"/>
</kw>
<kw name="POST On Session" owner="RequestsLibrary">
<msg time="2026-02-12T06:46:02.972435" level="INFO">POST Request : url=http://127.0.0.1:5000/api/v1/restaurants 
 path_url=/api/v1/restaurants 
 headers={'User-Agent': 'python-requests/2.32.3', 'Accept-Encoding': 'gzip, deflate', 'Accept': '*/*', 'Connection': 'keep-alive', 'Content-Length': '122', 'Content-Type': 'application/json'} 
 body=b'{"name": "Food Hub ocbez", "category": "Indian", "location": "Hyderabad", "images": ["img1.jpg"], "contact": "9876543210"}' 
 </msg>
<msg time="2026-02-12T06:46:02.972559" level="INFO">POST Response : url=http://127.0.0.1:5000/api/v1/restaurants 
 status=201, reason=CREATED 
 headers={'Server': 'Werkzeug/3.1.3 Python/3.13.0', 'Date': 'Thu, 12 Feb 2026 01:16:02 GMT', 'Content-Type': 'application/json', 'Content-Length': '2184', 'Connection': 'close'} 
 body=[
  {
    "approved": true,
    "category": "Indian",
    "contact": "9876543210",
    "enabled": true,
    "id": 1,
    "images": [
      "img1.jpg"
    ],
    "location": "Hyderabad",
    "name": "Food Hub qS65x"
  },
  {
    "approved": true,
    "category": "Indian",
    "contact": "9876543210",
    "enabled": true,
    "id": 2,
    "images": [
      "img1.jpg"
    ],
    "location": "Hyderabad",
    "name": "Food Hub hfH3U"
  },
  {
    "approved": true,
    "category": "Indian",
    "contact": "9876543210",
    "enabled": true,
    "id": 3,
    "images": [
      "img1.jpg"
    ],
    "location": "Hyderabad",
    "name": "Food Hub FISnj"
  },
  {
    "approved": true,
    "category": "Indian",
    "contact": "9876543210",
    "enabled": true,
    "id": 4,
    "images": [
      "img1.jpg"
    ],
    "location": "Hyderabad",
    "name": "Food Hub kRKy5"
  },
  {
    "approved": true,
    "category": "Indian",
    "contact": "9876543210",
    "enabled": true,
    "id": 5,
    "images": [
      "img1.jpg"
    ],
    "location": "Hyderabad",
    "name": "Food Hub NP0so"
  },
  {
    "approved": true,
    "category": "Indian",
    "contact": "9876543210",
    "enabled": true,
    "id": 6,
    "images": [
      "img1.jpg"
    ],
    "location": "Hyderabad",
    "name": "Food Hub EUi8E"
  },
  {
    "approved": true,
    "category": "Indian",
    "contact": "9876543210",
    "enabled": true,
    "id": 7,
    "images": [
      "img1.jpg"
    ],
    "location": "Hyderabad",
    "name": "Food Hub OKwDa"
  },
  {
    "approved": true,
    "category": "Indian",
    "contact": "9876543210",
    "enabled": true,
    "id": 8,
    "images": [
      "img1.jpg"
    ],
    "location": "Hyderabad",
    "name": "Food Hub Jx8xY"
  },
  {
    "approved": true,
    "category": "Indian",
    "contact": "9876543210",
    "enabled": true,
    "id": 9,
    "images": [
      "img1.jpg"
    ],
    "location": "Hyderabad",
    "name": "Food Hub dN2XO"
  },
  {
    "approved": true,
    "category": "Indian",
    "contact": "9876543210",
    "enabled": true,
    "id": 10,
    "images": [
      "img1.jpg"
    ],
    "location": "Hyderabad",
    "name": "Food Hub ocbez"
  }
]
 
 </msg>
<msg time="2026-02-12T06:46:02.972680" level="INFO">${response} = &lt;Response [201]&gt;</msg>
<var>${response}</var>
<arg>foodie</arg>
<arg>/api/v1/restaurants</arg>
<arg>json=${body}</arg>
<doc>Sends a POST request on a previously created HTTP Session.</doc>
<status status="PASS" start="2026-02-12T06:46:02.969981" elapsed="0.002722"/>
</kw>
<kw name="Should Be Equal As Integers" owner="BuiltIn">
<msg time="2026-02-12T06:46:02.973256" level="INFO">Argument types are:
&lt;class 'int'&gt;
&lt;class 'str'&gt;</msg>
<arg>${response.status_code}</arg>
<arg>201</arg>
<doc>Fails if objects are unequal after converting them to integers.</doc>
<status status="PASS" start="2026-02-12T06:46:02.972805" elapsed="0.000543"/>
</kw>
<status status="PASS" start="2026-02-12T06:46:02.968402" elapsed="0.005080"/>
</kw>
<kw name="Create User" owner="keywords">
<kw name="Generate Random String" owner="String">
<msg time="2026-02-12T06:46:02.974463" level="INFO">${random} = ZH6u3</msg>
<var>${random}</var>
<arg>5</arg>
<doc>Generates a string with a desired ``length`` from the given ``chars``.</doc>
<status status="PASS" start="2026-02-12T06:46:02.974327" elapsed="0.000158"/>
</kw>
<kw name="Set Variable" owner="BuiltIn">
<msg time="2026-02-12T06:46:02.975035" level="INFO">${email} = johnZH6u3@test.com</msg>
<var>${email}</var>
<arg>john${random}@test.com</arg>
<doc>Returns the given values which can then be assigned to a variables.</doc>
<status status="PASS" start="2026-02-12T06:46:02.974632" elapsed="0.000425"/>
</kw>
<kw name="Create Dictionary" owner="BuiltIn">
<msg time="2026-02-12T06:46:02.975532" level="INFO">${body} = {'name': 'John', 'email': 'johnZH6u3@test.com', 'password': '1234'}</msg>
<var>${body}</var>
<arg>name=John</arg>
<arg>email=${email}</arg>
<arg>password=1234</arg>
<doc>Creates and returns a dictionary based on the given ``items``.</doc>
<status status="PASS" start="2026-02-12T06:46:02.975162" elapsed="0.000420"/>
</kw>
<kw name="POST On Session" owner="RequestsLibrary">
<msg time="2026-02-12T06:46:02.978598" level="INFO">POST Request : url=http://127.0.0.1:5000/api/v1/user/register 
 path_url=/api/v1/user/register 
 headers={'User-Agent': 'python-requests/2.32.3', 'Accept-Encoding': 'gzip, deflate', 'Accept': '*/*', 'Connection': 'keep-alive', 'Content-Length': '67', 'Content-Type': 'application/json'} 
 body=b'{"name": "John", "email": "johnZH6u3@test.com", "password": "1234"}' 
 </msg>
<msg time="2026-02-12T06:46:02.978655" level="INFO">POST Response : url=http://127.0.0.1:5000/api/v1/user/register 
 status=201, reason=CREATED 
 headers={'Server': 'Werkzeug/3.1.3 Python/3.13.0', 'Date': 'Thu, 12 Feb 2026 01:16:02 GMT', 'Content-Type': 'application/json', 'Content-Length': '87', 'Connection': 'close'} 
 body={
  "email": "johnZH6u3@test.com",
  "id": 5,
  "name": "John",
  "password": "1234"
}
 
 </msg>
<msg time="2026-02-12T06:46:02.978779" level="INFO">${response} = &lt;Response [201]&gt;</msg>
<var>${response}</var>
<arg>foodie</arg>
<arg>/api/v1/user/register</arg>
<arg>json=${body}</arg>
<doc>Sends a POST request on a previously created HTTP Session.</doc>
<status status="PASS" start="2026-02-12T06:46:02.975737" elapsed="0.003072"/>
</kw>
<kw name="Should Be Equal As Integers" owner="BuiltIn">
<msg time="2026-02-12T06:46:02.979379" level="INFO">Argument types are:
&lt;class 'int'&gt;
&lt;class 'str'&gt;</msg>
<arg>${response.status_code}</arg>
<arg>201</arg>
<doc>Fails if objects are unequal after converting them to integers.</doc>
<status status="PASS" start="2026-02-12T06:46:02.978922" elapsed="0.000506"/>
</kw>
<status status="PASS" start="2026-02-12T06:46:02.974131" elapsed="0.005352"/>
</kw>
<kw name="Create Order" owner="keywords">
<kw name="Create List" owner="BuiltIn">
<msg time="2026-02-12T06:46:02.980744" level="INFO">${dish_list} = ['1']</msg>
[...]
 body=b'{"order_id": "1", "rating": "5", "comment": "Excellent"}' 
 </msg>
<msg time="2026-02-12T06:46:03.013048" level="INFO">POST Response : url=http://127.0.0.1:5000/api/v1/ratings 
 status=201, reason=CREATED 
 headers={'Server': 'Werkzeug/3.1.3 Python/3.13.0', 'Date': 'Thu, 12 Feb 2026 01:16:03 GMT', 'Content-Type': 'application/json', 'Content-Length': '65', 'Connection': 'close'} 
 body={
  "comment": "Excellent",
  "order_id": "1",
  "rating": "5"
}
 
 </msg>
<msg time="2026-02-12T06:46:03.013134" level="INFO">${response} = &lt;Response [201]&gt;</msg>
<var>${response}</var>
<arg>foodie</arg>
<arg>/api/v1/ratings</arg>
<arg>json=${body}</arg>
<doc>Sends a POST request on a previously created HTTP Session.</doc>
<status status="PASS" start="2026-02-12T06:46:03.010694" elapsed="0.002462"/>
</kw>
<kw name="Should Be Equal As Integers" owner="BuiltIn">
<msg time="2026-02-12T06:46:03.013883" level="INFO">Argument types are:
&lt;class 'int'&gt;
&lt;class 'str'&gt;</msg>
<arg>${response.status_code}</arg>
<arg>201</arg>
<doc>Fails if objects are unequal after converting them to integers.</doc>
<status status="PASS" start="2026-02-12T06:46:03.013389" elapsed="0.000647"/>
</kw>
<status status="PASS" start="2026-02-12T06:46:02.991420" elapsed="0.023222"/>
</test>
<test id="s1-t13" name="Admin Approve Restaurant" line="85">
<kw name="Create Restaurant" owner="keywords">
<kw name="Generate Random String" owner="String">
<msg time="2026-02-12T06:46:03.016189" level="INFO">${random} = q7s16</msg>
<var>${random}</var>
<arg>5</arg>
<doc>Generates a string with a desired ``length`` from the given ``chars``.</doc>
<status status="PASS" start="2026-02-12T06:46:03.016024" elapsed="0.000192"/>
</kw>
<kw name="Create List" owner="BuiltIn">
<msg time="2026-02-12T06:46:03.016653" level="INFO">${images} = ['img1.jpg']</msg>
<var>${images}</var>
<arg>img1.jpg</arg>
<doc>Returns a list containing given items.</doc>
<status status="PASS" start="2026-02-12T06:46:03.016382" elapsed="0.000313"/>
</kw>
<kw name="Create Dictionary" owner="BuiltIn">
<msg time="2026-02-12T06:46:03.017251" level="INFO">${body} = {'name': 'Food Hub q7s16', 'category': 'Indian', 'location': 'Hyderabad', 'images': ['img1.jpg'], 'contact': '9876543210'}</msg>
<var>${body}</var>
<arg>name=Food Hub ${random}</arg>
<arg>category=Indian</arg>
<arg>location=Hyderabad</arg>
<arg>images=${images}</arg>
<arg>contact=9876543210</arg>
<doc>Creates and returns a dictionary based on the given ``items``.</doc>
<status status="PASS" start="2026-02-12T06:46:03.016801" elapsed="0.000475"/>
</kw>
<kw name="POST On Session" owner="RequestsLibrary">
<msg time="2026-02-12T06:46:03.021049" level="INFO">POST Request : url=http://127.0.0.1:5000/api/v1/restaurants 
 path_url=/api/v1/restaurants 
 headers={'User-Agent': 'python-requests/2.32.3', 'Accept-Encoding': 'gzip, deflate', 'Accept': '*/*', 'Connection': 'keep-alive', 'Content-Length': '122', 'Content-Type': 'application/json'} 
 body=b'{"name": "Food Hub q7s16", "category": "Indian", "location": "Hyderabad", "images": ["img1.jpg"], "contact": "9876543210"}' 
 </msg>
<msg time="2026-02-12T06:46:03.021107" level="INFO">POST Response : url=http://127.0.0.1:5000/api/v1/restaurants 
 status=201, reason=CREATED 
 headers={'Server': 'Werkzeug/3.1.3 Python/3.13.0', 'Date': 'Thu, 12 Feb 2026 01:16:03 GMT', 'Content-Type': 'application/json', 'Content-Length': '2622', 'Connection': 'close'} 
 body=[
  {
    "approved": true,
    "category": "Indian",
    "contact": "9876543210",
    "enabled": true,
    "id": 1,
    "images": [
      "img1.jpg"
    ],
    "location": "Hyderabad",
    "name": "Food Hub qS65x"
  },
  {
    "approved": true,
    "category": "Indian",
    "contact": "9876543210",
    "enabled": true,
    "id": 2,
    "images": [
      "img1.jpg"
    ],
    "location": "Hyderabad",
    "name": "Food Hub hfH3U"
  },
  {
    "approved": true,
    "category": "Indian",
    "contact": "9876543210",
    "enabled": true,
    "id": 3,
    "images": [
      "img1.jpg"
    ],
    "location": "Hyderabad",
    "name": "Food Hub FISnj"
  },
  {
    "approved": true,
    "category": "Indian",
    "contact": "9876543210",
    "enabled": true,
    "id": 4,
    "images": [
      "img1.jpg"
    ],
    "location": "Hyderabad",
    "name": "Food Hub kRKy5"
  },
  {
    "approved": true,
    "category": "Indian",
    "contact": "9876543210",
    "enabled": true,
    "id": 5,
    "images": [
      "img1.jpg"
    ],
    "location": "Hyderabad",
    "name": "Food Hub NP0so"
  },
  {
    "approved": true,
    "category": "Indian",
    "contact": "9876543210",
    "enabled": true,
    "id": 6,
    "images": [
      "img1.jpg"
    ],
    "location": "Hyderabad",
    "name": "Food Hub EUi8E"
  },
  {
    "approved": true,
    "category": "Indian",
    "contact": "9876543210",
    "enabled": true,
    "id": 7,
    "images": [
      "img1.jpg"
    ],
    "location": "Hyderabad",
    "name": "Food Hub OKwDa"
  },
  {
    "approved": true,
    "category": "Indian",
    "contact": "9876543210",
    "enabled": true,
    "id": 8,
    "images": [
      "img1.jpg"
    ],
    "location": "Hyderabad",
    "name": "Food Hub Jx8xY"
  },
  {
    "approved": true,
    "category": "Indian",
    "contact": "9876543210",
    "enabled": true,
    "id": 9,
    "images": [
      "img1.jpg"
    ],
    "location": "Hyderabad",
    "name": "Food Hub dN2XO"
  },
  {
    "approved": true,
    "category": "Indian",
    "contact": "9876543210",
    "enabled": true,
    "id": 10,
    "images": [
      "img1.jpg"
    ],
    "location": "Hyderabad",
    "name": "Food Hub ocbez"
  },
  {
    "approved": true,
    "category": "Indian",
    "contact": "9876543210",
    "enabled": true,
    "id": 11,
    "images": [
      "img1.jpg"
    ],
    "location": "Hyderabad",
    "name": "Food Hub bWje5"
  },
  {
    "approved": true,
    "category": "Indian",
    "contact": "9876543210",
    "enabled": true,
    "id": 12,
    "images": [
      "img1.jpg"
    ],
    "location": "Hyderabad",
    "name": "Food Hub q7s16"
  }
]
 
 </msg>
<msg time="2026-02-12T06:46:03.021233" level="INFO">${response} = &lt;Response [201]&gt;</msg>
<var>${response}</var>
<arg>foodie</arg>
<arg>/api/v1/restaurants</arg>
<arg>json=${body}</arg>
<doc>Sends a POST request on a previously created HTTP Session.</doc>
<status status="PASS" start="2026-02-12T06:46:03.017551" elapsed="0.003724"/>
</kw>
<kw name="Should Be Equal As Integers" owner="BuiltIn">
<msg time="2026-02-12T06:46:03.021856" level="INFO">Argument types are:
&lt;class 'int'&gt;
&lt;class 'str'&gt;</msg>
<arg>${response.status_code}</arg>
<arg>201</arg>
<doc>Fails if objects are unequal after converting them to integers.</doc>
<status status="PASS" start="2026-02-12T06:46:03.021396" elapsed="0.000571"/>
</kw>
<status status="PASS" start="2026-02-12T06:46:03.015800" elapsed="0.006341"/>
</kw>
<kw name="PUT On Session" owner="RequestsLibrary">
<msg time="2026-02-12T06:46:03.025657" level="INFO">PUT Request : url=http://127.0.0.1:5000/api/v1/admin/restaurants/1/approve 
 path_url=/api/v1/admin/restaurants/1/approve 
 headers={'User-Agent': 'python-requests/2.32.3', 'Accept-Encoding': 'gzip, deflate', 'Accept': '*/*', 'Connection': 'keep-alive', 'Content-Length': '0'} 
 body=None 
 </msg>
<msg time="2026-02-12T06:46:03.025723" level="INFO">PUT Response : url=http://127.0.0.1:5000/api/v1/admin/restaurants/1/approve 
 status=200, reason=OK 
 headers={'Server': 'Werkzeug/3.1.3 Python/3.13.0', 'Date': 'Thu, 12 Feb 2026 01:16:03 GMT', 'Content-Type': 'application/json', 'Content-Length': '39', 'Connection': 'close'} 
 body={
  "message": "Restaurant approved"
}
 
 </msg>
<msg time="2026-02-12T06:46:03.025828" level="INFO">${response} = &lt;Response [200]&gt;</msg>
<var>${response}</var>
<arg>foodie</arg>
<arg>/api/v1/admin/restaurants/1/approve</arg>
<doc>Sends a PUT request on a previously created HTTP Session.</doc>
<status status="PASS" start="2026-02-12T06:46:03.022788" elapsed="0.003063"/>
</kw>
<kw name="Should Be Equal As Integers" owner="BuiltIn">
<msg time="2026-02-12T06:46:03.027006" level="INFO">Argument types are:
&lt;class 'int'&gt;
&lt;class 'str'&gt;</msg>
<arg>${response.status_code}</arg>
<arg>200</arg>
<doc>Fails if objects are unequal after converting them to integers.</doc>
<status status="PASS" start="2026-02-12T06:46:03.026210" elapsed="0.000988"/>
</kw>
<status status="PASS" start="2026-02-12T06:46:03.015214" elapsed="0.012398"/>
</test>
<test id="s1-t14" name="Admin Disable Restaurant" line="90">
<kw name="Create Restaurant" owner="keywords">
<kw name="Generate Random String" owner="String">
<msg time="2026-02-12T06:46:03.029268" level="INFO">${random} = 7nHPT</msg>
<var>${random}</var>
<arg>5</arg>
<doc>Generates a string with a desired ``length`` from the given ``chars``.</doc>
<status status="PASS" start="2026-02-12T06:46:03.029092" elapsed="0.000204"/>
</kw>
<kw name="Create List" owner="BuiltIn">
<msg time="2026-02-12T06:46:03.029639" level="INFO">${images} = ['img1.jpg']</msg>
<var>${images}</var>
<arg>img1.jpg</arg>
<doc>Returns a list containing given items.</doc>
<status status="PASS" start="2026-02-12T06:46:03.029390" elapsed="0.000272"/>
</kw>
<kw name="Create Dictionary" owner="BuiltIn">
<msg time="2026-02-12T06:46:03.030148" level="INFO">${body} = {'name': 'Food Hub 7nHPT', 'category': 'Indian', 'location': 'Hyderabad', 'images': ['img1.jpg'], 'contact': '9876543210'}</msg>
<var>${body}</var>
<arg>name=Food Hub ${random}</arg>
<arg>category=Indian</arg>
<arg>location=Hyderabad</arg>
<arg>images=${images}</arg>
<arg>contact=9876543210</arg>
<doc>Creates and returns a dictionary based on the given ``items``.</doc>
<status status="PASS" start="2026-02-12T06:46:03.029757" elapsed="0.000417"/>
</kw>
<kw name="POST On Session" owner="RequestsLibrary">
<msg time="2026-02-12T06:46:03.035427" level="INFO">POST Request : url=http://127.0.0.1:5000/api/v1/restaurants 
 path_url=/api/v1/restaurants 
 headers={'User-Agent': 'python-requests/2.32.3', 'Accept-Encoding': 'gzip, deflate', 'Accept': '*/*', 'Connection': 'keep-alive', 'Content-Length': '122', 'Content-Type': 'application/json'} 
 body=b'{"name": "Food Hub 7nHPT", "category": "Indian", "location": "Hyderabad", "images": ["img1.jpg"], "contact": "9876543210"}' 
 </msg>
<msg time="2026-02-12T06:46:03.035849" level="INFO">POST Response : url=http://127.0.0.1:5000/api/v1/restaurants 
 status=201, reason=CREATED 
 headers={'Server': 'Werkzeug/3.1.3 Python/3.13.0', 'Date': 'Thu, 12 Feb 2026 01:16:03 GMT', 'Content-Type': 'application/json', 'Content-Length': '2841', 'Connection': 'close'} 
 body=[
  {
    "approved": true,
    "category": "Indian",
    "contact": "9876543210",
    "enabled": true,
    "id": 1,
    "images": [
      "img1.jpg"
    ],
    "location": "Hyderabad",
    "name": "Food Hub qS65x"
  },
  {
    "approved": true,
    "category": "Indian",
    "contact": "9876543210",
    "enabled": true,
    "id": 2,
    "images": [
      "img1.jpg"
    ],
    "location": "Hyderabad",
    "name": "Food Hub hfH3U"
  },
  {
    "approved": true,
    "category": "Indian",
    "contact": "9876543210",
    "enabled": true,
    "id": 3,
    "images": [
      "img1.jpg"
    ],
    "location": "Hyderabad",
    "name": "Food Hub FISnj"
  },
  {
    "approved": true,
    "category": "Indian",
    "contact": "9876543210",
    "enabled": true,
    "id": 4,
    "images": [
      "img1.jpg"
    ],
    "location": "Hyderabad",
    "name": "Food Hub kRKy5"
  },
  {
    "approved": true,
    "category": "Indian",
    "contact": "9876543210",
    "enabled": true,
    "id": 5,
    "images": [
      "img1.jpg"
    ],
    "location": "Hyderabad",
    "name": "Food Hub NP0so"
  },
  {
    "approved": true,
    "category": "Indian",
    "contact": "9876543210",
    "enabled": true,
    "id": 6,
    "images": [
      "img1.jpg"
    ],
    "location": "Hyderabad",
    "name": "Food Hub EUi8E"
  },
  {
    "approved": true,
    "category": "Indian",
    "contact": "9876543210",
    "enabled": true,
    "id": 7,
    "images": [
      "img1.jpg"
    ],
    "location": "Hyderabad",
    "name": "Food Hub OKwDa"
  },
  {
    "approved": true,
    "category": "Indian",
    "contact": "9876543210",
    "enabled": true,
    "id": 8,
    "images": [
      "img1.jpg"
    ],
    "location": "Hyderabad",
    "name": "Food Hub Jx8xY"
  },
  {
    "approved": true,
    "category": "Indian",
    "contact": "9876543210",
    "enabled": true,
    "id": 9,
    "images": [
      "img1.jpg"
    ],
    "location": "Hyderabad",
    "name": "Food Hub dN2XO"
  },
  {
    "approved": true,
    "category": "Indian",
    "contact": "9876543210",
    "enabled": true,
    "id": 10,
    "images": [
      "img1.jpg"
    ],
    "location": "Hyderabad",
    "name": "Food Hub ocbez"
  },
  {
    "approved": true,
    "category": "Indian",
    "contact": "9876543210",
    "enabled": true,
    "id": 11,
    "images": [
      "img1.jpg"
    ],
    "location": "Hyderabad",
    "name": "Food Hub bWje5"
  },
  {
    "approved": true,
    "category": "Indian",
    "contact": "9876543210",
    "enabled": true,
    "id": 12,
    "images": [
      "img1.jpg"
    ],
    "location": "Hyderabad",
    "name": "Food Hub q7s16"
  },
  {
    "approved": true,
    "category": "Indian",
    "contact": "9876543210",
    "enabled": true,
    "id": 13,
    "images": [
      "img1.jpg"
    ],
    "location": "Hyderabad",
    "name": "Food Hub 7nHPT"
  }
]
 
 </msg>
<msg time="2026-02-12T06:46:03.036047" level="INFO">${response} = &lt;Response [201]&gt;</msg>
<var>${response}</var>
<arg>foodie</arg>
<arg>/api/v1/restaurants</arg>
<arg>json=${body}</arg>
<doc>Sends a POST request on a previously created HTTP Session.</doc>
<status status="PASS" start="2026-02-12T06:46:03.030286" elapsed="0.005803"/>
</kw>
<kw name="Should Be Equal As Integers" owner="BuiltIn">
<msg time="2026-02-12T06:46:03.037402" level="INFO">Argument types are:
&lt;class 'int'&gt;
&lt;class 'str'&gt;</msg>
<arg>${response.status_code}</arg>
<arg>201</arg>
<doc>Fails if objects are unequal after converting them to integers.</doc>
<status status="PASS" start="2026-02-12T06:46:03.036244" elapsed="0.001232"/>
</kw>
<status status="PASS" start="2026-02-12T06:46:03.028875" elapsed="0.008711"/>
</kw>
<kw name="PUT On Session" owner="RequestsLibrary">
<msg time="2026-02-12T06:46:03.043409" level="INFO">PUT Request : url=http://127.0.0.1:5000/api/v1/admin/restaurants/1/disable 
 path_url=/api/v1/admin/restaurants/1/disable 
 headers={'User-Agent': 'python-requests/2.32.3', 'Accept-Encoding': 'gzip, deflate', 'Accept': '*/*', 'Connection': 'keep-alive', 'Content-Length': '0'} 
 body=None 
 </msg>
<msg time="2026-02-12T06:46:03.043539" level="INFO">PUT Response : url=http://127.0.0.1:5000/api/v1/admin/restaurants/1/disable 
 status=200, reason=OK 
 headers={'Server': 'Werkzeug/3.1.3 Python/3.13.0', 'Date': 'Thu, 12 Feb 2026 01:16:03 GMT', 'Content-Type': 'application/json', 'Content-Length': '39', 'Connection': 'close'} 
 body={
  "message": "Restaurant disabled"
}
 
 </msg>
<msg time="2026-02-12T06:46:03.043753" level="INFO">${response} = &lt;Response [200]&gt;</msg>
<var>${response}</var>
<arg>foodie</arg>
<arg>/api/v1/admin/restaurants/1/disable</arg>
<doc>Sends a PUT request on a previously created HTTP Session.</doc>
<status status="PASS" start="2026-02-12T06:46:03.037968" elapsed="0.005825"/>
</kw>
<kw name="Should Be Equal As Integers" owner="BuiltIn">
<msg time="2026-02-12T06:46:03.045522" level="INFO">Argument types are:
&lt;class 'int'&gt;
&lt;class 'str'&gt;</msg>
<arg>${response.status_code}</arg>
<arg>200</arg>
<doc>Fails if objects are unequal after converting them to integers.</doc>
<status status="PASS" start="2026-02-12T06:46:03.044135" elapsed="0.001463"/>
</kw>
<status status="PASS" start="2026-02-12T06:46:03.028407" elapsed="0.017477"/>
</test>
<test id="s1-t15" name="Admin Get Orders" line="95">
<kw name="GET On Session" owner="RequestsLibrary">
<msg time="2026-02-12T06:46:03.053110" level="INFO">GET Request : url=http://127.0.0.1:5000/api/v1/admin/orders 
 path_url=/api/v1/admin/orders 
 headers={'User-Agent': 'python-requests/2.32.3', 'Accept-Encoding': 'gzip, deflate', 'Accept': '*/*', 'Connection': 'keep-alive'} 
 body=None 
 </msg>
<msg time="2026-02-12T06:46:03.053352" level="INFO">GET Response : url=http://127.0.0.1:5000/api/v1/admin/orders 
 status=200, reason=OK 
 headers={'Server': 'Werkzeug/3.1.3 Python/3.13.0', 'Date': 'Thu, 12 Feb 2026 01:16:03 GMT', 'Content-Type': 'application/json', 'Content-Length': '589', 'Connection': 'close'} 
 body={
  "orders": [
    {
      "dishes": [
        "1"
      ],
      "id": 1,
      "restaurant_id": "1",
      "status": "Placed",
      "user_id": "1"
    },
    {
      "dishes": [
        "1"
      ],
      "id": 2,
      "restaurant_id": "1",
      "status": "Placed",
      "user_id": "1"
    },
    {
      "dishes": [
        "1"
      ],
      "id": 3,
      "restaurant_id": "1",
      "status": "Placed",
      "user_id": "1"
    },
    {
      "dishes": [
        "1"
      ],
      "id": 4,
      "restaurant_id": "1",
      "status": "Placed",
      "user_id": "1"
    }
  ]
}
 
 </msg>
<msg time="2026-02-12T06:46:03.053733" level="INFO">${response} = &lt;Response [200]&gt;</msg>
<var>${response}</var>
<arg>foodie</arg>
<arg>/api/v1/admin/orders</arg>
<doc>Sends a GET request on a previously created HTTP Session.</doc>
<status status="PASS" start="2026-02-12T06:46:03.046846" elapsed="0.006911"/>
</kw>
<kw name="Should Be Equal As Integers" owner="BuiltIn">
<msg time="2026-02-12T06:46:03.055165" level="INFO">Argument types are:
&lt;class 'int'&gt;
&lt;class 'str'&gt;</msg>
<arg>${response.status_code}</arg>
<arg>200</arg>
<doc>Fails if objects are unequal after converting them to integers.</doc>
<status status="PASS" start="2026-02-12T06:46:03.054132" elapsed="0.001341"/>
</kw>
<status status="PASS" start="2026-02-12T06:46:03.046494" elapsed="0.009665"/>
</test>
<test id="s1-t16" name="Admin Get Feedback" line="99">
<kw name="GET On Session" owner="RequestsLibrary">
<msg time="2026-02-12T06:46:03.060061" level="INFO">GET Request : url=http://127.0.0.1:5000/api/v1/admin/feedback 
 path_url=/api/v1/admin/feedback 
 headers={'User-Agent': 'python-requests/2.32.3', 'Accept-Encoding': 'gzip, deflate', 'Accept': '*/*', 'Connection': 'keep-alive'} 
 body=None 
 </msg>
<msg time="2026-02-12T06:46:03.060197" level="INFO">GET Response : url=http://127.0.0.1:5000/api/v1/admin/feedback 
 status=200, reason=OK 
 headers={'Server': 'Werkzeug/3.1.3 Python/3.13.0', 'Date': 'Thu, 12 Feb 2026 01:16:03 GMT', 'Content-Type': 'application/json', 'Content-Length': '22', 'Connection': 'close'} 
 body={
  "feedbacks": []
}
 
 </msg>
<msg time="2026-02-12T06:46:03.060312" level="INFO">${response} = &lt;Response [200]&gt;</msg>
<var>${response}</var>
<arg>foodie</arg>
<arg>/api/v1/admin/feedback</arg>
<doc>Sends a GET request on a previously created HTTP Session.</doc>
<status status="PASS" start="2026-02-12T06:46:03.056953" elapsed="0.003403"/>
</kw>
<kw name="Should Be Equal As Integers" owner="BuiltIn">
<msg time="2026-02-12T06:46:03.061612" level="INFO">Argument types are:
&lt;class 'int'&gt;
&lt;class 'str'&gt;</msg>
<arg>${response.status_code}</arg>
<arg>200</arg>
<doc>Fails if objects are unequal after converting them to integers.</doc>
<status status="PASS" start="2026-02-12T06:46:03.060661" elapsed="0.001208"/>
</kw>
<status status="PASS" start="2026-02-12T06:46:03.056623" elapsed="0.005686"/>
</test>
<status status="PASS" start="2026-02-12T06:46:02.290387" elapsed="0.772730"/>
</suite>
<statistics>
<total>
<stat pass="16" fail="0" skip="0">All Tests</stat>
</total>
<tag>
</tag>
<suite>
<stat name="Restaurant" id="s1" pass="16" fail="0" skip="0">Restaurant</stat>
</suite>
</statistics>
<errors>
</errors>
</robot>
