<?xml version="1.0" encoding="UTF-8"?>
<robot generator="Robot 7.4.1 (Python 3.13.0 on win32)" generated="2026-01-30T18:16:51.645296" rpa="false" schemaversion="5">
<suite id="s1" name="Login" source="C:\Users\Neeraja\Desktop\Wipro_Practice\Day13\Login\Login.robot">
<test id="s1-t1" name="Login Test Using Excel" line="25">
<kw name="Login With Credentials">
<kw name="Open Login Page">
<kw name="Open Browser" owner="SeleniumLibrary">
<msg time="2026-01-30T18:16:52.689973" level="INFO">Opening browser 'chrome' to base url 'https://opensource-demo.orangehrmlive.com/web/index.php/auth/login'.</msg>
<arg>${URL}</arg>
<arg>${BROWSER}</arg>
<doc>Opens a new browser instance to the optional ``url``.</doc>
<status status="PASS" start="2026-01-30T18:16:52.689717" elapsed="6.659934"/>
</kw>
<kw name="Maximize Browser Window" owner="SeleniumLibrary">
<doc>Maximizes current browser window.</doc>
<status status="PASS" start="2026-01-30T18:16:59.349854" elapsed="0.041645"/>
</kw>
<kw name="Wait Until Element Is Visible" owner="SeleniumLibrary">
<arg>xpath=//input[@name='username']</arg>
<arg>10s</arg>
<doc>Waits until the element ``locator`` is visible.</doc>
<status status="PASS" start="2026-01-30T18:16:59.392062" elapsed="0.969147"/>
</kw>
<status status="PASS" start="2026-01-30T18:16:52.688402" elapsed="7.672940"/>
</kw>
<kw name="Input Text" owner="SeleniumLibrary">
<msg time="2026-01-30T18:17:00.361731" level="INFO">Typing text 'Admin' into text field 'xpath=//input[@name='username']'.</msg>
<arg>xpath=//input[@name='username']</arg>
<arg>${username}</arg>
<doc>Types the given ``text`` into the text field identified by ``locator``.</doc>
<status status="PASS" start="2026-01-30T18:17:00.361479" elapsed="0.098591"/>
</kw>
<kw name="Input Text" owner="SeleniumLibrary">
<msg time="2026-01-30T18:17:00.460685" level="INFO">Typing text 'admin123' into text field 'xpath=//input[@name='password']'.</msg>
<arg>xpath=//input[@name='password']</arg>
<arg>${password}</arg>
<doc>Types the given ``text`` into the text field identified by ``locator``.</doc>
<status status="PASS" start="2026-01-30T18:17:00.460336" elapsed="0.117505"/>
</kw>
<kw name="Click Button" owner="SeleniumLibrary">
<msg time="2026-01-30T18:17:00.578276" level="INFO">Clicking button 'xpath=//button[@type='submit']'.</msg>
<arg>xpath=//button[@type='submit']</arg>
<doc>Clicks the button identified by ``locator``.</doc>
<status status="PASS" start="2026-01-30T18:17:00.578046" elapsed="0.095579"/>
</kw>
<kw name="Sleep" owner="BuiltIn">
<msg time="2026-01-30T18:17:03.675176" level="INFO">Slept 3 seconds.</msg>
<arg>3s</arg>
<doc>Pauses the test executed for the given time.</doc>
<status status="PASS" start="2026-01-30T18:17:00.673898" elapsed="3.001430"/>
</kw>
<kw name="Capture Page Screenshot" owner="SeleniumLibrary">
<msg time="2026-01-30T18:17:04.252103" level="INFO" html="true">&lt;/td&gt;&lt;/tr&gt;&lt;tr&gt;&lt;td colspan="3"&gt;&lt;a href="selenium-screenshot-1.png"&gt;&lt;img src="selenium-screenshot-1.png" width="800px"&gt;&lt;/a&gt;</msg>
<doc>Takes a screenshot of the current page and embeds it into a log file.</doc>
<status status="PASS" start="2026-01-30T18:17:03.675721" elapsed="0.576479"/>
</kw>
<kw name="Close Browser" owner="SeleniumLibrary">
<doc>Closes the current browser.</doc>
<status status="PASS" start="2026-01-30T18:17:04.252349" elapsed="2.197777"/>
</kw>
<arg>username=Admin</arg>
<arg>password=admin123</arg>
<status status="PASS" start="2026-01-30T18:16:52.687980" elapsed="13.762288"/>
</kw>
<status status="PASS" start="2026-01-30T18:16:52.686477" elapsed="13.764162"/>
</test>
<test id="s1-t2" name="Login Test Using Excel" line="25">
<kw name="Login With Credentials">
<kw name="Open Login Page">
<kw name="Open Browser" owner="SeleniumLibrary">
<msg time="2026-01-30T18:17:06.453490" level="INFO">Opening browser 'chrome' to base url 'https://opensource-demo.orangehrmlive.com/web/index.php/auth/login'.</msg>
<arg>${URL}</arg>
<arg>${BROWSER}</arg>
<doc>Opens a new browser instance to the optional ``url``.</doc>
<status status="PASS" start="2026-01-30T18:17:06.453266" elapsed="6.397611"/>
</kw>
<kw name="Maximize Browser Window" owner="SeleniumLibrary">
<doc>Maximizes current browser window.</doc>
<status status="PASS" start="2026-01-30T18:17:12.851081" elapsed="0.049104"/>
</kw>
<kw name="Wait Until Element Is Visible" owner="SeleniumLibrary">
<arg>xpath=//input[@name='username']</arg>
<arg>10s</arg>
<doc>Waits until the element ``locator`` is visible.</doc>
<status status="PASS" start="2026-01-30T18:17:12.900347" elapsed="0.689480"/>
</kw>
<status status="PASS" start="2026-01-30T18:17:06.453000" elapsed="7.136947"/>
</kw>
<kw name="Input Text" owner="SeleniumLibrary">
<msg time="2026-01-30T18:17:13.590290" level="INFO">Typing text 'Admin' into text field 'xpath=//input[@name='username']'.</msg>
<arg>xpath=//input[@name='username']</arg>
<arg>${username}</arg>
<doc>Types the given ``text`` into the text field identified by ``locator``.</doc>
<status status="PASS" start="2026-01-30T18:17:13.590069" elapsed="0.100400"/>
</kw>
<kw name="Input Text" owner="SeleniumLibrary">
<msg time="2026-01-30T18:17:13.690967" level="INFO">Typing text 'wrongpass' into text field 'xpath=//input[@name='password']'.</msg>
<arg>xpath=//input[@name='password']</arg>
<arg>${password}</arg>
<doc>Types the given ``text`` into the text field identified by ``locator``.</doc>
<status status="PASS" start="2026-01-30T18:17:13.690668" elapsed="0.119646"/>
</kw>
<kw name="Click Button" owner="SeleniumLibrary">
<msg time="2026-01-30T18:17:13.810710" level="INFO">Clicking button 'xpath=//button[@type='submit']'.</msg>
<arg>xpath=//button[@type='submit']</arg>
<doc>Clicks the button identified by ``locator``.</doc>
<status status="PASS" start="2026-01-30T18:17:13.810492" elapsed="2.075739"/>
</kw>
<kw name="Sleep" owner="BuiltIn">
<msg time="2026-01-30T18:17:18.887422" level="INFO">Slept 3 seconds.</msg>
<arg>3s</arg>
<doc>Pauses the test executed for the given time.</doc>
<status status="PASS" start="2026-01-30T18:17:15.886568" elapsed="3.001194"/>
</kw>
<kw name="Capture Page Screenshot" owner="SeleniumLibrary">
<msg time="2026-01-30T18:17:19.012971" level="INFO" html="true">&lt;/td&gt;&lt;/tr&gt;&lt;tr&gt;&lt;td colspan="3"&gt;&lt;a href="selenium-screenshot-2.png"&gt;&lt;img src="selenium-screenshot-2.png" width="800px"&gt;&lt;/a&gt;</msg>
<doc>Takes a screenshot of the current page and embeds it into a log file.</doc>
<status status="PASS" start="2026-01-30T18:17:18.888181" elapsed="0.124897"/>
</kw>
<kw name="Close Browser" owner="SeleniumLibrary">
<doc>Closes the current browser.</doc>
<status status="PASS" start="2026-01-30T18:17:19.013227" elapsed="2.254431"/>
</kw>
<arg>username=Admin</arg>
<arg>password=wrongpass</arg>
<status status="PASS" start="2026-01-30T18:17:06.452671" elapsed="14.815151"/>
</kw>
<status status="PASS" start="2026-01-30T18:17:06.451320" elapsed="14.816899"/>
</test>
<status status="PASS" start="2026-01-30T18:16:51.646953" elapsed="29.622252"/>
</suite>
<statistics>
<total>
<stat pass="2" fail="0" skip="0">All Tests</stat>
</total>
<tag>
</tag>
<suite>
<stat name="Login" id="s1" pass="2" fail="0" skip="0">Login</stat>
</suite>
</statistics>
<errors>
<msg time="2026-01-30T18:17:06.451449" level="WARN">Multiple tests with name 'Login Test Using Excel' executed in suite 'Login'.</msg>
</errors>
</robot>
