<?xml version="1.0" encoding="UTF-8"?>
<robot generator="Robot 7.4.1 (Python 3.13.0 on win32)" generated="2026-02-07T18:09:09.306535" rpa="false" schemaversion="5">
<suite id="s1" name="Testcase Flask" source="C:\Users\Neeraja\Desktop\Wipro_Practice\Day14\Testcase_Flask\Testcase_Flask.robot">
<test id="s1-t1" name="Verify Get_User" line="9">
<kw name="Create Session" owner="RequestsLibrary">
<msg time="2026-02-07T18:09:09.458306" level="INFO">Creating Session using : alias=mysession, url=http://127.0.0.1:5000, headers={},                     cookies={}, auth=None, timeout=None, proxies=None, verify=False,                     debug=0 </msg>
<arg>mysession</arg>
<arg>${baseurl}</arg>
<doc>Create Session: create a HTTP session to a server</doc>
<status status="PASS" start="2026-02-07T18:09:09.458116" elapsed="0.000374"/>
</kw>
<kw name="GET On Session" owner="RequestsLibrary">
<msg time="2026-02-07T18:09:09.464359" level="INFO">GET Request : url=http://127.0.0.1:5000/users 
 path_url=/users 
 headers={'User-Agent': 'python-requests/2.32.5', 'Accept-Encoding': 'gzip, deflate', 'Accept': '*/*', 'Connection': 'keep-alive'} 
 body=None 
 </msg>
<msg time="2026-02-07T18:09:09.464472" level="INFO">GET Response : url=http://127.0.0.1:5000/users 
 status=200, reason=OK 
 headers={'Server': 'Werkzeug/3.1.3 Python/3.13.0', 'Date': 'Sat, 07 Feb 2026 12:39:09 GMT', 'Content-Type': 'application/json', 'Content-Length': '69', 'Connection': 'close'} 
 body=[{"id":1,"name":"beem"},{"id":2,"name":"ram"},{"id":3,"name":"Dee"}]
 
 </msg>
<msg time="2026-02-07T18:09:09.464599" level="INFO">${response} = &lt;Response [200]&gt;</msg>
<var>${response}</var>
<arg>mysession</arg>
<arg>/users</arg>
<doc>Sends a GET request on a previously created HTTP Session.</doc>
<status status="PASS" start="2026-02-07T18:09:09.458747" elapsed="0.005877"/>
</kw>
<kw name="Status Should Be" owner="RequestsLibrary">
<arg>200</arg>
<arg>${response}</arg>
<doc>Fails if response status code is different than the expected.</doc>
<status status="PASS" start="2026-02-07T18:09:09.464883" elapsed="0.000311"/>
</kw>
<kw name="To Json" owner="RequestsLibrary">
<msg time="2026-02-07T18:09:09.465806" level="WARN">Keyword 'RequestsLibrary.To Json' is deprecated. Please use ${resp.json()} instead. Have a look at the improved HTML output as pretty printing replacement.</msg>
<msg time="2026-02-07T18:09:09.466558" level="INFO">To JSON using : content=[{"id":1,"name":"beem"},{"id":2,"name":"ram"},{"id":3,"name":"Dee"}]
 </msg>
<msg time="2026-02-07T18:09:09.466589" level="INFO">To JSON using : pretty_print=False </msg>
<msg time="2026-02-07T18:09:09.466668" level="INFO">${res_jon} = [{'id': 1, 'name': 'beem'}, {'id': 2, 'name': 'ram'}, {'id': 3, 'name': 'Dee'}]</msg>
<var>${res_jon}</var>
<arg>${response.content}</arg>
<doc>*DEPRECATED* Please use ${resp.json()} instead. Have a look at the improved HTML output as pretty printing replacement.</doc>
<status status="PASS" start="2026-02-07T18:09:09.465722" elapsed="0.000968"/>
</kw>
<kw name="Log" owner="BuiltIn">
<msg time="2026-02-07T18:09:09.467316" level="INFO">[{'id': 1, 'name': 'beem'}, {'id': 2, 'name': 'ram'}, {'id': 3, 'name': 'Dee'}]=</msg>
<arg>${res_jon}=</arg>
<arg>console=True</arg>
<doc>Logs the given message with the given level.</doc>
<status status="PASS" start="2026-02-07T18:09:09.466959" elapsed="0.000516"/>
</kw>
<status status="PASS" start="2026-02-07T18:09:09.457153" elapsed="0.010584"/>
</test>
<test id="s1-t2" name="Verify single_User" line="16">
<kw name="Create Session" owner="RequestsLibrary">
<msg time="2026-02-07T18:09:09.469118" level="INFO">Creating Session using : alias=mysession, url=http://127.0.0.1:5000, headers={},                     cookies={}, auth=None, timeout=None, proxies=None, verify=False,                     debug=0 </msg>
<arg>mysession</arg>
<arg>${baseurl}</arg>
<doc>Create Session: create a HTTP session to a server</doc>
<status status="PASS" start="2026-02-07T18:09:09.468950" elapsed="0.001212"/>
</kw>
<kw name="GET On Session" owner="RequestsLibrary">
<msg time="2026-02-07T18:09:09.475299" level="INFO">GET Request : url=http://127.0.0.1:5000/users/1 
 path_url=/users/1 
 headers={'User-Agent': 'python-requests/2.32.5', 'Accept-Encoding': 'gzip, deflate', 'Accept': '*/*', 'Connection': 'keep-alive'} 
 body=None 
 </msg>
<msg time="2026-02-07T18:09:09.475414" level="INFO">GET Response : url=http://127.0.0.1:5000/users/1 
 status=200, reason=OK 
 headers={'Server': 'Werkzeug/3.1.3 Python/3.13.0', 'Date': 'Sat, 07 Feb 2026 12:39:09 GMT', 'Content-Type': 'application/json', 'Content-Length': '23', 'Connection': 'close'} 
 body={"id":1,"name":"beem"}
 
 </msg>
<msg time="2026-02-07T18:09:09.475596" level="INFO">${response} = &lt;Response [200]&gt;</msg>
<var>${response}</var>
<arg>mysession</arg>
<arg>/users/1</arg>
<doc>Sends a GET request on a previously created HTTP Session.</doc>
<status status="PASS" start="2026-02-07T18:09:09.470755" elapsed="0.004886"/>
</kw>
<kw name="Status Should Be" owner="RequestsLibrary">
<arg>200</arg>
<arg>${response}</arg>
<doc>Fails if response status code is different than the expected.</doc>
<status status="PASS" start="2026-02-07T18:09:09.475964" elapsed="0.000275"/>
</kw>
<kw name="To Json" owner="RequestsLibrary">
<msg time="2026-02-07T18:09:09.476949" level="WARN">Keyword 'RequestsLibrary.To Json' is deprecated. Please use ${resp.json()} instead. Have a look at the improved HTML output as pretty printing replacement.</msg>
<msg time="2026-02-07T18:09:09.477617" level="INFO">To JSON using : content={"id":1,"name":"beem"}
 </msg>
<msg time="2026-02-07T18:09:09.477645" level="INFO">To JSON using : pretty_print=False </msg>
<msg time="2026-02-07T18:09:09.477713" level="INFO">${res_jon} = {'id': 1, 'name': 'beem'}</msg>
<var>${res_jon}</var>
<arg>${response.content}</arg>
<doc>*DEPRECATED* Please use ${resp.json()} instead. Have a look at the improved HTML output as pretty printing replacement.</doc>
<status status="PASS" start="2026-02-07T18:09:09.476902" elapsed="0.000831"/>
</kw>
<kw name="Log" owner="BuiltIn">
<msg time="2026-02-07T18:09:09.478273" level="INFO">{'id': 1, 'name': 'beem'}=</msg>
<arg>${res_jon}=</arg>
<arg>console=True</arg>
<doc>Logs the given message with the given level.</doc>
<status status="PASS" start="2026-02-07T18:09:09.477955" elapsed="0.000524"/>
</kw>
<status status="PASS" start="2026-02-07T18:09:09.468373" elapsed="0.010333"/>
</test>
<test id="s1-t3" name="Verify" line="28">
<kw name="Create New_User">
<msg time="2026-02-07T18:09:09.480231" level="FAIL">No keyword with name 'Create New_User' found.</msg>
<status status="FAIL" start="2026-02-07T18:09:09.480198" elapsed="0.000073">No keyword with name 'Create New_User' found.</status>
</kw>
<kw name="Create Dictionary" owner="BuiltIn">
<var>${data}</var>
<arg>name=arjun</arg>
<doc>Creates and returns a dictionary based on the given ``items``.</doc>
<status status="NOT RUN" start="2026-02-07T18:09:09.480493" elapsed="0.000019"/>
</kw>
<kw name="Create Session" owner="RequestsLibrary">
<arg>mysession</arg>
<arg>${baseurl}</arg>
<doc>Create Session: create a HTTP session to a server</doc>
<status status="NOT RUN" start="2026-02-07T18:09:09.480704" elapsed="0.000018"/>
</kw>
<kw name="POST On Session" owner="RequestsLibrary">
<var>${response}</var>
<arg>mysession</arg>
<arg>/users</arg>
<arg>json=${data}</arg>
<doc>Sends a POST request on a previously created HTTP Session.</doc>
<status status="NOT RUN" start="2026-02-07T18:09:09.480905" elapsed="0.000017"/>
</kw>
<kw name="Status Should Be" owner="RequestsLibrary">
<arg>201</arg>
<arg>${response}</arg>
<doc>Fails if response status code is different than the expected.</doc>
<status status="NOT RUN" start="2026-02-07T18:09:09.481110" elapsed="0.000017"/>
</kw>
<kw name="To Json" owner="RequestsLibrary">
<msg time="2026-02-07T18:09:09.481328" level="WARN">Keyword 'RequestsLibrary.To Json' is deprecated. Please use ${resp.json()} instead. Have a look at the improved HTML output as pretty printing replacement.</msg>
<var>${res_jon}</var>
<arg>${response.content}</arg>
<doc>*DEPRECATED* Please use ${resp.json()} instead. Have a look at the improved HTML output as pretty printing replacement.</doc>
<status status="NOT RUN" start="2026-02-07T18:09:09.481295" elapsed="0.000600"/>
</kw>
<kw name="Log" owner="BuiltIn">
<arg>${res_jon}=</arg>
<arg>console=True</arg>
<doc>Logs the given message with the given level.</doc>
<status status="NOT RUN" start="2026-02-07T18:09:09.482126" elapsed="0.000018"/>
</kw>
<status status="FAIL" start="2026-02-07T18:09:09.479237" elapsed="0.003160">No keyword with name 'Create New_User' found.</status>
</test>
<test id="s1-t4" name="Verify Update User" line="36">
<kw name="Create Dictionary" owner="BuiltIn">
<msg time="2026-02-07T18:09:09.483761" level="INFO">${data} = {'name': 'karna'}</msg>
<var>${data}</var>
<arg>name=karna</arg>
<doc>Creates and returns a dictionary based on the given ``items``.</doc>
<status status="PASS" start="2026-02-07T18:09:09.483421" elapsed="0.000363"/>
</kw>
<kw name="Create Session" owner="RequestsLibrary">
<msg time="2026-02-07T18:09:09.484105" level="INFO">Creating Session using : alias=mysession, url=http://127.0.0.1:5000, headers={},                     cookies={}, auth=None, timeout=None, proxies=None, verify=False,                     debug=0 </msg>
<arg>mysession</arg>
<arg>${baseurl}</arg>
<doc>Create Session: create a HTTP session to a server</doc>
<status status="PASS" start="2026-02-07T18:09:09.483996" elapsed="0.000222"/>
</kw>
<kw name="PUT On Session" owner="RequestsLibrary">
<msg time="2026-02-07T18:09:09.488839" level="INFO">PUT Request : url=http://127.0.0.1:5000/users/1 
 path_url=/users/1 
 headers={'User-Agent': 'python-requests/2.32.5', 'Accept-Encoding': 'gzip, deflate', 'Accept': '*/*', 'Connection': 'keep-alive', 'Content-Length': '17', 'Content-Type': 'application/json'} 
 body=b'{"name": "karna"}' 
 </msg>
<msg time="2026-02-07T18:09:09.488905" level="INFO">PUT Response : url=http://127.0.0.1:5000/users/1 
 status=200, reason=OK 
 headers={'Server': 'Werkzeug/3.1.3 Python/3.13.0', 'Date': 'Sat, 07 Feb 2026 12:39:09 GMT', 'Content-Type': 'application/json', 'Content-Length': '24', 'Connection': 'close'} 
 body={"id":1,"name":"karna"}
 
 </msg>
<msg time="2026-02-07T18:09:09.489084" level="INFO">${response} = &lt;Response [200]&gt;</msg>
<var>${response}</var>
<arg>mysession</arg>
<arg>/users/1</arg>
<arg>json=${data}</arg>
<doc>Sends a PUT request on a previously created HTTP Session.</doc>
<status status="PASS" start="2026-02-07T18:09:09.484453" elapsed="0.004661"/>
</kw>
<kw name="Status Should Be" owner="RequestsLibrary">
<arg>200</arg>
<arg>${response}</arg>
<doc>Fails if response status code is different than the expected.</doc>
<status status="PASS" start="2026-02-07T18:09:09.489610" elapsed="0.000166"/>
</kw>
<kw name="To Json" owner="RequestsLibrary">
<msg time="2026-02-07T18:09:09.490081" level="WARN">Keyword 'RequestsLibrary.To Json' is deprecated. Please use ${resp.json()} instead. Have a look at the improved HTML output as pretty printing replacement.</msg>
<msg time="2026-02-07T18:09:09.491009" level="INFO">To JSON using : content={"id":1,"name":"karna"}
 </msg>
<msg time="2026-02-07T18:09:09.491037" level="INFO">To JSON using : pretty_print=False </msg>
<msg time="2026-02-07T18:09:09.491106" level="INFO">${res_jon} = {'id': 1, 'name': 'karna'}</msg>
<var>${res_jon}</var>
<arg>${response.content}</arg>
<doc>*DEPRECATED* Please use ${resp.json()} instead. Have a look at the improved HTML output as pretty printing replacement.</doc>
<status status="PASS" start="2026-02-07T18:09:09.490029" elapsed="0.001096"/>
</kw>
<kw name="Log" owner="BuiltIn">
<msg time="2026-02-07T18:09:09.491637" level="INFO">{'id': 1, 'name': 'karna'}=</msg>
<arg>${res_jon}=</arg>
<arg>console=True</arg>
<doc>Logs the given message with the given level.</doc>
<status status="PASS" start="2026-02-07T18:09:09.491334" elapsed="0.000481"/>
</kw>
<status status="PASS" start="2026-02-07T18:09:09.483105" elapsed="0.008939"/>
</test>
<test id="s1-t5" name="Verify Patch User" line="44">
<kw name="Create Dictionary" owner="BuiltIn">
<msg time="2026-02-07T18:09:09.493183" level="INFO">${data} = {'name': 'bheem'}</msg>
<var>${data}</var>
<arg>name=bheem</arg>
<doc>Creates and returns a dictionary based on the given ``items``.</doc>
<status status="PASS" start="2026-02-07T18:09:09.492935" elapsed="0.000271"/>
</kw>
<kw name="Create Session" owner="RequestsLibrary">
<msg time="2026-02-07T18:09:09.493540" level="INFO">Creating Session using : alias=mysession, url=http://127.0.0.1:5000, headers={},                     cookies={}, auth=None, timeout=None, proxies=None, verify=False,                     debug=0 </msg>
<arg>mysession</arg>
<arg>${baseurl}</arg>
<doc>Create Session: create a HTTP session to a server</doc>
<status status="PASS" start="2026-02-07T18:09:09.493439" elapsed="0.000209"/>
</kw>
<kw name="PATCH On Session" owner="RequestsLibrary">
<msg time="2026-02-07T18:09:09.496231" level="INFO">PATCH Request : url=http://127.0.0.1:5000/users/1 
 path_url=/users/1 
 headers={'User-Agent': 'python-requests/2.32.5', 'Accept-Encoding': 'gzip, deflate', 'Accept': '*/*', 'Connection': 'keep-alive', 'Content-Length': '17', 'Content-Type': 'application/json'} 
 body=b'{"name": "bheem"}' 
 </msg>
<msg time="2026-02-07T18:09:09.496281" level="INFO">PATCH Response : url=http://127.0.0.1:5000/users/1 
 status=200, reason=OK 
 headers={'Server': 'Werkzeug/3.1.3 Python/3.13.0', 'Date': 'Sat, 07 Feb 2026 12:39:09 GMT', 'Content-Type': 'application/json', 'Content-Length': '24', 'Connection': 'close'} 
 body={"id":1,"name":"bheem"}
 
 </msg>
<msg time="2026-02-07T18:09:09.496395" level="INFO">${response} = &lt;Response [200]&gt;</msg>
<var>${response}</var>
<arg>mysession</arg>
<arg>/users/1</arg>
<arg>json=${data}</arg>
<doc>Sends a PATCH request on a previously created HTTP Session.</doc>
<status status="PASS" start="2026-02-07T18:09:09.493872" elapsed="0.002544"/>
</kw>
<kw name="Status Should Be" owner="RequestsLibrary">
<arg>200</arg>
<arg>${response}</arg>
<doc>Fails if response status code is different than the expected.</doc>
<status status="PASS" start="2026-02-07T18:09:09.496649" elapsed="0.000150"/>
</kw>
<kw name="To Json" owner="RequestsLibrary">
<msg time="2026-02-07T18:09:09.497011" level="WARN">Keyword 'RequestsLibrary.To Json' is deprecated. Please use ${resp.json()} instead. Have a look at the improved HTML output as pretty printing replacement.</msg>
<msg time="2026-02-07T18:09:09.498101" level="INFO">To JSON using : content={"id":1,"name":"bheem"}
 </msg>
<msg time="2026-02-07T18:09:09.498128" level="INFO">To JSON using : pretty_print=False </msg>
<msg time="2026-02-07T18:09:09.498192" level="INFO">${res_jon} = {'id': 1, 'name': 'bheem'}</msg>
<var>${res_jon}</var>
<arg>${response.content}</arg>
<doc>*DEPRECATED* Please use ${resp.json()} instead. Have a look at the improved HTML output as pretty printing replacement.</doc>
<status status="PASS" start="2026-02-07T18:09:09.496991" elapsed="0.001220"/>
</kw>
<kw name="Log" owner="BuiltIn">
<msg time="2026-02-07T18:09:09.498741" level="INFO">{'id': 1, 'name': 'bheem'}=</msg>
<arg>${res_jon}=</arg>
<arg>console=True</arg>
<doc>Logs the given message with the given level.</doc>
<status status="PASS" start="2026-02-07T18:09:09.498459" elapsed="0.000464"/>
</kw>
<status status="PASS" start="2026-02-07T18:09:09.492610" elapsed="0.006560"/>
</test>
<test id="s1-t6" name="Verify Delete User by user id" line="51">
<kw name="Create Dictionary" owner="BuiltIn">
<msg time="2026-02-07T18:09:09.500359" level="INFO">${data} = {'name': 'bheem'}</msg>
<var>${data}</var>
<arg>name=bheem</arg>
<doc>Creates and returns a dictionary based on the given ``items``.</doc>
<status status="PASS" start="2026-02-07T18:09:09.500122" elapsed="0.000259"/>
</kw>
<kw name="Create Session" owner="RequestsLibrary">
<msg time="2026-02-07T18:09:09.500673" level="INFO">Creating Session using : alias=mysession, url=http://127.0.0.1:5000, headers={},                     cookies={}, auth=None, timeout=None, proxies=None, verify=False,                     debug=0 </msg>
<arg>mysession</arg>
<arg>${baseurl}</arg>
<doc>Create Session: create a HTTP session to a server</doc>
<status status="PASS" start="2026-02-07T18:09:09.500574" elapsed="0.000306"/>
</kw>
<kw name="DELETE On Session" owner="RequestsLibrary">
<msg time="2026-02-07T18:09:09.504912" level="INFO">DELETE Request : url=http://127.0.0.1:5000/users/11 
 path_url=/users/11 
 headers={'User-Agent': 'python-requests/2.32.5', 'Accept-Encoding': 'gzip, deflate', 'Accept': '*/*', 'Connection': 'keep-alive', 'Content-Length': '17', 'Content-Type': 'application/json'} 
 body=b'{"name": "bheem"}' 
 </msg>
<msg time="2026-02-07T18:09:09.505084" level="INFO">DELETE Response : url=http://127.0.0.1:5000/users/11 
 status=404, reason=NOT FOUND 
 headers={'Server': 'Werkzeug/3.1.3 Python/3.13.0', 'Date': 'Sat, 07 Feb 2026 12:39:09 GMT', 'Content-Type': 'application/json', 'Content-Length': '27', 'Connection': 'close'} 
 body={"error":"user not found"}
 
 </msg>
<msg time="2026-02-07T18:09:09.505274" level="FAIL">HTTPError: 404 Client Error: NOT FOUND for url: http://127.0.0.1:5000/users/11</msg>
<var>${response}</var>
<arg>mysession</arg>
<arg>/users/11</arg>
<arg>json=${data}</arg>
<doc>Sends a DELETE request on a previously created HTTP Session.</doc>
<status status="FAIL" start="2026-02-07T18:09:09.501135" elapsed="0.038799">HTTPError: 404 Client Error: NOT FOUND for url: http://127.0.0.1:5000/users/11</status>
</kw>
<kw name="Status Should Be" owner="RequestsLibrary">
<arg>200</arg>
<arg>${response}</arg>
<doc>Fails if response status code is different than the expected.</doc>
<status status="NOT RUN" start="2026-02-07T18:09:09.540305" elapsed="0.000027"/>
</kw>
<kw name="To Json" owner="RequestsLibrary">
<msg time="2026-02-07T18:09:09.540582" level="WARN">Keyword 'RequestsLibrary.To Json' is deprecated. Please use ${resp.json()} instead. Have a look at the improved HTML output as pretty printing replacement.</msg>
<var>${res_jon}</var>
<arg>${response.content}</arg>
<doc>*DEPRECATED* Please use ${resp.json()} instead. Have a look at the improved HTML output as pretty printing replacement.</doc>
<status status="NOT RUN" start="2026-02-07T18:09:09.540557" elapsed="0.000539"/>
</kw>
<kw name="Log" owner="BuiltIn">
<arg>${res_jon}=</arg>
<arg>console=True</arg>
<doc>Logs the given message with the given level.</doc>
<status status="NOT RUN" start="2026-02-07T18:09:09.541372" elapsed="0.000019"/>
</kw>
<status status="FAIL" start="2026-02-07T18:09:09.499789" elapsed="0.041964">HTTPError: 404 Client Error: NOT FOUND for url: http://127.0.0.1:5000/users/11</status>
</test>
<status status="FAIL" start="2026-02-07T18:09:09.307840" elapsed="0.234989"/>
</suite>
<statistics>
<total>
<stat pass="4" fail="2" skip="0">All Tests</stat>
</total>
<tag>
</tag>
<suite>
<stat name="Testcase Flask" id="s1" pass="4" fail="2" skip="0">Testcase Flask</stat>
</suite>
</statistics>
<errors>
<msg time="2026-02-07T18:09:09.465806" level="WARN">Keyword 'RequestsLibrary.To Json' is deprecated. Please use ${resp.json()} instead. Have a look at the improved HTML output as pretty printing replacement.</msg>
<msg time="2026-02-07T18:09:09.476949" level="WARN">Keyword 'RequestsLibrary.To Json' is deprecated. Please use ${resp.json()} instead. Have a look at the improved HTML output as pretty printing replacement.</msg>
<msg time="2026-02-07T18:09:09.481328" level="WARN">Keyword 'RequestsLibrary.To Json' is deprecated. Please use ${resp.json()} instead. Have a look at the improved HTML output as pretty printing replacement.</msg>
<msg time="2026-02-07T18:09:09.490081" level="WARN">Keyword 'RequestsLibrary.To Json' is deprecated. Please use ${resp.json()} instead. Have a look at the improved HTML output as pretty printing replacement.</msg>
<msg time="2026-02-07T18:09:09.497011" level="WARN">Keyword 'RequestsLibrary.To Json' is deprecated. Please use ${resp.json()} instead. Have a look at the improved HTML output as pretty printing replacement.</msg>
<msg time="2026-02-07T18:09:09.540582" level="WARN">Keyword 'RequestsLibrary.To Json' is deprecated. Please use ${resp.json()} instead. Have a look at the improved HTML output as pretty printing replacement.</msg>
</errors>
</robot>
