<?xml version="1.0" encoding="UTF-8"?>
<robot generator="Robot 7.4.1 (Python 3.13.0 on win32)" generated="2026-02-02T19:43:26.961009" rpa="false" schemaversion="5">
<suite id="s1" name="Testcase 1" source="C:\Users\Neeraja\Desktop\Wipro_Practice\Day12\Testcase_1.robot">
<test id="s1-t1" name="Verify Google" line="5">
<kw name="Open Browser" owner="SeleniumLibrary">
<msg time="2026-02-02T19:43:27.223183" level="INFO">Opening browser 'chrome' to base url 'https://www.google.com'.</msg>
<arg>https://www.google.com</arg>
<arg>chrome</arg>
<doc>Opens a new browser instance to the optional ``url``.</doc>
<status status="PASS" start="2026-02-02T19:43:27.222932" elapsed="4.275731"/>
</kw>
<kw name="Maximize Browser Window" owner="SeleniumLibrary">
<doc>Maximizes current browser window.</doc>
<status status="PASS" start="2026-02-02T19:43:31.499158" elapsed="0.045072"/>
</kw>
<kw name="Title Should Be" owner="SeleniumLibrary">
<msg time="2026-02-02T19:43:31.564785" level="INFO">Page title is 'Google'.</msg>
<arg>Google</arg>
<doc>Verifies that the current page title equals ``title``.</doc>
<status status="PASS" start="2026-02-02T19:43:31.544838" elapsed="0.020128"/>
</kw>
<kw name="Close Browser" owner="SeleniumLibrary">
<doc>Closes the current browser.</doc>
<status status="PASS" start="2026-02-02T19:43:31.565324" elapsed="2.197518"/>
</kw>
<status status="PASS" start="2026-02-02T19:43:27.221801" elapsed="6.541478"/>
</test>
<status status="PASS" start="2026-02-02T19:43:26.962384" elapsed="6.802247"/>
</suite>
<statistics>
<total>
<stat pass="1" fail="0" skip="0">All Tests</stat>
</total>
<tag>
</tag>
<suite>
<stat name="Testcase 1" id="s1" pass="1" fail="0" skip="0">Testcase 1</stat>
</suite>
</statistics>
<errors>
</errors>
</robot>
